#
# There is insufficient memory for the Java Runtime Environment to continue.
# Native memory allocation (malloc) failed to allocate 1246896 bytes. Error detail: Chunk::new
# Possible reasons:
#   The system is out of physical RAM or swap space
#   This process is running with CompressedOops enabled, and the Java Heap may be blocking the growth of the native heap
# Possible solutions:
#   Reduce memory load on the system
#   Increase physical memory or swap space
#   Check if swap backing store is full
#   Decrease Java heap size (-Xmx/-Xms)
#   Decrease number of Java threads
#   Decrease Java thread stack sizes (-Xss)
#   Set larger code cache with -XX:ReservedCodeCacheSize=
#   JVM is running with Unscaled Compressed Oops mode in which the Java heap is
#     placed in the first 4GB address space. The Java Heap base address is the
#     maximum limit for the native heap growth. Please use -XX:HeapBaseMinAddress
#     to set the Java Heap base and to place the Java Heap above 4GB virtual address.
# This output file may be truncated or incomplete.
#
#  Out of Memory Error (arena.cpp:168), pid=20552, tid=7548
#
# JRE version: OpenJDK Runtime Environment (21.0.6) (build 21.0.6+-13391695-b895.109)
# Java VM: OpenJDK 64-Bit Server VM (21.0.6+-13391695-b895.109, mixed mode, tiered, compressed oops, compressed class ptrs, g1 gc, windows-amd64)
# No core dump will be written. Minidumps are not enabled by default on client versions of Windows
#

---------------  S U M M A R Y ------------

Command Line: --add-opens=java.base/java.lang=ALL-UNNAMED --add-opens=java.base/java.lang.invoke=ALL-UNNAMED --add-opens=java.base/java.util=ALL-UNNAMED --add-opens=java.prefs/java.util.prefs=ALL-UNNAMED --add-exports=jdk.compiler/com.sun.tools.javac.api=ALL-UNNAMED --add-exports=jdk.compiler/com.sun.tools.javac.util=ALL-UNNAMED --add-opens=java.base/java.util=ALL-UNNAMED --add-opens=java.prefs/java.util.prefs=ALL-UNNAMED --add-opens=java.base/java.nio.charset=ALL-UNNAMED --add-opens=java.base/java.net=ALL-UNNAMED --add-opens=java.base/java.util.concurrent.atomic=ALL-UNNAMED --add-opens=java.xml/javax.xml.namespace=ALL-UNNAMED -Xmx2048m -Dfile.encoding=UTF-8 -Duser.country=ID -Duser.language=en -Duser.variant -javaagent:C:\Users\Haqii\.gradle\wrapper\dists\gradle-8.13-bin\5xuhj0ry160q40clulazy9h7d\gradle-8.13\lib\agents\gradle-instrumentation-agent-8.13.jar org.gradle.launcher.daemon.bootstrap.GradleDaemon 8.13

Host: AMD Ryzen 7 7735HS with Radeon Graphics        , 16 cores, 15G,  Windows 11 , 64 bit Build 26100 (10.0.26100.7309)
Time: Wed Mar  4 10:35:09 2026 SE Asia Standard Time elapsed time: 8.221121 seconds (0d 0h 0m 8s)

---------------  T H R E A D  ---------------

Current thread (0x00000150934d0a50):  JavaThread "C2 CompilerThread3" daemon [_thread_in_native, id=7548, stack(0x0000004424700000,0x0000004424800000) (1024K)]


Current CompileTask:
C2:8221 4382       4       java.net.URLClassLoader$1::run (5 bytes)

Stack: [0x0000004424700000,0x0000004424800000]
Native frames: (J=compiled Java code, j=interpreted, Vv=VM code, C=native code)
V  [jvm.dll+0x6d0639]
V  [jvm.dll+0x85eb03]
V  [jvm.dll+0x86105e]
V  [jvm.dll+0x861743]
V  [jvm.dll+0x27e6e6]
V  [jvm.dll+0xbff6d]
V  [jvm.dll+0xc04a3]
V  [jvm.dll+0x3b6171]
V  [jvm.dll+0x1de684]
V  [jvm.dll+0x247dd4]
V  [jvm.dll+0x247251]
V  [jvm.dll+0x1c5f04]
V  [jvm.dll+0x2569ac]
V  [jvm.dll+0x254ef6]
V  [jvm.dll+0x3f0e96]
V  [jvm.dll+0x806ed8]
V  [jvm.dll+0x6cef0d]
C  [ucrtbase.dll+0x37b0]
C  [KERNEL32.DLL+0x2e8d7]
C  [ntdll.dll+0x8c53c]


---------------  P R O C E S S  ---------------

Threads class SMR info:
_java_thread_list=0x000001509da35850, length=33, elements={
0x00000150faf4d730, 0x0000015093321e20, 0x0000015093324880, 0x00000150933304b0,
0x00000150933268c0, 0x00000150933052c0, 0x0000015093306490, 0x0000015093310d10,
0x00000150933114e0, 0x000001509319d650, 0x0000015093825d30, 0x00000150934d0380,
0x00000150934cfcb0, 0x00000150934d0a50, 0x00000150934d2590, 0x000001509921c9c0,
0x00000150994fae80, 0x0000015099624bc0, 0x0000015099579a60, 0x000001509956fd70,
0x00000150993110a0, 0x00000150993c1420, 0x00000150992afe30, 0x00000150992af110,
0x00000150992aea80, 0x00000150992b0b50, 0x00000150992b11e0, 0x00000150992af7a0,
0x00000150992b1870, 0x00000150992ae3f0, 0x00000150992b04c0, 0x00000150998361c0,
0x000001509c0e9de0
}

Java Threads: ( => current thread )
  0x00000150faf4d730 JavaThread "main"                              [_thread_blocked, id=15260, stack(0x0000004423100000,0x0000004423200000) (1024K)]
  0x0000015093321e20 JavaThread "Reference Handler"          daemon [_thread_blocked, id=16684, stack(0x0000004423900000,0x0000004423a00000) (1024K)]
  0x0000015093324880 JavaThread "Finalizer"                  daemon [_thread_blocked, id=16220, stack(0x0000004423a00000,0x0000004423b00000) (1024K)]
  0x00000150933304b0 JavaThread "Signal Dispatcher"          daemon [_thread_blocked, id=20492, stack(0x0000004423b00000,0x0000004423c00000) (1024K)]
  0x00000150933268c0 JavaThread "Attach Listener"            daemon [_thread_blocked, id=14600, stack(0x0000004423c00000,0x0000004423d00000) (1024K)]
  0x00000150933052c0 JavaThread "Service Thread"             daemon [_thread_blocked, id=20096, stack(0x0000004423d00000,0x0000004423e00000) (1024K)]
  0x0000015093306490 JavaThread "Monitor Deflation Thread"   daemon [_thread_blocked, id=6544, stack(0x0000004423e00000,0x0000004423f00000) (1024K)]
  0x0000015093310d10 JavaThread "C2 CompilerThread0"         daemon [_thread_in_native, id=17012, stack(0x0000004423f00000,0x0000004424000000) (1024K)]
  0x00000150933114e0 JavaThread "C1 CompilerThread0"         daemon [_thread_blocked, id=14272, stack(0x0000004424000000,0x0000004424100000) (1024K)]
  0x000001509319d650 JavaThread "Common-Cleaner"             daemon [_thread_blocked, id=8220, stack(0x0000004424100000,0x0000004424200000) (1024K)]
  0x0000015093825d30 JavaThread "Notification Thread"        daemon [_thread_blocked, id=18916, stack(0x0000004424400000,0x0000004424500000) (1024K)]
  0x00000150934d0380 JavaThread "C2 CompilerThread1"         daemon [_thread_in_native, id=20316, stack(0x0000004424500000,0x0000004424600000) (1024K)]
  0x00000150934cfcb0 JavaThread "C2 CompilerThread2"         daemon [_thread_in_native, id=12416, stack(0x0000004424600000,0x0000004424700000) (1024K)]
=>0x00000150934d0a50 JavaThread "C2 CompilerThread3"         daemon [_thread_in_native, id=7548, stack(0x0000004424700000,0x0000004424800000) (1024K)]
  0x00000150934d2590 JavaThread "C2 CompilerThread4"         daemon [_thread_in_native, id=1856, stack(0x0000004424800000,0x0000004424900000) (1024K)]
  0x000001509921c9c0 JavaThread "Daemon health stats"               [_thread_blocked, id=8868, stack(0x0000004424e00000,0x0000004424f00000) (1024K)]
  0x00000150994fae80 JavaThread "Incoming local TCP Connector on port 64945"        [_thread_in_native, id=15108, stack(0x0000004425300000,0x0000004425400000) (1024K)]
  0x0000015099624bc0 JavaThread "Daemon periodic checks"            [_thread_blocked, id=13736, stack(0x0000004425400000,0x0000004425500000) (1024K)]
  0x0000015099579a60 JavaThread "Daemon"                            [_thread_blocked, id=16720, stack(0x0000004425500000,0x0000004425600000) (1024K)]
  0x000001509956fd70 JavaThread "Handler for socket connection from /127.0.0.1:64945 to /127.0.0.1:64946"        [_thread_in_native, id=17804, stack(0x0000004425600000,0x0000004425700000) (1024K)]
  0x00000150993110a0 JavaThread "Cancel handler"                    [_thread_blocked, id=9472, stack(0x0000004425700000,0x0000004425800000) (1024K)]
  0x00000150993c1420 JavaThread "Daemon worker"                     [_thread_blocked, id=4576, stack(0x0000004425800000,0x0000004425900000) (1024K)]
  0x00000150992afe30 JavaThread "Asynchronous log dispatcher for DefaultDaemonConnection: socket connection from /127.0.0.1:64945 to /127.0.0.1:64946"        [_thread_blocked, id=21776, stack(0x0000004425900000,0x0000004425a00000) (1024K)]
  0x00000150992af110 JavaThread "Stdin handler"                     [_thread_blocked, id=11308, stack(0x0000004425a00000,0x0000004425b00000) (1024K)]
  0x00000150992aea80 JavaThread "Daemon client event forwarder"        [_thread_blocked, id=24440, stack(0x0000004425b00000,0x0000004425c00000) (1024K)]
  0x00000150992b0b50 JavaThread "Cache worker for journal cache (C:\Users\Haqii\.gradle\caches\journal-1)"        [_thread_blocked, id=12472, stack(0x0000004426200000,0x0000004426300000) (1024K)]
  0x00000150992b11e0 JavaThread "File lock request listener"        [_thread_in_native, id=9772, stack(0x0000004426300000,0x0000004426400000) (1024K)]
  0x00000150992af7a0 JavaThread "Cache worker for file hash cache (C:\Users\Haqii\.gradle\caches\8.13\fileHashes)"        [_thread_in_native, id=22384, stack(0x0000004426400000,0x0000004426500000) (1024K)]
  0x00000150992b1870 JavaThread "Cache worker for file hash cache (D:\KELAS-XI\Tugas Akhir Semester 1\MyApplication\.gradle\8.13\fileHashes)"        [_thread_blocked, id=20416, stack(0x0000004426500000,0x0000004426600000) (1024K)]
  0x00000150992ae3f0 JavaThread "Cache worker for Build Output Cleanup Cache (D:\KELAS-XI\Tugas Akhir Semester 1\MyApplication\.gradle\buildOutputCleanup)"        [_thread_blocked, id=18068, stack(0x0000004426600000,0x0000004426700000) (1024K)]
  0x00000150992b04c0 JavaThread "File watcher server"        daemon [_thread_in_native, id=22972, stack(0x0000004426700000,0x0000004426800000) (1024K)]
  0x00000150998361c0 JavaThread "File watcher consumer"      daemon [_thread_blocked, id=23600, stack(0x0000004426800000,0x0000004426900000) (1024K)]
  0x000001509c0e9de0 JavaThread "C1 CompilerThread1"         daemon [_thread_blocked, id=448, stack(0x0000004424200000,0x0000004424300000) (1024K)]
Total: 33

Other Threads:
  0x00000150932b4a90 VMThread "VM Thread"                           [id=16832, stack(0x0000004423800000,0x0000004423900000) (1024K)]
  0x00000150932809d0 WatcherThread "VM Periodic Task Thread"        [id=23060, stack(0x0000004423700000,0x0000004423800000) (1024K)]
  0x00000150fafa5940 WorkerThread "GC Thread#0"                     [id=20352, stack(0x0000004423200000,0x0000004423300000) (1024K)]
  0x0000015093d24200 WorkerThread "GC Thread#1"                     [id=18688, stack(0x0000004424900000,0x0000004424a00000) (1024K)]
  0x00000150980dc540 WorkerThread "GC Thread#2"                     [id=9232, stack(0x0000004424a00000,0x0000004424b00000) (1024K)]
  0x00000150980dc8e0 WorkerThread "GC Thread#3"                     [id=18108, stack(0x0000004424b00000,0x0000004424c00000) (1024K)]
  0x0000015093bebc40 WorkerThread "GC Thread#4"                     [id=24568, stack(0x0000004424c00000,0x0000004424d00000) (1024K)]
  0x00000150992cdaa0 WorkerThread "GC Thread#5"                     [id=18580, stack(0x0000004424f00000,0x0000004425000000) (1024K)]
  0x0000015099372f50 WorkerThread "GC Thread#6"                     [id=1232, stack(0x0000004425000000,0x0000004425100000) (1024K)]
  0x0000015099225fe0 WorkerThread "GC Thread#7"                     [id=23248, stack(0x0000004425100000,0x0000004425200000) (1024K)]
  0x0000015099227200 WorkerThread "GC Thread#8"                     [id=21100, stack(0x0000004425200000,0x0000004425300000) (1024K)]
  0x0000015099225c40 WorkerThread "GC Thread#9"                     [id=7492, stack(0x0000004425c00000,0x0000004425d00000) (1024K)]
  0x0000015099226380 WorkerThread "GC Thread#10"                    [id=9352, stack(0x0000004425d00000,0x0000004425e00000) (1024K)]
  0x0000015099226720 WorkerThread "GC Thread#11"                    [id=14752, stack(0x0000004425e00000,0x0000004425f00000) (1024K)]
  0x0000015099226e60 WorkerThread "GC Thread#12"                    [id=6968, stack(0x0000004425f00000,0x0000004426000000) (1024K)]
  0x00000150fafb7670 ConcurrentGCThread "G1 Main Marker"            [id=14132, stack(0x0000004423300000,0x0000004423400000) (1024K)]
  0x00000150fafb8080 WorkerThread "G1 Conc#0"                       [id=24180, stack(0x0000004423400000,0x0000004423500000) (1024K)]
  0x0000015099226ac0 WorkerThread "G1 Conc#1"                       [id=17828, stack(0x0000004426000000,0x0000004426100000) (1024K)]
  0x0000015099299d80 WorkerThread "G1 Conc#2"                       [id=16576, stack(0x0000004426100000,0x0000004426200000) (1024K)]
  0x00000150930f3c90 ConcurrentGCThread "G1 Refine#0"               [id=18676, stack(0x0000004423500000,0x0000004423600000) (1024K)]
  0x00000150930f55c0 ConcurrentGCThread "G1 Service"                [id=17104, stack(0x0000004423600000,0x0000004423700000) (1024K)]
Total: 21

Threads with active compile tasks:
C2 CompilerThread0  8239 4524       4       java.util.ArrayList::grow (11 bytes)
C2 CompilerThread1  8239 4381   !   4       java.net.URLClassLoader::findClass (47 bytes)
C2 CompilerThread2  8239 4383   !   4       java.net.URLClassLoader$1::run (81 bytes)
C2 CompilerThread3  8239 4382       4       java.net.URLClassLoader$1::run (5 bytes)
C2 CompilerThread4  8239 4343       4       java.lang.String::split (148 bytes)
Total: 5

VM state: not at safepoint (normal execution)

VM Mutex/Monitor currently owned by a thread: None

Heap address: 0x0000000080000000, size: 2048 MB, Compressed Oops mode: 32-bit

CDS archive(s) not mapped
Compressed class space mapped at: 0x0000000100000000-0x0000000140000000, reserved size: 1073741824
Narrow klass base: 0x0000000000000000, Narrow klass shift: 3, Narrow klass range: 0x140000000

GC Precious Log:
 CardTable entry size: 512
 Card Set container configuration: InlinePtr #cards 5 size 8 Array Of Cards #cards 12 size 40 Howl #buckets 4 coarsen threshold 1843 Howl Bitmap #cards 512 size 80 coarsen threshold 460 Card regions per heap region 1 cards per card region 2048
 CPUs: 16 total, 16 available
 Memory: 15613M
 Large Page Support: Disabled
 NUMA Support: Disabled
 Compressed Oops: Enabled (32-bit)
 Heap Region Size: 1M
 Heap Min Capacity: 8M
 Heap Initial Capacity: 244M
 Heap Max Capacity: 2G
 Pre-touch: Disabled
 Parallel Workers: 13
 Concurrent Workers: 3
 Concurrent Refinement Workers: 13
 Periodic GC: Disabled

Heap:
 garbage-first heap   total 83968K, used 39593K [0x0000000080000000, 0x0000000100000000)
  region size 1024K, 11 young (11264K), 3 survivors (3072K)
 Metaspace       used 45621K, committed 46656K, reserved 1114112K
  class space    used 5878K, committed 6400K, reserved 1048576K

Heap Regions: E=young(eden), S=young(survivor), O=old, HS=humongous(starts), HC=humongous(continues), CS=collection set, F=free, TAMS=top-at-mark-start, PB=parsable bottom
|   0|0x0000000080000000, 0x0000000080100000, 0x0000000080100000|100%|HS|  |TAMS 0x0000000080000000| PB 0x0000000080000000| Complete 
|   1|0x0000000080100000, 0x0000000080200000, 0x0000000080200000|100%|HC|  |TAMS 0x0000000080100000| PB 0x0000000080100000| Complete 
|   2|0x0000000080200000, 0x0000000080300000, 0x0000000080300000|100%|HC|  |TAMS 0x0000000080200000| PB 0x0000000080200000| Complete 
|   3|0x0000000080300000, 0x0000000080400000, 0x0000000080400000|100%| O|  |TAMS 0x0000000080300000| PB 0x0000000080300000| Untracked 
|   4|0x0000000080400000, 0x0000000080500000, 0x0000000080500000|100%| O|  |TAMS 0x0000000080400000| PB 0x0000000080400000| Untracked 
|   5|0x0000000080500000, 0x0000000080600000, 0x0000000080600000|100%| O|  |TAMS 0x0000000080500000| PB 0x0000000080500000| Untracked 
|   6|0x0000000080600000, 0x0000000080700000, 0x0000000080700000|100%| O|  |TAMS 0x0000000080600000| PB 0x0000000080600000| Untracked 
|   7|0x0000000080700000, 0x0000000080800000, 0x0000000080800000|100%|HS|  |TAMS 0x0000000080700000| PB 0x0000000080700000| Complete 
|   8|0x0000000080800000, 0x0000000080900000, 0x0000000080900000|100%| O|  |TAMS 0x0000000080800000| PB 0x0000000080800000| Untracked 
|   9|0x0000000080900000, 0x0000000080a00000, 0x0000000080a00000|100%| O|  |TAMS 0x0000000080900000| PB 0x0000000080900000| Untracked 
|  10|0x0000000080a00000, 0x0000000080b00000, 0x0000000080b00000|100%| O|  |TAMS 0x0000000080a00000| PB 0x0000000080a00000| Untracked 
|  11|0x0000000080b00000, 0x0000000080c00000, 0x0000000080c00000|100%| O|  |TAMS 0x0000000080b00000| PB 0x0000000080b00000| Untracked 
|  12|0x0000000080c00000, 0x0000000080d00000, 0x0000000080d00000|100%| O|  |TAMS 0x0000000080c00000| PB 0x0000000080c00000| Untracked 
|  13|0x0000000080d00000, 0x0000000080e00000, 0x0000000080e00000|100%| O|  |TAMS 0x0000000080d00000| PB 0x0000000080d00000| Untracked 
|  14|0x0000000080e00000, 0x0000000080f00000, 0x0000000080f00000|100%| O|  |TAMS 0x0000000080e00000| PB 0x0000000080e00000| Untracked 
|  15|0x0000000080f00000, 0x0000000081000000, 0x0000000081000000|100%| O|  |TAMS 0x0000000080f00000| PB 0x0000000080f00000| Untracked 
|  16|0x0000000081000000, 0x0000000081100000, 0x0000000081100000|100%| O|  |TAMS 0x0000000081000000| PB 0x0000000081000000| Untracked 
|  17|0x0000000081100000, 0x0000000081200000, 0x0000000081200000|100%| O|  |TAMS 0x0000000081100000| PB 0x0000000081100000| Untracked 
|  18|0x0000000081200000, 0x0000000081300000, 0x0000000081300000|100%| O|  |TAMS 0x0000000081200000| PB 0x0000000081200000| Untracked 
|  19|0x0000000081300000, 0x0000000081300000, 0x0000000081400000|  0%| F|  |TAMS 0x0000000081300000| PB 0x0000000081300000| Untracked 
|  20|0x0000000081400000, 0x0000000081500000, 0x0000000081500000|100%| O|  |TAMS 0x0000000081400000| PB 0x0000000081400000| Untracked 
|  21|0x0000000081500000, 0x0000000081600000, 0x0000000081600000|100%| O|  |TAMS 0x0000000081500000| PB 0x0000000081500000| Untracked 
|  22|0x0000000081600000, 0x0000000081700000, 0x0000000081700000|100%| O|  |TAMS 0x0000000081600000| PB 0x0000000081600000| Untracked 
|  23|0x0000000081700000, 0x0000000081800000, 0x0000000081800000|100%| O|  |TAMS 0x0000000081700000| PB 0x0000000081700000| Untracked 
|  24|0x0000000081800000, 0x0000000081800000, 0x0000000081900000|  0%| F|  |TAMS 0x0000000081800000| PB 0x0000000081800000| Untracked 
|  25|0x0000000081900000, 0x0000000081900000, 0x0000000081a00000|  0%| F|  |TAMS 0x0000000081900000| PB 0x0000000081900000| Untracked 
|  26|0x0000000081a00000, 0x0000000081b00000, 0x0000000081b00000|100%| O|  |TAMS 0x0000000081a00000| PB 0x0000000081a00000| Untracked 
|  27|0x0000000081b00000, 0x0000000081c00000, 0x0000000081c00000|100%| O|  |TAMS 0x0000000081b00000| PB 0x0000000081b00000| Untracked 
|  28|0x0000000081c00000, 0x0000000081c00000, 0x0000000081d00000|  0%| F|  |TAMS 0x0000000081c00000| PB 0x0000000081c00000| Untracked 
|  29|0x0000000081d00000, 0x0000000081d00000, 0x0000000081e00000|  0%| F|  |TAMS 0x0000000081d00000| PB 0x0000000081d00000| Untracked 
|  30|0x0000000081e00000, 0x0000000081e00000, 0x0000000081f00000|  0%| F|  |TAMS 0x0000000081e00000| PB 0x0000000081e00000| Untracked 
|  31|0x0000000081f00000, 0x0000000081f00000, 0x0000000082000000|  0%| F|  |TAMS 0x0000000081f00000| PB 0x0000000081f00000| Untracked 
|  32|0x0000000082000000, 0x0000000082000000, 0x0000000082100000|  0%| F|  |TAMS 0x0000000082000000| PB 0x0000000082000000| Untracked 
|  33|0x0000000082100000, 0x0000000082100000, 0x0000000082200000|  0%| F|  |TAMS 0x0000000082100000| PB 0x0000000082100000| Untracked 
|  34|0x0000000082200000, 0x0000000082300000, 0x0000000082300000|100%| O|  |TAMS 0x0000000082200000| PB 0x0000000082200000| Untracked 
|  35|0x0000000082300000, 0x0000000082400000, 0x0000000082400000|100%| O|  |TAMS 0x0000000082300000| PB 0x0000000082300000| Untracked 
|  36|0x0000000082400000, 0x0000000082500000, 0x0000000082500000|100%| O|  |TAMS 0x0000000082400000| PB 0x0000000082400000| Untracked 
|  37|0x0000000082500000, 0x0000000082600000, 0x0000000082600000|100%| O|  |TAMS 0x0000000082500000| PB 0x0000000082500000| Untracked 
|  38|0x0000000082600000, 0x00000000826959c0, 0x0000000082700000| 58%| O|  |TAMS 0x0000000082600000| PB 0x0000000082600000| Untracked 
|  39|0x0000000082700000, 0x0000000082714e18, 0x0000000082800000|  8%| S|CS|TAMS 0x0000000082700000| PB 0x0000000082700000| Complete 
|  40|0x0000000082800000, 0x0000000082900000, 0x0000000082900000|100%| S|CS|TAMS 0x0000000082800000| PB 0x0000000082800000| Complete 
|  41|0x0000000082900000, 0x0000000082a00000, 0x0000000082a00000|100%| S|CS|TAMS 0x0000000082900000| PB 0x0000000082900000| Complete 
|  42|0x0000000082a00000, 0x0000000082a00000, 0x0000000082b00000|  0%| F|  |TAMS 0x0000000082a00000| PB 0x0000000082a00000| Untracked 
|  43|0x0000000082b00000, 0x0000000082b00000, 0x0000000082c00000|  0%| F|  |TAMS 0x0000000082b00000| PB 0x0000000082b00000| Untracked 
|  44|0x0000000082c00000, 0x0000000082c00000, 0x0000000082d00000|  0%| F|  |TAMS 0x0000000082c00000| PB 0x0000000082c00000| Untracked 
|  45|0x0000000082d00000, 0x0000000082d00000, 0x0000000082e00000|  0%| F|  |TAMS 0x0000000082d00000| PB 0x0000000082d00000| Untracked 
|  46|0x0000000082e00000, 0x0000000082e00000, 0x0000000082f00000|  0%| F|  |TAMS 0x0000000082e00000| PB 0x0000000082e00000| Untracked 
|  47|0x0000000082f00000, 0x0000000082f00000, 0x0000000083000000|  0%| F|  |TAMS 0x0000000082f00000| PB 0x0000000082f00000| Untracked 
|  48|0x0000000083000000, 0x0000000083000000, 0x0000000083100000|  0%| F|  |TAMS 0x0000000083000000| PB 0x0000000083000000| Untracked 
|  49|0x0000000083100000, 0x0000000083100000, 0x0000000083200000|  0%| F|  |TAMS 0x0000000083100000| PB 0x0000000083100000| Untracked 
|  50|0x0000000083200000, 0x0000000083200000, 0x0000000083300000|  0%| F|  |TAMS 0x0000000083200000| PB 0x0000000083200000| Untracked 
|  51|0x0000000083300000, 0x0000000083300000, 0x0000000083400000|  0%| F|  |TAMS 0x0000000083300000| PB 0x0000000083300000| Untracked 
|  52|0x0000000083400000, 0x0000000083400000, 0x0000000083500000|  0%| F|  |TAMS 0x0000000083400000| PB 0x0000000083400000| Untracked 
|  53|0x0000000083500000, 0x0000000083500000, 0x0000000083600000|  0%| F|  |TAMS 0x0000000083500000| PB 0x0000000083500000| Untracked 
|  54|0x0000000083600000, 0x0000000083600000, 0x0000000083700000|  0%| F|  |TAMS 0x0000000083600000| PB 0x0000000083600000| Untracked 
|  55|0x0000000083700000, 0x0000000083700000, 0x0000000083800000|  0%| F|  |TAMS 0x0000000083700000| PB 0x0000000083700000| Untracked 
|  56|0x0000000083800000, 0x0000000083800000, 0x0000000083900000|  0%| F|  |TAMS 0x0000000083800000| PB 0x0000000083800000| Untracked 
|  57|0x0000000083900000, 0x0000000083900000, 0x0000000083a00000|  0%| F|  |TAMS 0x0000000083900000| PB 0x0000000083900000| Untracked 
|  58|0x0000000083a00000, 0x0000000083a00000, 0x0000000083b00000|  0%| F|  |TAMS 0x0000000083a00000| PB 0x0000000083a00000| Untracked 
|  59|0x0000000083b00000, 0x0000000083b00000, 0x0000000083c00000|  0%| F|  |TAMS 0x0000000083b00000| PB 0x0000000083b00000| Untracked 
|  60|0x0000000083c00000, 0x0000000083c00000, 0x0000000083d00000|  0%| F|  |TAMS 0x0000000083c00000| PB 0x0000000083c00000| Untracked 
|  61|0x0000000083d00000, 0x0000000083d00000, 0x0000000083e00000|  0%| F|  |TAMS 0x0000000083d00000| PB 0x0000000083d00000| Untracked 
|  62|0x0000000083e00000, 0x0000000083e00000, 0x0000000083f00000|  0%| F|  |TAMS 0x0000000083e00000| PB 0x0000000083e00000| Untracked 
|  63|0x0000000083f00000, 0x0000000083f00000, 0x0000000084000000|  0%| F|  |TAMS 0x0000000083f00000| PB 0x0000000083f00000| Untracked 
|  64|0x0000000084000000, 0x0000000084000000, 0x0000000084100000|  0%| F|  |TAMS 0x0000000084000000| PB 0x0000000084000000| Untracked 
|  65|0x0000000084100000, 0x0000000084100000, 0x0000000084200000|  0%| F|  |TAMS 0x0000000084100000| PB 0x0000000084100000| Untracked 
|  66|0x0000000084200000, 0x0000000084200000, 0x0000000084300000|  0%| F|  |TAMS 0x0000000084200000| PB 0x0000000084200000| Untracked 
|  67|0x0000000084300000, 0x0000000084300000, 0x0000000084400000|  0%| F|  |TAMS 0x0000000084300000| PB 0x0000000084300000| Untracked 
|  68|0x0000000084400000, 0x0000000084400000, 0x0000000084500000|  0%| F|  |TAMS 0x0000000084400000| PB 0x0000000084400000| Untracked 
|  69|0x0000000084500000, 0x0000000084500000, 0x0000000084600000|  0%| F|  |TAMS 0x0000000084500000| PB 0x0000000084500000| Untracked 
|  70|0x0000000084600000, 0x0000000084600000, 0x0000000084700000|  0%| F|  |TAMS 0x0000000084600000| PB 0x0000000084600000| Untracked 
| 213|0x000000008d500000, 0x000000008d500000, 0x000000008d600000|  0%| F|  |TAMS 0x000000008d500000| PB 0x000000008d500000| Untracked 
| 214|0x000000008d600000, 0x000000008d600000, 0x000000008d700000|  0%| F|  |TAMS 0x000000008d600000| PB 0x000000008d600000| Untracked 
| 215|0x000000008d700000, 0x000000008d700000, 0x000000008d800000|  0%| F|  |TAMS 0x000000008d700000| PB 0x000000008d700000| Untracked 
| 216|0x000000008d800000, 0x000000008d8c9678, 0x000000008d900000| 78%| E|  |TAMS 0x000000008d800000| PB 0x000000008d800000| Complete 
| 217|0x000000008d900000, 0x000000008da00000, 0x000000008da00000|100%| E|CS|TAMS 0x000000008d900000| PB 0x000000008d900000| Complete 
| 218|0x000000008da00000, 0x000000008db00000, 0x000000008db00000|100%| E|CS|TAMS 0x000000008da00000| PB 0x000000008da00000| Complete 
| 219|0x000000008db00000, 0x000000008dc00000, 0x000000008dc00000|100%| E|CS|TAMS 0x000000008db00000| PB 0x000000008db00000| Complete 
| 220|0x000000008dc00000, 0x000000008dd00000, 0x000000008dd00000|100%| E|CS|TAMS 0x000000008dc00000| PB 0x000000008dc00000| Complete 
| 221|0x000000008dd00000, 0x000000008de00000, 0x000000008de00000|100%| E|CS|TAMS 0x000000008dd00000| PB 0x000000008dd00000| Complete 
| 222|0x000000008de00000, 0x000000008df00000, 0x000000008df00000|100%| E|CS|TAMS 0x000000008de00000| PB 0x000000008de00000| Complete 
| 243|0x000000008f300000, 0x000000008f400000, 0x000000008f400000|100%| E|CS|TAMS 0x000000008f300000| PB 0x000000008f300000| Complete 

Card table byte_map: [0x00000150fed20000,0x00000150ff120000] _byte_map_base: 0x00000150fe920000

Marking Bits: (CMBitMap*) 0x00000150fafa5f50
 Bits: [0x000001508f000000, 0x0000015091000000)

Polling page: 0x00000150f8e20000

Metaspace:

Usage:
  Non-class:     38.81 MB used.
      Class:      5.74 MB used.
       Both:     44.55 MB used.

Virtual space:
  Non-class space:       64.00 MB reserved,      39.31 MB ( 61%) committed,  1 nodes.
      Class space:        1.00 GB reserved,       6.25 MB ( <1%) committed,  1 nodes.
             Both:        1.06 GB reserved,      45.56 MB (  4%) committed. 

Chunk freelists:
   Non-Class:  7.94 MB
       Class:  9.73 MB
        Both:  17.67 MB

MaxMetaspaceSize: unlimited
CompressedClassSpaceSize: 1.00 GB
Initial GC threshold: 21.00 MB
Current GC threshold: 58.69 MB
CDS: off
 - commit_granule_bytes: 65536.
 - commit_granule_words: 8192.
 - virtual_space_node_default_size: 8388608.
 - enlarge_chunks_in_place: 1.
 - use_allocation_guard: 0.


Internal statistics:

num_allocs_failed_limit: 6.
num_arena_births: 1674.
num_arena_deaths: 0.
num_vsnodes_births: 2.
num_vsnodes_deaths: 0.
num_space_committed: 729.
num_space_uncommitted: 0.
num_chunks_returned_to_freelist: 6.
num_chunks_taken_from_freelist: 3252.
num_chunk_merges: 6.
num_chunk_splits: 2087.
num_chunks_enlarged: 1289.
num_inconsistent_stats: 0.

CodeHeap 'non-profiled nmethods': size=119168Kb used=2336Kb max_used=2336Kb free=116831Kb
 bounds [0x0000015087ba0000, 0x0000015087e10000, 0x000001508f000000]
CodeHeap 'profiled nmethods': size=119104Kb used=8030Kb max_used=8030Kb free=111074Kb
 bounds [0x0000015080000000, 0x00000150807e0000, 0x0000015087450000]
CodeHeap 'non-nmethods': size=7488Kb used=2514Kb max_used=3609Kb free=4973Kb
 bounds [0x0000015087450000, 0x00000150877e0000, 0x0000015087ba0000]
 total_blobs=4779 nmethods=4076 adapters=603
 compilation: enabled
              stopped_count=0, restarted_count=0
 full_count=0

Compilation events (20 events):
Event: 7.180 Thread 0x0000015093310d10 4486       4       java.net.URI$Parser::scan (76 bytes)
Event: 7.182 Thread 0x0000015093310d10 nmethod 4486 0x0000015087dd3990 code [0x0000015087dd3b40, 0x0000015087dd3ea0]
Event: 7.182 Thread 0x0000015093310d10 4474       4       java.net.URI::match (56 bytes)
Event: 7.182 Thread 0x00000150933114e0 4487       1       org.gradle.internal.logging.sink.OutputEventListenerManager::access$000 (5 bytes)
Event: 7.182 Thread 0x0000015093310d10 nmethod 4474 0x0000015087dd4190 code [0x0000015087dd4320, 0x0000015087dd4410]
Event: 7.182 Thread 0x0000015093310d10 4465       4       java.util.regex.Matcher::<init> (95 bytes)
Event: 7.182 Thread 0x00000150933114e0 nmethod 4487 0x0000015087dd4510 code [0x0000015087dd46a0, 0x0000015087dd4750]
Event: 7.182 Thread 0x00000150933114e0 4488       1       org.gradle.internal.logging.sink.OutputEventListenerManager::access$100 (5 bytes)
Event: 7.182 Thread 0x00000150933114e0 nmethod 4488 0x0000015087dd4810 code [0x0000015087dd49a0, 0x0000015087dd4a50]
Event: 7.192 Thread 0x0000015093310d10 nmethod 4465 0x0000015087dd4b10 code [0x0000015087dd4d00, 0x0000015087dd5890]
Event: 7.192 Thread 0x0000015093310d10 4466   !   4       java.util.regex.Pattern::RemoveQEQuoting (370 bytes)
Event: 7.203 Thread 0x00000150933114e0 4492   !   3       java.lang.Class::desiredAssertionStatus (54 bytes)
Event: 7.204 Thread 0x0000015093310d10 nmethod 4466 0x0000015087dd6210 code [0x0000015087dd6420, 0x0000015087dd72d0]
Event: 7.204 Thread 0x0000015093310d10 4490       4       sun.invoke.util.Wrapper::forBasicType (103 bytes)
Event: 7.204 Thread 0x00000150933114e0 nmethod 4492 0x00000150807ca710 code [0x00000150807ca920, 0x00000150807cae28]
Event: 7.204 Thread 0x0000015093310d10 nmethod 4490 0x0000015087dd7990 code [0x0000015087dd7b40, 0x0000015087dd7ce0]
Event: 7.204 Thread 0x0000015093310d10 4493       4       sun.net.www.ParseUtil::encodePath (41 bytes)
Event: 7.207 Thread 0x0000015093310d10 nmethod 4493 0x0000015087dd7e10 code [0x0000015087dd7fc0, 0x0000015087dd8220]
Event: 7.207 Thread 0x0000015093310d10 4494       4       java.net.URLClassLoader$1::<init> (15 bytes)
Event: 7.208 Thread 0x0000015093310d10 nmethod 4494 0x0000015087dd8510 code [0x0000015087dd86a0, 0x0000015087dd88f8]

GC Heap History (18 events):
Event: 1.505 GC heap before
{Heap before GC invocations=0 (full 0):
 garbage-first heap   total 249856K, used 22528K [0x0000000080000000, 0x0000000100000000)
  region size 1024K, 23 young (23552K), 0 survivors (0K)
 Metaspace       used 7996K, committed 8128K, reserved 1114112K
  class space    used 712K, committed 768K, reserved 1048576K
}
Event: 1.507 GC heap after
{Heap after GC invocations=1 (full 0):
 garbage-first heap   total 249856K, used 2214K [0x0000000080000000, 0x0000000100000000)
  region size 1024K, 3 young (3072K), 3 survivors (3072K)
 Metaspace       used 7996K, committed 8128K, reserved 1114112K
  class space    used 712K, committed 768K, reserved 1048576K
}
Event: 1.971 GC heap before
{Heap before GC invocations=1 (full 0):
 garbage-first heap   total 249856K, used 42150K [0x0000000080000000, 0x0000000100000000)
  region size 1024K, 40 young (40960K), 3 survivors (3072K)
 Metaspace       used 12256K, committed 12480K, reserved 1114112K
  class space    used 1285K, committed 1408K, reserved 1048576K
}
Event: 1.974 GC heap after
{Heap after GC invocations=2 (full 0):
 garbage-first heap   total 249856K, used 11328K [0x0000000080000000, 0x0000000100000000)
  region size 1024K, 5 young (5120K), 5 survivors (5120K)
 Metaspace       used 12256K, committed 12480K, reserved 1114112K
  class space    used 1285K, committed 1408K, reserved 1048576K
}
Event: 2.510 GC heap before
{Heap before GC invocations=2 (full 0):
 garbage-first heap   total 249856K, used 63552K [0x0000000080000000, 0x0000000100000000)
  region size 1024K, 55 young (56320K), 5 survivors (5120K)
 Metaspace       used 15820K, committed 16128K, reserved 1114112K
  class space    used 1760K, committed 1920K, reserved 1048576K
}
Event: 2.514 GC heap after
{Heap after GC invocations=3 (full 0):
 garbage-first heap   total 249856K, used 17576K [0x0000000080000000, 0x0000000100000000)
  region size 1024K, 7 young (7168K), 7 survivors (7168K)
 Metaspace       used 15820K, committed 16128K, reserved 1114112K
  class space    used 1760K, committed 1920K, reserved 1048576K
}
Event: 2.848 GC heap before
{Heap before GC invocations=3 (full 0):
 garbage-first heap   total 249856K, used 37032K [0x0000000080000000, 0x0000000100000000)
  region size 1024K, 28 young (28672K), 7 survivors (7168K)
 Metaspace       used 21197K, committed 21504K, reserved 1114112K
  class space    used 2439K, committed 2624K, reserved 1048576K
}
Event: 2.852 GC heap after
{Heap after GC invocations=4 (full 0):
 garbage-first heap   total 249856K, used 20543K [0x0000000080000000, 0x0000000100000000)
  region size 1024K, 10 young (10240K), 10 survivors (10240K)
 Metaspace       used 21197K, committed 21504K, reserved 1114112K
  class space    used 2439K, committed 2624K, reserved 1048576K
}
Event: 3.727 GC heap before
{Heap before GC invocations=5 (full 0):
 garbage-first heap   total 71680K, used 70719K [0x0000000080000000, 0x0000000100000000)
  region size 1024K, 59 young (60416K), 10 survivors (10240K)
 Metaspace       used 29215K, committed 29888K, reserved 1114112K
  class space    used 3703K, committed 4032K, reserved 1048576K
}
Event: 3.734 GC heap after
{Heap after GC invocations=6 (full 0):
 garbage-first heap   total 83968K, used 22696K [0x0000000080000000, 0x0000000100000000)
  region size 1024K, 12 young (12288K), 12 survivors (12288K)
 Metaspace       used 29215K, committed 29888K, reserved 1114112K
  class space    used 3703K, committed 4032K, reserved 1048576K
}
Event: 4.337 GC heap before
{Heap before GC invocations=6 (full 0):
 garbage-first heap   total 83968K, used 59560K [0x0000000080000000, 0x0000000100000000)
  region size 1024K, 49 young (50176K), 12 survivors (12288K)
 Metaspace       used 34024K, committed 34880K, reserved 1114112K
  class space    used 4507K, committed 4928K, reserved 1048576K
}
Event: 4.342 GC heap after
{Heap after GC invocations=7 (full 0):
 garbage-first heap   total 83968K, used 25448K [0x0000000080000000, 0x0000000100000000)
  region size 1024K, 6 young (6144K), 6 survivors (6144K)
 Metaspace       used 34024K, committed 34880K, reserved 1114112K
  class space    used 4507K, committed 4928K, reserved 1048576K
}
Event: 4.420 GC heap before
{Heap before GC invocations=7 (full 0):
 garbage-first heap   total 83968K, used 32616K [0x0000000080000000, 0x0000000100000000)
  region size 1024K, 14 young (14336K), 6 survivors (6144K)
 Metaspace       used 35125K, committed 35968K, reserved 1114112K
  class space    used 4665K, committed 5120K, reserved 1048576K
}
Event: 4.423 GC heap after
{Heap after GC invocations=8 (full 0):
 garbage-first heap   total 83968K, used 25816K [0x0000000080000000, 0x0000000100000000)
  region size 1024K, 4 young (4096K), 4 survivors (4096K)
 Metaspace       used 35125K, committed 35968K, reserved 1114112K
  class space    used 4665K, committed 5120K, reserved 1048576K
}
Event: 4.880 GC heap before
{Heap before GC invocations=9 (full 0):
 garbage-first heap   total 83968K, used 69848K [0x0000000080000000, 0x0000000100000000)
  region size 1024K, 48 young (49152K), 4 survivors (4096K)
 Metaspace       used 42499K, committed 43392K, reserved 1114112K
  class space    used 5509K, committed 5952K, reserved 1048576K
}
Event: 4.883 GC heap after
{Heap after GC invocations=10 (full 0):
 garbage-first heap   total 83968K, used 30168K [0x0000000080000000, 0x0000000100000000)
  region size 1024K, 6 young (6144K), 6 survivors (6144K)
 Metaspace       used 42499K, committed 43392K, reserved 1114112K
  class space    used 5509K, committed 5952K, reserved 1048576K
}
Event: 7.151 GC heap before
{Heap before GC invocations=10 (full 0):
 garbage-first heap   total 83968K, used 72152K [0x0000000080000000, 0x0000000100000000)
  region size 1024K, 46 young (47104K), 6 survivors (6144K)
 Metaspace       used 45005K, committed 45952K, reserved 1114112K
  class space    used 5774K, committed 6272K, reserved 1048576K
}
Event: 7.155 GC heap after
{Heap after GC invocations=11 (full 0):
 garbage-first heap   total 83968K, used 32425K [0x0000000080000000, 0x0000000100000000)
  region size 1024K, 3 young (3072K), 3 survivors (3072K)
 Metaspace       used 45005K, committed 45952K, reserved 1114112K
  class space    used 5774K, committed 6272K, reserved 1048576K
}

Dll operation events (3 events):
Event: 0.009 Loaded shared library C:\Program Files\Android\Android Studio\jbr\bin\java.dll
Event: 0.040 Loaded shared library C:\Program Files\Android\Android Studio\jbr\bin\zip.dll
Event: 1.639 Loaded shared library C:\Program Files\Android\Android Studio\jbr\bin\verify.dll

Deoptimization events (20 events):
Event: 7.208 Thread 0x00000150992af7a0 Uncommon trap: trap_request=0xffffffc6 fr.pc=0x0000015087beb1a0 relative=0x00000000000008c0
Event: 7.208 Thread 0x00000150992af7a0 Uncommon trap: reason=bimorphic_or_optimized_type_check action=maybe_recompile pc=0x0000015087beb1a0 method=java.io.DataInputStream.readFully([BII)V @ 30 c2
Event: 7.208 Thread 0x00000150992af7a0 DEOPT PACKING pc=0x0000015087beb1a0 sp=0x00000044264fdf10
Event: 7.208 Thread 0x00000150992af7a0 DEOPT UNPACKING pc=0x00000150874a46a2 sp=0x00000044264fdec8 mode 2
Event: 7.208 Thread 0x00000150992af7a0 Uncommon trap: trap_request=0xffffff45 fr.pc=0x0000015087bd4864 relative=0x00000000000003e4
Event: 7.208 Thread 0x00000150992af7a0 Uncommon trap: reason=unstable_if action=reinterpret pc=0x0000015087bd4864 method=java.io.BufferedInputStream.read([BII)I @ 4 c2
Event: 7.208 Thread 0x00000150992af7a0 DEOPT PACKING pc=0x0000015087bd4864 sp=0x00000044264fde10
Event: 7.208 Thread 0x00000150992af7a0 DEOPT UNPACKING pc=0x00000150874a46a2 sp=0x00000044264fddc8 mode 2
Event: 7.208 Thread 0x00000150992af7a0 Uncommon trap: trap_request=0xffffffc6 fr.pc=0x0000015087beb1a0 relative=0x00000000000008c0
Event: 7.208 Thread 0x00000150992af7a0 Uncommon trap: reason=bimorphic_or_optimized_type_check action=maybe_recompile pc=0x0000015087beb1a0 method=java.io.DataInputStream.readFully([BII)V @ 30 c2
Event: 7.208 Thread 0x00000150992af7a0 DEOPT PACKING pc=0x0000015087beb1a0 sp=0x00000044264fdf00
Event: 7.208 Thread 0x00000150992af7a0 DEOPT UNPACKING pc=0x00000150874a46a2 sp=0x00000044264fded8 mode 2
Event: 7.208 Thread 0x00000150992af7a0 Uncommon trap: trap_request=0xffffffc6 fr.pc=0x0000015087beb1a0 relative=0x00000000000008c0
Event: 7.208 Thread 0x00000150992af7a0 Uncommon trap: reason=bimorphic_or_optimized_type_check action=maybe_recompile pc=0x0000015087beb1a0 method=java.io.DataInputStream.readFully([BII)V @ 30 c2
Event: 7.208 Thread 0x00000150992af7a0 DEOPT PACKING pc=0x0000015087beb1a0 sp=0x00000044264fde90
Event: 7.208 Thread 0x00000150992af7a0 DEOPT UNPACKING pc=0x00000150874a46a2 sp=0x00000044264fde48 mode 2
Event: 7.208 Thread 0x00000150992af7a0 Uncommon trap: trap_request=0xffffffc6 fr.pc=0x0000015087beb1a0 relative=0x00000000000008c0
Event: 7.208 Thread 0x00000150992af7a0 Uncommon trap: reason=bimorphic_or_optimized_type_check action=maybe_recompile pc=0x0000015087beb1a0 method=java.io.DataInputStream.readFully([BII)V @ 30 c2
Event: 7.208 Thread 0x00000150992af7a0 DEOPT PACKING pc=0x0000015087beb1a0 sp=0x00000044264fde90
Event: 7.208 Thread 0x00000150992af7a0 DEOPT UNPACKING pc=0x00000150874a46a2 sp=0x00000044264fde48 mode 2

Classes loaded (20 events):
Event: 4.858 Loading class java/util/function/BooleanSupplier
Event: 4.858 Loading class java/util/function/BooleanSupplier done
Event: 4.858 Loading class jdk/internal/jimage/ImageReader$Resource
Event: 4.858 Loading class jdk/internal/jimage/ImageReader$Resource done
Event: 4.898 Loading class java/util/WeakHashMap$KeyIterator
Event: 4.898 Loading class java/util/WeakHashMap$HashIterator
Event: 4.898 Loading class java/util/WeakHashMap$HashIterator done
Event: 4.898 Loading class java/util/WeakHashMap$KeyIterator done
Event: 5.956 Loading class sun/nio/fs/WindowsPath$1
Event: 5.956 Loading class sun/nio/fs/WindowsPath$1 done
Event: 5.956 Loading class sun/nio/fs/WindowsException
Event: 5.956 Loading class sun/nio/fs/WindowsException done
Event: 5.979 Loading class java/util/Collections$SynchronizedRandomAccessList
Event: 5.980 Loading class java/util/Collections$SynchronizedList
Event: 5.980 Loading class java/util/Collections$SynchronizedList done
Event: 5.980 Loading class java/util/Collections$SynchronizedRandomAccessList done
Event: 5.992 Loading class java/lang/invoke/BoundMethodHandle$Species_LLLLLLLLLLLLLLLLLLLLLLLLL
Event: 5.992 Loading class java/lang/invoke/BoundMethodHandle$Species_LLLLLLLLLLLLLLLLLLLLLLLLL done
Event: 5.993 Loading class java/lang/invoke/BoundMethodHandle$Species_LLLLLLLLLLLLLLLLLLLLLLLLLL
Event: 5.993 Loading class java/lang/invoke/BoundMethodHandle$Species_LLLLLLLLLLLLLLLLLLLLLLLLLL done

Classes unloaded (0 events):
No events

Classes redefined (0 events):
No events

Internal exceptions (20 events):
Event: 4.903 Thread 0x00000150993c1420 Exception <a 'java/lang/ClassNotFoundException'{0x000000008d8e4eb0}: org/gradle/internal/extensibility/DefaultExtraPropertiesExtensionBeanInfo> (0x000000008d8e4eb0) 
thrown [s\src\hotspot\share\classfile\systemDictionary.cpp, line 312]
Event: 4.903 Thread 0x00000150993c1420 Exception <a 'java/lang/ClassNotFoundException'{0x000000008d8ed698}: groovy/lang/GroovyObjectSupportBeanInfo> (0x000000008d8ed698) 
thrown [s\src\hotspot\share\classfile\systemDictionary.cpp, line 312]
Event: 4.903 Thread 0x00000150993c1420 Exception <a 'java/lang/ClassNotFoundException'{0x000000008d8f5e88}: groovy/lang/GroovyObjectSupportCustomizer> (0x000000008d8f5e88) 
thrown [s\src\hotspot\share\classfile\systemDictionary.cpp, line 312]
Event: 4.905 Thread 0x00000150993c1420 Exception <a 'java/lang/ClassNotFoundException'{0x000000008d7106d0}: org/gradle/internal/extensibility/DefaultExtraPropertiesExtensionCustomizer> (0x000000008d7106d0) 
thrown [s\src\hotspot\share\classfile\systemDictionary.cpp, line 312]
Event: 4.907 Thread 0x00000150993c1420 Exception <a 'java/lang/IncompatibleClassChangeError'{0x000000008d72bae0}: Found class java.lang.Object, but interface was expected> (0x000000008d72bae0) 
thrown [s\src\hotspot\share\interpreter\linkResolver.cpp, line 851]
Event: 5.956 Thread 0x00000150993c1420 Exception <a 'sun/nio/fs/WindowsException'{0x000000008d644ac0}> (0x000000008d644ac0) 
thrown [s\src\hotspot\share\prims\jni.cpp, line 535]
Event: 5.957 Thread 0x00000150993c1420 Exception <a 'sun/nio/fs/WindowsException'{0x000000008d645fe8}> (0x000000008d645fe8) 
thrown [s\src\hotspot\share\prims\jni.cpp, line 535]
Event: 5.957 Thread 0x00000150993c1420 Exception <a 'sun/nio/fs/WindowsException'{0x000000008d6474b8}> (0x000000008d6474b8) 
thrown [s\src\hotspot\share\prims\jni.cpp, line 535]
Event: 5.957 Thread 0x00000150993c1420 Exception <a 'sun/nio/fs/WindowsException'{0x000000008d6485b0}> (0x000000008d6485b0) 
thrown [s\src\hotspot\share\prims\jni.cpp, line 535]
Event: 5.974 Thread 0x00000150993c1420 Exception <a 'java/lang/NoSuchMethodError'{0x000000008d57e558}: 'java.lang.Object java.lang.invoke.Invokers$Holder.invoker(java.lang.Object, java.lang.Object, java.lang.Object, java.lang.Object, java.lang.Object, java.lang.Object)'> (0x000000008d57e558) 
thrown [s\src\hotspot\share\interpreter\linkResolver.cpp, line 784]
Event: 5.989 Thread 0x00000150993c1420 Exception <a 'java/lang/NoSuchMethodError'{0x000000008469b278}: 'java.lang.Object java.lang.invoke.DirectMethodHandle$Holder.invokeSpecial(java.lang.Object, java.lang.Object, java.lang.Object, java.lang.Object, java.lang.Object, java.lang.Object, java.lang.Object, java.lang.Object, java.lang.Object, java.lang.Object, java.lang.Object, java.lang.Object, java.lang.Object, java.lang.Object, java.lang.Object, java.lang.Object, java.lang.Object, java.lang.Object, java.lang.Object, java.lang.Object, java.lang.Ob
Event: 5.989 Thread 0x00000150993c1420 Exception <a 'java/lang/NoSuchMethodError'{0x00000000846a1350}: 'java.lang.Object java.lang.invoke.DelegatingMethodHandle$Holder.reinvoke_L(java.lang.Object, java.lang.Object, java.lang.Object, java.lang.Object, java.lang.Object, java.lang.Object, java.lang.Object, java.lang.Object, java.lang.Object, java.lang.Object, java.lang.Object, java.lang.Object, java.lang.Object, java.lang.Object, java.lang.Object, java.lang.Object, java.lang.Object, java.lang.Object, java.lang.Object, java.lang.Object, java.lang.O
Event: 5.990 Thread 0x00000150993c1420 Exception <a 'java/lang/NoSuchMethodError'{0x00000000846ac538}: 'java.lang.Object java.lang.invoke.Invokers$Holder.invoker(java.lang.Object, java.lang.Object, java.lang.Object, java.lang.Object, java.lang.Object, java.lang.Object, java.lang.Object, java.lang.Object, java.lang.Object, java.lang.Object, java.lang.Object, java.lang.Object, java.lang.Object, java.lang.Object, java.lang.Object, java.lang.Object, java.lang.Object, java.lang.Object, java.lang.Object, java.lang.Object, java.lang.Object, java.lang.
Event: 5.990 Thread 0x00000150993c1420 Exception <a 'java/lang/NoSuchMethodError'{0x00000000846b2ec0}: 'java.lang.Object java.lang.invoke.DelegatingMethodHandle$Holder.delegate(java.lang.Object, java.lang.Object, java.lang.Object, java.lang.Object, java.lang.Object, java.lang.Object, java.lang.Object, java.lang.Object, java.lang.Object, java.lang.Object, java.lang.Object, java.lang.Object, java.lang.Object, java.lang.Object, java.lang.Object, java.lang.Object, java.lang.Object, java.lang.Object, java.lang.Object, java.lang.Object, java.lang.Obj
Event: 5.993 Thread 0x00000150993c1420 Exception <a 'java/lang/NoSuchMethodError'{0x0000000084587b60}: 'java.lang.Object java.lang.invoke.DirectMethodHandle$Holder.invokeStatic(java.lang.Object, java.lang.Object, java.lang.Object, java.lang.Object, java.lang.Object, java.lang.Object, java.lang.Object, java.lang.Object, java.lang.Object, java.lang.Object, java.lang.Object, java.lang.Object, java.lang.Object, java.lang.Object, java.lang.Object, java.lang.Object, java.lang.Object, java.lang.Object, java.lang.Object, java.lang.Object, java.lang.Obj
Event: 5.994 Thread 0x00000150993c1420 Exception <a 'java/lang/NoSuchMethodError'{0x00000000845bd040}: 'java.lang.Object java.lang.invoke.DirectMethodHandle$Holder.invokeStatic(java.lang.Object, java.lang.Object, java.lang.Object, java.lang.Object, java.lang.Object, java.lang.Object, java.lang.Object, java.lang.Object, java.lang.Object, java.lang.Object, java.lang.Object, java.lang.Object, java.lang.Object, java.lang.Object, java.lang.Object, java.lang.Object, java.lang.Object, java.lang.Object, java.lang.Object, java.lang.Object, java.lang.Obj
Event: 7.184 Thread 0x00000150993c1420 Exception <a 'java/lang/IncompatibleClassChangeError'{0x000000008db41600}: Found class java.lang.Object, but interface was expected> (0x000000008db41600) 
thrown [s\src\hotspot\share\interpreter\linkResolver.cpp, line 851]
Event: 7.194 Thread 0x00000150993c1420 Exception <a 'java/lang/NoSuchMethodError'{0x000000008dbf7b58}: 'java.lang.Object java.lang.invoke.DirectMethodHandle$Holder.newInvokeSpecial(java.lang.Object, java.lang.Object, long)'> (0x000000008dbf7b58) 
thrown [s\src\hotspot\share\interpreter\linkResolver.cpp, line 784]
Event: 7.194 Thread 0x00000150993c1420 Exception <a 'java/lang/NoSuchMethodError'{0x000000008dbfc1f0}: 'java.lang.Object java.lang.invoke.Invokers$Holder.linkToTargetMethod(java.lang.Object, long, java.lang.Object)'> (0x000000008dbfc1f0) 
thrown [s\src\hotspot\share\interpreter\linkResolver.cpp, line 784]
Event: 7.208 Thread 0x00000150992af7a0 Implicit null exception at 0x0000015087bd44cf to 0x0000015087bd4848

ZGC Phase Switch (0 events):
No events

VM Operations (20 events):
Event: 4.813 Executing VM operation: HandshakeAllThreads (Deoptimize)
Event: 4.813 Executing VM operation: HandshakeAllThreads (Deoptimize) done
Event: 4.857 Executing VM operation: HandshakeAllThreads (Deoptimize)
Event: 4.857 Executing VM operation: HandshakeAllThreads (Deoptimize) done
Event: 4.880 Executing VM operation: G1CollectForAllocation (G1 Evacuation Pause)
Event: 4.883 Executing VM operation: G1CollectForAllocation (G1 Evacuation Pause) done
Event: 5.891 Executing VM operation: Cleanup
Event: 5.938 Executing VM operation: Cleanup done
Event: 6.011 Executing VM operation: HandshakeAllThreads (Deoptimize)
Event: 6.011 Executing VM operation: HandshakeAllThreads (Deoptimize) done
Event: 7.019 Executing VM operation: Cleanup
Event: 7.051 Executing VM operation: Cleanup done
Event: 7.151 Executing VM operation: G1CollectForAllocation (G1 Evacuation Pause)
Event: 7.155 Executing VM operation: G1CollectForAllocation (G1 Evacuation Pause) done
Event: 7.187 Executing VM operation: HandshakeAllThreads (Deoptimize)
Event: 7.187 Executing VM operation: HandshakeAllThreads (Deoptimize) done
Event: 7.206 Executing VM operation: HandshakeAllThreads (Deoptimize)
Event: 7.207 Executing VM operation: HandshakeAllThreads (Deoptimize) done
Event: 8.218 Executing VM operation: Cleanup
Event: 8.219 Executing VM operation: Cleanup done

Memory protections (0 events):
No events

Nmethod flushes (20 events):
Event: 4.429 Thread 0x00000150932b4a90 flushing  nmethod 0x000001508005ab90
Event: 4.429 Thread 0x00000150932b4a90 flushing  nmethod 0x000001508005b810
Event: 4.429 Thread 0x00000150932b4a90 flushing  nmethod 0x000001508005c610
Event: 4.429 Thread 0x00000150932b4a90 flushing  nmethod 0x000001508005cd10
Event: 4.429 Thread 0x00000150932b4a90 flushing  nmethod 0x000001508005d910
Event: 4.429 Thread 0x00000150932b4a90 flushing  nmethod 0x000001508005dd10
Event: 4.429 Thread 0x00000150932b4a90 flushing  nmethod 0x000001508005f210
Event: 4.429 Thread 0x00000150932b4a90 flushing  nmethod 0x0000015080063610
Event: 4.429 Thread 0x00000150932b4a90 flushing  nmethod 0x0000015080063d90
Event: 4.429 Thread 0x00000150932b4a90 flushing  nmethod 0x0000015080064210
Event: 4.429 Thread 0x00000150932b4a90 flushing  nmethod 0x0000015080064610
Event: 4.429 Thread 0x00000150932b4a90 flushing  nmethod 0x0000015080127010
Event: 4.429 Thread 0x00000150932b4a90 flushing  nmethod 0x0000015080192690
Event: 4.429 Thread 0x00000150932b4a90 flushing  nmethod 0x000001508019b610
Event: 4.429 Thread 0x00000150932b4a90 flushing  nmethod 0x000001508019bd90
Event: 4.429 Thread 0x00000150932b4a90 flushing  nmethod 0x000001508026f610
Event: 4.429 Thread 0x00000150932b4a90 flushing  nmethod 0x0000015080271310
Event: 4.429 Thread 0x00000150932b4a90 flushing  nmethod 0x0000015080274610
Event: 4.429 Thread 0x00000150932b4a90 flushing  nmethod 0x0000015080277d10
Event: 4.429 Thread 0x00000150932b4a90 flushing  nmethod 0x00000150803e1f90

Events (20 events):
Event: 2.571 Loaded shared library C:\Program Files\Android\Android Studio\jbr\bin\extnet.dll
Event: 2.661 Thread 0x00000150faf4d730 Thread added: 0x00000150994fae80
Event: 2.721 Thread 0x00000150faf4d730 Thread added: 0x0000015099624bc0
Event: 2.762 Thread 0x00000150994fae80 Thread added: 0x0000015099579a60
Event: 2.764 Thread 0x0000015099579a60 Thread added: 0x000001509956fd70
Event: 2.794 Thread 0x0000015099579a60 Thread added: 0x00000150993110a0
Event: 2.799 Thread 0x0000015099579a60 Thread added: 0x00000150993c1420
Event: 2.806 Thread 0x00000150993c1420 Thread added: 0x00000150992afe30
Event: 2.810 Thread 0x00000150993c1420 Thread added: 0x00000150992af110
Event: 2.811 Thread 0x00000150993c1420 Thread added: 0x00000150992aea80
Event: 3.170 Thread 0x00000150993c1420 Thread added: 0x00000150992b0b50
Event: 3.178 Thread 0x00000150993c1420 Thread added: 0x00000150992b11e0
Event: 3.223 Thread 0x00000150993c1420 Thread added: 0x00000150992af7a0
Event: 4.169 Thread 0x00000150993c1420 Thread added: 0x00000150992b1870
Event: 4.185 Thread 0x00000150993c1420 Thread added: 0x00000150992ae3f0
Event: 4.357 Thread 0x00000150993c1420 Thread added: 0x00000150992b04c0
Event: 4.360 Thread 0x00000150993c1420 Thread added: 0x00000150998361c0
Event: 5.923 Thread 0x00000150934d1120 Thread exited: 0x00000150934d1120
Event: 5.939 Thread 0x00000150934cef10 Thread exited: 0x00000150934cef10
Event: 5.939 Thread 0x00000150934cf5e0 Thread exited: 0x00000150934cf5e0


Dynamic libraries:
0x00007ff6217c0000 - 0x00007ff6217ca000 	C:\Program Files\Android\Android Studio\jbr\bin\java.exe
0x00007ff93c840000 - 0x00007ff93caa7000 	C:\WINDOWS\SYSTEM32\ntdll.dll
0x00007ff93b310000 - 0x00007ff93b3d9000 	C:\WINDOWS\System32\KERNEL32.DLL
0x00007ff939b00000 - 0x00007ff939eef000 	C:\WINDOWS\System32\KERNELBASE.dll
0x00007ff93a320000 - 0x00007ff93a46b000 	C:\WINDOWS\System32\ucrtbase.dll
0x00007ff92f790000 - 0x00007ff92f7ab000 	C:\Program Files\Android\Android Studio\jbr\bin\VCRUNTIME140.dll
0x00007ff8f15b0000 - 0x00007ff8f15c8000 	C:\Program Files\Android\Android Studio\jbr\bin\jli.dll
0x00007ff93acc0000 - 0x00007ff93ae85000 	C:\WINDOWS\System32\USER32.dll
0x00007ff928d30000 - 0x00007ff928fc3000 	C:\WINDOWS\WinSxS\amd64_microsoft.windows.common-controls_6595b64144ccf1df_6.0.26100.7309_none_3e05feeae336a044\COMCTL32.dll
0x00007ff93c130000 - 0x00007ff93c1d9000 	C:\WINDOWS\System32\msvcrt.dll
0x00007ff93a500000 - 0x00007ff93a527000 	C:\WINDOWS\System32\win32u.dll
0x00007ff93af10000 - 0x00007ff93af3b000 	C:\WINDOWS\System32\GDI32.dll
0x00007ff939f00000 - 0x00007ff93a02c000 	C:\WINDOWS\System32\gdi32full.dll
0x00007ff93a270000 - 0x00007ff93a313000 	C:\WINDOWS\System32\msvcp_win.dll
0x00007ff93c740000 - 0x00007ff93c771000 	C:\WINDOWS\System32\IMM32.DLL
0x00007ff936200000 - 0x00007ff93620c000 	C:\Program Files\Android\Android Studio\jbr\bin\vcruntime140_1.dll
0x00007ff8c7910000 - 0x00007ff8c799d000 	C:\Program Files\Android\Android Studio\jbr\bin\msvcp140.dll
0x00007ff8d8af0000 - 0x00007ff8d977b000 	C:\Program Files\Android\Android Studio\jbr\bin\server\jvm.dll
0x00007ff93c2e0000 - 0x00007ff93c394000 	C:\WINDOWS\System32\ADVAPI32.dll
0x00007ff93af40000 - 0x00007ff93afe6000 	C:\WINDOWS\System32\sechost.dll
0x00007ff93c010000 - 0x00007ff93c128000 	C:\WINDOWS\System32\RPCRT4.dll
0x00007ff93c780000 - 0x00007ff93c7f4000 	C:\WINDOWS\System32\WS2_32.dll
0x00007ff939810000 - 0x00007ff93986e000 	C:\WINDOWS\SYSTEM32\POWRPROF.dll
0x00007ff92f360000 - 0x00007ff92f395000 	C:\WINDOWS\SYSTEM32\WINMM.dll
0x00007ff92d8c0000 - 0x00007ff92d8cb000 	C:\WINDOWS\SYSTEM32\VERSION.dll
0x00007ff9397f0000 - 0x00007ff939804000 	C:\WINDOWS\SYSTEM32\UMPDC.dll
0x00007ff938740000 - 0x00007ff93875b000 	C:\WINDOWS\SYSTEM32\kernel.appcore.dll
0x00007ff92eff0000 - 0x00007ff92effa000 	C:\Program Files\Android\Android Studio\jbr\bin\jimage.dll
0x00007ff936bc0000 - 0x00007ff936e02000 	C:\WINDOWS\SYSTEM32\DBGHELP.DLL
0x00007ff93c3a0000 - 0x00007ff93c725000 	C:\WINDOWS\System32\combase.dll
0x00007ff93b460000 - 0x00007ff93b536000 	C:\WINDOWS\System32\OLEAUT32.dll
0x00007ff923420000 - 0x00007ff92345c000 	C:\WINDOWS\SYSTEM32\dbgcore.DLL
0x00007ff93a530000 - 0x00007ff93a5d5000 	C:\WINDOWS\System32\bcryptPrimitives.dll
0x00007ff92b110000 - 0x00007ff92b11e000 	C:\Program Files\Android\Android Studio\jbr\bin\instrument.dll
0x00007ff92a310000 - 0x00007ff92a330000 	C:\Program Files\Android\Android Studio\jbr\bin\java.dll
0x00007ff927d30000 - 0x00007ff927d48000 	C:\Program Files\Android\Android Studio\jbr\bin\zip.dll
0x00007ff93b860000 - 0x00007ff93bfb3000 	C:\WINDOWS\System32\SHELL32.dll
0x00007ff939990000 - 0x00007ff939afa000 	C:\WINDOWS\System32\wintypes.dll
0x00007ff9375d0000 - 0x00007ff937e2e000 	C:\WINDOWS\SYSTEM32\windows.storage.dll
0x00007ff93c1e0000 - 0x00007ff93c2d5000 	C:\WINDOWS\System32\SHCORE.dll
0x00007ff93b3f0000 - 0x00007ff93b456000 	C:\WINDOWS\System32\shlwapi.dll
0x00007ff9398b0000 - 0x00007ff9398d9000 	C:\WINDOWS\SYSTEM32\profapi.dll
0x00007ff92efe0000 - 0x00007ff92eff0000 	C:\Program Files\Android\Android Studio\jbr\bin\net.dll
0x00007ff92edf0000 - 0x00007ff92ef18000 	C:\WINDOWS\SYSTEM32\WINHTTP.dll
0x00007ff938cb0000 - 0x00007ff938d1b000 	C:\WINDOWS\system32\mswsock.dll
0x00007ff927c90000 - 0x00007ff927ca6000 	C:\Program Files\Android\Android Studio\jbr\bin\nio.dll
0x00007ff927cf0000 - 0x00007ff927d00000 	C:\Program Files\Android\Android Studio\jbr\bin\verify.dll
0x00007ff914640000 - 0x00007ff914667000 	C:\Users\Haqii\.gradle\native\1def1411415f61bf3af743bc5b6707747c0891f09f0c88961ee8f79bc544acac\windows-amd64\native-platform.dll
0x00007ff8f5280000 - 0x00007ff8f52f8000 	C:\Users\Haqii\.gradle\native\0.2.7\x86_64-windows-gnu\gradle-fileevents.dll
0x00007ff92a230000 - 0x00007ff92a239000 	C:\Program Files\Android\Android Studio\jbr\bin\management.dll
0x00007ff927c80000 - 0x00007ff927c8b000 	C:\Program Files\Android\Android Studio\jbr\bin\management_ext.dll
0x00007ff93b1d0000 - 0x00007ff93b1d8000 	C:\WINDOWS\System32\PSAPI.DLL
0x00007ff938150000 - 0x00007ff938184000 	C:\WINDOWS\SYSTEM32\IPHLPAPI.DLL
0x00007ff93c730000 - 0x00007ff93c73a000 	C:\WINDOWS\System32\NSI.dll
0x00007ff92b160000 - 0x00007ff92b169000 	C:\Program Files\Android\Android Studio\jbr\bin\extnet.dll
0x00007ff938f80000 - 0x00007ff938f9b000 	C:\WINDOWS\SYSTEM32\CRYPTSP.dll
0x00007ff9386a0000 - 0x00007ff9386da000 	C:\WINDOWS\system32\rsaenh.dll
0x00007ff938d60000 - 0x00007ff938d8b000 	C:\WINDOWS\SYSTEM32\USERENV.dll
0x00007ff939880000 - 0x00007ff9398aa000 	C:\WINDOWS\SYSTEM32\bcrypt.dll
0x00007ff938f70000 - 0x00007ff938f7c000 	C:\WINDOWS\SYSTEM32\CRYPTBASE.dll
0x00007ff8ba220000 - 0x00007ff8ba228000 	C:\WINDOWS\system32\wshunix.dll

dbghelp: loaded successfully - version: 4.0.5 - missing functions: none
symbol engine: initialized successfully - sym options: 0x614 - pdb path: .;C:\Program Files\Android\Android Studio\jbr\bin;C:\WINDOWS\SYSTEM32;C:\WINDOWS\WinSxS\amd64_microsoft.windows.common-controls_6595b64144ccf1df_6.0.26100.7309_none_3e05feeae336a044;C:\Program Files\Android\Android Studio\jbr\bin\server;C:\Users\Haqii\.gradle\native\1def1411415f61bf3af743bc5b6707747c0891f09f0c88961ee8f79bc544acac\windows-amd64;C:\Users\Haqii\.gradle\native\0.2.7\x86_64-windows-gnu

VM Arguments:
jvm_args: --add-opens=java.base/java.lang=ALL-UNNAMED --add-opens=java.base/java.lang.invoke=ALL-UNNAMED --add-opens=java.base/java.util=ALL-UNNAMED --add-opens=java.prefs/java.util.prefs=ALL-UNNAMED --add-exports=jdk.compiler/com.sun.tools.javac.api=ALL-UNNAMED --add-exports=jdk.compiler/com.sun.tools.javac.util=ALL-UNNAMED --add-opens=java.base/java.util=ALL-UNNAMED --add-opens=java.prefs/java.util.prefs=ALL-UNNAMED --add-opens=java.base/java.nio.charset=ALL-UNNAMED --add-opens=java.base/java.net=ALL-UNNAMED --add-opens=java.base/java.util.concurrent.atomic=ALL-UNNAMED --add-opens=java.xml/javax.xml.namespace=ALL-UNNAMED -Xmx2048m -Dfile.encoding=UTF-8 -Duser.country=ID -Duser.language=en -Duser.variant -javaagent:C:\Users\Haqii\.gradle\wrapper\dists\gradle-8.13-bin\5xuhj0ry160q40clulazy9h7d\gradle-8.13\lib\agents\gradle-instrumentation-agent-8.13.jar 
java_command: org.gradle.launcher.daemon.bootstrap.GradleDaemon 8.13
java_class_path (initial): C:\Users\Haqii\.gradle\wrapper\dists\gradle-8.13-bin\5xuhj0ry160q40clulazy9h7d\gradle-8.13\lib\gradle-daemon-main-8.13.jar
Launcher Type: SUN_STANDARD

[Global flags]
     intx CICompilerCount                          = 12                                        {product} {ergonomic}
     uint ConcGCThreads                            = 3                                         {product} {ergonomic}
     uint G1ConcRefinementThreads                  = 13                                        {product} {ergonomic}
   size_t G1HeapRegionSize                         = 1048576                                   {product} {ergonomic}
    uintx GCDrainStackTargetSize                   = 64                                        {product} {ergonomic}
   size_t InitialHeapSize                          = 255852544                                 {product} {ergonomic}
   size_t MarkStackSize                            = 4194304                                   {product} {ergonomic}
   size_t MaxHeapSize                              = 2147483648                                {product} {command line}
   size_t MaxNewSize                               = 1287651328                                {product} {ergonomic}
   size_t MinHeapDeltaBytes                        = 1048576                                   {product} {ergonomic}
   size_t MinHeapSize                              = 8388608                                   {product} {ergonomic}
    uintx NonNMethodCodeHeapSize                   = 7602480                                {pd product} {ergonomic}
    uintx NonProfiledCodeHeapSize                  = 122027880                              {pd product} {ergonomic}
    uintx ProfiledCodeHeapSize                     = 122027880                              {pd product} {ergonomic}
    uintx ReservedCodeCacheSize                    = 251658240                              {pd product} {ergonomic}
     bool SegmentedCodeCache                       = true                                      {product} {ergonomic}
   size_t SoftMaxHeapSize                          = 2147483648                             {manageable} {ergonomic}
     bool UseCompressedOops                        = true                           {product lp64_product} {ergonomic}
     bool UseG1GC                                  = true                                      {product} {ergonomic}
     bool UseLargePagesIndividualAllocation        = false                                  {pd product} {ergonomic}

Logging:
Log output configuration:
 #0: stdout all=warning uptime,level,tags foldmultilines=false
 #1: stderr all=off uptime,level,tags foldmultilines=false

Environment Variables:
PATH=C:\Program Files\Common Files\Oracle\Java\javapath;C:\Program Files (x86)\Common Files\Oracle\Java\java8path;C:\Program Files (x86)\Common Files\Oracle\Java\javapath;C:\WINDOWS\system32;C:\WINDOWS;C:\WINDOWS\System32\Wbem;C:\WINDOWS\System32\WindowsPowerShell\v1.0\;C:\WINDOWS\System32\OpenSSH\;C:\xampp\php;C:\ProgramData\ComposerSetup\bin;C:\Program Files\Git\cmd;C:\Program Files\dotnet\;C:\ProgramData\chocolatey\bin;C:\Program Files\nodejs\;C:\Program Files\Common Files\Oracle\Java\javapath;C:\Windows\system32;C:\Windows;C:\Windows\System32\Wbem;C:\Windows\System32\WindowsPowerShell\v1.0\;C:\Windows\System32\OpenSSH\;C:\xampp\php;C:\ProgramData\ComposerSetup\bin;C:\Program Files\nodejs\;C:\Program Files\Git\cmd;C:\Program Files\dotnet\;C:\ProgramData\chocolatey\bin;c:\Users\Haqii\AppData\Local\Programs\cursor\resources\app\codeBin;C:\Users\Haqii\AppData\Local\Programs\Python\Launcher\;C:\Users\Haqii\AppData\Local\Microsoft\WindowsApps;C:\Users\Haqii\AppData\Local\Programs\Microsoft VS Code\bin;C:\Users\Haqii\AppData\Roaming\Composer\vendor\bin;C:\msys64\ucrt64\bin;C:\Users\Haqii\AppData\Local\spicetify;C:\Users\Haqii\.deno\bin;C:\Android\cmdline-tools\latest\bin;C:\Android\platform-tools;C:\Android\emulator;C:\Users\Haqii\AppData\Roaming\npm;C:\Users\Haqii\AppData\Local\Microsoft\WindowsApps;C:\laragon\bin\php\php-8.3.26-Win32-vs16-x64;C:\laragon\bin\composer;
USERNAME=Haqii
OS=Windows_NT
PROCESSOR_IDENTIFIER=AMD64 Family 25 Model 68 Stepping 1, AuthenticAMD
TMP=C:\Users\Haqii\AppData\Local\Temp
TEMP=C:\Users\Haqii\AppData\Local\Temp




Periodic native trim disabled

JNI global refs:
JNI global refs: 33, weak refs: 0

JNI global refs memory usage: 835, weak refs: 833

Process memory usage:
Resident Set Size: 293532K (1% of 15988352K total physical memory with 859020K free physical memory)

OOME stack traces (most recent first):
Classloader memory used:
Loader org.gradle.internal.classloader.VisitableURLClassLoader                         : 21853K
Loader bootstrap                                                                       : 20297K
Loader org.gradle.initialization.MixInLegacyTypesClassLoader                           : 2732K
Loader jdk.internal.loader.ClassLoaders$PlatformClassLoader                            : 512K
Loader jdk.internal.loader.ClassLoaders$AppClassLoader                                 : 235K

Classes loaded by more than one classloader:
Class org.gradle.internal.classloader.FilteringClassLoader                            : loaded 2 times (x 101B)
Class org.gradle.internal.classloader.ClassLoaderHierarchy                            : loaded 2 times (x 66B)
Class org.gradle.api.internal.classpath.ManifestUtil                                  : loaded 2 times (x 67B)
Class org.gradle.internal.classloader.DefaultClassLoaderFactory                       : loaded 2 times (x 78B)
Class org.gradle.internal.classloader.ClassLoaderVisitor                              : loaded 2 times (x 72B)
Class org.gradle.api.internal.classpath.EffectiveClassPath                            : loaded 2 times (x 86B)
Class org.gradle.api.internal.DefaultClassPathProvider                                : loaded 2 times (x 72B)
Class [Lorg.gradle.api.internal.ClassPathProvider;                                    : loaded 2 times (x 65B)
Class org.gradle.api.internal.ClassPathProvider                                       : loaded 2 times (x 66B)
Class org.gradle.internal.service.UnknownServiceException                             : loaded 2 times (x 79B)
Class org.gradle.internal.classpath.TransformedClassPath                              : loaded 2 times (x 92B)
Class org.gradle.internal.classloader.InstrumentingClassLoader                        : loaded 2 times (x 66B)
Class org.gradle.internal.service.ServiceLocator                                      : loaded 2 times (x 66B)
Class org.gradle.internal.InternalTransformer                                         : loaded 2 times (x 66B)
Class org.gradle.internal.classloader.ClasspathUtil$1                                 : loaded 2 times (x 72B)
Class org.gradle.api.internal.classpath.DefaultModuleRegistry$DefaultModule           : loaded 2 times (x 82B)
Class org.gradle.api.internal.classpath.Module                                        : loaded 2 times (x 66B)
Class org.gradle.api.internal.classpath.UnknownModuleException                        : loaded 2 times (x 78B)
Class org.gradle.api.internal.DefaultClassPathRegistry                                : loaded 2 times (x 72B)
Class org.gradle.api.internal.ClassPathRegistry                                       : loaded 2 times (x 66B)
Class org.gradle.internal.classpath.DefaultClassPath$ImmutableUniqueList              : loaded 2 times (x 195B)
Class org.gradle.internal.classpath.ClassPath                                         : loaded 2 times (x 66B)
Class org.gradle.api.UncheckedIOException                                             : loaded 2 times (x 78B)
Class org.gradle.internal.installation.GradleInstallation$1                           : loaded 2 times (x 71B)
Class org.gradle.api.internal.classpath.ModuleRegistry                                : loaded 2 times (x 66B)
Class org.gradle.api.internal.classpath.DefaultModuleRegistry                         : loaded 2 times (x 82B)
Class org.gradle.internal.service.ServiceLookupException                              : loaded 2 times (x 78B)
Class org.gradle.internal.classloader.ClassLoaderFactory                              : loaded 2 times (x 66B)
Class org.gradle.internal.service.CachingServiceLocator                               : loaded 2 times (x 78B)
Class org.gradle.internal.classloader.ClasspathUtil                                   : loaded 2 times (x 67B)
Class org.gradle.api.specs.Spec                                                       : loaded 2 times (x 66B)
Class org.gradle.internal.classloader.VisitableURLClassLoader$InstrumentingVisitableURLClassLoader: loaded 2 times (x 119B)
Class org.gradle.internal.classloader.VisitableURLClassLoader$Spec                    : loaded 2 times (x 70B)
Class org.gradle.internal.classpath.DefaultClassPath                                  : loaded 2 times (x 86B)
Class org.gradle.internal.classloader.ClassLoaderSpec                                 : loaded 2 times (x 67B)
Class org.gradle.internal.classloader.VisitableURLClassLoader                         : loaded 2 times (x 113B)
Class org.gradle.internal.Cast                                                        : loaded 2 times (x 67B)
Class org.gradle.api.Action                                                           : loaded 2 times (x 66B)
Class org.gradle.internal.classpath.DefaultClassPath$ImmutableUniqueList$Builder      : loaded 2 times (x 71B)
Class org.gradle.api.GradleException                                                  : loaded 2 times (x 78B)
Class org.gradle.internal.IoActions                                                   : loaded 2 times (x 67B)
Class org.gradle.internal.classloader.SystemClassLoaderSpec                           : loaded 2 times (x 67B)
Class org.gradle.api.internal.classpath.GlobalCacheRootsProvider                      : loaded 2 times (x 66B)
Class org.gradle.internal.installation.CurrentGradleInstallationLocator               : loaded 2 times (x 67B)
Class org.gradle.internal.service.DefaultServiceLocator                               : loaded 2 times (x 79B)
Class org.gradle.internal.installation.CurrentGradleInstallation                      : loaded 2 times (x 69B)
Class org.gradle.util.internal.GUtil                                                  : loaded 2 times (x 67B)
Class org.gradle.internal.installation.GradleInstallation                             : loaded 2 times (x 71B)

---------------  S Y S T E M  ---------------

OS:
 Windows 11 , 64 bit Build 26100 (10.0.26100.7309)
OS uptime: 0 days 2:03 hours

CPU: total 16 (initial active 16) (16 cores per cpu, 2 threads per core) family 25 model 68 stepping 1 microcode 0xa404102, cx8, cmov, fxsr, ht, mmx, 3dnowpref, sse, sse2, sse3, ssse3, sse4a, sse4.1, sse4.2, popcnt, lzcnt, tsc, tscinvbit, avx, avx2, aes, erms, clmul, bmi1, bmi2, adx, sha, fma, vzeroupper, clflush, clflushopt, rdtscp, rdpid, fsrm, f16c, pku, cet_ss
Processor Information for processor 0
  Max Mhz: 3201, Current Mhz: 3201, Mhz Limit: 3201
Processor Information for processor 1
  Max Mhz: 3201, Current Mhz: 2560, Mhz Limit: 3201
Processor Information for processor 2
  Max Mhz: 3201, Current Mhz: 2560, Mhz Limit: 3201
Processor Information for processor 3
  Max Mhz: 3201, Current Mhz: 3201, Mhz Limit: 3201
Processor Information for processor 4
  Max Mhz: 3201, Current Mhz: 3201, Mhz Limit: 3201
Processor Information for processor 5
  Max Mhz: 3201, Current Mhz: 2560, Mhz Limit: 3201
Processor Information for processor 6
  Max Mhz: 3201, Current Mhz: 2560, Mhz Limit: 3201
Processor Information for processor 7
  Max Mhz: 3201, Current Mhz: 3201, Mhz Limit: 3201
Processor Information for processor 8
  Max Mhz: 3201, Current Mhz: 3201, Mhz Limit: 3201
Processor Information for processor 9
  Max Mhz: 3201, Current Mhz: 2560, Mhz Limit: 3201
Processor Information for processor 10
  Max Mhz: 3201, Current Mhz: 2560, Mhz Limit: 3201
Processor Information for processor 11
  Max Mhz: 3201, Current Mhz: 3201, Mhz Limit: 3201
Processor Information for processor 12
  Max Mhz: 3201, Current Mhz: 2560, Mhz Limit: 3201
Processor Information for processor 13
  Max Mhz: 3201, Current Mhz: 3201, Mhz Limit: 3201
Processor Information for processor 14
  Max Mhz: 3201, Current Mhz: 3201, Mhz Limit: 3201
Processor Information for processor 15
  Max Mhz: 3201, Current Mhz: 2560, Mhz Limit: 3201

Memory: 4k page, system-wide physical 15613M (826M free)
TotalPageFile size 28925M (AvailPageFile size 8M)
current process WorkingSet (physical memory assigned to process): 289M, peak: 289M
current process commit charge ("private bytes"): 334M, peak: 387M

vm_info: OpenJDK 64-Bit Server VM (21.0.6+-13391695-b895.109) for windows-amd64 JRE (21.0.6+-13391695-b895.109), built on 2025-04-22T21:19:17Z by "builder" with MS VC++ 16.10 / 16.11 (VS2019)

END.
