#
# There is insufficient memory for the Java Runtime Environment to continue.
# Native memory allocation (malloc) failed to allocate 1825616 bytes. Error detail: Chunk::new
# Possible reasons:
#   The system is out of physical RAM or swap space
#   This process is running with CompressedOops enabled, and the Java Heap may be blocking the growth of the native heap
# Possible solutions:
#   Reduce memory load on the system
#   Increase physical memory or swap space
#   Check if swap backing store is full
#   Decrease Java heap size (-Xmx/-Xms)
#   Decrease number of Java threads
#   Decrease Java thread stack sizes (-Xss)
#   Set larger code cache with -XX:ReservedCodeCacheSize=
#   JVM is running with Zero Based Compressed Oops mode in which the Java heap is
#     placed in the first 32GB address space. The Java Heap base address is the
#     maximum limit for the native heap growth. Please use -XX:HeapBaseMinAddress
#     to set the Java Heap base and to place the Java Heap above 32GB virtual address.
# This output file may be truncated or incomplete.
#
#  Out of Memory Error (arena.cpp:149), pid=21636, tid=22728
#
# JRE version: Java(TM) SE Runtime Environment (23.0.1+11) (build 23.0.1+11-39)
# Java VM: Java HotSpot(TM) 64-Bit Server VM (23.0.1+11-39, mixed mode, sharing, tiered, compressed oops, compressed class ptrs, g1 gc, windows-amd64)
# No core dump will be written. Minidumps are not enabled by default on client versions of Windows
#

---------------  S U M M A R Y ------------

Command Line: -DkotlinLanguageServer.version=1.3.13 org.javacs.kt.MainKt

Host: AMD Ryzen 7 7735HS with Radeon Graphics        , 16 cores, 15G,  Windows 11 , 64 bit Build 26100 (10.0.26100.7309)
Time: Wed Mar  4 08:53:09 2026 SE Asia Standard Time elapsed time: 40.914229 seconds (0d 0h 0m 40s)

---------------  T H R E A D  ---------------

Current thread (0x000002434cad4070):  JavaThread "C2 CompilerThread2" daemon [_thread_in_native, id=22728, stack(0x000000dbbc900000,0x000000dbbca00000) (1024K)]


Current CompileTask:
C2:40914 6710       4       org.jetbrains.kotlin.parsing.KotlinExpressionParsing::parseBinaryExpression (70 bytes)

Stack: [0x000000dbbc900000,0x000000dbbca00000]
Native frames: (J=compiled Java code, j=interpreted, Vv=VM code, C=native code)
V  [jvm.dll+0x6e08b9]  (no source info available)
V  [jvm.dll+0x87dc83]  (no source info available)
V  [jvm.dll+0x88010e]  (no source info available)
V  [jvm.dll+0x8807e3]  (no source info available)
V  [jvm.dll+0x27aee6]  (no source info available)
V  [jvm.dll+0xbc06f]  (no source info available)
V  [jvm.dll+0xbc2cb]  (no source info available)
V  [jvm.dll+0x3b3a62]  (no source info available)
V  [jvm.dll+0x38a42b]  (no source info available)
V  [jvm.dll+0x38989a]  (no source info available)
V  [jvm.dll+0x244aa1]  (no source info available)
V  [jvm.dll+0x243dff]  (no source info available)
V  [jvm.dll+0x1c33a0]  (no source info available)
V  [jvm.dll+0x253cf1]  (no source info available)
V  [jvm.dll+0x251faa]  (no source info available)
V  [jvm.dll+0x3ee036]  (no source info available)
V  [jvm.dll+0x824f8b]  (no source info available)
V  [jvm.dll+0x6df065]  (no source info available)
C  [ucrtbase.dll+0x37b0]  (no source info available)
C  [KERNEL32.DLL+0x2e8d7]  (no source info available)
C  [ntdll.dll+0x8c53c]  (no source info available)

Lock stack of current Java thread (top to bottom):


---------------  P R O C E S S  ---------------

Threads class SMR info:
_java_thread_list=0x0000024356892570, length=21, elements={
0x0000024306992270, 0x0000024306992cd0, 0x00000243069a5f60, 0x00000243069a69c0,
0x00000243069a77b0, 0x00000243069a8210, 0x00000243069a8fa0, 0x00000243069abf40,
0x000002434c1a35b0, 0x000002434c1ab290, 0x000002434d860bc0, 0x000002434d642720,
0x000002434d641370, 0x0000024358510240, 0x000002434c52d010, 0x000002434d640ce0,
0x000002434d643ad0, 0x000002434d642db0, 0x000002434cad4070, 0x0000024358aa3df0,
0x0000024357fbe8a0
}

Java Threads: ( => current thread )
  0x0000024306992270 JavaThread "Reference Handler"          daemon [_thread_blocked, id=21756, stack(0x000000dbba900000,0x000000dbbaa00000) (1024K)]
  0x0000024306992cd0 JavaThread "Finalizer"                  daemon [_thread_blocked, id=21860, stack(0x000000dbbaa00000,0x000000dbbab00000) (1024K)]
  0x00000243069a5f60 JavaThread "Signal Dispatcher"          daemon [_thread_blocked, id=13548, stack(0x000000dbbab00000,0x000000dbbac00000) (1024K)]
  0x00000243069a69c0 JavaThread "Attach Listener"            daemon [_thread_blocked, id=21884, stack(0x000000dbbac00000,0x000000dbbad00000) (1024K)]
  0x00000243069a77b0 JavaThread "Service Thread"             daemon [_thread_blocked, id=20196, stack(0x000000dbbad00000,0x000000dbbae00000) (1024K)]
  0x00000243069a8210 JavaThread "Monitor Deflation Thread"   daemon [_thread_blocked, id=19892, stack(0x000000dbbae00000,0x000000dbbaf00000) (1024K)]
  0x00000243069a8fa0 JavaThread "C2 CompilerThread0"         daemon [_thread_in_native, id=20016, stack(0x000000dbbaf00000,0x000000dbbb000000) (1024K)]
  0x00000243069abf40 JavaThread "C1 CompilerThread0"         daemon [_thread_in_native, id=21528, stack(0x000000dbbb000000,0x000000dbbb100000) (1024K)]
  0x000002434c1a35b0 JavaThread "Notification Thread"        daemon [_thread_blocked, id=14144, stack(0x000000dbbb400000,0x000000dbbb500000) (1024K)]
  0x000002434c1ab290 JavaThread "Common-Cleaner"             daemon [_thread_blocked, id=11152, stack(0x000000dbbb500000,0x000000dbbb600000) (1024K)]
  0x000002434d860bc0 JavaThread "client"                            [_thread_in_native, id=19700, stack(0x000000dbbc600000,0x000000dbbc700000) (1024K)]
  0x000002434d642720 JavaThread "DestroyJavaVM"                     [_thread_blocked, id=21936, stack(0x000000dbba100000,0x000000dbba200000) (1024K)]
  0x000002434d641370 JavaThread "async0"                            [_thread_blocked, id=18544, stack(0x000000dbbc700000,0x000000dbbc800000) (1024K)]
  0x0000024358510240 JavaThread "C1 CompilerThread1"         daemon [_thread_blocked, id=24416, stack(0x000000dbb9f00000,0x000000dbba000000) (1024K)]
  0x000002434c52d010 JavaThread "C2 CompilerThread1"         daemon [_thread_in_native, id=10088, stack(0x000000dbbb300000,0x000000dbbb400000) (1024K)]
  0x000002434d640ce0 JavaThread "async1"                            [_thread_blocked, id=20328, stack(0x000000dbbb600000,0x000000dbbb700000) (1024K)]
  0x000002434d643ad0 JavaThread "Thread-9"                          [_thread_in_native, id=24196, stack(0x000000dbbc500000,0x000000dbbc600000) (1024K)]
  0x000002434d642db0 JavaThread "Thread-10"                         [_thread_in_native, id=24236, stack(0x000000dbbc800000,0x000000dbbc900000) (1024K)]
=>0x000002434cad4070 JavaThread "C2 CompilerThread2"         daemon [_thread_in_native, id=22728, stack(0x000000dbbc900000,0x000000dbbca00000) (1024K)]
  0x0000024358aa3df0 JavaThread "debounce0"                         [_thread_in_native, id=23596, stack(0x000000dbbca00000,0x000000dbbcb00000) (1024K)]
  0x0000024357fbe8a0 JavaThread "C2 CompilerThread3"         daemon [_thread_in_native, id=22424, stack(0x000000dbbb100000,0x000000dbbb200000) (1024K)]
Total: 21

Other Threads:
  0x0000024306978b30 VMThread "VM Thread"                           [id=3604, stack(0x000000dbba800000,0x000000dbba900000) (1024K)]
  0x0000024306964670 WatcherThread "VM Periodic Task Thread"        [id=21680, stack(0x000000dbba700000,0x000000dbba800000) (1024K)]
  0x00000243670d0640 WorkerThread "GC Thread#0"                     [id=21624, stack(0x000000dbba200000,0x000000dbba300000) (1024K)]
  0x000002434ccbab60 WorkerThread "GC Thread#1"                     [id=20812, stack(0x000000dbbb800000,0x000000dbbb900000) (1024K)]
  0x000002434ccbaf10 WorkerThread "GC Thread#2"                     [id=9800, stack(0x000000dbbb900000,0x000000dbbba00000) (1024K)]
  0x000002434ccd1aa0 WorkerThread "GC Thread#3"                     [id=5008, stack(0x000000dbbba00000,0x000000dbbbb00000) (1024K)]
  0x000002434ccdc680 WorkerThread "GC Thread#4"                     [id=21640, stack(0x000000dbbbb00000,0x000000dbbbc00000) (1024K)]
  0x000002434ccdca30 WorkerThread "GC Thread#5"                     [id=20132, stack(0x000000dbbbc00000,0x000000dbbbd00000) (1024K)]
  0x000002434ccdbb70 WorkerThread "GC Thread#6"                     [id=19676, stack(0x000000dbbbd00000,0x000000dbbbe00000) (1024K)]
  0x000002434ccdb7c0 WorkerThread "GC Thread#7"                     [id=19580, stack(0x000000dbbb700000,0x000000dbbb800000) (1024K)]
  0x000002434ccdbf20 WorkerThread "GC Thread#8"                     [id=4460, stack(0x000000dbbbe00000,0x000000dbbbf00000) (1024K)]
  0x000002434d378290 WorkerThread "GC Thread#9"                     [id=19568, stack(0x000000dbbbf00000,0x000000dbbc000000) (1024K)]
  0x000002434d3768c0 WorkerThread "GC Thread#10"                    [id=20228, stack(0x000000dbbc000000,0x000000dbbc100000) (1024K)]
  0x000002434d378da0 WorkerThread "GC Thread#11"                    [id=21984, stack(0x000000dbbc100000,0x000000dbbc200000) (1024K)]
  0x000002434d379150 WorkerThread "GC Thread#12"                    [id=19780, stack(0x000000dbbc200000,0x000000dbbc300000) (1024K)]
  0x00000243670e4790 ConcurrentGCThread "G1 Main Marker"            [id=21664, stack(0x000000dbba300000,0x000000dbba400000) (1024K)]
  0x00000243670e81c0 WorkerThread "G1 Conc#0"                       [id=18584, stack(0x000000dbba400000,0x000000dbba500000) (1024K)]
  0x000002434d3773d0 WorkerThread "G1 Conc#1"                       [id=21532, stack(0x000000dbbc300000,0x000000dbbc400000) (1024K)]
  0x000002434d376160 WorkerThread "G1 Conc#2"                       [id=20972, stack(0x000000dbbc400000,0x000000dbbc500000) (1024K)]
  0x0000024306831ff0 ConcurrentGCThread "G1 Refine#0"               [id=21836, stack(0x000000dbba500000,0x000000dbba600000) (1024K)]
  0x0000024306832910 ConcurrentGCThread "G1 Service"                [id=19432, stack(0x000000dbba600000,0x000000dbba700000) (1024K)]
Total: 21

Threads with active compile tasks:
C2 CompilerThread0  40977 6628       4       org.jetbrains.kotlin.parsing.AbstractKotlinParsing::atSet (113 bytes)
C1 CompilerThread0  41393 6836       3       java.util.regex.Pattern::escape (1306 bytes)
C2 CompilerThread1  41393 6773       4       org.jetbrains.kotlin.parsing.SemanticWhitespaceAwarePsiBuilderImpl::getTokenText (53 bytes)
C2 CompilerThread2  41393 6710       4       org.jetbrains.kotlin.parsing.KotlinExpressionParsing::parseBinaryExpression (70 bytes)
C2 CompilerThread3  41393 6770       4       org.jetbrains.kotlin.parsing.SemanticWhitespaceAwarePsiBuilderImpl::lookAhead (46 bytes)
Total: 5

VM state: not at safepoint (normal execution)

VM Mutex/Monitor currently owned by a thread: None

Heap address: 0x000000070c000000, size: 3904 MB, Compressed Oops mode: Zero based, Oop shift amount: 3

CDS archive(s) mapped at: [0x0000024307000000-0x0000024307d70000-0x0000024307d70000), size 14090240, SharedBaseAddress: 0x0000024307000000, ArchiveRelocationMode: 1.
Compressed class space mapped at: 0x0000024308000000-0x0000024348000000, reserved size: 1073741824
Narrow klass base: 0x0000024307000000, Narrow klass shift: 0, Narrow klass range: 0x41000000

GC Precious Log:
 CardTable entry size: 512
 Card Set container configuration: InlinePtr #cards 4 size 8 Array Of Cards #cards 16 size 48 Howl #buckets 8 coarsen threshold 3686 Howl Bitmap #cards 512 size 80 coarsen threshold 460 Card regions per heap region 1 cards per card region 4096
 CPUs: 16 total, 16 available
 Memory: 15613M
 Large Page Support: Disabled
 NUMA Support: Disabled
 Compressed Oops: Enabled (Zero based)
 Heap Region Size: 2M
 Heap Min Capacity: 8M
 Heap Initial Capacity: 244M
 Heap Max Capacity: 3904M
 Pre-touch: Disabled
 Parallel Workers: 13
 Concurrent Workers: 3
 Concurrent Refinement Workers: 13
 Periodic GC: Disabled

Heap:
 garbage-first heap   total reserved 3997696K, committed 137216K, used 71149K [0x000000070c000000, 0x0000000800000000)
  region size 2048K, 16 young (32768K), 1 survivors (2048K)
 Metaspace       used 53516K, committed 54528K, reserved 1114112K
  class space    used 6565K, committed 7040K, reserved 1048576K

Heap Regions: E=young(eden), S=young(survivor), O=old, HS=humongous(starts), HC=humongous(continues), CS=collection set, F=free, TAMS=top-at-mark-start, PB=parsable bottom
|   0|0x000000070c000000, 0x000000070c200000, 0x000000070c200000|100%|HS|  |TAMS 0x000000070c000000| PB 0x000000070c000000| Complete |  0
|   1|0x000000070c200000, 0x000000070c400000, 0x000000070c400000|100%|HC|  |TAMS 0x000000070c200000| PB 0x000000070c200000| Complete |  0
|   2|0x000000070c400000, 0x000000070c600000, 0x000000070c600000|100%| O|  |TAMS 0x000000070c400000| PB 0x000000070c400000| Untracked |  0
|   3|0x000000070c600000, 0x000000070c800000, 0x000000070c800000|100%| O|  |TAMS 0x000000070c600000| PB 0x000000070c600000| Untracked |  0
|   4|0x000000070c800000, 0x000000070ca00000, 0x000000070ca00000|100%| O|  |TAMS 0x000000070c800000| PB 0x000000070c800000| Untracked |  0
|   5|0x000000070ca00000, 0x000000070cc00000, 0x000000070cc00000|100%| O|  |TAMS 0x000000070ca00000| PB 0x000000070ca00000| Untracked |  0
|   6|0x000000070cc00000, 0x000000070ce00000, 0x000000070ce00000|100%| O|  |TAMS 0x000000070cc00000| PB 0x000000070cc00000| Untracked |  0
|   7|0x000000070ce00000, 0x000000070d000000, 0x000000070d000000|100%| O|  |TAMS 0x000000070ce00000| PB 0x000000070ce00000| Untracked |  0
|   8|0x000000070d000000, 0x000000070d200000, 0x000000070d200000|100%| O|  |TAMS 0x000000070d000000| PB 0x000000070d000000| Untracked |  0
|   9|0x000000070d200000, 0x000000070d273c08, 0x000000070d400000| 22%| O|  |TAMS 0x000000070d200000| PB 0x000000070d200000| Untracked |  0
|  10|0x000000070d400000, 0x000000070d600000, 0x000000070d600000|100%| O|  |TAMS 0x000000070d400000| PB 0x000000070d400000| Untracked |  0
|  11|0x000000070d600000, 0x000000070d800000, 0x000000070d800000|100%| O|  |TAMS 0x000000070d600000| PB 0x000000070d600000| Untracked |  0
|  12|0x000000070d800000, 0x000000070da00000, 0x000000070da00000|100%| O|Cm|TAMS 0x000000070d800000| PB 0x000000070d800000| Complete |  0
|  13|0x000000070da00000, 0x000000070dc00000, 0x000000070dc00000|100%| O|  |TAMS 0x000000070da00000| PB 0x000000070da00000| Untracked |  0
|  14|0x000000070dc00000, 0x000000070de00000, 0x000000070de00000|100%| O|  |TAMS 0x000000070dc00000| PB 0x000000070dc00000| Untracked |  0
|  15|0x000000070de00000, 0x000000070e000000, 0x000000070e000000|100%| O|  |TAMS 0x000000070de00000| PB 0x000000070de00000| Untracked |  0
|  16|0x000000070e000000, 0x000000070e200000, 0x000000070e200000|100%| O|  |TAMS 0x000000070e000000| PB 0x000000070e000000| Untracked |  0
|  17|0x000000070e200000, 0x000000070e400000, 0x000000070e400000|100%| O|  |TAMS 0x000000070e200000| PB 0x000000070e200000| Untracked |  0
|  18|0x000000070e400000, 0x000000070e600000, 0x000000070e600000|100%|HS|  |TAMS 0x000000070e400000| PB 0x000000070e400000| Complete |  0
|  19|0x000000070e600000, 0x000000070e707880, 0x000000070e800000| 51%| S|CS|TAMS 0x000000070e600000| PB 0x000000070e600000| Complete |  0
|  20|0x000000070e800000, 0x000000070ea00000, 0x000000070ea00000|100%|HS|  |TAMS 0x000000070e800000| PB 0x000000070e800000| Complete |  0
|  21|0x000000070ea00000, 0x000000070ea00000, 0x000000070ec00000|  0%| F|  |TAMS 0x000000070ea00000| PB 0x000000070ea00000| Untracked |  0
|  22|0x000000070ec00000, 0x000000070ec00000, 0x000000070ee00000|  0%| F|  |TAMS 0x000000070ec00000| PB 0x000000070ec00000| Untracked |  0
|  23|0x000000070ee00000, 0x000000070ee00000, 0x000000070f000000|  0%| F|  |TAMS 0x000000070ee00000| PB 0x000000070ee00000| Untracked |  0
|  24|0x000000070f000000, 0x000000070f000000, 0x000000070f200000|  0%| F|  |TAMS 0x000000070f000000| PB 0x000000070f000000| Untracked |  0
|  25|0x000000070f200000, 0x000000070f200000, 0x000000070f400000|  0%| F|  |TAMS 0x000000070f200000| PB 0x000000070f200000| Untracked |  0
|  26|0x000000070f400000, 0x000000070f400000, 0x000000070f600000|  0%| F|  |TAMS 0x000000070f400000| PB 0x000000070f400000| Untracked |  0
|  27|0x000000070f600000, 0x000000070f600000, 0x000000070f800000|  0%| F|  |TAMS 0x000000070f600000| PB 0x000000070f600000| Untracked |  0
|  28|0x000000070f800000, 0x000000070f800000, 0x000000070fa00000|  0%| F|  |TAMS 0x000000070f800000| PB 0x000000070f800000| Untracked |  0
|  29|0x000000070fa00000, 0x000000070fa00000, 0x000000070fc00000|  0%| F|  |TAMS 0x000000070fa00000| PB 0x000000070fa00000| Untracked |  0
|  30|0x000000070fc00000, 0x000000070fc00000, 0x000000070fe00000|  0%| F|  |TAMS 0x000000070fc00000| PB 0x000000070fc00000| Untracked |  0
|  31|0x000000070fe00000, 0x000000070fe00000, 0x0000000710000000|  0%| F|  |TAMS 0x000000070fe00000| PB 0x000000070fe00000| Untracked |  0
|  32|0x0000000710000000, 0x0000000710000000, 0x0000000710200000|  0%| F|  |TAMS 0x0000000710000000| PB 0x0000000710000000| Untracked |  0
|  33|0x0000000710200000, 0x0000000710200000, 0x0000000710400000|  0%| F|  |TAMS 0x0000000710200000| PB 0x0000000710200000| Untracked |  0
|  34|0x0000000710400000, 0x0000000710400000, 0x0000000710600000|  0%| F|  |TAMS 0x0000000710400000| PB 0x0000000710400000| Untracked |  0
|  35|0x0000000710600000, 0x0000000710600000, 0x0000000710800000|  0%| F|  |TAMS 0x0000000710600000| PB 0x0000000710600000| Untracked |  0
|  36|0x0000000710800000, 0x0000000710800000, 0x0000000710a00000|  0%| F|  |TAMS 0x0000000710800000| PB 0x0000000710800000| Untracked |  0
|  37|0x0000000710a00000, 0x0000000710a00000, 0x0000000710c00000|  0%| F|  |TAMS 0x0000000710a00000| PB 0x0000000710a00000| Untracked |  0
|  38|0x0000000710c00000, 0x0000000710c00000, 0x0000000710e00000|  0%| F|  |TAMS 0x0000000710c00000| PB 0x0000000710c00000| Untracked |  0
|  39|0x0000000710e00000, 0x0000000710e00000, 0x0000000711000000|  0%| F|  |TAMS 0x0000000710e00000| PB 0x0000000710e00000| Untracked |  0
|  40|0x0000000711000000, 0x0000000711000000, 0x0000000711200000|  0%| F|  |TAMS 0x0000000711000000| PB 0x0000000711000000| Untracked |  0
|  41|0x0000000711200000, 0x0000000711200000, 0x0000000711400000|  0%| F|  |TAMS 0x0000000711200000| PB 0x0000000711200000| Untracked |  0
|  42|0x0000000711400000, 0x0000000711400000, 0x0000000711600000|  0%| F|  |TAMS 0x0000000711400000| PB 0x0000000711400000| Untracked |  0
|  43|0x0000000711600000, 0x0000000711600000, 0x0000000711800000|  0%| F|  |TAMS 0x0000000711600000| PB 0x0000000711600000| Untracked |  0
|  44|0x0000000711800000, 0x0000000711800000, 0x0000000711a00000|  0%| F|  |TAMS 0x0000000711800000| PB 0x0000000711800000| Untracked |  0
|  45|0x0000000711a00000, 0x0000000711a00000, 0x0000000711c00000|  0%| F|  |TAMS 0x0000000711a00000| PB 0x0000000711a00000| Untracked |  0
|  46|0x0000000711c00000, 0x0000000711c00000, 0x0000000711e00000|  0%| F|  |TAMS 0x0000000711c00000| PB 0x0000000711c00000| Untracked |  0
|  47|0x0000000711e00000, 0x0000000711e00000, 0x0000000712000000|  0%| F|  |TAMS 0x0000000711e00000| PB 0x0000000711e00000| Untracked |  0
|  48|0x0000000712000000, 0x0000000712000000, 0x0000000712200000|  0%| F|  |TAMS 0x0000000712000000| PB 0x0000000712000000| Untracked |  0
|  49|0x0000000712200000, 0x0000000712200000, 0x0000000712400000|  0%| F|  |TAMS 0x0000000712200000| PB 0x0000000712200000| Untracked |  0
|  50|0x0000000712400000, 0x0000000712400000, 0x0000000712600000|  0%| F|  |TAMS 0x0000000712400000| PB 0x0000000712400000| Untracked |  0
|  51|0x0000000712600000, 0x0000000712800000, 0x0000000712800000|100%| E|  |TAMS 0x0000000712600000| PB 0x0000000712600000| Complete |  0
|  52|0x0000000712800000, 0x0000000712a00000, 0x0000000712a00000|100%| E|CS|TAMS 0x0000000712800000| PB 0x0000000712800000| Complete |  0
|  53|0x0000000712a00000, 0x0000000712c00000, 0x0000000712c00000|100%| E|CS|TAMS 0x0000000712a00000| PB 0x0000000712a00000| Complete |  0
|  54|0x0000000712c00000, 0x0000000712e00000, 0x0000000712e00000|100%| E|CS|TAMS 0x0000000712c00000| PB 0x0000000712c00000| Complete |  0
|  55|0x0000000712e00000, 0x0000000713000000, 0x0000000713000000|100%| E|CS|TAMS 0x0000000712e00000| PB 0x0000000712e00000| Complete |  0
|  56|0x0000000713000000, 0x0000000713200000, 0x0000000713200000|100%| E|CS|TAMS 0x0000000713000000| PB 0x0000000713000000| Complete |  0
|  57|0x0000000713200000, 0x0000000713400000, 0x0000000713400000|100%| E|CS|TAMS 0x0000000713200000| PB 0x0000000713200000| Complete |  0
|  58|0x0000000713400000, 0x0000000713600000, 0x0000000713600000|100%| E|CS|TAMS 0x0000000713400000| PB 0x0000000713400000| Complete |  0
|  59|0x0000000713600000, 0x0000000713800000, 0x0000000713800000|100%| E|CS|TAMS 0x0000000713600000| PB 0x0000000713600000| Complete |  0
|  60|0x0000000713800000, 0x0000000713a00000, 0x0000000713a00000|100%| E|CS|TAMS 0x0000000713800000| PB 0x0000000713800000| Complete |  0
|  61|0x0000000713a00000, 0x0000000713c00000, 0x0000000713c00000|100%| E|CS|TAMS 0x0000000713a00000| PB 0x0000000713a00000| Complete |  0
|  62|0x0000000713c00000, 0x0000000713e00000, 0x0000000713e00000|100%| E|CS|TAMS 0x0000000713c00000| PB 0x0000000713c00000| Complete |  0
|  63|0x0000000713e00000, 0x0000000714000000, 0x0000000714000000|100%| E|CS|TAMS 0x0000000713e00000| PB 0x0000000713e00000| Complete |  0
|  64|0x0000000714000000, 0x0000000714200000, 0x0000000714200000|100%| E|CS|TAMS 0x0000000714000000| PB 0x0000000714000000| Complete |  0
| 121|0x000000071b200000, 0x000000071b400000, 0x000000071b400000|100%| E|CS|TAMS 0x000000071b200000| PB 0x000000071b200000| Complete |  0
|1951|0x00000007ffe00000, 0x0000000800000000, 0x0000000800000000|100%| O|  |TAMS 0x00000007ffe00000| PB 0x00000007ffe00000| Untracked |  0

Card table byte_map: [0x000002437f7c0000,0x000002437ff60000] _byte_map_base: 0x000002437bf60000

Marking Bits: (CMBitMap*) 0x00000243670d0d50
 Bits: [0x0000024300000000, 0x0000024303d00000)

Polling page: 0x0000024364e00000

Metaspace:

Usage:
  Non-class:     45.85 MB used.
      Class:      6.41 MB used.
       Both:     52.27 MB used.

Virtual space:
  Non-class space:       64.00 MB reserved,      46.38 MB ( 72%) committed,  1 nodes.
      Class space:        1.00 GB reserved,       6.88 MB ( <1%) committed,  1 nodes.
             Both:        1.06 GB reserved,      53.25 MB (  5%) committed. 

Chunk freelists:
   Non-Class:  1.16 MB
       Class:  8.98 MB
        Both:  10.14 MB

MaxMetaspaceSize: unlimited
CompressedClassSpaceSize: 1.00 GB
Initial GC threshold: 21.00 MB
Current GC threshold: 82.94 MB
CDS: on
 - commit_granule_bytes: 65536.
 - commit_granule_words: 8192.
 - virtual_space_node_default_size: 8388608.
 - enlarge_chunks_in_place: 1.
 - use_allocation_guard: 0.


Internal statistics:

num_allocs_failed_limit: 3.
num_arena_births: 1438.
num_arena_deaths: 0.
num_vsnodes_births: 2.
num_vsnodes_deaths: 0.
num_space_committed: 850.
num_space_uncommitted: 0.
num_chunks_returned_to_freelist: 3.
num_chunks_taken_from_freelist: 3369.
num_chunk_merges: 0.
num_chunk_splits: 2461.
num_chunks_enlarged: 1818.
num_inconsistent_stats: 0.

CodeHeap 'non-profiled nmethods': size=119232Kb used=2683Kb max_used=2683Kb free=116548Kb
 bounds [0x0000024377320000, 0x00000243775c0000, 0x000002437e790000]
CodeHeap 'profiled nmethods': size=119104Kb used=9692Kb max_used=9692Kb free=109411Kb
 bounds [0x000002436f790000, 0x0000024370110000, 0x0000024376be0000]
CodeHeap 'non-nmethods': size=7424Kb used=2231Kb max_used=3411Kb free=5192Kb
 bounds [0x0000024376be0000, 0x0000024376f40000, 0x0000024377320000]
CodeCache: size=245760Kb, used=14606Kb, max_used=15786Kb, free=231151Kb
 total_blobs=6718, nmethods=5993, adapters=629, full_count=0
Compilation: enabled, stopped_count=0, restarted_count=0

Compilation events (20 events):
Event: 39.885 Thread 0x000002434c529930 nmethod 6816 0x00000243700e6188 code [0x00000243700e62a0, 0x00000243700e6440]
Event: 39.885 Thread 0x00000243069abf40 nmethod 6815 0x00000243700e6488 code [0x00000243700e65c0, 0x00000243700e6880]
Event: 39.885 Thread 0x000002434c529270 nmethod 6817 0x00000243700e6908 code [0x00000243700e6a40, 0x00000243700e6d00]
Event: 39.885 Thread 0x000002434c529930 6818       3       java.util.zip.ZipFile$Source::getEntryPos (164 bytes)
Event: 39.886 Thread 0x0000024358510240 nmethod 6809 0x00000243700e6d88 code [0x00000243700e70a0, 0x00000243700e8550]
Event: 39.886 Thread 0x000002434c529930 nmethod 6818 0x00000243700e8608 code [0x00000243700e87c0, 0x00000243700e9088]
Event: 39.887 Thread 0x00000243069a8fa0 nmethod 6686 0x00000243775b1a08 code [0x00000243775b1ba0, 0x00000243775b2248]
Event: 39.888 Thread 0x00000243069a8fa0 6687       4       com.intellij.lang.DefaultASTFactoryImpl::createComposite (34 bytes)
Event: 39.890 Thread 0x00000243069a8fa0 nmethod 6687 0x00000243775b2388 code [0x00000243775b24a0, 0x00000243775b27d0]
Event: 39.890 Thread 0x00000243069a8fa0 6628       4       org.jetbrains.kotlin.parsing.AbstractKotlinParsing::atSet (113 bytes)
Event: 39.890 Thread 0x000002434c529930 6819   !   3       java.util.zip.ZipFile::close (44 bytes)
Event: 39.891 Thread 0x000002434c529930 nmethod 6819 0x00000243700e9108 code [0x00000243700e92a0, 0x00000243700e9a10]
Event: 39.896 Thread 0x000002434c529270 6821       3       java.util.zip.ZipCoder::hash (36 bytes)
Event: 39.897 Thread 0x000002434c529270 nmethod 6821 0x00000243700e9a88 code [0x00000243700e9c20, 0x00000243700ea320]
Event: 39.898 Thread 0x000002434c529270 6822   !   3       java.util.zip.ZipFile$CleanableResource::run (251 bytes)
Event: 39.898 Thread 0x000002434c529930 6823       3       java.util.Collections$SetFromMap::isEmpty (10 bytes)
Event: 39.898 Thread 0x0000024358510240 6824   !   3       java.util.zip.ZipFile$Source::release (50 bytes)
Event: 39.898 Thread 0x000002434c529930 nmethod 6823 0x00000243700ea408 code [0x00000243700ea520, 0x00000243700ea700]
Event: 39.898 Thread 0x0000024358510240 nmethod 6824 0x00000243700ea788 code [0x00000243700ea8c0, 0x00000243700eacd0]
Event: 39.899 Thread 0x000002434c529270 nmethod 6822 0x00000243700ead08 code [0x00000243700eaf40, 0x00000243700ec188]

GC Heap History (20 events):
Event: 6.529 GC heap before
{Heap before GC invocations=23 (full 0):
 garbage-first heap   total reserved 3997696K, committed 57344K, used 46008K [0x000000070c000000, 0x0000000800000000)
  region size 2048K, 13 young (26624K), 1 survivors (2048K)
 Metaspace       used 33488K, committed 33920K, reserved 1114112K
  class space    used 3829K, committed 4032K, reserved 1048576K
}
Event: 6.530 GC heap after
{Heap after GC invocations=24 (full 0):
 garbage-first heap   total reserved 3997696K, committed 57344K, used 21430K [0x000000070c000000, 0x0000000800000000)
  region size 2048K, 1 young (2048K), 1 survivors (2048K)
 Metaspace       used 33488K, committed 33920K, reserved 1114112K
  class space    used 3829K, committed 4032K, reserved 1048576K
}
Event: 36.737 GC heap before
{Heap before GC invocations=24 (full 0):
 garbage-first heap   total reserved 3997696K, committed 57344K, used 46006K [0x000000070c000000, 0x0000000800000000)
  region size 2048K, 13 young (26624K), 1 survivors (2048K)
 Metaspace       used 34160K, committed 34560K, reserved 1114112K
  class space    used 3905K, committed 4032K, reserved 1048576K
}
Event: 36.738 GC heap after
{Heap after GC invocations=25 (full 0):
 garbage-first heap   total reserved 3997696K, committed 57344K, used 21686K [0x000000070c000000, 0x0000000800000000)
  region size 2048K, 1 young (2048K), 1 survivors (2048K)
 Metaspace       used 34160K, committed 34560K, reserved 1114112K
  class space    used 3905K, committed 4032K, reserved 1048576K
}
Event: 36.842 GC heap before
{Heap before GC invocations=25 (full 0):
 garbage-first heap   total reserved 3997696K, committed 57344K, used 25782K [0x000000070c000000, 0x0000000800000000)
  region size 2048K, 4 young (8192K), 1 survivors (2048K)
 Metaspace       used 34794K, committed 35200K, reserved 1114112K
  class space    used 3979K, committed 4160K, reserved 1048576K
}
Event: 36.844 GC heap after
{Heap after GC invocations=26 (full 0):
 garbage-first heap   total reserved 3997696K, committed 57344K, used 22189K [0x000000070c000000, 0x0000000800000000)
  region size 2048K, 1 young (2048K), 1 survivors (2048K)
 Metaspace       used 34794K, committed 35200K, reserved 1114112K
  class space    used 3979K, committed 4160K, reserved 1048576K
}
Event: 36.955 GC heap before
{Heap before GC invocations=26 (full 0):
 garbage-first heap   total reserved 3997696K, committed 57344K, used 32429K [0x000000070c000000, 0x0000000800000000)
  region size 2048K, 6 young (12288K), 1 survivors (2048K)
 Metaspace       used 35246K, committed 35648K, reserved 1114112K
  class space    used 3994K, committed 4160K, reserved 1048576K
}
Event: 36.958 GC heap after
{Heap after GC invocations=27 (full 0):
 garbage-first heap   total reserved 3997696K, committed 57344K, used 27091K [0x000000070c000000, 0x0000000800000000)
  region size 2048K, 2 young (4096K), 2 survivors (4096K)
 Metaspace       used 35246K, committed 35648K, reserved 1114112K
  class space    used 3994K, committed 4160K, reserved 1048576K
}
Event: 37.171 GC heap before
{Heap before GC invocations=28 (full 0):
 garbage-first heap   total reserved 3997696K, committed 57344K, used 47571K [0x000000070c000000, 0x0000000800000000)
  region size 2048K, 11 young (22528K), 2 survivors (4096K)
 Metaspace       used 35280K, committed 35712K, reserved 1114112K
  class space    used 3995K, committed 4160K, reserved 1048576K
}
Event: 37.175 GC heap after
{Heap after GC invocations=29 (full 0):
 garbage-first heap   total reserved 3997696K, committed 59392K, used 29960K [0x000000070c000000, 0x0000000800000000)
  region size 2048K, 2 young (4096K), 2 survivors (4096K)
 Metaspace       used 35280K, committed 35712K, reserved 1114112K
  class space    used 3995K, committed 4160K, reserved 1048576K
}
Event: 37.463 GC heap before
{Heap before GC invocations=29 (full 0):
 garbage-first heap   total reserved 3997696K, committed 59392K, used 44296K [0x000000070c000000, 0x0000000800000000)
  region size 2048K, 10 young (20480K), 2 survivors (4096K)
 Metaspace       used 38327K, committed 38720K, reserved 1114112K
  class space    used 4665K, committed 4800K, reserved 1048576K
}
Event: 37.466 GC heap after
{Heap after GC invocations=30 (full 0):
 garbage-first heap   total reserved 3997696K, committed 59392K, used 32518K [0x000000070c000000, 0x0000000800000000)
  region size 2048K, 2 young (4096K), 2 survivors (4096K)
 Metaspace       used 38327K, committed 38720K, reserved 1114112K
  class space    used 4665K, committed 4800K, reserved 1048576K
}
Event: 37.943 GC heap before
{Heap before GC invocations=30 (full 0):
 garbage-first heap   total reserved 3997696K, committed 59392K, used 46854K [0x000000070c000000, 0x0000000800000000)
  region size 2048K, 10 young (20480K), 2 survivors (4096K)
 Metaspace       used 41945K, committed 42368K, reserved 1114112K
  class space    used 5079K, committed 5248K, reserved 1048576K
}
Event: 37.945 GC heap after
{Heap after GC invocations=31 (full 0):
 garbage-first heap   total reserved 3997696K, committed 59392K, used 33790K [0x000000070c000000, 0x0000000800000000)
  region size 2048K, 2 young (4096K), 2 survivors (4096K)
 Metaspace       used 41945K, committed 42368K, reserved 1114112K
  class space    used 5079K, committed 5248K, reserved 1048576K
}
Event: 38.358 GC heap before
{Heap before GC invocations=32 (full 0):
 garbage-first heap   total reserved 3997696K, committed 59392K, used 48126K [0x000000070c000000, 0x0000000800000000)
  region size 2048K, 10 young (20480K), 2 survivors (4096K)
 Metaspace       used 45245K, committed 45632K, reserved 1114112K
  class space    used 5622K, committed 5760K, reserved 1048576K
}
Event: 38.361 GC heap after
{Heap after GC invocations=33 (full 0):
 garbage-first heap   total reserved 3997696K, committed 59392K, used 36093K [0x000000070c000000, 0x0000000800000000)
  region size 2048K, 2 young (4096K), 2 survivors (4096K)
 Metaspace       used 45245K, committed 45632K, reserved 1114112K
  class space    used 5622K, committed 5760K, reserved 1048576K
}
Event: 38.680 GC heap before
{Heap before GC invocations=33 (full 0):
 garbage-first heap   total reserved 3997696K, committed 59392K, used 48381K [0x000000070c000000, 0x0000000800000000)
  region size 2048K, 9 young (18432K), 2 survivors (4096K)
 Metaspace       used 48245K, committed 48768K, reserved 1114112K
  class space    used 5876K, committed 6080K, reserved 1048576K
}
Event: 38.684 GC heap after
{Heap after GC invocations=34 (full 0):
 garbage-first heap   total reserved 3997696K, committed 59392K, used 37194K [0x000000070c000000, 0x0000000800000000)
  region size 2048K, 1 young (2048K), 1 survivors (2048K)
 Metaspace       used 48245K, committed 48768K, reserved 1114112K
  class space    used 5876K, committed 6080K, reserved 1048576K
}
Event: 38.904 GC heap before
{Heap before GC invocations=34 (full 0):
 garbage-first heap   total reserved 3997696K, committed 59392K, used 51530K [0x000000070c000000, 0x0000000800000000)
  region size 2048K, 8 young (16384K), 1 survivors (2048K)
 Metaspace       used 49938K, committed 50752K, reserved 1114112K
  class space    used 6154K, committed 6528K, reserved 1048576K
}
Event: 38.907 GC heap after
{Heap after GC invocations=35 (full 0):
 garbage-first heap   total reserved 3997696K, committed 155648K, used 38381K [0x000000070c000000, 0x0000000800000000)
  region size 2048K, 1 young (2048K), 1 survivors (2048K)
 Metaspace       used 49938K, committed 50752K, reserved 1114112K
  class space    used 6154K, committed 6528K, reserved 1048576K
}

Dll operation events (8 events):
Event: 0.019 Loaded shared library C:\Program Files\Java\jdk-23\bin\java.dll
Event: 0.190 Loaded shared library C:\Program Files\Java\jdk-23\bin\jsvml.dll
Event: 0.269 Loaded shared library C:\Program Files\Java\jdk-23\bin\net.dll
Event: 0.274 Loaded shared library C:\Program Files\Java\jdk-23\bin\nio.dll
Event: 0.285 Loaded shared library C:\Program Files\Java\jdk-23\bin\zip.dll
Event: 0.456 Loaded shared library C:\Program Files\Java\jdk-23\bin\jimage.dll
Event: 1.786 Loaded shared library C:\Program Files\Java\jdk-23\bin\verify.dll
Event: 3.316 Loaded shared library C:\Users\Haqii\AppData\Local\Temp\sqlite-3.41.2.1-de99d05e-d776-45a9-b5da-09ddfe3f2df2-sqlitejdbc.dll

Deoptimization events (20 events):
Event: 39.829 Thread 0x0000024358aa3df0 Uncommon trap: trap_request=0xffffffc6 fr.pc=0x0000024377539dec relative=0x000000000000030c
Event: 39.829 Thread 0x0000024358aa3df0 Uncommon trap: reason=bimorphic_or_optimized_type_check action=maybe_recompile pc=0x0000024377539dec method=com.intellij.openapi.vfs.VirtualFile.getNameSequence()Ljava/lang/CharSequence; @ 1 c2
Event: 39.829 Thread 0x0000024358aa3df0 DEOPT PACKING pc=0x0000024377539dec sp=0x000000dbbcafdf90
Event: 39.829 Thread 0x0000024358aa3df0 DEOPT UNPACKING pc=0x0000024376c34402 sp=0x000000dbbcafdf50 mode 2
Event: 39.843 Thread 0x0000024358aa3df0 Uncommon trap: trap_request=0xffffff45 fr.pc=0x00000243773748f4 relative=0x0000000000000894
Event: 39.843 Thread 0x0000024358aa3df0 Uncommon trap: reason=unstable_if action=reinterpret pc=0x00000243773748f4 method=java.util.zip.ZipCoder.hash(Ljava/lang/String;)I @ 23 c2
Event: 39.843 Thread 0x0000024358aa3df0 DEOPT PACKING pc=0x00000243773748f4 sp=0x000000dbbcafdb10
Event: 39.843 Thread 0x0000024358aa3df0 DEOPT UNPACKING pc=0x0000024376c34402 sp=0x000000dbbcafd9c0 mode 2
Event: 39.844 Thread 0x0000024358aa3df0 Uncommon trap: trap_request=0xffffff45 fr.pc=0x000002437736eb04 relative=0x0000000000000644
Event: 39.844 Thread 0x0000024358aa3df0 Uncommon trap: reason=unstable_if action=reinterpret pc=0x000002437736eb04 method=java.util.zip.ZipCoder.hash(Ljava/lang/String;)I @ 23 c2
Event: 39.844 Thread 0x0000024358aa3df0 DEOPT PACKING pc=0x000002437736eb04 sp=0x000000dbbcafdaa0
Event: 39.844 Thread 0x0000024358aa3df0 DEOPT UNPACKING pc=0x0000024376c34402 sp=0x000000dbbcafd9c0 mode 2
Event: 39.849 Thread 0x0000024358aa3df0 Uncommon trap: trap_request=0xffffff45 fr.pc=0x000002437736d9a8 relative=0x0000000000000348
Event: 39.849 Thread 0x0000024358aa3df0 Uncommon trap: reason=unstable_if action=reinterpret pc=0x000002437736d9a8 method=java.util.zip.ZipCoder.hash(Ljava/lang/String;)I @ 23 c2
Event: 39.849 Thread 0x0000024358aa3df0 DEOPT PACKING pc=0x000002437736d9a8 sp=0x000000dbbcafda30
Event: 39.849 Thread 0x0000024358aa3df0 DEOPT UNPACKING pc=0x0000024376c34402 sp=0x000000dbbcafd9b8 mode 2
Event: 39.850 Thread 0x0000024358aa3df0 Uncommon trap: trap_request=0xffffff45 fr.pc=0x000002437749dd94 relative=0x0000000000000734
Event: 39.850 Thread 0x0000024358aa3df0 Uncommon trap: reason=unstable_if action=reinterpret pc=0x000002437749dd94 method=java.io.File.normalizedList()[Ljava/lang/String; @ 34 c2
Event: 39.850 Thread 0x0000024358aa3df0 DEOPT PACKING pc=0x000002437749dd94 sp=0x000000dbbcafdb90
Event: 39.850 Thread 0x0000024358aa3df0 DEOPT UNPACKING pc=0x0000024376c34402 sp=0x000000dbbcafdaf0 mode 2

Classes loaded (20 events):
Event: 38.748 Loading class java/lang/invoke/BoundMethodHandle$Species_LLLLLLLLLLLLLLLLLLL
Event: 38.748 Loading class java/lang/invoke/BoundMethodHandle$Species_LLLLLLLLLLLLLLLLLLL done
Event: 38.749 Loading class java/lang/invoke/BoundMethodHandle$Species_LLLLLLLLLLLLLLLLLLLL
Event: 38.749 Loading class java/lang/invoke/BoundMethodHandle$Species_LLLLLLLLLLLLLLLLLLLL done
Event: 38.751 Loading class java/lang/invoke/BoundMethodHandle$Species_LLLLLLLLLLLLLLLLLLLLL
Event: 38.751 Loading class java/lang/invoke/BoundMethodHandle$Species_LLLLLLLLLLLLLLLLLLLLL done
Event: 38.752 Loading class java/lang/invoke/BoundMethodHandle$Species_LLLLLLLLLLLLLLLLLLLLLL
Event: 38.752 Loading class java/lang/invoke/BoundMethodHandle$Species_LLLLLLLLLLLLLLLLLLLLLL done
Event: 38.753 Loading class java/lang/invoke/BoundMethodHandle$Species_LLLLLLLLLLLLLLLLLLLLLLL
Event: 38.753 Loading class java/lang/invoke/BoundMethodHandle$Species_LLLLLLLLLLLLLLLLLLLLLLL done
Event: 38.917 Loading class java/lang/invoke/BoundMethodHandle$Species_LLLLLLLLLLLLLLLLLLLLLLLL
Event: 38.917 Loading class java/lang/invoke/BoundMethodHandle$Species_LLLLLLLLLLLLLLLLLLLLLLLL done
Event: 38.923 Loading class java/lang/invoke/BoundMethodHandle$Species_LLLLLLLLLLLLLLLLLLLLLLLLL
Event: 38.923 Loading class java/lang/invoke/BoundMethodHandle$Species_LLLLLLLLLLLLLLLLLLLLLLLLL done
Event: 39.070 Loading class java/util/PrimitiveIterator$OfInt
Event: 39.071 Loading class java/util/PrimitiveIterator
Event: 39.071 Loading class java/util/PrimitiveIterator done
Event: 39.071 Loading class java/util/PrimitiveIterator$OfInt done
Event: 39.114 Loading class java/util/function/IntUnaryOperator
Event: 39.114 Loading class java/util/function/IntUnaryOperator done

Classes unloaded (0 events):
No events

Classes redefined (0 events):
No events

Internal exceptions (20 events):
Event: 38.754 Thread 0x0000024358aa3df0 Exception <a 'java/lang/NoSuchMethodError'{0x0000000719565fb8}: 'java.lang.Object java.lang.invoke.DirectMethodHandle$Holder.invokeStatic(java.lang.Object, java.lang.Object, java.lang.Object, java.lang.Object, java.lang.Object, java.lang.Object, java.lang.Object, java.lang.Object, java.lang.Object, java.lang.Object, java.lang.Object, java.lang.Object, java.lang.Object, java.lang.Object, java.lang.Object, java.lang.Object, java.lang.Object, java.lang.Object, java.lang.Object, java.lang.Object, java.lang.Obj
Event: 38.771 Thread 0x0000024358aa3df0 Exception <a 'java/lang/NoSuchMethodError'{0x000000070f09af28}: 'java.lang.Object java.lang.invoke.DirectMethodHandle$Holder.newInvokeSpecial(java.lang.Object, java.lang.Object, java.lang.Object, java.lang.Object, java.lang.Object, java.lang.Object, java.lang.Object, java.lang.Object, java.lang.Object, java.lang.Object, java.lang.Object, java.lang.Object, java.lang.Object, java.lang.Object, java.lang.Object, java.lang.Object, java.lang.Object, java.lang.Object, java.lang.Object, java.lang.Object)'> (0x0000
Event: 38.771 Thread 0x0000024358aa3df0 Exception <a 'java/lang/NoSuchMethodError'{0x000000070f0a1020}: 'java.lang.Object java.lang.invoke.DirectMethodHandle$Holder.invokeSpecial(java.lang.Object, java.lang.Object, java.lang.Object, java.lang.Object, java.lang.Object, java.lang.Object, java.lang.Object, java.lang.Object, java.lang.Object, java.lang.Object, java.lang.Object, java.lang.Object, java.lang.Object, java.lang.Object, java.lang.Object, java.lang.Object, java.lang.Object, java.lang.Object, java.lang.Object, java.lang.Object, java.lang.Ob
Event: 38.771 Thread 0x0000024358aa3df0 Exception <a 'java/lang/NoSuchMethodError'{0x000000070f0a5d78}: 'java.lang.Object java.lang.invoke.DelegatingMethodHandle$Holder.reinvoke_L(java.lang.Object, java.lang.Object, java.lang.Object, java.lang.Object, java.lang.Object, java.lang.Object, java.lang.Object, java.lang.Object, java.lang.Object, java.lang.Object, java.lang.Object, java.lang.Object, java.lang.Object, java.lang.Object, java.lang.Object, java.lang.Object, java.lang.Object, java.lang.Object, java.lang.Object, java.lang.Object)'> (0x000000
Event: 38.876 Thread 0x0000024358aa3df0 Exception <a 'java/lang/NoSuchMethodError'{0x000000070eab9fe8}: 'java.lang.Object java.lang.invoke.DirectMethodHandle$Holder.newInvokeSpecial(java.lang.Object, java.lang.Object, java.lang.Object, java.lang.Object, java.lang.Object, java.lang.Object, java.lang.Object, java.lang.Object, java.lang.Object, java.lang.Object, java.lang.Object, java.lang.Object, java.lang.Object, java.lang.Object, java.lang.Object, java.lang.Object)'> (0x000000070eab9fe8) 
thrown [s\open\src\hotspot\share\interpreter\linkResolver
Event: 38.877 Thread 0x0000024358aa3df0 Exception <a 'java/lang/NoSuchMethodError'{0x000000070eabf7a0}: 'java.lang.Object java.lang.invoke.DirectMethodHandle$Holder.invokeSpecial(java.lang.Object, java.lang.Object, java.lang.Object, java.lang.Object, java.lang.Object, java.lang.Object, java.lang.Object, java.lang.Object, java.lang.Object, java.lang.Object, java.lang.Object, java.lang.Object, java.lang.Object, java.lang.Object, java.lang.Object, java.lang.Object, java.lang.Object)'> (0x000000070eabf7a0) 
thrown [s\open\src\hotspot\share\interpret
Event: 38.877 Thread 0x0000024358aa3df0 Exception <a 'java/lang/NoSuchMethodError'{0x000000070eac4128}: 'java.lang.Object java.lang.invoke.DelegatingMethodHandle$Holder.reinvoke_L(java.lang.Object, java.lang.Object, java.lang.Object, java.lang.Object, java.lang.Object, java.lang.Object, java.lang.Object, java.lang.Object, java.lang.Object, java.lang.Object, java.lang.Object, java.lang.Object, java.lang.Object, java.lang.Object, java.lang.Object, java.lang.Object)'> (0x000000070eac4128) 
thrown [s\open\src\hotspot\share\interpreter\linkResolver.c
Event: 38.890 Thread 0x0000024358aa3df0 Exception <a 'java/lang/NoSuchMethodError'{0x000000070eb4a9c0}: 'java.lang.Object java.lang.invoke.DirectMethodHandle$Holder.newInvokeSpecial(java.lang.Object, java.lang.Object, java.lang.Object, java.lang.Object, java.lang.Object, java.lang.Object, java.lang.Object, java.lang.Object, java.lang.Object, java.lang.Object, java.lang.Object, java.lang.Object, java.lang.Object, java.lang.Object, java.lang.Object, java.lang.Object, java.lang.Object, java.lang.Object)'> (0x000000070eb4a9c0) 
thrown [s\open\src\ho
Event: 38.891 Thread 0x0000024358aa3df0 Exception <a 'java/lang/NoSuchMethodError'{0x000000070eb50568}: 'java.lang.Object java.lang.invoke.DirectMethodHandle$Holder.invokeSpecial(java.lang.Object, java.lang.Object, java.lang.Object, java.lang.Object, java.lang.Object, java.lang.Object, java.lang.Object, java.lang.Object, java.lang.Object, java.lang.Object, java.lang.Object, java.lang.Object, java.lang.Object, java.lang.Object, java.lang.Object, java.lang.Object, java.lang.Object, java.lang.Object, java.lang.Object)'> (0x000000070eb50568) 
thrown
Event: 38.891 Thread 0x0000024358aa3df0 Exception <a 'java/lang/NoSuchMethodError'{0x000000070eb54f28}: 'java.lang.Object java.lang.invoke.DelegatingMethodHandle$Holder.reinvoke_L(java.lang.Object, java.lang.Object, java.lang.Object, java.lang.Object, java.lang.Object, java.lang.Object, java.lang.Object, java.lang.Object, java.lang.Object, java.lang.Object, java.lang.Object, java.lang.Object, java.lang.Object, java.lang.Object, java.lang.Object, java.lang.Object, java.lang.Object, java.lang.Object)'> (0x000000070eb54f28) 
thrown [s\open\src\hots
Event: 38.899 Thread 0x0000024358aa3df0 Exception <a 'java/lang/NoSuchMethodError'{0x000000070ebda9c8}: 'java.lang.Object java.lang.invoke.DirectMethodHandle$Holder.newInvokeSpecial(java.lang.Object, java.lang.Object, java.lang.Object, java.lang.Object, java.lang.Object, java.lang.Object, java.lang.Object, java.lang.Object, java.lang.Object, java.lang.Object, java.lang.Object, java.lang.Object, java.lang.Object, java.lang.Object, java.lang.Object, java.lang.Object, java.lang.Object, java.lang.Object, java.lang.Object, java.lang.Object, java.lang
Event: 38.901 Thread 0x0000024358aa3df0 Exception <a 'java/lang/NoSuchMethodError'{0x000000070ebe1548}: 'java.lang.Object java.lang.invoke.DirectMethodHandle$Holder.invokeSpecial(java.lang.Object, java.lang.Object, java.lang.Object, java.lang.Object, java.lang.Object, java.lang.Object, java.lang.Object, java.lang.Object, java.lang.Object, java.lang.Object, java.lang.Object, java.lang.Object, java.lang.Object, java.lang.Object, java.lang.Object, java.lang.Object, java.lang.Object, java.lang.Object, java.lang.Object, java.lang.Object, java.lang.Ob
Event: 38.901 Thread 0x0000024358aa3df0 Exception <a 'java/lang/NoSuchMethodError'{0x000000070ebe6cb8}: 'java.lang.Object java.lang.invoke.DelegatingMethodHandle$Holder.reinvoke_L(java.lang.Object, java.lang.Object, java.lang.Object, java.lang.Object, java.lang.Object, java.lang.Object, java.lang.Object, java.lang.Object, java.lang.Object, java.lang.Object, java.lang.Object, java.lang.Object, java.lang.Object, java.lang.Object, java.lang.Object, java.lang.Object, java.lang.Object, java.lang.Object, java.lang.Object, java.lang.Object, java.lang.O
Event: 38.922 Thread 0x0000024358aa3df0 Exception <a 'java/lang/NoSuchMethodError'{0x000000071b2b35a0}: 'java.lang.Object java.lang.invoke.DirectMethodHandle$Holder.invokeStatic(java.lang.Object, java.lang.Object, java.lang.Object, java.lang.Object, java.lang.Object, java.lang.Object, java.lang.Object, java.lang.Object, java.lang.Object, java.lang.Object, java.lang.Object, java.lang.Object, java.lang.Object, java.lang.Object, java.lang.Object, java.lang.Object, java.lang.Object, java.lang.Object, java.lang.Object, java.lang.Object, java.lang.Obj
Event: 38.925 Thread 0x0000024358aa3df0 Exception <a 'java/lang/NoSuchMethodError'{0x000000071b2e5810}: 'java.lang.Object java.lang.invoke.DirectMethodHandle$Holder.invokeStatic(java.lang.Object, java.lang.Object, java.lang.Object, java.lang.Object, java.lang.Object, java.lang.Object, java.lang.Object, java.lang.Object, java.lang.Object, java.lang.Object, java.lang.Object, java.lang.Object, java.lang.Object, java.lang.Object, java.lang.Object, java.lang.Object, java.lang.Object, java.lang.Object, java.lang.Object, java.lang.Object, java.lang.Obj
Event: 38.942 Thread 0x0000024358aa3df0 Exception <a 'java/lang/NoSuchMethodError'{0x000000071b367d68}: 'java.lang.Object java.lang.invoke.DirectMethodHandle$Holder.newInvokeSpecial(java.lang.Object, java.lang.Object, java.lang.Object, java.lang.Object, java.lang.Object, java.lang.Object, java.lang.Object, java.lang.Object, java.lang.Object, java.lang.Object, java.lang.Object, java.lang.Object, java.lang.Object)'> (0x000000071b367d68) 
thrown [s\open\src\hotspot\share\interpreter\linkResolver.cpp, line 796]
Event: 38.942 Thread 0x0000024358aa3df0 Exception <a 'java/lang/NoSuchMethodError'{0x000000071b36ccf0}: 'java.lang.Object java.lang.invoke.DirectMethodHandle$Holder.invokeSpecial(java.lang.Object, java.lang.Object, java.lang.Object, java.lang.Object, java.lang.Object, java.lang.Object, java.lang.Object, java.lang.Object, java.lang.Object, java.lang.Object, java.lang.Object, java.lang.Object, java.lang.Object, java.lang.Object)'> (0x000000071b36ccf0) 
thrown [s\open\src\hotspot\share\interpreter\linkResolver.cpp, line 796]
Event: 38.943 Thread 0x0000024358aa3df0 Exception <a 'java/lang/NoSuchMethodError'{0x000000071b370f88}: 'java.lang.Object java.lang.invoke.DelegatingMethodHandle$Holder.reinvoke_L(java.lang.Object, java.lang.Object, java.lang.Object, java.lang.Object, java.lang.Object, java.lang.Object, java.lang.Object, java.lang.Object, java.lang.Object, java.lang.Object, java.lang.Object, java.lang.Object, java.lang.Object)'> (0x000000071b370f88) 
thrown [s\open\src\hotspot\share\interpreter\linkResolver.cpp, line 796]
Event: 39.123 Thread 0x0000024358aa3df0 Exception <a 'java/lang/NoSuchMethodError'{0x0000000713a6a0a0}: 'java.lang.Object java.lang.invoke.Invokers$Holder.invokeExact_MT(java.lang.Object, java.lang.Object, long, java.lang.Object)'> (0x0000000713a6a0a0) 
thrown [s\open\src\hotspot\share\interpreter\linkResolver.cpp, line 796]
Event: 39.850 Thread 0x0000024358aa3df0 Implicit null exception at 0x000002437749d7f1 to 0x000002437749dd80

VM Operations (20 events):
Event: 37.962 Executing VM operation: G1PauseRemark
Event: 37.965 Executing VM operation: G1PauseRemark done
Event: 37.970 Executing VM operation: G1PauseCleanup
Event: 37.970 Executing VM operation: G1PauseCleanup done
Event: 38.358 Executing VM operation: G1CollectForAllocation (G1 Evacuation Pause)
Event: 38.361 Executing VM operation: G1CollectForAllocation (G1 Evacuation Pause) done
Event: 38.680 Executing VM operation: G1CollectForAllocation (G1 Evacuation Pause)
Event: 38.684 Executing VM operation: G1CollectForAllocation (G1 Evacuation Pause) done
Event: 38.904 Executing VM operation: G1CollectForAllocation (G1 Evacuation Pause)
Event: 38.908 Executing VM operation: G1CollectForAllocation (G1 Evacuation Pause) done
Event: 38.932 Executing VM operation: G1PauseRemark
Event: 38.935 Executing VM operation: G1PauseRemark done
Event: 38.941 Executing VM operation: G1PauseCleanup
Event: 38.941 Executing VM operation: G1PauseCleanup done
Event: 39.157 Executing VM operation: HandshakeAllThreads (Deoptimize)
Event: 39.157 Executing VM operation: HandshakeAllThreads (Deoptimize) done
Event: 39.233 Executing VM operation: HandshakeAllThreads (Deoptimize)
Event: 39.233 Executing VM operation: HandshakeAllThreads (Deoptimize) done
Event: 39.814 Executing VM operation: HandshakeAllThreads (Deoptimize)
Event: 39.814 Executing VM operation: HandshakeAllThreads (Deoptimize) done

Memory protections (0 events):
No events

Nmethod flushes (20 events):
Event: 38.934 Thread 0x0000024306978b30 flushing  nmethod 0x000002436ff30b08
Event: 38.934 Thread 0x0000024306978b30 flushing  nmethod 0x0000024377358288
Event: 38.934 Thread 0x0000024306978b30 flushing  nmethod 0x00000243774fd588
Event: 38.934 Thread 0x0000024306978b30 flushing  nmethod 0x00000243774fe588
Event: 38.934 Thread 0x0000024306978b30 flushing  nmethod 0x00000243774fff88
Event: 38.934 Thread 0x0000024306978b30 flushing  nmethod 0x0000024377500288
Event: 38.934 Thread 0x0000024306978b30 flushing  nmethod 0x000002436f796a08
Event: 38.934 Thread 0x0000024306978b30 flushing  nmethod 0x000002436f82ad08
Event: 38.934 Thread 0x0000024306978b30 flushing  nmethod 0x000002436f82b488
Event: 38.934 Thread 0x0000024306978b30 flushing  nmethod 0x000002436fa4a308
Event: 38.934 Thread 0x0000024306978b30 flushing  nmethod 0x000002436fb46b88
Event: 38.934 Thread 0x0000024306978b30 flushing  nmethod 0x000002436f7a8308
Event: 38.934 Thread 0x0000024306978b30 flushing  nmethod 0x000002436f7fa208
Event: 38.934 Thread 0x0000024306978b30 flushing  nmethod 0x000002436f84d588
Event: 38.934 Thread 0x0000024306978b30 flushing  nmethod 0x000002436f8bdd88
Event: 38.934 Thread 0x0000024306978b30 flushing  nmethod 0x000002436f8bef88
Event: 38.934 Thread 0x0000024306978b30 flushing  nmethod 0x000002436f91c488
Event: 38.934 Thread 0x0000024306978b30 flushing  nmethod 0x000002436f9ab408
Event: 38.934 Thread 0x0000024306978b30 flushing  nmethod 0x000002436fd89988
Event: 38.934 Thread 0x0000024306978b30 flushing  nmethod 0x000002436ff33a08

Events (20 events):
Event: 28.463 Thread 0x000002434d643ad0 Thread exited: 0x000002434d643ad0
Event: 28.471 Thread 0x000002434d641370 Thread added: 0x000002434d643ad0
Event: 28.471 Thread 0x000002434d641370 Thread added: 0x000002434d642db0
Event: 34.549 Thread 0x000002434d643ad0 Thread exited: 0x000002434d643ad0
Event: 34.549 Thread 0x000002434d642db0 Thread exited: 0x000002434d642db0
Event: 34.553 Thread 0x00000243069abf40 Thread added: 0x0000024358510240
Event: 34.562 Thread 0x000002434d641370 Thread added: 0x000002434d643ad0
Event: 34.562 Thread 0x000002434d641370 Thread added: 0x000002434d642090
Event: 36.690 Thread 0x000002434d642090 Thread exited: 0x000002434d642090
Event: 36.690 Thread 0x000002434d643ad0 Thread exited: 0x000002434d643ad0
Event: 36.690 Thread 0x0000024358510240 Thread exited: 0x0000024358510240
Event: 36.691 Thread 0x00000243069abf40 Thread added: 0x0000024358510240
Event: 36.691 Thread 0x00000243069abf40 Thread added: 0x000002434c529270
Event: 36.691 Thread 0x00000243069abf40 Thread added: 0x000002434c529930
Event: 36.694 Thread 0x000002434c529930 Thread added: 0x000002434c52d010
Event: 36.781 Thread 0x000002434d641370 Thread added: 0x000002434d640ce0
Event: 36.798 Thread 0x000002434d640ce0 Thread added: 0x000002434d643ad0
Event: 36.798 Thread 0x000002434d640ce0 Thread added: 0x000002434d642db0
Event: 36.892 Thread 0x00000243069a8fa0 Thread added: 0x000002434cad4070
Event: 37.233 Thread 0x000002434d641370 Thread added: 0x0000024358aa3df0


Dynamic libraries:
0x00007ff73a680000 - 0x00007ff73a690000 	C:\Program Files\Java\jdk-23\bin\java.exe
0x00007ff93c840000 - 0x00007ff93caa7000 	C:\WINDOWS\SYSTEM32\ntdll.dll
0x00007ff93b310000 - 0x00007ff93b3d9000 	C:\WINDOWS\System32\KERNEL32.DLL
0x00007ff939b00000 - 0x00007ff939eef000 	C:\WINDOWS\System32\KERNELBASE.dll
0x00007ff93a320000 - 0x00007ff93a46b000 	C:\WINDOWS\System32\ucrtbase.dll
0x00007ff8ba290000 - 0x00007ff8ba2a7000 	C:\Program Files\Java\jdk-23\bin\jli.dll
0x00007ff8ba240000 - 0x00007ff8ba25b000 	C:\Program Files\Java\jdk-23\bin\VCRUNTIME140.dll
0x00007ff93acc0000 - 0x00007ff93ae85000 	C:\WINDOWS\System32\USER32.dll
0x00007ff93a500000 - 0x00007ff93a527000 	C:\WINDOWS\System32\win32u.dll
0x00007ff93af10000 - 0x00007ff93af3b000 	C:\WINDOWS\System32\GDI32.dll
0x00007ff939f00000 - 0x00007ff93a02c000 	C:\WINDOWS\System32\gdi32full.dll
0x00007ff93a270000 - 0x00007ff93a313000 	C:\WINDOWS\System32\msvcp_win.dll
0x00007ff928d30000 - 0x00007ff928fc3000 	C:\WINDOWS\WinSxS\amd64_microsoft.windows.common-controls_6595b64144ccf1df_6.0.26100.7309_none_3e05feeae336a044\COMCTL32.dll
0x00007ff93c130000 - 0x00007ff93c1d9000 	C:\WINDOWS\System32\msvcrt.dll
0x00007ff93c740000 - 0x00007ff93c771000 	C:\WINDOWS\System32\IMM32.DLL
0x00007ff8d5af0000 - 0x00007ff8d5afc000 	C:\Program Files\Java\jdk-23\bin\vcruntime140_1.dll
0x00007ff8b65e0000 - 0x00007ff8b666e000 	C:\Program Files\Java\jdk-23\bin\msvcp140.dll
0x00007ff8a5830000 - 0x00007ff8a657f000 	C:\Program Files\Java\jdk-23\bin\server\jvm.dll
0x00007ff93c2e0000 - 0x00007ff93c394000 	C:\WINDOWS\System32\ADVAPI32.dll
0x00007ff93af40000 - 0x00007ff93afe6000 	C:\WINDOWS\System32\sechost.dll
0x00007ff93c010000 - 0x00007ff93c128000 	C:\WINDOWS\System32\RPCRT4.dll
0x00007ff93c780000 - 0x00007ff93c7f4000 	C:\WINDOWS\System32\WS2_32.dll
0x00007ff939810000 - 0x00007ff93986e000 	C:\WINDOWS\SYSTEM32\POWRPROF.dll
0x00007ff92f360000 - 0x00007ff92f395000 	C:\WINDOWS\SYSTEM32\WINMM.dll
0x00007ff92d8c0000 - 0x00007ff92d8cb000 	C:\WINDOWS\SYSTEM32\VERSION.dll
0x00007ff9397f0000 - 0x00007ff939804000 	C:\WINDOWS\SYSTEM32\UMPDC.dll
0x00007ff938740000 - 0x00007ff93875b000 	C:\WINDOWS\SYSTEM32\kernel.appcore.dll
0x00007ff8c7db0000 - 0x00007ff8c7dba000 	C:\Program Files\Java\jdk-23\bin\jimage.dll
0x00007ff936bc0000 - 0x00007ff936e02000 	C:\WINDOWS\SYSTEM32\DBGHELP.DLL
0x00007ff93c3a0000 - 0x00007ff93c725000 	C:\WINDOWS\System32\combase.dll
0x00007ff93b460000 - 0x00007ff93b536000 	C:\WINDOWS\System32\OLEAUT32.dll
0x00007ff923420000 - 0x00007ff92345c000 	C:\WINDOWS\SYSTEM32\dbgcore.DLL
0x00007ff93a530000 - 0x00007ff93a5d5000 	C:\WINDOWS\System32\bcryptPrimitives.dll
0x00007ff8ba200000 - 0x00007ff8ba21e000 	C:\Program Files\Java\jdk-23\bin\java.dll
0x00007ff93b6c0000 - 0x00007ff93b857000 	C:\WINDOWS\System32\ole32.dll
0x00007ff93b860000 - 0x00007ff93bfb3000 	C:\WINDOWS\System32\SHELL32.dll
0x00007ff939990000 - 0x00007ff939afa000 	C:\WINDOWS\System32\wintypes.dll
0x00007ff9375d0000 - 0x00007ff937e2e000 	C:\WINDOWS\SYSTEM32\windows.storage.dll
0x00007ff93c1e0000 - 0x00007ff93c2d5000 	C:\WINDOWS\System32\SHCORE.dll
0x00007ff93b3f0000 - 0x00007ff93b456000 	C:\WINDOWS\System32\shlwapi.dll
0x00007ff9398b0000 - 0x00007ff9398d9000 	C:\WINDOWS\SYSTEM32\profapi.dll
0x00007ff8b4c60000 - 0x00007ff8b4d37000 	C:\Program Files\Java\jdk-23\bin\jsvml.dll
0x00007ff8c6d80000 - 0x00007ff8c6d90000 	C:\Program Files\Java\jdk-23\bin\net.dll
0x00007ff938cb0000 - 0x00007ff938d1b000 	C:\WINDOWS\system32\mswsock.dll
0x00007ff8b4c40000 - 0x00007ff8b4c56000 	C:\Program Files\Java\jdk-23\bin\nio.dll
0x00007ff8b7b60000 - 0x00007ff8b7b77000 	C:\Program Files\Java\jdk-23\bin\zip.dll
0x00007ff938f80000 - 0x00007ff938f9b000 	C:\WINDOWS\SYSTEM32\CRYPTSP.dll
0x00007ff9386a0000 - 0x00007ff9386da000 	C:\WINDOWS\system32\rsaenh.dll
0x00007ff938d60000 - 0x00007ff938d8b000 	C:\WINDOWS\SYSTEM32\USERENV.dll
0x00007ff939880000 - 0x00007ff9398aa000 	C:\WINDOWS\SYSTEM32\bcrypt.dll
0x00007ff938f70000 - 0x00007ff938f7c000 	C:\WINDOWS\SYSTEM32\CRYPTBASE.dll
0x00007ff938150000 - 0x00007ff938184000 	C:\WINDOWS\SYSTEM32\IPHLPAPI.DLL
0x00007ff93c730000 - 0x00007ff93c73a000 	C:\WINDOWS\System32\NSI.dll
0x00007ff8ba4e0000 - 0x00007ff8ba4f0000 	C:\Program Files\Java\jdk-23\bin\verify.dll
0x00007ff8af720000 - 0x00007ff8af809000 	C:\Users\Haqii\AppData\Local\Temp\sqlite-3.41.2.1-de99d05e-d776-45a9-b5da-09ddfe3f2df2-sqlitejdbc.dll

dbghelp: loaded successfully - version: 4.0.5 - missing functions: none
symbol engine: initialized successfully - sym options: 0x614 - pdb path: .;C:\Program Files\Java\jdk-23\bin;C:\WINDOWS\SYSTEM32;C:\WINDOWS\WinSxS\amd64_microsoft.windows.common-controls_6595b64144ccf1df_6.0.26100.7309_none_3e05feeae336a044;C:\Program Files\Java\jdk-23\bin\server;C:\Users\Haqii\AppData\Local\Temp

VM Arguments:
jvm_args: -DkotlinLanguageServer.version=1.3.13 
java_command: org.javacs.kt.MainKt
java_class_path (initial): c:\Users\Haqii\AppData\Roaming\Code\User\globalStorage\fwcd.kotlin\langServerInstall\server\lib\server-1.3.13.jar;c:\Users\Haqii\AppData\Roaming\Code\User\globalStorage\fwcd.kotlin\langServerInstall\server\lib\shared-1.3.13.jar;c:\Users\Haqii\AppData\Roaming\Code\User\globalStorage\fwcd.kotlin\langServerInstall\server\lib\kotlin-scripting-jvm-host-unshaded-2.1.0.jar;c:\Users\Haqii\AppData\Roaming\Code\User\globalStorage\fwcd.kotlin\langServerInstall\server\lib\kotlin-scripting-compiler-2.1.0.jar;c:\Users\Haqii\AppData\Roaming\Code\User\globalStorage\fwcd.kotlin\langServerInstall\server\lib\ktfmt-b5d31d1.jar;c:\Users\Haqii\AppData\Roaming\Code\User\globalStorage\fwcd.kotlin\langServerInstall\server\lib\kotlin-compiler-2.1.0.jar;c:\Users\Haqii\AppData\Roaming\Code\User\globalStorage\fwcd.kotlin\langServerInstall\server\lib\exposed-dao-0.37.3.jar;c:\Users\Haqii\AppData\Roaming\Code\User\globalStorage\fwcd.kotlin\langServerInstall\server\lib\exposed-jdbc-0.37.3.jar;c:\Users\Haqii\AppData\Roaming\Code\User\globalStorage\fwcd.kotlin\langServerInstall\server\lib\exposed-core-0.37.3.jar;c:\Users\Haqii\AppData\Roaming\Code\User\globalStorage\fwcd.kotlin\langServerInstall\server\lib\kotlin-scripting-compiler-impl-2.1.0.jar;c:\Users\Haqii\AppData\Roaming\Code\User\globalStorage\fwcd.kotlin\langServerInstall\server\lib\kotlin-reflect-2.1.0.jar;c:\Users\Haqii\AppData\Roaming\Code\User\globalStorage\fwcd.kotlin\langServerInstall\server\lib\kotlin-scripting-jvm-2.1.0.jar;c:\Users\Haqii\AppData\Roaming\Code\User\globalStorage\fwcd.kotlin\langServerInstall\server\lib\kotlin-scripting-common-2.1.0.jar;c:\Users\Haqii\AppData\Roaming\Code\User\globalStorage\fwcd.kotlin\langServerInstall\server\lib\kotlinx-coroutines-core-jvm-1.6.4.jar;c:\Users\Haqii\AppData\Roaming\Code\User\globalStorage\fwcd.kotlin\langServerInstall\server\lib\kotlin-stdlib-jdk8-2.1.0.jar;c:\Users\Haqii\AppData\Roaming\Code\User\globalStorage\fwcd.kotlin\langServerInstall\server\lib\kotlin-stdlib-jdk7-2.1.0.jar;c:\Users\Haqii\AppData\Roaming\Code\User\globalStorage\fwcd.kotlin\langServerInstall\server\lib\kotlin-stdlib-2.1.0.jar;c:\Users\Haqii\AppData\Roaming\Code\User\globalStorage\fwcd.kotlin\langServerInstall\server\lib\org.eclipse.lsp4j-0.21.2.jar;c:\Users\Haqii\AppData\Roaming\Code\User\globalStorage\fwcd.kotlin\langServerInstall\server\lib\org.eclipse.lsp4j.jsonrpc-0.21.2.jar;c:\Users\Haqii\AppData\Roaming\Code\User\globalStorage\fwcd.kotlin\langServerInstall\server\lib\kotlin-sam-with-receiver-compiler-plugin-2.1.0.jar;c:\Users\Haqii\AppData\Roaming\Code\User\globalStorage\fwcd.kotlin\langServerInstall\server\lib\fernflower-1.0.jar;c:\Users\Haqii\AppData\Roaming\Code\User\globalStorage\fwcd.kotlin\langServerInstall\server\lib\h2-1.4.200.jar;c:\Users\Haqii\AppData\Roaming\Code\User\globalStorage\fwcd.kotlin\langServerInstall\server\lib\jcommander-1.78.jar;c:\Users\Haqii\AppData\Roaming\Code\User\globalStorage\fwcd.kotlin\langServerInstall\server\lib\sqlite-jdbc-3.41.2.1.jar;c:\Users\Haqii\AppData\Roaming\Code\User\globalStorage\fwcd.kotlin\langServerInstall\server\lib\google-java-format-1.8.jar;c:\Users\Haqii\AppData\Roaming\Code\User\globalStorage\fwcd.kotlin\langServerInstall\server\lib\guava-33.3.0-jre.jar;c:\Users\Haqii\AppData\Roaming\Code\User\globalStorage\fwcd.kotlin\langServerInstall\server\lib\annotations-13.0.jar;c:\Users\Haqii\AppData\Roaming\Code\User\globalStorage\fwcd.kotlin\langServerInstall\server\lib\gson-2.10.1.jar;c:\Users\Haqii\AppData\Roaming\Code\User\globalStorage\fwcd.kotlin\langServerInstall\server\lib\kotlin-script-runtime-2.1.0.jar;c:\Users\Haqii\AppData\Roaming\Code\User\globalStorage\fwcd.kotlin\langServerInstall\server\lib\trove4j-1.0.20200330.jar;c:\Users\Haqii\AppData\Roaming\Code\User\globalStorage\fwcd.kotlin\langServerInstall\server\lib\jline-3.24.1.jar;c:\Users\Haqii\AppData\Roaming\Code\User\globalStorage\fwcd.kotlin\langServerInstall\server\lib\slf4j-api-1.7.25.jar;c:\Users\Haqii\AppData\Roaming\Code\User\globalStorage\fwcd.kotlin\langServerInstall\server\lib\jna-4.2.2.jar;c:\Users\Haqii\AppData\Roaming\Code\User\globalStorage\fwcd.kotlin\langServerInstall\server\lib\failureaccess-1.0.2.jar;c:\Users\Haqii\AppData\Roaming\Code\User\globalStorage\fwcd.kotlin\langServerInstall\server\lib\listenablefuture-9999.0-empty-to-avoid-conflict-with-guava.jar;c:\Users\Haqii\AppData\Roaming\Code\User\globalStorage\fwcd.kotlin\langServerInstall\server\lib\jsr305-3.0.2.jar;c:\Users\Haqii\AppData\Roaming\Code\User\globalStorage\fwcd.kotlin\langServerInstall\server\lib\checker-qual-3.43.0.jar;c:\Users\Haqii\AppData\Roaming\Code\User\globalStorage\fwcd.kotlin\langServerInstall\server\lib\error_prone_annotations-2.28.0.jar
Launcher Type: SUN_STANDARD

[Global flags]
     intx CICompilerCount                          = 12                                        {product} {ergonomic}
     uint ConcGCThreads                            = 3                                         {product} {ergonomic}
     uint G1ConcRefinementThreads                  = 13                                        {product} {ergonomic}
   size_t G1HeapRegionSize                         = 2097152                                   {product} {ergonomic}
   size_t InitialHeapSize                          = 255852544                                 {product} {ergonomic}
   size_t MarkStackSize                            = 4194304                                   {product} {ergonomic}
   size_t MarkStackSizeMax                         = 536870912                                 {product} {ergonomic}
   size_t MaxHeapSize                              = 4093640704                                {product} {ergonomic}
   size_t MaxNewSize                               = 2455764992                                {product} {ergonomic}
   size_t MinHeapDeltaBytes                        = 2097152                                   {product} {ergonomic}
   size_t MinHeapSize                              = 8388608                                   {product} {ergonomic}
    uintx NonNMethodCodeHeapSize                   = 7602176                                {pd product} {ergonomic}
    uintx NonProfiledCodeHeapSize                  = 122093568                              {pd product} {ergonomic}
    uintx ProfiledCodeHeapSize                     = 121962496                              {pd product} {ergonomic}
    uintx ReservedCodeCacheSize                    = 251658240                              {pd product} {ergonomic}
     bool SegmentedCodeCache                       = true                                      {product} {ergonomic}
   size_t SoftMaxHeapSize                          = 4093640704                             {manageable} {ergonomic}
     bool UseCompressedOops                        = true                           {product lp64_product} {ergonomic}
     bool UseG1GC                                  = true                                      {product} {ergonomic}
     bool UseLargePagesIndividualAllocation        = false                                  {pd product} {ergonomic}

Logging:
Log output configuration:
 #0: stdout all=warning uptime,level,tags foldmultilines=false
 #1: stderr all=off uptime,level,tags foldmultilines=false

Environment Variables:
CLASSPATH=c:\Users\Haqii\AppData\Roaming\Code\User\globalStorage\fwcd.kotlin\langServerInstall\server\lib\server-1.3.13.jar;c:\Users\Haqii\AppData\Roaming\Code\User\globalStorage\fwcd.kotlin\langServerInstall\server\lib\shared-1.3.13.jar;c:\Users\Haqii\AppData\Roaming\Code\User\globalStorage\fwcd.kotlin\langServerInstall\server\lib\kotlin-scripting-jvm-host-unshaded-2.1.0.jar;c:\Users\Haqii\AppData\Roaming\Code\User\globalStorage\fwcd.kotlin\langServerInstall\server\lib\kotlin-scripting-compiler-2.1.0.jar;c:\Users\Haqii\AppData\Roaming\Code\User\globalStorage\fwcd.kotlin\langServerInstall\server\lib\ktfmt-b5d31d1.jar;c:\Users\Haqii\AppData\Roaming\Code\User\globalStorage\fwcd.kotlin\langServerInstall\server\lib\kotlin-compiler-2.1.0.jar;c:\Users\Haqii\AppData\Roaming\Code\User\globalStorage\fwcd.kotlin\langServerInstall\server\lib\exposed-dao-0.37.3.jar;c:\Users\Haqii\AppData\Roaming\Code\User\globalStorage\fwcd.kotlin\langServerInstall\server\lib\exposed-jdbc-0.37.3.jar;c:\Users\Haqii\AppData\Roaming\Code\User\globalStorage\fwcd.kotlin\langServerInstall\server\lib\exposed-core-0.37.3.jar;c:\Users\Haqii\AppData\Roaming\Code\User\globalStorage\fwcd.kotlin\langServerInstall\server\lib\kotlin-scripting-compiler-impl-2.1.0.jar;c:\Users\Haqii\AppData\Roaming\Code\User\globalStorage\fwcd.kotlin\langServerInstall\server\lib\kotlin-reflect-2.1.0.jar;c:\Users\Haqii\AppData\Roaming\Code\User\globalStorage\fwcd.kotlin\langServerInstall\server\lib\kotlin-scripting-jvm-2.1.0.jar;c:\Users\Haqii\AppData\Roaming\Code\User\globalStorage\fwcd.kotlin\langServerInstall\server\lib\kotlin-scripting-common-2.1.0.jar;c:\Users\Haqii\AppData\Roaming\Code\User\globalStorage\fwcd.kotlin\langServerInstall\server\lib\kotlinx-coroutines-core-jvm-1.6.4.jar;c:\Users\Haqii\AppData\Roaming\Code\User\globalStorage\fwcd.kotlin\langServerInstall\server\lib\kotlin-stdlib-jdk8-2.1.0.jar;c:\Users\Haqii\AppData\Roaming\Code\User\globalStorage\fwcd.kotlin\langServerInstall\server\lib\kotlin-stdlib-jdk7-2.1.0.jar;c:\Users\Haqii\AppData\Roaming\Code\User\globalStorage\fwcd.kotlin\langServerInstall\server\lib\kotlin-stdlib-2.1.0.jar;c:\Users\Haqii\AppData\Roaming\Code\User\globalStorage\fwcd.kotlin\langServerInstall\server\lib\org.eclipse.lsp4j-0.21.2.jar;c:\Users\Haqii\AppData\Roaming\Code\User\globalStorage\fwcd.kotlin\langServerInstall\server\lib\org.eclipse.lsp4j.jsonrpc-0.21.2.jar;c:\Users\Haqii\AppData\Roaming\Code\User\globalStorage\fwcd.kotlin\langServerInstall\server\lib\kotlin-sam-with-receiver-compiler-plugin-2.1.0.jar;c:\Users\Haqii\AppData\Roaming\Code\User\globalStorage\fwcd.kotlin\langServerInstall\server\lib\fernflower-1.0.jar;c:\Users\Haqii\AppData\Roaming\Code\User\globalStorage\fwcd.kotlin\langServerInstall\server\lib\h2-1.4.200.jar;c:\Users\Haqii\AppData\Roaming\Code\User\globalStorage\fwcd.kotlin\langServerInstall\server\lib\jcommander-1.78.jar;c:\Users\Haqii\AppData\Roaming\Code\User\globalStorage\fwcd.kotlin\langServerInstall\server\lib\sqlite-jdbc-3.41.2.1.jar;c:\Users\Haqii\AppData\Roaming\Code\User\globalStorage\fwcd.kotlin\langServerInstall\server\lib\google-java-format-1.8.jar;c:\Users\Haqii\AppData\Roaming\Code\User\globalStorage\fwcd.kotlin\langServerInstall\server\lib\guava-33.3.0-jre.jar;c:\Users\Haqii\AppData\Roaming\Code\User\globalStorage\fwcd.kotlin\langServerInstall\server\lib\annotations-13.0.jar;c:\Users\Haqii\AppData\Roaming\Code\User\globalStorage\fwcd.kotlin\langServerInstall\server\lib\gson-2.10.1.jar;c:\Users\Haqii\AppData\Roaming\Code\User\globalStorage\fwcd.kotlin\langServerInstall\server\lib\kotlin-script-runtime-2.1.0.jar;c:\Users\Haqii\AppData\Roaming\Code\User\globalStorage\fwcd.kotlin\langServerInstall\server\lib\trove4j-1.0.20200330.jar;c:\Users\Haqii\AppData\Roaming\Code\User\globalStorage\fwcd.kotlin\langServerInstall\server\lib\jline-3.24.1.jar;c:\Users\Haqii\AppData\Roaming\Code\User\globalStorage\fwcd.kotlin\langServerInstall\server\lib\slf4j-api-1.7.25.jar;c:\Users\Haqii\AppData\Roaming\Code\User\globalStorage\fwcd.kotlin\langServerInstall\server\lib\jna-4.2.2.jar;c:\Users\Haqii\AppData\Roaming\Code\User\globalStorage\fwcd.kotlin\langServerInstall\server\lib\failureaccess-1.0.2.jar;c:\Users\Haqii\AppData\Roaming\Code\User\globalStorage\fwcd.kotlin\langServerInstall\server\lib\listenablefuture-9999.0-empty-to-avoid-conflict-with-guava.jar;c:\Users\Haqii\AppData\Roaming\Code\User\globalStorage\fwcd.kotlin\langServerInstall\server\lib\jsr305-3.0.2.jar;c:\Users\Haqii\AppData\Roaming\Code\User\globalStorage\fwcd.kotlin\langServerInstall\server\lib\checker-qual-3.43.0.jar;c:\Users\Haqii\AppData\Roaming\Code\User\globalStorage\fwcd.kotlin\langServerInstall\server\lib\error_prone_annotations-2.28.0.jar
PATH=C:\Program Files\Common Files\Oracle\Java\javapath;C:\Program Files (x86)\Common Files\Oracle\Java\java8path;C:\Program Files (x86)\Common Files\Oracle\Java\javapath;C:\WINDOWS\system32;C:\WINDOWS;C:\WINDOWS\System32\Wbem;C:\WINDOWS\System32\WindowsPowerShell\v1.0\;C:\WINDOWS\System32\OpenSSH\;C:\xampp\php;C:\ProgramData\ComposerSetup\bin;C:\Program Files\Git\cmd;C:\Program Files\dotnet\;C:\ProgramData\chocolatey\bin;C:\Program Files\nodejs\;C:\Program Files\Common Files\Oracle\Java\javapath;C:\Windows\system32;C:\Windows;C:\Windows\System32\Wbem;C:\Windows\System32\WindowsPowerShell\v1.0\;C:\Windows\System32\OpenSSH\;C:\xampp\php;C:\ProgramData\ComposerSetup\bin;C:\Program Files\nodejs\;C:\Program Files\Git\cmd;C:\Program Files\dotnet\;C:\ProgramData\chocolatey\bin;c:\Users\Haqii\AppData\Local\Programs\cursor\resources\app\codeBin;C:\Users\Haqii\AppData\Local\Programs\Python\Launcher\;C:\Users\Haqii\AppData\Local\Microsoft\WindowsApps;C:\Users\Haqii\AppData\Local\Programs\Microsoft VS Code\bin;C:\Users\Haqii\AppData\Roaming\Composer\vendor\bin;C:\msys64\ucrt64\bin;C:\Users\Haqii\AppData\Local\spicetify;C:\Users\Haqii\.deno\bin;C:\Android\cmdline-tools\latest\bin;C:\Android\platform-tools;C:\Android\emulator;C:\Users\Haqii\AppData\Roaming\npm;C:\Users\Haqii\AppData\Local\Microsoft\WindowsApps;C:\laragon\bin\php\php-8.3.26-Win32-vs16-x64;C:\laragon\bin\composer;
USERNAME=Haqii
OS=Windows_NT
PROCESSOR_IDENTIFIER=AMD64 Family 25 Model 68 Stepping 1, AuthenticAMD
TMP=C:\Users\Haqii\AppData\Local\Temp
TEMP=C:\Users\Haqii\AppData\Local\Temp




Periodic native trim disabled

---------------  S Y S T E M  ---------------

OS:
 Windows 11 , 64 bit Build 26100 (10.0.26100.7309)
OS uptime: 0 days 0:21 hours

CPU: total 16 (initial active 16) (16 cores per cpu, 2 threads per core) family 25 model 68 stepping 1 microcode 0xa404102, cx8, cmov, fxsr, ht, mmx, 3dnowpref, sse, sse2, sse3, ssse3, sse4a, sse4.1, sse4.2, popcnt, lzcnt, tsc, tscinvbit, avx, avx2, aes, erms, clmul, bmi1, bmi2, adx, sha, fma, vzeroupper, clflush, clflushopt, rdtscp, rdpid, fsrm, f16c, pku, cet_ss
Processor Information for processor 0
  Max Mhz: 3201, Current Mhz: 3201, Mhz Limit: 3201
Processor Information for processor 1
  Max Mhz: 3201, Current Mhz: 3201, Mhz Limit: 3201
Processor Information for processor 2
  Max Mhz: 3201, Current Mhz: 3201, Mhz Limit: 3201
Processor Information for processor 3
  Max Mhz: 3201, Current Mhz: 3201, Mhz Limit: 3201
Processor Information for processor 4
  Max Mhz: 3201, Current Mhz: 3201, Mhz Limit: 3201
Processor Information for processor 5
  Max Mhz: 3201, Current Mhz: 3201, Mhz Limit: 3201
Processor Information for processor 6
  Max Mhz: 3201, Current Mhz: 3201, Mhz Limit: 3201
Processor Information for processor 7
  Max Mhz: 3201, Current Mhz: 3201, Mhz Limit: 3201
Processor Information for processor 8
  Max Mhz: 3201, Current Mhz: 3201, Mhz Limit: 3201
Processor Information for processor 9
  Max Mhz: 3201, Current Mhz: 3201, Mhz Limit: 3201
Processor Information for processor 10
  Max Mhz: 3201, Current Mhz: 2560, Mhz Limit: 3201
Processor Information for processor 11
  Max Mhz: 3201, Current Mhz: 3201, Mhz Limit: 3201
Processor Information for processor 12
  Max Mhz: 3201, Current Mhz: 3201, Mhz Limit: 3201
Processor Information for processor 13
  Max Mhz: 3201, Current Mhz: 3201, Mhz Limit: 3201
Processor Information for processor 14
  Max Mhz: 3201, Current Mhz: 3201, Mhz Limit: 3201
Processor Information for processor 15
  Max Mhz: 3201, Current Mhz: 3201, Mhz Limit: 3201

Memory: 4k page, system-wide physical 15613M (1156M free)
TotalPageFile size 28925M (AvailPageFile size 235M)
current process WorkingSet (physical memory assigned to process): 266M, peak: 271M
current process commit charge ("private bytes"): 365M, peak: 393M

vm_info: Java HotSpot(TM) 64-Bit Server VM (23.0.1+11-39) for windows-amd64 JRE (23.0.1+11-39), built on 2024-09-30T07:20:43Z with MS VC++ 17.6 (VS2022)

END.
