#
# There is insufficient memory for the Java Runtime Environment to continue.
# Native memory allocation (malloc) failed to allocate 2689120 bytes. Error detail: Chunk::new
# Possible reasons:
#   The system is out of physical RAM or swap space
#   This process is running with CompressedOops enabled, and the Java Heap may be blocking the growth of the native heap
# Possible solutions:
#   Reduce memory load on the system
#   Increase physical memory or swap space
#   Check if swap backing store is full
#   Decrease Java heap size (-Xmx/-Xms)
#   Decrease number of Java threads
#   Decrease Java thread stack sizes (-Xss)
#   Set larger code cache with -XX:ReservedCodeCacheSize=
#   JVM is running with Unscaled Compressed Oops mode in which the Java heap is
#     placed in the first 4GB address space. The Java Heap base address is the
#     maximum limit for the native heap growth. Please use -XX:HeapBaseMinAddress
#     to set the Java Heap base and to place the Java Heap above 4GB virtual address.
# This output file may be truncated or incomplete.
#
#  Out of Memory Error (arena.cpp:149), pid=23188, tid=14384
#
# JRE version: Java(TM) SE Runtime Environment (23.0.1+11) (build 23.0.1+11-39)
# Java VM: Java HotSpot(TM) 64-Bit Server VM (23.0.1+11-39, mixed mode, sharing, tiered, compressed oops, compressed class ptrs, g1 gc, windows-amd64)
# No core dump will be written. Minidumps are not enabled by default on client versions of Windows
#

---------------  S U M M A R Y ------------

Command Line: --add-opens=java.base/java.lang=ALL-UNNAMED --add-opens=java.base/java.lang.invoke=ALL-UNNAMED --add-opens=java.base/java.util=ALL-UNNAMED --add-opens=java.prefs/java.util.prefs=ALL-UNNAMED --add-exports=jdk.compiler/com.sun.tools.javac.api=ALL-UNNAMED --add-exports=jdk.compiler/com.sun.tools.javac.util=ALL-UNNAMED --add-opens=java.base/java.util=ALL-UNNAMED --add-opens=java.prefs/java.util.prefs=ALL-UNNAMED --add-opens=java.base/java.nio.charset=ALL-UNNAMED --add-opens=java.base/java.net=ALL-UNNAMED --add-opens=java.base/java.util.concurrent.atomic=ALL-UNNAMED --add-opens=java.xml/javax.xml.namespace=ALL-UNNAMED -Xmx2048m -Dfile.encoding=UTF-8 -Duser.country=ID -Duser.language=en -Duser.variant -javaagent:C:\Users\Haqii\.gradle\wrapper\dists\gradle-8.13-bin\5xuhj0ry160q40clulazy9h7d\gradle-8.13\lib\agents\gradle-instrumentation-agent-8.13.jar org.gradle.launcher.daemon.bootstrap.GradleDaemon 8.13

Host: AMD Ryzen 7 7735HS with Radeon Graphics        , 16 cores, 15G,  Windows 11 , 64 bit Build 26100 (10.0.26100.7309)
Time: Wed Mar  4 08:14:22 2026 SE Asia Standard Time elapsed time: 13.800685 seconds (0d 0h 0m 13s)

---------------  T H R E A D  ---------------

Current thread (0x000002abbeeeca00):  JavaThread "C2 CompilerThread0" daemon [_thread_in_native, id=14384, stack(0x000000bc34f00000,0x000000bc35000000) (1024K)]


Current CompileTask:
C2:13800 11991       4       org.gradle.internal.instantiation.generator.AbstractClassGenerator::inspectType (602 bytes)

Stack: [0x000000bc34f00000,0x000000bc35000000]
Native frames: (J=compiled Java code, j=interpreted, Vv=VM code, C=native code)
V  [jvm.dll+0x6e08b9]  (no source info available)
V  [jvm.dll+0x87dc83]  (no source info available)
V  [jvm.dll+0x88010e]  (no source info available)
V  [jvm.dll+0x8807e3]  (no source info available)
V  [jvm.dll+0x27aee6]  (no source info available)
V  [jvm.dll+0xbc06f]  (no source info available)
V  [jvm.dll+0xbc2cb]  (no source info available)
V  [jvm.dll+0x3b3a9c]  (no source info available)
V  [jvm.dll+0x38a42b]  (no source info available)
V  [jvm.dll+0x38989a]  (no source info available)
V  [jvm.dll+0x244aa1]  (no source info available)
V  [jvm.dll+0x243dff]  (no source info available)
V  [jvm.dll+0x1c33a0]  (no source info available)
V  [jvm.dll+0x253cf1]  (no source info available)
V  [jvm.dll+0x251faa]  (no source info available)
V  [jvm.dll+0x3ee036]  (no source info available)
V  [jvm.dll+0x824f8b]  (no source info available)
V  [jvm.dll+0x6df065]  (no source info available)
C  [ucrtbase.dll+0x37b0]  (no source info available)
C  [KERNEL32.DLL+0x2e8d7]  (no source info available)
C  [ntdll.dll+0x8c53c]  (no source info available)

Lock stack of current Java thread (top to bottom):


---------------  P R O C E S S  ---------------

Threads class SMR info:
_java_thread_list=0x000002ac09f9d390, length=83, elements={
0x000002aba1591520, 0x000002abbeee1420, 0x000002abbeee2ca0, 0x000002abbeee7720,
0x000002abbeee8ea0, 0x000002abbeeeaae0, 0x000002abbeeeb7c0, 0x000002abbeeeca00,
0x000002abbeef8710, 0x000002ac000f9010, 0x000002ac001a49a0, 0x000002ac00372e70,
0x000002ac003a1e30, 0x000002ac064d5290, 0x000002ac06383d80, 0x000002ac05e78660,
0x000002ac0679be00, 0x000002ac0679cb20, 0x000002ac0679ebf0, 0x000002ac0679c490,
0x000002ac0679ded0, 0x000002ac0679b770, 0x000002ac0679d1b0, 0x000002ac0679d840,
0x000002ac0679e560, 0x000002ac06afa350, 0x000002ac06af7bf0, 0x000002ac06af8fa0,
0x000002ac06af8280, 0x000002ac06af8910, 0x000002ac06afcab0, 0x000002ac06afa9e0,
0x000002ac06afb700, 0x000002ac06afe4f0, 0x000002ac06afd7d0, 0x000002ac06c211c0,
0x000002ac06c1f780, 0x000002ac06c23290, 0x000002ac06c1fe10, 0x000002ac06c26080,
0x000002ac06c23920, 0x000002ac06c24cd0, 0x000002ac06c25360, 0x000002ac06c23fb0,
0x000002ac06c24640, 0x000002ac06c259f0, 0x000002ac0cb8d7a0, 0x000002ac0cb8eb50,
0x000002ac0cb8de30, 0x000002ac0cb8f1e0, 0x000002ac0cb90c20, 0x000002ac0cb8e4c0,
0x000002ac0cb8f870, 0x000002ac0cb90590, 0x000002ac0cb8ff00, 0x000002ac09042680,
0x000002ac09040c40, 0x000002ac09042d10, 0x000002ac09041ff0, 0x000002ac0903ff20,
0x000002ac09041960, 0x000002ac09043a30, 0x000002ac090433a0, 0x000002ac090412d0,
0x000002ac090405b0, 0x000002ac09046eb0, 0x000002ac09046820, 0x000002ac09044750,
0x000002ac09045470, 0x000002ac09045b00, 0x000002ac0acc0880, 0x000002ac0acbda90,
0x000002ac0acc01f0, 0x000002ac0acbf4d0, 0x000002ac0acbfb60, 0x000002ac0acbd400,
0x000002ac0acc0f10, 0x000002ac0acc15a0, 0x000002ac0acbe120, 0x000002ac0acc1c30,
0x000002ac0acbe7b0, 0x000002ac0acc2fe0, 0x000002ac0b0f0f70
}

Java Threads: ( => current thread )
  0x000002aba1591520 JavaThread "main"                              [_thread_blocked, id=23088, stack(0x000000bc34100000,0x000000bc34200000) (1024K)]
  0x000002abbeee1420 JavaThread "Reference Handler"          daemon [_thread_blocked, id=4452, stack(0x000000bc34900000,0x000000bc34a00000) (1024K)]
  0x000002abbeee2ca0 JavaThread "Finalizer"                  daemon [_thread_blocked, id=22700, stack(0x000000bc34a00000,0x000000bc34b00000) (1024K)]
  0x000002abbeee7720 JavaThread "Signal Dispatcher"          daemon [_thread_blocked, id=22768, stack(0x000000bc34b00000,0x000000bc34c00000) (1024K)]
  0x000002abbeee8ea0 JavaThread "Attach Listener"            daemon [_thread_blocked, id=22664, stack(0x000000bc34c00000,0x000000bc34d00000) (1024K)]
  0x000002abbeeeaae0 JavaThread "Service Thread"             daemon [_thread_blocked, id=22484, stack(0x000000bc34d00000,0x000000bc34e00000) (1024K)]
  0x000002abbeeeb7c0 JavaThread "Monitor Deflation Thread"   daemon [_thread_blocked, id=18728, stack(0x000000bc34e00000,0x000000bc34f00000) (1024K)]
=>0x000002abbeeeca00 JavaThread "C2 CompilerThread0"         daemon [_thread_in_native, id=14384, stack(0x000000bc34f00000,0x000000bc35000000) (1024K)]
  0x000002abbeef8710 JavaThread "C1 CompilerThread0"         daemon [_thread_blocked, id=22764, stack(0x000000bc35000000,0x000000bc35100000) (1024K)]
  0x000002ac000f9010 JavaThread "C1 CompilerThread1"         daemon [_thread_blocked, id=23352, stack(0x000000bc35100000,0x000000bc35200000) (1024K)]
  0x000002ac001a49a0 JavaThread "Common-Cleaner"             daemon [_thread_blocked, id=14204, stack(0x000000bc35400000,0x000000bc35500000) (1024K)]
  0x000002ac00372e70 JavaThread "Notification Thread"        daemon [_thread_blocked, id=7952, stack(0x000000bc35500000,0x000000bc35600000) (1024K)]
  0x000002ac003a1e30 JavaThread "C2 CompilerThread1"         daemon [_thread_in_native, id=16480, stack(0x000000bc35600000,0x000000bc35700000) (1024K)]
  0x000002ac064d5290 JavaThread "Daemon health stats"               [_thread_blocked, id=20944, stack(0x000000bc35900000,0x000000bc35a00000) (1024K)]
  0x000002ac06383d80 JavaThread "Incoming local TCP Connector on port 55698"        [_thread_in_native, id=21580, stack(0x000000bc35e00000,0x000000bc35f00000) (1024K)]
  0x000002ac05e78660 JavaThread "Daemon periodic checks"            [_thread_blocked, id=19136, stack(0x000000bc35f00000,0x000000bc36000000) (1024K)]
  0x000002ac0679be00 JavaThread "Daemon"                            [_thread_blocked, id=16796, stack(0x000000bc36000000,0x000000bc36100000) (1024K)]
  0x000002ac0679cb20 JavaThread "Handler for socket connection from /127.0.0.1:55698 to /127.0.0.1:55699"        [_thread_in_native, id=21412, stack(0x000000bc36100000,0x000000bc36200000) (1024K)]
  0x000002ac0679ebf0 JavaThread "Cancel handler"                    [_thread_blocked, id=17944, stack(0x000000bc36200000,0x000000bc36300000) (1024K)]
  0x000002ac0679c490 JavaThread "Daemon worker"                     [_thread_in_vm, id=19568, stack(0x000000bc36300000,0x000000bc36400000) (1024K)]
  0x000002ac0679ded0 JavaThread "Asynchronous log dispatcher for DefaultDaemonConnection: socket connection from /127.0.0.1:55698 to /127.0.0.1:55699"        [_thread_blocked, id=20104, stack(0x000000bc36400000,0x000000bc36500000) (1024K)]
  0x000002ac0679b770 JavaThread "Stdin handler"                     [_thread_blocked, id=22108, stack(0x000000bc36500000,0x000000bc36600000) (1024K)]
  0x000002ac0679d1b0 JavaThread "Daemon client event forwarder"        [_thread_blocked, id=19192, stack(0x000000bc36600000,0x000000bc36700000) (1024K)]
  0x000002ac0679d840 JavaThread "Cache worker for journal cache (C:\Users\Haqii\.gradle\caches\journal-1)"        [_thread_blocked, id=20420, stack(0x000000bc36700000,0x000000bc36800000) (1024K)]
  0x000002ac0679e560 JavaThread "File lock request listener"        [_thread_in_native, id=11080, stack(0x000000bc36800000,0x000000bc36900000) (1024K)]
  0x000002ac06afa350 JavaThread "Cache worker for file hash cache (C:\Users\Haqii\.gradle\caches\8.13\fileHashes)"        [_thread_blocked, id=3304, stack(0x000000bc36900000,0x000000bc36a00000) (1024K)]
  0x000002ac06af7bf0 JavaThread "Cache worker for file hash cache (D:\KELAS-XI\Tugas Akhir Semester 1\MyApplication\.gradle\8.13\fileHashes)"        [_thread_blocked, id=19348, stack(0x000000bc37500000,0x000000bc37600000) (1024K)]
  0x000002ac06af8fa0 JavaThread "Cache worker for Build Output Cleanup Cache (D:\KELAS-XI\Tugas Akhir Semester 1\MyApplication\.gradle\buildOutputCleanup)"        [_thread_blocked, id=2752, stack(0x000000bc37600000,0x000000bc37700000) (1024K)]
  0x000002ac06af8280 JavaThread "File watcher server"        daemon [_thread_in_native, id=18316, stack(0x000000bc37700000,0x000000bc37800000) (1024K)]
  0x000002ac06af8910 JavaThread "File watcher consumer"      daemon [_thread_blocked, id=21876, stack(0x000000bc37800000,0x000000bc37900000) (1024K)]
  0x000002ac06afcab0 JavaThread "jar transforms"                    [_thread_blocked, id=13936, stack(0x000000bc37900000,0x000000bc37a00000) (1024K)]
  0x000002ac06afa9e0 JavaThread "jar transforms Thread 2"           [_thread_blocked, id=21680, stack(0x000000bc37a00000,0x000000bc37b00000) (1024K)]
  0x000002ac06afb700 JavaThread "Cache worker for checksums cache (D:\KELAS-XI\Tugas Akhir Semester 1\MyApplication\.gradle\8.13\checksums)"        [_thread_blocked, id=13880, stack(0x000000bc37b00000,0x000000bc37c00000) (1024K)]
  0x000002ac06afe4f0 JavaThread "Cache worker for file content cache (C:\Users\Haqii\.gradle\caches\8.13\fileContent)"        [_thread_blocked, id=16440, stack(0x000000bc37c00000,0x000000bc37d00000) (1024K)]
  0x000002ac06afd7d0 JavaThread "Cache worker for cache directory md-supplier (C:\Users\Haqii\.gradle\caches\8.13\md-supplier)"        [_thread_blocked, id=19056, stack(0x000000bc37d00000,0x000000bc37e00000) (1024K)]
  0x000002ac06c211c0 JavaThread "Cache worker for cache directory md-rule (C:\Users\Haqii\.gradle\caches\8.13\md-rule)"        [_thread_blocked, id=6180, stack(0x000000bc37e00000,0x000000bc37f00000) (1024K)]
  0x000002ac06c1f780 JavaThread "Unconstrained build operations"        [_thread_blocked, id=22892, stack(0x000000bc37100000,0x000000bc37200000) (1024K)]
  0x000002ac06c23290 JavaThread "Unconstrained build operations Thread 2"        [_thread_blocked, id=22896, stack(0x000000bc37400000,0x000000bc37500000) (1024K)]
  0x000002ac06c1fe10 JavaThread "Unconstrained build operations Thread 3"        [_thread_blocked, id=19644, stack(0x000000bc37f00000,0x000000bc38000000) (1024K)]
  0x000002ac06c26080 JavaThread "Unconstrained build operations Thread 4"        [_thread_blocked, id=9748, stack(0x000000bc38000000,0x000000bc38100000) (1024K)]
  0x000002ac06c23920 JavaThread "Unconstrained build operations Thread 5"        [_thread_blocked, id=23512, stack(0x000000bc38100000,0x000000bc38200000) (1024K)]
  0x000002ac06c24cd0 JavaThread "Unconstrained build operations Thread 6"        [_thread_blocked, id=10040, stack(0x000000bc38200000,0x000000bc38300000) (1024K)]
  0x000002ac06c25360 JavaThread "Unconstrained build operations Thread 7"        [_thread_blocked, id=13540, stack(0x000000bc38300000,0x000000bc38400000) (1024K)]
  0x000002ac06c23fb0 JavaThread "Unconstrained build operations Thread 8"        [_thread_blocked, id=23532, stack(0x000000bc38400000,0x000000bc38500000) (1024K)]
  0x000002ac06c24640 JavaThread "Unconstrained build operations Thread 9"        [_thread_blocked, id=9740, stack(0x000000bc38500000,0x000000bc38600000) (1024K)]
  0x000002ac06c259f0 JavaThread "Unconstrained build operations Thread 10"        [_thread_blocked, id=23276, stack(0x000000bc38600000,0x000000bc38700000) (1024K)]
  0x000002ac0cb8d7a0 JavaThread "Unconstrained build operations Thread 11"        [_thread_blocked, id=23508, stack(0x000000bc38700000,0x000000bc38800000) (1024K)]
  0x000002ac0cb8eb50 JavaThread "Unconstrained build operations Thread 12"        [_thread_blocked, id=23324, stack(0x000000bc38800000,0x000000bc38900000) (1024K)]
  0x000002ac0cb8de30 JavaThread "Unconstrained build operations Thread 13"        [_thread_blocked, id=23340, stack(0x000000bc38900000,0x000000bc38a00000) (1024K)]
  0x000002ac0cb8f1e0 JavaThread "Unconstrained build operations Thread 14"        [_thread_blocked, id=23548, stack(0x000000bc38a00000,0x000000bc38b00000) (1024K)]
  0x000002ac0cb90c20 JavaThread "Unconstrained build operations Thread 15"        [_thread_blocked, id=23544, stack(0x000000bc38b00000,0x000000bc38c00000) (1024K)]
  0x000002ac0cb8e4c0 JavaThread "Unconstrained build operations Thread 16"        [_thread_blocked, id=6776, stack(0x000000bc38c00000,0x000000bc38d00000) (1024K)]
  0x000002ac0cb8f870 JavaThread "Unconstrained build operations Thread 17"        [_thread_blocked, id=396, stack(0x000000bc38d00000,0x000000bc38e00000) (1024K)]
  0x000002ac0cb90590 JavaThread "Unconstrained build operations Thread 18"        [_thread_blocked, id=19100, stack(0x000000bc38e00000,0x000000bc38f00000) (1024K)]
  0x000002ac0cb8ff00 JavaThread "Unconstrained build operations Thread 19"        [_thread_blocked, id=16276, stack(0x000000bc38f00000,0x000000bc39000000) (1024K)]
  0x000002ac09042680 JavaThread "Unconstrained build operations Thread 20"        [_thread_blocked, id=4328, stack(0x000000bc39000000,0x000000bc39100000) (1024K)]
  0x000002ac09040c40 JavaThread "Unconstrained build operations Thread 21"        [_thread_blocked, id=14564, stack(0x000000bc39100000,0x000000bc39200000) (1024K)]
  0x000002ac09042d10 JavaThread "Unconstrained build operations Thread 22"        [_thread_blocked, id=14196, stack(0x000000bc39200000,0x000000bc39300000) (1024K)]
  0x000002ac09041ff0 JavaThread "Unconstrained build operations Thread 23"        [_thread_blocked, id=20060, stack(0x000000bc39300000,0x000000bc39400000) (1024K)]
  0x000002ac0903ff20 JavaThread "Unconstrained build operations Thread 24"        [_thread_blocked, id=17244, stack(0x000000bc39400000,0x000000bc39500000) (1024K)]
  0x000002ac09041960 JavaThread "Unconstrained build operations Thread 25"        [_thread_blocked, id=12316, stack(0x000000bc39500000,0x000000bc39600000) (1024K)]
  0x000002ac09043a30 JavaThread "Unconstrained build operations Thread 26"        [_thread_blocked, id=9036, stack(0x000000bc39600000,0x000000bc39700000) (1024K)]
  0x000002ac090433a0 JavaThread "Unconstrained build operations Thread 27"        [_thread_blocked, id=20332, stack(0x000000bc39700000,0x000000bc39800000) (1024K)]
  0x000002ac090412d0 JavaThread "Unconstrained build operations Thread 28"        [_thread_blocked, id=22368, stack(0x000000bc39800000,0x000000bc39900000) (1024K)]
  0x000002ac090405b0 JavaThread "Unconstrained build operations Thread 29"        [_thread_blocked, id=14572, stack(0x000000bc39900000,0x000000bc39a00000) (1024K)]
  0x000002ac09046eb0 JavaThread "Unconstrained build operations Thread 30"        [_thread_blocked, id=22224, stack(0x000000bc39a00000,0x000000bc39b00000) (1024K)]
  0x000002ac09046820 JavaThread "Unconstrained build operations Thread 31"        [_thread_blocked, id=11020, stack(0x000000bc39b00000,0x000000bc39c00000) (1024K)]
  0x000002ac09044750 JavaThread "Unconstrained build operations Thread 32"        [_thread_blocked, id=14568, stack(0x000000bc39c00000,0x000000bc39d00000) (1024K)]
  0x000002ac09045470 JavaThread "Unconstrained build operations Thread 33"        [_thread_blocked, id=18076, stack(0x000000bc39d00000,0x000000bc39e00000) (1024K)]
  0x000002ac09045b00 JavaThread "Unconstrained build operations Thread 34"        [_thread_blocked, id=12044, stack(0x000000bc39e00000,0x000000bc39f00000) (1024K)]
  0x000002ac0acc0880 JavaThread "Unconstrained build operations Thread 35"        [_thread_blocked, id=22608, stack(0x000000bc39f00000,0x000000bc3a000000) (1024K)]
  0x000002ac0acbda90 JavaThread "Unconstrained build operations Thread 36"        [_thread_blocked, id=14380, stack(0x000000bc3a000000,0x000000bc3a100000) (1024K)]
  0x000002ac0acc01f0 JavaThread "Unconstrained build operations Thread 37"        [_thread_blocked, id=6192, stack(0x000000bc3a100000,0x000000bc3a200000) (1024K)]
  0x000002ac0acbf4d0 JavaThread "Unconstrained build operations Thread 38"        [_thread_blocked, id=15188, stack(0x000000bc3a200000,0x000000bc3a300000) (1024K)]
  0x000002ac0acbfb60 JavaThread "Unconstrained build operations Thread 39"        [_thread_blocked, id=16936, stack(0x000000bc3a300000,0x000000bc3a400000) (1024K)]
  0x000002ac0acbd400 JavaThread "Unconstrained build operations Thread 40"        [_thread_blocked, id=20200, stack(0x000000bc3a400000,0x000000bc3a500000) (1024K)]
  0x000002ac0acc0f10 JavaThread "Unconstrained build operations Thread 41"        [_thread_blocked, id=14600, stack(0x000000bc3a500000,0x000000bc3a600000) (1024K)]
  0x000002ac0acc15a0 JavaThread "Unconstrained build operations Thread 42"        [_thread_blocked, id=14396, stack(0x000000bc3a600000,0x000000bc3a700000) (1024K)]
  0x000002ac0acbe120 JavaThread "Unconstrained build operations Thread 43"        [_thread_blocked, id=12952, stack(0x000000bc3a700000,0x000000bc3a800000) (1024K)]
  0x000002ac0acc1c30 JavaThread "Unconstrained build operations Thread 44"        [_thread_blocked, id=16548, stack(0x000000bc3a800000,0x000000bc3a900000) (1024K)]
  0x000002ac0acbe7b0 JavaThread "Unconstrained build operations Thread 45"        [_thread_blocked, id=16780, stack(0x000000bc3a900000,0x000000bc3aa00000) (1024K)]
  0x000002ac0acc2fe0 JavaThread "Memory manager"                    [_thread_blocked, id=22572, stack(0x000000bc3aa00000,0x000000bc3ab00000) (1024K)]
  0x000002ac0b0f0f70 JavaThread "build event listener"              [_thread_blocked, id=22532, stack(0x000000bc35700000,0x000000bc35800000) (1024K)]
Total: 83

Other Threads:
  0x000002abbeec7890 VMThread "VM Thread"                           [id=11676, stack(0x000000bc34800000,0x000000bc34900000) (1024K)]
  0x000002ac000819e0 WatcherThread "VM Periodic Task Thread"        [id=22632, stack(0x000000bc34700000,0x000000bc34800000) (1024K)]
  0x000002aba15eac80 WorkerThread "GC Thread#0"                     [id=22628, stack(0x000000bc34200000,0x000000bc34300000) (1024K)]
  0x000002ac005a1b10 WorkerThread "GC Thread#1"                     [id=11036, stack(0x000000bc35a00000,0x000000bc35b00000) (1024K)]
  0x000002ac008c7810 WorkerThread "GC Thread#2"                     [id=23348, stack(0x000000bc35b00000,0x000000bc35c00000) (1024K)]
  0x000002ac008c7bc0 WorkerThread "GC Thread#3"                     [id=21708, stack(0x000000bc35c00000,0x000000bc35d00000) (1024K)]
  0x000002ac008c7f70 WorkerThread "GC Thread#4"                     [id=8956, stack(0x000000bc35d00000,0x000000bc35e00000) (1024K)]
  0x000002ac05709bf0 WorkerThread "GC Thread#5"                     [id=6932, stack(0x000000bc35800000,0x000000bc35900000) (1024K)]
  0x000002ac05dc79b0 WorkerThread "GC Thread#6"                     [id=8724, stack(0x000000bc36a00000,0x000000bc36b00000) (1024K)]
  0x000002ac05dc7d60 WorkerThread "GC Thread#7"                     [id=21300, stack(0x000000bc36b00000,0x000000bc36c00000) (1024K)]
  0x000002ac079b9970 WorkerThread "GC Thread#8"                     [id=14808, stack(0x000000bc36c00000,0x000000bc36d00000) (1024K)]
  0x000002ac079ba0d0 WorkerThread "GC Thread#9"                     [id=1480, stack(0x000000bc36d00000,0x000000bc36e00000) (1024K)]
  0x000002ac079ba480 WorkerThread "GC Thread#10"                    [id=22676, stack(0x000000bc36e00000,0x000000bc36f00000) (1024K)]
  0x000002ac079ba830 WorkerThread "GC Thread#11"                    [id=23540, stack(0x000000bc36f00000,0x000000bc37000000) (1024K)]
  0x000002ac079babe0 WorkerThread "GC Thread#12"                    [id=23536, stack(0x000000bc37000000,0x000000bc37100000) (1024K)]
  0x000002aba16003f0 ConcurrentGCThread "G1 Main Marker"            [id=17364, stack(0x000000bc34300000,0x000000bc34400000) (1024K)]
  0x000002aba1600e10 WorkerThread "G1 Conc#0"                       [id=17520, stack(0x000000bc34400000,0x000000bc34500000) (1024K)]
  0x000002ac079b8350 WorkerThread "G1 Conc#1"                       [id=17952, stack(0x000000bc37200000,0x000000bc37300000) (1024K)]
  0x000002ac079b8700 WorkerThread "G1 Conc#2"                       [id=18420, stack(0x000000bc37300000,0x000000bc37400000) (1024K)]
  0x000002abbee070a0 ConcurrentGCThread "G1 Refine#0"               [id=8748, stack(0x000000bc34500000,0x000000bc34600000) (1024K)]
  0x000002abbee089e0 ConcurrentGCThread "G1 Service"                [id=1204, stack(0x000000bc34600000,0x000000bc34700000) (1024K)]
Total: 21

Threads with active compile tasks:
C2 CompilerThread0  13852 11991       4       org.gradle.internal.instantiation.generator.AbstractClassGenerator::inspectType (602 bytes)
C2 CompilerThread1  13852 12009       4       org.gradle.internal.reflect.ClassInspector::inspectClass (179 bytes)
Total: 2

VM state: not at safepoint (normal execution)

VM Mutex/Monitor currently owned by a thread: None

Heap address: 0x0000000080000000, size: 2048 MB, Compressed Oops mode: 32-bit

CDS archive(s) mapped at: [0x000002abbf000000-0x000002abbfd70000-0x000002abbfd70000), size 14090240, SharedBaseAddress: 0x000002abbf000000, ArchiveRelocationMode: 1.
Compressed class space mapped at: 0x000002abc0000000-0x000002ac00000000, reserved size: 1073741824
Narrow klass base: 0x000002abbf000000, Narrow klass shift: 0, Narrow klass range: 0x41000000

GC Precious Log:
 CardTable entry size: 512
 Card Set container configuration: InlinePtr #cards 5 size 8 Array Of Cards #cards 10 size 36 Howl #buckets 4 coarsen threshold 1843 Howl Bitmap #cards 512 size 80 coarsen threshold 460 Card regions per heap region 1 cards per card region 2048
 CPUs: 16 total, 16 available
 Memory: 15613M
 Large Page Support: Disabled
 NUMA Support: Disabled
 Compressed Oops: Enabled (32-bit)
 Heap Region Size: 1M
 Heap Min Capacity: 8M
 Heap Initial Capacity: 244M
 Heap Max Capacity: 2G
 Pre-touch: Disabled
 Parallel Workers: 13
 Concurrent Workers: 3
 Concurrent Refinement Workers: 13
 Periodic GC: Disabled

Heap:
 garbage-first heap   total reserved 2097152K, committed 147456K, used 124296K [0x0000000080000000, 0x0000000100000000)
  region size 1024K, 32 young (32768K), 4 survivors (4096K)
 Metaspace       used 84201K, committed 86336K, reserved 1179648K
  class space    used 11840K, committed 12864K, reserved 1048576K

Heap Regions: E=young(eden), S=young(survivor), O=old, HS=humongous(starts), HC=humongous(continues), CS=collection set, F=free, TAMS=top-at-mark-start, PB=parsable bottom
|   0|0x0000000080000000, 0x0000000080100000, 0x0000000080100000|100%| O|  |TAMS 0x0000000080000000| PB 0x0000000080000000| Untracked |  0
|   1|0x0000000080100000, 0x0000000080200000, 0x0000000080200000|100%|HS|  |TAMS 0x0000000080100000| PB 0x0000000080100000| Complete |  0
|   2|0x0000000080200000, 0x0000000080300000, 0x0000000080300000|100%|HC|  |TAMS 0x0000000080200000| PB 0x0000000080200000| Complete |  0
|   3|0x0000000080300000, 0x0000000080400000, 0x0000000080400000|100%|HC|  |TAMS 0x0000000080300000| PB 0x0000000080300000| Complete |  0
|   4|0x0000000080400000, 0x0000000080400000, 0x0000000080500000|  0%| F|  |TAMS 0x0000000080400000| PB 0x0000000080400000| Untracked |  0
|   5|0x0000000080500000, 0x0000000080600000, 0x0000000080600000|100%| O|  |TAMS 0x0000000080500000| PB 0x0000000080500000| Untracked |  0
|   6|0x0000000080600000, 0x0000000080700000, 0x0000000080700000|100%| O|  |TAMS 0x0000000080600000| PB 0x0000000080600000| Untracked |  0
|   7|0x0000000080700000, 0x0000000080800000, 0x0000000080800000|100%| O|  |TAMS 0x0000000080700000| PB 0x0000000080700000| Untracked |  0
|   8|0x0000000080800000, 0x0000000080900000, 0x0000000080900000|100%|HS|  |TAMS 0x0000000080800000| PB 0x0000000080800000| Complete |  0
|   9|0x0000000080900000, 0x0000000080a00000, 0x0000000080a00000|100%| O|  |TAMS 0x0000000080900000| PB 0x0000000080900000| Untracked |  0
|  10|0x0000000080a00000, 0x0000000080b00000, 0x0000000080b00000|100%| O|  |TAMS 0x0000000080a00000| PB 0x0000000080a00000| Untracked |  0
|  11|0x0000000080b00000, 0x0000000080c00000, 0x0000000080c00000|100%| O|  |TAMS 0x0000000080b00000| PB 0x0000000080b00000| Untracked |  0
|  12|0x0000000080c00000, 0x0000000080d00000, 0x0000000080d00000|100%| O|  |TAMS 0x0000000080c00000| PB 0x0000000080c00000| Untracked |  0
|  13|0x0000000080d00000, 0x0000000080e00000, 0x0000000080e00000|100%| O|  |TAMS 0x0000000080d00000| PB 0x0000000080d00000| Untracked |  0
|  14|0x0000000080e00000, 0x0000000080f00000, 0x0000000080f00000|100%| O|  |TAMS 0x0000000080e00000| PB 0x0000000080e00000| Untracked |  0
|  15|0x0000000080f00000, 0x0000000081000000, 0x0000000081000000|100%| O|  |TAMS 0x0000000080f00000| PB 0x0000000080f00000| Untracked |  0
|  16|0x0000000081000000, 0x00000000810c9828, 0x0000000081100000| 78%| O|  |TAMS 0x0000000081000000| PB 0x0000000081000000| Untracked |  0
|  17|0x0000000081100000, 0x0000000081200000, 0x0000000081200000|100%| O|  |TAMS 0x0000000081100000| PB 0x0000000081100000| Untracked |  0
|  18|0x0000000081200000, 0x0000000081300000, 0x0000000081300000|100%| O|  |TAMS 0x0000000081200000| PB 0x0000000081200000| Untracked |  0
|  19|0x0000000081300000, 0x0000000081400000, 0x0000000081400000|100%| O|  |TAMS 0x0000000081300000| PB 0x0000000081300000| Untracked |  0
|  20|0x0000000081400000, 0x0000000081500000, 0x0000000081500000|100%| O|  |TAMS 0x0000000081400000| PB 0x0000000081400000| Untracked |  0
|  21|0x0000000081500000, 0x0000000081600000, 0x0000000081600000|100%| O|  |TAMS 0x0000000081500000| PB 0x0000000081500000| Untracked |  0
|  22|0x0000000081600000, 0x0000000081700000, 0x0000000081700000|100%| O|  |TAMS 0x0000000081600000| PB 0x0000000081600000| Untracked |  0
|  23|0x0000000081700000, 0x0000000081800000, 0x0000000081800000|100%| O|  |TAMS 0x0000000081700000| PB 0x0000000081700000| Untracked |  0
|  24|0x0000000081800000, 0x0000000081900000, 0x0000000081900000|100%| O|  |TAMS 0x0000000081800000| PB 0x0000000081800000| Untracked |  0
|  25|0x0000000081900000, 0x0000000081a00000, 0x0000000081a00000|100%| O|  |TAMS 0x0000000081900000| PB 0x0000000081900000| Untracked |  0
|  26|0x0000000081a00000, 0x0000000081b00000, 0x0000000081b00000|100%| O|  |TAMS 0x0000000081a00000| PB 0x0000000081a00000| Untracked |  0
|  27|0x0000000081b00000, 0x0000000081c00000, 0x0000000081c00000|100%| O|  |TAMS 0x0000000081b00000| PB 0x0000000081b00000| Untracked |  0
|  28|0x0000000081c00000, 0x0000000081d00000, 0x0000000081d00000|100%| O|  |TAMS 0x0000000081c00000| PB 0x0000000081c00000| Untracked |  0
|  29|0x0000000081d00000, 0x0000000081e00000, 0x0000000081e00000|100%| O|  |TAMS 0x0000000081d00000| PB 0x0000000081d00000| Untracked |  0
|  30|0x0000000081e00000, 0x0000000081f00000, 0x0000000081f00000|100%| O|  |TAMS 0x0000000081e00000| PB 0x0000000081e00000| Untracked |  0
|  31|0x0000000081f00000, 0x0000000082000000, 0x0000000082000000|100%| O|  |TAMS 0x0000000081f00000| PB 0x0000000081f00000| Untracked |  0
|  32|0x0000000082000000, 0x0000000082100000, 0x0000000082100000|100%| O|  |TAMS 0x0000000082000000| PB 0x0000000082000000| Untracked |  0
|  33|0x0000000082100000, 0x0000000082200000, 0x0000000082200000|100%| O|  |TAMS 0x0000000082100000| PB 0x0000000082100000| Untracked |  0
|  34|0x0000000082200000, 0x0000000082300000, 0x0000000082300000|100%| O|  |TAMS 0x0000000082200000| PB 0x0000000082200000| Untracked |  0
|  35|0x0000000082300000, 0x0000000082400000, 0x0000000082400000|100%| O|  |TAMS 0x0000000082300000| PB 0x0000000082300000| Untracked |  0
|  36|0x0000000082400000, 0x0000000082500000, 0x0000000082500000|100%| O|  |TAMS 0x0000000082400000| PB 0x0000000082400000| Untracked |  0
|  37|0x0000000082500000, 0x0000000082600000, 0x0000000082600000|100%| O|  |TAMS 0x0000000082500000| PB 0x0000000082500000| Untracked |  0
|  38|0x0000000082600000, 0x0000000082700000, 0x0000000082700000|100%| O|  |TAMS 0x0000000082600000| PB 0x0000000082600000| Untracked |  0
|  39|0x0000000082700000, 0x0000000082800000, 0x0000000082800000|100%| O|  |TAMS 0x0000000082700000| PB 0x0000000082700000| Untracked |  0
|  40|0x0000000082800000, 0x0000000082900000, 0x0000000082900000|100%| O|  |TAMS 0x0000000082800000| PB 0x0000000082800000| Untracked |  0
|  41|0x0000000082900000, 0x0000000082a00000, 0x0000000082a00000|100%| O|  |TAMS 0x0000000082900000| PB 0x0000000082900000| Untracked |  0
|  42|0x0000000082a00000, 0x0000000082b00000, 0x0000000082b00000|100%| O|  |TAMS 0x0000000082a00000| PB 0x0000000082a00000| Untracked |  0
|  43|0x0000000082b00000, 0x0000000082c00000, 0x0000000082c00000|100%| O|  |TAMS 0x0000000082b00000| PB 0x0000000082b00000| Untracked |  0
|  44|0x0000000082c00000, 0x0000000082d00000, 0x0000000082d00000|100%| O|  |TAMS 0x0000000082c00000| PB 0x0000000082c00000| Untracked |  0
|  45|0x0000000082d00000, 0x0000000082e00000, 0x0000000082e00000|100%| O|  |TAMS 0x0000000082d00000| PB 0x0000000082d00000| Untracked |  0
|  46|0x0000000082e00000, 0x0000000082f00000, 0x0000000082f00000|100%| O|  |TAMS 0x0000000082e00000| PB 0x0000000082e00000| Untracked |  0
|  47|0x0000000082f00000, 0x0000000083000000, 0x0000000083000000|100%| O|  |TAMS 0x0000000082f00000| PB 0x0000000082f00000| Untracked |  0
|  48|0x0000000083000000, 0x0000000083100000, 0x0000000083100000|100%| O|  |TAMS 0x0000000083000000| PB 0x0000000083000000| Untracked |  0
|  49|0x0000000083100000, 0x0000000083200000, 0x0000000083200000|100%| O|  |TAMS 0x0000000083100000| PB 0x0000000083100000| Untracked |  0
|  50|0x0000000083200000, 0x0000000083300000, 0x0000000083300000|100%| O|  |TAMS 0x0000000083200000| PB 0x0000000083200000| Untracked |  0
|  51|0x0000000083300000, 0x0000000083400000, 0x0000000083400000|100%| O|  |TAMS 0x0000000083300000| PB 0x0000000083300000| Untracked |  0
|  52|0x0000000083400000, 0x0000000083500000, 0x0000000083500000|100%| O|  |TAMS 0x0000000083400000| PB 0x0000000083400000| Untracked |  0
|  53|0x0000000083500000, 0x0000000083600000, 0x0000000083600000|100%|HS|  |TAMS 0x0000000083500000| PB 0x0000000083500000| Complete |  0
|  54|0x0000000083600000, 0x0000000083700000, 0x0000000083700000|100%|HS|  |TAMS 0x0000000083600000| PB 0x0000000083600000| Complete |  0
|  55|0x0000000083700000, 0x0000000083800000, 0x0000000083800000|100%|HS|  |TAMS 0x0000000083700000| PB 0x0000000083700000| Complete |  0
|  56|0x0000000083800000, 0x0000000083900000, 0x0000000083900000|100%|HC|  |TAMS 0x0000000083800000| PB 0x0000000083800000| Complete |  0
|  57|0x0000000083900000, 0x0000000083a00000, 0x0000000083a00000|100%|HS|  |TAMS 0x0000000083900000| PB 0x0000000083900000| Complete |  0
|  58|0x0000000083a00000, 0x0000000083b00000, 0x0000000083b00000|100%|HC|  |TAMS 0x0000000083a00000| PB 0x0000000083a00000| Complete |  0
|  59|0x0000000083b00000, 0x0000000083c00000, 0x0000000083c00000|100%|HS|  |TAMS 0x0000000083b00000| PB 0x0000000083b00000| Complete |  0
|  60|0x0000000083c00000, 0x0000000083d00000, 0x0000000083d00000|100%|HS|  |TAMS 0x0000000083c00000| PB 0x0000000083c00000| Complete |  0
|  61|0x0000000083d00000, 0x0000000083e00000, 0x0000000083e00000|100%|HC|  |TAMS 0x0000000083d00000| PB 0x0000000083d00000| Complete |  0
|  62|0x0000000083e00000, 0x0000000083f00000, 0x0000000083f00000|100%|HC|  |TAMS 0x0000000083e00000| PB 0x0000000083e00000| Complete |  0
|  63|0x0000000083f00000, 0x0000000084000000, 0x0000000084000000|100%|HS|  |TAMS 0x0000000083f00000| PB 0x0000000083f00000| Complete |  0
|  64|0x0000000084000000, 0x0000000084100000, 0x0000000084100000|100%| O|  |TAMS 0x0000000084000000| PB 0x0000000084000000| Untracked |  0
|  65|0x0000000084100000, 0x0000000084200000, 0x0000000084200000|100%|HS|  |TAMS 0x0000000084100000| PB 0x0000000084100000| Complete |  0
|  66|0x0000000084200000, 0x0000000084300000, 0x0000000084300000|100%|HS|  |TAMS 0x0000000084200000| PB 0x0000000084200000| Complete |  0
|  67|0x0000000084300000, 0x0000000084400000, 0x0000000084400000|100%| O|  |TAMS 0x0000000084300000| PB 0x0000000084300000| Untracked |  0
|  68|0x0000000084400000, 0x0000000084500000, 0x0000000084500000|100%| O|  |TAMS 0x0000000084400000| PB 0x0000000084400000| Untracked |  0
|  69|0x0000000084500000, 0x0000000084600000, 0x0000000084600000|100%| O|  |TAMS 0x0000000084500000| PB 0x0000000084500000| Untracked |  0
|  70|0x0000000084600000, 0x0000000084700000, 0x0000000084700000|100%| O|  |TAMS 0x0000000084600000| PB 0x0000000084600000| Untracked |  0
|  71|0x0000000084700000, 0x0000000084800000, 0x0000000084800000|100%| O|  |TAMS 0x0000000084700000| PB 0x0000000084700000| Untracked |  0
|  72|0x0000000084800000, 0x0000000084900000, 0x0000000084900000|100%| O|  |TAMS 0x0000000084800000| PB 0x0000000084800000| Untracked |  0
|  73|0x0000000084900000, 0x0000000084a00000, 0x0000000084a00000|100%| O|  |TAMS 0x0000000084900000| PB 0x0000000084900000| Untracked |  0
|  74|0x0000000084a00000, 0x0000000084b00000, 0x0000000084b00000|100%| O|  |TAMS 0x0000000084a00000| PB 0x0000000084a00000| Untracked |  0
|  75|0x0000000084b00000, 0x0000000084c00000, 0x0000000084c00000|100%| O|  |TAMS 0x0000000084b00000| PB 0x0000000084b00000| Untracked |  0
|  76|0x0000000084c00000, 0x0000000084d00000, 0x0000000084d00000|100%| O|  |TAMS 0x0000000084c00000| PB 0x0000000084c00000| Untracked |  0
|  77|0x0000000084d00000, 0x0000000084e00000, 0x0000000084e00000|100%|HS|  |TAMS 0x0000000084d00000| PB 0x0000000084d00000| Complete |  0
|  78|0x0000000084e00000, 0x0000000084f00000, 0x0000000084f00000|100%| O|  |TAMS 0x0000000084e00000| PB 0x0000000084e00000| Untracked |  0
|  79|0x0000000084f00000, 0x0000000085000000, 0x0000000085000000|100%| O|  |TAMS 0x0000000084f00000| PB 0x0000000084f00000| Untracked |  0
|  80|0x0000000085000000, 0x0000000085100000, 0x0000000085100000|100%| O|  |TAMS 0x0000000085000000| PB 0x0000000085000000| Untracked |  0
|  81|0x0000000085100000, 0x0000000085200000, 0x0000000085200000|100%| O|  |TAMS 0x0000000085100000| PB 0x0000000085100000| Untracked |  0
|  82|0x0000000085200000, 0x0000000085300000, 0x0000000085300000|100%|HS|  |TAMS 0x0000000085200000| PB 0x0000000085200000| Complete |  0
|  83|0x0000000085300000, 0x0000000085400000, 0x0000000085400000|100%|HC|  |TAMS 0x0000000085300000| PB 0x0000000085300000| Complete |  0
|  84|0x0000000085400000, 0x0000000085500000, 0x0000000085500000|100%|HC|  |TAMS 0x0000000085400000| PB 0x0000000085400000| Complete |  0
|  85|0x0000000085500000, 0x0000000085600000, 0x0000000085600000|100%| O|  |TAMS 0x0000000085500000| PB 0x0000000085500000| Untracked |  0
|  86|0x0000000085600000, 0x0000000085700000, 0x0000000085700000|100%| O|  |TAMS 0x0000000085600000| PB 0x0000000085600000| Untracked |  0
|  87|0x0000000085700000, 0x0000000085800000, 0x0000000085800000|100%| O|  |TAMS 0x0000000085700000| PB 0x0000000085700000| Untracked |  0
|  88|0x0000000085800000, 0x0000000085900000, 0x0000000085900000|100%| O|  |TAMS 0x0000000085800000| PB 0x0000000085800000| Untracked |  0
|  89|0x0000000085900000, 0x0000000085a00000, 0x0000000085a00000|100%| O|  |TAMS 0x0000000085900000| PB 0x0000000085900000| Untracked |  0
|  90|0x0000000085a00000, 0x0000000085a987e8, 0x0000000085b00000| 59%| O|  |TAMS 0x0000000085a00000| PB 0x0000000085a00000| Untracked |  0
|  91|0x0000000085b00000, 0x0000000085b00000, 0x0000000085c00000|  0%| F|  |TAMS 0x0000000085b00000| PB 0x0000000085b00000| Untracked |  0
|  92|0x0000000085c00000, 0x0000000085c00000, 0x0000000085d00000|  0%| F|  |TAMS 0x0000000085c00000| PB 0x0000000085c00000| Untracked |  0
|  93|0x0000000085d00000, 0x0000000085d00000, 0x0000000085e00000|  0%| F|  |TAMS 0x0000000085d00000| PB 0x0000000085d00000| Untracked |  0
|  94|0x0000000085e00000, 0x0000000085e00000, 0x0000000085f00000|  0%| F|  |TAMS 0x0000000085e00000| PB 0x0000000085e00000| Untracked |  0
|  95|0x0000000085f00000, 0x0000000085f00000, 0x0000000086000000|  0%| F|  |TAMS 0x0000000085f00000| PB 0x0000000085f00000| Untracked |  0
|  96|0x0000000086000000, 0x0000000086000000, 0x0000000086100000|  0%| F|  |TAMS 0x0000000086000000| PB 0x0000000086000000| Untracked |  0
|  97|0x0000000086100000, 0x0000000086100000, 0x0000000086200000|  0%| F|  |TAMS 0x0000000086100000| PB 0x0000000086100000| Untracked |  0
|  98|0x0000000086200000, 0x0000000086200000, 0x0000000086300000|  0%| F|  |TAMS 0x0000000086200000| PB 0x0000000086200000| Untracked |  0
|  99|0x0000000086300000, 0x0000000086300000, 0x0000000086400000|  0%| F|  |TAMS 0x0000000086300000| PB 0x0000000086300000| Untracked |  0
| 100|0x0000000086400000, 0x0000000086400000, 0x0000000086500000|  0%| F|  |TAMS 0x0000000086400000| PB 0x0000000086400000| Untracked |  0
| 101|0x0000000086500000, 0x0000000086600000, 0x0000000086600000|100%| S|CS|TAMS 0x0000000086500000| PB 0x0000000086500000| Complete |  0
| 102|0x0000000086600000, 0x0000000086700000, 0x0000000086700000|100%| S|CS|TAMS 0x0000000086600000| PB 0x0000000086600000| Complete |  0
| 103|0x0000000086700000, 0x0000000086800000, 0x0000000086800000|100%| S|CS|TAMS 0x0000000086700000| PB 0x0000000086700000| Complete |  0
| 104|0x0000000086800000, 0x0000000086900000, 0x0000000086900000|100%| S|CS|TAMS 0x0000000086800000| PB 0x0000000086800000| Complete |  0
| 105|0x0000000086900000, 0x0000000086900000, 0x0000000086a00000|  0%| F|  |TAMS 0x0000000086900000| PB 0x0000000086900000| Untracked |  0
| 106|0x0000000086a00000, 0x0000000086a00000, 0x0000000086b00000|  0%| F|  |TAMS 0x0000000086a00000| PB 0x0000000086a00000| Untracked |  0
| 107|0x0000000086b00000, 0x0000000086b00000, 0x0000000086c00000|  0%| F|  |TAMS 0x0000000086b00000| PB 0x0000000086b00000| Untracked |  0
| 108|0x0000000086c00000, 0x0000000086c00000, 0x0000000086d00000|  0%| F|  |TAMS 0x0000000086c00000| PB 0x0000000086c00000| Untracked |  0
| 109|0x0000000086d00000, 0x0000000086d00000, 0x0000000086e00000|  0%| F|  |TAMS 0x0000000086d00000| PB 0x0000000086d00000| Untracked |  0
| 110|0x0000000086e00000, 0x0000000086e00000, 0x0000000086f00000|  0%| F|  |TAMS 0x0000000086e00000| PB 0x0000000086e00000| Untracked |  0
| 111|0x0000000086f00000, 0x0000000086f00000, 0x0000000087000000|  0%| F|  |TAMS 0x0000000086f00000| PB 0x0000000086f00000| Untracked |  0
| 112|0x0000000087000000, 0x0000000087000000, 0x0000000087100000|  0%| F|  |TAMS 0x0000000087000000| PB 0x0000000087000000| Untracked |  0
| 113|0x0000000087100000, 0x0000000087100000, 0x0000000087200000|  0%| F|  |TAMS 0x0000000087100000| PB 0x0000000087100000| Untracked |  0
| 114|0x0000000087200000, 0x0000000087200000, 0x0000000087300000|  0%| F|  |TAMS 0x0000000087200000| PB 0x0000000087200000| Untracked |  0
| 115|0x0000000087300000, 0x0000000087380000, 0x0000000087400000| 50%| E|  |TAMS 0x0000000087300000| PB 0x0000000087300000| Complete |  0
| 116|0x0000000087400000, 0x0000000087500000, 0x0000000087500000|100%| E|CS|TAMS 0x0000000087400000| PB 0x0000000087400000| Complete |  0
| 117|0x0000000087500000, 0x0000000087600000, 0x0000000087600000|100%| E|CS|TAMS 0x0000000087500000| PB 0x0000000087500000| Complete |  0
| 118|0x0000000087600000, 0x0000000087700000, 0x0000000087700000|100%| E|CS|TAMS 0x0000000087600000| PB 0x0000000087600000| Complete |  0
| 119|0x0000000087700000, 0x0000000087800000, 0x0000000087800000|100%| E|CS|TAMS 0x0000000087700000| PB 0x0000000087700000| Complete |  0
| 120|0x0000000087800000, 0x0000000087900000, 0x0000000087900000|100%| E|CS|TAMS 0x0000000087800000| PB 0x0000000087800000| Complete |  0
| 121|0x0000000087900000, 0x0000000087a00000, 0x0000000087a00000|100%| E|CS|TAMS 0x0000000087900000| PB 0x0000000087900000| Complete |  0
| 122|0x0000000087a00000, 0x0000000087b00000, 0x0000000087b00000|100%| E|CS|TAMS 0x0000000087a00000| PB 0x0000000087a00000| Complete |  0
| 123|0x0000000087b00000, 0x0000000087c00000, 0x0000000087c00000|100%| E|CS|TAMS 0x0000000087b00000| PB 0x0000000087b00000| Complete |  0
| 124|0x0000000087c00000, 0x0000000087d00000, 0x0000000087d00000|100%| E|CS|TAMS 0x0000000087c00000| PB 0x0000000087c00000| Complete |  0
| 125|0x0000000087d00000, 0x0000000087e00000, 0x0000000087e00000|100%| E|CS|TAMS 0x0000000087d00000| PB 0x0000000087d00000| Complete |  0
| 126|0x0000000087e00000, 0x0000000087f00000, 0x0000000087f00000|100%| E|CS|TAMS 0x0000000087e00000| PB 0x0000000087e00000| Complete |  0
| 127|0x0000000087f00000, 0x0000000088000000, 0x0000000088000000|100%| E|CS|TAMS 0x0000000087f00000| PB 0x0000000087f00000| Complete |  0
| 128|0x0000000088000000, 0x0000000088100000, 0x0000000088100000|100%| E|CS|TAMS 0x0000000088000000| PB 0x0000000088000000| Complete |  0
| 129|0x0000000088100000, 0x0000000088200000, 0x0000000088200000|100%| E|CS|TAMS 0x0000000088100000| PB 0x0000000088100000| Complete |  0
| 130|0x0000000088200000, 0x0000000088300000, 0x0000000088300000|100%| E|CS|TAMS 0x0000000088200000| PB 0x0000000088200000| Complete |  0
| 202|0x000000008ca00000, 0x000000008cb00000, 0x000000008cb00000|100%| E|CS|TAMS 0x000000008ca00000| PB 0x000000008ca00000| Complete |  0
| 203|0x000000008cb00000, 0x000000008cc00000, 0x000000008cc00000|100%| E|CS|TAMS 0x000000008cb00000| PB 0x000000008cb00000| Complete |  0
| 204|0x000000008cc00000, 0x000000008cd00000, 0x000000008cd00000|100%| E|CS|TAMS 0x000000008cc00000| PB 0x000000008cc00000| Complete |  0
| 205|0x000000008cd00000, 0x000000008ce00000, 0x000000008ce00000|100%| E|CS|TAMS 0x000000008cd00000| PB 0x000000008cd00000| Complete |  0
| 206|0x000000008ce00000, 0x000000008cf00000, 0x000000008cf00000|100%| E|CS|TAMS 0x000000008ce00000| PB 0x000000008ce00000| Complete |  0
| 207|0x000000008cf00000, 0x000000008d000000, 0x000000008d000000|100%| E|CS|TAMS 0x000000008cf00000| PB 0x000000008cf00000| Complete |  0
| 208|0x000000008d000000, 0x000000008d100000, 0x000000008d100000|100%| E|CS|TAMS 0x000000008d000000| PB 0x000000008d000000| Complete |  0
| 209|0x000000008d100000, 0x000000008d200000, 0x000000008d200000|100%| E|CS|TAMS 0x000000008d100000| PB 0x000000008d100000| Complete |  0
| 210|0x000000008d200000, 0x000000008d300000, 0x000000008d300000|100%| E|CS|TAMS 0x000000008d200000| PB 0x000000008d200000| Complete |  0
| 242|0x000000008f200000, 0x000000008f300000, 0x000000008f300000|100%| E|CS|TAMS 0x000000008f200000| PB 0x000000008f200000| Complete |  0
| 243|0x000000008f300000, 0x000000008f400000, 0x000000008f400000|100%| E|CS|TAMS 0x000000008f300000| PB 0x000000008f300000| Complete |  0
|2046|0x00000000ffe00000, 0x00000000fff00000, 0x00000000fff00000|100%| E|CS|TAMS 0x00000000ffe00000| PB 0x00000000ffe00000| Complete |  0
|2047|0x00000000fff00000, 0x0000000100000000, 0x0000000100000000|100%| O|  |TAMS 0x00000000fff00000| PB 0x00000000fff00000| Untracked |  0

Card table byte_map: [0x000002abb9a60000,0x000002abb9e60000] _byte_map_base: 0x000002abb9660000

Marking Bits: (CMBitMap*) 0x000002aba15ebab0
 Bits: [0x000002abb9e60000, 0x000002abbbe60000)

Polling page: 0x000002ab9f3a0000

Metaspace:

Usage:
  Non-class:     70.68 MB used.
      Class:     11.57 MB used.
       Both:     82.25 MB used.

Virtual space:
  Non-class space:      128.00 MB reserved,      71.75 MB ( 56%) committed,  2 nodes.
      Class space:        1.00 GB reserved,      12.56 MB (  1%) committed,  1 nodes.
             Both:        1.12 GB reserved,      84.31 MB (  7%) committed. 

Chunk freelists:
   Non-Class:  8.19 MB
       Class:  3.45 MB
        Both:  11.64 MB

MaxMetaspaceSize: unlimited
CompressedClassSpaceSize: 1.00 GB
Initial GC threshold: 21.00 MB
Current GC threshold: 131.56 MB
CDS: on
 - commit_granule_bytes: 65536.
 - commit_granule_words: 8192.
 - virtual_space_node_default_size: 8388608.
 - enlarge_chunks_in_place: 1.
 - use_allocation_guard: 0.


Internal statistics:

num_allocs_failed_limit: 6.
num_arena_births: 3764.
num_arena_deaths: 0.
num_vsnodes_births: 3.
num_vsnodes_deaths: 0.
num_space_committed: 1349.
num_space_uncommitted: 0.
num_chunks_returned_to_freelist: 6.
num_chunks_taken_from_freelist: 7398.
num_chunk_merges: 6.
num_chunk_splits: 4897.
num_chunks_enlarged: 3132.
num_inconsistent_stats: 0.

CodeHeap 'non-profiled nmethods': size=119232Kb used=4211Kb max_used=4211Kb free=115020Kb
 bounds [0x000002abb1850000, 0x000002abb1c70000, 0x000002abb8cc0000]
CodeHeap 'profiled nmethods': size=119104Kb used=15257Kb max_used=15257Kb free=103846Kb
 bounds [0x000002aba9cc0000, 0x000002abaabb0000, 0x000002abb1110000]
CodeHeap 'non-nmethods': size=7424Kb used=3406Kb max_used=4581Kb free=4017Kb
 bounds [0x000002abb1110000, 0x000002abb1590000, 0x000002abb1850000]
CodeCache: size=245760Kb, used=22874Kb, max_used=24049Kb, free=222883Kb
 total_blobs=11482, nmethods=10505, adapters=881, full_count=0
Compilation: enabled, stopped_count=0, restarted_count=0

Compilation events (20 events):
Event: 12.745 Thread 0x000002abbef0d6d0 nmethod 12016 0x000002abaab9dc08 code [0x000002abaab9dda0, 0x000002abaab9e558]
Event: 12.745 Thread 0x000002ac000f9010 12019       3       org.gradle.api.internal.DefaultDomainObjectCollection::wrapLazyAction (16 bytes)
Event: 12.745 Thread 0x000002abbef0d6d0 12020       3       org.gradle.api.internal.project.DefaultProject::getIdentityPath (10 bytes)
Event: 12.745 Thread 0x000002abbeef8710 nmethod 12018 0x000002abaab9e608 code [0x000002abaab9e740, 0x000002abaab9e968]
Event: 12.745 Thread 0x000002abbeef8710 12021       3       org.gradle.api.internal.DefaultNamedDomainObjectCollection::doAdd (63 bytes)
Event: 12.745 Thread 0x000002ac000f9010 nmethod 12019 0x000002abaab9e988 code [0x000002abaab9eac0, 0x000002abaab9ed68]
Event: 12.745 Thread 0x000002abbef0d6d0 nmethod 12020 0x000002abaab9ed88 code [0x000002abaab9eea0, 0x000002abaab9f020]
Event: 12.745 Thread 0x000002abbef0dd90 nmethod 12017 0x000002abaab9f088 code [0x000002abaab9f1c0, 0x000002abaab9f448]
Event: 12.745 Thread 0x000002abbef0d6d0 12022       3       org.gradle.api.internal.DefaultNamedDomainObjectCollection::didAdd (21 bytes)
Event: 12.745 Thread 0x000002ac000f9010 12023       3       org.gradle.api.internal.DefaultNamedDomainObjectCollection$UnfilteredIndex::put (13 bytes)
Event: 12.745 Thread 0x000002ac000f9010 nmethod 12023 0x000002abaab9f488 code [0x000002abaab9f5a0, 0x000002abaab9f778]
Event: 12.745 Thread 0x000002abbef0d6d0 nmethod 12022 0x000002abaab9f808 code [0x000002abaab9f940, 0x000002abaab9fc00]
Event: 12.746 Thread 0x000002abbeef8710 nmethod 12021 0x000002abaab9fc88 code [0x000002abaab9fe80, 0x000002abaaba0b18]
Event: 12.787 Thread 0x000002abbef0dd90 12025       1       com.android.build.gradle.internal.services.BaseServicesImpl::getProjectServices (5 bytes)
Event: 12.788 Thread 0x000002abbef0dd90 nmethod 12025 0x000002abb1c6cc88 code [0x000002abb1c6cda0, 0x000002abb1c6ce68]
Event: 12.789 Thread 0x000002abbeef8710 12026   !   3       org.gradle.api.internal.file.FileNotationConverter::convert (266 bytes)
Event: 12.791 Thread 0x000002abbeef8710 nmethod 12026 0x000002abaaba0b88 code [0x000002abaaba1020, 0x000002abaaba3f80]
Event: 13.194 Thread 0x000002abbeef8710 12027       3       java.lang.invoke.DelegatingMethodHandle$Holder::reinvoke_L (22 bytes)
Event: 13.194 Thread 0x000002ac000f9010 12028       3       java.lang.invoke.DirectMethodHandle$Holder::invokeStatic (19 bytes)
Event: 13.195 Thread 0x000002ac000f9010 nmethod 12028 0x000002abaaba4088 code [0x000002abaaba41c0, 0x000002abaaba4690]

GC Heap History (20 events):
Event: 8.577 GC heap before
{Heap before GC invocations=19 (full 0):
 garbage-first heap   total reserved 2097152K, committed 101376K, used 89353K [0x0000000080000000, 0x0000000100000000)
  region size 1024K, 40 young (40960K), 4 survivors (4096K)
 Metaspace       used 57985K, committed 59840K, reserved 1114112K
  class space    used 8411K, committed 9280K, reserved 1048576K
}
Event: 8.580 GC heap after
{Heap after GC invocations=20 (full 0):
 garbage-first heap   total reserved 2097152K, committed 101376K, used 53990K [0x0000000080000000, 0x0000000100000000)
  region size 1024K, 5 young (5120K), 5 survivors (5120K)
 Metaspace       used 57985K, committed 59840K, reserved 1114112K
  class space    used 8411K, committed 9280K, reserved 1048576K
}
Event: 8.633 GC heap before
{Heap before GC invocations=20 (full 0):
 garbage-first heap   total reserved 2097152K, committed 101376K, used 59110K [0x0000000080000000, 0x0000000100000000)
  region size 1024K, 11 young (11264K), 5 survivors (5120K)
 Metaspace       used 58104K, committed 60032K, reserved 1114112K
  class space    used 8427K, committed 9344K, reserved 1048576K
}
Event: 8.636 GC heap after
{Heap after GC invocations=21 (full 0):
 garbage-first heap   total reserved 2097152K, committed 121856K, used 54868K [0x0000000080000000, 0x0000000100000000)
  region size 1024K, 1 young (1024K), 1 survivors (1024K)
 Metaspace       used 58104K, committed 60032K, reserved 1114112K
  class space    used 8427K, committed 9344K, reserved 1048576K
}
Event: 9.346 GC heap before
{Heap before GC invocations=22 (full 0):
 garbage-first heap   total reserved 2097152K, committed 121856K, used 120404K [0x0000000080000000, 0x0000000100000000)
  region size 1024K, 52 young (53248K), 1 survivors (1024K)
 Metaspace       used 61621K, committed 63552K, reserved 1114112K
  class space    used 8824K, committed 9728K, reserved 1048576K
}
Event: 9.349 GC heap after
{Heap after GC invocations=23 (full 0):
 garbage-first heap   total reserved 2097152K, committed 131072K, used 76582K [0x0000000080000000, 0x0000000100000000)
  region size 1024K, 7 young (7168K), 7 survivors (7168K)
 Metaspace       used 61621K, committed 63552K, reserved 1114112K
  class space    used 8824K, committed 9728K, reserved 1048576K
}
Event: 9.832 GC heap before
{Heap before GC invocations=23 (full 0):
 garbage-first heap   total reserved 2097152K, committed 131072K, used 116518K [0x0000000080000000, 0x0000000100000000)
  region size 1024K, 46 young (47104K), 7 survivors (7168K)
 Metaspace       used 65605K, committed 67520K, reserved 1114112K
  class space    used 9276K, committed 10176K, reserved 1048576K
}
Event: 9.836 GC heap after
{Heap after GC invocations=24 (full 0):
 garbage-first heap   total reserved 2097152K, committed 131072K, used 77148K [0x0000000080000000, 0x0000000100000000)
  region size 1024K, 2 young (2048K), 2 survivors (2048K)
 Metaspace       used 65605K, committed 67520K, reserved 1114112K
  class space    used 9276K, committed 10176K, reserved 1048576K
}
Event: 10.105 GC heap before
{Heap before GC invocations=24 (full 0):
 garbage-first heap   total reserved 2097152K, committed 131072K, used 97628K [0x0000000080000000, 0x0000000100000000)
  region size 1024K, 23 young (23552K), 2 survivors (2048K)
 Metaspace       used 69376K, committed 71424K, reserved 1114112K
  class space    used 9797K, committed 10752K, reserved 1048576K
}
Event: 10.108 GC heap after
{Heap after GC invocations=25 (full 0):
 garbage-first heap   total reserved 2097152K, committed 131072K, used 79576K [0x0000000080000000, 0x0000000100000000)
  region size 1024K, 4 young (4096K), 4 survivors (4096K)
 Metaspace       used 69376K, committed 71424K, reserved 1114112K
  class space    used 9797K, committed 10752K, reserved 1048576K
}
Event: 10.431 GC heap before
{Heap before GC invocations=26 (full 0):
 garbage-first heap   total reserved 2097152K, committed 142336K, used 122584K [0x0000000080000000, 0x0000000100000000)
  region size 1024K, 41 young (41984K), 4 survivors (4096K)
 Metaspace       used 71157K, committed 73152K, reserved 1114112K
  class space    used 10060K, committed 11008K, reserved 1048576K
}
Event: 10.434 GC heap after
{Heap after GC invocations=27 (full 0):
 garbage-first heap   total reserved 2097152K, committed 142336K, used 84098K [0x0000000080000000, 0x0000000100000000)
  region size 1024K, 6 young (6144K), 6 survivors (6144K)
 Metaspace       used 71157K, committed 73152K, reserved 1114112K
  class space    used 10060K, committed 11008K, reserved 1048576K
}
Event: 10.990 GC heap before
{Heap before GC invocations=27 (full 0):
 garbage-first heap   total reserved 2097152K, committed 142336K, used 126082K [0x0000000080000000, 0x0000000100000000)
  region size 1024K, 48 young (49152K), 6 survivors (6144K)
 Metaspace       used 74434K, committed 76480K, reserved 1114112K
  class space    used 10492K, committed 11456K, reserved 1048576K
}
Event: 10.994 GC heap after
{Heap after GC invocations=28 (full 0):
 garbage-first heap   total reserved 2097152K, committed 142336K, used 85733K [0x0000000080000000, 0x0000000100000000)
  region size 1024K, 3 young (3072K), 3 survivors (3072K)
 Metaspace       used 74434K, committed 76480K, reserved 1114112K
  class space    used 10492K, committed 11456K, reserved 1048576K
}
Event: 11.534 GC heap before
{Heap before GC invocations=28 (full 0):
 garbage-first heap   total reserved 2097152K, committed 142336K, used 128741K [0x0000000080000000, 0x0000000100000000)
  region size 1024K, 45 young (46080K), 3 survivors (3072K)
 Metaspace       used 78514K, committed 80640K, reserved 1179648K
  class space    used 11014K, committed 12032K, reserved 1048576K
}
Event: 11.537 GC heap after
{Heap after GC invocations=29 (full 0):
 garbage-first heap   total reserved 2097152K, committed 142336K, used 87312K [0x0000000080000000, 0x0000000100000000)
  region size 1024K, 4 young (4096K), 4 survivors (4096K)
 Metaspace       used 78514K, committed 80640K, reserved 1179648K
  class space    used 11014K, committed 12032K, reserved 1048576K
}
Event: 12.114 GC heap before
{Heap before GC invocations=30 (full 0):
 garbage-first heap   total reserved 2097152K, committed 147456K, used 132368K [0x0000000080000000, 0x0000000100000000)
  region size 1024K, 45 young (46080K), 4 survivors (4096K)
 Metaspace       used 80642K, committed 82752K, reserved 1179648K
  class space    used 11343K, committed 12352K, reserved 1048576K
}
Event: 12.119 GC heap after
{Heap after GC invocations=31 (full 0):
 garbage-first heap   total reserved 2097152K, committed 147456K, used 94585K [0x0000000080000000, 0x0000000100000000)
  region size 1024K, 6 young (6144K), 6 survivors (6144K)
 Metaspace       used 80642K, committed 82752K, reserved 1179648K
  class space    used 11343K, committed 12352K, reserved 1048576K
}
Event: 12.562 GC heap before
{Heap before GC invocations=31 (full 0):
 garbage-first heap   total reserved 2097152K, committed 147456K, used 132473K [0x0000000080000000, 0x0000000100000000)
  region size 1024K, 43 young (44032K), 6 survivors (6144K)
 Metaspace       used 82197K, committed 84288K, reserved 1179648K
  class space    used 11541K, committed 12544K, reserved 1048576K
}
Event: 12.569 GC heap after
{Heap after GC invocations=32 (full 0):
 garbage-first heap   total reserved 2097152K, committed 147456K, used 96648K [0x0000000080000000, 0x0000000100000000)
  region size 1024K, 4 young (4096K), 4 survivors (4096K)
 Metaspace       used 82197K, committed 84288K, reserved 1179648K
  class space    used 11541K, committed 12544K, reserved 1048576K
}

Dll operation events (15 events):
Event: 0.012 Loaded shared library C:\Program Files\Java\jdk-23\bin\java.dll
Event: 0.127 Loaded shared library C:\Program Files\Java\jdk-23\bin\jsvml.dll
Event: 0.188 Loaded shared library C:\Program Files\Java\jdk-23\bin\zip.dll
Event: 0.192 Loaded shared library C:\Program Files\Java\jdk-23\bin\instrument.dll
Event: 0.198 Loaded shared library C:\Program Files\Java\jdk-23\bin\net.dll
Event: 0.200 Loaded shared library C:\Program Files\Java\jdk-23\bin\nio.dll
Event: 0.204 Loaded shared library C:\Program Files\Java\jdk-23\bin\zip.dll
Event: 0.595 Loaded shared library C:\Program Files\Java\jdk-23\bin\jimage.dll
Event: 0.867 Loaded shared library C:\Program Files\Java\jdk-23\bin\verify.dll
Event: 1.039 Loaded shared library C:\Users\Haqii\.gradle\native\1def1411415f61bf3af743bc5b6707747c0891f09f0c88961ee8f79bc544acac\windows-amd64\native-platform.dll
Event: 1.050 Loaded shared library C:\Users\Haqii\.gradle\native\0.2.7\x86_64-windows-gnu\gradle-fileevents.dll
Event: 2.161 Loaded shared library C:\Program Files\Java\jdk-23\bin\management.dll
Event: 2.163 Loaded shared library C:\Program Files\Java\jdk-23\bin\management_ext.dll
Event: 2.277 Loaded shared library C:\Program Files\Java\jdk-23\bin\extnet.dll
Event: 2.474 Loaded shared library C:\Program Files\Java\jdk-23\bin\sunmscapi.dll

Deoptimization events (20 events):
Event: 12.627 Thread 0x000002ac0679c490 DEOPT PACKING pc=0x000002abb1b0f2e4 sp=0x000000bc363f7ca0
Event: 12.627 Thread 0x000002ac0679c490 DEOPT UNPACKING pc=0x000002abb1164402 sp=0x000000bc363f7c88 mode 2
Event: 12.627 Thread 0x000002ac0679c490 Uncommon trap: trap_request=0xffffffd6 fr.pc=0x000002abb1b0f2e4 relative=0x0000000000000504
Event: 12.627 Thread 0x000002ac0679c490 Uncommon trap: reason=array_check action=maybe_recompile pc=0x000002abb1b0f2e4 method=com.google.common.collect.ImmutableMap$Builder.put(Ljava/lang/Object;Ljava/lang/Object;)Lcom/google/common/collect/ImmutableMap$Builder; @ 32 c2
Event: 12.627 Thread 0x000002ac0679c490 DEOPT PACKING pc=0x000002abb1b0f2e4 sp=0x000000bc363f7ca0
Event: 12.627 Thread 0x000002ac0679c490 DEOPT UNPACKING pc=0x000002abb1164402 sp=0x000000bc363f7c88 mode 2
Event: 12.628 Thread 0x000002ac0679c490 DEOPT PACKING pc=0x000002abaa579476 sp=0x000000bc363f80f0
Event: 12.628 Thread 0x000002ac0679c490 DEOPT UNPACKING pc=0x000002abb1164b22 sp=0x000000bc363f76b0 mode 0
Event: 12.692 Thread 0x000002ac0679c490 Uncommon trap: trap_request=0xffffffd6 fr.pc=0x000002abb1b0f2e4 relative=0x0000000000000504
Event: 12.692 Thread 0x000002ac0679c490 Uncommon trap: reason=array_check action=maybe_recompile pc=0x000002abb1b0f2e4 method=com.google.common.collect.ImmutableMap$Builder.put(Ljava/lang/Object;Ljava/lang/Object;)Lcom/google/common/collect/ImmutableMap$Builder; @ 32 c2
Event: 12.692 Thread 0x000002ac0679c490 DEOPT PACKING pc=0x000002abb1b0f2e4 sp=0x000000bc363f7d60
Event: 12.692 Thread 0x000002ac0679c490 DEOPT UNPACKING pc=0x000002abb1164402 sp=0x000000bc363f7d48 mode 2
Event: 12.692 Thread 0x000002ac0679c490 Uncommon trap: trap_request=0xffffffd6 fr.pc=0x000002abb1b0f2e4 relative=0x0000000000000504
Event: 12.692 Thread 0x000002ac0679c490 Uncommon trap: reason=array_check action=maybe_recompile pc=0x000002abb1b0f2e4 method=com.google.common.collect.ImmutableMap$Builder.put(Ljava/lang/Object;Ljava/lang/Object;)Lcom/google/common/collect/ImmutableMap$Builder; @ 32 c2
Event: 12.692 Thread 0x000002ac0679c490 DEOPT PACKING pc=0x000002abb1b0f2e4 sp=0x000000bc363f7d60
Event: 12.692 Thread 0x000002ac0679c490 DEOPT UNPACKING pc=0x000002abb1164402 sp=0x000000bc363f7d48 mode 2
Event: 12.750 Thread 0x000002ac0679c490 Uncommon trap: trap_request=0xffffffd6 fr.pc=0x000002abb1c5c3bc relative=0x000000000000039c
Event: 12.750 Thread 0x000002ac0679c490 Uncommon trap: reason=array_check action=maybe_recompile pc=0x000002abb1c5c3bc method=java.util.LinkedHashMap.keysToArray([Ljava/lang/Object;Z)[Ljava/lang/Object; @ 67 c2
Event: 12.750 Thread 0x000002ac0679c490 DEOPT PACKING pc=0x000002abb1c5c3bc sp=0x000000bc363f77d0
Event: 12.750 Thread 0x000002ac0679c490 DEOPT UNPACKING pc=0x000002abb1164402 sp=0x000000bc363f7770 mode 2

Classes loaded (20 events):
Event: 11.146 Loading class javax/management/JMException
Event: 11.146 Loading class javax/management/JMException done
Event: 11.146 Loading class javax/management/OperationsException done
Event: 11.146 Loading class javax/management/ListenerNotFoundException done
Event: 11.146 Loading class jdk/jfr/Recording
Event: 11.146 Loading class jdk/jfr/Recording done
Event: 11.146 Loading class jdk/jfr/FlightRecorder
Event: 11.146 Loading class jdk/jfr/FlightRecorder done
Event: 11.146 Loading class jdk/management/jfr/FlightRecorderMXBeanImpl$MXBeanListener
Event: 11.146 Loading class jdk/jfr/FlightRecorderListener
Event: 11.147 Loading class jdk/jfr/FlightRecorderListener done
Event: 11.147 Loading class jdk/management/jfr/FlightRecorderMXBeanImpl$MXBeanListener done
Event: 11.169 Loading class com/sun/jmx/mbeanserver/StandardMBeanSupport
Event: 11.169 Loading class com/sun/jmx/mbeanserver/StandardMBeanSupport done
Event: 11.169 Loading class com/sun/jmx/mbeanserver/StandardMBeanIntrospector
Event: 11.169 Loading class com/sun/jmx/mbeanserver/StandardMBeanIntrospector done
Event: 12.464 Loading class java/util/concurrent/LinkedBlockingDeque$Itr
Event: 12.464 Loading class java/util/concurrent/LinkedBlockingDeque$AbstractItr
Event: 12.464 Loading class java/util/concurrent/LinkedBlockingDeque$AbstractItr done
Event: 12.464 Loading class java/util/concurrent/LinkedBlockingDeque$Itr done

Classes unloaded (0 events):
No events

Classes redefined (0 events):
No events

Internal exceptions (20 events):
Event: 11.016 Thread 0x000002ac0679c490 Exception <a 'java/lang/NoSuchMethodError'{0x000000008d21e030}: static Lorg/jetbrains/kotlin/gradle/plugin/internal/DefaultBasePluginConfigurationVariantFactory;.<clinit>()V> (0x000000008d21e030) 
thrown [s\open\src\hotspot\share\prims\jni.cpp, line 1111]
Event: 11.017 Thread 0x000002ac0679c490 Exception <a 'java/lang/NoSuchMethodError'{0x000000008d239970}: static Lorg/jetbrains/kotlin/gradle/plugin/internal/DefaultAttributeConfigurationHelperVariantFactory;.<clinit>()V> (0x000000008d239970) 
thrown [s\open\src\hotspot\share\prims\jni.cpp, line 1111]
Event: 11.073 Thread 0x000002ac0679c490 Exception <a 'java/lang/IncompatibleClassChangeError'{0x000000008cf850f0}: Found class java.lang.Object, but interface was expected> (0x000000008cf850f0) 
thrown [s\open\src\hotspot\share\interpreter\linkResolver.cpp, line 863]
Event: 11.713 Thread 0x000002ac0679c490 Exception <a 'java/lang/NoSuchMethodError'{0x00000000880dc650}: 'java.lang.Object java.lang.invoke.DirectMethodHandle$Holder.newInvokeSpecial(java.lang.Object, java.lang.Object, java.lang.Object, java.lang.Object, java.lang.Object, java.lang.Object, java.lang.Object, java.lang.Object, java.lang.Object, java.lang.Object, java.lang.Object, java.lang.Object, java.lang.Object, java.lang.Object, java.lang.Object, java.lang.Object, java.lang.Object, java.lang.Object, java.lang.Object, java.lang.Object, java.lang
Event: 11.713 Thread 0x000002ac0679c490 Exception <a 'java/lang/NoSuchMethodError'{0x00000000880e4490}: 'java.lang.Object java.lang.invoke.DirectMethodHandle$Holder.invokeSpecial(java.lang.Object, java.lang.Object, java.lang.Object, java.lang.Object, java.lang.Object, java.lang.Object, java.lang.Object, java.lang.Object, java.lang.Object, java.lang.Object, java.lang.Object, java.lang.Object, java.lang.Object, java.lang.Object, java.lang.Object, java.lang.Object, java.lang.Object, java.lang.Object, java.lang.Object, java.lang.Object, java.lang.Ob
Event: 11.714 Thread 0x000002ac0679c490 Exception <a 'java/lang/NoSuchMethodError'{0x00000000880eacd0}: 'java.lang.Object java.lang.invoke.DelegatingMethodHandle$Holder.reinvoke_L(java.lang.Object, java.lang.Object, java.lang.Object, java.lang.Object, java.lang.Object, java.lang.Object, java.lang.Object, java.lang.Object, java.lang.Object, java.lang.Object, java.lang.Object, java.lang.Object, java.lang.Object, java.lang.Object, java.lang.Object, java.lang.Object, java.lang.Object, java.lang.Object, java.lang.Object, java.lang.Object, java.lang.O
Event: 11.810 Thread 0x000002ac0679c490 Exception <a 'java/lang/ClassNotFoundException'{0x0000000087a78d50}: org/jetbrains/kotlin/gradle/targets/js/npm/DefaultNpmDependencyExtensionBeanInfo> (0x0000000087a78d50) 
thrown [s\open\src\hotspot\share\classfile\systemDictionary.cpp, line 313]
Event: 11.811 Thread 0x000002ac0679c490 Exception <a 'java/lang/ClassNotFoundException'{0x0000000087af2368}: org/jetbrains/kotlin/gradle/targets/js/npm/DefaultNpmDependencyExtensionCustomizer> (0x0000000087af2368) 
thrown [s\open\src\hotspot\share\classfile\systemDictionary.cpp, line 313]
Event: 11.819 Thread 0x000002ac0679c490 Exception <a 'java/lang/ClassNotFoundException'{0x0000000087991540}: org/jetbrains/kotlin/gradle/targets/js/npm/NpmDependencyExtensionKt$defaultNpmDependencyDelegate$1BeanInfo> (0x0000000087991540) 
thrown [s\open\src\hotspot\share\classfile\systemDictionary.cpp, line 313]
Event: 11.820 Thread 0x000002ac0679c490 Exception <a 'java/lang/ClassNotFoundException'{0x00000000879a19d0}: org/jetbrains/kotlin/gradle/targets/js/npm/NpmDependencyExtensionDelegateBeanInfo> (0x00000000879a19d0) 
thrown [s\open\src\hotspot\share\classfile\systemDictionary.cpp, line 313]
Event: 11.820 Thread 0x000002ac0679c490 Exception <a 'java/lang/ClassNotFoundException'{0x00000000879b1e50}: org/jetbrains/kotlin/gradle/targets/js/npm/NpmDependencyExtensionDelegateCustomizer> (0x00000000879b1e50) 
thrown [s\open\src\hotspot\share\classfile\systemDictionary.cpp, line 313]
Event: 11.821 Thread 0x000002ac0679c490 Exception <a 'java/lang/ClassNotFoundException'{0x00000000879e59d0}: org/jetbrains/kotlin/gradle/targets/js/npm/NpmDependencyExtensionKt$defaultNpmDependencyDelegate$1Customizer> (0x00000000879e59d0) 
thrown [s\open\src\hotspot\share\classfile\systemDictionary.cpp, line 313]
Event: 11.826 Thread 0x000002ac0679c490 Exception <a 'java/lang/ClassNotFoundException'{0x000000008782ea48}: org/jetbrains/kotlin/gradle/targets/js/npm/DefaultDevNpmDependencyExtensionBeanInfo> (0x000000008782ea48) 
thrown [s\open\src\hotspot\share\classfile\systemDictionary.cpp, line 313]
Event: 11.826 Thread 0x000002ac0679c490 Exception <a 'java/lang/ClassNotFoundException'{0x000000008783eee0}: org/jetbrains/kotlin/gradle/targets/js/npm/DefaultDevNpmDependencyExtensionCustomizer> (0x000000008783eee0) 
thrown [s\open\src\hotspot\share\classfile\systemDictionary.cpp, line 313]
Event: 11.830 Thread 0x000002ac0679c490 Exception <a 'java/lang/ClassNotFoundException'{0x0000000087890f70}: org/jetbrains/kotlin/gradle/targets/js/npm/DefaultPeerNpmDependencyExtensionBeanInfo> (0x0000000087890f70) 
thrown [s\open\src\hotspot\share\classfile\systemDictionary.cpp, line 313]
Event: 11.831 Thread 0x000002ac0679c490 Exception <a 'java/lang/ClassNotFoundException'{0x00000000878a1470}: org/jetbrains/kotlin/gradle/targets/js/npm/DefaultPeerNpmDependencyExtensionCustomizer> (0x00000000878a1470) 
thrown [s\open\src\hotspot\share\classfile\systemDictionary.cpp, line 313]
Event: 11.835 Thread 0x000002ac0679c490 Exception <a 'java/lang/ClassNotFoundException'{0x00000000877009c8}: org/jetbrains/kotlin/gradle/targets/js/npm/DefaultPeerNpmDependencyExtension$delegate$1BeanInfo> (0x00000000877009c8) 
thrown [s\open\src\hotspot\share\classfile\systemDictionary.cpp, line 313]
Event: 11.836 Thread 0x000002ac0679c490 Exception <a 'java/lang/ClassNotFoundException'{0x0000000087711388}: org/jetbrains/kotlin/gradle/targets/js/npm/DefaultPeerNpmDependencyExtension$delegate$1Customizer> (0x0000000087711388) 
thrown [s\open\src\hotspot\share\classfile\systemDictionary.cpp, line 313]
Event: 11.844 Thread 0x000002ac0679c490 Exception <a 'java/lang/NoSuchMethodError'{0x00000000877bcac0}: static Lorg/jetbrains/kotlin/gradle/plugin/internal/DefaultIdeaSyncDetector$createIdeaPropertiesEvaluator$1;.<clinit>()V> (0x00000000877bcac0) 
thrown [s\open\src\hotspot\share\prims\jni.cpp, line 1111]
Event: 12.632 Thread 0x000002ac0679c490 Exception <a 'java/lang/NoSuchMethodError'{0x000000008ce51a78}: 'java.lang.Object java.lang.invoke.DirectMethodHandle$Holder.newInvokeSpecial(java.lang.Object, java.lang.Object, java.lang.Object, java.lang.Object, java.lang.Object, java.lang.Object, java.lang.Object, java.lang.Object, java.lang.Object, java.lang.Object, java.lang.Object, java.lang.Object, java.lang.Object, java.lang.Object)'> (0x000000008ce51a78) 
thrown [s\open\src\hotspot\share\interpreter\linkResolver.cpp, line 796]

VM Operations (20 events):
Event: 11.200 Executing VM operation: HandshakeAllThreads (Deoptimize)
Event: 11.200 Executing VM operation: HandshakeAllThreads (Deoptimize) done
Event: 11.320 Executing VM operation: HandshakeAllThreads (Deoptimize)
Event: 11.320 Executing VM operation: HandshakeAllThreads (Deoptimize) done
Event: 11.534 Executing VM operation: G1CollectForAllocation (G1 Evacuation Pause)
Event: 11.537 Executing VM operation: G1CollectForAllocation (G1 Evacuation Pause) done
Event: 11.571 Executing VM operation: G1PauseRemark
Event: 11.575 Executing VM operation: G1PauseRemark done
Event: 11.584 Executing VM operation: G1PauseCleanup
Event: 11.584 Executing VM operation: G1PauseCleanup done
Event: 12.114 Executing VM operation: G1CollectForAllocation (G1 Evacuation Pause)
Event: 12.119 Executing VM operation: G1CollectForAllocation (G1 Evacuation Pause) done
Event: 12.474 Executing VM operation: HandshakeAllThreads (Deoptimize)
Event: 12.474 Executing VM operation: HandshakeAllThreads (Deoptimize) done
Event: 12.476 Executing VM operation: HandshakeAllThreads (Deoptimize)
Event: 12.476 Executing VM operation: HandshakeAllThreads (Deoptimize) done
Event: 12.562 Executing VM operation: G1CollectForAllocation (G1 Evacuation Pause)
Event: 12.569 Executing VM operation: G1CollectForAllocation (G1 Evacuation Pause) done
Event: 12.585 Executing VM operation: HandshakeAllThreads (Deoptimize)
Event: 12.585 Executing VM operation: HandshakeAllThreads (Deoptimize) done

Memory protections (0 events):
No events

Nmethod flushes (20 events):
Event: 11.574 Thread 0x000002abbeec7890 flushing  nmethod 0x000002abaa192288
Event: 11.574 Thread 0x000002abbeec7890 flushing  nmethod 0x000002abaa23f788
Event: 11.574 Thread 0x000002abbeec7890 flushing  nmethod 0x000002abaa23fe08
Event: 11.574 Thread 0x000002abbeec7890 flushing  nmethod 0x000002abaa2e3308
Event: 11.574 Thread 0x000002abbeec7890 flushing  nmethod 0x000002abaa2e6988
Event: 11.574 Thread 0x000002abbeec7890 flushing  nmethod 0x000002abaa421088
Event: 11.574 Thread 0x000002abbeec7890 flushing  nmethod 0x000002abaa66f708
Event: 11.574 Thread 0x000002abbeec7890 flushing  nmethod 0x000002abaa796108
Event: 11.574 Thread 0x000002abbeec7890 flushing  nmethod 0x000002abaa796488
Event: 11.574 Thread 0x000002abbeec7890 flushing  nmethod 0x000002abb19aae08
Event: 11.574 Thread 0x000002abbeec7890 flushing  nmethod 0x000002abb1a49908
Event: 11.574 Thread 0x000002abbeec7890 flushing  nmethod 0x000002aba9d9ed88
Event: 11.574 Thread 0x000002abbeec7890 flushing  nmethod 0x000002abaa328f88
Event: 11.574 Thread 0x000002abbeec7890 flushing  nmethod 0x000002abaa42a308
Event: 11.574 Thread 0x000002abbeec7890 flushing  nmethod 0x000002abaa494688
Event: 11.574 Thread 0x000002abbeec7890 flushing  nmethod 0x000002abaa494d08
Event: 11.574 Thread 0x000002abbeec7890 flushing  nmethod 0x000002abaa531988
Event: 11.574 Thread 0x000002abbeec7890 flushing  nmethod 0x000002abaa585608
Event: 11.574 Thread 0x000002abbeec7890 flushing  nmethod 0x000002abaa58a308
Event: 11.574 Thread 0x000002abbeec7890 flushing  nmethod 0x000002abaa773c88

Events (20 events):
Event: 8.004 Thread 0x000002ac0679c490 Thread added: 0x000002ac090405b0
Event: 8.005 Thread 0x000002ac0679c490 Thread added: 0x000002ac09046eb0
Event: 8.182 Thread 0x000002ac0679c490 Thread added: 0x000002ac09046820
Event: 8.183 Thread 0x000002ac0679c490 Thread added: 0x000002ac09044750
Event: 8.184 Thread 0x000002ac0679c490 Thread added: 0x000002ac09045470
Event: 8.186 Thread 0x000002ac0679c490 Thread added: 0x000002ac09045b00
Event: 8.187 Thread 0x000002ac0679c490 Thread added: 0x000002ac0acc0880
Event: 8.187 Thread 0x000002ac0679c490 Thread added: 0x000002ac0acbda90
Event: 8.188 Thread 0x000002ac0679c490 Thread added: 0x000002ac0acc01f0
Event: 8.188 Thread 0x000002ac0679c490 Thread added: 0x000002ac0acbf4d0
Event: 8.189 Thread 0x000002ac0679c490 Thread added: 0x000002ac0acbfb60
Event: 8.189 Thread 0x000002ac0679c490 Thread added: 0x000002ac0acbd400
Event: 8.190 Thread 0x000002ac0679c490 Thread added: 0x000002ac0acc0f10
Event: 8.191 Thread 0x000002ac0679c490 Thread added: 0x000002ac0acc15a0
Event: 8.194 Thread 0x000002ac0679c490 Thread added: 0x000002ac0acbe120
Event: 8.196 Thread 0x000002ac0679c490 Thread added: 0x000002ac0acc1c30
Event: 8.196 Thread 0x000002ac0679c490 Thread added: 0x000002ac0acbe7b0
Event: 9.946 Thread 0x000002ac0679c490 Thread added: 0x000002ac0acc2fe0
Event: 10.971 Thread 0x000002ac057783e0 Thread exited: 0x000002ac057783e0
Event: 11.197 Thread 0x000002ac0679c490 Thread added: 0x000002ac0b0f0f70


Dynamic libraries:
0x00007ff6d09c0000 - 0x00007ff6d09d0000 	C:\Program Files\Java\jdk-23\bin\java.exe
0x00007ff841320000 - 0x00007ff841587000 	C:\WINDOWS\SYSTEM32\ntdll.dll
0x00007ff83fea0000 - 0x00007ff83ff69000 	C:\WINDOWS\System32\KERNEL32.DLL
0x00007ff83e730000 - 0x00007ff83eb1f000 	C:\WINDOWS\System32\KERNELBASE.dll
0x00007ff83ef70000 - 0x00007ff83f0bb000 	C:\WINDOWS\System32\ucrtbase.dll
0x00007ff81d880000 - 0x00007ff81d897000 	C:\Program Files\Java\jdk-23\bin\jli.dll
0x00007ff83fb00000 - 0x00007ff83fcc5000 	C:\WINDOWS\System32\USER32.dll
0x00007ff83e700000 - 0x00007ff83e727000 	C:\WINDOWS\System32\win32u.dll
0x00007ff83fcd0000 - 0x00007ff83fcfb000 	C:\WINDOWS\System32\GDI32.dll
0x00007ff83e470000 - 0x00007ff83e59c000 	C:\WINDOWS\System32\gdi32full.dll
0x00007ff83e5a0000 - 0x00007ff83e643000 	C:\WINDOWS\System32\msvcp_win.dll
0x00007ff821f30000 - 0x00007ff821f4b000 	C:\Program Files\Java\jdk-23\bin\VCRUNTIME140.dll
0x00007ff82d9b0000 - 0x00007ff82dc43000 	C:\WINDOWS\WinSxS\amd64_microsoft.windows.common-controls_6595b64144ccf1df_6.0.26100.7309_none_3e05feeae336a044\COMCTL32.dll
0x00007ff840c70000 - 0x00007ff840d19000 	C:\WINDOWS\System32\msvcrt.dll
0x00007ff840a30000 - 0x00007ff840a61000 	C:\WINDOWS\System32\IMM32.DLL
0x00007ff81d850000 - 0x00007ff81d85c000 	C:\Program Files\Java\jdk-23\bin\vcruntime140_1.dll
0x00007ff804a50000 - 0x00007ff804ade000 	C:\Program Files\Java\jdk-23\bin\msvcp140.dll
0x00007fffdde40000 - 0x00007fffdeb8f000 	C:\Program Files\Java\jdk-23\bin\server\jvm.dll
0x00007ff840330000 - 0x00007ff8403e4000 	C:\WINDOWS\System32\ADVAPI32.dll
0x00007ff83fff0000 - 0x00007ff840096000 	C:\WINDOWS\System32\sechost.dll
0x00007ff83fd80000 - 0x00007ff83fe98000 	C:\WINDOWS\System32\RPCRT4.dll
0x00007ff83fd00000 - 0x00007ff83fd74000 	C:\WINDOWS\System32\WS2_32.dll
0x00007ff83e2f0000 - 0x00007ff83e34e000 	C:\WINDOWS\SYSTEM32\POWRPROF.dll
0x00007ff832710000 - 0x00007ff832745000 	C:\WINDOWS\SYSTEM32\WINMM.dll
0x00007ff832750000 - 0x00007ff83275b000 	C:\WINDOWS\SYSTEM32\VERSION.dll
0x00007ff83e2d0000 - 0x00007ff83e2e4000 	C:\WINDOWS\SYSTEM32\UMPDC.dll
0x00007ff83d220000 - 0x00007ff83d23b000 	C:\WINDOWS\SYSTEM32\kernel.appcore.dll
0x00007ff81d840000 - 0x00007ff81d84a000 	C:\Program Files\Java\jdk-23\bin\jimage.dll
0x00007ff83b820000 - 0x00007ff83ba62000 	C:\WINDOWS\SYSTEM32\DBGHELP.DLL
0x00007ff8405a0000 - 0x00007ff840925000 	C:\WINDOWS\System32\combase.dll
0x00007ff8404b0000 - 0x00007ff840586000 	C:\WINDOWS\System32\OLEAUT32.dll
0x00007ff8270a0000 - 0x00007ff8270dc000 	C:\WINDOWS\SYSTEM32\dbgcore.DLL
0x00007ff83e650000 - 0x00007ff83e6f5000 	C:\WINDOWS\System32\bcryptPrimitives.dll
0x00007ff8191e0000 - 0x00007ff8191ef000 	C:\Program Files\Java\jdk-23\bin\instrument.dll
0x00007ff80ac70000 - 0x00007ff80ac8e000 	C:\Program Files\Java\jdk-23\bin\java.dll
0x00007ff840190000 - 0x00007ff840327000 	C:\WINDOWS\System32\ole32.dll
0x00007ff83f310000 - 0x00007ff83fa63000 	C:\WINDOWS\System32\SHELL32.dll
0x00007ff83ee00000 - 0x00007ff83ef6a000 	C:\WINDOWS\System32\wintypes.dll
0x00007ff83c0b0000 - 0x00007ff83c90e000 	C:\WINDOWS\SYSTEM32\windows.storage.dll
0x00007ff840d50000 - 0x00007ff840e45000 	C:\WINDOWS\System32\SHCORE.dll
0x00007ff83f0c0000 - 0x00007ff83f126000 	C:\WINDOWS\System32\shlwapi.dll
0x00007ff83e390000 - 0x00007ff83e3b9000 	C:\WINDOWS\SYSTEM32\profapi.dll
0x00007fffcb870000 - 0x00007fffcb947000 	C:\Program Files\Java\jdk-23\bin\jsvml.dll
0x00007ff80aca0000 - 0x00007ff80acb7000 	C:\Program Files\Java\jdk-23\bin\zip.dll
0x00007ff819070000 - 0x00007ff819080000 	C:\Program Files\Java\jdk-23\bin\net.dll
0x00007ff83d790000 - 0x00007ff83d7fb000 	C:\WINDOWS\system32\mswsock.dll
0x00007ff80acc0000 - 0x00007ff80acd6000 	C:\Program Files\Java\jdk-23\bin\nio.dll
0x00007ff816d90000 - 0x00007ff816da0000 	C:\Program Files\Java\jdk-23\bin\verify.dll
0x00007ff816f40000 - 0x00007ff816f67000 	C:\Users\Haqii\.gradle\native\1def1411415f61bf3af743bc5b6707747c0891f09f0c88961ee8f79bc544acac\windows-amd64\native-platform.dll
0x00007fffdebd0000 - 0x00007fffdec48000 	C:\Users\Haqii\.gradle\native\0.2.7\x86_64-windows-gnu\gradle-fileevents.dll
0x00007ff814210000 - 0x00007ff81421a000 	C:\Program Files\Java\jdk-23\bin\management.dll
0x00007ff80d540000 - 0x00007ff80d54b000 	C:\Program Files\Java\jdk-23\bin\management_ext.dll
0x00007ff840c60000 - 0x00007ff840c68000 	C:\WINDOWS\System32\PSAPI.DLL
0x00007ff83cc30000 - 0x00007ff83cc64000 	C:\WINDOWS\SYSTEM32\IPHLPAPI.DLL
0x00007ff83faf0000 - 0x00007ff83fafa000 	C:\WINDOWS\System32\NSI.dll
0x00007ff80c880000 - 0x00007ff80c889000 	C:\Program Files\Java\jdk-23\bin\extnet.dll
0x00007ff83da60000 - 0x00007ff83da7b000 	C:\WINDOWS\SYSTEM32\CRYPTSP.dll
0x00007ff83d180000 - 0x00007ff83d1ba000 	C:\WINDOWS\system32\rsaenh.dll
0x00007ff83d840000 - 0x00007ff83d86b000 	C:\WINDOWS\SYSTEM32\USERENV.dll
0x00007ff83e360000 - 0x00007ff83e38a000 	C:\WINDOWS\SYSTEM32\bcrypt.dll
0x00007ff83da50000 - 0x00007ff83da5c000 	C:\WINDOWS\SYSTEM32\CRYPTBASE.dll
0x00007ff80ac90000 - 0x00007ff80ac9e000 	C:\Program Files\Java\jdk-23\bin\sunmscapi.dll
0x00007ff83ebf0000 - 0x00007ff83ed67000 	C:\WINDOWS\System32\CRYPT32.dll
0x00007ff83dc70000 - 0x00007ff83dca0000 	C:\WINDOWS\SYSTEM32\ncrypt.dll
0x00007ff83dc20000 - 0x00007ff83dc5f000 	C:\WINDOWS\SYSTEM32\NTASN1.dll
0x00007fffcf8b0000 - 0x00007fffcf8b8000 	C:\WINDOWS\system32\wshunix.dll

dbghelp: loaded successfully - version: 4.0.5 - missing functions: none
symbol engine: initialized successfully - sym options: 0x614 - pdb path: .;C:\Program Files\Java\jdk-23\bin;C:\WINDOWS\SYSTEM32;C:\WINDOWS\WinSxS\amd64_microsoft.windows.common-controls_6595b64144ccf1df_6.0.26100.7309_none_3e05feeae336a044;C:\Program Files\Java\jdk-23\bin\server;C:\Users\Haqii\.gradle\native\1def1411415f61bf3af743bc5b6707747c0891f09f0c88961ee8f79bc544acac\windows-amd64;C:\Users\Haqii\.gradle\native\0.2.7\x86_64-windows-gnu

VM Arguments:
jvm_args: --add-opens=java.base/java.lang=ALL-UNNAMED --add-opens=java.base/java.lang.invoke=ALL-UNNAMED --add-opens=java.base/java.util=ALL-UNNAMED --add-opens=java.prefs/java.util.prefs=ALL-UNNAMED --add-exports=jdk.compiler/com.sun.tools.javac.api=ALL-UNNAMED --add-exports=jdk.compiler/com.sun.tools.javac.util=ALL-UNNAMED --add-opens=java.base/java.util=ALL-UNNAMED --add-opens=java.prefs/java.util.prefs=ALL-UNNAMED --add-opens=java.base/java.nio.charset=ALL-UNNAMED --add-opens=java.base/java.net=ALL-UNNAMED --add-opens=java.base/java.util.concurrent.atomic=ALL-UNNAMED --add-opens=java.xml/javax.xml.namespace=ALL-UNNAMED -Xmx2048m -Dfile.encoding=UTF-8 -Duser.country=ID -Duser.language=en -Duser.variant -javaagent:C:\Users\Haqii\.gradle\wrapper\dists\gradle-8.13-bin\5xuhj0ry160q40clulazy9h7d\gradle-8.13\lib\agents\gradle-instrumentation-agent-8.13.jar 
java_command: org.gradle.launcher.daemon.bootstrap.GradleDaemon 8.13
java_class_path (initial): C:\Users\Haqii\.gradle\wrapper\dists\gradle-8.13-bin\5xuhj0ry160q40clulazy9h7d\gradle-8.13\lib\gradle-daemon-main-8.13.jar
Launcher Type: SUN_STANDARD

[Global flags]
     intx CICompilerCount                          = 12                                        {product} {ergonomic}
     uint ConcGCThreads                            = 3                                         {product} {ergonomic}
     uint G1ConcRefinementThreads                  = 13                                        {product} {ergonomic}
   size_t G1HeapRegionSize                         = 1048576                                   {product} {ergonomic}
   size_t InitialHeapSize                          = 255852544                                 {product} {ergonomic}
   size_t MarkStackSize                            = 4194304                                   {product} {ergonomic}
   size_t MarkStackSizeMax                         = 536870912                                 {product} {ergonomic}
   size_t MaxHeapSize                              = 2147483648                                {product} {command line}
   size_t MaxNewSize                               = 1287651328                                {product} {ergonomic}
   size_t MinHeapDeltaBytes                        = 1048576                                   {product} {ergonomic}
   size_t MinHeapSize                              = 8388608                                   {product} {ergonomic}
    uintx NonNMethodCodeHeapSize                   = 7602176                                {pd product} {ergonomic}
    uintx NonProfiledCodeHeapSize                  = 122093568                              {pd product} {ergonomic}
    uintx ProfiledCodeHeapSize                     = 121962496                              {pd product} {ergonomic}
    uintx ReservedCodeCacheSize                    = 251658240                              {pd product} {ergonomic}
     bool SegmentedCodeCache                       = true                                      {product} {ergonomic}
   size_t SoftMaxHeapSize                          = 2147483648                             {manageable} {ergonomic}
     bool UseCompressedOops                        = true                           {product lp64_product} {ergonomic}
     bool UseG1GC                                  = true                                      {product} {ergonomic}
     bool UseLargePagesIndividualAllocation        = false                                  {pd product} {ergonomic}

Logging:
Log output configuration:
 #0: stdout all=warning uptime,level,tags foldmultilines=false
 #1: stderr all=off uptime,level,tags foldmultilines=false

Environment Variables:
PATH=C:\Program Files\Common Files\Oracle\Java\javapath;C:\Program Files (x86)\Common Files\Oracle\Java\java8path;C:\Program Files (x86)\Common Files\Oracle\Java\javapath;C:\WINDOWS\system32;C:\WINDOWS;C:\WINDOWS\System32\Wbem;C:\WINDOWS\System32\WindowsPowerShell\v1.0\;C:\WINDOWS\System32\OpenSSH\;C:\xampp\php;C:\ProgramData\ComposerSetup\bin;C:\Program Files\Git\cmd;C:\Program Files\dotnet\;C:\ProgramData\chocolatey\bin;C:\Program Files\nodejs\;C:\Program Files\Common Files\Oracle\Java\javapath;C:\Windows\system32;C:\Windows;C:\Windows\System32\Wbem;C:\Windows\System32\WindowsPowerShell\v1.0\;C:\Windows\System32\OpenSSH\;C:\xampp\php;C:\ProgramData\ComposerSetup\bin;C:\Program Files\nodejs\;C:\Program Files\Git\cmd;C:\Program Files\dotnet\;C:\ProgramData\chocolatey\bin;c:\Users\Haqii\AppData\Local\Programs\cursor\resources\app\codeBin;C:\Users\Haqii\AppData\Local\Programs\Python\Launcher\;C:\Users\Haqii\AppData\Local\Microsoft\WindowsApps;C:\Users\Haqii\AppData\Local\Programs\Microsoft VS Code\bin;C:\Users\Haqii\AppData\Roaming\Composer\vendor\bin;C:\msys64\ucrt64\bin;C:\Users\Haqii\AppData\Local\spicetify;C:\Users\Haqii\.deno\bin;C:\Android\cmdline-tools\latest\bin;C:\Android\platform-tools;C:\Android\emulator;C:\Users\Haqii\AppData\Roaming\npm;C:\Users\Haqii\AppData\Local\Microsoft\WindowsApps;C:\laragon\bin\php\php-8.3.26-Win32-vs16-x64;C:\laragon\bin\composer;
USERNAME=Haqii
OS=Windows_NT
PROCESSOR_IDENTIFIER=AMD64 Family 25 Model 68 Stepping 1, AuthenticAMD
TMP=C:\Users\Haqii\AppData\Local\Temp
TEMP=C:\Users\Haqii\AppData\Local\Temp




Periodic native trim disabled

---------------  S Y S T E M  ---------------

OS:
 Windows 11 , 64 bit Build 26100 (10.0.26100.7309)
OS uptime: 0 days 1:15 hours

CPU: total 16 (initial active 16) (16 cores per cpu, 2 threads per core) family 25 model 68 stepping 1 microcode 0xa404102, cx8, cmov, fxsr, ht, mmx, 3dnowpref, sse, sse2, sse3, ssse3, sse4a, sse4.1, sse4.2, popcnt, lzcnt, tsc, tscinvbit, avx, avx2, aes, erms, clmul, bmi1, bmi2, adx, sha, fma, vzeroupper, clflush, clflushopt, rdtscp, rdpid, fsrm, f16c, pku, cet_ss
Processor Information for the first 16 processors :
  Max Mhz: 3201, Current Mhz: 3201, Mhz Limit: 3201

Memory: 4k page, system-wide physical 15613M (1045M free)
TotalPageFile size 28925M (AvailPageFile size 532M)
current process WorkingSet (physical memory assigned to process): 416M, peak: 418M
current process commit charge ("private bytes"): 472M, peak: 474M

vm_info: Java HotSpot(TM) 64-Bit Server VM (23.0.1+11-39) for windows-amd64 JRE (23.0.1+11-39), built on 2024-09-30T07:20:43Z with MS VC++ 17.6 (VS2022)

END.
