#
# There is insufficient memory for the Java Runtime Environment to continue.
# Native memory allocation (malloc) failed to allocate 860976 bytes. Error detail: Chunk::new
# Possible reasons:
#   The system is out of physical RAM or swap space
#   This process is running with CompressedOops enabled, and the Java Heap may be blocking the growth of the native heap
# Possible solutions:
#   Reduce memory load on the system
#   Increase physical memory or swap space
#   Check if swap backing store is full
#   Decrease Java heap size (-Xmx/-Xms)
#   Decrease number of Java threads
#   Decrease Java thread stack sizes (-Xss)
#   Set larger code cache with -XX:ReservedCodeCacheSize=
#   JVM is running with Unscaled Compressed Oops mode in which the Java heap is
#     placed in the first 4GB address space. The Java Heap base address is the
#     maximum limit for the native heap growth. Please use -XX:HeapBaseMinAddress
#     to set the Java Heap base and to place the Java Heap above 4GB virtual address.
# This output file may be truncated or incomplete.
#
#  Out of Memory Error (arena.cpp:149), pid=23716, tid=14312
#
# JRE version: Java(TM) SE Runtime Environment (23.0.1+11) (build 23.0.1+11-39)
# Java VM: Java HotSpot(TM) 64-Bit Server VM (23.0.1+11-39, mixed mode, sharing, tiered, compressed oops, compressed class ptrs, g1 gc, windows-amd64)
# No core dump will be written. Minidumps are not enabled by default on client versions of Windows
#

---------------  S U M M A R Y ------------

Command Line: --add-opens=java.base/java.lang=ALL-UNNAMED --add-opens=java.base/java.lang.invoke=ALL-UNNAMED --add-opens=java.base/java.util=ALL-UNNAMED --add-opens=java.prefs/java.util.prefs=ALL-UNNAMED --add-exports=jdk.compiler/com.sun.tools.javac.api=ALL-UNNAMED --add-exports=jdk.compiler/com.sun.tools.javac.util=ALL-UNNAMED --add-opens=java.base/java.util=ALL-UNNAMED --add-opens=java.prefs/java.util.prefs=ALL-UNNAMED --add-opens=java.base/java.nio.charset=ALL-UNNAMED --add-opens=java.base/java.net=ALL-UNNAMED --add-opens=java.base/java.util.concurrent.atomic=ALL-UNNAMED --add-opens=java.xml/javax.xml.namespace=ALL-UNNAMED -Xmx2048m -Dfile.encoding=UTF-8 -Duser.country=ID -Duser.language=en -Duser.variant -javaagent:C:\Users\Haqii\.gradle\wrapper\dists\gradle-8.13-bin\5xuhj0ry160q40clulazy9h7d\gradle-8.13\lib\agents\gradle-instrumentation-agent-8.13.jar org.gradle.launcher.daemon.bootstrap.GradleDaemon 8.13

Host: AMD Ryzen 7 7735HS with Radeon Graphics        , 16 cores, 15G,  Windows 11 , 64 bit Build 26100 (10.0.26100.6725)
Time: Tue Oct 21 07:41:16 2025 SE Asia Standard Time elapsed time: 16.800142 seconds (0d 0h 0m 16s)

---------------  T H R E A D  ---------------

Current thread (0x00000268c9ec8fd0):  JavaThread "C2 CompilerThread1" daemon [_thread_in_native, id=14312, stack(0x000000f1c0100000,0x000000f1c0200000) (1024K)]


Current CompileTask:
C2:16800 8678       4       java.io.ObjectOutputStream::writeClassDesc (60 bytes)

Stack: [0x000000f1c0100000,0x000000f1c0200000]
Native frames: (J=compiled Java code, j=interpreted, Vv=VM code, C=native code)
V  [jvm.dll+0x6e08b9]  (no source info available)
V  [jvm.dll+0x87dc83]  (no source info available)
V  [jvm.dll+0x88010e]  (no source info available)
V  [jvm.dll+0x8807e3]  (no source info available)
V  [jvm.dll+0x27aee6]  (no source info available)
V  [jvm.dll+0xbc06f]  (no source info available)
V  [jvm.dll+0xbc2cb]  (no source info available)
V  [jvm.dll+0x2ee94d]  (no source info available)
V  [jvm.dll+0x6063d9]  (no source info available)
V  [jvm.dll+0x24ddf2]  (no source info available)
V  [jvm.dll+0x24e1d5]  (no source info available)
V  [jvm.dll+0x246b54]  (no source info available)
V  [jvm.dll+0x243d04]  (no source info available)
V  [jvm.dll+0x1c33a0]  (no source info available)
V  [jvm.dll+0x253cf1]  (no source info available)
V  [jvm.dll+0x251faa]  (no source info available)
V  [jvm.dll+0x3ee036]  (no source info available)
V  [jvm.dll+0x824f8b]  (no source info available)
V  [jvm.dll+0x6df065]  (no source info available)
C  [ucrtbase.dll+0x37b0]  (no source info available)
C  [KERNEL32.DLL+0x2e8d7]  (no source info available)
C  [ntdll.dll+0x8c53c]  (no source info available)

Lock stack of current Java thread (top to bottom):


---------------  P R O C E S S  ---------------

Threads class SMR info:
_java_thread_list=0x00000268c18e1f70, length=77, elements={
0x00000268d9c95690, 0x00000268f761e0a0, 0x00000268c1084ad0, 0x00000268c10883a0,
0x00000268c1088a10, 0x00000268c108abf0, 0x00000268c10973b0, 0x00000268c109cdc0,
0x00000268c109e2d0, 0x00000268c1160980, 0x00000268c116f7a0, 0x00000268c1373e20,
0x00000268c6596230, 0x00000268c67d6520, 0x00000268c74c5630, 0x00000268c7846fe0,
0x00000268c7b79010, 0x00000268c7a637e0, 0x00000268c7a63e50, 0x00000268c7803360,
0x00000268c78039f0, 0x00000268c7804080, 0x00000268c7802640, 0x00000268c7804710,
0x00000268c7801290, 0x00000268c7801fb0, 0x00000268c7802cd0, 0x00000268c90b5010,
0x00000268c90b56a0, 0x00000268c90b6a50, 0x00000268c90b5d30, 0x00000268c90b4980,
0x00000268c90b63c0, 0x00000268c90b7770, 0x00000268c90b8b20, 0x00000268c90b91b0,
0x00000268c90ba560, 0x00000268c90babf0, 0x00000268c90b7e00, 0x00000268c9ba33f0,
0x00000268c9ba4e30, 0x00000268c9ba5b50, 0x00000268c9ba6f00, 0x00000268c9ba7590,
0x00000268c9ba8940, 0x00000268c9ba9660, 0x00000268c9baa380, 0x00000268c90b70e0,
0x00000268c155fe10, 0x00000268c1560b30, 0x00000268c15604a0, 0x00000268c15611c0,
0x00000268c1561850, 0x00000268c1561ee0, 0x00000268c1562c00, 0x00000268c155f780,
0x00000268c1564640, 0x00000268c1563290, 0x00000268c1563920, 0x00000268c9ec8fd0,
0x00000268c15659f0, 0x00000268c1566da0, 0x00000268c1566080, 0x00000268c1566710,
0x00000268c1564cd0, 0x00000268c1565360, 0x00000268c1563fb0, 0x00000268caca6590,
0x00000268caca6c20, 0x00000268caca5f00, 0x00000268caca37a0, 0x00000268caca3e30,
0x00000268caca72b0, 0x00000268caca4b50, 0x00000268caca7940, 0x00000268c90d33c0,
0x00000268c97bea30
}

Java Threads: ( => current thread )
  0x00000268d9c95690 JavaThread "main"                              [_thread_blocked, id=18380, stack(0x000000f1bb100000,0x000000f1bb200000) (1024K)]
  0x00000268f761e0a0 JavaThread "Reference Handler"          daemon [_thread_blocked, id=17592, stack(0x000000f1bb900000,0x000000f1bba00000) (1024K)]
  0x00000268c1084ad0 JavaThread "Finalizer"                  daemon [_thread_blocked, id=17316, stack(0x000000f1bba00000,0x000000f1bbb00000) (1024K)]
  0x00000268c10883a0 JavaThread "Signal Dispatcher"          daemon [_thread_blocked, id=18148, stack(0x000000f1bbb00000,0x000000f1bbc00000) (1024K)]
  0x00000268c1088a10 JavaThread "Attach Listener"            daemon [_thread_blocked, id=18912, stack(0x000000f1bbc00000,0x000000f1bbd00000) (1024K)]
  0x00000268c108abf0 JavaThread "Service Thread"             daemon [_thread_blocked, id=18232, stack(0x000000f1bbd00000,0x000000f1bbe00000) (1024K)]
  0x00000268c10973b0 JavaThread "Monitor Deflation Thread"   daemon [_thread_blocked, id=9924, stack(0x000000f1bbe00000,0x000000f1bbf00000) (1024K)]
  0x00000268c109cdc0 JavaThread "C2 CompilerThread0"         daemon [_thread_blocked, id=21528, stack(0x000000f1bbf00000,0x000000f1bc000000) (1024K)]
  0x00000268c109e2d0 JavaThread "C1 CompilerThread0"         daemon [_thread_in_vm, id=21548, stack(0x000000f1bc000000,0x000000f1bc100000) (1024K)]
  0x00000268c1160980 JavaThread "C1 CompilerThread1"         daemon [_thread_blocked, id=4452, stack(0x000000f1bc100000,0x000000f1bc200000) (1024K)]
  0x00000268c116f7a0 JavaThread "Common-Cleaner"             daemon [_thread_blocked, id=11300, stack(0x000000f1bc200000,0x000000f1bc300000) (1024K)]
  0x00000268c1373e20 JavaThread "Notification Thread"        daemon [_thread_blocked, id=24344, stack(0x000000f1bc300000,0x000000f1bc400000) (1024K)]
  0x00000268c6596230 JavaThread "C1 CompilerThread2"         daemon [_thread_blocked, id=16008, stack(0x000000f1bcb00000,0x000000f1bcc00000) (1024K)]
  0x00000268c67d6520 JavaThread "C1 CompilerThread3"         daemon [_thread_blocked, id=19680, stack(0x000000f1bcc00000,0x000000f1bcd00000) (1024K)]
  0x00000268c74c5630 JavaThread "Daemon health stats"               [_thread_blocked, id=11444, stack(0x000000f1bc600000,0x000000f1bc700000) (1024K)]
  0x00000268c7846fe0 JavaThread "Incoming local TCP Connector on port 53277"        [_thread_in_native, id=1316, stack(0x000000f1bce00000,0x000000f1bcf00000) (1024K)]
  0x00000268c7b79010 JavaThread "Daemon periodic checks"            [_thread_blocked, id=12444, stack(0x000000f1bcf00000,0x000000f1bd000000) (1024K)]
  0x00000268c7a637e0 JavaThread "Daemon"                            [_thread_blocked, id=20096, stack(0x000000f1bd000000,0x000000f1bd100000) (1024K)]
  0x00000268c7a63e50 JavaThread "Handler for socket connection from /127.0.0.1:53277 to /127.0.0.1:53280"        [_thread_in_native, id=3504, stack(0x000000f1bd100000,0x000000f1bd200000) (1024K)]
  0x00000268c7803360 JavaThread "Cancel handler"                    [_thread_blocked, id=9108, stack(0x000000f1bd200000,0x000000f1bd300000) (1024K)]
  0x00000268c78039f0 JavaThread "Daemon worker"                     [_thread_in_vm, id=17496, stack(0x000000f1bd300000,0x000000f1bd400000) (1024K)]
  0x00000268c7804080 JavaThread "Asynchronous log dispatcher for DefaultDaemonConnection: socket connection from /127.0.0.1:53277 to /127.0.0.1:53280"        [_thread_blocked, id=24332, stack(0x000000f1bd400000,0x000000f1bd500000) (1024K)]
  0x00000268c7802640 JavaThread "Stdin handler"                     [_thread_blocked, id=21068, stack(0x000000f1bd500000,0x000000f1bd600000) (1024K)]
  0x00000268c7804710 JavaThread "Daemon client event forwarder"        [_thread_blocked, id=19100, stack(0x000000f1bd600000,0x000000f1bd700000) (1024K)]
  0x00000268c7801290 JavaThread "Cache worker for journal cache (C:\Users\Haqii\.gradle\caches\journal-1)"        [_thread_blocked, id=3980, stack(0x000000f1bc500000,0x000000f1bc600000) (1024K)]
  0x00000268c7801fb0 JavaThread "File lock request listener"        [_thread_in_native, id=22828, stack(0x000000f1bd700000,0x000000f1bd800000) (1024K)]
  0x00000268c7802cd0 JavaThread "Cache worker for file hash cache (C:\Users\Haqii\.gradle\caches\8.13\fileHashes)"        [_thread_in_Java, id=9920, stack(0x000000f1bd800000,0x000000f1bd900000) (1024K)]
  0x00000268c90b5010 JavaThread "Cache worker for file hash cache (D:\KELAS-XI\Tugas Akhir Semester 1\TrashBinFe\.gradle\8.13\fileHashes)"        [_thread_blocked, id=4316, stack(0x000000f1be300000,0x000000f1be400000) (1024K)]
  0x00000268c90b56a0 JavaThread "Cache worker for Build Output Cleanup Cache (D:\KELAS-XI\Tugas Akhir Semester 1\TrashBinFe\.gradle\buildOutputCleanup)"        [_thread_blocked, id=22912, stack(0x000000f1be400000,0x000000f1be500000) (1024K)]
  0x00000268c90b6a50 JavaThread "File watcher server"        daemon [_thread_in_native, id=6780, stack(0x000000f1be500000,0x000000f1be600000) (1024K)]
  0x00000268c90b5d30 JavaThread "File watcher consumer"      daemon [_thread_blocked, id=13620, stack(0x000000f1be600000,0x000000f1be700000) (1024K)]
  0x00000268c90b4980 JavaThread "jar transforms"                    [_thread_blocked, id=23804, stack(0x000000f1be700000,0x000000f1be800000) (1024K)]
  0x00000268c90b63c0 JavaThread "jar transforms Thread 2"           [_thread_blocked, id=7528, stack(0x000000f1be800000,0x000000f1be900000) (1024K)]
  0x00000268c90b7770 JavaThread "jar transforms Thread 3"           [_thread_blocked, id=24276, stack(0x000000f1be900000,0x000000f1bea00000) (1024K)]
  0x00000268c90b8b20 JavaThread "jar transforms Thread 4"           [_thread_blocked, id=23668, stack(0x000000f1bea00000,0x000000f1beb00000) (1024K)]
  0x00000268c90b91b0 JavaThread "jar transforms Thread 5"           [_thread_blocked, id=11380, stack(0x000000f1beb00000,0x000000f1bec00000) (1024K)]
  0x00000268c90ba560 JavaThread "Cache worker for checksums cache (D:\KELAS-XI\Tugas Akhir Semester 1\TrashBinFe\.gradle\8.13\checksums)"        [_thread_blocked, id=24364, stack(0x000000f1bec00000,0x000000f1bed00000) (1024K)]
  0x00000268c90babf0 JavaThread "Cache worker for file content cache (C:\Users\Haqii\.gradle\caches\8.13\fileContent)"        [_thread_blocked, id=23220, stack(0x000000f1bed00000,0x000000f1bee00000) (1024K)]
  0x00000268c90b7e00 JavaThread "jar transforms Thread 6"           [_thread_blocked, id=15180, stack(0x000000f1bee00000,0x000000f1bef00000) (1024K)]
  0x00000268c9ba33f0 JavaThread "jar transforms Thread 7"           [_thread_blocked, id=5048, stack(0x000000f1bef00000,0x000000f1bf000000) (1024K)]
  0x00000268c9ba4e30 JavaThread "jar transforms Thread 8"           [_thread_blocked, id=19868, stack(0x000000f1bf000000,0x000000f1bf100000) (1024K)]
  0x00000268c9ba5b50 JavaThread "jar transforms Thread 9"           [_thread_blocked, id=6812, stack(0x000000f1bf100000,0x000000f1bf200000) (1024K)]
  0x00000268c9ba6f00 JavaThread "Cache worker for cache directory md-supplier (C:\Users\Haqii\.gradle\caches\8.13\md-supplier)"        [_thread_blocked, id=21744, stack(0x000000f1bf200000,0x000000f1bf300000) (1024K)]
  0x00000268c9ba7590 JavaThread "Cache worker for cache directory md-rule (C:\Users\Haqii\.gradle\caches\8.13\md-rule)"        [_thread_blocked, id=21116, stack(0x000000f1bf300000,0x000000f1bf400000) (1024K)]
  0x00000268c9ba8940 JavaThread "Unconstrained build operations"        [_thread_blocked, id=18336, stack(0x000000f1bc400000,0x000000f1bc500000) (1024K)]
  0x00000268c9ba9660 JavaThread "Unconstrained build operations Thread 2"        [_thread_blocked, id=7196, stack(0x000000f1bd900000,0x000000f1bda00000) (1024K)]
  0x00000268c9baa380 JavaThread "Unconstrained build operations Thread 3"        [_thread_blocked, id=22152, stack(0x000000f1bf400000,0x000000f1bf500000) (1024K)]
  0x00000268c90b70e0 JavaThread "Unconstrained build operations Thread 4"        [_thread_blocked, id=16204, stack(0x000000f1bf500000,0x000000f1bf600000) (1024K)]
  0x00000268c155fe10 JavaThread "Unconstrained build operations Thread 5"        [_thread_blocked, id=20488, stack(0x000000f1bf600000,0x000000f1bf700000) (1024K)]
  0x00000268c1560b30 JavaThread "Unconstrained build operations Thread 6"        [_thread_blocked, id=19008, stack(0x000000f1bf700000,0x000000f1bf800000) (1024K)]
  0x00000268c15604a0 JavaThread "Unconstrained build operations Thread 7"        [_thread_blocked, id=23664, stack(0x000000f1bf800000,0x000000f1bf900000) (1024K)]
  0x00000268c15611c0 JavaThread "Unconstrained build operations Thread 8"        [_thread_blocked, id=5480, stack(0x000000f1bf900000,0x000000f1bfa00000) (1024K)]
  0x00000268c1561850 JavaThread "Unconstrained build operations Thread 9"        [_thread_blocked, id=16372, stack(0x000000f1bfa00000,0x000000f1bfb00000) (1024K)]
  0x00000268c1561ee0 JavaThread "Unconstrained build operations Thread 10"        [_thread_blocked, id=2452, stack(0x000000f1bfb00000,0x000000f1bfc00000) (1024K)]
  0x00000268c1562c00 JavaThread "Unconstrained build operations Thread 11"        [_thread_blocked, id=18520, stack(0x000000f1bfc00000,0x000000f1bfd00000) (1024K)]
  0x00000268c155f780 JavaThread "Unconstrained build operations Thread 12"        [_thread_blocked, id=14508, stack(0x000000f1bfd00000,0x000000f1bfe00000) (1024K)]
  0x00000268c1564640 JavaThread "Unconstrained build operations Thread 13"        [_thread_blocked, id=22624, stack(0x000000f1bfe00000,0x000000f1bff00000) (1024K)]
  0x00000268c1563290 JavaThread "Unconstrained build operations Thread 14"        [_thread_blocked, id=21156, stack(0x000000f1bff00000,0x000000f1c0000000) (1024K)]
  0x00000268c1563920 JavaThread "Unconstrained build operations Thread 15"        [_thread_blocked, id=15628, stack(0x000000f1c0000000,0x000000f1c0100000) (1024K)]
=>0x00000268c9ec8fd0 JavaThread "C2 CompilerThread1"         daemon [_thread_in_native, id=14312, stack(0x000000f1c0100000,0x000000f1c0200000) (1024K)]
  0x00000268c15659f0 JavaThread "Unconstrained build operations Thread 16"        [_thread_blocked, id=16916, stack(0x000000f1c0200000,0x000000f1c0300000) (1024K)]
  0x00000268c1566da0 JavaThread "Unconstrained build operations Thread 17"        [_thread_in_native, id=7216, stack(0x000000f1c0300000,0x000000f1c0400000) (1024K)]
  0x00000268c1566080 JavaThread "Unconstrained build operations Thread 18"        [_thread_in_native, id=7836, stack(0x000000f1c0400000,0x000000f1c0500000) (1024K)]
  0x00000268c1566710 JavaThread "Unconstrained build operations Thread 19"        [_thread_blocked, id=23456, stack(0x000000f1c0500000,0x000000f1c0600000) (1024K)]
  0x00000268c1564cd0 JavaThread "Unconstrained build operations Thread 20"        [_thread_blocked, id=23912, stack(0x000000f1c0600000,0x000000f1c0700000) (1024K)]
  0x00000268c1565360 JavaThread "Unconstrained build operations Thread 21"        [_thread_in_native, id=4904, stack(0x000000f1c0700000,0x000000f1c0800000) (1024K)]
  0x00000268c1563fb0 JavaThread "Unconstrained build operations Thread 22"        [_thread_blocked, id=24252, stack(0x000000f1c0800000,0x000000f1c0900000) (1024K)]
  0x00000268caca6590 JavaThread "Unconstrained build operations Thread 23"        [_thread_in_Java, id=23792, stack(0x000000f1c0900000,0x000000f1c0a00000) (1024K)]
  0x00000268caca6c20 JavaThread "Unconstrained build operations Thread 24"        [_thread_blocked, id=19052, stack(0x000000f1c0a00000,0x000000f1c0b00000) (1024K)]
  0x00000268caca5f00 JavaThread "Unconstrained build operations Thread 25"        [_thread_blocked, id=22316, stack(0x000000f1c0b00000,0x000000f1c0c00000) (1024K)]
  0x00000268caca37a0 JavaThread "Unconstrained build operations Thread 26"        [_thread_in_native, id=9112, stack(0x000000f1c0c00000,0x000000f1c0d00000) (1024K)]
  0x00000268caca3e30 JavaThread "Unconstrained build operations Thread 27"        [_thread_blocked, id=16380, stack(0x000000f1c0d00000,0x000000f1c0e00000) (1024K)]
  0x00000268caca72b0 JavaThread "Unconstrained build operations Thread 28"        [_thread_blocked, id=5956, stack(0x000000f1c0e00000,0x000000f1c0f00000) (1024K)]
  0x00000268caca4b50 JavaThread "Unconstrained build operations Thread 29"        [_thread_blocked, id=8880, stack(0x000000f1c0f00000,0x000000f1c1000000) (1024K)]
  0x00000268caca7940 JavaThread "Unconstrained build operations Thread 30"        [_thread_blocked, id=1576, stack(0x000000f1c1000000,0x000000f1c1100000) (1024K)]
  0x00000268c90d33c0 JavaThread "C2 CompilerThread2"         daemon [_thread_in_native, id=14732, stack(0x000000f1c1100000,0x000000f1c1200000) (1024K)]
  0x00000268c97bea30 JavaThread "C2 CompilerThread3"         daemon [_thread_in_native, id=20880, stack(0x000000f1c1200000,0x000000f1c1300000) (1024K)]
Total: 77

Other Threads:
  0x00000268f76043b0 VMThread "VM Thread"                           [id=17428, stack(0x000000f1bb800000,0x000000f1bb900000) (1024K)]
  0x00000268c10819e0 WatcherThread "VM Periodic Task Thread"        [id=19476, stack(0x000000f1bb700000,0x000000f1bb800000) (1024K)]
  0x00000268d9cec210 WorkerThread "GC Thread#0"                     [id=10296, stack(0x000000f1bb200000,0x000000f1bb300000) (1024K)]
  0x00000268c1a840c0 WorkerThread "GC Thread#1"                     [id=21896, stack(0x000000f1bc700000,0x000000f1bc800000) (1024K)]
  0x00000268c1847fb0 WorkerThread "GC Thread#2"                     [id=15444, stack(0x000000f1bc800000,0x000000f1bc900000) (1024K)]
  0x00000268c1848360 WorkerThread "GC Thread#3"                     [id=4680, stack(0x000000f1bc900000,0x000000f1bca00000) (1024K)]
  0x00000268c1848710 WorkerThread "GC Thread#4"                     [id=16144, stack(0x000000f1bca00000,0x000000f1bcb00000) (1024K)]
  0x00000268c6878ba0 WorkerThread "GC Thread#5"                     [id=8972, stack(0x000000f1bcd00000,0x000000f1bce00000) (1024K)]
  0x00000268c6dc8700 WorkerThread "GC Thread#6"                     [id=20404, stack(0x000000f1bda00000,0x000000f1bdb00000) (1024K)]
  0x00000268c8e5ca60 WorkerThread "GC Thread#7"                     [id=15520, stack(0x000000f1bdb00000,0x000000f1bdc00000) (1024K)]
  0x00000268c8e5bba0 WorkerThread "GC Thread#8"                     [id=23496, stack(0x000000f1bdc00000,0x000000f1bdd00000) (1024K)]
  0x00000268c8e5c6b0 WorkerThread "GC Thread#9"                     [id=12072, stack(0x000000f1bdd00000,0x000000f1bde00000) (1024K)]
  0x00000268c8e5bf50 WorkerThread "GC Thread#10"                    [id=24496, stack(0x000000f1bde00000,0x000000f1bdf00000) (1024K)]
  0x00000268c8e5d570 WorkerThread "GC Thread#11"                    [id=23080, stack(0x000000f1bdf00000,0x000000f1be000000) (1024K)]
  0x00000268c8e5d920 WorkerThread "GC Thread#12"                    [id=18444, stack(0x000000f1be000000,0x000000f1be100000) (1024K)]
  0x00000268d9d01170 ConcurrentGCThread "G1 Main Marker"            [id=16728, stack(0x000000f1bb300000,0x000000f1bb400000) (1024K)]
  0x00000268d9d01b90 WorkerThread "G1 Conc#0"                       [id=2884, stack(0x000000f1bb400000,0x000000f1bb500000) (1024K)]
  0x00000268c8e5b090 WorkerThread "G1 Conc#1"                       [id=11084, stack(0x000000f1be100000,0x000000f1be200000) (1024K)]
  0x00000268c8e5e080 WorkerThread "G1 Conc#2"                       [id=24424, stack(0x000000f1be200000,0x000000f1be300000) (1024K)]
  0x00000268d9d4e800 ConcurrentGCThread "G1 Refine#0"               [id=24400, stack(0x000000f1bb500000,0x000000f1bb600000) (1024K)]
  0x00000268f7548f90 ConcurrentGCThread "G1 Service"                [id=8548, stack(0x000000f1bb600000,0x000000f1bb700000) (1024K)]
Total: 21

Threads with active compile tasks:
C2 CompilerThread1  18181 8678       4       java.io.ObjectOutputStream::writeClassDesc (60 bytes)
C2 CompilerThread2  18181 8860   !   4       java.io.ObjectOutputStream::writeObject0 (620 bytes)
C2 CompilerThread3  18181 9017       4       java.io.BufferedReader::implReadLine (301 bytes)
Total: 3

VM state: not at safepoint (normal execution)

VM Mutex/Monitor currently owned by a thread: None

Heap address: 0x0000000080000000, size: 2048 MB, Compressed Oops mode: 32-bit

CDS archive(s) mapped at: [0x0000026880000000-0x0000026880d70000-0x0000026880d70000), size 14090240, SharedBaseAddress: 0x0000026880000000, ArchiveRelocationMode: 1.
Compressed class space mapped at: 0x0000026881000000-0x00000268c1000000, reserved size: 1073741824
Narrow klass base: 0x0000026880000000, Narrow klass shift: 0, Narrow klass range: 0x41000000

GC Precious Log:
 CardTable entry size: 512
 Card Set container configuration: InlinePtr #cards 5 size 8 Array Of Cards #cards 10 size 36 Howl #buckets 4 coarsen threshold 1843 Howl Bitmap #cards 512 size 80 coarsen threshold 460 Card regions per heap region 1 cards per card region 2048
 CPUs: 16 total, 16 available
 Memory: 15613M
 Large Page Support: Disabled
 NUMA Support: Disabled
 Compressed Oops: Enabled (32-bit)
 Heap Region Size: 1M
 Heap Min Capacity: 8M
 Heap Initial Capacity: 244M
 Heap Max Capacity: 2G
 Pre-touch: Disabled
 Parallel Workers: 13
 Concurrent Workers: 3
 Concurrent Refinement Workers: 13
 Periodic GC: Disabled

Heap:
 garbage-first heap   total reserved 2097152K, committed 97280K, used 59221K [0x0000000080000000, 0x0000000100000000)
  region size 1024K, 3 young (3072K), 1 survivors (1024K)
 Metaspace       used 59464K, committed 61376K, reserved 1114112K
  class space    used 8628K, committed 9536K, reserved 1048576K

Heap Regions: E=young(eden), S=young(survivor), O=old, HS=humongous(starts), HC=humongous(continues), CS=collection set, F=free, TAMS=top-at-mark-start, PB=parsable bottom
|   0|0x0000000080000000, 0x0000000080100000, 0x0000000080100000|100%| O|  |TAMS 0x0000000080000000| PB 0x0000000080000000| Untracked |  0
|   1|0x0000000080100000, 0x0000000080200000, 0x0000000080200000|100%|HS|  |TAMS 0x0000000080100000| PB 0x0000000080100000| Complete |  0
|   2|0x0000000080200000, 0x0000000080300000, 0x0000000080300000|100%|HC|  |TAMS 0x0000000080200000| PB 0x0000000080200000| Complete |  0
|   3|0x0000000080300000, 0x0000000080400000, 0x0000000080400000|100%|HC|  |TAMS 0x0000000080300000| PB 0x0000000080300000| Complete |  0
|   4|0x0000000080400000, 0x0000000080500000, 0x0000000080500000|100%| O|  |TAMS 0x0000000080400000| PB 0x0000000080400000| Untracked |  0
|   5|0x0000000080500000, 0x0000000080600000, 0x0000000080600000|100%| O|  |TAMS 0x0000000080500000| PB 0x0000000080500000| Untracked |  0
|   6|0x0000000080600000, 0x0000000080700000, 0x0000000080700000|100%| O|  |TAMS 0x0000000080600000| PB 0x0000000080600000| Untracked |  0
|   7|0x0000000080700000, 0x0000000080800000, 0x0000000080800000|100%| O|  |TAMS 0x0000000080700000| PB 0x0000000080700000| Untracked |  0
|   8|0x0000000080800000, 0x0000000080900000, 0x0000000080900000|100%|HS|  |TAMS 0x0000000080800000| PB 0x0000000080800000| Complete |  0
|   9|0x0000000080900000, 0x0000000080a00000, 0x0000000080a00000|100%| O|  |TAMS 0x0000000080900000| PB 0x0000000080900000| Untracked |  0
|  10|0x0000000080a00000, 0x0000000080b00000, 0x0000000080b00000|100%| O|  |TAMS 0x0000000080a00000| PB 0x0000000080a00000| Untracked |  0
|  11|0x0000000080b00000, 0x0000000080c00000, 0x0000000080c00000|100%| O|  |TAMS 0x0000000080b00000| PB 0x0000000080b00000| Untracked |  0
|  12|0x0000000080c00000, 0x0000000080d00000, 0x0000000080d00000|100%| O|  |TAMS 0x0000000080c00000| PB 0x0000000080c00000| Untracked |  0
|  13|0x0000000080d00000, 0x0000000080e00000, 0x0000000080e00000|100%| O|  |TAMS 0x0000000080d00000| PB 0x0000000080d00000| Untracked |  0
|  14|0x0000000080e00000, 0x0000000080f00000, 0x0000000080f00000|100%| O|  |TAMS 0x0000000080e00000| PB 0x0000000080e00000| Untracked |  0
|  15|0x0000000080f00000, 0x0000000081000000, 0x0000000081000000|100%| O|  |TAMS 0x0000000080f00000| PB 0x0000000080f00000| Untracked |  0
|  16|0x0000000081000000, 0x0000000081100000, 0x0000000081100000|100%| O|  |TAMS 0x0000000081000000| PB 0x0000000081000000| Untracked |  0
|  17|0x0000000081100000, 0x0000000081200000, 0x0000000081200000|100%| O|  |TAMS 0x0000000081100000| PB 0x0000000081100000| Untracked |  0
|  18|0x0000000081200000, 0x0000000081300000, 0x0000000081300000|100%| O|  |TAMS 0x0000000081200000| PB 0x0000000081200000| Untracked |  0
|  19|0x0000000081300000, 0x0000000081400000, 0x0000000081400000|100%| O|  |TAMS 0x0000000081300000| PB 0x0000000081300000| Untracked |  0
|  20|0x0000000081400000, 0x0000000081500000, 0x0000000081500000|100%| O|  |TAMS 0x0000000081400000| PB 0x0000000081400000| Untracked |  0
|  21|0x0000000081500000, 0x0000000081600000, 0x0000000081600000|100%| O|  |TAMS 0x0000000081500000| PB 0x0000000081500000| Untracked |  0
|  22|0x0000000081600000, 0x0000000081700000, 0x0000000081700000|100%| O|  |TAMS 0x0000000081600000| PB 0x0000000081600000| Untracked |  0
|  23|0x0000000081700000, 0x0000000081800000, 0x0000000081800000|100%| O|  |TAMS 0x0000000081700000| PB 0x0000000081700000| Untracked |  0
|  24|0x0000000081800000, 0x0000000081900000, 0x0000000081900000|100%| O|  |TAMS 0x0000000081800000| PB 0x0000000081800000| Untracked |  0
|  25|0x0000000081900000, 0x0000000081a00000, 0x0000000081a00000|100%| O|  |TAMS 0x0000000081900000| PB 0x0000000081900000| Untracked |  0
|  26|0x0000000081a00000, 0x0000000081b00000, 0x0000000081b00000|100%| O|  |TAMS 0x0000000081a00000| PB 0x0000000081a00000| Untracked |  0
|  27|0x0000000081b00000, 0x0000000081c00000, 0x0000000081c00000|100%| O|  |TAMS 0x0000000081b00000| PB 0x0000000081b00000| Untracked |  0
|  28|0x0000000081c00000, 0x0000000081d00000, 0x0000000081d00000|100%| O|  |TAMS 0x0000000081c00000| PB 0x0000000081c00000| Untracked |  0
|  29|0x0000000081d00000, 0x0000000081e00000, 0x0000000081e00000|100%| O|  |TAMS 0x0000000081d00000| PB 0x0000000081d00000| Untracked |  0
|  30|0x0000000081e00000, 0x0000000081f00000, 0x0000000081f00000|100%| O|  |TAMS 0x0000000081e00000| PB 0x0000000081e00000| Untracked |  0
|  31|0x0000000081f00000, 0x0000000082000000, 0x0000000082000000|100%| O|  |TAMS 0x0000000081f00000| PB 0x0000000081f00000| Untracked |  0
|  32|0x0000000082000000, 0x0000000082100000, 0x0000000082100000|100%| O|  |TAMS 0x0000000082000000| PB 0x0000000082000000| Untracked |  0
|  33|0x0000000082100000, 0x0000000082200000, 0x0000000082200000|100%| O|  |TAMS 0x0000000082100000| PB 0x0000000082100000| Untracked |  0
|  34|0x0000000082200000, 0x0000000082300000, 0x0000000082300000|100%| O|  |TAMS 0x0000000082200000| PB 0x0000000082200000| Untracked |  0
|  35|0x0000000082300000, 0x0000000082400000, 0x0000000082400000|100%| O|Cm|TAMS 0x0000000082300000| PB 0x0000000082300000| Complete |  0
|  36|0x0000000082400000, 0x0000000082500000, 0x0000000082500000|100%| O|  |TAMS 0x0000000082400000| PB 0x0000000082400000| Untracked |  0
|  37|0x0000000082500000, 0x0000000082600000, 0x0000000082600000|100%| O|  |TAMS 0x0000000082500000| PB 0x0000000082500000| Untracked |  0
|  38|0x0000000082600000, 0x0000000082700000, 0x0000000082700000|100%| O|Cm|TAMS 0x0000000082600000| PB 0x0000000082600000| Complete |  0
|  39|0x0000000082700000, 0x0000000082800000, 0x0000000082800000|100%| O|Cm|TAMS 0x0000000082700000| PB 0x0000000082700000| Complete |  0
|  40|0x0000000082800000, 0x0000000082900000, 0x0000000082900000|100%| O|  |TAMS 0x0000000082800000| PB 0x0000000082800000| Untracked |  0
|  41|0x0000000082900000, 0x0000000082a00000, 0x0000000082a00000|100%| O|  |TAMS 0x0000000082900000| PB 0x0000000082900000| Untracked |  0
|  42|0x0000000082a00000, 0x0000000082b00000, 0x0000000082b00000|100%| O|  |TAMS 0x0000000082a00000| PB 0x0000000082a00000| Untracked |  0
|  43|0x0000000082b00000, 0x0000000082c00000, 0x0000000082c00000|100%| O|  |TAMS 0x0000000082b00000| PB 0x0000000082b00000| Untracked |  0
|  44|0x0000000082c00000, 0x0000000082d00000, 0x0000000082d00000|100%| O|  |TAMS 0x0000000082c00000| PB 0x0000000082c00000| Untracked |  0
|  45|0x0000000082d00000, 0x0000000082e00000, 0x0000000082e00000|100%| O|  |TAMS 0x0000000082d00000| PB 0x0000000082d00000| Untracked |  0
|  46|0x0000000082e00000, 0x0000000082f00000, 0x0000000082f00000|100%| O|  |TAMS 0x0000000082e00000| PB 0x0000000082e00000| Untracked |  0
|  47|0x0000000082f00000, 0x0000000083000000, 0x0000000083000000|100%| O|  |TAMS 0x0000000082f00000| PB 0x0000000082f00000| Untracked |  0
|  48|0x0000000083000000, 0x0000000083100000, 0x0000000083100000|100%| O|  |TAMS 0x0000000083000000| PB 0x0000000083000000| Untracked |  0
|  49|0x0000000083100000, 0x0000000083200000, 0x0000000083200000|100%| O|  |TAMS 0x0000000083100000| PB 0x0000000083100000| Untracked |  0
|  50|0x0000000083200000, 0x0000000083300000, 0x0000000083300000|100%| O|  |TAMS 0x0000000083200000| PB 0x0000000083200000| Untracked |  0
|  51|0x0000000083300000, 0x0000000083400000, 0x0000000083400000|100%| O|  |TAMS 0x0000000083300000| PB 0x0000000083300000| Untracked |  0
|  52|0x0000000083400000, 0x0000000083500000, 0x0000000083500000|100%| O|  |TAMS 0x0000000083400000| PB 0x0000000083400000| Untracked |  0
|  53|0x0000000083500000, 0x00000000835d57d8, 0x0000000083600000| 83%| O|  |TAMS 0x0000000083500000| PB 0x0000000083500000| Untracked |  0
|  54|0x0000000083600000, 0x0000000083600000, 0x0000000083700000|  0%| F|  |TAMS 0x0000000083600000| PB 0x0000000083600000| Untracked |  0
|  55|0x0000000083700000, 0x0000000083700000, 0x0000000083800000|  0%| F|  |TAMS 0x0000000083700000| PB 0x0000000083700000| Untracked |  0
|  56|0x0000000083800000, 0x0000000083800000, 0x0000000083900000|  0%| F|  |TAMS 0x0000000083800000| PB 0x0000000083800000| Untracked |  0
|  57|0x0000000083900000, 0x0000000083a00000, 0x0000000083a00000|100%| O|  |TAMS 0x0000000083900000| PB 0x0000000083900000| Untracked |  0
|  58|0x0000000083a00000, 0x0000000083b00000, 0x0000000083b00000|100%| O|  |TAMS 0x0000000083a00000| PB 0x0000000083a00000| Untracked |  0
|  59|0x0000000083b00000, 0x0000000083b00000, 0x0000000083c00000|  0%| F|  |TAMS 0x0000000083b00000| PB 0x0000000083b00000| Untracked |  0
|  60|0x0000000083c00000, 0x0000000083c00000, 0x0000000083d00000|  0%| F|  |TAMS 0x0000000083c00000| PB 0x0000000083c00000| Untracked |  0
|  61|0x0000000083d00000, 0x0000000083d00000, 0x0000000083e00000|  0%| F|  |TAMS 0x0000000083d00000| PB 0x0000000083d00000| Untracked |  0
|  62|0x0000000083e00000, 0x0000000083e00000, 0x0000000083f00000|  0%| F|  |TAMS 0x0000000083e00000| PB 0x0000000083e00000| Untracked |  0
|  63|0x0000000083f00000, 0x0000000083f00000, 0x0000000084000000|  0%| F|  |TAMS 0x0000000083f00000| PB 0x0000000083f00000| Untracked |  0
|  64|0x0000000084000000, 0x0000000084000000, 0x0000000084100000|  0%| F|  |TAMS 0x0000000084000000| PB 0x0000000084000000| Untracked |  0
|  65|0x0000000084100000, 0x0000000084100000, 0x0000000084200000|  0%| F|  |TAMS 0x0000000084100000| PB 0x0000000084100000| Untracked |  0
|  66|0x0000000084200000, 0x0000000084200000, 0x0000000084300000|  0%| F|  |TAMS 0x0000000084200000| PB 0x0000000084200000| Untracked |  0
|  67|0x0000000084300000, 0x0000000084300000, 0x0000000084400000|  0%| F|  |TAMS 0x0000000084300000| PB 0x0000000084300000| Untracked |  0
|  68|0x0000000084400000, 0x0000000084400000, 0x0000000084500000|  0%| F|  |TAMS 0x0000000084400000| PB 0x0000000084400000| Untracked |  0
|  69|0x0000000084500000, 0x0000000084500000, 0x0000000084600000|  0%| F|  |TAMS 0x0000000084500000| PB 0x0000000084500000| Untracked |  0
|  70|0x0000000084600000, 0x0000000084600000, 0x0000000084700000|  0%| F|  |TAMS 0x0000000084600000| PB 0x0000000084600000| Untracked |  0
|  71|0x0000000084700000, 0x0000000084700000, 0x0000000084800000|  0%| F|  |TAMS 0x0000000084700000| PB 0x0000000084700000| Untracked |  0
|  72|0x0000000084800000, 0x0000000084800000, 0x0000000084900000|  0%| F|  |TAMS 0x0000000084800000| PB 0x0000000084800000| Untracked |  0
|  73|0x0000000084900000, 0x0000000084900000, 0x0000000084a00000|  0%| F|  |TAMS 0x0000000084900000| PB 0x0000000084900000| Untracked |  0
|  74|0x0000000084a00000, 0x0000000084a00000, 0x0000000084b00000|  0%| F|  |TAMS 0x0000000084a00000| PB 0x0000000084a00000| Untracked |  0
|  75|0x0000000084b00000, 0x0000000084b00000, 0x0000000084c00000|  0%| F|  |TAMS 0x0000000084b00000| PB 0x0000000084b00000| Untracked |  0
|  76|0x0000000084c00000, 0x0000000084c00000, 0x0000000084d00000|  0%| F|  |TAMS 0x0000000084c00000| PB 0x0000000084c00000| Untracked |  0
|  77|0x0000000084d00000, 0x0000000084d00000, 0x0000000084e00000|  0%| F|  |TAMS 0x0000000084d00000| PB 0x0000000084d00000| Untracked |  0
|  78|0x0000000084e00000, 0x0000000084e00000, 0x0000000084f00000|  0%| F|  |TAMS 0x0000000084e00000| PB 0x0000000084e00000| Untracked |  0
|  79|0x0000000084f00000, 0x0000000084f00000, 0x0000000085000000|  0%| F|  |TAMS 0x0000000084f00000| PB 0x0000000084f00000| Untracked |  0
|  80|0x0000000085000000, 0x0000000085000000, 0x0000000085100000|  0%| F|  |TAMS 0x0000000085000000| PB 0x0000000085000000| Untracked |  0
|  81|0x0000000085100000, 0x0000000085100000, 0x0000000085200000|  0%| F|  |TAMS 0x0000000085100000| PB 0x0000000085100000| Untracked |  0
|  82|0x0000000085200000, 0x0000000085200000, 0x0000000085300000|  0%| F|  |TAMS 0x0000000085200000| PB 0x0000000085200000| Untracked |  0
|  83|0x0000000085300000, 0x0000000085300000, 0x0000000085400000|  0%| F|  |TAMS 0x0000000085300000| PB 0x0000000085300000| Untracked |  0
|  84|0x0000000085400000, 0x0000000085400000, 0x0000000085500000|  0%| F|  |TAMS 0x0000000085400000| PB 0x0000000085400000| Untracked |  0
|  85|0x0000000085500000, 0x0000000085500000, 0x0000000085600000|  0%| F|  |TAMS 0x0000000085500000| PB 0x0000000085500000| Untracked |  0
|  86|0x0000000085600000, 0x0000000085600000, 0x0000000085700000|  0%| F|  |TAMS 0x0000000085600000| PB 0x0000000085600000| Untracked |  0
|  87|0x0000000085700000, 0x0000000085800000, 0x0000000085800000|100%| S|CS|TAMS 0x0000000085700000| PB 0x0000000085700000| Complete |  0
|  88|0x0000000085800000, 0x0000000085800000, 0x0000000085900000|  0%| F|  |TAMS 0x0000000085800000| PB 0x0000000085800000| Untracked |  0
|  89|0x0000000085900000, 0x0000000085900000, 0x0000000085a00000|  0%| F|  |TAMS 0x0000000085900000| PB 0x0000000085900000| Untracked |  0
|  90|0x0000000085a00000, 0x0000000085a00000, 0x0000000085b00000|  0%| F|  |TAMS 0x0000000085a00000| PB 0x0000000085a00000| Untracked |  0
| 209|0x000000008d100000, 0x000000008d100000, 0x000000008d200000|  0%| F|  |TAMS 0x000000008d100000| PB 0x000000008d100000| Untracked |  0
| 210|0x000000008d200000, 0x000000008d200000, 0x000000008d300000|  0%| F|  |TAMS 0x000000008d200000| PB 0x000000008d200000| Untracked |  0
| 211|0x000000008d300000, 0x000000008d37f0e0, 0x000000008d400000| 49%| E|  |TAMS 0x000000008d300000| PB 0x000000008d300000| Complete |  0
| 243|0x000000008f300000, 0x000000008f400000, 0x000000008f400000|100%| E|CS|TAMS 0x000000008f300000| PB 0x000000008f300000| Complete |  0

Card table byte_map: [0x00000268f2150000,0x00000268f2550000] _byte_map_base: 0x00000268f1d50000

Marking Bits: (CMBitMap*) 0x00000268d9cec830
 Bits: [0x00000268f2550000, 0x00000268f4550000)

Polling page: 0x00000268d7ab0000

Metaspace:

Usage:
  Non-class:     49.64 MB used.
      Class:      8.43 MB used.
       Both:     58.07 MB used.

Virtual space:
  Non-class space:       64.00 MB reserved,      50.62 MB ( 79%) committed,  1 nodes.
      Class space:        1.00 GB reserved,       9.31 MB ( <1%) committed,  1 nodes.
             Both:        1.06 GB reserved,      59.94 MB (  6%) committed. 

Chunk freelists:
   Non-Class:  12.84 MB
       Class:  6.73 MB
        Both:  19.58 MB

MaxMetaspaceSize: unlimited
CompressedClassSpaceSize: 1.00 GB
Initial GC threshold: 21.00 MB
Current GC threshold: 99.94 MB
CDS: on
 - commit_granule_bytes: 65536.
 - commit_granule_words: 8192.
 - virtual_space_node_default_size: 8388608.
 - enlarge_chunks_in_place: 1.
 - use_allocation_guard: 0.


Internal statistics:

num_allocs_failed_limit: 9.
num_arena_births: 3194.
num_arena_deaths: 0.
num_vsnodes_births: 2.
num_vsnodes_deaths: 0.
num_space_committed: 959.
num_space_uncommitted: 0.
num_chunks_returned_to_freelist: 9.
num_chunks_taken_from_freelist: 5902.
num_chunk_merges: 6.
num_chunk_splits: 3811.
num_chunks_enlarged: 2341.
num_inconsistent_stats: 0.

CodeHeap 'non-profiled nmethods': size=119232Kb used=3021Kb max_used=3178Kb free=116210Kb
 bounds [0x00000268e9f50000, 0x00000268ea270000, 0x00000268f13c0000]
CodeHeap 'profiled nmethods': size=119104Kb used=11348Kb max_used=12154Kb free=107755Kb
 bounds [0x00000268e23c0000, 0x00000268e2fa0000, 0x00000268e9810000]
CodeHeap 'non-nmethods': size=7424Kb used=4466Kb max_used=4516Kb free=2957Kb
 bounds [0x00000268e9810000, 0x00000268e9c90000, 0x00000268e9f50000]
CodeCache: size=245760Kb, used=18835Kb, max_used=19848Kb, free=226922Kb
 total_blobs=8762, nmethods=7835, adapters=829, full_count=0
Compilation: enabled, stopped_count=0, restarted_count=0

Compilation events (20 events):
Event: 14.772 Thread 0x00000268c1160980 nmethod 8965 0x00000268e2f89d88 code [0x00000268e2f89f40, 0x00000268e2f8a6f0]
Event: 14.772 Thread 0x00000268c1160980 8970   !   3       org.gradle.cache.internal.AsyncCacheAccessDecoratedCache::putLater (33 bytes)
Event: 14.772 Thread 0x00000268c109e2d0 nmethod 8967 0x00000268e2f8a788 code [0x00000268e2f8a8c0, 0x00000268e2f8aae8]
Event: 14.772 Thread 0x00000268c6596230 nmethod 8969 0x00000268e2f8ab08 code [0x00000268e2f8ac40, 0x00000268e2f8afb0]
Event: 14.772 Thread 0x00000268c67d6520 nmethod 8968 0x00000268e2f8b008 code [0x00000268e2f8b140, 0x00000268e2f8b400]
Event: 14.772 Thread 0x00000268c109e2d0 8971       3       org.gradle.cache.internal.AsyncCacheAccessDecoratedCache$$Lambda/0x0000026881443b48::<init> (26 bytes)
Event: 14.772 Thread 0x00000268c6596230 8972       3       org.gradle.cache.internal.ExclusiveCacheAccessingWorker::enqueue (6 bytes)
Event: 14.772 Thread 0x00000268c67d6520 8973       3       org.gradle.cache.internal.AsyncCacheAccessDecoratedCache$$Lambda/0x0000026881443b48::run (20 bytes)
Event: 14.772 Thread 0x00000268c6596230 nmethod 8972 0x00000268e2f8b488 code [0x00000268e2f8b5a0, 0x00000268e2f8b6d8]
Event: 14.772 Thread 0x00000268c67d6520 nmethod 8973 0x00000268e2f8b788 code [0x00000268e2f8b8e0, 0x00000268e2f8bd18]
Event: 14.772 Thread 0x00000268c6596230 8974   !   3       org.gradle.cache.internal.AsyncCacheAccessDecoratedCache::lambda$putLater$1 (32 bytes)
Event: 14.772 Thread 0x00000268c109e2d0 nmethod 8971 0x00000268e2f8bd88 code [0x00000268e2f8bec0, 0x00000268e2f8c198]
Event: 14.772 Thread 0x00000268c67d6520 8975       3       org.gradle.cache.internal.btree.BTreePersistentIndexedCache$DataBlock::useNewValue (57 bytes)
Event: 14.773 Thread 0x00000268c6596230 nmethod 8974 0x00000268e2f8c208 code [0x00000268e2f8c360, 0x00000268e2f8c720]
Event: 14.773 Thread 0x00000268c1160980 nmethod 8970 0x00000268e2f8c788 code [0x00000268e2f8c940, 0x00000268e2f8d1e8]
Event: 14.773 Thread 0x00000268c67d6520 nmethod 8975 0x00000268e2f8d288 code [0x00000268e2f8d420, 0x00000268e2f8daa8]
Event: 14.779 Thread 0x00000268c109e2d0 8977       3       org.gradle.api.internal.artifacts.transform.TransformExecutionResult$Builder::addProducedOutput (17 bytes)
Event: 14.779 Thread 0x00000268c6596230 8978       3       org.gradle.api.internal.artifacts.transform.TransformExecutionResult$Builder$ProducedExecutionOutput::<init> (10 bytes)
Event: 14.779 Thread 0x00000268c1160980 8979       3       org.gradle.api.internal.artifacts.transform.TransformExecutionResult$Builder$ProducedExecutionOutput::resolveForWorkspace (13 bytes)
Event: 14.779 Thread 0x00000268c67d6520 8980       3       org.gradle.api.internal.artifacts.transform.TransformExecutionResult$Builder$ProducedExecutionOutput::lambda$resolveForWorkspace$0 (2 bytes)

GC Heap History (20 events):
Event: 6.996 GC heap after
{Heap after GC invocations=8 (full 0):
 garbage-first heap   total reserved 2097152K, committed 94208K, used 32953K [0x0000000080000000, 0x0000000100000000)
  region size 1024K, 4 young (4096K), 4 survivors (4096K)
 Metaspace       used 34926K, committed 35968K, reserved 1114112K
  class space    used 5084K, committed 5568K, reserved 1048576K
}
Event: 7.053 GC heap before
{Heap before GC invocations=8 (full 0):
 garbage-first heap   total reserved 2097152K, committed 94208K, used 33977K [0x0000000080000000, 0x0000000100000000)
  region size 1024K, 7 young (7168K), 4 survivors (4096K)
 Metaspace       used 35209K, committed 36288K, reserved 1114112K
  class space    used 5110K, committed 5632K, reserved 1048576K
}
Event: 7.055 GC heap after
{Heap after GC invocations=9 (full 0):
 garbage-first heap   total reserved 2097152K, committed 94208K, used 34644K [0x0000000080000000, 0x0000000100000000)
  region size 1024K, 2 young (2048K), 2 survivors (2048K)
 Metaspace       used 35209K, committed 36288K, reserved 1114112K
  class space    used 5110K, committed 5632K, reserved 1048576K
}
Event: 7.445 GC heap before
{Heap before GC invocations=10 (full 0):
 garbage-first heap   total reserved 2097152K, committed 94208K, used 70484K [0x0000000080000000, 0x0000000100000000)
  region size 1024K, 32 young (32768K), 2 survivors (2048K)
 Metaspace       used 36860K, committed 38080K, reserved 1114112K
  class space    used 5260K, committed 5824K, reserved 1048576K
}
Event: 7.447 GC heap after
{Heap after GC invocations=11 (full 0):
 garbage-first heap   total reserved 2097152K, committed 94208K, used 35924K [0x0000000080000000, 0x0000000100000000)
  region size 1024K, 3 young (3072K), 3 survivors (3072K)
 Metaspace       used 36860K, committed 38080K, reserved 1114112K
  class space    used 5260K, committed 5824K, reserved 1048576K
}
Event: 8.160 GC heap before
{Heap before GC invocations=11 (full 0):
 garbage-first heap   total reserved 2097152K, committed 94208K, used 69716K [0x0000000080000000, 0x0000000100000000)
  region size 1024K, 35 young (35840K), 3 survivors (3072K)
 Metaspace       used 40378K, committed 41600K, reserved 1114112K
  class space    used 5662K, committed 6208K, reserved 1048576K
}
Event: 8.164 GC heap after
{Heap after GC invocations=12 (full 0):
 garbage-first heap   total reserved 2097152K, committed 94208K, used 38669K [0x0000000080000000, 0x0000000100000000)
  region size 1024K, 5 young (5120K), 5 survivors (5120K)
 Metaspace       used 40378K, committed 41600K, reserved 1114112K
  class space    used 5662K, committed 6208K, reserved 1048576K
}
Event: 8.610 GC heap before
{Heap before GC invocations=12 (full 0):
 garbage-first heap   total reserved 2097152K, committed 94208K, used 72461K [0x0000000080000000, 0x0000000100000000)
  region size 1024K, 38 young (38912K), 5 survivors (5120K)
 Metaspace       used 42039K, committed 43392K, reserved 1114112K
  class space    used 5939K, committed 6592K, reserved 1048576K
}
Event: 8.614 GC heap after
{Heap after GC invocations=13 (full 0):
 garbage-first heap   total reserved 2097152K, committed 94208K, used 41264K [0x0000000080000000, 0x0000000100000000)
  region size 1024K, 3 young (3072K), 3 survivors (3072K)
 Metaspace       used 42039K, committed 43392K, reserved 1114112K
  class space    used 5939K, committed 6592K, reserved 1048576K
}
Event: 9.263 GC heap before
{Heap before GC invocations=13 (full 0):
 garbage-first heap   total reserved 2097152K, committed 94208K, used 75056K [0x0000000080000000, 0x0000000100000000)
  region size 1024K, 36 young (36864K), 3 survivors (3072K)
 Metaspace       used 45825K, committed 47488K, reserved 1114112K
  class space    used 6605K, committed 7360K, reserved 1048576K
}
Event: 9.266 GC heap after
{Heap after GC invocations=14 (full 0):
 garbage-first heap   total reserved 2097152K, committed 94208K, used 42551K [0x0000000080000000, 0x0000000100000000)
  region size 1024K, 4 young (4096K), 4 survivors (4096K)
 Metaspace       used 45825K, committed 47488K, reserved 1114112K
  class space    used 6605K, committed 7360K, reserved 1048576K
}
Event: 9.938 GC heap before
{Heap before GC invocations=14 (full 0):
 garbage-first heap   total reserved 2097152K, committed 94208K, used 78391K [0x0000000080000000, 0x0000000100000000)
  region size 1024K, 39 young (39936K), 4 survivors (4096K)
 Metaspace       used 50387K, committed 52096K, reserved 1114112K
  class space    used 7270K, committed 8064K, reserved 1048576K
}
Event: 9.942 GC heap after
{Heap after GC invocations=15 (full 0):
 garbage-first heap   total reserved 2097152K, committed 94208K, used 44054K [0x0000000080000000, 0x0000000100000000)
  region size 1024K, 4 young (4096K), 4 survivors (4096K)
 Metaspace       used 50387K, committed 52096K, reserved 1114112K
  class space    used 7270K, committed 8064K, reserved 1048576K
}
Event: 10.792 GC heap before
{Heap before GC invocations=15 (full 0):
 garbage-first heap   total reserved 2097152K, committed 94208K, used 79894K [0x0000000080000000, 0x0000000100000000)
  region size 1024K, 39 young (39936K), 4 survivors (4096K)
 Metaspace       used 54427K, committed 56256K, reserved 1114112K
  class space    used 7917K, committed 8768K, reserved 1048576K
}
Event: 10.796 GC heap after
{Heap after GC invocations=16 (full 0):
 garbage-first heap   total reserved 2097152K, committed 94208K, used 47383K [0x0000000080000000, 0x0000000100000000)
  region size 1024K, 5 young (5120K), 5 survivors (5120K)
 Metaspace       used 54427K, committed 56256K, reserved 1114112K
  class space    used 7917K, committed 8768K, reserved 1048576K
}
Event: 11.563 GC heap before
{Heap before GC invocations=16 (full 0):
 garbage-first heap   total reserved 2097152K, committed 94208K, used 81175K [0x0000000080000000, 0x0000000100000000)
  region size 1024K, 38 young (38912K), 5 survivors (5120K)
 Metaspace       used 57142K, committed 59008K, reserved 1114112K
  class space    used 8351K, committed 9216K, reserved 1048576K
}
Event: 11.568 GC heap after
{Heap after GC invocations=17 (full 0):
 garbage-first heap   total reserved 2097152K, committed 94208K, used 50063K [0x0000000080000000, 0x0000000100000000)
  region size 1024K, 3 young (3072K), 3 survivors (3072K)
 Metaspace       used 57142K, committed 59008K, reserved 1114112K
  class space    used 8351K, committed 9216K, reserved 1048576K
}
Event: 13.552 GC heap before
{Heap before GC invocations=18 (full 0):
 garbage-first heap   total reserved 2097152K, committed 94208K, used 81807K [0x0000000080000000, 0x0000000100000000)
  region size 1024K, 35 young (35840K), 3 survivors (3072K)
 Metaspace       used 59128K, committed 60992K, reserved 1114112K
  class space    used 8597K, committed 9472K, reserved 1048576K
}
Event: 13.557 GC heap after
{Heap after GC invocations=19 (full 0):
 garbage-first heap   total reserved 2097152K, committed 94208K, used 54779K [0x0000000080000000, 0x0000000100000000)
  region size 1024K, 5 young (5120K), 5 survivors (5120K)
 Metaspace       used 59128K, committed 60992K, reserved 1114112K
  class space    used 8597K, committed 9472K, reserved 1048576K
}
Event: 14.781 GC heap before
{Heap before GC invocations=19 (full 0):
 garbage-first heap   total reserved 2097152K, committed 94208K, used 81403K [0x0000000080000000, 0x0000000100000000)
  region size 1024K, 32 young (32768K), 5 survivors (5120K)
 Metaspace       used 59435K, committed 61376K, reserved 1114112K
  class space    used 8628K, committed 9536K, reserved 1048576K
}

Dll operation events (15 events):
Event: 0.019 Loaded shared library C:\Program Files\Java\jdk-23\bin\java.dll
Event: 0.065 Loaded shared library C:\Program Files\Java\jdk-23\bin\jsvml.dll
Event: 0.140 Loaded shared library C:\Program Files\Java\jdk-23\bin\zip.dll
Event: 0.146 Loaded shared library C:\Program Files\Java\jdk-23\bin\instrument.dll
Event: 0.153 Loaded shared library C:\Program Files\Java\jdk-23\bin\net.dll
Event: 0.157 Loaded shared library C:\Program Files\Java\jdk-23\bin\nio.dll
Event: 0.162 Loaded shared library C:\Program Files\Java\jdk-23\bin\zip.dll
Event: 0.510 Loaded shared library C:\Program Files\Java\jdk-23\bin\jimage.dll
Event: 0.675 Loaded shared library C:\Program Files\Java\jdk-23\bin\verify.dll
Event: 0.842 Loaded shared library C:\Users\Haqii\.gradle\native\1def1411415f61bf3af743bc5b6707747c0891f09f0c88961ee8f79bc544acac\windows-amd64\native-platform.dll
Event: 0.857 Loaded shared library C:\Users\Haqii\.gradle\native\0.2.7\x86_64-windows-gnu\gradle-fileevents.dll
Event: 2.246 Loaded shared library C:\Program Files\Java\jdk-23\bin\management.dll
Event: 2.253 Loaded shared library C:\Program Files\Java\jdk-23\bin\management_ext.dll
Event: 2.449 Loaded shared library C:\Program Files\Java\jdk-23\bin\extnet.dll
Event: 2.813 Loaded shared library C:\Program Files\Java\jdk-23\bin\sunmscapi.dll

Deoptimization events (20 events):
Event: 13.530 Thread 0x00000268c78039f0 DEOPT PACKING pc=0x00000268ea218108 sp=0x000000f1bd3f2ba0
Event: 13.530 Thread 0x00000268c78039f0 DEOPT UNPACKING pc=0x00000268e9864402 sp=0x000000f1bd3f2b40 mode 2
Event: 13.537 Thread 0x00000268c7802cd0 DEOPT PACKING pc=0x00000268e2b56936 sp=0x000000f1bd8fdd40
Event: 13.537 Thread 0x00000268c7802cd0 DEOPT UNPACKING pc=0x00000268e9864b22 sp=0x000000f1bd8fd2b0 mode 0
Event: 13.538 Thread 0x00000268c78039f0 Uncommon trap: trap_request=0xffffff45 fr.pc=0x00000268ea1c6fbc relative=0x000000000000077c
Event: 13.538 Thread 0x00000268c78039f0 Uncommon trap: reason=unstable_if action=reinterpret pc=0x00000268ea1c6fbc method=org.gradle.internal.snapshot.VfsRelativePath.isPrefix(Ljava/lang/String;ILjava/lang/String;ILorg/gradle/internal/snapshot/CaseSensitivity;)Z @ 101 c2
Event: 13.538 Thread 0x00000268c78039f0 DEOPT PACKING pc=0x00000268ea1c6fbc sp=0x000000f1bd3f3840
Event: 13.538 Thread 0x00000268c78039f0 DEOPT UNPACKING pc=0x00000268e9864402 sp=0x000000f1bd3f37c8 mode 2
Event: 13.561 Thread 0x00000268c7802cd0 DEOPT PACKING pc=0x00000268e2b56936 sp=0x000000f1bd8fdd30
Event: 13.561 Thread 0x00000268c7802cd0 DEOPT UNPACKING pc=0x00000268e9864b22 sp=0x000000f1bd8fd2a0 mode 0
Event: 13.570 Thread 0x00000268c1566080 Uncommon trap: trap_request=0xffffffde fr.pc=0x00000268ea0837d4 relative=0x00000000000079b4
Event: 13.570 Thread 0x00000268c1566080 Uncommon trap: reason=class_check action=maybe_recompile pc=0x00000268ea0837d4 method=jdk.internal.util.ReferencedKeyMap.existingKey(Ljdk/internal/util/ReferencedKeyMap;Ljava/lang/Object;)Ljava/lang/Object; @ 13 c2
Event: 13.570 Thread 0x00000268c1566080 DEOPT PACKING pc=0x00000268ea0837d4 sp=0x000000f1c04fd550
Event: 13.570 Thread 0x00000268c1566080 DEOPT UNPACKING pc=0x00000268e9864402 sp=0x000000f1c04fd420 mode 2
Event: 13.575 Thread 0x00000268c7802cd0 DEOPT PACKING pc=0x00000268e24ded37 sp=0x000000f1bd8fe280
Event: 13.575 Thread 0x00000268c7802cd0 DEOPT UNPACKING pc=0x00000268e9864b22 sp=0x000000f1bd8fd708 mode 0
Event: 13.575 Thread 0x00000268caca37a0 DEOPT PACKING pc=0x00000268e2ad7805 sp=0x000000f1c0cfcb10
Event: 13.575 Thread 0x00000268caca37a0 DEOPT UNPACKING pc=0x00000268e9864b22 sp=0x000000f1c0cfc090 mode 0
Event: 13.578 Thread 0x00000268c7802cd0 DEOPT PACKING pc=0x00000268e2b56936 sp=0x000000f1bd8fdd30
Event: 13.578 Thread 0x00000268c7802cd0 DEOPT UNPACKING pc=0x00000268e9864b22 sp=0x000000f1bd8fd2a0 mode 0

Classes loaded (20 events):
Event: 11.128 Loading class java/io/FileBeanInfo
Event: 11.128 Loading class java/io/FileBeanInfo done
Event: 11.128 Loading class java/io/FileCustomizer
Event: 11.128 Loading class java/io/FileCustomizer done
Event: 11.129 Loading class java/io/FileCustomizer
Event: 11.129 Loading class java/io/FileCustomizer done
Event: 11.522 Loading class sun/reflect/ReflectionFactory
Event: 11.522 Loading class sun/reflect/ReflectionFactory done
Event: 11.522 Loading class sun/reflect/ReflectionFactory$1
Event: 11.523 Loading class sun/reflect/ReflectionFactory$1 done
Event: 12.744 Loading class java/util/concurrent/LinkedBlockingDeque$Itr
Event: 12.745 Loading class java/util/concurrent/LinkedBlockingDeque$AbstractItr
Event: 12.745 Loading class java/util/concurrent/LinkedBlockingDeque$AbstractItr done
Event: 12.745 Loading class java/util/concurrent/LinkedBlockingDeque$Itr done
Event: 12.809 Loading class java/util/Collections$ReverseComparator
Event: 12.810 Loading class java/util/Collections$ReverseComparator done
Event: 12.810 Loading class java/util/Collections$ReverseComparator2
Event: 12.810 Loading class java/util/Collections$ReverseComparator2 done
Event: 13.256 Loading class java/util/LinkedList$LLSpliterator
Event: 13.257 Loading class java/util/LinkedList$LLSpliterator done

Classes unloaded (0 events):
No events

Classes redefined (0 events):
No events

Internal exceptions (20 events):
Event: 11.121 Thread 0x00000268c78039f0 Exception <a 'java/lang/ClassNotFoundException'{0x0000000084ada310}: java/lang/StringBeanInfo> (0x0000000084ada310) 
thrown [s\open\src\hotspot\share\classfile\systemDictionary.cpp, line 313]
Event: 11.121 Thread 0x00000268c78039f0 Exception <a 'java/lang/ClassNotFoundException'{0x0000000084ae49f8}: java/lang/StringCustomizer> (0x0000000084ae49f8) 
thrown [s\open\src\hotspot\share\classfile\systemDictionary.cpp, line 313]
Event: 11.124 Thread 0x00000268c78039f0 Implicit null exception at 0x00000268ea196697 to 0x00000268ea197654
Event: 11.125 Thread 0x00000268c78039f0 Implicit null exception at 0x00000268ea1a169d to 0x00000268ea1a1768
Event: 11.125 Thread 0x00000268c78039f0 Implicit null exception at 0x00000268ea19fa8d to 0x00000268ea1a05e0
Event: 11.128 Thread 0x00000268c78039f0 Exception <a 'java/lang/ClassNotFoundException'{0x000000008493f700}: java/io/FileBeanInfo> (0x000000008493f700) 
thrown [s\open\src\hotspot\share\classfile\systemDictionary.cpp, line 313]
Event: 11.129 Thread 0x00000268c78039f0 Exception <a 'java/lang/ClassNotFoundException'{0x0000000084949d10}: java/io/FileCustomizer> (0x0000000084949d10) 
thrown [s\open\src\hotspot\share\classfile\systemDictionary.cpp, line 313]
Event: 11.160 Thread 0x00000268c7804710 Exception <a 'java/lang/NoSuchMethodError'{0x00000000848955c0}: static Lorg/gradle/internal/build/event/types/DefaultProjectConfigurationDescriptor;.<clinit>()V> (0x00000000848955c0) 
thrown [s\open\src\hotspot\share\prims\jni.cpp, line 1111]
Event: 11.505 Thread 0x00000268c78039f0 Exception <a 'java/lang/NoSuchMethodError'{0x0000000083d5f8d0}: static Lorg/gradle/api/internal/catalog/DefaultVersionCatalog;.<clinit>()V> (0x0000000083d5f8d0) 
thrown [s\open\src\hotspot\share\prims\jni.cpp, line 1111]
Event: 11.508 Thread 0x00000268c78039f0 Exception <a 'java/lang/NoSuchMethodError'{0x0000000083d90d00}: static [Ljava/lang/Object;.<clinit>()V> (0x0000000083d90d00) 
thrown [s\open\src\hotspot\share\prims\jni.cpp, line 1111]
Event: 11.509 Thread 0x00000268c78039f0 Exception <a 'java/lang/NoSuchMethodError'{0x0000000083db3c80}: static Lorg/gradle/api/internal/catalog/DependencyModel;.<clinit>()V> (0x0000000083db3c80) 
thrown [s\open\src\hotspot\share\prims\jni.cpp, line 1111]
Event: 11.509 Thread 0x00000268c78039f0 Exception <a 'java/lang/NoSuchMethodError'{0x0000000083db7960}: static Lorg/gradle/api/internal/catalog/AbstractContextAwareModel;.<clinit>()V> (0x0000000083db7960) 
thrown [s\open\src\hotspot\share\prims\jni.cpp, line 1111]
Event: 11.510 Thread 0x00000268c78039f0 Exception <a 'java/lang/NoSuchMethodError'{0x0000000083dcd568}: static Lorg/gradle/api/internal/artifacts/dependencies/AbstractVersionConstraint;.<clinit>()V> (0x0000000083dcd568) 
thrown [s\open\src\hotspot\share\prims\jni.cpp, line 1111]
Event: 11.512 Thread 0x00000268c78039f0 Exception <a 'java/lang/NoSuchMethodError'{0x0000000083c15658}: static Lorg/gradle/api/internal/catalog/PluginModel;.<clinit>()V> (0x0000000083c15658) 
thrown [s\open\src\hotspot\share\prims\jni.cpp, line 1111]
Event: 11.513 Thread 0x00000268c78039f0 Exception <a 'java/lang/NoSuchMethodError'{0x0000000083c29c10}: static Lorg/gradle/api/internal/catalog/VersionModel;.<clinit>()V> (0x0000000083c29c10) 
thrown [s\open\src\hotspot\share\prims\jni.cpp, line 1111]
Event: 11.647 Thread 0x00000268c78039f0 Exception <a 'java/lang/NoSuchMethodError'{0x000000008d273888}: 'int java.lang.invoke.DirectMethodHandle$Holder.invokeSpecialIFC(java.lang.Object, java.lang.Object, java.lang.Object)'> (0x000000008d273888) 
thrown [s\open\src\hotspot\share\interpreter\linkResolver.cpp, line 796]
Event: 11.746 Thread 0x00000268c78039f0 Exception <a 'java/lang/NoSuchMethodError'{0x0000000085520f00}: 'void java.lang.invoke.DirectMethodHandle$Holder.invokeStatic(java.lang.Object, java.lang.Object, java.lang.Object, int, java.lang.Object)'> (0x0000000085520f00) 
thrown [s\open\src\hotspot\share\interpreter\linkResolver.cpp, line 796]
Event: 13.258 Thread 0x00000268c78039f0 Exception <a 'java/lang/IncompatibleClassChangeError'{0x00000000848f0030}: Found class java.lang.Object, but interface was expected> (0x00000000848f0030) 
thrown [s\open\src\hotspot\share\interpreter\linkResolver.cpp, line 863]
Event: 13.472 Thread 0x00000268c78039f0 Exception <a 'java/lang/NoSuchMethodError'{0x0000000083f86978}: 'java.lang.Object java.lang.invoke.DirectMethodHandle$Holder.newInvokeSpecial(java.lang.Object, java.lang.Object, java.lang.Object, java.lang.Object, int, java.lang.Object)'> (0x0000000083f86978) 
thrown [s\open\src\hotspot\share\interpreter\linkResolver.cpp, line 796]
Event: 13.472 Thread 0x00000268c78039f0 Exception <a 'java/lang/NoSuchMethodError'{0x0000000083f8f218}: 'java.lang.Object java.lang.invoke.Invokers$Holder.linkToTargetMethod(java.lang.Object, java.lang.Object, java.lang.Object, int, java.lang.Object, java.lang.Object)'> (0x0000000083f8f218) 
thrown [s\open\src\hotspot\share\interpreter\linkResolver.cpp, line 796]

VM Operations (20 events):
Event: 10.544 Executing VM operation: HandshakeAllThreads (Deoptimize) done
Event: 10.649 Executing VM operation: HandshakeAllThreads (Deoptimize)
Event: 10.649 Executing VM operation: HandshakeAllThreads (Deoptimize) done
Event: 10.792 Executing VM operation: G1CollectForAllocation (G1 Evacuation Pause)
Event: 10.796 Executing VM operation: G1CollectForAllocation (G1 Evacuation Pause) done
Event: 11.525 Executing VM operation: HandshakeAllThreads (Deoptimize)
Event: 11.525 Executing VM operation: HandshakeAllThreads (Deoptimize) done
Event: 11.563 Executing VM operation: G1CollectForAllocation (G1 Evacuation Pause)
Event: 11.568 Executing VM operation: G1CollectForAllocation (G1 Evacuation Pause) done
Event: 11.601 Executing VM operation: G1PauseRemark
Event: 11.605 Executing VM operation: G1PauseRemark done
Event: 11.616 Executing VM operation: G1PauseCleanup
Event: 11.616 Executing VM operation: G1PauseCleanup done
Event: 12.804 Executing VM operation: HandshakeAllThreads (Deoptimize)
Event: 12.805 Executing VM operation: HandshakeAllThreads (Deoptimize) done
Event: 13.009 Executing VM operation: HandshakeAllThreads (Deoptimize)
Event: 13.009 Executing VM operation: HandshakeAllThreads (Deoptimize) done
Event: 13.552 Executing VM operation: G1CollectForAllocation (G1 Evacuation Pause)
Event: 13.557 Executing VM operation: G1CollectForAllocation (G1 Evacuation Pause) done
Event: 14.781 Executing VM operation: G1CollectForAllocation (G1 Evacuation Pause)

Memory protections (0 events):
No events

Nmethod flushes (20 events):
Event: 11.604 Thread 0x00000268f76043b0 flushing  nmethod 0x00000268ea0dcc88
Event: 11.604 Thread 0x00000268f76043b0 flushing  nmethod 0x00000268e23cf108
Event: 11.604 Thread 0x00000268f76043b0 flushing  nmethod 0x00000268e243a608
Event: 11.604 Thread 0x00000268f76043b0 flushing  nmethod 0x00000268e243c508
Event: 11.604 Thread 0x00000268f76043b0 flushing  nmethod 0x00000268e243cc08
Event: 11.604 Thread 0x00000268f76043b0 flushing  nmethod 0x00000268e24a1308
Event: 11.604 Thread 0x00000268f76043b0 flushing  nmethod 0x00000268e24a2188
Event: 11.604 Thread 0x00000268f76043b0 flushing  nmethod 0x00000268e24a3588
Event: 11.604 Thread 0x00000268f76043b0 flushing  nmethod 0x00000268e24f1d88
Event: 11.604 Thread 0x00000268f76043b0 flushing  nmethod 0x00000268e24f2588
Event: 11.604 Thread 0x00000268f76043b0 flushing  nmethod 0x00000268e24f2b88
Event: 11.604 Thread 0x00000268f76043b0 flushing  nmethod 0x00000268e24f3388
Event: 11.604 Thread 0x00000268f76043b0 flushing  nmethod 0x00000268e254f088
Event: 11.604 Thread 0x00000268f76043b0 flushing  nmethod 0x00000268e2677b08
Event: 11.604 Thread 0x00000268f76043b0 flushing  nmethod 0x00000268e2678108
Event: 11.604 Thread 0x00000268f76043b0 flushing  nmethod 0x00000268e2678a88
Event: 11.604 Thread 0x00000268f76043b0 flushing  nmethod 0x00000268e26ec888
Event: 11.604 Thread 0x00000268f76043b0 flushing  nmethod 0x00000268e2892288
Event: 11.604 Thread 0x00000268f76043b0 flushing  nmethod 0x00000268e2937708
Event: 11.604 Thread 0x00000268f76043b0 flushing  nmethod 0x00000268e293a108

Events (20 events):
Event: 13.306 Thread 0x00000268c78039f0 Thread added: 0x00000268c1564640
Event: 13.306 Thread 0x00000268c78039f0 Thread added: 0x00000268c1563290
Event: 13.306 Thread 0x00000268c78039f0 Thread added: 0x00000268c1563920
Event: 13.344 Thread 0x00000268c6596230 Thread added: 0x00000268c9ec8fd0
Event: 13.528 Thread 0x00000268c78039f0 Thread added: 0x00000268c15659f0
Event: 13.530 Thread 0x00000268c78039f0 Thread added: 0x00000268c1566da0
Event: 13.534 Thread 0x00000268c78039f0 Thread added: 0x00000268c1566080
Event: 13.538 Thread 0x00000268c78039f0 Thread added: 0x00000268c1566710
Event: 13.541 Thread 0x00000268c78039f0 Thread added: 0x00000268c1564cd0
Event: 13.545 Thread 0x00000268c78039f0 Thread added: 0x00000268c1565360
Event: 13.557 Thread 0x00000268c78039f0 Thread added: 0x00000268c1563fb0
Event: 13.561 Thread 0x00000268c78039f0 Thread added: 0x00000268caca6590
Event: 13.564 Thread 0x00000268c78039f0 Thread added: 0x00000268caca6c20
Event: 13.569 Thread 0x00000268c78039f0 Thread added: 0x00000268caca5f00
Event: 13.574 Thread 0x00000268c78039f0 Thread added: 0x00000268caca37a0
Event: 13.578 Thread 0x00000268c78039f0 Thread added: 0x00000268caca3e30
Event: 13.581 Thread 0x00000268c78039f0 Thread added: 0x00000268caca72b0
Event: 13.587 Thread 0x00000268c78039f0 Thread added: 0x00000268caca4b50
Event: 13.589 Thread 0x00000268c78039f0 Thread added: 0x00000268caca7940
Event: 14.758 Thread 0x00000268c109e2d0 Thread added: 0x00000268c90d33c0


Dynamic libraries:
0x00007ff7591b0000 - 0x00007ff7591c0000 	C:\Program Files\Java\jdk-23\bin\java.exe
0x00007ffdc5fc0000 - 0x00007ffdc6228000 	C:\WINDOWS\SYSTEM32\ntdll.dll
0x00007ffdc44e0000 - 0x00007ffdc45a9000 	C:\WINDOWS\System32\KERNEL32.DLL
0x00007ffdc32d0000 - 0x00007ffdc36c2000 	C:\WINDOWS\System32\KERNELBASE.dll
0x00007ffdc3780000 - 0x00007ffdc38cb000 	C:\WINDOWS\System32\ucrtbase.dll
0x00007ffd9bbc0000 - 0x00007ffd9bbd7000 	C:\Program Files\Java\jdk-23\bin\jli.dll
0x00007ffdbc980000 - 0x00007ffdbc99b000 	C:\Program Files\Java\jdk-23\bin\VCRUNTIME140.dll
0x00007ffdc5db0000 - 0x00007ffdc5f75000 	C:\WINDOWS\System32\USER32.dll
0x00007ffdc32a0000 - 0x00007ffdc32c7000 	C:\WINDOWS\System32\win32u.dll
0x00007ffdb2c60000 - 0x00007ffdb2ef3000 	C:\WINDOWS\WinSxS\amd64_microsoft.windows.common-controls_6595b64144ccf1df_6.0.26100.6899_none_3e0efeeae32e88c1\COMCTL32.dll
0x00007ffdc5a40000 - 0x00007ffdc5a6b000 	C:\WINDOWS\System32\GDI32.dll
0x00007ffdc4b10000 - 0x00007ffdc4bb9000 	C:\WINDOWS\System32\msvcrt.dll
0x00007ffdc3c60000 - 0x00007ffdc3d8d000 	C:\WINDOWS\System32\gdi32full.dll
0x00007ffdc36d0000 - 0x00007ffdc3773000 	C:\WINDOWS\System32\msvcp_win.dll
0x00007ffdc4340000 - 0x00007ffdc436f000 	C:\WINDOWS\System32\IMM32.DLL
0x00007ffdbc9b0000 - 0x00007ffdbc9bc000 	C:\Program Files\Java\jdk-23\bin\vcruntime140_1.dll
0x00007ffd40260000 - 0x00007ffd402ee000 	C:\Program Files\Java\jdk-23\bin\msvcp140.dll
0x00007ffcec860000 - 0x00007ffced5af000 	C:\Program Files\Java\jdk-23\bin\server\jvm.dll
0x00007ffdc48b0000 - 0x00007ffdc4964000 	C:\WINDOWS\System32\ADVAPI32.dll
0x00007ffdc5c60000 - 0x00007ffdc5d06000 	C:\WINDOWS\System32\sechost.dll
0x00007ffdc5a80000 - 0x00007ffdc5b98000 	C:\WINDOWS\System32\RPCRT4.dll
0x00007ffdc5d30000 - 0x00007ffdc5da4000 	C:\WINDOWS\System32\WS2_32.dll
0x00007ffdc2fd0000 - 0x00007ffdc302e000 	C:\WINDOWS\SYSTEM32\POWRPROF.dll
0x00007ffdb8d80000 - 0x00007ffdb8db5000 	C:\WINDOWS\SYSTEM32\WINMM.dll
0x00007ffdb72b0000 - 0x00007ffdb72bb000 	C:\WINDOWS\SYSTEM32\VERSION.dll
0x00007ffdc2fb0000 - 0x00007ffdc2fc4000 	C:\WINDOWS\SYSTEM32\UMPDC.dll
0x00007ffdc1f20000 - 0x00007ffdc1f3b000 	C:\WINDOWS\SYSTEM32\kernel.appcore.dll
0x00007ffdabd50000 - 0x00007ffdabd5a000 	C:\Program Files\Java\jdk-23\bin\jimage.dll
0x00007ffdc03e0000 - 0x00007ffdc0622000 	C:\WINDOWS\SYSTEM32\DBGHELP.DLL
0x00007ffdc3fc0000 - 0x00007ffdc433b000 	C:\WINDOWS\System32\combase.dll
0x00007ffdc47d0000 - 0x00007ffdc48a7000 	C:\WINDOWS\System32\OLEAUT32.dll
0x00007ffdab9c0000 - 0x00007ffdab9fc000 	C:\WINDOWS\SYSTEM32\dbgcore.DLL
0x00007ffdc38d0000 - 0x00007ffdc3968000 	C:\WINDOWS\System32\bcryptPrimitives.dll
0x00007ffdbc970000 - 0x00007ffdbc97f000 	C:\Program Files\Java\jdk-23\bin\instrument.dll
0x00007ffd90490000 - 0x00007ffd904ae000 	C:\Program Files\Java\jdk-23\bin\java.dll
0x00007ffdc4970000 - 0x00007ffdc4b08000 	C:\WINDOWS\System32\ole32.dll
0x00007ffdc5090000 - 0x00007ffdc57dd000 	C:\WINDOWS\System32\SHELL32.dll
0x00007ffdc3970000 - 0x00007ffdc3adb000 	C:\WINDOWS\System32\wintypes.dll
0x00007ffdc0de0000 - 0x00007ffdc163d000 	C:\WINDOWS\SYSTEM32\windows.storage.dll
0x00007ffdc43e0000 - 0x00007ffdc44d2000 	C:\WINDOWS\System32\SHCORE.dll
0x00007ffdc5950000 - 0x00007ffdc59b2000 	C:\WINDOWS\System32\shlwapi.dll
0x00007ffdc3070000 - 0x00007ffdc3099000 	C:\WINDOWS\SYSTEM32\profapi.dll
0x00007ffd38e70000 - 0x00007ffd38f47000 	C:\Program Files\Java\jdk-23\bin\jsvml.dll
0x00007ffd40190000 - 0x00007ffd401a7000 	C:\Program Files\Java\jdk-23\bin\zip.dll
0x00007ffdabd00000 - 0x00007ffdabd10000 	C:\Program Files\Java\jdk-23\bin\net.dll
0x00007ffdc2490000 - 0x00007ffdc24fb000 	C:\WINDOWS\system32\mswsock.dll
0x00007ffd8dea0000 - 0x00007ffd8deb6000 	C:\Program Files\Java\jdk-23\bin\nio.dll
0x00007ffd9e000000 - 0x00007ffd9e010000 	C:\Program Files\Java\jdk-23\bin\verify.dll
0x00007ffd92c70000 - 0x00007ffd92c97000 	C:\Users\Haqii\.gradle\native\1def1411415f61bf3af743bc5b6707747c0891f09f0c88961ee8f79bc544acac\windows-amd64\native-platform.dll
0x00007ffd2ca50000 - 0x00007ffd2cac8000 	C:\Users\Haqii\.gradle\native\0.2.7\x86_64-windows-gnu\gradle-fileevents.dll
0x00007ffd9b810000 - 0x00007ffd9b81a000 	C:\Program Files\Java\jdk-23\bin\management.dll
0x00007ffd9b800000 - 0x00007ffd9b80b000 	C:\Program Files\Java\jdk-23\bin\management_ext.dll
0x00007ffdc45b0000 - 0x00007ffdc45b8000 	C:\WINDOWS\System32\PSAPI.DLL
0x00007ffdc1940000 - 0x00007ffdc1974000 	C:\WINDOWS\SYSTEM32\IPHLPAPI.DLL
0x00007ffdc57e0000 - 0x00007ffdc57ea000 	C:\WINDOWS\System32\NSI.dll
0x00007ffd92ca0000 - 0x00007ffd92ca9000 	C:\Program Files\Java\jdk-23\bin\extnet.dll
0x00007ffdc2740000 - 0x00007ffdc275b000 	C:\WINDOWS\SYSTEM32\CRYPTSP.dll
0x00007ffdc1e80000 - 0x00007ffdc1ebb000 	C:\WINDOWS\system32\rsaenh.dll
0x00007ffdc2530000 - 0x00007ffdc255b000 	C:\WINDOWS\SYSTEM32\USERENV.dll
0x00007ffdc3040000 - 0x00007ffdc3066000 	C:\WINDOWS\SYSTEM32\bcrypt.dll
0x00007ffdc2760000 - 0x00007ffdc276c000 	C:\WINDOWS\SYSTEM32\CRYPTBASE.dll
0x00007ffd90720000 - 0x00007ffd9072e000 	C:\Program Files\Java\jdk-23\bin\sunmscapi.dll
0x00007ffdc3ae0000 - 0x00007ffdc3c57000 	C:\WINDOWS\System32\CRYPT32.dll
0x00007ffdc2960000 - 0x00007ffdc2990000 	C:\WINDOWS\SYSTEM32\ncrypt.dll
0x00007ffdc2910000 - 0x00007ffdc294f000 	C:\WINDOWS\SYSTEM32\NTASN1.dll
0x00007ffd54400000 - 0x00007ffd54408000 	C:\WINDOWS\system32\wshunix.dll

dbghelp: loaded successfully - version: 4.0.5 - missing functions: none
symbol engine: initialized successfully - sym options: 0x614 - pdb path: .;C:\Program Files\Java\jdk-23\bin;C:\WINDOWS\SYSTEM32;C:\WINDOWS\WinSxS\amd64_microsoft.windows.common-controls_6595b64144ccf1df_6.0.26100.6899_none_3e0efeeae32e88c1;C:\Program Files\Java\jdk-23\bin\server;C:\Users\Haqii\.gradle\native\1def1411415f61bf3af743bc5b6707747c0891f09f0c88961ee8f79bc544acac\windows-amd64;C:\Users\Haqii\.gradle\native\0.2.7\x86_64-windows-gnu

VM Arguments:
jvm_args: --add-opens=java.base/java.lang=ALL-UNNAMED --add-opens=java.base/java.lang.invoke=ALL-UNNAMED --add-opens=java.base/java.util=ALL-UNNAMED --add-opens=java.prefs/java.util.prefs=ALL-UNNAMED --add-exports=jdk.compiler/com.sun.tools.javac.api=ALL-UNNAMED --add-exports=jdk.compiler/com.sun.tools.javac.util=ALL-UNNAMED --add-opens=java.base/java.util=ALL-UNNAMED --add-opens=java.prefs/java.util.prefs=ALL-UNNAMED --add-opens=java.base/java.nio.charset=ALL-UNNAMED --add-opens=java.base/java.net=ALL-UNNAMED --add-opens=java.base/java.util.concurrent.atomic=ALL-UNNAMED --add-opens=java.xml/javax.xml.namespace=ALL-UNNAMED -Xmx2048m -Dfile.encoding=UTF-8 -Duser.country=ID -Duser.language=en -Duser.variant -javaagent:C:\Users\Haqii\.gradle\wrapper\dists\gradle-8.13-bin\5xuhj0ry160q40clulazy9h7d\gradle-8.13\lib\agents\gradle-instrumentation-agent-8.13.jar 
java_command: org.gradle.launcher.daemon.bootstrap.GradleDaemon 8.13
java_class_path (initial): C:\Users\Haqii\.gradle\wrapper\dists\gradle-8.13-bin\5xuhj0ry160q40clulazy9h7d\gradle-8.13\lib\gradle-daemon-main-8.13.jar
Launcher Type: SUN_STANDARD

[Global flags]
     intx CICompilerCount                          = 12                                        {product} {ergonomic}
     uint ConcGCThreads                            = 3                                         {product} {ergonomic}
     uint G1ConcRefinementThreads                  = 13                                        {product} {ergonomic}
   size_t G1HeapRegionSize                         = 1048576                                   {product} {ergonomic}
   size_t InitialHeapSize                          = 255852544                                 {product} {ergonomic}
   size_t MarkStackSize                            = 4194304                                   {product} {ergonomic}
   size_t MarkStackSizeMax                         = 536870912                                 {product} {ergonomic}
   size_t MaxHeapSize                              = 2147483648                                {product} {command line}
   size_t MaxNewSize                               = 1287651328                                {product} {ergonomic}
   size_t MinHeapDeltaBytes                        = 1048576                                   {product} {ergonomic}
   size_t MinHeapSize                              = 8388608                                   {product} {ergonomic}
    uintx NonNMethodCodeHeapSize                   = 7602176                                {pd product} {ergonomic}
    uintx NonProfiledCodeHeapSize                  = 122093568                              {pd product} {ergonomic}
    uintx ProfiledCodeHeapSize                     = 121962496                              {pd product} {ergonomic}
    uintx ReservedCodeCacheSize                    = 251658240                              {pd product} {ergonomic}
     bool SegmentedCodeCache                       = true                                      {product} {ergonomic}
   size_t SoftMaxHeapSize                          = 2147483648                             {manageable} {ergonomic}
     bool UseCompressedOops                        = true                           {product lp64_product} {ergonomic}
     bool UseG1GC                                  = true                                      {product} {ergonomic}
     bool UseLargePagesIndividualAllocation        = false                                  {pd product} {ergonomic}

Logging:
Log output configuration:
 #0: stdout all=warning uptime,level,tags foldmultilines=false
 #1: stderr all=off uptime,level,tags foldmultilines=false

Environment Variables:
PATH=C:\Program Files\Common Files\Oracle\Java\javapath;C:\Program Files (x86)\Common Files\Oracle\Java\java8path;C:\Program Files (x86)\Common Files\Oracle\Java\javapath;C:\WINDOWS\system32;C:\WINDOWS;C:\WINDOWS\System32\Wbem;C:\WINDOWS\System32\WindowsPowerShell\v1.0\;C:\WINDOWS\System32\OpenSSH\;C:\xampp\php;C:\ProgramData\ComposerSetup\bin;C:\Program Files\Git\cmd;C:\Program Files\dotnet\;C:\ProgramData\chocolatey\bin;C:\Program Files\Neovim\bin;C:\Program Files\nodejs\;C:\Program Files\Common Files\Oracle\Java\javapath;C:\Windows\system32;C:\Windows;C:\Windows\System32\Wbem;C:\Windows\System32\WindowsPowerShell\v1.0\;C:\Windows\System32\OpenSSH\;C:\xampp\php;C:\ProgramData\ComposerSetup\bin;C:\Program Files\nodejs\;C:\Program Files\Git\cmd;C:\Program Files\dotnet\;C:\ProgramData\chocolatey\bin;c:\Users\Haqii\AppData\Local\Programs\cursor\resources\app\codeBin;C:\Users\Haqii\AppData\Local\Programs\Python\Launcher\;C:\Users\Haqii\AppData\Local\Microsoft\WindowsApps;C:\Users\Haqii\AppData\Local\Programs\Microsoft VS Code\bin;C:\Users\Haqii\AppData\Roaming\Composer\vendor\bin;C:\msys64\ucrt64\bin;C:\Users\Haqii\AppData\Local\spicetify;C:\Users\Haqii\.deno\bin;C:\Android\cmdline-tools\latest\bin;C:\Android\platform-tools;C:\Android\emulator;C:\Users\Haqii\AppData\Roaming\npm;C:\Users\Haqii\AppData\Local\Microsoft\WindowsApps
USERNAME=Haqii
OS=Windows_NT
PROCESSOR_IDENTIFIER=AMD64 Family 25 Model 68 Stepping 1, AuthenticAMD
TMP=C:\Users\Haqii\AppData\Local\Temp
TEMP=C:\Users\Haqii\AppData\Local\Temp




Periodic native trim disabled

---------------  S Y S T E M  ---------------

OS:
 Windows 11 , 64 bit Build 26100 (10.0.26100.6725)
OS uptime: 0 days 0:53 hours

CPU: total 16 (initial active 16) (16 cores per cpu, 2 threads per core) family 25 model 68 stepping 1 microcode 0xa404102, cx8, cmov, fxsr, ht, mmx, 3dnowpref, sse, sse2, sse3, ssse3, sse4a, sse4.1, sse4.2, popcnt, lzcnt, tsc, tscinvbit, avx, avx2, aes, erms, clmul, bmi1, bmi2, adx, sha, fma, vzeroupper, clflush, clflushopt, rdtscp, rdpid, fsrm, f16c, pku, cet_ss
Processor Information for processor 0
  Max Mhz: 3201, Current Mhz: 2560, Mhz Limit: 3201
Processor Information for processor 1
  Max Mhz: 3201, Current Mhz: 2560, Mhz Limit: 3201
Processor Information for processor 2
  Max Mhz: 3201, Current Mhz: 2560, Mhz Limit: 3201
Processor Information for processor 3
  Max Mhz: 3201, Current Mhz: 2560, Mhz Limit: 3201
Processor Information for processor 4
  Max Mhz: 3201, Current Mhz: 2560, Mhz Limit: 3201
Processor Information for processor 5
  Max Mhz: 3201, Current Mhz: 2560, Mhz Limit: 3201
Processor Information for processor 6
  Max Mhz: 3201, Current Mhz: 2560, Mhz Limit: 3201
Processor Information for processor 7
  Max Mhz: 3201, Current Mhz: 2560, Mhz Limit: 3201
Processor Information for processor 8
  Max Mhz: 3201, Current Mhz: 2560, Mhz Limit: 3201
Processor Information for processor 9
  Max Mhz: 3201, Current Mhz: 2560, Mhz Limit: 3201
Processor Information for processor 10
  Max Mhz: 3201, Current Mhz: 3201, Mhz Limit: 3201
Processor Information for processor 11
  Max Mhz: 3201, Current Mhz: 2560, Mhz Limit: 3201
Processor Information for processor 12
  Max Mhz: 3201, Current Mhz: 2560, Mhz Limit: 3201
Processor Information for processor 13
  Max Mhz: 3201, Current Mhz: 2560, Mhz Limit: 3201
Processor Information for processor 14
  Max Mhz: 3201, Current Mhz: 2560, Mhz Limit: 3201
Processor Information for processor 15
  Max Mhz: 3201, Current Mhz: 2560, Mhz Limit: 3201

Memory: 4k page, system-wide physical 15613M (1354M free)
TotalPageFile size 28925M (AvailPageFile size 796M)
current process WorkingSet (physical memory assigned to process): 303M, peak: 305M
current process commit charge ("private bytes"): 357M, peak: 450M

vm_info: Java HotSpot(TM) 64-Bit Server VM (23.0.1+11-39) for windows-amd64 JRE (23.0.1+11-39), built on 2024-09-30T07:20:43Z with MS VC++ 17.6 (VS2022)

END.
