#
# There is insufficient memory for the Java Runtime Environment to continue.
# Native memory allocation (malloc) failed to allocate 1229024 bytes. Error detail: Chunk::new
# Possible reasons:
#   The system is out of physical RAM or swap space
#   This process is running with CompressedOops enabled, and the Java Heap may be blocking the growth of the native heap
# Possible solutions:
#   Reduce memory load on the system
#   Increase physical memory or swap space
#   Check if swap backing store is full
#   Decrease Java heap size (-Xmx/-Xms)
#   Decrease number of Java threads
#   Decrease Java thread stack sizes (-Xss)
#   Set larger code cache with -XX:ReservedCodeCacheSize=
#   JVM is running with Zero Based Compressed Oops mode in which the Java heap is
#     placed in the first 32GB address space. The Java Heap base address is the
#     maximum limit for the native heap growth. Please use -XX:HeapBaseMinAddress
#     to set the Java Heap base and to place the Java Heap above 32GB virtual address.
# This output file may be truncated or incomplete.
#
#  Out of Memory Error (arena.cpp:149), pid=20588, tid=8908
#
# JRE version: Java(TM) SE Runtime Environment (23.0.1+11) (build 23.0.1+11-39)
# Java VM: Java HotSpot(TM) 64-Bit Server VM (23.0.1+11-39, mixed mode, sharing, tiered, compressed oops, compressed class ptrs, g1 gc, windows-amd64)
# No core dump will be written. Minidumps are not enabled by default on client versions of Windows
#

---------------  S U M M A R Y ------------

Command Line: -DkotlinLanguageServer.version=1.3.13 org.javacs.kt.MainKt

Host: AMD Ryzen 7 7735HS with Radeon Graphics        , 16 cores, 13G,  Windows 11 , 64 bit Build 26100 (10.0.26100.7309)
Time: Wed Feb 25 07:32:51 2026 SE Asia Standard Time elapsed time: 27.074454 seconds (0d 0h 0m 27s)

---------------  T H R E A D  ---------------

Current thread (0x0000020e9e6a3880):  JavaThread "C2 CompilerThread0" daemon [_thread_in_native, id=8908, stack(0x000000dcc9700000,0x000000dcc9800000) (1024K)]


Current CompileTask:
C2:27074 19861       4       org.jetbrains.kotlin.load.kotlin.VirtualFileFinder::findKotlinClassOrContent (37 bytes)

Stack: [0x000000dcc9700000,0x000000dcc9800000]
Native frames: (J=compiled Java code, j=interpreted, Vv=VM code, C=native code)
V  [jvm.dll+0x6e08b9]  (no source info available)
V  [jvm.dll+0x87dc83]  (no source info available)
V  [jvm.dll+0x88010e]  (no source info available)
V  [jvm.dll+0x8807e3]  (no source info available)
V  [jvm.dll+0x27aee6]  (no source info available)
V  [jvm.dll+0xbc06f]  (no source info available)
V  [jvm.dll+0xbc2cb]  (no source info available)
V  [jvm.dll+0x3b3a9c]  (no source info available)
V  [jvm.dll+0x1dc39e]  (no source info available)
V  [jvm.dll+0x244be5]  (no source info available)
V  [jvm.dll+0x243dff]  (no source info available)
V  [jvm.dll+0x1c33a0]  (no source info available)
V  [jvm.dll+0x253cf1]  (no source info available)
V  [jvm.dll+0x251faa]  (no source info available)
V  [jvm.dll+0x3ee036]  (no source info available)
V  [jvm.dll+0x824f8b]  (no source info available)
V  [jvm.dll+0x6df065]  (no source info available)
C  [ucrtbase.dll+0x37b0]  (no source info available)
C  [KERNEL32.DLL+0x2e8d7]  (no source info available)
C  [ntdll.dll+0x8c53c]  (no source info available)

Lock stack of current Java thread (top to bottom):


---------------  P R O C E S S  ---------------

Threads class SMR info:
_java_thread_list=0x0000020ee4e49880, length=21, elements={
0x0000020e9e689fd0, 0x0000020e9e68d470, 0x0000020e9e691150, 0x0000020e9e6917c0,
0x0000020e9e691fe0, 0x0000020e9e69a010, 0x0000020e9e6a3880, 0x0000020e9e6f1400,
0x0000020e9e7c8230, 0x0000020e9e69a6a0, 0x0000020e9e6992f0, 0x0000020ee4143780,
0x0000020ee4143e40, 0x0000020e9e698c60, 0x0000020eef6aeb90, 0x0000020eef6ac430,
0x0000020eef6aff40, 0x0000020ef074b680, 0x0000020eef6ade70, 0x0000020ef01a8f60,
0x0000020ef07dd4f0
}

Java Threads: ( => current thread )
  0x0000020e9e689fd0 JavaThread "Reference Handler"          daemon [_thread_blocked, id=15260, stack(0x000000dcc9100000,0x000000dcc9200000) (1024K)]
  0x0000020e9e68d470 JavaThread "Finalizer"                  daemon [_thread_blocked, id=12032, stack(0x000000dcc9200000,0x000000dcc9300000) (1024K)]
  0x0000020e9e691150 JavaThread "Signal Dispatcher"          daemon [_thread_blocked, id=18512, stack(0x000000dcc9300000,0x000000dcc9400000) (1024K)]
  0x0000020e9e6917c0 JavaThread "Attach Listener"            daemon [_thread_blocked, id=17064, stack(0x000000dcc9400000,0x000000dcc9500000) (1024K)]
  0x0000020e9e691fe0 JavaThread "Service Thread"             daemon [_thread_blocked, id=1236, stack(0x000000dcc9500000,0x000000dcc9600000) (1024K)]
  0x0000020e9e69a010 JavaThread "Monitor Deflation Thread"   daemon [_thread_blocked, id=16124, stack(0x000000dcc9600000,0x000000dcc9700000) (1024K)]
=>0x0000020e9e6a3880 JavaThread "C2 CompilerThread0"         daemon [_thread_in_native, id=8908, stack(0x000000dcc9700000,0x000000dcc9800000) (1024K)]
  0x0000020e9e6f1400 JavaThread "C1 CompilerThread0"         daemon [_thread_in_vm, id=22640, stack(0x000000dcc9800000,0x000000dcc9900000) (1024K)]
  0x0000020e9e7c8230 JavaThread "C1 CompilerThread1"         daemon [_thread_blocked, id=11672, stack(0x000000dcc9900000,0x000000dcc9a00000) (1024K)]
  0x0000020e9e69a6a0 JavaThread "Notification Thread"        daemon [_thread_blocked, id=444, stack(0x000000dcc9a00000,0x000000dcc9b00000) (1024K)]
  0x0000020e9e6992f0 JavaThread "Common-Cleaner"             daemon [_thread_blocked, id=19988, stack(0x000000dcc9b00000,0x000000dcc9c00000) (1024K)]
  0x0000020ee4143780 JavaThread "C1 CompilerThread2"         daemon [_thread_blocked, id=22728, stack(0x000000dcc9d00000,0x000000dcc9e00000) (1024K)]
  0x0000020ee4143e40 JavaThread "C1 CompilerThread3"         daemon [_thread_blocked, id=22984, stack(0x000000dcc9e00000,0x000000dcc9f00000) (1024K)]
  0x0000020e9e698c60 JavaThread "client"                            [_thread_in_native, id=23280, stack(0x000000dccae00000,0x000000dccaf00000) (1024K)]
  0x0000020eef6aeb90 JavaThread "DestroyJavaVM"                     [_thread_blocked, id=12576, stack(0x000000dcc8900000,0x000000dcc8a00000) (1024K)]
  0x0000020eef6ac430 JavaThread "async0"                            [_thread_blocked, id=15136, stack(0x000000dccaf00000,0x000000dccb000000) (1024K)]
  0x0000020eef6aff40 JavaThread "async1"                            [_thread_blocked, id=5660, stack(0x000000dcc9c00000,0x000000dcc9d00000) (1024K)]
  0x0000020ef074b680 JavaThread "C2 CompilerThread1"         daemon [_thread_in_native, id=21060, stack(0x000000dccad00000,0x000000dccae00000) (1024K)]
  0x0000020eef6ade70 JavaThread "debounce0"                         [_thread_in_vm, id=14464, stack(0x000000dccb100000,0x000000dccb200000) (1024K)]
  0x0000020ef01a8f60 JavaThread "async2"                            [_thread_blocked, id=10104, stack(0x000000dccb200000,0x000000dccb300000) (1024K)]
  0x0000020ef07dd4f0 JavaThread "C2 CompilerThread2"         daemon [_thread_in_native, id=14288, stack(0x000000dccb000000,0x000000dccb100000) (1024K)]
Total: 21

Other Threads:
  0x0000020e9e672c90 VMThread "VM Thread"                           [id=15972, stack(0x000000dcc9000000,0x000000dcc9100000) (1024K)]
  0x0000020e9e65e070 WatcherThread "VM Periodic Task Thread"        [id=14380, stack(0x000000dcc8f00000,0x000000dcc9000000) (1024K)]
  0x0000020eff207930 WorkerThread "GC Thread#0"                     [id=23388, stack(0x000000dcc8a00000,0x000000dcc8b00000) (1024K)]
  0x0000020ee40fbac0 WorkerThread "GC Thread#1"                     [id=5020, stack(0x000000dcc9f00000,0x000000dcca000000) (1024K)]
  0x0000020ee40fafb0 WorkerThread "GC Thread#2"                     [id=408, stack(0x000000dcca000000,0x000000dcca100000) (1024K)]
  0x0000020ee40fb360 WorkerThread "GC Thread#3"                     [id=4924, stack(0x000000dcca100000,0x000000dcca200000) (1024K)]
  0x0000020ee40fbe70 WorkerThread "GC Thread#4"                     [id=2988, stack(0x000000dcca200000,0x000000dcca300000) (1024K)]
  0x0000020ee46947b0 WorkerThread "GC Thread#5"                     [id=5376, stack(0x000000dcca300000,0x000000dcca400000) (1024K)]
  0x0000020ee46922d0 WorkerThread "GC Thread#6"                     [id=20168, stack(0x000000dcca400000,0x000000dcca500000) (1024K)]
  0x0000020ee4692de0 WorkerThread "GC Thread#7"                     [id=23868, stack(0x000000dcca500000,0x000000dcca600000) (1024K)]
  0x0000020ee4691f20 WorkerThread "GC Thread#8"                     [id=21152, stack(0x000000dcca600000,0x000000dcca700000) (1024K)]
  0x0000020ee4693540 WorkerThread "GC Thread#9"                     [id=22772, stack(0x000000dcca700000,0x000000dcca800000) (1024K)]
  0x0000020ee51f1080 WorkerThread "GC Thread#10"                    [id=22580, stack(0x000000dcca800000,0x000000dcca900000) (1024K)]
  0x0000020ee51f01c0 WorkerThread "GC Thread#11"                    [id=11724, stack(0x000000dcca900000,0x000000dccaa00000) (1024K)]
  0x0000020ee51f0cd0 WorkerThread "GC Thread#12"                    [id=3276, stack(0x000000dccaa00000,0x000000dccab00000) (1024K)]
  0x0000020eff21aba0 ConcurrentGCThread "G1 Main Marker"            [id=18484, stack(0x000000dcc8b00000,0x000000dcc8c00000) (1024K)]
  0x0000020eff21cac0 WorkerThread "G1 Conc#0"                       [id=18820, stack(0x000000dcc8c00000,0x000000dcc8d00000) (1024K)]
  0x0000020ee51f22f0 WorkerThread "G1 Conc#1"                       [id=7872, stack(0x000000dccab00000,0x000000dccac00000) (1024K)]
  0x0000020ee51f1430 WorkerThread "G1 Conc#2"                       [id=23376, stack(0x000000dccac00000,0x000000dccad00000) (1024K)]
  0x0000020e9e52a4b0 ConcurrentGCThread "G1 Refine#0"               [id=4948, stack(0x000000dcc8d00000,0x000000dcc8e00000) (1024K)]
  0x0000020e9e52cf60 ConcurrentGCThread "G1 Service"                [id=7124, stack(0x000000dcc8e00000,0x000000dcc8f00000) (1024K)]
Total: 21

Threads with active compile tasks:
C2 CompilerThread0  27134 19861       4       org.jetbrains.kotlin.load.kotlin.VirtualFileFinder::findKotlinClassOrContent (37 bytes)
C1 CompilerThread0  27135 20155       3       org.jetbrains.kotlin.resolve.ModifierCheckerCore::checkModifierList (241 bytes)
C2 CompilerThread1  27135 20088       4       org.jetbrains.kotlin.descriptors.impl.ModuleDescriptorImpl::toString (76 bytes)
C2 CompilerThread2  27135 20089   !   4       org.jetbrains.kotlin.descriptors.impl.DeclarationDescriptorImpl::toString (117 bytes)
Total: 4

VM state: not at safepoint (normal execution)

VM Mutex/Monitor currently owned by a thread: None

Heap address: 0x0000000724000000, size: 3520 MB, Compressed Oops mode: Zero based, Oop shift amount: 3

CDS archive(s) mapped at: [0x0000020e9f000000-0x0000020e9fd70000-0x0000020e9fd70000), size 14090240, SharedBaseAddress: 0x0000020e9f000000, ArchiveRelocationMode: 1.
Compressed class space mapped at: 0x0000020ea0000000-0x0000020ee0000000, reserved size: 1073741824
Narrow klass base: 0x0000020e9f000000, Narrow klass shift: 0, Narrow klass range: 0x41000000

GC Precious Log:
 CardTable entry size: 512
 Card Set container configuration: InlinePtr #cards 4 size 8 Array Of Cards #cards 16 size 48 Howl #buckets 8 coarsen threshold 3686 Howl Bitmap #cards 512 size 80 coarsen threshold 460 Card regions per heap region 1 cards per card region 4096
 CPUs: 16 total, 16 available
 Memory: 14077M
 Large Page Support: Disabled
 NUMA Support: Disabled
 Compressed Oops: Enabled (Zero based)
 Heap Region Size: 2M
 Heap Min Capacity: 8M
 Heap Initial Capacity: 220M
 Heap Max Capacity: 3520M
 Pre-touch: Disabled
 Parallel Workers: 13
 Concurrent Workers: 3
 Concurrent Refinement Workers: 13
 Periodic GC: Disabled

Heap:
 garbage-first heap   total reserved 3604480K, committed 387072K, used 284672K [0x0000000724000000, 0x0000000800000000)
  region size 2048K, 22 young (45056K), 5 survivors (10240K)
 Metaspace       used 80160K, committed 81216K, reserved 1179648K
  class space    used 9121K, committed 9600K, reserved 1048576K

Heap Regions: E=young(eden), S=young(survivor), O=old, HS=humongous(starts), HC=humongous(continues), CS=collection set, F=free, TAMS=top-at-mark-start, PB=parsable bottom
|   0|0x0000000724000000, 0x0000000724200000, 0x0000000724200000|100%|HS|  |TAMS 0x0000000724000000| PB 0x0000000724000000| Complete |  0
|   1|0x0000000724200000, 0x0000000724400000, 0x0000000724400000|100%|HC|  |TAMS 0x0000000724200000| PB 0x0000000724200000| Complete |  0
|   2|0x0000000724400000, 0x0000000724600000, 0x0000000724600000|100%| O|  |TAMS 0x0000000724400000| PB 0x0000000724400000| Untracked |  0
|   3|0x0000000724600000, 0x0000000724800000, 0x0000000724800000|100%| O|  |TAMS 0x0000000724600000| PB 0x0000000724600000| Untracked |  0
|   4|0x0000000724800000, 0x0000000724a00000, 0x0000000724a00000|100%| O|  |TAMS 0x0000000724800000| PB 0x0000000724800000| Untracked |  0
|   5|0x0000000724a00000, 0x0000000724c00000, 0x0000000724c00000|100%| O|  |TAMS 0x0000000724a00000| PB 0x0000000724a00000| Untracked |  0
|   6|0x0000000724c00000, 0x0000000724e00000, 0x0000000724e00000|100%| O|  |TAMS 0x0000000724c00000| PB 0x0000000724c00000| Untracked |  0
|   7|0x0000000724e00000, 0x0000000725000000, 0x0000000725000000|100%| O|  |TAMS 0x0000000724e00000| PB 0x0000000724e00000| Untracked |  0
|   8|0x0000000725000000, 0x0000000725200000, 0x0000000725200000|100%| O|  |TAMS 0x0000000725000000| PB 0x0000000725000000| Untracked |  0
|   9|0x0000000725200000, 0x0000000725400000, 0x0000000725400000|100%| O|  |TAMS 0x0000000725200000| PB 0x0000000725200000| Untracked |  0
|  10|0x0000000725400000, 0x0000000725600000, 0x0000000725600000|100%| O|  |TAMS 0x0000000725400000| PB 0x0000000725400000| Untracked |  0
|  11|0x0000000725600000, 0x0000000725800000, 0x0000000725800000|100%| O|  |TAMS 0x0000000725600000| PB 0x0000000725600000| Untracked |  0
|  12|0x0000000725800000, 0x0000000725a00000, 0x0000000725a00000|100%| O|  |TAMS 0x0000000725800000| PB 0x0000000725800000| Untracked |  0
|  13|0x0000000725a00000, 0x0000000725c00000, 0x0000000725c00000|100%| O|  |TAMS 0x0000000725a00000| PB 0x0000000725a00000| Untracked |  0
|  14|0x0000000725c00000, 0x0000000725e00000, 0x0000000725e00000|100%| O|  |TAMS 0x0000000725c00000| PB 0x0000000725c00000| Untracked |  0
|  15|0x0000000725e00000, 0x0000000726000000, 0x0000000726000000|100%| O|  |TAMS 0x0000000725e00000| PB 0x0000000725e00000| Untracked |  0
|  16|0x0000000726000000, 0x0000000726200000, 0x0000000726200000|100%| O|  |TAMS 0x0000000726000000| PB 0x0000000726000000| Untracked |  0
|  17|0x0000000726200000, 0x0000000726400000, 0x0000000726400000|100%| O|  |TAMS 0x0000000726200000| PB 0x0000000726200000| Untracked |  0
|  18|0x0000000726400000, 0x0000000726600000, 0x0000000726600000|100%| O|  |TAMS 0x0000000726400000| PB 0x0000000726400000| Untracked |  0
|  19|0x0000000726600000, 0x0000000726800000, 0x0000000726800000|100%| O|  |TAMS 0x0000000726600000| PB 0x0000000726600000| Untracked |  0
|  20|0x0000000726800000, 0x0000000726a00000, 0x0000000726a00000|100%|HS|  |TAMS 0x0000000726800000| PB 0x0000000726800000| Complete |  0
|  21|0x0000000726a00000, 0x0000000726c00000, 0x0000000726c00000|100%| O|  |TAMS 0x0000000726a00000| PB 0x0000000726a00000| Untracked |  0
|  22|0x0000000726c00000, 0x0000000726e00000, 0x0000000726e00000|100%| O|  |TAMS 0x0000000726c00000| PB 0x0000000726c00000| Untracked |  0
|  23|0x0000000726e00000, 0x0000000727000000, 0x0000000727000000|100%| O|  |TAMS 0x0000000726e00000| PB 0x0000000726e00000| Untracked |  0
|  24|0x0000000727000000, 0x0000000727200000, 0x0000000727200000|100%| O|  |TAMS 0x0000000727000000| PB 0x0000000727000000| Untracked |  0
|  25|0x0000000727200000, 0x0000000727400000, 0x0000000727400000|100%| O|  |TAMS 0x0000000727200000| PB 0x0000000727200000| Untracked |  0
|  26|0x0000000727400000, 0x0000000727600000, 0x0000000727600000|100%| O|  |TAMS 0x0000000727400000| PB 0x0000000727400000| Untracked |  0
|  27|0x0000000727600000, 0x0000000727800000, 0x0000000727800000|100%| O|  |TAMS 0x0000000727600000| PB 0x0000000727600000| Untracked |  0
|  28|0x0000000727800000, 0x0000000727a00000, 0x0000000727a00000|100%| O|  |TAMS 0x0000000727800000| PB 0x0000000727800000| Untracked |  0
|  29|0x0000000727a00000, 0x0000000727c00000, 0x0000000727c00000|100%| O|  |TAMS 0x0000000727a00000| PB 0x0000000727a00000| Untracked |  0
|  30|0x0000000727c00000, 0x0000000727e00000, 0x0000000727e00000|100%| O|  |TAMS 0x0000000727c00000| PB 0x0000000727c00000| Untracked |  0
|  31|0x0000000727e00000, 0x0000000728000000, 0x0000000728000000|100%| O|  |TAMS 0x0000000727e00000| PB 0x0000000727e00000| Untracked |  0
|  32|0x0000000728000000, 0x0000000728200000, 0x0000000728200000|100%| O|  |TAMS 0x0000000728000000| PB 0x0000000728000000| Untracked |  0
|  33|0x0000000728200000, 0x0000000728400000, 0x0000000728400000|100%| O|  |TAMS 0x0000000728200000| PB 0x0000000728200000| Untracked |  0
|  34|0x0000000728400000, 0x0000000728600000, 0x0000000728600000|100%| O|  |TAMS 0x0000000728400000| PB 0x0000000728400000| Untracked |  0
|  35|0x0000000728600000, 0x0000000728800000, 0x0000000728800000|100%| O|  |TAMS 0x0000000728600000| PB 0x0000000728600000| Untracked |  0
|  36|0x0000000728800000, 0x0000000728a00000, 0x0000000728a00000|100%| O|  |TAMS 0x0000000728800000| PB 0x0000000728800000| Untracked |  0
|  37|0x0000000728a00000, 0x0000000728c00000, 0x0000000728c00000|100%| O|  |TAMS 0x0000000728a00000| PB 0x0000000728a00000| Untracked |  0
|  38|0x0000000728c00000, 0x0000000728e00000, 0x0000000728e00000|100%| O|  |TAMS 0x0000000728c00000| PB 0x0000000728c00000| Untracked |  0
|  39|0x0000000728e00000, 0x0000000729000000, 0x0000000729000000|100%| O|  |TAMS 0x0000000728e00000| PB 0x0000000728e00000| Untracked |  0
|  40|0x0000000729000000, 0x0000000729200000, 0x0000000729200000|100%| O|  |TAMS 0x0000000729000000| PB 0x0000000729000000| Untracked |  0
|  41|0x0000000729200000, 0x0000000729400000, 0x0000000729400000|100%| O|  |TAMS 0x0000000729200000| PB 0x0000000729200000| Untracked |  0
|  42|0x0000000729400000, 0x0000000729600000, 0x0000000729600000|100%| O|  |TAMS 0x0000000729400000| PB 0x0000000729400000| Untracked |  0
|  43|0x0000000729600000, 0x0000000729800000, 0x0000000729800000|100%| O|  |TAMS 0x0000000729600000| PB 0x0000000729600000| Untracked |  0
|  44|0x0000000729800000, 0x0000000729a00000, 0x0000000729a00000|100%| O|  |TAMS 0x0000000729800000| PB 0x0000000729800000| Untracked |  0
|  45|0x0000000729a00000, 0x0000000729c00000, 0x0000000729c00000|100%| O|  |TAMS 0x0000000729a00000| PB 0x0000000729a00000| Untracked |  0
|  46|0x0000000729c00000, 0x0000000729e00000, 0x0000000729e00000|100%| O|  |TAMS 0x0000000729c00000| PB 0x0000000729c00000| Untracked |  0
|  47|0x0000000729e00000, 0x000000072a000000, 0x000000072a000000|100%| O|  |TAMS 0x0000000729e00000| PB 0x0000000729e00000| Untracked |  0
|  48|0x000000072a000000, 0x000000072a200000, 0x000000072a200000|100%| O|  |TAMS 0x000000072a000000| PB 0x000000072a000000| Untracked |  0
|  49|0x000000072a200000, 0x000000072a400000, 0x000000072a400000|100%| O|  |TAMS 0x000000072a200000| PB 0x000000072a200000| Untracked |  0
|  50|0x000000072a400000, 0x000000072a600000, 0x000000072a600000|100%| O|  |TAMS 0x000000072a400000| PB 0x000000072a400000| Untracked |  0
|  51|0x000000072a600000, 0x000000072a800000, 0x000000072a800000|100%| O|  |TAMS 0x000000072a600000| PB 0x000000072a600000| Untracked |  0
|  52|0x000000072a800000, 0x000000072aa00000, 0x000000072aa00000|100%| O|  |TAMS 0x000000072a800000| PB 0x000000072a800000| Untracked |  0
|  53|0x000000072aa00000, 0x000000072ac00000, 0x000000072ac00000|100%| O|  |TAMS 0x000000072aa00000| PB 0x000000072aa00000| Untracked |  0
|  54|0x000000072ac00000, 0x000000072ae00000, 0x000000072ae00000|100%| O|  |TAMS 0x000000072ac00000| PB 0x000000072ac00000| Untracked |  0
|  55|0x000000072ae00000, 0x000000072b000000, 0x000000072b000000|100%| O|  |TAMS 0x000000072ae00000| PB 0x000000072ae00000| Untracked |  0
|  56|0x000000072b000000, 0x000000072b200000, 0x000000072b200000|100%| O|  |TAMS 0x000000072b000000| PB 0x000000072b000000| Untracked |  0
|  57|0x000000072b200000, 0x000000072b400000, 0x000000072b400000|100%| O|  |TAMS 0x000000072b200000| PB 0x000000072b200000| Untracked |  0
|  58|0x000000072b400000, 0x000000072b600000, 0x000000072b600000|100%| O|  |TAMS 0x000000072b400000| PB 0x000000072b400000| Untracked |  0
|  59|0x000000072b600000, 0x000000072b800000, 0x000000072b800000|100%| O|  |TAMS 0x000000072b600000| PB 0x000000072b600000| Untracked |  0
|  60|0x000000072b800000, 0x000000072b800000, 0x000000072ba00000|  0%| F|  |TAMS 0x000000072b800000| PB 0x000000072b800000| Untracked |  0
|  61|0x000000072ba00000, 0x000000072bc00000, 0x000000072bc00000|100%| O|  |TAMS 0x000000072ba00000| PB 0x000000072ba00000| Untracked |  0
|  62|0x000000072bc00000, 0x000000072be00000, 0x000000072be00000|100%| O|  |TAMS 0x000000072bc00000| PB 0x000000072bc00000| Untracked |  0
|  63|0x000000072be00000, 0x000000072c000000, 0x000000072c000000|100%| O|  |TAMS 0x000000072be00000| PB 0x000000072be00000| Untracked |  0
|  64|0x000000072c000000, 0x000000072c200000, 0x000000072c200000|100%| O|  |TAMS 0x000000072c000000| PB 0x000000072c000000| Untracked |  0
|  65|0x000000072c200000, 0x000000072c400000, 0x000000072c400000|100%| O|  |TAMS 0x000000072c200000| PB 0x000000072c200000| Untracked |  0
|  66|0x000000072c400000, 0x000000072c600000, 0x000000072c600000|100%| O|  |TAMS 0x000000072c400000| PB 0x000000072c400000| Untracked |  0
|  67|0x000000072c600000, 0x000000072c800000, 0x000000072c800000|100%| O|  |TAMS 0x000000072c600000| PB 0x000000072c600000| Untracked |  0
|  68|0x000000072c800000, 0x000000072ca00000, 0x000000072ca00000|100%| O|  |TAMS 0x000000072c800000| PB 0x000000072c800000| Untracked |  0
|  69|0x000000072ca00000, 0x000000072cc00000, 0x000000072cc00000|100%| O|  |TAMS 0x000000072ca00000| PB 0x000000072ca00000| Untracked |  0
|  70|0x000000072cc00000, 0x000000072ce00000, 0x000000072ce00000|100%| O|  |TAMS 0x000000072cc00000| PB 0x000000072cc00000| Untracked |  0
|  71|0x000000072ce00000, 0x000000072d000000, 0x000000072d000000|100%| O|  |TAMS 0x000000072ce00000| PB 0x000000072ce00000| Untracked |  0
|  72|0x000000072d000000, 0x000000072d200000, 0x000000072d200000|100%| O|  |TAMS 0x000000072d000000| PB 0x000000072d000000| Untracked |  0
|  73|0x000000072d200000, 0x000000072d400000, 0x000000072d400000|100%| O|  |TAMS 0x000000072d200000| PB 0x000000072d200000| Untracked |  0
|  74|0x000000072d400000, 0x000000072d600000, 0x000000072d600000|100%| O|  |TAMS 0x000000072d400000| PB 0x000000072d400000| Untracked |  0
|  75|0x000000072d600000, 0x000000072d800000, 0x000000072d800000|100%| O|  |TAMS 0x000000072d600000| PB 0x000000072d600000| Untracked |  0
|  76|0x000000072d800000, 0x000000072da00000, 0x000000072da00000|100%| O|  |TAMS 0x000000072d800000| PB 0x000000072d800000| Untracked |  0
|  77|0x000000072da00000, 0x000000072dc00000, 0x000000072dc00000|100%| O|  |TAMS 0x000000072da00000| PB 0x000000072da00000| Untracked |  0
|  78|0x000000072dc00000, 0x000000072de00000, 0x000000072de00000|100%| O|  |TAMS 0x000000072dc00000| PB 0x000000072dc00000| Untracked |  0
|  79|0x000000072de00000, 0x000000072e000000, 0x000000072e000000|100%| O|  |TAMS 0x000000072de00000| PB 0x000000072de00000| Untracked |  0
|  80|0x000000072e000000, 0x000000072e000000, 0x000000072e200000|  0%| F|  |TAMS 0x000000072e000000| PB 0x000000072e000000| Untracked |  0
|  81|0x000000072e200000, 0x000000072e400000, 0x000000072e400000|100%| O|  |TAMS 0x000000072e200000| PB 0x000000072e200000| Untracked |  0
|  82|0x000000072e400000, 0x000000072e600000, 0x000000072e600000|100%| O|  |TAMS 0x000000072e400000| PB 0x000000072e400000| Untracked |  0
|  83|0x000000072e600000, 0x000000072e800000, 0x000000072e800000|100%| O|  |TAMS 0x000000072e600000| PB 0x000000072e600000| Untracked |  0
|  84|0x000000072e800000, 0x000000072ea00000, 0x000000072ea00000|100%| O|  |TAMS 0x000000072e800000| PB 0x000000072e800000| Untracked |  0
|  85|0x000000072ea00000, 0x000000072ec00000, 0x000000072ec00000|100%| O|  |TAMS 0x000000072ea00000| PB 0x000000072ea00000| Untracked |  0
|  86|0x000000072ec00000, 0x000000072ee00000, 0x000000072ee00000|100%| O|  |TAMS 0x000000072ec00000| PB 0x000000072ec00000| Untracked |  0
|  87|0x000000072ee00000, 0x000000072f000000, 0x000000072f000000|100%| O|  |TAMS 0x000000072ee00000| PB 0x000000072ee00000| Untracked |  0
|  88|0x000000072f000000, 0x000000072f000000, 0x000000072f200000|  0%| F|  |TAMS 0x000000072f000000| PB 0x000000072f000000| Untracked |  0
|  89|0x000000072f200000, 0x000000072f400000, 0x000000072f400000|100%| O|  |TAMS 0x000000072f200000| PB 0x000000072f200000| Untracked |  0
|  90|0x000000072f400000, 0x000000072f600000, 0x000000072f600000|100%| O|  |TAMS 0x000000072f400000| PB 0x000000072f400000| Untracked |  0
|  91|0x000000072f600000, 0x000000072f800000, 0x000000072f800000|100%| O|  |TAMS 0x000000072f600000| PB 0x000000072f600000| Untracked |  0
|  92|0x000000072f800000, 0x000000072fa00000, 0x000000072fa00000|100%| O|  |TAMS 0x000000072f800000| PB 0x000000072f800000| Untracked |  0
|  93|0x000000072fa00000, 0x000000072fc00000, 0x000000072fc00000|100%| O|  |TAMS 0x000000072fa00000| PB 0x000000072fa00000| Untracked |  0
|  94|0x000000072fc00000, 0x000000072fe00000, 0x000000072fe00000|100%| O|  |TAMS 0x000000072fc00000| PB 0x000000072fc00000| Untracked |  0
|  95|0x000000072fe00000, 0x0000000730000000, 0x0000000730000000|100%| O|  |TAMS 0x000000072fe00000| PB 0x000000072fe00000| Untracked |  0
|  96|0x0000000730000000, 0x0000000730200000, 0x0000000730200000|100%| O|  |TAMS 0x0000000730000000| PB 0x0000000730000000| Untracked |  0
|  97|0x0000000730200000, 0x0000000730400000, 0x0000000730400000|100%| O|  |TAMS 0x0000000730200000| PB 0x0000000730200000| Untracked |  0
|  98|0x0000000730400000, 0x0000000730600000, 0x0000000730600000|100%| O|  |TAMS 0x0000000730400000| PB 0x0000000730400000| Untracked |  0
|  99|0x0000000730600000, 0x0000000730800000, 0x0000000730800000|100%| O|  |TAMS 0x0000000730600000| PB 0x0000000730600000| Untracked |  0
| 100|0x0000000730800000, 0x0000000730a00000, 0x0000000730a00000|100%| O|  |TAMS 0x0000000730800000| PB 0x0000000730800000| Untracked |  0
| 101|0x0000000730a00000, 0x0000000730c00000, 0x0000000730c00000|100%| O|  |TAMS 0x0000000730a00000| PB 0x0000000730a00000| Untracked |  0
| 102|0x0000000730c00000, 0x0000000730e00000, 0x0000000730e00000|100%| O|  |TAMS 0x0000000730c00000| PB 0x0000000730c00000| Untracked |  0
| 103|0x0000000730e00000, 0x0000000731000000, 0x0000000731000000|100%| O|  |TAMS 0x0000000730e00000| PB 0x0000000730e00000| Untracked |  0
| 104|0x0000000731000000, 0x0000000731200000, 0x0000000731200000|100%| O|  |TAMS 0x0000000731000000| PB 0x0000000731000000| Untracked |  0
| 105|0x0000000731200000, 0x0000000731400000, 0x0000000731400000|100%| O|  |TAMS 0x0000000731200000| PB 0x0000000731200000| Untracked |  0
| 106|0x0000000731400000, 0x0000000731600000, 0x0000000731600000|100%| O|  |TAMS 0x0000000731400000| PB 0x0000000731400000| Untracked |  0
| 107|0x0000000731600000, 0x0000000731800000, 0x0000000731800000|100%| O|  |TAMS 0x0000000731600000| PB 0x0000000731600000| Untracked |  0
| 108|0x0000000731800000, 0x0000000731a00000, 0x0000000731a00000|100%| O|  |TAMS 0x0000000731800000| PB 0x0000000731800000| Untracked |  0
| 109|0x0000000731a00000, 0x0000000731c00000, 0x0000000731c00000|100%| O|  |TAMS 0x0000000731a00000| PB 0x0000000731a00000| Untracked |  0
| 110|0x0000000731c00000, 0x0000000731e00000, 0x0000000731e00000|100%| O|  |TAMS 0x0000000731c00000| PB 0x0000000731c00000| Untracked |  0
| 111|0x0000000731e00000, 0x0000000732000000, 0x0000000732000000|100%| O|  |TAMS 0x0000000731e00000| PB 0x0000000731e00000| Untracked |  0
| 112|0x0000000732000000, 0x0000000732200000, 0x0000000732200000|100%| O|  |TAMS 0x0000000732000000| PB 0x0000000732000000| Untracked |  0
| 113|0x0000000732200000, 0x0000000732400000, 0x0000000732400000|100%| O|  |TAMS 0x0000000732200000| PB 0x0000000732200000| Untracked |  0
| 114|0x0000000732400000, 0x0000000732600000, 0x0000000732600000|100%| O|  |TAMS 0x0000000732400000| PB 0x0000000732400000| Untracked |  0
| 115|0x0000000732600000, 0x0000000732800000, 0x0000000732800000|100%| O|  |TAMS 0x0000000732600000| PB 0x0000000732600000| Untracked |  0
| 116|0x0000000732800000, 0x0000000732a00000, 0x0000000732a00000|100%| O|  |TAMS 0x0000000732800000| PB 0x0000000732800000| Untracked |  0
| 117|0x0000000732a00000, 0x0000000732c00000, 0x0000000732c00000|100%| O|  |TAMS 0x0000000732a00000| PB 0x0000000732a00000| Untracked |  0
| 118|0x0000000732c00000, 0x0000000732e00000, 0x0000000732e00000|100%| O|  |TAMS 0x0000000732c00000| PB 0x0000000732c00000| Untracked |  0
| 119|0x0000000732e00000, 0x0000000733000000, 0x0000000733000000|100%| O|  |TAMS 0x0000000732e00000| PB 0x0000000732e00000| Untracked |  0
| 120|0x0000000733000000, 0x0000000733000000, 0x0000000733200000|  0%| F|  |TAMS 0x0000000733000000| PB 0x0000000733000000| Untracked |  0
| 121|0x0000000733200000, 0x0000000733200000, 0x0000000733400000|  0%| F|  |TAMS 0x0000000733200000| PB 0x0000000733200000| Untracked |  0
| 122|0x0000000733400000, 0x0000000733400000, 0x0000000733600000|  0%| F|  |TAMS 0x0000000733400000| PB 0x0000000733400000| Untracked |  0
| 123|0x0000000733600000, 0x0000000733600000, 0x0000000733800000|  0%| F|  |TAMS 0x0000000733600000| PB 0x0000000733600000| Untracked |  0
| 124|0x0000000733800000, 0x0000000733800000, 0x0000000733a00000|  0%| F|  |TAMS 0x0000000733800000| PB 0x0000000733800000| Untracked |  0
| 125|0x0000000733a00000, 0x0000000733a00000, 0x0000000733c00000|  0%| F|  |TAMS 0x0000000733a00000| PB 0x0000000733a00000| Untracked |  0
| 126|0x0000000733c00000, 0x0000000733c00000, 0x0000000733e00000|  0%| F|  |TAMS 0x0000000733c00000| PB 0x0000000733c00000| Untracked |  0
| 127|0x0000000733e00000, 0x0000000733e00000, 0x0000000734000000|  0%| F|  |TAMS 0x0000000733e00000| PB 0x0000000733e00000| Untracked |  0
| 128|0x0000000734000000, 0x0000000734200000, 0x0000000734200000|100%| S|CS|TAMS 0x0000000734000000| PB 0x0000000734000000| Complete |  0
| 129|0x0000000734200000, 0x0000000734400000, 0x0000000734400000|100%| S|CS|TAMS 0x0000000734200000| PB 0x0000000734200000| Complete |  0
| 130|0x0000000734400000, 0x0000000734600000, 0x0000000734600000|100%| S|CS|TAMS 0x0000000734400000| PB 0x0000000734400000| Complete |  0
| 131|0x0000000734600000, 0x0000000734800000, 0x0000000734800000|100%| S|CS|TAMS 0x0000000734600000| PB 0x0000000734600000| Complete |  0
| 132|0x0000000734800000, 0x0000000734a00000, 0x0000000734a00000|100%| S|CS|TAMS 0x0000000734800000| PB 0x0000000734800000| Complete |  0
| 133|0x0000000734a00000, 0x0000000734a00000, 0x0000000734c00000|  0%| F|  |TAMS 0x0000000734a00000| PB 0x0000000734a00000| Untracked |  0
| 134|0x0000000734c00000, 0x0000000734c00000, 0x0000000734e00000|  0%| F|  |TAMS 0x0000000734c00000| PB 0x0000000734c00000| Untracked |  0
| 135|0x0000000734e00000, 0x0000000734e00000, 0x0000000735000000|  0%| F|  |TAMS 0x0000000734e00000| PB 0x0000000734e00000| Untracked |  0
| 136|0x0000000735000000, 0x0000000735000000, 0x0000000735200000|  0%| F|  |TAMS 0x0000000735000000| PB 0x0000000735000000| Untracked |  0
| 137|0x0000000735200000, 0x0000000735200000, 0x0000000735400000|  0%| F|  |TAMS 0x0000000735200000| PB 0x0000000735200000| Untracked |  0
| 138|0x0000000735400000, 0x0000000735400000, 0x0000000735600000|  0%| F|  |TAMS 0x0000000735400000| PB 0x0000000735400000| Untracked |  0
| 139|0x0000000735600000, 0x0000000735600000, 0x0000000735800000|  0%| F|  |TAMS 0x0000000735600000| PB 0x0000000735600000| Untracked |  0
| 140|0x0000000735800000, 0x0000000735800000, 0x0000000735a00000|  0%| F|  |TAMS 0x0000000735800000| PB 0x0000000735800000| Untracked |  0
| 141|0x0000000735a00000, 0x0000000735a00000, 0x0000000735c00000|  0%| F|  |TAMS 0x0000000735a00000| PB 0x0000000735a00000| Untracked |  0
| 142|0x0000000735c00000, 0x0000000735c00000, 0x0000000735e00000|  0%| F|  |TAMS 0x0000000735c00000| PB 0x0000000735c00000| Untracked |  0
| 143|0x0000000735e00000, 0x0000000735e00000, 0x0000000736000000|  0%| F|  |TAMS 0x0000000735e00000| PB 0x0000000735e00000| Untracked |  0
| 144|0x0000000736000000, 0x0000000736000000, 0x0000000736200000|  0%| F|  |TAMS 0x0000000736000000| PB 0x0000000736000000| Untracked |  0
| 145|0x0000000736200000, 0x0000000736200000, 0x0000000736400000|  0%| F|  |TAMS 0x0000000736200000| PB 0x0000000736200000| Untracked |  0
| 146|0x0000000736400000, 0x0000000736400000, 0x0000000736600000|  0%| F|  |TAMS 0x0000000736400000| PB 0x0000000736400000| Untracked |  0
| 147|0x0000000736600000, 0x0000000736600000, 0x0000000736800000|  0%| F|  |TAMS 0x0000000736600000| PB 0x0000000736600000| Untracked |  0
| 148|0x0000000736800000, 0x0000000736800000, 0x0000000736a00000|  0%| F|  |TAMS 0x0000000736800000| PB 0x0000000736800000| Untracked |  0
| 149|0x0000000736a00000, 0x0000000736a00000, 0x0000000736c00000|  0%| F|  |TAMS 0x0000000736a00000| PB 0x0000000736a00000| Untracked |  0
| 150|0x0000000736c00000, 0x0000000736c00000, 0x0000000736e00000|  0%| F|  |TAMS 0x0000000736c00000| PB 0x0000000736c00000| Untracked |  0
| 151|0x0000000736e00000, 0x0000000736e00000, 0x0000000737000000|  0%| F|  |TAMS 0x0000000736e00000| PB 0x0000000736e00000| Untracked |  0
| 152|0x0000000737000000, 0x0000000737000000, 0x0000000737200000|  0%| F|  |TAMS 0x0000000737000000| PB 0x0000000737000000| Untracked |  0
| 153|0x0000000737200000, 0x0000000737200000, 0x0000000737400000|  0%| F|  |TAMS 0x0000000737200000| PB 0x0000000737200000| Untracked |  0
| 154|0x0000000737400000, 0x0000000737400000, 0x0000000737600000|  0%| F|  |TAMS 0x0000000737400000| PB 0x0000000737400000| Untracked |  0
| 155|0x0000000737600000, 0x0000000737600000, 0x0000000737800000|  0%| F|  |TAMS 0x0000000737600000| PB 0x0000000737600000| Untracked |  0
| 156|0x0000000737800000, 0x0000000737800000, 0x0000000737a00000|  0%| F|  |TAMS 0x0000000737800000| PB 0x0000000737800000| Untracked |  0
| 157|0x0000000737a00000, 0x0000000737a00000, 0x0000000737c00000|  0%| F|  |TAMS 0x0000000737a00000| PB 0x0000000737a00000| Untracked |  0
| 158|0x0000000737c00000, 0x0000000737c00000, 0x0000000737e00000|  0%| F|  |TAMS 0x0000000737c00000| PB 0x0000000737c00000| Untracked |  0
| 159|0x0000000737e00000, 0x0000000737e00000, 0x0000000738000000|  0%| F|  |TAMS 0x0000000737e00000| PB 0x0000000737e00000| Untracked |  0
| 160|0x0000000738000000, 0x0000000738000000, 0x0000000738200000|  0%| F|  |TAMS 0x0000000738000000| PB 0x0000000738000000| Untracked |  0
| 161|0x0000000738200000, 0x0000000738200000, 0x0000000738400000|  0%| F|  |TAMS 0x0000000738200000| PB 0x0000000738200000| Untracked |  0
| 162|0x0000000738400000, 0x0000000738400000, 0x0000000738600000|  0%| F|  |TAMS 0x0000000738400000| PB 0x0000000738400000| Untracked |  0
| 163|0x0000000738600000, 0x0000000738600000, 0x0000000738800000|  0%| F|  |TAMS 0x0000000738600000| PB 0x0000000738600000| Untracked |  0
| 164|0x0000000738800000, 0x0000000738800000, 0x0000000738a00000|  0%| F|  |TAMS 0x0000000738800000| PB 0x0000000738800000| Untracked |  0
| 165|0x0000000738a00000, 0x0000000738a00000, 0x0000000738c00000|  0%| F|  |TAMS 0x0000000738a00000| PB 0x0000000738a00000| Untracked |  0
| 166|0x0000000738c00000, 0x0000000738c00000, 0x0000000738e00000|  0%| F|  |TAMS 0x0000000738c00000| PB 0x0000000738c00000| Untracked |  0
| 167|0x0000000738e00000, 0x0000000738e00000, 0x0000000739000000|  0%| F|  |TAMS 0x0000000738e00000| PB 0x0000000738e00000| Untracked |  0
| 168|0x0000000739000000, 0x0000000739000000, 0x0000000739200000|  0%| F|  |TAMS 0x0000000739000000| PB 0x0000000739000000| Untracked |  0
| 169|0x0000000739200000, 0x0000000739200000, 0x0000000739400000|  0%| F|  |TAMS 0x0000000739200000| PB 0x0000000739200000| Untracked |  0
| 170|0x0000000739400000, 0x0000000739400000, 0x0000000739600000|  0%| F|  |TAMS 0x0000000739400000| PB 0x0000000739400000| Untracked |  0
| 171|0x0000000739600000, 0x0000000739800000, 0x0000000739800000|100%| E|  |TAMS 0x0000000739600000| PB 0x0000000739600000| Complete |  0
| 172|0x0000000739800000, 0x0000000739a00000, 0x0000000739a00000|100%| E|CS|TAMS 0x0000000739800000| PB 0x0000000739800000| Complete |  0
| 173|0x0000000739a00000, 0x0000000739c00000, 0x0000000739c00000|100%| E|CS|TAMS 0x0000000739a00000| PB 0x0000000739a00000| Complete |  0
| 174|0x0000000739c00000, 0x0000000739e00000, 0x0000000739e00000|100%| E|CS|TAMS 0x0000000739c00000| PB 0x0000000739c00000| Complete |  0
| 175|0x0000000739e00000, 0x000000073a000000, 0x000000073a000000|100%| E|CS|TAMS 0x0000000739e00000| PB 0x0000000739e00000| Complete |  0
| 176|0x000000073a000000, 0x000000073a200000, 0x000000073a200000|100%| E|CS|TAMS 0x000000073a000000| PB 0x000000073a000000| Complete |  0
| 177|0x000000073a200000, 0x000000073a400000, 0x000000073a400000|100%| E|CS|TAMS 0x000000073a200000| PB 0x000000073a200000| Complete |  0
| 178|0x000000073a400000, 0x000000073a600000, 0x000000073a600000|100%| E|CS|TAMS 0x000000073a400000| PB 0x000000073a400000| Complete |  0
| 179|0x000000073a600000, 0x000000073a800000, 0x000000073a800000|100%| E|CS|TAMS 0x000000073a600000| PB 0x000000073a600000| Complete |  0
| 180|0x000000073a800000, 0x000000073aa00000, 0x000000073aa00000|100%| E|CS|TAMS 0x000000073a800000| PB 0x000000073a800000| Complete |  0
| 181|0x000000073aa00000, 0x000000073ac00000, 0x000000073ac00000|100%| E|CS|TAMS 0x000000073aa00000| PB 0x000000073aa00000| Complete |  0
| 182|0x000000073ac00000, 0x000000073ae00000, 0x000000073ae00000|100%| E|CS|TAMS 0x000000073ac00000| PB 0x000000073ac00000| Complete |  0
| 183|0x000000073ae00000, 0x000000073b000000, 0x000000073b000000|100%| E|CS|TAMS 0x000000073ae00000| PB 0x000000073ae00000| Complete |  0
| 184|0x000000073b000000, 0x000000073b200000, 0x000000073b200000|100%| E|CS|TAMS 0x000000073b000000| PB 0x000000073b000000| Complete |  0
| 185|0x000000073b200000, 0x000000073b400000, 0x000000073b400000|100%| E|CS|TAMS 0x000000073b200000| PB 0x000000073b200000| Complete |  0
| 186|0x000000073b400000, 0x000000073b600000, 0x000000073b600000|100%| E|CS|TAMS 0x000000073b400000| PB 0x000000073b400000| Complete |  0
| 187|0x000000073b600000, 0x000000073b800000, 0x000000073b800000|100%| E|CS|TAMS 0x000000073b600000| PB 0x000000073b600000| Complete |  0
|1759|0x00000007ffe00000, 0x0000000800000000, 0x0000000800000000|100%| O|  |TAMS 0x00000007ffe00000| PB 0x00000007ffe00000| Untracked |  0

Card table byte_map: [0x0000020e97d50000,0x0000020e98430000] _byte_map_base: 0x0000020e94430000

Marking Bits: (CMBitMap*) 0x0000020eff208040
 Bits: [0x0000020e98430000, 0x0000020e9bb30000)

Polling page: 0x0000020efd040000

Metaspace:

Usage:
  Non-class:     69.39 MB used.
      Class:      8.91 MB used.
       Both:     78.29 MB used.

Virtual space:
  Non-class space:      128.00 MB reserved,      69.94 MB ( 55%) committed,  2 nodes.
      Class space:        1.00 GB reserved,       9.38 MB ( <1%) committed,  1 nodes.
             Both:        1.12 GB reserved,      79.31 MB (  7%) committed. 

Chunk freelists:
   Non-Class:  9.97 MB
       Class:  6.64 MB
        Both:  16.61 MB

MaxMetaspaceSize: unlimited
CompressedClassSpaceSize: 1.00 GB
Initial GC threshold: 21.00 MB
Current GC threshold: 131.56 MB
CDS: on
 - commit_granule_bytes: 65536.
 - commit_granule_words: 8192.
 - virtual_space_node_default_size: 8388608.
 - enlarge_chunks_in_place: 1.
 - use_allocation_guard: 0.


Internal statistics:

num_allocs_failed_limit: 6.
num_arena_births: 1610.
num_arena_deaths: 0.
num_vsnodes_births: 3.
num_vsnodes_deaths: 0.
num_space_committed: 1267.
num_space_uncommitted: 0.
num_chunks_returned_to_freelist: 6.
num_chunks_taken_from_freelist: 4650.
num_chunk_merges: 6.
num_chunk_splits: 3410.
num_chunks_enlarged: 2590.
num_inconsistent_stats: 0.

CodeHeap 'non-profiled nmethods': size=119232Kb used=9403Kb max_used=9403Kb free=109828Kb
 bounds [0x0000020e90200000, 0x0000020e90b30000, 0x0000020e97670000]
CodeHeap 'profiled nmethods': size=119104Kb used=36961Kb max_used=36961Kb free=82142Kb
 bounds [0x0000020e88670000, 0x0000020e8aa90000, 0x0000020e8fac0000]
CodeHeap 'non-nmethods': size=7424Kb used=3439Kb max_used=3521Kb free=3985Kb
 bounds [0x0000020e8fac0000, 0x0000020e8fe40000, 0x0000020e90200000]
CodeCache: size=245760Kb, used=49803Kb, max_used=49885Kb, free=195955Kb
 total_blobs=17302, nmethods=16523, adapters=678, full_count=0
Compilation: enabled, stopped_count=0, restarted_count=0

Compilation events (20 events):
Event: 26.035 Thread 0x0000020ee4143e40 20108       3       java.io.FileInputStream::<init> (107 bytes)
Event: 26.035 Thread 0x0000020e9e6f1400 20109       3       java.io.FileInputStream::open (6 bytes)
Event: 26.035 Thread 0x0000020ee4143780 20110   !   3       java.io.FileInputStream::close (69 bytes)
Event: 26.035 Thread 0x0000020e9e7c8230 20111       3       java.io.FileInputStream$1::<init> (10 bytes)
Event: 26.036 Thread 0x0000020e9e6f1400 nmethod 20109 0x0000020e8aa19008 code [0x0000020e8aa19120, 0x0000020e8aa19258]
Event: 26.036 Thread 0x0000020e9e7c8230 nmethod 20111 0x0000020e8aa19308 code [0x0000020e8aa19420, 0x0000020e8aa195f0]
Event: 26.036 Thread 0x0000020e9e6f1400 20112       3       java.io.FileInputStream$1::close (11 bytes)
Event: 26.036 Thread 0x0000020ee4143780 nmethod 20110 0x0000020e8aa19688 code [0x0000020e8aa19800, 0x0000020e8aa19e20]
Event: 26.036 Thread 0x0000020e9e6f1400 nmethod 20112 0x0000020e8aa19e88 code [0x0000020e8aa19fe0, 0x0000020e8aa1a650]
Event: 26.036 Thread 0x0000020ee4143e40 nmethod 20108 0x0000020e8aa1a688 code [0x0000020e8aa1a880, 0x0000020e8aa1b220]
Event: 26.039 Thread 0x0000020e9e6f1400 20113       3       org.h2.engine.Database::findSchema (32 bytes)
Event: 26.040 Thread 0x0000020e9e6f1400 nmethod 20113 0x0000020e8aa1b288 code [0x0000020e8aa1b3e0, 0x0000020e8aa1b768]
Event: 26.040 Thread 0x0000020ee4143e40 20114       3       org.h2.jdbc.JdbcStatement::setExecutingStatement (39 bytes)
Event: 26.040 Thread 0x0000020ee4143e40 nmethod 20114 0x0000020e8aa1b808 code [0x0000020e8aa1b960, 0x0000020e8aa1bdb0]
Event: 26.045 Thread 0x0000020ee4143e40 20115       3       kotlin.collections.SetsKt__SetsKt::setOf (11 bytes)
Event: 26.046 Thread 0x0000020ee4143e40 nmethod 20115 0x0000020e8aa1be08 code [0x0000020e8aa1bfa0, 0x0000020e8aa1c528]
Event: 26.077 Thread 0x0000020ee4143e40 20116       3       org.jetbrains.kotlin.psi.KtAnnotationEntry::<init> (14 bytes)
Event: 26.078 Thread 0x0000020e9e6f1400 20117       3       org.jetbrains.kotlin.resolve.FunctionsFromAny::shouldAddEquals (48 bytes)
Event: 26.078 Thread 0x0000020ee4143780 20118       3       org.jetbrains.kotlin.resolve.FunctionsFromAny::shouldAddHashCode (48 bytes)
Event: 26.078 Thread 0x0000020e9e7c8230 20119       3       org.jetbrains.kotlin.resolve.FunctionsFromAny::shouldAddToString (48 bytes)

GC Heap History (20 events):
Event: 22.494 GC heap after
{Heap after GC invocations=59 (full 0):
 garbage-first heap   total reserved 3604480K, committed 264192K, used 160507K [0x0000000724000000, 0x0000000800000000)
  region size 2048K, 3 young (6144K), 3 survivors (6144K)
 Metaspace       used 78765K, committed 79808K, reserved 1179648K
  class space    used 9083K, committed 9600K, reserved 1048576K
}
Event: 22.803 GC heap before
{Heap before GC invocations=59 (full 0):
 garbage-first heap   total reserved 3604480K, committed 264192K, used 232187K [0x0000000724000000, 0x0000000800000000)
  region size 2048K, 38 young (77824K), 3 survivors (6144K)
 Metaspace       used 78878K, committed 79936K, reserved 1179648K
  class space    used 9084K, committed 9600K, reserved 1048576K
}
Event: 22.808 GC heap after
{Heap after GC invocations=60 (full 0):
 garbage-first heap   total reserved 3604480K, committed 264192K, used 168135K [0x0000000724000000, 0x0000000800000000)
  region size 2048K, 5 young (10240K), 5 survivors (10240K)
 Metaspace       used 78878K, committed 79936K, reserved 1179648K
  class space    used 9084K, committed 9600K, reserved 1048576K
}
Event: 22.996 GC heap before
{Heap before GC invocations=60 (full 0):
 garbage-first heap   total reserved 3604480K, committed 264192K, used 235719K [0x0000000724000000, 0x0000000800000000)
  region size 2048K, 38 young (77824K), 5 survivors (10240K)
 Metaspace       used 78933K, committed 79936K, reserved 1179648K
  class space    used 9085K, committed 9600K, reserved 1048576K
}
Event: 23.001 GC heap after
{Heap after GC invocations=61 (full 0):
 garbage-first heap   total reserved 3604480K, committed 264192K, used 174918K [0x0000000724000000, 0x0000000800000000)
  region size 2048K, 4 young (8192K), 4 survivors (8192K)
 Metaspace       used 78933K, committed 79936K, reserved 1179648K
  class space    used 9085K, committed 9600K, reserved 1048576K
}
Event: 23.314 GC heap before
{Heap before GC invocations=62 (full 0):
 garbage-first heap   total reserved 3604480K, committed 294912K, used 236358K [0x0000000724000000, 0x0000000800000000)
  region size 2048K, 35 young (71680K), 4 survivors (8192K)
 Metaspace       used 78954K, committed 80000K, reserved 1179648K
  class space    used 9085K, committed 9600K, reserved 1048576K
}
Event: 23.319 GC heap after
{Heap after GC invocations=63 (full 0):
 garbage-first heap   total reserved 3604480K, committed 294912K, used 179677K [0x0000000724000000, 0x0000000800000000)
  region size 2048K, 4 young (8192K), 4 survivors (8192K)
 Metaspace       used 78954K, committed 80000K, reserved 1179648K
  class space    used 9085K, committed 9600K, reserved 1048576K
}
Event: 23.955 GC heap before
{Heap before GC invocations=63 (full 0):
 garbage-first heap   total reserved 3604480K, committed 294912K, used 261597K [0x0000000724000000, 0x0000000800000000)
  region size 2048K, 44 young (90112K), 4 survivors (8192K)
 Metaspace       used 79212K, committed 80256K, reserved 1179648K
  class space    used 9102K, committed 9600K, reserved 1048576K
}
Event: 23.962 GC heap after
{Heap after GC invocations=64 (full 0):
 garbage-first heap   total reserved 3604480K, committed 354304K, used 189616K [0x0000000724000000, 0x0000000800000000)
  region size 2048K, 6 young (12288K), 6 survivors (12288K)
 Metaspace       used 79212K, committed 80256K, reserved 1179648K
  class space    used 9102K, committed 9600K, reserved 1048576K
}
Event: 24.400 GC heap before
{Heap before GC invocations=64 (full 0):
 garbage-first heap   total reserved 3604480K, committed 354304K, used 289968K [0x0000000724000000, 0x0000000800000000)
  region size 2048K, 55 young (112640K), 6 survivors (12288K)
 Metaspace       used 79281K, committed 80320K, reserved 1179648K
  class space    used 9105K, committed 9600K, reserved 1048576K
}
Event: 24.406 GC heap after
{Heap after GC invocations=65 (full 0):
 garbage-first heap   total reserved 3604480K, committed 354304K, used 199028K [0x0000000724000000, 0x0000000800000000)
  region size 2048K, 6 young (12288K), 6 survivors (12288K)
 Metaspace       used 79281K, committed 80320K, reserved 1179648K
  class space    used 9105K, committed 9600K, reserved 1048576K
}
Event: 24.606 GC heap before
{Heap before GC invocations=65 (full 0):
 garbage-first heap   total reserved 3604480K, committed 354304K, used 297332K [0x0000000724000000, 0x0000000800000000)
  region size 2048K, 54 young (110592K), 6 survivors (12288K)
 Metaspace       used 79302K, committed 80384K, reserved 1179648K
  class space    used 9105K, committed 9600K, reserved 1048576K
}
Event: 24.612 GC heap after
{Heap after GC invocations=66 (full 0):
 garbage-first heap   total reserved 3604480K, committed 354304K, used 210756K [0x0000000724000000, 0x0000000800000000)
  region size 2048K, 6 young (12288K), 6 survivors (12288K)
 Metaspace       used 79302K, committed 80384K, reserved 1179648K
  class space    used 9105K, committed 9600K, reserved 1048576K
}
Event: 24.923 GC heap before
{Heap before GC invocations=66 (full 0):
 garbage-first heap   total reserved 3604480K, committed 354304K, used 307012K [0x0000000724000000, 0x0000000800000000)
  region size 2048K, 53 young (108544K), 6 survivors (12288K)
 Metaspace       used 79397K, committed 80448K, reserved 1179648K
  class space    used 9106K, committed 9600K, reserved 1048576K
}
Event: 24.928 GC heap after
{Heap after GC invocations=67 (full 0):
 garbage-first heap   total reserved 3604480K, committed 354304K, used 217879K [0x0000000724000000, 0x0000000800000000)
  region size 2048K, 5 young (10240K), 5 survivors (10240K)
 Metaspace       used 79397K, committed 80448K, reserved 1179648K
  class space    used 9106K, committed 9600K, reserved 1048576K
}
Event: 25.451 GC heap before
{Heap before GC invocations=67 (full 0):
 garbage-first heap   total reserved 3604480K, committed 354304K, used 314135K [0x0000000724000000, 0x0000000800000000)
  region size 2048K, 52 young (106496K), 5 survivors (10240K)
 Metaspace       used 79779K, committed 80768K, reserved 1179648K
  class space    used 9115K, committed 9600K, reserved 1048576K
}
Event: 25.458 GC heap after
{Heap after GC invocations=68 (full 0):
 garbage-first heap   total reserved 3604480K, committed 354304K, used 231202K [0x0000000724000000, 0x0000000800000000)
  region size 2048K, 7 young (14336K), 7 survivors (14336K)
 Metaspace       used 79779K, committed 80768K, reserved 1179648K
  class space    used 9115K, committed 9600K, reserved 1048576K
}
Event: 25.857 GC heap before
{Heap before GC invocations=69 (full 0):
 garbage-first heap   total reserved 3604480K, committed 387072K, used 317218K [0x0000000724000000, 0x0000000800000000)
  region size 2048K, 50 young (102400K), 7 survivors (14336K)
 Metaspace       used 80022K, committed 81088K, reserved 1179648K
  class space    used 9121K, committed 9600K, reserved 1048576K
}
Event: 25.865 GC heap after
{Heap after GC invocations=70 (full 0):
 garbage-first heap   total reserved 3604480K, committed 387072K, used 243985K [0x0000000724000000, 0x0000000800000000)
  region size 2048K, 7 young (14336K), 7 survivors (14336K)
 Metaspace       used 80022K, committed 81088K, reserved 1179648K
  class space    used 9121K, committed 9600K, reserved 1048576K
}
Event: 26.089 GC heap before
{Heap before GC invocations=70 (full 0):
 garbage-first heap   total reserved 3604480K, committed 387072K, used 342289K [0x0000000724000000, 0x0000000800000000)
  region size 2048K, 55 young (112640K), 7 survivors (14336K)
 Metaspace       used 80101K, committed 81152K, reserved 1179648K
  class space    used 9121K, committed 9600K, reserved 1048576K
}

Dll operation events (8 events):
Event: 0.010 Loaded shared library C:\Program Files\Java\jdk-23\bin\java.dll
Event: 0.052 Loaded shared library C:\Program Files\Java\jdk-23\bin\jsvml.dll
Event: 0.110 Loaded shared library C:\Program Files\Java\jdk-23\bin\net.dll
Event: 0.113 Loaded shared library C:\Program Files\Java\jdk-23\bin\nio.dll
Event: 0.120 Loaded shared library C:\Program Files\Java\jdk-23\bin\zip.dll
Event: 0.235 Loaded shared library C:\Program Files\Java\jdk-23\bin\jimage.dll
Event: 1.789 Loaded shared library C:\Program Files\Java\jdk-23\bin\verify.dll
Event: 3.598 Loaded shared library C:\Users\Haqii\AppData\Local\Temp\sqlite-3.41.2.1-5558fe70-61ba-449b-b0d0-771b9a069d5e-sqlitejdbc.dll

Deoptimization events (20 events):
Event: 25.673 Thread 0x0000020eef6ade70 Uncommon trap: trap_request=0xffffffc6 fr.pc=0x0000020e90a3c5ec relative=0x0000000000005d0c
Event: 25.673 Thread 0x0000020eef6ade70 Uncommon trap: reason=bimorphic_or_optimized_type_check action=maybe_recompile pc=0x0000020e90a3c5ec method=org.jetbrains.kotlin.resolve.calls.tower.PSICallResolver.resolveReceiver(Lorg/jetbrains/kotlin/resolve/calls/context/BasicCallResolutionContext;Lor
Event: 25.673 Thread 0x0000020eef6ade70 DEOPT PACKING pc=0x0000020e90a3c5ec sp=0x000000dccb1fd890
Event: 25.673 Thread 0x0000020eef6ade70 DEOPT UNPACKING pc=0x0000020e8fb14402 sp=0x000000dccb1fd7a0 mode 2
Event: 25.686 Thread 0x0000020eef6ade70 Uncommon trap: trap_request=0xffffffde fr.pc=0x0000020e908934d0 relative=0x00000000000000b0
Event: 25.686 Thread 0x0000020eef6ade70 Uncommon trap: reason=class_check action=maybe_recompile pc=0x0000020e908934d0 method=org.jetbrains.kotlin.descriptors.annotations.AnnotationSplitter$LazySplitAnnotations.getAnnotations()Lorg/jetbrains/kotlin/descriptors/annotations/Annotations; @ 13 c2
Event: 25.686 Thread 0x0000020eef6ade70 DEOPT PACKING pc=0x0000020e908934d0 sp=0x000000dccb1fe270
Event: 25.686 Thread 0x0000020eef6ade70 DEOPT UNPACKING pc=0x0000020e8fb14402 sp=0x000000dccb1fe1a0 mode 2
Event: 25.726 Thread 0x0000020eef6ade70 Uncommon trap: trap_request=0xffffffde fr.pc=0x0000020e908934d0 relative=0x00000000000000b0
Event: 25.726 Thread 0x0000020eef6ade70 Uncommon trap: reason=class_check action=maybe_recompile pc=0x0000020e908934d0 method=org.jetbrains.kotlin.descriptors.annotations.AnnotationSplitter$LazySplitAnnotations.getAnnotations()Lorg/jetbrains/kotlin/descriptors/annotations/Annotations; @ 13 c2
Event: 25.726 Thread 0x0000020eef6ade70 DEOPT PACKING pc=0x0000020e908934d0 sp=0x000000dccb1fe140
Event: 25.726 Thread 0x0000020eef6ade70 DEOPT UNPACKING pc=0x0000020e8fb14402 sp=0x000000dccb1fe070 mode 2
Event: 25.726 Thread 0x0000020eef6ade70 Uncommon trap: trap_request=0xffffffde fr.pc=0x0000020e908934d0 relative=0x00000000000000b0
Event: 25.726 Thread 0x0000020eef6ade70 Uncommon trap: reason=class_check action=maybe_recompile pc=0x0000020e908934d0 method=org.jetbrains.kotlin.descriptors.annotations.AnnotationSplitter$LazySplitAnnotations.getAnnotations()Lorg/jetbrains/kotlin/descriptors/annotations/Annotations; @ 13 c2
Event: 25.726 Thread 0x0000020eef6ade70 DEOPT PACKING pc=0x0000020e908934d0 sp=0x000000dccb1fe150
Event: 25.726 Thread 0x0000020eef6ade70 DEOPT UNPACKING pc=0x0000020e8fb14402 sp=0x000000dccb1fe080 mode 2
Event: 25.733 Thread 0x0000020eef6ade70 Uncommon trap: trap_request=0xffffffde fr.pc=0x0000020e908934d0 relative=0x00000000000000b0
Event: 25.733 Thread 0x0000020eef6ade70 Uncommon trap: reason=class_check action=maybe_recompile pc=0x0000020e908934d0 method=org.jetbrains.kotlin.descriptors.annotations.AnnotationSplitter$LazySplitAnnotations.getAnnotations()Lorg/jetbrains/kotlin/descriptors/annotations/Annotations; @ 13 c2
Event: 25.733 Thread 0x0000020eef6ade70 DEOPT PACKING pc=0x0000020e908934d0 sp=0x000000dccb1fe140
Event: 25.733 Thread 0x0000020eef6ade70 DEOPT UNPACKING pc=0x0000020e8fb14402 sp=0x000000dccb1fe070 mode 2

Classes loaded (20 events):
Event: 10.728 Loading class java/util/stream/SliceOps
Event: 10.729 Loading class java/util/stream/SliceOps done
Event: 10.729 Loading class java/util/stream/SliceOps$1
Event: 10.729 Loading class java/util/stream/SliceOps$1 done
Event: 10.730 Loading class java/util/stream/SliceOps$1$1
Event: 10.730 Loading class java/util/stream/SliceOps$1$1 done
Event: 10.787 Loading class java/util/EnumMap$EntrySet
Event: 10.787 Loading class java/util/EnumMap$EntrySet done
Event: 10.787 Loading class java/util/EnumMap$EntryIterator
Event: 10.787 Loading class java/util/EnumMap$EnumMapIterator
Event: 10.787 Loading class java/util/EnumMap$EnumMapIterator done
Event: 10.787 Loading class java/util/EnumMap$EntryIterator done
Event: 10.788 Loading class java/util/EnumMap$EntryIterator$Entry
Event: 10.788 Loading class java/util/EnumMap$EntryIterator$Entry done
Event: 11.134 Loading class java/lang/Character$UnicodeBlock
Event: 11.135 Loading class java/lang/Character$Subset
Event: 11.135 Loading class java/lang/Character$Subset done
Event: 11.137 Loading class java/lang/Character$UnicodeBlock done
Event: 15.111 Loading class java/util/function/IntBinaryOperator
Event: 15.111 Loading class java/util/function/IntBinaryOperator done

Classes unloaded (0 events):
No events

Classes redefined (0 events):
No events

Internal exceptions (20 events):
Event: 11.195 Thread 0x0000020eef6ade70 Exception <a 'java/lang/NoSuchMethodError'{0x00000007291835d0}: 'java.lang.Object java.lang.invoke.DirectMethodHandle$Holder.newInvokeSpecial(java.lang.Object, java.lang.Object, java.lang.Object, java.lang.Object, java.lang.Object, java.lang.Object, java.lang.Object, java.lang.Object, int)'> (0x00000007291835d0) 
thrown [s\open\src\hotspot\share\interpreter\linkResolver.cpp, line 796]
Event: 11.195 Thread 0x0000020eef6ade70 Exception <a 'java/lang/NoSuchMethodError'{0x0000000729187d18}: 'java.lang.Object java.lang.invoke.DirectMethodHandle$Holder.invokeSpecial(java.lang.Object, java.lang.Object, java.lang.Object, java.lang.Object, java.lang.Object, java.lang.Object, java.lang.Object, java.lang.Object, java.lang.Object, int)'> (0x0000000729187d18) 
thrown [s\open\src\hotspot\share\interpreter\linkResolver.cpp, line 796]
Event: 11.196 Thread 0x0000020eef6ade70 Exception <a 'java/lang/NoSuchMethodError'{0x000000072918bf40}: 'java.lang.Object java.lang.invoke.Invokers$Holder.linkToTargetMethod(java.lang.Object, java.lang.Object, java.lang.Object, java.lang.Object, java.lang.Object, java.lang.Object, java.lang.Object, int, java.lang.Object)'> (0x000000072918bf40) 
thrown [s\open\src\hotspot\share\interpreter\linkResolver.cpp, line 796]
Event: 11.485 Thread 0x0000020eef6ade70 Exception <a 'java/lang/NoSuchMethodError'{0x000000072afb6d30}: 'java.lang.Object java.lang.invoke.DirectMethodHandle$Holder.invokeStatic(java.lang.Object, int, java.lang.Object)'> (0x000000072afb6d30) 
thrown [s\open\src\hotspot\share\interpreter\linkResolver.cpp, line 796]
Event: 11.736 Thread 0x0000020eef6ade70 Implicit null exception at 0x0000020e90565640 to 0x0000020e90565714
Event: 11.925 Thread 0x0000020eef6ade70 Exception <a 'java/lang/NoSuchMethodError'{0x000000072fc9d6a8}: 'java.lang.Object java.lang.invoke.DirectMethodHandle$Holder.invokeSpecial(java.lang.Object, java.lang.Object, int, java.lang.Object, java.lang.Object)'> (0x000000072fc9d6a8) 
thrown [s\open\src\hotspot\share\interpreter\linkResolver.cpp, line 796]
Event: 12.014 Thread 0x0000020eef6ade70 Exception <a 'java/lang/NoSuchMethodError'{0x000000072af0f8e8}: 'java.lang.Object java.lang.invoke.DirectMethodHandle$Holder.newInvokeSpecial(java.lang.Object, java.lang.Object, java.lang.Object, java.lang.Object, int, int)'> (0x000000072af0f8e8) 
thrown [s\open\src\hotspot\share\interpreter\linkResolver.cpp, line 796]
Event: 14.504 Thread 0x0000020eef6ade70 Exception <a 'java/lang/NoSuchMethodError'{0x000000072ae993e8}: 'java.lang.Object java.lang.invoke.DirectMethodHandle$Holder.invokeStatic(java.lang.Object, int, java.lang.Object, java.lang.Object)'> (0x000000072ae993e8) 
thrown [s\open\src\hotspot\share\interpreter\linkResolver.cpp, line 796]
Event: 14.504 Thread 0x0000020eef6ade70 Exception <a 'java/lang/NoSuchMethodError'{0x000000072aea0078}: 'java.lang.Object java.lang.invoke.DirectMethodHandle$Holder.newInvokeSpecial(java.lang.Object, int, java.lang.Object)'> (0x000000072aea0078) 
thrown [s\open\src\hotspot\share\interpreter\linkResolver.cpp, line 796]
Event: 14.982 Thread 0x0000020eef6ade70 Exception <a 'java/lang/NoSuchMethodError'{0x000000072b7b4520}: 'java.lang.Object java.lang.invoke.DirectMethodHandle$Holder.invokeStatic(java.lang.Object, java.lang.Object, int, java.lang.Object)'> (0x000000072b7b4520) 
thrown [s\open\src\hotspot\share\interpreter\linkResolver.cpp, line 796]
Event: 14.982 Thread 0x0000020eef6ade70 Exception <a 'java/lang/NoSuchMethodError'{0x000000072b7baee0}: 'java.lang.Object java.lang.invoke.DirectMethodHandle$Holder.newInvokeSpecial(java.lang.Object, java.lang.Object, int, java.lang.Object)'> (0x000000072b7baee0) 
thrown [s\open\src\hotspot\share\interpreter\linkResolver.cpp, line 796]
Event: 14.983 Thread 0x0000020eef6ade70 Exception <a 'java/lang/NoSuchMethodError'{0x000000072b7beaf8}: 'java.lang.Object java.lang.invoke.DirectMethodHandle$Holder.invokeSpecial(java.lang.Object, java.lang.Object, java.lang.Object, int, java.lang.Object)'> (0x000000072b7beaf8) 
thrown [s\open\src\hotspot\share\interpreter\linkResolver.cpp, line 796]
Event: 14.983 Thread 0x0000020eef6ade70 Exception <a 'java/lang/NoSuchMethodError'{0x000000072b7c2220}: 'java.lang.Object java.lang.invoke.Invokers$Holder.linkToTargetMethod(java.lang.Object, int, java.lang.Object, java.lang.Object)'> (0x000000072b7c2220) 
thrown [s\open\src\hotspot\share\interpreter\linkResolver.cpp, line 796]
Event: 15.002 Thread 0x0000020eef6ade70 Implicit null exception at 0x0000020e906a0a05 to 0x0000020e906a0fc0
Event: 17.355 Thread 0x0000020eef6ade70 Exception <a 'java/lang/NoSuchMethodError'{0x000000072ff41688}: 'int java.lang.invoke.DirectMethodHandle$Holder.invokeStatic(java.lang.Object, java.lang.Object, int, java.lang.Object)'> (0x000000072ff41688) 
thrown [s\open\src\hotspot\share\interpreter\linkResolver.cpp, line 796]
Event: 17.364 Thread 0x0000020eef6ade70 Exception <a 'java/lang/IncompatibleClassChangeError'{0x000000072ffb4360}: Found class java.lang.Object, but interface was expected> (0x000000072ffb4360) 
thrown [s\open\src\hotspot\share\interpreter\linkResolver.cpp, line 863]
Event: 17.365 Thread 0x0000020eef6ade70 Exception <a 'java/lang/NoSuchMethodError'{0x000000072ffb7178}: 'int java.lang.invoke.DirectMethodHandle$Holder.invokeSpecialIFC(java.lang.Object, java.lang.Object, java.lang.Object)'> (0x000000072ffb7178) 
thrown [s\open\src\hotspot\share\interpreter\linkResolver.cpp, line 796]
Event: 25.296 Thread 0x0000020eef6ade70 Implicit null exception at 0x0000020e9087eb47 to 0x0000020e9087f2f8
Event: 25.343 Thread 0x0000020eef6ade70 Implicit null exception at 0x0000020e906a4380 to 0x0000020e906a468c
Event: 25.343 Thread 0x0000020eef6ade70 Implicit null exception at 0x0000020e90ad0860 to 0x0000020e90ad13b8

VM Operations (20 events):
Event: 23.962 Executing VM operation: G1CollectForAllocation (G1 Evacuation Pause) done
Event: 24.400 Executing VM operation: G1CollectForAllocation (G1 Evacuation Pause)
Event: 24.406 Executing VM operation: G1CollectForAllocation (G1 Evacuation Pause) done
Event: 24.606 Executing VM operation: G1CollectForAllocation (G1 Evacuation Pause)
Event: 24.612 Executing VM operation: G1CollectForAllocation (G1 Evacuation Pause) done
Event: 24.923 Executing VM operation: G1CollectForAllocation (G1 Evacuation Pause)
Event: 24.928 Executing VM operation: G1CollectForAllocation (G1 Evacuation Pause) done
Event: 25.451 Executing VM operation: G1CollectForAllocation (G1 Evacuation Pause)
Event: 25.458 Executing VM operation: G1CollectForAllocation (G1 Evacuation Pause) done
Event: 25.595 Executing VM operation: G1PauseRemark
Event: 25.604 Executing VM operation: G1PauseRemark done
Event: 25.635 Executing VM operation: G1PauseCleanup
Event: 25.635 Executing VM operation: G1PauseCleanup done
Event: 25.654 Executing VM operation: HandshakeAllThreads (Deoptimize)
Event: 25.654 Executing VM operation: HandshakeAllThreads (Deoptimize) done
Event: 25.656 Executing VM operation: HandshakeAllThreads (Deoptimize)
Event: 25.657 Executing VM operation: HandshakeAllThreads (Deoptimize) done
Event: 25.857 Executing VM operation: G1CollectForAllocation (G1 Evacuation Pause)
Event: 25.865 Executing VM operation: G1CollectForAllocation (G1 Evacuation Pause) done
Event: 26.089 Executing VM operation: G1CollectForAllocation (G1 Evacuation Pause)

Memory protections (0 events):
No events

Nmethod flushes (20 events):
Event: 25.602 Thread 0x0000020e9e672c90 flushing  nmethod 0x0000020e88ec7408
Event: 25.602 Thread 0x0000020e9e672c90 flushing  nmethod 0x0000020e88ec7708
Event: 25.602 Thread 0x0000020e9e672c90 flushing  nmethod 0x0000020e89022908
Event: 25.602 Thread 0x0000020e9e672c90 flushing  nmethod 0x0000020e8925b388
Event: 25.602 Thread 0x0000020e9e672c90 flushing  nmethod 0x0000020e8925bb08
Event: 25.602 Thread 0x0000020e9e672c90 flushing  nmethod 0x0000020e8941a288
Event: 25.602 Thread 0x0000020e9e672c90 flushing  nmethod 0x0000020e8941a708
Event: 25.602 Thread 0x0000020e9e672c90 flushing  nmethod 0x0000020e8a1ddd08
Event: 25.602 Thread 0x0000020e9e672c90 flushing  nmethod 0x0000020e8a3a0708
Event: 25.602 Thread 0x0000020e9e672c90 flushing  nmethod 0x0000020e8a582808
Event: 25.602 Thread 0x0000020e9e672c90 flushing  nmethod 0x0000020e8a583208
Event: 25.602 Thread 0x0000020e9e672c90 flushing  nmethod 0x0000020e8a6d9608
Event: 25.602 Thread 0x0000020e9e672c90 flushing  nmethod 0x0000020e8875f908
Event: 25.602 Thread 0x0000020e9e672c90 flushing  nmethod 0x0000020e88de6608
Event: 25.602 Thread 0x0000020e9e672c90 flushing  nmethod 0x0000020e89143208
Event: 25.602 Thread 0x0000020e9e672c90 flushing  nmethod 0x0000020e892d2508
Event: 25.602 Thread 0x0000020e9e672c90 flushing  nmethod 0x0000020e893c2a88
Event: 25.602 Thread 0x0000020e9e672c90 flushing  nmethod 0x0000020e893c4e08
Event: 25.602 Thread 0x0000020e9e672c90 flushing  nmethod 0x0000020e8960e908
Event: 25.602 Thread 0x0000020e9e672c90 flushing  nmethod 0x0000020e8a4fb688

Events (20 events):
Event: 2.905 Thread 0x0000020e9e697f40 Thread exited: 0x0000020e9e697f40
Event: 2.956 Thread 0x0000020e9e7c8230 Thread added: 0x0000020ee5697020
Event: 2.956 Thread 0x0000020e9e7c8230 Thread added: 0x0000020ee56976e0
Event: 3.265 Thread 0x0000020eff1ab8e0 Thread added: 0x0000020e9e698c60
Event: 3.266 Thread 0x0000020eff1ab8e0 Thread exited: 0x0000020eff1ab8e0
Event: 3.266 Thread 0x0000020eef6aeb90 Thread added: 0x0000020eef6aeb90
Event: 3.375 Thread 0x0000020e9e698c60 Thread added: 0x0000020eef6ac430
Event: 4.814 Thread 0x0000020ee5697020 Thread exited: 0x0000020ee5697020
Event: 4.814 Thread 0x0000020ee56976e0 Thread exited: 0x0000020ee56976e0
Event: 4.930 Thread 0x0000020eef6ac430 Thread added: 0x0000020eef6aff40
Event: 4.937 Thread 0x0000020ee4143e40 Thread added: 0x0000020ef074b680
Event: 5.025 Thread 0x0000020e9e6a3880 Thread added: 0x0000020ef11c58e0
Event: 5.342 Thread 0x0000020eef6ac430 Thread added: 0x0000020eef6ade70
Event: 7.622 Thread 0x0000020ef11c58e0 Thread exited: 0x0000020ef11c58e0
Event: 8.867 Thread 0x0000020e9e6a3880 Thread added: 0x0000020ef007c560
Event: 9.366 Thread 0x0000020eef6ade70 Thread added: 0x0000020ef01a8f60
Event: 10.450 Thread 0x0000020ef007c560 Thread exited: 0x0000020ef007c560
Event: 13.107 Thread 0x0000020ee4143e40 Thread added: 0x0000020ef07dd4f0
Event: 19.151 Thread 0x0000020ee4143e40 Thread added: 0x0000020ef1c8d080
Event: 23.480 Thread 0x0000020ef1c8d080 Thread exited: 0x0000020ef1c8d080


Dynamic libraries:
0x00007ff6fa090000 - 0x00007ff6fa0a0000 	C:\Program Files\Java\jdk-23\bin\java.exe
0x00007fff38280000 - 0x00007fff384e7000 	C:\WINDOWS\SYSTEM32\ntdll.dll
0x00007fff36a10000 - 0x00007fff36ad9000 	C:\WINDOWS\System32\KERNEL32.DLL
0x00007fff355d0000 - 0x00007fff359bf000 	C:\WINDOWS\System32\KERNELBASE.dll
0x00007fff35480000 - 0x00007fff355cb000 	C:\WINDOWS\System32\ucrtbase.dll
0x00007ffee5aa0000 - 0x00007ffee5abb000 	C:\Program Files\Java\jdk-23\bin\VCRUNTIME140.dll
0x00007fff09df0000 - 0x00007fff09e07000 	C:\Program Files\Java\jdk-23\bin\jli.dll
0x00007fff38060000 - 0x00007fff38225000 	C:\WINDOWS\System32\USER32.dll
0x00007fff23ca0000 - 0x00007fff23f33000 	C:\WINDOWS\WinSxS\amd64_microsoft.windows.common-controls_6595b64144ccf1df_6.0.26100.7309_none_3e05feeae336a044\COMCTL32.dll
0x00007fff35e70000 - 0x00007fff35e97000 	C:\WINDOWS\System32\win32u.dll
0x00007fff37ea0000 - 0x00007fff37f49000 	C:\WINDOWS\System32\msvcrt.dll
0x00007fff36b30000 - 0x00007fff36b5b000 	C:\WINDOWS\System32\GDI32.dll
0x00007fff35bd0000 - 0x00007fff35cfc000 	C:\WINDOWS\System32\gdi32full.dll
0x00007fff35a60000 - 0x00007fff35b03000 	C:\WINDOWS\System32\msvcp_win.dll
0x00007fff36520000 - 0x00007fff36551000 	C:\WINDOWS\System32\IMM32.DLL
0x00007fff11f60000 - 0x00007fff11f6c000 	C:\Program Files\Java\jdk-23\bin\vcruntime140_1.dll
0x00007ffecdc80000 - 0x00007ffecdd0e000 	C:\Program Files\Java\jdk-23\bin\msvcp140.dll
0x00007ffea9800000 - 0x00007ffeaa54f000 	C:\Program Files\Java\jdk-23\bin\server\jvm.dll
0x00007fff37380000 - 0x00007fff37434000 	C:\WINDOWS\System32\ADVAPI32.dll
0x00007fff36790000 - 0x00007fff36836000 	C:\WINDOWS\System32\sechost.dll
0x00007fff36670000 - 0x00007fff36788000 	C:\WINDOWS\System32\RPCRT4.dll
0x00007fff37f70000 - 0x00007fff37fe4000 	C:\WINDOWS\System32\WS2_32.dll
0x00007fff280a0000 - 0x00007fff280ab000 	C:\WINDOWS\SYSTEM32\VERSION.dll
0x00007fff35250000 - 0x00007fff352ae000 	C:\WINDOWS\SYSTEM32\POWRPROF.dll
0x00007fff28120000 - 0x00007fff28155000 	C:\WINDOWS\SYSTEM32\WINMM.dll
0x00007fff35230000 - 0x00007fff35244000 	C:\WINDOWS\SYSTEM32\UMPDC.dll
0x00007fff34180000 - 0x00007fff3419b000 	C:\WINDOWS\SYSTEM32\kernel.appcore.dll
0x00007fff11e30000 - 0x00007fff11e3a000 	C:\Program Files\Java\jdk-23\bin\jimage.dll
0x00007fff2da80000 - 0x00007fff2dcc2000 	C:\WINDOWS\SYSTEM32\DBGHELP.DLL
0x00007fff36b60000 - 0x00007fff36ee5000 	C:\WINDOWS\System32\combase.dll
0x00007fff36340000 - 0x00007fff36416000 	C:\WINDOWS\System32\OLEAUT32.dll
0x00007fff1c840000 - 0x00007fff1c87c000 	C:\WINDOWS\SYSTEM32\dbgcore.DLL
0x00007fff353d0000 - 0x00007fff35475000 	C:\WINDOWS\System32\bcryptPrimitives.dll
0x00007ffee5a80000 - 0x00007ffee5a9e000 	C:\Program Files\Java\jdk-23\bin\java.dll
0x00007fff361a0000 - 0x00007fff36337000 	C:\WINDOWS\System32\ole32.dll
0x00007fff37740000 - 0x00007fff37e93000 	C:\WINDOWS\System32\SHELL32.dll
0x00007fff35d00000 - 0x00007fff35e6a000 	C:\WINDOWS\System32\wintypes.dll
0x00007fff33010000 - 0x00007fff3386e000 	C:\WINDOWS\SYSTEM32\windows.storage.dll
0x00007fff36420000 - 0x00007fff36515000 	C:\WINDOWS\System32\SHCORE.dll
0x00007fff37ff0000 - 0x00007fff38056000 	C:\WINDOWS\System32\shlwapi.dll
0x00007fff352f0000 - 0x00007fff35319000 	C:\WINDOWS\SYSTEM32\profapi.dll
0x00007ffebfdc0000 - 0x00007ffebfe97000 	C:\Program Files\Java\jdk-23\bin\jsvml.dll
0x00007fff0f5c0000 - 0x00007fff0f5d0000 	C:\Program Files\Java\jdk-23\bin\net.dll
0x00007fff346f0000 - 0x00007fff3475b000 	C:\WINDOWS\system32\mswsock.dll
0x00007ffee5a40000 - 0x00007ffee5a56000 	C:\Program Files\Java\jdk-23\bin\nio.dll
0x00007ffee59a0000 - 0x00007ffee59b7000 	C:\Program Files\Java\jdk-23\bin\zip.dll
0x00007fff349b0000 - 0x00007fff349cb000 	C:\WINDOWS\SYSTEM32\CRYPTSP.dll
0x00007fff340e0000 - 0x00007fff3411a000 	C:\WINDOWS\system32\rsaenh.dll
0x00007fff347a0000 - 0x00007fff347cb000 	C:\WINDOWS\SYSTEM32\USERENV.dll
0x00007fff352c0000 - 0x00007fff352ea000 	C:\WINDOWS\SYSTEM32\bcrypt.dll
0x00007fff349d0000 - 0x00007fff349dc000 	C:\WINDOWS\SYSTEM32\CRYPTBASE.dll
0x00007fff33b90000 - 0x00007fff33bc4000 	C:\WINDOWS\SYSTEM32\IPHLPAPI.DLL
0x00007fff37730000 - 0x00007fff3773a000 	C:\WINDOWS\System32\NSI.dll
0x00007fff083d0000 - 0x00007fff083e0000 	C:\Program Files\Java\jdk-23\bin\verify.dll
0x00007ffeb23a0000 - 0x00007ffeb2489000 	C:\Users\Haqii\AppData\Local\Temp\sqlite-3.41.2.1-5558fe70-61ba-449b-b0d0-771b9a069d5e-sqlitejdbc.dll

dbghelp: loaded successfully - version: 4.0.5 - missing functions: none
symbol engine: initialized successfully - sym options: 0x614 - pdb path: .;C:\Program Files\Java\jdk-23\bin;C:\WINDOWS\SYSTEM32;C:\WINDOWS\WinSxS\amd64_microsoft.windows.common-controls_6595b64144ccf1df_6.0.26100.7309_none_3e05feeae336a044;C:\Program Files\Java\jdk-23\bin\server;C:\Users\Haqii\AppData\Local\Temp

VM Arguments:
jvm_args: -DkotlinLanguageServer.version=1.3.13 
java_command: org.javacs.kt.MainKt
java_class_path (initial): c:\Users\Haqii\AppData\Roaming\Code\User\globalStorage\fwcd.kotlin\langServerInstall\server\lib\server-1.3.13.jar;c:\Users\Haqii\AppData\Roaming\Code\User\globalStorage\fwcd.kotlin\langServerInstall\server\lib\shared-1.3.13.jar;c:\Users\Haqii\AppData\Roaming\Code\User\globalStorage\fwcd.kotlin\langServerInstall\server\lib\kotlin-scripting-jvm-host-unshaded-2.1.0.jar;c:\Users\Haqii\AppData\Roaming\Code\User\globalStorage\fwcd.kotlin\langServerInstall\server\lib\kotlin-scripting-compiler-2.1.0.jar;c:\Users\Haqii\AppData\Roaming\Code\User\globalStorage\fwcd.kotlin\langServerInstall\server\lib\ktfmt-b5d31d1.jar;c:\Users\Haqii\AppData\Roaming\Code\User\globalStorage\fwcd.kotlin\langServerInstall\server\lib\kotlin-compiler-2.1.0.jar;c:\Users\Haqii\AppData\Roaming\Code\User\globalStorage\fwcd.kotlin\langServerInstall\server\lib\exposed-dao-0.37.3.jar;c:\Users\Haqii\AppData\Roaming\Code\User\globalStorage\fwcd.kotlin\langServerInstall\server\lib\exposed-jdbc-0.37.3.jar;c:\Users\Haqii\AppData\Roaming\Code\User\globalStorage\fwcd.kotlin\langServerInstall\server\lib\exposed-core-0.37.3.jar;c:\Users\Haqii\AppData\Roaming\Code\User\globalStorage\fwcd.kotlin\langServerInstall\server\lib\kotlin-scripting-compiler-impl-2.1.0.jar;c:\Users\Haqii\AppData\Roaming\Code\User\globalStorage\fwcd.kotlin\langServerInstall\server\lib\kotlin-reflect-2.1.0.jar;c:\Users\Haqii\AppData\Roaming\Code\User\globalStorage\fwcd.kotlin\langServerInstall\server\lib\kotlin-scripting-jvm-2.1.0.jar;c:\Users\Haqii\AppData\Roaming\Code\User\globalStorage\fwcd.kotlin\langServerInstall\server\lib\kotlin-scripting-common-2.1.0.jar;c:\Users\Haqii\AppData\Roaming\Code\User\globalStorage\fwcd.kotlin\langServerInstall\server\lib\kotlinx-coroutines-core-jvm-1.6.4.jar;c:\Users\Haqii\AppData\Roaming\Code\User\globalStorage\fwcd.kotlin\langServerInstall\server\lib\kotlin-stdlib-jdk8-2.1.0.jar;c:\Users\Haqii\AppData\Roaming\Code\User\globalStorage\fwcd.kotlin\langServerInstall\server\lib\kotlin-stdlib-jdk7-2.1.0.jar;c:\Users\Haqii\AppData\Roaming\Code\User\globalStorage\fwcd.kotlin\langServerInstall\server\lib\kotlin-stdlib-2.1.0.jar;c:\Users\Haqii\AppData\Roaming\Code\User\globalStorage\fwcd.kotlin\langServerInstall\server\lib\org.eclipse.lsp4j-0.21.2.jar;c:\Users\Haqii\AppData\Roaming\Code\User\globalStorage\fwcd.kotlin\langServerInstall\server\lib\org.eclipse.lsp4j.jsonrpc-0.21.2.jar;c:\Users\Haqii\AppData\Roaming\Code\User\globalStorage\fwcd.kotlin\langServerInstall\server\lib\kotlin-sam-with-receiver-compiler-plugin-2.1.0.jar;c:\Users\Haqii\AppData\Roaming\Code\User\globalStorage\fwcd.kotlin\langServerInstall\server\lib\fernflower-1.0.jar;c:\Users\Haqii\AppData\Roaming\Code\User\globalStorage\fwcd.kotlin\langServerInstall\server\lib\h2-1.4.200.jar;c:\Users\Haqii\AppData\Roaming\Code\User\globalStorage\fwcd.kotlin\langServerInstall\server\lib\jcommander-1.78.jar;c:\Users\Haqii\AppData\Roaming\Code\User\globalStorage\fwcd.kotlin\langServerInstall\server\lib\sqlite-jdbc-3.41.2.1.jar;c:\Users\Haqii\AppData\Roaming\Code\User\globalStorage\fwcd.kotlin\langServerInstall\server\lib\google-java-format-1.8.jar;c:\Users\Haqii\AppData\Roaming\Code\User\globalStorage\fwcd.kotlin\langServerInstall\server\lib\guava-33.3.0-jre.jar;c:\Users\Haqii\AppData\Roaming\Code\User\globalStorage\fwcd.kotlin\langServerInstall\server\lib\annotations-13.0.jar;c:\Users\Haqii\AppData\Roaming\Code\User\globalStorage\fwcd.kotlin\langServerInstall\server\lib\gson-2.10.1.jar;c:\Users\Haqii\AppData\Roaming\Code\User\globalStorage\fwcd.kotlin\langServerInstall\server\lib\kotlin-script-runtime-2.1.0.jar;c:\Users\Haqii\AppData\Roaming\Code\User\globalStorage\fwcd.kotlin\langServerInstall\server\lib\trove4j-1.0.20200330.jar;c:\Users\Haqii\AppData\Roaming\Code\User\globalStorage\fwcd.kotlin\langServerInstall\server\lib\jline-3.24.1.jar;c:\Users\Haqii\AppData\Roaming\Code\User\globalStorage\fwcd.kotlin\langServerInstall\server\lib\slf4j-api-1.7.25.jar;c:\Users\Haqii\AppData\Roaming\Code\User\globalStorage\fwcd.kotlin\langServerInstall\server\lib\jna-4.2.2.jar;c:\Users\Haqii\AppData\Roaming\Code\User\globalStorage\fwcd.kotlin\langServerInstall\server\lib\failureaccess-1.0.2.jar;c:\Users\Haqii\AppData\Roaming\Code\User\globalStorage\fwcd.kotlin\langServerInstall\server\lib\listenablefuture-9999.0-empty-to-avoid-conflict-with-guava.jar;c:\Users\Haqii\AppData\Roaming\Code\User\globalStorage\fwcd.kotlin\langServerInstall\server\lib\jsr305-3.0.2.jar;c:\Users\Haqii\AppData\Roaming\Code\User\globalStorage\fwcd.kotlin\langServerInstall\server\lib\checker-qual-3.43.0.jar;c:\Users\Haqii\AppData\Roaming\Code\User\globalStorage\fwcd.kotlin\langServerInstall\server\lib\error_prone_annotations-2.28.0.jar
Launcher Type: SUN_STANDARD

[Global flags]
     intx CICompilerCount                          = 12                                        {product} {ergonomic}
     uint ConcGCThreads                            = 3                                         {product} {ergonomic}
     uint G1ConcRefinementThreads                  = 13                                        {product} {ergonomic}
   size_t G1HeapRegionSize                         = 2097152                                   {product} {ergonomic}
   size_t InitialHeapSize                          = 230686720                                 {product} {ergonomic}
   size_t MarkStackSize                            = 4194304                                   {product} {ergonomic}
   size_t MarkStackSizeMax                         = 536870912                                 {product} {ergonomic}
   size_t MaxHeapSize                              = 3690987520                                {product} {ergonomic}
   size_t MaxNewSize                               = 2214592512                                {product} {ergonomic}
   size_t MinHeapDeltaBytes                        = 2097152                                   {product} {ergonomic}
   size_t MinHeapSize                              = 8388608                                   {product} {ergonomic}
    uintx NonNMethodCodeHeapSize                   = 7602176                                {pd product} {ergonomic}
    uintx NonProfiledCodeHeapSize                  = 122093568                              {pd product} {ergonomic}
    uintx ProfiledCodeHeapSize                     = 121962496                              {pd product} {ergonomic}
    uintx ReservedCodeCacheSize                    = 251658240                              {pd product} {ergonomic}
     bool SegmentedCodeCache                       = true                                      {product} {ergonomic}
   size_t SoftMaxHeapSize                          = 3690987520                             {manageable} {ergonomic}
     bool UseCompressedOops                        = true                           {product lp64_product} {ergonomic}
     bool UseG1GC                                  = true                                      {product} {ergonomic}
     bool UseLargePagesIndividualAllocation        = false                                  {pd product} {ergonomic}

Logging:
Log output configuration:
 #0: stdout all=warning uptime,level,tags foldmultilines=false
 #1: stderr all=off uptime,level,tags foldmultilines=false

Environment Variables:
CLASSPATH=c:\Users\Haqii\AppData\Roaming\Code\User\globalStorage\fwcd.kotlin\langServerInstall\server\lib\server-1.3.13.jar;c:\Users\Haqii\AppData\Roaming\Code\User\globalStorage\fwcd.kotlin\langServerInstall\server\lib\shared-1.3.13.jar;c:\Users\Haqii\AppData\Roaming\Code\User\globalStorage\fwcd.kotlin\langServerInstall\server\lib\kotlin-scripting-jvm-host-unshaded-2.1.0.jar;c:\Users\Haqii\AppData\Roaming\Code\User\globalStorage\fwcd.kotlin\langServerInstall\server\lib\kotlin-scripting-compiler-2.1.0.jar;c:\Users\Haqii\AppData\Roaming\Code\User\globalStorage\fwcd.kotlin\langServerInstall\server\lib\ktfmt-b5d31d1.jar;c:\Users\Haqii\AppData\Roaming\Code\User\globalStorage\fwcd.kotlin\langServerInstall\server\lib\kotlin-compiler-2.1.0.jar;c:\Users\Haqii\AppData\Roaming\Code\User\globalStorage\fwcd.kotlin\langServerInstall\server\lib\exposed-dao-0.37.3.jar;c:\Users\Haqii\AppData\Roaming\Code\User\globalStorage\fwcd.kotlin\langServerInstall\server\lib\exposed-jdbc-0.37.3.jar;c:\Users\Haqii\AppData\Roaming\Code\User\globalStorage\fwcd.kotlin\langServerInstall\server\lib\exposed-core-0.37.3.jar;c:\Users\Haqii\AppData\Roaming\Code\User\globalStorage\fwcd.kotlin\langServerInstall\server\lib\kotlin-scripting-compiler-impl-2.1.0.jar;c:\Users\Haqii\AppData\Roaming\Code\User\globalStorage\fwcd.kotlin\langServerInstall\server\lib\kotlin-reflect-2.1.0.jar;c:\Users\Haqii\AppData\Roaming\Code\User\globalStorage\fwcd.kotlin\langServerInstall\server\lib\kotlin-scripting-jvm-2.1.0.jar;c:\Users\Haqii\AppData\Roaming\Code\User\globalStorage\fwcd.kotlin\langServerInstall\server\lib\kotlin-scripting-common-2.1.0.jar;c:\Users\Haqii\AppData\Roaming\Code\User\globalStorage\fwcd.kotlin\langServerInstall\server\lib\kotlinx-coroutines-core-jvm-1.6.4.jar;c:\Users\Haqii\AppData\Roaming\Code\User\globalStorage\fwcd.kotlin\langServerInstall\server\lib\kotlin-stdlib-jdk8-2.1.0.jar;c:\Users\Haqii\AppData\Roaming\Code\User\globalStorage\fwcd.kotlin\langServerInstall\server\lib\kotlin-stdlib-jdk7-2.1.0.jar;c:\Users\Haqii\AppData\Roaming\Code\User\globalStorage\fwcd.kotlin\langServerInstall\server\lib\kotlin-stdlib-2.1.0.jar;c:\Users\Haqii\AppData\Roaming\Code\User\globalStorage\fwcd.kotlin\langServerInstall\server\lib\org.eclipse.lsp4j-0.21.2.jar;c:\Users\Haqii\AppData\Roaming\Code\User\globalStorage\fwcd.kotlin\langServerInstall\server\lib\org.eclipse.lsp4j.jsonrpc-0.21.2.jar;c:\Users\Haqii\AppData\Roaming\Code\User\globalStorage\fwcd.kotlin\langServerInstall\server\lib\kotlin-sam-with-receiver-compiler-plugin-2.1.0.jar;c:\Users\Haqii\AppData\Roaming\Code\User\globalStorage\fwcd.kotlin\langServerInstall\server\lib\fernflower-1.0.jar;c:\Users\Haqii\AppData\Roaming\Code\User\globalStorage\fwcd.kotlin\langServerInstall\server\lib\h2-1.4.200.jar;c:\Users\Haqii\AppData\Roaming\Code\User\globalStorage\fwcd.kotlin\langServerInstall\server\lib\jcommander-1.78.jar;c:\Users\Haqii\AppData\Roaming\Code\User\globalStorage\fwcd.kotlin\langServerInstall\server\lib\sqlite-jdbc-3.41.2.1.jar;c:\Users\Haqii\AppData\Roaming\Code\User\globalStorage\fwcd.kotlin\langServerInstall\server\lib\google-java-format-1.8.jar;c:\Users\Haqii\AppData\Roaming\Code\User\globalStorage\fwcd.kotlin\langServerInstall\server\lib\guava-33.3.0-jre.jar;c:\Users\Haqii\AppData\Roaming\Code\User\globalStorage\fwcd.kotlin\langServerInstall\server\lib\annotations-13.0.jar;c:\Users\Haqii\AppData\Roaming\Code\User\globalStorage\fwcd.kotlin\langServerInstall\server\lib\gson-2.10.1.jar;c:\Users\Haqii\AppData\Roaming\Code\User\globalStorage\fwcd.kotlin\langServerInstall\server\lib\kotlin-script-runtime-2.1.0.jar;c:\Users\Haqii\AppData\Roaming\Code\User\globalStorage\fwcd.kotlin\langServerInstall\server\lib\trove4j-1.0.20200330.jar;c:\Users\Haqii\AppData\Roaming\Code\User\globalStorage\fwcd.kotlin\langServerInstall\server\lib\jline-3.24.1.jar;c:\Users\Haqii\AppData\Roaming\Code\User\globalStorage\fwcd.kotlin\langServerInstall\server\lib\slf4j-api-1.7.25.jar;c:\Users\Haqii\AppData\Roaming\Code\User\globalStorage\fwcd.kotlin\langServerInstall\server\lib\jna-4.2.2.jar;c:\Users\Haqii\AppData\Roaming\Code\User\globalStorage\fwcd.kotlin\langServerInstall\server\lib\failureaccess-1.0.2.jar;c:\Users\Haqii\AppData\Roaming\Code\User\globalStorage\fwcd.kotlin\langServerInstall\server\lib\listenablefuture-9999.0-empty-to-avoid-conflict-with-guava.jar;c:\Users\Haqii\AppData\Roaming\Code\User\globalStorage\fwcd.kotlin\langServerInstall\server\lib\jsr305-3.0.2.jar;c:\Users\Haqii\AppData\Roaming\Code\User\globalStorage\fwcd.kotlin\langServerInstall\server\lib\checker-qual-3.43.0.jar;c:\Users\Haqii\AppData\Roaming\Code\User\globalStorage\fwcd.kotlin\langServerInstall\server\lib\error_prone_annotations-2.28.0.jar
PATH=C:\Program Files\Common Files\Oracle\Java\javapath;C:\Program Files (x86)\Common Files\Oracle\Java\java8path;C:\Program Files (x86)\Common Files\Oracle\Java\javapath;C:\WINDOWS\system32;C:\WINDOWS;C:\WINDOWS\System32\Wbem;C:\WINDOWS\System32\WindowsPowerShell\v1.0\;C:\WINDOWS\System32\OpenSSH\;C:\xampp\php;C:\ProgramData\ComposerSetup\bin;C:\Program Files\Git\cmd;C:\Program Files\dotnet\;C:\ProgramData\chocolatey\bin;C:\Program Files\nodejs\;C:\Program Files\Common Files\Oracle\Java\javapath;C:\Windows\system32;C:\Windows;C:\Windows\System32\Wbem;C:\Windows\System32\WindowsPowerShell\v1.0\;C:\Windows\System32\OpenSSH\;C:\xampp\php;C:\ProgramData\ComposerSetup\bin;C:\Program Files\nodejs\;C:\Program Files\Git\cmd;C:\Program Files\dotnet\;C:\ProgramData\chocolatey\bin;c:\Users\Haqii\AppData\Local\Programs\cursor\resources\app\codeBin;C:\Users\Haqii\AppData\Local\Programs\Python\Launcher\;C:\Users\Haqii\AppData\Local\Microsoft\WindowsApps;C:\Users\Haqii\AppData\Local\Programs\Microsoft VS Code\bin;C:\Users\Haqii\AppData\Roaming\Composer\vendor\bin;C:\msys64\ucrt64\bin;C:\Users\Haqii\AppData\Local\spicetify;C:\Users\Haqii\.deno\bin;C:\Android\cmdline-tools\latest\bin;C:\Android\platform-tools;C:\Android\emulator;C:\Users\Haqii\AppData\Roaming\npm;C:\Users\Haqii\AppData\Local\Microsoft\WindowsApps;C:\laragon\bin\php\php-8.3.26-Win32-vs16-x64;C:\laragon\bin\composer;
USERNAME=Haqii
OS=Windows_NT
PROCESSOR_IDENTIFIER=AMD64 Family 25 Model 68 Stepping 1, AuthenticAMD
TMP=C:\Users\Haqii\AppData\Local\Temp
TEMP=C:\Users\Haqii\AppData\Local\Temp




Periodic native trim disabled

---------------  S Y S T E M  ---------------

OS:
 Windows 11 , 64 bit Build 26100 (10.0.26100.7309)
OS uptime: 0 days 0:45 hours

CPU: total 16 (initial active 16) (16 cores per cpu, 2 threads per core) family 25 model 68 stepping 1 microcode 0xa404102, cx8, cmov, fxsr, ht, mmx, 3dnowpref, sse, sse2, sse3, ssse3, sse4a, sse4.1, sse4.2, popcnt, lzcnt, tsc, tscinvbit, avx, avx2, aes, erms, clmul, bmi1, bmi2, adx, sha, fma, vzeroupper, clflush, clflushopt, rdtscp, rdpid, fsrm, f16c, pku, cet_ss
Processor Information for processor 0
  Max Mhz: 3201, Current Mhz: 2560, Mhz Limit: 3201
Processor Information for processor 1
  Max Mhz: 3201, Current Mhz: 3201, Mhz Limit: 3201
Processor Information for processor 2
  Max Mhz: 3201, Current Mhz: 3201, Mhz Limit: 3201
Processor Information for processor 3
  Max Mhz: 3201, Current Mhz: 3201, Mhz Limit: 3201
Processor Information for processor 4
  Max Mhz: 3201, Current Mhz: 2560, Mhz Limit: 3201
Processor Information for processor 5
  Max Mhz: 3201, Current Mhz: 3201, Mhz Limit: 3201
Processor Information for processor 6
  Max Mhz: 3201, Current Mhz: 3201, Mhz Limit: 3201
Processor Information for processor 7
  Max Mhz: 3201, Current Mhz: 3201, Mhz Limit: 3201
Processor Information for processor 8
  Max Mhz: 3201, Current Mhz: 3201, Mhz Limit: 3201
Processor Information for processor 9
  Max Mhz: 3201, Current Mhz: 2560, Mhz Limit: 3201
Processor Information for processor 10
  Max Mhz: 3201, Current Mhz: 3201, Mhz Limit: 3201
Processor Information for processor 11
  Max Mhz: 3201, Current Mhz: 3201, Mhz Limit: 3201
Processor Information for processor 12
  Max Mhz: 3201, Current Mhz: 3201, Mhz Limit: 3201
Processor Information for processor 13
  Max Mhz: 3201, Current Mhz: 2560, Mhz Limit: 3201
Processor Information for processor 14
  Max Mhz: 3201, Current Mhz: 3201, Mhz Limit: 3201
Processor Information for processor 15
  Max Mhz: 3201, Current Mhz: 3201, Mhz Limit: 3201

Memory: 4k page, system-wide physical 14077M (745M free)
TotalPageFile size 27389M (AvailPageFile size 10M)
current process WorkingSet (physical memory assigned to process): 677M, peak: 680M
current process commit charge ("private bytes"): 725M, peak: 728M

vm_info: Java HotSpot(TM) 64-Bit Server VM (23.0.1+11-39) for windows-amd64 JRE (23.0.1+11-39), built on 2024-09-30T07:20:43Z with MS VC++ 17.6 (VS2022)

END.
