#
# There is insufficient memory for the Java Runtime Environment to continue.
# Native memory allocation (mmap) failed to map 98566144 bytes. Error detail: G1 virtual space
# Possible reasons:
#   The system is out of physical RAM or swap space
#   This process is running with CompressedOops enabled, and the Java Heap may be blocking the growth of the native heap
# Possible solutions:
#   Reduce memory load on the system
#   Increase physical memory or swap space
#   Check if swap backing store is full
#   Decrease Java heap size (-Xmx/-Xms)
#   Decrease number of Java threads
#   Decrease Java thread stack sizes (-Xss)
#   Set larger code cache with -XX:ReservedCodeCacheSize=
#   JVM is running with Zero Based Compressed Oops mode in which the Java heap is
#     placed in the first 32GB address space. The Java Heap base address is the
#     maximum limit for the native heap growth. Please use -XX:HeapBaseMinAddress
#     to set the Java Heap base and to place the Java Heap above 32GB virtual address.
# This output file may be truncated or incomplete.
#
#  Out of Memory Error (os_windows.cpp:3703), pid=11900, tid=16556
#
# JRE version: Java(TM) SE Runtime Environment (23.0.1+11) (build 23.0.1+11-39)
# Java VM: Java HotSpot(TM) 64-Bit Server VM (23.0.1+11-39, mixed mode, sharing, tiered, compressed oops, compressed class ptrs, g1 gc, windows-amd64)
# No core dump will be written. Minidumps are not enabled by default on client versions of Windows
#

---------------  S U M M A R Y ------------

Command Line: -DkotlinLanguageServer.version=1.3.13 org.javacs.kt.MainKt

Host: AMD Ryzen 7 7735HS with Radeon Graphics        , 16 cores, 15G,  Windows 11 , 64 bit Build 26100 (10.0.26100.6725)
Time: Tue Oct 21 08:45:44 2025 SE Asia Standard Time elapsed time: 5.862992 seconds (0d 0h 0m 5s)

---------------  T H R E A D  ---------------

Current thread (0x000001b8c61f6340):  VMThread "VM Thread"          [id=16556, stack(0x0000009d2ed00000,0x0000009d2ee00000) (1024K)]

Stack: [0x0000009d2ed00000,0x0000009d2ee00000]
Native frames: (J=compiled Java code, j=interpreted, Vv=VM code, C=native code)
V  [jvm.dll+0x6e08b9]  (no source info available)
V  [jvm.dll+0x87dc83]  (no source info available)
V  [jvm.dll+0x88010e]  (no source info available)
V  [jvm.dll+0x8807e3]  (no source info available)
V  [jvm.dll+0x27aee6]  (no source info available)
V  [jvm.dll+0x6dd1c5]  (no source info available)
V  [jvm.dll+0x6d104a]  (no source info available)
V  [jvm.dll+0x35b3ea]  (no source info available)
V  [jvm.dll+0x3637f6]  (no source info available)
V  [jvm.dll+0x34fd5e]  (no source info available)
V  [jvm.dll+0x34fff8]  (no source info available)
V  [jvm.dll+0x3289cc]  (no source info available)
V  [jvm.dll+0x328a5a]  (no source info available)
V  [jvm.dll+0x374c92]  (no source info available)
V  [jvm.dll+0x373392]  (no source info available)
V  [jvm.dll+0x3281a7]  (no source info available)
V  [jvm.dll+0x372b44]  (no source info available)
V  [jvm.dll+0x886720]  (no source info available)
V  [jvm.dll+0x887a47]  (no source info available)
V  [jvm.dll+0x887f78]  (no source info available)
V  [jvm.dll+0x888213]  (no source info available)
V  [jvm.dll+0x824f8b]  (no source info available)
V  [jvm.dll+0x6df065]  (no source info available)
C  [ucrtbase.dll+0x37b0]  (no source info available)
C  [KERNEL32.DLL+0x2e8d7]  (no source info available)
C  [ntdll.dll+0x8c53c]  (no source info available)

VM_Operation (0x0000009d30cfd210): G1CollectForAllocation, mode: safepoint, requested by thread 0x000001b9170d8f00


---------------  P R O C E S S  ---------------

Threads class SMR info:
_java_thread_list=0x000001b915bb61e0, length=19, elements={
0x000001b8c620b680, 0x000001b8c6211100, 0x000001b8c62143e0, 0x000001b8c6214e40,
0x000001b8c62159d0, 0x000001b8c6219a60, 0x000001b8c6224940, 0x000001b8c62253f0,
0x000001b8c62f0d00, 0x000001b8c63cb6b0, 0x000001b8c63ce540, 0x000001b8c688f630,
0x000001b8c6893d00, 0x000001b916df8090, 0x000001b916e583d0, 0x000001b91613b2f0,
0x000001b8a425cd90, 0x000001b9170d8f00, 0x000001b91644f400
}

Java Threads: ( => current thread )
  0x000001b8c620b680 JavaThread "Reference Handler"          daemon [_thread_blocked, id=8052, stack(0x0000009d2ee00000,0x0000009d2ef00000) (1024K)]
  0x000001b8c6211100 JavaThread "Finalizer"                  daemon [_thread_blocked, id=22364, stack(0x0000009d2ef00000,0x0000009d2f000000) (1024K)]
  0x000001b8c62143e0 JavaThread "Signal Dispatcher"          daemon [_thread_blocked, id=15420, stack(0x0000009d2f000000,0x0000009d2f100000) (1024K)]
  0x000001b8c6214e40 JavaThread "Attach Listener"            daemon [_thread_blocked, id=10688, stack(0x0000009d2f100000,0x0000009d2f200000) (1024K)]
  0x000001b8c62159d0 JavaThread "Service Thread"             daemon [_thread_blocked, id=20616, stack(0x0000009d2f200000,0x0000009d2f300000) (1024K)]
  0x000001b8c6219a60 JavaThread "Monitor Deflation Thread"   daemon [_thread_blocked, id=3700, stack(0x0000009d2f300000,0x0000009d2f400000) (1024K)]
  0x000001b8c6224940 JavaThread "C2 CompilerThread0"         daemon [_thread_blocked, id=12096, stack(0x0000009d2f400000,0x0000009d2f500000) (1024K)]
  0x000001b8c62253f0 JavaThread "C1 CompilerThread0"         daemon [_thread_blocked, id=6636, stack(0x0000009d2f500000,0x0000009d2f600000) (1024K)]
  0x000001b8c62f0d00 JavaThread "C1 CompilerThread1"         daemon [_thread_blocked, id=21728, stack(0x0000009d2f600000,0x0000009d2f700000) (1024K)]
  0x000001b8c63cb6b0 JavaThread "Notification Thread"        daemon [_thread_blocked, id=240, stack(0x0000009d2f700000,0x0000009d2f800000) (1024K)]
  0x000001b8c63ce540 JavaThread "Common-Cleaner"             daemon [_thread_blocked, id=18492, stack(0x0000009d2f800000,0x0000009d2f900000) (1024K)]
  0x000001b8c688f630 JavaThread "C1 CompilerThread2"         daemon [_thread_blocked, id=9164, stack(0x0000009d2fa00000,0x0000009d2fb00000) (1024K)]
  0x000001b8c6893d00 JavaThread "C1 CompilerThread3"         daemon [_thread_blocked, id=24284, stack(0x0000009d2fb00000,0x0000009d2fc00000) (1024K)]
  0x000001b916df8090 JavaThread "C2 CompilerThread1"         daemon [_thread_blocked, id=20788, stack(0x0000009d2f900000,0x0000009d2fa00000) (1024K)]
  0x000001b916e583d0 JavaThread "C2 CompilerThread2"         daemon [_thread_blocked, id=17308, stack(0x0000009d30a00000,0x0000009d30b00000) (1024K)]
  0x000001b91613b2f0 JavaThread "client"                            [_thread_in_native, id=20056, stack(0x0000009d30b00000,0x0000009d30c00000) (1024K)]
  0x000001b8a425cd90 JavaThread "DestroyJavaVM"                     [_thread_blocked, id=22932, stack(0x0000009d2e600000,0x0000009d2e700000) (1024K)]
  0x000001b9170d8f00 JavaThread "async0"                            [_thread_blocked, id=21160, stack(0x0000009d30c00000,0x0000009d30d00000) (1024K)]
  0x000001b91644f400 JavaThread "C2 CompilerThread3"         daemon [_thread_blocked, id=23580, stack(0x0000009d30d00000,0x0000009d30e00000) (1024K)]
Total: 19

Other Threads:
=>0x000001b8c61f6340 VMThread "VM Thread"                           [id=16556, stack(0x0000009d2ed00000,0x0000009d2ee00000) (1024K)]
  0x000001b8c61e0c70 WatcherThread "VM Periodic Task Thread"        [id=20824, stack(0x0000009d2ec00000,0x0000009d2ed00000) (1024K)]
  0x000001b8a66bdb50 WorkerThread "GC Thread#0"                     [id=14652, stack(0x0000009d2e700000,0x0000009d2e800000) (1024K)]
  0x000001b8c6cc0760 WorkerThread "GC Thread#1"                     [id=13228, stack(0x0000009d2fc00000,0x0000009d2fd00000) (1024K)]
  0x000001b8c6d82ca0 WorkerThread "GC Thread#2"                     [id=14108, stack(0x0000009d2fd00000,0x0000009d2fe00000) (1024K)]
  0x000001b8c6d83050 WorkerThread "GC Thread#3"                     [id=4064, stack(0x0000009d2fe00000,0x0000009d2ff00000) (1024K)]
  0x000001b8c6d83400 WorkerThread "GC Thread#4"                     [id=23420, stack(0x0000009d2ff00000,0x0000009d30000000) (1024K)]
  0x000001b8c6db4480 WorkerThread "GC Thread#5"                     [id=4052, stack(0x0000009d30000000,0x0000009d30100000) (1024K)]
  0x000001b8c6db4830 WorkerThread "GC Thread#6"                     [id=8948, stack(0x0000009d30100000,0x0000009d30200000) (1024K)]
  0x000001b90c602970 WorkerThread "GC Thread#7"                     [id=6444, stack(0x0000009d30200000,0x0000009d30300000) (1024K)]
  0x000001b90c6030d0 WorkerThread "GC Thread#8"                     [id=11612, stack(0x0000009d30300000,0x0000009d30400000) (1024K)]
  0x000001b90c6025c0 WorkerThread "GC Thread#9"                     [id=444, stack(0x0000009d30400000,0x0000009d30500000) (1024K)]
  0x000001b90ccf6c50 WorkerThread "GC Thread#10"                    [id=21604, stack(0x0000009d30500000,0x0000009d30600000) (1024K)]
  0x000001b90ccf7b10 WorkerThread "GC Thread#11"                    [id=6748, stack(0x0000009d30600000,0x0000009d30700000) (1024K)]
  0x000001b90ccf64f0 WorkerThread "GC Thread#12"                    [id=21040, stack(0x0000009d30700000,0x0000009d30800000) (1024K)]
  0x000001b8a66d3bd0 ConcurrentGCThread "G1 Main Marker"            [id=17140, stack(0x0000009d2e800000,0x0000009d2e900000) (1024K)]
  0x000001b8a66d4e80 WorkerThread "G1 Conc#0"                       [id=8936, stack(0x0000009d2e900000,0x0000009d2ea00000) (1024K)]
  0x000001b90ccf7000 WorkerThread "G1 Conc#1"                       [id=20980, stack(0x0000009d30800000,0x0000009d30900000) (1024K)]
  0x000001b90ccf7ec0 WorkerThread "G1 Conc#2"                       [id=22152, stack(0x0000009d30900000,0x0000009d30a00000) (1024K)]
  0x000001b8c60a4350 ConcurrentGCThread "G1 Refine#0"               [id=23964, stack(0x0000009d2ea00000,0x0000009d2eb00000) (1024K)]
  0x000001b8c60a6de0 ConcurrentGCThread "G1 Service"                [id=776, stack(0x0000009d2eb00000,0x0000009d2ec00000) (1024K)]
Total: 21

Threads with active compile tasks:
C2 CompilerThread0  5919 3919       4       java.io.File::isInvalid (47 bytes)
C2 CompilerThread1  5919 3907 %     4       org.javacs.kt.SourceExclusions::isPathIncluded @ 213 (503 bytes)
C2 CompilerThread3  5919 3918       4       java.lang.String$CaseInsensitiveComparator::compare (68 bytes)
Total: 3

VM state: at safepoint (normal execution)

VM Mutex/Monitor currently owned by a thread:  ([mutex/lock_event])
[0x00007ffd1ad13910] Threads_lock - owner thread: 0x000001b8c61f6340
[0x00007ffd1ad13a10] Heap_lock - owner thread: 0x000001b9170d8f00

Heap address: 0x000000070c000000, size: 3904 MB, Compressed Oops mode: Zero based, Oop shift amount: 3

CDS archive(s) mapped at: [0x000001b8c7000000-0x000001b8c7d70000-0x000001b8c7d70000), size 14090240, SharedBaseAddress: 0x000001b8c7000000, ArchiveRelocationMode: 1.
Compressed class space mapped at: 0x000001b8c8000000-0x000001b908000000, reserved size: 1073741824
Narrow klass base: 0x000001b8c7000000, Narrow klass shift: 0, Narrow klass range: 0x41000000

GC Precious Log:
 CardTable entry size: 512
 Card Set container configuration: InlinePtr #cards 4 size 8 Array Of Cards #cards 16 size 48 Howl #buckets 8 coarsen threshold 3686 Howl Bitmap #cards 512 size 80 coarsen threshold 460 Card regions per heap region 1 cards per card region 4096
 CPUs: 16 total, 16 available
 Memory: 15613M
 Large Page Support: Disabled
 NUMA Support: Disabled
 Compressed Oops: Enabled (Zero based)
 Heap Region Size: 2M
 Heap Min Capacity: 8M
 Heap Initial Capacity: 244M
 Heap Max Capacity: 3904M
 Pre-touch: Disabled
 Parallel Workers: 13
 Concurrent Workers: 3
 Concurrent Refinement Workers: 13
 Periodic GC: Disabled

Heap:
 garbage-first heap   total reserved 3997696K, committed 57344K, used 17874K [0x000000070c000000, 0x0000000800000000)
  region size 2048K, 2 young (4096K), 2 survivors (4096K)
 Metaspace       used 33228K, committed 33664K, reserved 1114112K
  class space    used 3810K, committed 3968K, reserved 1048576K

Heap Regions: E=young(eden), S=young(survivor), O=old, HS=humongous(starts), HC=humongous(continues), CS=collection set, F=free, TAMS=top-at-mark-start, PB=parsable bottom
|   0|0x000000070c000000, 0x000000070c200000, 0x000000070c200000|100%|HS|  |TAMS 0x000000070c000000| PB 0x000000070c000000| Complete |  0
|   1|0x000000070c200000, 0x000000070c400000, 0x000000070c400000|100%|HC|  |TAMS 0x000000070c200000| PB 0x000000070c200000| Complete |  0
|   2|0x000000070c400000, 0x000000070c600000, 0x000000070c600000|100%| O|  |TAMS 0x000000070c400000| PB 0x000000070c400000| Untracked |  0
|   3|0x000000070c600000, 0x000000070c800000, 0x000000070c800000|100%| O|  |TAMS 0x000000070c600000| PB 0x000000070c600000| Untracked |  0
|   4|0x000000070c800000, 0x000000070c877eb0, 0x000000070ca00000| 23%| O|  |TAMS 0x000000070c800000| PB 0x000000070c800000| Untracked |  0
|   5|0x000000070ca00000, 0x000000070cc00000, 0x000000070cc00000|100%| O|  |TAMS 0x000000070ca00000| PB 0x000000070ca00000| Untracked |  0
|   6|0x000000070cc00000, 0x000000070ce00000, 0x000000070ce00000|100%| O|  |TAMS 0x000000070cc00000| PB 0x000000070cc00000| Untracked |  0
|   7|0x000000070ce00000, 0x000000070d000000, 0x000000070d000000|100%| O|  |TAMS 0x000000070ce00000| PB 0x000000070ce00000| Untracked |  0
|   8|0x000000070d000000, 0x000000070d0da880, 0x000000070d200000| 42%| O|  |TAMS 0x000000070d000000| PB 0x000000070d000000| Untracked |  0
|   9|0x000000070d200000, 0x000000070d200000, 0x000000070d400000|  0%| F|  |TAMS 0x000000070d200000| PB 0x000000070d200000| Untracked |  0
|  10|0x000000070d400000, 0x000000070d400000, 0x000000070d600000|  0%| F|  |TAMS 0x000000070d400000| PB 0x000000070d400000| Untracked |  0
|  11|0x000000070d600000, 0x000000070d6220d0, 0x000000070d800000|  6%| S|CS|TAMS 0x000000070d600000| PB 0x000000070d600000| Complete |  0
|  12|0x000000070d800000, 0x000000070d800000, 0x000000070da00000|  0%| F|  |TAMS 0x000000070d800000| PB 0x000000070d800000| Untracked |  0
|  13|0x000000070da00000, 0x000000070da00000, 0x000000070dc00000|  0%| F|  |TAMS 0x000000070da00000| PB 0x000000070da00000| Untracked |  0
|  14|0x000000070dc00000, 0x000000070de00000, 0x000000070de00000|100%| S|CS|TAMS 0x000000070dc00000| PB 0x000000070dc00000| Complete |  0
|  15|0x000000070de00000, 0x000000070de00000, 0x000000070e000000|  0%| F|  |TAMS 0x000000070de00000| PB 0x000000070de00000| Untracked |  0
|  16|0x000000070e000000, 0x000000070e000000, 0x000000070e200000|  0%| F|  |TAMS 0x000000070e000000| PB 0x000000070e000000| Untracked |  0
|  17|0x000000070e200000, 0x000000070e200000, 0x000000070e400000|  0%| F|  |TAMS 0x000000070e200000| PB 0x000000070e200000| Untracked |  0
|  18|0x000000070e400000, 0x000000070e400000, 0x000000070e600000|  0%| F|  |TAMS 0x000000070e400000| PB 0x000000070e400000| Untracked |  0
|  19|0x000000070e600000, 0x000000070e600000, 0x000000070e800000|  0%| F|  |TAMS 0x000000070e600000| PB 0x000000070e600000| Untracked |  0
|  20|0x000000070e800000, 0x000000070e800000, 0x000000070ea00000|  0%| F|  |TAMS 0x000000070e800000| PB 0x000000070e800000| Untracked |  0
|  21|0x000000070ea00000, 0x000000070ea00000, 0x000000070ec00000|  0%| F|  |TAMS 0x000000070ea00000| PB 0x000000070ea00000| Untracked |  0
|  22|0x000000070ec00000, 0x000000070ec00000, 0x000000070ee00000|  0%| F|  |TAMS 0x000000070ec00000| PB 0x000000070ec00000| Untracked |  0
|  23|0x000000070ee00000, 0x000000070ee00000, 0x000000070f000000|  0%| F|  |TAMS 0x000000070ee00000| PB 0x000000070ee00000| Untracked |  0
|  24|0x000000070f000000, 0x000000070f000000, 0x000000070f200000|  0%| F|  |TAMS 0x000000070f000000| PB 0x000000070f000000| Untracked |  0
| 106|0x0000000719400000, 0x0000000719400000, 0x0000000719600000|  0%| F|  |TAMS 0x0000000719400000| PB 0x0000000719400000| Untracked |  0
| 107|0x0000000719600000, 0x0000000719600000, 0x0000000719800000|  0%| F|  |TAMS 0x0000000719600000| PB 0x0000000719600000| Untracked |  0
| 121|0x000000071b200000, 0x000000071b200000, 0x000000071b400000|  0%| F|  |TAMS 0x000000071b200000| PB 0x000000071b200000| Untracked |  0

Card table byte_map: [0x000001b8beda0000,0x000001b8bf540000] _byte_map_base: 0x000001b8bb540000

Marking Bits: (CMBitMap*) 0x000001b8a66be260
 Bits: [0x000001b8bf540000, 0x000001b8c3240000)

Polling page: 0x000001b8a4420000

Metaspace:

Usage:
  Non-class:     28.73 MB used.
      Class:      3.72 MB used.
       Both:     32.45 MB used.

Virtual space:
  Non-class space:       64.00 MB reserved,      29.00 MB ( 45%) committed,  1 nodes.
      Class space:        1.00 GB reserved,       3.88 MB ( <1%) committed,  1 nodes.
             Both:        1.06 GB reserved,      32.88 MB (  3%) committed. 

Chunk freelists:
   Non-Class:  2.67 MB
       Class:  12.13 MB
        Both:  14.80 MB

MaxMetaspaceSize: unlimited
CompressedClassSpaceSize: 1.00 GB
Initial GC threshold: 21.00 MB
Current GC threshold: 35.31 MB
CDS: on
 - commit_granule_bytes: 65536.
 - commit_granule_words: 8192.
 - virtual_space_node_default_size: 8388608.
 - enlarge_chunks_in_place: 1.
 - use_allocation_guard: 0.


Internal statistics:

num_allocs_failed_limit: 3.
num_arena_births: 390.
num_arena_deaths: 0.
num_vsnodes_births: 2.
num_vsnodes_deaths: 0.
num_space_committed: 526.
num_space_uncommitted: 0.
num_chunks_returned_to_freelist: 3.
num_chunks_taken_from_freelist: 1423.
num_chunk_merges: 0.
num_chunk_splits: 1101.
num_chunks_enlarged: 926.
num_inconsistent_stats: 0.

CodeHeap 'non-profiled nmethods': size=119232Kb used=1481Kb max_used=1481Kb free=117750Kb
 bounds [0x000001b8b6910000, 0x000001b8b6b80000, 0x000001b8bdd80000]
CodeHeap 'profiled nmethods': size=119104Kb used=6251Kb max_used=6251Kb free=112852Kb
 bounds [0x000001b8aed80000, 0x000001b8af3a0000, 0x000001b8b61d0000]
CodeHeap 'non-nmethods': size=7424Kb used=3297Kb max_used=3395Kb free=4126Kb
 bounds [0x000001b8b61d0000, 0x000001b8b6530000, 0x000001b8b6910000]
CodeCache: size=245760Kb, used=11029Kb, max_used=11127Kb, free=234728Kb
 total_blobs=4593, nmethods=3915, adapters=579, full_count=0
Compilation: enabled, stopped_count=0, restarted_count=0

Compilation events (20 events):
Event: 3.787 Thread 0x000001b916e583d0 3909       4       java.lang.System$2::join (11 bytes)
Event: 3.790 Thread 0x000001b91644f400 nmethod 3873 0x000001b8b6a7ae88 code [0x000001b8b6a7b080, 0x000001b8b6a7bd98]
Event: 3.791 Thread 0x000001b91644f400 3917       4       java.util.ArrayList::toArray (57 bytes)
Event: 3.794 Thread 0x000001b91644f400 nmethod 3917 0x000001b8b6a7bf08 code [0x000001b8b6a7c020, 0x000001b8b6a7c518]
Event: 3.794 Thread 0x000001b91644f400 3911       4       java.util.StringJoiner::toString (53 bytes)
Event: 3.807 Thread 0x000001b8c6224940 nmethod 3893 0x000001b8b6a7c588 code [0x000001b8b6a7c7e0, 0x000001b8b6a7df58]
Event: 3.807 Thread 0x000001b8c6224940 3912       4       java.util.StringJoiner::<init> (63 bytes)
Event: 3.807 Thread 0x000001b916e583d0 nmethod 3909 0x000001b8b6a7e088 code [0x000001b8b6a7e260, 0x000001b8b6a7f5b8]
Event: 3.808 Thread 0x000001b916e583d0 3915       4       java.util.StringJoiner::<init> (10 bytes)
Event: 3.811 Thread 0x000001b8c6224940 nmethod 3912 0x000001b8b6a7f688 code [0x000001b8b6a7f7c0, 0x000001b8b6a7fcd0]
Event: 3.811 Thread 0x000001b916e583d0 nmethod 3915 0x000001b8b6a7fd88 code [0x000001b8b6a7fec0, 0x000001b8b6a80300]
Event: 3.811 Thread 0x000001b8c6224940 3898       4       java.lang.String::getChars (55 bytes)
Event: 3.812 Thread 0x000001b916e583d0 3905       4       java.lang.StringLatin1::getChars (12 bytes)
Event: 3.812 Thread 0x000001b916e583d0 nmethod 3905 0x000001b8b6a80388 code [0x000001b8b6a80480, 0x000001b8b6a80620]
Event: 3.813 Thread 0x000001b916e583d0 3916       4       java.util.Arrays::copyOf (40 bytes)
Event: 3.814 Thread 0x000001b8c6224940 nmethod 3898 0x000001b8b6a80688 code [0x000001b8b6a807a0, 0x000001b8b6a80b08]
Event: 3.816 Thread 0x000001b916e583d0 nmethod 3916 0x000001b8b6a80b88 code [0x000001b8b6a80cc0, 0x000001b8b6a81160]
Event: 3.819 Thread 0x000001b91644f400 nmethod 3911 0x000001b8b6a81188 code [0x000001b8b6a81360, 0x000001b8b6a825c8]
Event: 3.835 Thread 0x000001b91644f400 3918       4       java.lang.String$CaseInsensitiveComparator::compare (68 bytes)
Event: 3.838 Thread 0x000001b8c6224940 3919       4       java.io.File::isInvalid (47 bytes)

GC Heap History (15 events):
Event: 0.852 GC heap before
{Heap before GC invocations=0 (full 0):
 garbage-first heap   total reserved 3997696K, committed 249856K, used 26624K [0x000000070c000000, 0x0000000800000000)
  region size 2048K, 12 young (24576K), 0 survivors (0K)
 Metaspace       used 7565K, committed 7744K, reserved 1114112K
  class space    used 745K, committed 832K, reserved 1048576K
}
Event: 0.858 GC heap after
{Heap after GC invocations=1 (full 0):
 garbage-first heap   total reserved 3997696K, committed 249856K, used 8591K [0x000000070c000000, 0x0000000800000000)
  region size 2048K, 2 young (4096K), 2 survivors (4096K)
 Metaspace       used 7565K, committed 7744K, reserved 1114112K
  class space    used 745K, committed 832K, reserved 1048576K
}
Event: 1.363 GC heap before
{Heap before GC invocations=1 (full 0):
 garbage-first heap   total reserved 3997696K, committed 249856K, used 31119K [0x000000070c000000, 0x0000000800000000)
  region size 2048K, 13 young (26624K), 2 survivors (4096K)
 Metaspace       used 14676K, committed 14912K, reserved 1114112K
  class space    used 1621K, committed 1728K, reserved 1048576K
}
Event: 1.369 GC heap after
{Heap after GC invocations=2 (full 0):
 garbage-first heap   total reserved 3997696K, committed 249856K, used 10121K [0x000000070c000000, 0x0000000800000000)
  region size 2048K, 1 young (2048K), 1 survivors (2048K)
 Metaspace       used 14676K, committed 14912K, reserved 1114112K
  class space    used 1621K, committed 1728K, reserved 1048576K
}
Event: 1.931 GC heap before
{Heap before GC invocations=2 (full 0):
 garbage-first heap   total reserved 3997696K, committed 249856K, used 32649K [0x000000070c000000, 0x0000000800000000)
  region size 2048K, 14 young (28672K), 1 survivors (2048K)
 Metaspace       used 21325K, committed 21504K, reserved 1114112K
  class space    used 2418K, committed 2496K, reserved 1048576K
}
Event: 1.936 GC heap after
{Heap after GC invocations=3 (full 0):
 garbage-first heap   total reserved 3997696K, committed 249856K, used 11893K [0x000000070c000000, 0x0000000800000000)
  region size 2048K, 2 young (4096K), 2 survivors (4096K)
 Metaspace       used 21325K, committed 21504K, reserved 1114112K
  class space    used 2418K, committed 2496K, reserved 1048576K
}
Event: 2.736 GC heap before
{Heap before GC invocations=4 (full 0):
 garbage-first heap   total reserved 3997696K, committed 49152K, used 44661K [0x000000070c000000, 0x0000000800000000)
  region size 2048K, 19 young (38912K), 2 survivors (4096K)
 Metaspace       used 29676K, committed 30016K, reserved 1114112K
  class space    used 3388K, committed 3520K, reserved 1048576K
}
Event: 2.745 GC heap after
{Heap after GC invocations=5 (full 0):
 garbage-first heap   total reserved 3997696K, committed 57344K, used 16050K [0x000000070c000000, 0x0000000800000000)
  region size 2048K, 4 young (8192K), 4 survivors (8192K)
 Metaspace       used 29676K, committed 30016K, reserved 1114112K
  class space    used 3388K, committed 3520K, reserved 1048576K
}
Event: 3.478 GC heap before
{Heap before GC invocations=5 (full 0):
 garbage-first heap   total reserved 3997696K, committed 57344K, used 40626K [0x000000070c000000, 0x0000000800000000)
  region size 2048K, 16 young (32768K), 4 survivors (8192K)
 Metaspace       used 33226K, committed 33664K, reserved 1114112K
  class space    used 3810K, committed 3968K, reserved 1048576K
}
Event: 3.485 GC heap after
{Heap after GC invocations=6 (full 0):
 garbage-first heap   total reserved 3997696K, committed 57344K, used 18089K [0x000000070c000000, 0x0000000800000000)
  region size 2048K, 2 young (4096K), 2 survivors (4096K)
 Metaspace       used 33226K, committed 33664K, reserved 1114112K
  class space    used 3810K, committed 3968K, reserved 1048576K
}
Event: 3.599 GC heap before
{Heap before GC invocations=6 (full 0):
 garbage-first heap   total reserved 3997696K, committed 57344K, used 40617K [0x000000070c000000, 0x0000000800000000)
  region size 2048K, 13 young (26624K), 2 survivors (4096K)
 Metaspace       used 33228K, committed 33664K, reserved 1114112K
  class space    used 3810K, committed 3968K, reserved 1048576K
}
Event: 3.602 GC heap after
{Heap after GC invocations=7 (full 0):
 garbage-first heap   total reserved 3997696K, committed 57344K, used 18111K [0x000000070c000000, 0x0000000800000000)
  region size 2048K, 2 young (4096K), 2 survivors (4096K)
 Metaspace       used 33228K, committed 33664K, reserved 1114112K
  class space    used 3810K, committed 3968K, reserved 1048576K
}
Event: 3.704 GC heap before
{Heap before GC invocations=7 (full 0):
 garbage-first heap   total reserved 3997696K, committed 57344K, used 42687K [0x000000070c000000, 0x0000000800000000)
  region size 2048K, 14 young (28672K), 2 survivors (4096K)
 Metaspace       used 33228K, committed 33664K, reserved 1114112K
  class space    used 3810K, committed 3968K, reserved 1048576K
}
Event: 3.706 GC heap after
{Heap after GC invocations=8 (full 0):
 garbage-first heap   total reserved 3997696K, committed 57344K, used 17954K [0x000000070c000000, 0x0000000800000000)
  region size 2048K, 2 young (4096K), 2 survivors (4096K)
 Metaspace       used 33228K, committed 33664K, reserved 1114112K
  class space    used 3810K, committed 3968K, reserved 1048576K
}
Event: 3.839 GC heap before
{Heap before GC invocations=8 (full 0):
 garbage-first heap   total reserved 3997696K, committed 57344K, used 44578K [0x000000070c000000, 0x0000000800000000)
  region size 2048K, 15 young (30720K), 2 survivors (4096K)
 Metaspace       used 33228K, committed 33664K, reserved 1114112K
  class space    used 3810K, committed 3968K, reserved 1048576K
}

Dll operation events (8 events):
Event: 0.010 Loaded shared library C:\Program Files\Java\jdk-23\bin\java.dll
Event: 0.048 Loaded shared library C:\Program Files\Java\jdk-23\bin\jsvml.dll
Event: 0.094 Loaded shared library C:\Program Files\Java\jdk-23\bin\net.dll
Event: 0.097 Loaded shared library C:\Program Files\Java\jdk-23\bin\nio.dll
Event: 0.103 Loaded shared library C:\Program Files\Java\jdk-23\bin\zip.dll
Event: 0.211 Loaded shared library C:\Program Files\Java\jdk-23\bin\jimage.dll
Event: 1.492 Loaded shared library C:\Program Files\Java\jdk-23\bin\verify.dll
Event: 3.269 Loaded shared library C:\Users\Haqii\AppData\Local\Temp\sqlite-3.41.2.1-8d234f64-31d1-40cb-bc48-6403ef52227b-sqlitejdbc.dll

Deoptimization events (20 events):
Event: 3.613 Thread 0x000001b9170d8f00 Uncommon trap: trap_request=0xffffff76 fr.pc=0x000001b8b6a65f1c relative=0x0000000000001b3c
Event: 3.613 Thread 0x000001b9170d8f00 Uncommon trap: reason=predicate action=maybe_recompile pc=0x000001b8b6a65f1c method=sun.nio.fs.WindowsPath.subpath(II)Lsun/nio/fs/WindowsPath; @ 79 c2
Event: 3.613 Thread 0x000001b9170d8f00 DEOPT PACKING pc=0x000001b8b6a65f1c sp=0x0000009d30cfe780
Event: 3.613 Thread 0x000001b9170d8f00 DEOPT UNPACKING pc=0x000001b8b6224402 sp=0x0000009d30cfe770 mode 2
Event: 3.614 Thread 0x000001b9170d8f00 DEOPT PACKING pc=0x000001b8af36f55a sp=0x0000009d30cfe5f0
Event: 3.615 Thread 0x000001b9170d8f00 DEOPT UNPACKING pc=0x000001b8b6224b22 sp=0x0000009d30cfdad0 mode 0
Event: 3.641 Thread 0x000001b9170d8f00 DEOPT PACKING pc=0x000001b8af36f3ba sp=0x0000009d30cfe5f0
Event: 3.641 Thread 0x000001b9170d8f00 DEOPT UNPACKING pc=0x000001b8b6224b22 sp=0x0000009d30cfdad0 mode 0
Event: 3.650 Thread 0x000001b9170d8f00 DEOPT PACKING pc=0x000001b8af36f55a sp=0x0000009d30cfe5f0
Event: 3.650 Thread 0x000001b9170d8f00 DEOPT UNPACKING pc=0x000001b8b6224b22 sp=0x0000009d30cfdad0 mode 0
Event: 3.659 Thread 0x000001b9170d8f00 DEOPT PACKING pc=0x000001b8af36f55a sp=0x0000009d30cfe5f0
Event: 3.659 Thread 0x000001b9170d8f00 DEOPT UNPACKING pc=0x000001b8b6224b22 sp=0x0000009d30cfdad0 mode 0
Event: 3.669 Thread 0x000001b9170d8f00 DEOPT PACKING pc=0x000001b8af36f55a sp=0x0000009d30cfe5f0
Event: 3.669 Thread 0x000001b9170d8f00 DEOPT UNPACKING pc=0x000001b8b6224b22 sp=0x0000009d30cfdad0 mode 0
Event: 3.677 Thread 0x000001b9170d8f00 DEOPT PACKING pc=0x000001b8af36f55a sp=0x0000009d30cfe5f0
Event: 3.677 Thread 0x000001b9170d8f00 DEOPT UNPACKING pc=0x000001b8b6224b22 sp=0x0000009d30cfdad0 mode 0
Event: 3.787 Thread 0x000001b9170d8f00 Uncommon trap: trap_request=0xffffffcc fr.pc=0x000001b8b6a77b54 relative=0x0000000000000134
Event: 3.787 Thread 0x000001b9170d8f00 Uncommon trap: reason=intrinsic_or_type_checked_inlining action=make_not_entrant pc=0x000001b8b6a77b54 method=java.util.ArrayList.toArray([Ljava/lang/Object;)[Ljava/lang/Object; @ 36 c2
Event: 3.787 Thread 0x000001b9170d8f00 DEOPT PACKING pc=0x000001b8b6a77b54 sp=0x0000009d30cfe8b0
Event: 3.787 Thread 0x000001b9170d8f00 DEOPT UNPACKING pc=0x000001b8b6224402 sp=0x0000009d30cfe850 mode 2

Classes loaded (20 events):
Event: 3.207 Loading class jdk/internal/util/ByteArrayLittleEndian
Event: 3.208 Loading class jdk/internal/util/ByteArrayLittleEndian done
Event: 3.209 Loading class java/nio/file/StandardCopyOption
Event: 3.210 Loading class java/nio/file/StandardCopyOption done
Event: 3.210 Loading class sun/nio/ch/ChannelOutputStream
Event: 3.210 Loading class sun/nio/ch/ChannelOutputStream done
Event: 3.211 Loading class sun/nio/ch/Util$BufferCache
Event: 3.211 Loading class sun/nio/ch/Util$BufferCache done
Event: 3.211 Loading class java/nio/DirectByteBuffer$Deallocator
Event: 3.212 Loading class java/nio/DirectByteBuffer$Deallocator done
Event: 3.223 Loading class java/io/DeleteOnExitHook
Event: 3.223 Loading class java/io/DeleteOnExitHook done
Event: 3.223 Loading class java/io/DeleteOnExitHook$1
Event: 3.223 Loading class java/io/DeleteOnExitHook$1 done
Event: 3.327 Loading class sun/reflect/generics/scope/ConstructorScope
Event: 3.328 Loading class sun/reflect/generics/scope/ConstructorScope done
Event: 3.346 Loading class java/net/URLDecoder
Event: 3.346 Loading class java/net/URLDecoder done
Event: 3.358 Loading class java/nio/file/Path$1
Event: 3.358 Loading class java/nio/file/Path$1 done

Classes unloaded (0 events):
No events

Classes redefined (0 events):
No events

Internal exceptions (20 events):
Event: 2.063 Thread 0x000001b8a425cd90 Exception <a 'java/lang/NoSuchMethodError'{0x000000070e4c8020}: 'java.lang.Object java.lang.invoke.Invokers$Holder.invokeExact_MT(java.lang.Object, java.lang.Object, java.lang.Object, java.lang.Object, java.lang.Object)'> (0x000000070e4c8020) 
thrown [s\open\src\hotspot\share\interpreter\linkResolver.cpp, line 796]
Event: 2.151 Thread 0x000001b8a425cd90 Implicit null exception at 0x000001b8b6971deb to 0x000001b8b6971fec
Event: 2.151 Thread 0x000001b8a425cd90 Implicit null exception at 0x000001b8b697579d to 0x000001b8b697581d
Event: 2.238 Thread 0x000001b8a425cd90 Exception <a 'java/lang/NoSuchMethodError'{0x000000070dc58240}: 'int java.lang.invoke.DirectMethodHandle$Holder.invokeVirtual(java.lang.Object, java.lang.Object)'> (0x000000070dc58240) 
thrown [s\open\src\hotspot\share\interpreter\linkResolver.cpp, line 796]
Event: 2.241 Thread 0x000001b8a425cd90 Exception <a 'java/lang/NoSuchMethodError'{0x000000070dc64ff0}: 'void java.lang.invoke.DirectMethodHandle$Holder.invokeVirtual(java.lang.Object, java.lang.Object, int)'> (0x000000070dc64ff0) 
thrown [s\open\src\hotspot\share\interpreter\linkResolver.cpp, line 796]
Event: 2.242 Thread 0x000001b8a425cd90 Exception <a 'java/lang/NoSuchMethodError'{0x000000070dc6b930}: 'void java.lang.invoke.DelegatingMethodHandle$Holder.reinvoke_L(java.lang.Object, java.lang.Object, int)'> (0x000000070dc6b930) 
thrown [s\open\src\hotspot\share\interpreter\linkResolver.cpp, line 796]
Event: 2.287 Thread 0x000001b8a425cd90 Implicit null exception at 0x000001b8b699d2dd to 0x000001b8b699e858
Event: 2.855 Thread 0x000001b8a425cd90 Exception <a 'java/lang/NoSuchMethodError'{0x0000000719528b78}: 'void java.lang.invoke.DirectMethodHandle$Holder.invokeSpecial(java.lang.Object, java.lang.Object, java.lang.Object, java.lang.Object, java.lang.Object, java.lang.Object)'> (0x0000000719528b78) 
thrown [s\open\src\hotspot\share\interpreter\linkResolver.cpp, line 796]
Event: 2.861 Thread 0x000001b8a425cd90 Exception <a 'java/lang/IncompatibleClassChangeError'{0x000000071956ce98}: Found class java.lang.Object, but interface was expected> (0x000000071956ce98) 
thrown [s\open\src\hotspot\share\interpreter\linkResolver.cpp, line 863]
Event: 2.861 Thread 0x000001b8a425cd90 Exception <a 'java/lang/IncompatibleClassChangeError'{0x000000071956ea60}: Found class java.lang.Object, but interface was expected> (0x000000071956ea60) 
thrown [s\open\src\hotspot\share\interpreter\linkResolver.cpp, line 863]
Event: 2.892 Thread 0x000001b91613b2f0 Exception <a 'java/lang/NoSuchMethodError'{0x000000070e92a860}: 'java.lang.Object java.lang.invoke.DirectMethodHandle$Holder.newInvokeSpecial(java.lang.Object, java.lang.Object, java.lang.Object, int, int)'> (0x000000070e92a860) 
thrown [s\open\src\hotspot\share\interpreter\linkResolver.cpp, line 796]
Event: 2.902 Thread 0x000001b91613b2f0 Exception <a 'java/lang/NoSuchMethodError'{0x000000070e965f90}: 'void java.lang.invoke.Invokers$Holder.invokeExact_MT(java.lang.Object, java.lang.Object, java.lang.Object, java.lang.Object)'> (0x000000070e965f90) 
thrown [s\open\src\hotspot\share\interpreter\linkResolver.cpp, line 796]
Event: 2.959 Thread 0x000001b91613b2f0 Exception <a 'java/lang/NoSuchMethodError'{0x000000070e71a318}: 'void java.lang.invoke.Invokers$Holder.invokeExact_MT(java.lang.Object, java.lang.Object, int, java.lang.Object)'> (0x000000070e71a318) 
thrown [s\open\src\hotspot\share\interpreter\linkResolver.cpp, line 796]
Event: 2.964 Thread 0x000001b91613b2f0 Exception <a 'java/lang/NoSuchMethodError'{0x000000070e73beb8}: 'java.lang.Object java.lang.invoke.DirectMethodHandle$Holder.invokeInterface(java.lang.Object, java.lang.Object, java.lang.Object)'> (0x000000070e73beb8) 
thrown [s\open\src\hotspot\share\interpreter\linkResolver.cpp, line 796]
Event: 3.209 Thread 0x000001b9170d8f00 Exception <a 'sun/nio/fs/WindowsException'{0x000000070e0772b0}> (0x000000070e0772b0) 
thrown [s\open\src\hotspot\share\prims\jni.cpp, line 520]
Event: 3.210 Thread 0x000001b9170d8f00 Exception <a 'sun/nio/fs/WindowsException'{0x000000070e077e68}> (0x000000070e077e68) 
thrown [s\open\src\hotspot\share\prims\jni.cpp, line 520]
Event: 3.289 Thread 0x000001b9170d8f00 Exception <a 'java/lang/NoSuchMethodError'{0x000000070e1035e0}: 'java.lang.Object java.lang.invoke.DirectMethodHandle$Holder.invokeSpecial(java.lang.Object, java.lang.Object, int, java.lang.Object, long)'> (0x000000070e1035e0) 
thrown [s\open\src\hotspot\share\interpreter\linkResolver.cpp, line 796]
Event: 3.337 Thread 0x000001b9170d8f00 Exception <a 'java/lang/NoSuchMethodError'{0x000000070de81c98}: 'int java.lang.invoke.DirectMethodHandle$Holder.invokeSpecialIFC(java.lang.Object, java.lang.Object, java.lang.Object, java.lang.Object)'> (0x000000070de81c98) 
thrown [s\open\src\hotspot\share\interpreter\linkResolver.cpp, line 796]
Event: 3.344 Thread 0x000001b9170d8f00 Exception <a 'java/lang/NoSuchMethodError'{0x000000070dece628}: 'java.lang.Object java.lang.invoke.DirectMethodHandle$Holder.invokeSpecial(java.lang.Object, java.lang.Object, int, int, java.lang.Object)'> (0x000000070dece628) 
thrown [s\open\src\hotspot\share\interpreter\linkResolver.cpp, line 796]
Event: 3.344 Thread 0x000001b9170d8f00 Exception <a 'java/lang/NoSuchMethodError'{0x000000070ded1a50}: 'java.lang.Object java.lang.invoke.Invokers$Holder.linkToTargetMethod(int, int, java.lang.Object, java.lang.Object)'> (0x000000070ded1a50) 
thrown [s\open\src\hotspot\share\interpreter\linkResolver.cpp, line 796]

VM Operations (20 events):
Event: 2.320 Executing VM operation: HandshakeAllThreads (Deoptimize) done
Event: 2.340 Executing VM operation: HandshakeAllThreads (Deoptimize)
Event: 2.340 Executing VM operation: HandshakeAllThreads (Deoptimize) done
Event: 2.630 Executing VM operation: HandshakeAllThreads (Deoptimize)
Event: 2.630 Executing VM operation: HandshakeAllThreads (Deoptimize) done
Event: 2.667 Executing VM operation: HandshakeAllThreads (Deoptimize)
Event: 2.667 Executing VM operation: HandshakeAllThreads (Deoptimize) done
Event: 2.736 Executing VM operation: G1CollectForAllocation (G1 Evacuation Pause)
Event: 2.745 Executing VM operation: G1CollectForAllocation (G1 Evacuation Pause) done
Event: 3.025 Executing VM operation: HandshakeAllThreads (Deoptimize)
Event: 3.025 Executing VM operation: HandshakeAllThreads (Deoptimize) done
Event: 3.026 Executing VM operation: HandshakeAllThreads (Deoptimize)
Event: 3.026 Executing VM operation: HandshakeAllThreads (Deoptimize) done
Event: 3.478 Executing VM operation: G1CollectForAllocation (G1 Evacuation Pause)
Event: 3.485 Executing VM operation: G1CollectForAllocation (G1 Evacuation Pause) done
Event: 3.599 Executing VM operation: G1CollectForAllocation (G1 Evacuation Pause)
Event: 3.602 Executing VM operation: G1CollectForAllocation (G1 Evacuation Pause) done
Event: 3.704 Executing VM operation: G1CollectForAllocation (G1 Evacuation Pause)
Event: 3.706 Executing VM operation: G1CollectForAllocation (G1 Evacuation Pause) done
Event: 3.839 Executing VM operation: G1CollectForAllocation (G1 Evacuation Pause)

Memory protections (0 events):
No events

Nmethod flushes (0 events):
No events

Events (20 events):
Event: 0.047 Thread 0x000001b8a425cd90 Thread added: 0x000001b8c6224940
Event: 0.047 Thread 0x000001b8a425cd90 Thread added: 0x000001b8c62253f0
Event: 0.053 Thread 0x000001b8c62253f0 Thread added: 0x000001b8c62f0d00
Event: 0.087 Thread 0x000001b8a425cd90 Thread added: 0x000001b8c63cb6b0
Event: 0.090 Thread 0x000001b8a425cd90 Thread added: 0x000001b8c63ce540
Event: 0.146 Thread 0x000001b8c6224940 Thread added: 0x000001b8c644d460
Event: 0.359 Thread 0x000001b8c62253f0 Thread added: 0x000001b8c688f630
Event: 0.359 Thread 0x000001b8c62253f0 Thread added: 0x000001b8c6893d00
Event: 2.076 Thread 0x000001b8c62253f0 Thread added: 0x000001b90d09bcf0
Event: 2.517 Thread 0x000001b90d09bcf0 Thread exited: 0x000001b90d09bcf0
Event: 2.518 Thread 0x000001b8c644d460 Thread exited: 0x000001b8c644d460
Event: 2.570 Thread 0x000001b8a425cd90 Thread added: 0x000001b9160d2ce0
Event: 2.572 Thread 0x000001b9160d2ce0 Thread exited: 0x000001b9160d2ce0
Event: 2.612 Thread 0x000001b8c6893d00 Thread added: 0x000001b916df8090
Event: 2.613 Thread 0x000001b8c688f630 Thread added: 0x000001b916e583d0
Event: 2.890 Thread 0x000001b8a425cd90 Thread added: 0x000001b91613b2f0
Event: 2.891 Thread 0x000001b8a425cd90 Thread exited: 0x000001b8a425cd90
Event: 2.891 Thread 0x000001b8a425cd90 Thread added: 0x000001b8a425cd90
Event: 2.970 Thread 0x000001b91613b2f0 Thread added: 0x000001b9170d8f00
Event: 3.745 Thread 0x000001b8c6224940 Thread added: 0x000001b91644f400


Dynamic libraries:
0x00007ff7591b0000 - 0x00007ff7591c0000 	C:\Program Files\Java\jdk-23\bin\java.exe
0x00007ffdc5fc0000 - 0x00007ffdc6228000 	C:\WINDOWS\SYSTEM32\ntdll.dll
0x00007ffdc44e0000 - 0x00007ffdc45a9000 	C:\WINDOWS\System32\KERNEL32.DLL
0x00007ffdc32d0000 - 0x00007ffdc36c2000 	C:\WINDOWS\System32\KERNELBASE.dll
0x00007ffdc3780000 - 0x00007ffdc38cb000 	C:\WINDOWS\System32\ucrtbase.dll
0x00007ffdb08e0000 - 0x00007ffdb08f7000 	C:\Program Files\Java\jdk-23\bin\jli.dll
0x00007ffdad360000 - 0x00007ffdad37b000 	C:\Program Files\Java\jdk-23\bin\VCRUNTIME140.dll
0x00007ffdc5db0000 - 0x00007ffdc5f75000 	C:\WINDOWS\System32\USER32.dll
0x00007ffdb2c60000 - 0x00007ffdb2ef3000 	C:\WINDOWS\WinSxS\amd64_microsoft.windows.common-controls_6595b64144ccf1df_6.0.26100.6899_none_3e0efeeae32e88c1\COMCTL32.dll
0x00007ffdc32a0000 - 0x00007ffdc32c7000 	C:\WINDOWS\System32\win32u.dll
0x00007ffdc4b10000 - 0x00007ffdc4bb9000 	C:\WINDOWS\System32\msvcrt.dll
0x00007ffdc5a40000 - 0x00007ffdc5a6b000 	C:\WINDOWS\System32\GDI32.dll
0x00007ffdc3c60000 - 0x00007ffdc3d8d000 	C:\WINDOWS\System32\gdi32full.dll
0x00007ffdc36d0000 - 0x00007ffdc3773000 	C:\WINDOWS\System32\msvcp_win.dll
0x00007ffdc4340000 - 0x00007ffdc436f000 	C:\WINDOWS\System32\IMM32.DLL
0x00007ffdbc9d0000 - 0x00007ffdbc9dc000 	C:\Program Files\Java\jdk-23\bin\vcruntime140_1.dll
0x00007ffdabdc0000 - 0x00007ffdabe4e000 	C:\Program Files\Java\jdk-23\bin\msvcp140.dll
0x00007ffd1a0a0000 - 0x00007ffd1adef000 	C:\Program Files\Java\jdk-23\bin\server\jvm.dll
0x00007ffdc48b0000 - 0x00007ffdc4964000 	C:\WINDOWS\System32\ADVAPI32.dll
0x00007ffdc5c60000 - 0x00007ffdc5d06000 	C:\WINDOWS\System32\sechost.dll
0x00007ffdc5a80000 - 0x00007ffdc5b98000 	C:\WINDOWS\System32\RPCRT4.dll
0x00007ffdc5d30000 - 0x00007ffdc5da4000 	C:\WINDOWS\System32\WS2_32.dll
0x00007ffdc2fd0000 - 0x00007ffdc302e000 	C:\WINDOWS\SYSTEM32\POWRPROF.dll
0x00007ffdb8d80000 - 0x00007ffdb8db5000 	C:\WINDOWS\SYSTEM32\WINMM.dll
0x00007ffdb72b0000 - 0x00007ffdb72bb000 	C:\WINDOWS\SYSTEM32\VERSION.dll
0x00007ffdc2fb0000 - 0x00007ffdc2fc4000 	C:\WINDOWS\SYSTEM32\UMPDC.dll
0x00007ffdc1f20000 - 0x00007ffdc1f3b000 	C:\WINDOWS\SYSTEM32\kernel.appcore.dll
0x00007ffdbc9b0000 - 0x00007ffdbc9ba000 	C:\Program Files\Java\jdk-23\bin\jimage.dll
0x00007ffdc03e0000 - 0x00007ffdc0622000 	C:\WINDOWS\SYSTEM32\DBGHELP.DLL
0x00007ffdc3fc0000 - 0x00007ffdc433b000 	C:\WINDOWS\System32\combase.dll
0x00007ffdc47d0000 - 0x00007ffdc48a7000 	C:\WINDOWS\System32\OLEAUT32.dll
0x00007ffdab9c0000 - 0x00007ffdab9fc000 	C:\WINDOWS\SYSTEM32\dbgcore.DLL
0x00007ffdc38d0000 - 0x00007ffdc3968000 	C:\WINDOWS\System32\bcryptPrimitives.dll
0x00007ffdabbd0000 - 0x00007ffdabbee000 	C:\Program Files\Java\jdk-23\bin\java.dll
0x00007ffdc4970000 - 0x00007ffdc4b08000 	C:\WINDOWS\System32\ole32.dll
0x00007ffdc5090000 - 0x00007ffdc57dd000 	C:\WINDOWS\System32\SHELL32.dll
0x00007ffdc3970000 - 0x00007ffdc3adb000 	C:\WINDOWS\System32\wintypes.dll
0x00007ffdc0de0000 - 0x00007ffdc163d000 	C:\WINDOWS\SYSTEM32\windows.storage.dll
0x00007ffdc43e0000 - 0x00007ffdc44d2000 	C:\WINDOWS\System32\SHCORE.dll
0x00007ffdc5950000 - 0x00007ffdc59b2000 	C:\WINDOWS\System32\shlwapi.dll
0x00007ffdc3070000 - 0x00007ffdc3099000 	C:\WINDOWS\SYSTEM32\profapi.dll
0x00007ffd90560000 - 0x00007ffd90637000 	C:\Program Files\Java\jdk-23\bin\jsvml.dll
0x00007ffdbc970000 - 0x00007ffdbc980000 	C:\Program Files\Java\jdk-23\bin\net.dll
0x00007ffdc2490000 - 0x00007ffdc24fb000 	C:\WINDOWS\system32\mswsock.dll
0x00007ffdabbb0000 - 0x00007ffdabbc6000 	C:\Program Files\Java\jdk-23\bin\nio.dll
0x00007ffdabb90000 - 0x00007ffdabba7000 	C:\Program Files\Java\jdk-23\bin\zip.dll
0x00007ffdc2740000 - 0x00007ffdc275b000 	C:\WINDOWS\SYSTEM32\CRYPTSP.dll
0x00007ffdc1e80000 - 0x00007ffdc1ebb000 	C:\WINDOWS\system32\rsaenh.dll
0x00007ffdc2530000 - 0x00007ffdc255b000 	C:\WINDOWS\SYSTEM32\USERENV.dll
0x00007ffdc3040000 - 0x00007ffdc3066000 	C:\WINDOWS\SYSTEM32\bcrypt.dll
0x00007ffdc2760000 - 0x00007ffdc276c000 	C:\WINDOWS\SYSTEM32\CRYPTBASE.dll
0x00007ffdc1940000 - 0x00007ffdc1974000 	C:\WINDOWS\SYSTEM32\IPHLPAPI.DLL
0x00007ffdc57e0000 - 0x00007ffdc57ea000 	C:\WINDOWS\System32\NSI.dll
0x00007ffdb8860000 - 0x00007ffdb8870000 	C:\Program Files\Java\jdk-23\bin\verify.dll
0x00007ffd32350000 - 0x00007ffd32439000 	C:\Users\Haqii\AppData\Local\Temp\sqlite-3.41.2.1-8d234f64-31d1-40cb-bc48-6403ef52227b-sqlitejdbc.dll

dbghelp: loaded successfully - version: 4.0.5 - missing functions: none
symbol engine: initialized successfully - sym options: 0x614 - pdb path: .;C:\Program Files\Java\jdk-23\bin;C:\WINDOWS\SYSTEM32;C:\WINDOWS\WinSxS\amd64_microsoft.windows.common-controls_6595b64144ccf1df_6.0.26100.6899_none_3e0efeeae32e88c1;C:\Program Files\Java\jdk-23\bin\server;C:\Users\Haqii\AppData\Local\Temp

VM Arguments:
jvm_args: -DkotlinLanguageServer.version=1.3.13 
java_command: org.javacs.kt.MainKt
java_class_path (initial): c:\Users\Haqii\AppData\Roaming\Code\User\globalStorage\fwcd.kotlin\langServerInstall\server\lib\server-1.3.13.jar;c:\Users\Haqii\AppData\Roaming\Code\User\globalStorage\fwcd.kotlin\langServerInstall\server\lib\shared-1.3.13.jar;c:\Users\Haqii\AppData\Roaming\Code\User\globalStorage\fwcd.kotlin\langServerInstall\server\lib\kotlin-scripting-jvm-host-unshaded-2.1.0.jar;c:\Users\Haqii\AppData\Roaming\Code\User\globalStorage\fwcd.kotlin\langServerInstall\server\lib\kotlin-scripting-compiler-2.1.0.jar;c:\Users\Haqii\AppData\Roaming\Code\User\globalStorage\fwcd.kotlin\langServerInstall\server\lib\ktfmt-b5d31d1.jar;c:\Users\Haqii\AppData\Roaming\Code\User\globalStorage\fwcd.kotlin\langServerInstall\server\lib\kotlin-compiler-2.1.0.jar;c:\Users\Haqii\AppData\Roaming\Code\User\globalStorage\fwcd.kotlin\langServerInstall\server\lib\exposed-dao-0.37.3.jar;c:\Users\Haqii\AppData\Roaming\Code\User\globalStorage\fwcd.kotlin\langServerInstall\server\lib\exposed-jdbc-0.37.3.jar;c:\Users\Haqii\AppData\Roaming\Code\User\globalStorage\fwcd.kotlin\langServerInstall\server\lib\exposed-core-0.37.3.jar;c:\Users\Haqii\AppData\Roaming\Code\User\globalStorage\fwcd.kotlin\langServerInstall\server\lib\kotlin-scripting-compiler-impl-2.1.0.jar;c:\Users\Haqii\AppData\Roaming\Code\User\globalStorage\fwcd.kotlin\langServerInstall\server\lib\kotlin-reflect-2.1.0.jar;c:\Users\Haqii\AppData\Roaming\Code\User\globalStorage\fwcd.kotlin\langServerInstall\server\lib\kotlin-scripting-jvm-2.1.0.jar;c:\Users\Haqii\AppData\Roaming\Code\User\globalStorage\fwcd.kotlin\langServerInstall\server\lib\kotlin-scripting-common-2.1.0.jar;c:\Users\Haqii\AppData\Roaming\Code\User\globalStorage\fwcd.kotlin\langServerInstall\server\lib\kotlinx-coroutines-core-jvm-1.6.4.jar;c:\Users\Haqii\AppData\Roaming\Code\User\globalStorage\fwcd.kotlin\langServerInstall\server\lib\kotlin-stdlib-jdk8-2.1.0.jar;c:\Users\Haqii\AppData\Roaming\Code\User\globalStorage\fwcd.kotlin\langServerInstall\server\lib\kotlin-stdlib-jdk7-2.1.0.jar;c:\Users\Haqii\AppData\Roaming\Code\User\globalStorage\fwcd.kotlin\langServerInstall\server\lib\kotlin-stdlib-2.1.0.jar;c:\Users\Haqii\AppData\Roaming\Code\User\globalStorage\fwcd.kotlin\langServerInstall\server\lib\org.eclipse.lsp4j-0.21.2.jar;c:\Users\Haqii\AppData\Roaming\Code\User\globalStorage\fwcd.kotlin\langServerInstall\server\lib\org.eclipse.lsp4j.jsonrpc-0.21.2.jar;c:\Users\Haqii\AppData\Roaming\Code\User\globalStorage\fwcd.kotlin\langServerInstall\server\lib\kotlin-sam-with-receiver-compiler-plugin-2.1.0.jar;c:\Users\Haqii\AppData\Roaming\Code\User\globalStorage\fwcd.kotlin\langServerInstall\server\lib\fernflower-1.0.jar;c:\Users\Haqii\AppData\Roaming\Code\User\globalStorage\fwcd.kotlin\langServerInstall\server\lib\h2-1.4.200.jar;c:\Users\Haqii\AppData\Roaming\Code\User\globalStorage\fwcd.kotlin\langServerInstall\server\lib\jcommander-1.78.jar;c:\Users\Haqii\AppData\Roaming\Code\User\globalStorage\fwcd.kotlin\langServerInstall\server\lib\sqlite-jdbc-3.41.2.1.jar;c:\Users\Haqii\AppData\Roaming\Code\User\globalStorage\fwcd.kotlin\langServerInstall\server\lib\google-java-format-1.8.jar;c:\Users\Haqii\AppData\Roaming\Code\User\globalStorage\fwcd.kotlin\langServerInstall\server\lib\guava-33.3.0-jre.jar;c:\Users\Haqii\AppData\Roaming\Code\User\globalStorage\fwcd.kotlin\langServerInstall\server\lib\annotations-13.0.jar;c:\Users\Haqii\AppData\Roaming\Code\User\globalStorage\fwcd.kotlin\langServerInstall\server\lib\gson-2.10.1.jar;c:\Users\Haqii\AppData\Roaming\Code\User\globalStorage\fwcd.kotlin\langServerInstall\server\lib\kotlin-script-runtime-2.1.0.jar;c:\Users\Haqii\AppData\Roaming\Code\User\globalStorage\fwcd.kotlin\langServerInstall\server\lib\trove4j-1.0.20200330.jar;c:\Users\Haqii\AppData\Roaming\Code\User\globalStorage\fwcd.kotlin\langServerInstall\server\lib\jline-3.24.1.jar;c:\Users\Haqii\AppData\Roaming\Code\User\globalStorage\fwcd.kotlin\langServerInstall\server\lib\slf4j-api-1.7.25.jar;c:\Users\Haqii\AppData\Roaming\Code\User\globalStorage\fwcd.kotlin\langServerInstall\server\lib\jna-4.2.2.jar;c:\Users\Haqii\AppData\Roaming\Code\User\globalStorage\fwcd.kotlin\langServerInstall\server\lib\failureaccess-1.0.2.jar;c:\Users\Haqii\AppData\Roaming\Code\User\globalStorage\fwcd.kotlin\langServerInstall\server\lib\listenablefuture-9999.0-empty-to-avoid-conflict-with-guava.jar;c:\Users\Haqii\AppData\Roaming\Code\User\globalStorage\fwcd.kotlin\langServerInstall\server\lib\jsr305-3.0.2.jar;c:\Users\Haqii\AppData\Roaming\Code\User\globalStorage\fwcd.kotlin\langServerInstall\server\lib\checker-qual-3.43.0.jar;c:\Users\Haqii\AppData\Roaming\Code\User\globalStorage\fwcd.kotlin\langServerInstall\server\lib\error_prone_annotations-2.28.0.jar
Launcher Type: SUN_STANDARD

[Global flags]
     intx CICompilerCount                          = 12                                        {product} {ergonomic}
     uint ConcGCThreads                            = 3                                         {product} {ergonomic}
     uint G1ConcRefinementThreads                  = 13                                        {product} {ergonomic}
   size_t G1HeapRegionSize                         = 2097152                                   {product} {ergonomic}
   size_t InitialHeapSize                          = 255852544                                 {product} {ergonomic}
   size_t MarkStackSize                            = 4194304                                   {product} {ergonomic}
   size_t MarkStackSizeMax                         = 536870912                                 {product} {ergonomic}
   size_t MaxHeapSize                              = 4093640704                                {product} {ergonomic}
   size_t MaxNewSize                               = 2455764992                                {product} {ergonomic}
   size_t MinHeapDeltaBytes                        = 2097152                                   {product} {ergonomic}
   size_t MinHeapSize                              = 8388608                                   {product} {ergonomic}
    uintx NonNMethodCodeHeapSize                   = 7602176                                {pd product} {ergonomic}
    uintx NonProfiledCodeHeapSize                  = 122093568                              {pd product} {ergonomic}
    uintx ProfiledCodeHeapSize                     = 121962496                              {pd product} {ergonomic}
    uintx ReservedCodeCacheSize                    = 251658240                              {pd product} {ergonomic}
     bool SegmentedCodeCache                       = true                                      {product} {ergonomic}
   size_t SoftMaxHeapSize                          = 4093640704                             {manageable} {ergonomic}
     bool UseCompressedOops                        = true                           {product lp64_product} {ergonomic}
     bool UseG1GC                                  = true                                      {product} {ergonomic}
     bool UseLargePagesIndividualAllocation        = false                                  {pd product} {ergonomic}

Logging:
Log output configuration:
 #0: stdout all=warning uptime,level,tags foldmultilines=false
 #1: stderr all=off uptime,level,tags foldmultilines=false

Environment Variables:
CLASSPATH=c:\Users\Haqii\AppData\Roaming\Code\User\globalStorage\fwcd.kotlin\langServerInstall\server\lib\server-1.3.13.jar;c:\Users\Haqii\AppData\Roaming\Code\User\globalStorage\fwcd.kotlin\langServerInstall\server\lib\shared-1.3.13.jar;c:\Users\Haqii\AppData\Roaming\Code\User\globalStorage\fwcd.kotlin\langServerInstall\server\lib\kotlin-scripting-jvm-host-unshaded-2.1.0.jar;c:\Users\Haqii\AppData\Roaming\Code\User\globalStorage\fwcd.kotlin\langServerInstall\server\lib\kotlin-scripting-compiler-2.1.0.jar;c:\Users\Haqii\AppData\Roaming\Code\User\globalStorage\fwcd.kotlin\langServerInstall\server\lib\ktfmt-b5d31d1.jar;c:\Users\Haqii\AppData\Roaming\Code\User\globalStorage\fwcd.kotlin\langServerInstall\server\lib\kotlin-compiler-2.1.0.jar;c:\Users\Haqii\AppData\Roaming\Code\User\globalStorage\fwcd.kotlin\langServerInstall\server\lib\exposed-dao-0.37.3.jar;c:\Users\Haqii\AppData\Roaming\Code\User\globalStorage\fwcd.kotlin\langServerInstall\server\lib\exposed-jdbc-0.37.3.jar;c:\Users\Haqii\AppData\Roaming\Code\User\globalStorage\fwcd.kotlin\langServerInstall\server\lib\exposed-core-0.37.3.jar;c:\Users\Haqii\AppData\Roaming\Code\User\globalStorage\fwcd.kotlin\langServerInstall\server\lib\kotlin-scripting-compiler-impl-2.1.0.jar;c:\Users\Haqii\AppData\Roaming\Code\User\globalStorage\fwcd.kotlin\langServerInstall\server\lib\kotlin-reflect-2.1.0.jar;c:\Users\Haqii\AppData\Roaming\Code\User\globalStorage\fwcd.kotlin\langServerInstall\server\lib\kotlin-scripting-jvm-2.1.0.jar;c:\Users\Haqii\AppData\Roaming\Code\User\globalStorage\fwcd.kotlin\langServerInstall\server\lib\kotlin-scripting-common-2.1.0.jar;c:\Users\Haqii\AppData\Roaming\Code\User\globalStorage\fwcd.kotlin\langServerInstall\server\lib\kotlinx-coroutines-core-jvm-1.6.4.jar;c:\Users\Haqii\AppData\Roaming\Code\User\globalStorage\fwcd.kotlin\langServerInstall\server\lib\kotlin-stdlib-jdk8-2.1.0.jar;c:\Users\Haqii\AppData\Roaming\Code\User\globalStorage\fwcd.kotlin\langServerInstall\server\lib\kotlin-stdlib-jdk7-2.1.0.jar;c:\Users\Haqii\AppData\Roaming\Code\User\globalStorage\fwcd.kotlin\langServerInstall\server\lib\kotlin-stdlib-2.1.0.jar;c:\Users\Haqii\AppData\Roaming\Code\User\globalStorage\fwcd.kotlin\langServerInstall\server\lib\org.eclipse.lsp4j-0.21.2.jar;c:\Users\Haqii\AppData\Roaming\Code\User\globalStorage\fwcd.kotlin\langServerInstall\server\lib\org.eclipse.lsp4j.jsonrpc-0.21.2.jar;c:\Users\Haqii\AppData\Roaming\Code\User\globalStorage\fwcd.kotlin\langServerInstall\server\lib\kotlin-sam-with-receiver-compiler-plugin-2.1.0.jar;c:\Users\Haqii\AppData\Roaming\Code\User\globalStorage\fwcd.kotlin\langServerInstall\server\lib\fernflower-1.0.jar;c:\Users\Haqii\AppData\Roaming\Code\User\globalStorage\fwcd.kotlin\langServerInstall\server\lib\h2-1.4.200.jar;c:\Users\Haqii\AppData\Roaming\Code\User\globalStorage\fwcd.kotlin\langServerInstall\server\lib\jcommander-1.78.jar;c:\Users\Haqii\AppData\Roaming\Code\User\globalStorage\fwcd.kotlin\langServerInstall\server\lib\sqlite-jdbc-3.41.2.1.jar;c:\Users\Haqii\AppData\Roaming\Code\User\globalStorage\fwcd.kotlin\langServerInstall\server\lib\google-java-format-1.8.jar;c:\Users\Haqii\AppData\Roaming\Code\User\globalStorage\fwcd.kotlin\langServerInstall\server\lib\guava-33.3.0-jre.jar;c:\Users\Haqii\AppData\Roaming\Code\User\globalStorage\fwcd.kotlin\langServerInstall\server\lib\annotations-13.0.jar;c:\Users\Haqii\AppData\Roaming\Code\User\globalStorage\fwcd.kotlin\langServerInstall\server\lib\gson-2.10.1.jar;c:\Users\Haqii\AppData\Roaming\Code\User\globalStorage\fwcd.kotlin\langServerInstall\server\lib\kotlin-script-runtime-2.1.0.jar;c:\Users\Haqii\AppData\Roaming\Code\User\globalStorage\fwcd.kotlin\langServerInstall\server\lib\trove4j-1.0.20200330.jar;c:\Users\Haqii\AppData\Roaming\Code\User\globalStorage\fwcd.kotlin\langServerInstall\server\lib\jline-3.24.1.jar;c:\Users\Haqii\AppData\Roaming\Code\User\globalStorage\fwcd.kotlin\langServerInstall\server\lib\slf4j-api-1.7.25.jar;c:\Users\Haqii\AppData\Roaming\Code\User\globalStorage\fwcd.kotlin\langServerInstall\server\lib\jna-4.2.2.jar;c:\Users\Haqii\AppData\Roaming\Code\User\globalStorage\fwcd.kotlin\langServerInstall\server\lib\failureaccess-1.0.2.jar;c:\Users\Haqii\AppData\Roaming\Code\User\globalStorage\fwcd.kotlin\langServerInstall\server\lib\listenablefuture-9999.0-empty-to-avoid-conflict-with-guava.jar;c:\Users\Haqii\AppData\Roaming\Code\User\globalStorage\fwcd.kotlin\langServerInstall\server\lib\jsr305-3.0.2.jar;c:\Users\Haqii\AppData\Roaming\Code\User\globalStorage\fwcd.kotlin\langServerInstall\server\lib\checker-qual-3.43.0.jar;c:\Users\Haqii\AppData\Roaming\Code\User\globalStorage\fwcd.kotlin\langServerInstall\server\lib\error_prone_annotations-2.28.0.jar
PATH=C:\Program Files\Common Files\Oracle\Java\javapath;C:\Program Files (x86)\Common Files\Oracle\Java\java8path;C:\Program Files (x86)\Common Files\Oracle\Java\javapath;C:\WINDOWS\system32;C:\WINDOWS;C:\WINDOWS\System32\Wbem;C:\WINDOWS\System32\WindowsPowerShell\v1.0\;C:\WINDOWS\System32\OpenSSH\;C:\xampp\php;C:\ProgramData\ComposerSetup\bin;C:\Program Files\Git\cmd;C:\Program Files\dotnet\;C:\ProgramData\chocolatey\bin;C:\Program Files\Neovim\bin;C:\Program Files\nodejs\;C:\Program Files\Common Files\Oracle\Java\javapath;C:\Windows\system32;C:\Windows;C:\Windows\System32\Wbem;C:\Windows\System32\WindowsPowerShell\v1.0\;C:\Windows\System32\OpenSSH\;C:\xampp\php;C:\ProgramData\ComposerSetup\bin;C:\Program Files\nodejs\;C:\Program Files\Git\cmd;C:\Program Files\dotnet\;C:\ProgramData\chocolatey\bin;c:\Users\Haqii\AppData\Local\Programs\cursor\resources\app\codeBin;C:\Users\Haqii\AppData\Local\Programs\Python\Launcher\;C:\Users\Haqii\AppData\Local\Microsoft\WindowsApps;C:\Users\Haqii\AppData\Local\Programs\Microsoft VS Code\bin;C:\Users\Haqii\AppData\Roaming\Composer\vendor\bin;C:\msys64\ucrt64\bin;C:\Users\Haqii\AppData\Local\spicetify;C:\Users\Haqii\.deno\bin;C:\Android\cmdline-tools\latest\bin;C:\Android\platform-tools;C:\Android\emulator;C:\Users\Haqii\AppData\Roaming\npm;C:\Users\Haqii\AppData\Local\Microsoft\WindowsApps
USERNAME=Haqii
OS=Windows_NT
PROCESSOR_IDENTIFIER=AMD64 Family 25 Model 68 Stepping 1, AuthenticAMD
TMP=C:\Users\Haqii\AppData\Local\Temp
TEMP=C:\Users\Haqii\AppData\Local\Temp




Periodic native trim disabled

---------------  S Y S T E M  ---------------

OS:
 Windows 11 , 64 bit Build 26100 (10.0.26100.6725)
OS uptime: 0 days 1:58 hours

CPU: total 16 (initial active 16) (16 cores per cpu, 2 threads per core) family 25 model 68 stepping 1 microcode 0xa404102, cx8, cmov, fxsr, ht, mmx, 3dnowpref, sse, sse2, sse3, ssse3, sse4a, sse4.1, sse4.2, popcnt, lzcnt, tsc, tscinvbit, avx, avx2, aes, erms, clmul, bmi1, bmi2, adx, sha, fma, vzeroupper, clflush, clflushopt, rdtscp, rdpid, fsrm, f16c, pku, cet_ss
Processor Information for processor 0
  Max Mhz: 3201, Current Mhz: 2560, Mhz Limit: 3201
Processor Information for processor 1
  Max Mhz: 3201, Current Mhz: 2560, Mhz Limit: 3201
Processor Information for processor 2
  Max Mhz: 3201, Current Mhz: 2560, Mhz Limit: 3201
Processor Information for processor 3
  Max Mhz: 3201, Current Mhz: 2560, Mhz Limit: 3201
Processor Information for processor 4
  Max Mhz: 3201, Current Mhz: 2560, Mhz Limit: 3201
Processor Information for processor 5
  Max Mhz: 3201, Current Mhz: 2560, Mhz Limit: 3201
Processor Information for processor 6
  Max Mhz: 3201, Current Mhz: 2560, Mhz Limit: 3201
Processor Information for processor 7
  Max Mhz: 3201, Current Mhz: 3201, Mhz Limit: 3201
Processor Information for processor 8
  Max Mhz: 3201, Current Mhz: 2560, Mhz Limit: 3201
Processor Information for processor 9
  Max Mhz: 3201, Current Mhz: 2560, Mhz Limit: 3201
Processor Information for processor 10
  Max Mhz: 3201, Current Mhz: 3201, Mhz Limit: 3201
Processor Information for processor 11
  Max Mhz: 3201, Current Mhz: 2560, Mhz Limit: 3201
Processor Information for processor 12
  Max Mhz: 3201, Current Mhz: 2560, Mhz Limit: 3201
Processor Information for processor 13
  Max Mhz: 3201, Current Mhz: 2560, Mhz Limit: 3201
Processor Information for processor 14
  Max Mhz: 3201, Current Mhz: 2560, Mhz Limit: 3201
Processor Information for processor 15
  Max Mhz: 3201, Current Mhz: 2560, Mhz Limit: 3201

Memory: 4k page, system-wide physical 15613M (1040M free)
TotalPageFile size 28925M (AvailPageFile size 43M)
current process WorkingSet (physical memory assigned to process): 173M, peak: 211M
current process commit charge ("private bytes"): 228M, peak: 393M

vm_info: Java HotSpot(TM) 64-Bit Server VM (23.0.1+11-39) for windows-amd64 JRE (23.0.1+11-39), built on 2024-09-30T07:20:43Z with MS VC++ 17.6 (VS2022)

END.
