#
# There is insufficient memory for the Java Runtime Environment to continue.
# Native memory allocation (mmap) failed to map 90177536 bytes. Error detail: G1 virtual space
# Possible reasons:
#   The system is out of physical RAM or swap space
#   This process is running with CompressedOops enabled, and the Java Heap may be blocking the growth of the native heap
# Possible solutions:
#   Reduce memory load on the system
#   Increase physical memory or swap space
#   Check if swap backing store is full
#   Decrease Java heap size (-Xmx/-Xms)
#   Decrease number of Java threads
#   Decrease Java thread stack sizes (-Xss)
#   Set larger code cache with -XX:ReservedCodeCacheSize=
#   JVM is running with Zero Based Compressed Oops mode in which the Java heap is
#     placed in the first 32GB address space. The Java Heap base address is the
#     maximum limit for the native heap growth. Please use -XX:HeapBaseMinAddress
#     to set the Java Heap base and to place the Java Heap above 32GB virtual address.
# This output file may be truncated or incomplete.
#
#  Out of Memory Error (os_windows.cpp:3703), pid=6284, tid=22188
#
# JRE version: Java(TM) SE Runtime Environment (23.0.1+11) (build 23.0.1+11-39)
# Java VM: Java HotSpot(TM) 64-Bit Server VM (23.0.1+11-39, mixed mode, sharing, tiered, compressed oops, compressed class ptrs, g1 gc, windows-amd64)
# No core dump will be written. Minidumps are not enabled by default on client versions of Windows
#

---------------  S U M M A R Y ------------

Command Line: -DkotlinLanguageServer.version=1.3.13 org.javacs.kt.MainKt

Host: AMD Ryzen 7 7735HS with Radeon Graphics        , 16 cores, 15G,  Windows 11 , 64 bit Build 26100 (10.0.26100.6725)
Time: Tue Oct 21 08:36:21 2025 SE Asia Standard Time elapsed time: 9.625482 seconds (0d 0h 0m 9s)

---------------  T H R E A D  ---------------

Current thread (0x000002d1bb6698d0):  VMThread "VM Thread"          [id=22188, stack(0x000000d1a1800000,0x000000d1a1900000) (1024K)]

Stack: [0x000000d1a1800000,0x000000d1a1900000]
Native frames: (J=compiled Java code, j=interpreted, Vv=VM code, C=native code)
V  [jvm.dll+0x6e08b9]  (no source info available)
V  [jvm.dll+0x87dc83]  (no source info available)
V  [jvm.dll+0x88010e]  (no source info available)
V  [jvm.dll+0x8807e3]  (no source info available)
V  [jvm.dll+0x27aee6]  (no source info available)
V  [jvm.dll+0x6dd1c5]  (no source info available)
V  [jvm.dll+0x6d104a]  (no source info available)
V  [jvm.dll+0x35b3ea]  (no source info available)
V  [jvm.dll+0x3637f6]  (no source info available)
V  [jvm.dll+0x34fd5e]  (no source info available)
V  [jvm.dll+0x34fff8]  (no source info available)
V  [jvm.dll+0x3289cc]  (no source info available)
V  [jvm.dll+0x328a5a]  (no source info available)
V  [jvm.dll+0x374c92]  (no source info available)
V  [jvm.dll+0x373392]  (no source info available)
V  [jvm.dll+0x3281a7]  (no source info available)
V  [jvm.dll+0x372b44]  (no source info available)
V  [jvm.dll+0x886720]  (no source info available)
V  [jvm.dll+0x887a47]  (no source info available)
V  [jvm.dll+0x887f78]  (no source info available)
V  [jvm.dll+0x888213]  (no source info available)
V  [jvm.dll+0x824f8b]  (no source info available)
V  [jvm.dll+0x6df065]  (no source info available)
C  [ucrtbase.dll+0x37b0]  (no source info available)
C  [KERNEL32.DLL+0x2e8d7]  (no source info available)
C  [ntdll.dll+0x8c53c]  (no source info available)

VM_Operation (0x000000d1a36fc680): G1CollectForAllocation, mode: safepoint, requested by thread 0x000002d18d506f10


---------------  P R O C E S S  ---------------

Threads class SMR info:
_java_thread_list=0x000002d18e5f5ee0, length=21, elements={
0x000002d1bb67dbe0, 0x000002d1bb67f650, 0x000002d1bb684320, 0x000002d1bb685110,
0x000002d1bb68a210, 0x000002d1bb68e270, 0x000002d1bc2587b0, 0x000002d1bc259390,
0x000002d1bc332ab0, 0x000002d1bb68c830, 0x000002d1bb68dbe0, 0x000002d1bc925920,
0x000002d1bc925fe0, 0x000002d1bb68adf0, 0x000002d18d507c30, 0x000002d18d5061f0,
0x000002d18d506880, 0x000002d18cb28f80, 0x000002d18d506f10, 0x000002d18cb29d20,
0x000002d18f935ad0
}

Java Threads: ( => current thread )
  0x000002d1bb67dbe0 JavaThread "Reference Handler"          daemon [_thread_blocked, id=19008, stack(0x000000d1a1900000,0x000000d1a1a00000) (1024K)]
  0x000002d1bb67f650 JavaThread "Finalizer"                  daemon [_thread_blocked, id=2880, stack(0x000000d1a1a00000,0x000000d1a1b00000) (1024K)]
  0x000002d1bb684320 JavaThread "Signal Dispatcher"          daemon [_thread_blocked, id=12616, stack(0x000000d1a1b00000,0x000000d1a1c00000) (1024K)]
  0x000002d1bb685110 JavaThread "Attach Listener"            daemon [_thread_blocked, id=7836, stack(0x000000d1a1c00000,0x000000d1a1d00000) (1024K)]
  0x000002d1bb68a210 JavaThread "Service Thread"             daemon [_thread_blocked, id=18860, stack(0x000000d1a1d00000,0x000000d1a1e00000) (1024K)]
  0x000002d1bb68e270 JavaThread "Monitor Deflation Thread"   daemon [_thread_blocked, id=24484, stack(0x000000d1a1e00000,0x000000d1a1f00000) (1024K)]
  0x000002d1bc2587b0 JavaThread "C2 CompilerThread0"         daemon [_thread_blocked, id=15192, stack(0x000000d1a1f00000,0x000000d1a2000000) (1024K)]
  0x000002d1bc259390 JavaThread "C1 CompilerThread0"         daemon [_thread_blocked, id=8204, stack(0x000000d1a2000000,0x000000d1a2100000) (1024K)]
  0x000002d1bc332ab0 JavaThread "C1 CompilerThread1"         daemon [_thread_blocked, id=1824, stack(0x000000d1a2100000,0x000000d1a2200000) (1024K)]
  0x000002d1bb68c830 JavaThread "Notification Thread"        daemon [_thread_blocked, id=16544, stack(0x000000d1a2200000,0x000000d1a2300000) (1024K)]
  0x000002d1bb68dbe0 JavaThread "Common-Cleaner"             daemon [_thread_blocked, id=21520, stack(0x000000d1a2300000,0x000000d1a2400000) (1024K)]
  0x000002d1bc925920 JavaThread "C1 CompilerThread2"         daemon [_thread_blocked, id=11292, stack(0x000000d1a2600000,0x000000d1a2700000) (1024K)]
  0x000002d1bc925fe0 JavaThread "C1 CompilerThread3"         daemon [_thread_blocked, id=6340, stack(0x000000d1a2700000,0x000000d1a2800000) (1024K)]
  0x000002d1bb68adf0 JavaThread "client"                            [_thread_in_native, id=22632, stack(0x000000d1a3700000,0x000000d1a3800000) (1024K)]
  0x000002d18d507c30 JavaThread "DestroyJavaVM"                     [_thread_blocked, id=16520, stack(0x000000d1a1100000,0x000000d1a1200000) (1024K)]
  0x000002d18d5061f0 JavaThread "async0"                            [_thread_blocked, id=5172, stack(0x000000d1a3800000,0x000000d1a3900000) (1024K)]
  0x000002d18d506880 JavaThread "async1"                            [_thread_blocked, id=19592, stack(0x000000d1a2400000,0x000000d1a2500000) (1024K)]
  0x000002d18cb28f80 JavaThread "C2 CompilerThread1"         daemon [_thread_blocked, id=6248, stack(0x000000d1a2500000,0x000000d1a2600000) (1024K)]
  0x000002d18d506f10 JavaThread "debounce0"                         [_thread_blocked, id=19224, stack(0x000000d1a3600000,0x000000d1a3700000) (1024K)]
  0x000002d18cb29d20 JavaThread "C2 CompilerThread2"         daemon [_thread_blocked, id=23208, stack(0x000000d1a3900000,0x000000d1a3a00000) (1024K)]
  0x000002d18f935ad0 JavaThread "async2"                            [_thread_blocked, id=15820, stack(0x000000d1a3a00000,0x000000d1a3b00000) (1024K)]
Total: 21

Other Threads:
=>0x000002d1bb6698d0 VMThread "VM Thread"                           [id=22188, stack(0x000000d1a1800000,0x000000d1a1900000) (1024K)]
  0x000002d1bb652eb0 WatcherThread "VM Periodic Task Thread"        [id=8308, stack(0x000000d1a1700000,0x000000d1a1800000) (1024K)]
  0x000002d19c60f930 WorkerThread "GC Thread#0"                     [id=18112, stack(0x000000d1a1200000,0x000000d1a1300000) (1024K)]
  0x000002d1fe391d80 WorkerThread "GC Thread#1"                     [id=24380, stack(0x000000d1a2800000,0x000000d1a2900000) (1024K)]
  0x000002d1bcf77030 WorkerThread "GC Thread#2"                     [id=8800, stack(0x000000d1a2900000,0x000000d1a2a00000) (1024K)]
  0x000002d1fe3c6f50 WorkerThread "GC Thread#3"                     [id=11648, stack(0x000000d1a2a00000,0x000000d1a2b00000) (1024K)]
  0x000002d1fe3a69e0 WorkerThread "GC Thread#4"                     [id=17324, stack(0x000000d1a2b00000,0x000000d1a2c00000) (1024K)]
  0x000002d1fe3f7920 WorkerThread "GC Thread#5"                     [id=20288, stack(0x000000d1a2c00000,0x000000d1a2d00000) (1024K)]
  0x000002d1fe3f7cd0 WorkerThread "GC Thread#6"                     [id=2576, stack(0x000000d1a2d00000,0x000000d1a2e00000) (1024K)]
  0x000002d1fe3fc090 WorkerThread "GC Thread#7"                     [id=6856, stack(0x000000d1a2e00000,0x000000d1a2f00000) (1024K)]
  0x000002d1fe722dc0 WorkerThread "GC Thread#8"                     [id=13620, stack(0x000000d1a2f00000,0x000000d1a3000000) (1024K)]
  0x000002d1fe7213f0 WorkerThread "GC Thread#9"                     [id=21056, stack(0x000000d1a3000000,0x000000d1a3100000) (1024K)]
  0x000002d1febb14b0 WorkerThread "GC Thread#10"                    [id=18904, stack(0x000000d1a3100000,0x000000d1a3200000) (1024K)]
  0x000002d1febb2370 WorkerThread "GC Thread#11"                    [id=19452, stack(0x000000d1a3200000,0x000000d1a3300000) (1024K)]
  0x000002d1febb09a0 WorkerThread "GC Thread#12"                    [id=16796, stack(0x000000d1a3300000,0x000000d1a3400000) (1024K)]
  0x000002d19c623a80 ConcurrentGCThread "G1 Main Marker"            [id=15084, stack(0x000000d1a1300000,0x000000d1a1400000) (1024K)]
  0x000002d19c6254b0 WorkerThread "G1 Conc#0"                       [id=15992, stack(0x000000d1a1400000,0x000000d1a1500000) (1024K)]
  0x000002d1febb0d50 WorkerThread "G1 Conc#1"                       [id=4244, stack(0x000000d1a3400000,0x000000d1a3500000) (1024K)]
  0x000002d1febb2ad0 WorkerThread "G1 Conc#2"                       [id=8832, stack(0x000000d1a3500000,0x000000d1a3600000) (1024K)]
  0x000002d1bb520470 ConcurrentGCThread "G1 Refine#0"               [id=7660, stack(0x000000d1a1500000,0x000000d1a1600000) (1024K)]
  0x000002d1bb520ca0 ConcurrentGCThread "G1 Service"                [id=21484, stack(0x000000d1a1600000,0x000000d1a1700000) (1024K)]
Total: 21

Threads with active compile tasks:
C2 CompilerThread0  9664 11215       4       org.jetbrains.kotlin.container.ComponentStorage::collectAdhocComponents (190 bytes)
C2 CompilerThread1  9664 11179       4       org.jetbrains.org.objectweb.asm.ClassReader::accept (1380 bytes)
C2 CompilerThread2  9664 11292   !   4       org.jetbrains.kotlin.metadata.jvm.JvmProtoBuf$StringTableTypes::<init> (495 bytes)
Total: 3

VM state: at safepoint (normal execution)

VM Mutex/Monitor currently owned by a thread:  ([mutex/lock_event])
[0x00007ffd1ad13910] Threads_lock - owner thread: 0x000002d1bb6698d0
[0x00007ffd1ad13a10] Heap_lock - owner thread: 0x000002d18d506f10

Heap address: 0x000000070c000000, size: 3904 MB, Compressed Oops mode: Zero based, Oop shift amount: 3

CDS archive(s) mapped at: [0x000002d1bd000000-0x000002d1bdd70000-0x000002d1bdd70000), size 14090240, SharedBaseAddress: 0x000002d1bd000000, ArchiveRelocationMode: 1.
Compressed class space mapped at: 0x000002d1be000000-0x000002d1fe000000, reserved size: 1073741824
Narrow klass base: 0x000002d1bd000000, Narrow klass shift: 0, Narrow klass range: 0x41000000

GC Precious Log:
 CardTable entry size: 512
 Card Set container configuration: InlinePtr #cards 4 size 8 Array Of Cards #cards 16 size 48 Howl #buckets 8 coarsen threshold 3686 Howl Bitmap #cards 512 size 80 coarsen threshold 460 Card regions per heap region 1 cards per card region 4096
 CPUs: 16 total, 16 available
 Memory: 15613M
 Large Page Support: Disabled
 NUMA Support: Disabled
 Compressed Oops: Enabled (Zero based)
 Heap Region Size: 2M
 Heap Min Capacity: 8M
 Heap Initial Capacity: 244M
 Heap Max Capacity: 3904M
 Pre-touch: Disabled
 Parallel Workers: 13
 Concurrent Workers: 3
 Concurrent Refinement Workers: 13
 Periodic GC: Disabled

Heap:
 garbage-first heap   total reserved 3997696K, committed 141312K, used 90032K [0x000000070c000000, 0x0000000800000000)
  region size 2048K, 3 young (6144K), 3 survivors (6144K)
 Metaspace       used 71999K, committed 73024K, reserved 1114112K
  class space    used 8732K, committed 9216K, reserved 1048576K

Heap Regions: E=young(eden), S=young(survivor), O=old, HS=humongous(starts), HC=humongous(continues), CS=collection set, F=free, TAMS=top-at-mark-start, PB=parsable bottom
|   0|0x000000070c000000, 0x000000070c200000, 0x000000070c200000|100%|HS|  |TAMS 0x000000070c000000| PB 0x000000070c000000| Complete |  0
|   1|0x000000070c200000, 0x000000070c400000, 0x000000070c400000|100%|HC|  |TAMS 0x000000070c200000| PB 0x000000070c200000| Complete |  0
|   2|0x000000070c400000, 0x000000070c600000, 0x000000070c600000|100%| O|  |TAMS 0x000000070c400000| PB 0x000000070c400000| Untracked |  0
|   3|0x000000070c600000, 0x000000070c800000, 0x000000070c800000|100%| O|  |TAMS 0x000000070c600000| PB 0x000000070c600000| Untracked |  0
|   4|0x000000070c800000, 0x000000070ca00000, 0x000000070ca00000|100%| O|  |TAMS 0x000000070c800000| PB 0x000000070c800000| Untracked |  0
|   5|0x000000070ca00000, 0x000000070cc00000, 0x000000070cc00000|100%| O|  |TAMS 0x000000070ca00000| PB 0x000000070ca00000| Untracked |  0
|   6|0x000000070cc00000, 0x000000070ce00000, 0x000000070ce00000|100%| O|  |TAMS 0x000000070cc00000| PB 0x000000070cc00000| Untracked |  0
|   7|0x000000070ce00000, 0x000000070d000000, 0x000000070d000000|100%| O|  |TAMS 0x000000070ce00000| PB 0x000000070ce00000| Untracked |  0
|   8|0x000000070d000000, 0x000000070d200000, 0x000000070d200000|100%| O|  |TAMS 0x000000070d000000| PB 0x000000070d000000| Untracked |  0
|   9|0x000000070d200000, 0x000000070d400000, 0x000000070d400000|100%| O|  |TAMS 0x000000070d200000| PB 0x000000070d200000| Untracked |  0
|  10|0x000000070d400000, 0x000000070d600000, 0x000000070d600000|100%| O|  |TAMS 0x000000070d400000| PB 0x000000070d400000| Untracked |  0
|  11|0x000000070d600000, 0x000000070d800000, 0x000000070d800000|100%| O|  |TAMS 0x000000070d600000| PB 0x000000070d600000| Untracked |  0
|  12|0x000000070d800000, 0x000000070da00000, 0x000000070da00000|100%| O|  |TAMS 0x000000070d800000| PB 0x000000070d800000| Untracked |  0
|  13|0x000000070da00000, 0x000000070dc00000, 0x000000070dc00000|100%| O|  |TAMS 0x000000070da00000| PB 0x000000070da00000| Untracked |  0
|  14|0x000000070dc00000, 0x000000070de00000, 0x000000070de00000|100%| O|  |TAMS 0x000000070dc00000| PB 0x000000070dc00000| Untracked |  0
|  15|0x000000070de00000, 0x000000070e000000, 0x000000070e000000|100%| O|  |TAMS 0x000000070de00000| PB 0x000000070de00000| Untracked |  0
|  16|0x000000070e000000, 0x000000070e200000, 0x000000070e200000|100%| O|  |TAMS 0x000000070e000000| PB 0x000000070e000000| Untracked |  0
|  17|0x000000070e200000, 0x000000070e400000, 0x000000070e400000|100%| O|  |TAMS 0x000000070e200000| PB 0x000000070e200000| Untracked |  0
|  18|0x000000070e400000, 0x000000070e600000, 0x000000070e600000|100%| O|  |TAMS 0x000000070e400000| PB 0x000000070e400000| Untracked |  0
|  19|0x000000070e600000, 0x000000070e800000, 0x000000070e800000|100%| O|  |TAMS 0x000000070e600000| PB 0x000000070e600000| Untracked |  0
|  20|0x000000070e800000, 0x000000070ea00000, 0x000000070ea00000|100%| O|  |TAMS 0x000000070e800000| PB 0x000000070e800000| Untracked |  0
|  21|0x000000070ea00000, 0x000000070ec00000, 0x000000070ec00000|100%| O|  |TAMS 0x000000070ea00000| PB 0x000000070ea00000| Untracked |  0
|  22|0x000000070ec00000, 0x000000070ee00000, 0x000000070ee00000|100%| O|  |TAMS 0x000000070ec00000| PB 0x000000070ec00000| Untracked |  0
|  23|0x000000070ee00000, 0x000000070f000000, 0x000000070f000000|100%| O|  |TAMS 0x000000070ee00000| PB 0x000000070ee00000| Untracked |  0
|  24|0x000000070f000000, 0x000000070f200000, 0x000000070f200000|100%| O|  |TAMS 0x000000070f000000| PB 0x000000070f000000| Untracked |  0
|  25|0x000000070f200000, 0x000000070f400000, 0x000000070f400000|100%| O|  |TAMS 0x000000070f200000| PB 0x000000070f200000| Untracked |  0
|  26|0x000000070f400000, 0x000000070f600000, 0x000000070f600000|100%| O|  |TAMS 0x000000070f400000| PB 0x000000070f400000| Untracked |  0
|  27|0x000000070f600000, 0x000000070f800000, 0x000000070f800000|100%| O|  |TAMS 0x000000070f600000| PB 0x000000070f600000| Untracked |  0
|  28|0x000000070f800000, 0x000000070fa00000, 0x000000070fa00000|100%| O|  |TAMS 0x000000070f800000| PB 0x000000070f800000| Untracked |  0
|  29|0x000000070fa00000, 0x000000070fc00000, 0x000000070fc00000|100%| O|  |TAMS 0x000000070fa00000| PB 0x000000070fa00000| Untracked |  0
|  30|0x000000070fc00000, 0x000000070fe00000, 0x000000070fe00000|100%| O|  |TAMS 0x000000070fc00000| PB 0x000000070fc00000| Untracked |  0
|  31|0x000000070fe00000, 0x0000000710000000, 0x0000000710000000|100%| O|  |TAMS 0x000000070fe00000| PB 0x000000070fe00000| Untracked |  0
|  32|0x0000000710000000, 0x0000000710200000, 0x0000000710200000|100%| O|  |TAMS 0x0000000710000000| PB 0x0000000710000000| Untracked |  0
|  33|0x0000000710200000, 0x0000000710400000, 0x0000000710400000|100%| O|  |TAMS 0x0000000710200000| PB 0x0000000710200000| Untracked |  0
|  34|0x0000000710400000, 0x0000000710600000, 0x0000000710600000|100%| O|  |TAMS 0x0000000710400000| PB 0x0000000710400000| Untracked |  0
|  35|0x0000000710600000, 0x0000000710800000, 0x0000000710800000|100%| O|  |TAMS 0x0000000710600000| PB 0x0000000710600000| Untracked |  0
|  36|0x0000000710800000, 0x0000000710a00000, 0x0000000710a00000|100%| O|  |TAMS 0x0000000710800000| PB 0x0000000710800000| Untracked |  0
|  37|0x0000000710a00000, 0x0000000710a00000, 0x0000000710c00000|  0%| F|  |TAMS 0x0000000710a00000| PB 0x0000000710a00000| Untracked |  0
|  38|0x0000000710c00000, 0x0000000710e00000, 0x0000000710e00000|100%| O|  |TAMS 0x0000000710c00000| PB 0x0000000710c00000| Untracked |  0
|  39|0x0000000710e00000, 0x0000000711000000, 0x0000000711000000|100%| O|  |TAMS 0x0000000710e00000| PB 0x0000000710e00000| Untracked |  0
|  40|0x0000000711000000, 0x0000000711200000, 0x0000000711200000|100%| O|  |TAMS 0x0000000711000000| PB 0x0000000711000000| Untracked |  0
|  41|0x0000000711200000, 0x0000000711400000, 0x0000000711400000|100%| O|  |TAMS 0x0000000711200000| PB 0x0000000711200000| Untracked |  0
|  42|0x0000000711400000, 0x00000007115dad58, 0x0000000711600000| 92%| O|  |TAMS 0x0000000711400000| PB 0x0000000711400000| Untracked |  0
|  43|0x0000000711600000, 0x0000000711600000, 0x0000000711800000|  0%| F|  |TAMS 0x0000000711600000| PB 0x0000000711600000| Untracked |  0
|  44|0x0000000711800000, 0x0000000711800000, 0x0000000711a00000|  0%| F|  |TAMS 0x0000000711800000| PB 0x0000000711800000| Untracked |  0
|  45|0x0000000711a00000, 0x0000000711a114d0, 0x0000000711c00000|  3%| S|CS|TAMS 0x0000000711a00000| PB 0x0000000711a00000| Complete |  0
|  46|0x0000000711c00000, 0x0000000711e00000, 0x0000000711e00000|100%| S|CS|TAMS 0x0000000711c00000| PB 0x0000000711c00000| Complete |  0
|  47|0x0000000711e00000, 0x0000000711e00000, 0x0000000712000000|  0%| F|  |TAMS 0x0000000711e00000| PB 0x0000000711e00000| Untracked |  0
|  48|0x0000000712000000, 0x0000000712000000, 0x0000000712200000|  0%| F|  |TAMS 0x0000000712000000| PB 0x0000000712000000| Untracked |  0
|  49|0x0000000712200000, 0x0000000712200000, 0x0000000712400000|  0%| F|  |TAMS 0x0000000712200000| PB 0x0000000712200000| Untracked |  0
|  50|0x0000000712400000, 0x0000000712600000, 0x0000000712600000|100%| S|CS|TAMS 0x0000000712400000| PB 0x0000000712400000| Complete |  0
|  51|0x0000000712600000, 0x0000000712600000, 0x0000000712800000|  0%| F|  |TAMS 0x0000000712600000| PB 0x0000000712600000| Untracked |  0
|  52|0x0000000712800000, 0x0000000712800000, 0x0000000712a00000|  0%| F|  |TAMS 0x0000000712800000| PB 0x0000000712800000| Untracked |  0
|  53|0x0000000712a00000, 0x0000000712a00000, 0x0000000712c00000|  0%| F|  |TAMS 0x0000000712a00000| PB 0x0000000712a00000| Untracked |  0
|  54|0x0000000712c00000, 0x0000000712c00000, 0x0000000712e00000|  0%| F|  |TAMS 0x0000000712c00000| PB 0x0000000712c00000| Untracked |  0
|  55|0x0000000712e00000, 0x0000000712e00000, 0x0000000713000000|  0%| F|  |TAMS 0x0000000712e00000| PB 0x0000000712e00000| Untracked |  0
|  56|0x0000000713000000, 0x0000000713000000, 0x0000000713200000|  0%| F|  |TAMS 0x0000000713000000| PB 0x0000000713000000| Untracked |  0
|  57|0x0000000713200000, 0x0000000713200000, 0x0000000713400000|  0%| F|  |TAMS 0x0000000713200000| PB 0x0000000713200000| Untracked |  0
|  58|0x0000000713400000, 0x0000000713400000, 0x0000000713600000|  0%| F|  |TAMS 0x0000000713400000| PB 0x0000000713400000| Untracked |  0
|  59|0x0000000713600000, 0x0000000713600000, 0x0000000713800000|  0%| F|  |TAMS 0x0000000713600000| PB 0x0000000713600000| Untracked |  0
|  60|0x0000000713800000, 0x0000000713800000, 0x0000000713a00000|  0%| F|  |TAMS 0x0000000713800000| PB 0x0000000713800000| Untracked |  0
|  61|0x0000000713a00000, 0x0000000713a00000, 0x0000000713c00000|  0%| F|  |TAMS 0x0000000713a00000| PB 0x0000000713a00000| Untracked |  0
|  62|0x0000000713c00000, 0x0000000713c00000, 0x0000000713e00000|  0%| F|  |TAMS 0x0000000713c00000| PB 0x0000000713c00000| Untracked |  0
|  63|0x0000000713e00000, 0x0000000713e00000, 0x0000000714000000|  0%| F|  |TAMS 0x0000000713e00000| PB 0x0000000713e00000| Untracked |  0
|  64|0x0000000714000000, 0x0000000714000000, 0x0000000714200000|  0%| F|  |TAMS 0x0000000714000000| PB 0x0000000714000000| Untracked |  0
|  65|0x0000000714200000, 0x0000000714200000, 0x0000000714400000|  0%| F|  |TAMS 0x0000000714200000| PB 0x0000000714200000| Untracked |  0
|  66|0x0000000714400000, 0x0000000714400000, 0x0000000714600000|  0%| F|  |TAMS 0x0000000714400000| PB 0x0000000714400000| Untracked |  0
|  67|0x0000000714600000, 0x0000000714600000, 0x0000000714800000|  0%| F|  |TAMS 0x0000000714600000| PB 0x0000000714600000| Untracked |  0
| 121|0x000000071b200000, 0x000000071b200000, 0x000000071b400000|  0%| F|  |TAMS 0x000000071b200000| PB 0x000000071b200000| Untracked |  0

Card table byte_map: [0x000002d1b4d00000,0x000002d1b54a0000] _byte_map_base: 0x000002d1b14a0000

Marking Bits: (CMBitMap*) 0x000002d19c610040
 Bits: [0x000002d1b54a0000, 0x000002d1b91a0000)

Polling page: 0x000002d19bd60000

Metaspace:

Usage:
  Non-class:     61.78 MB used.
      Class:      8.53 MB used.
       Both:     70.31 MB used.

Virtual space:
  Non-class space:       64.00 MB reserved,      62.31 MB ( 97%) committed,  1 nodes.
      Class space:        1.00 GB reserved,       9.00 MB ( <1%) committed,  1 nodes.
             Both:        1.06 GB reserved,      71.31 MB (  7%) committed. 

Chunk freelists:
   Non-Class:  768.00 KB
       Class:  6.84 MB
        Both:  7.59 MB

MaxMetaspaceSize: unlimited
CompressedClassSpaceSize: 1.00 GB
Initial GC threshold: 21.00 MB
Current GC threshold: 118.88 MB
CDS: on
 - commit_granule_bytes: 65536.
 - commit_granule_words: 8192.
 - virtual_space_node_default_size: 8388608.
 - enlarge_chunks_in_place: 1.
 - use_allocation_guard: 0.


Internal statistics:

num_allocs_failed_limit: 9.
num_arena_births: 1552.
num_arena_deaths: 0.
num_vsnodes_births: 2.
num_vsnodes_deaths: 0.
num_space_committed: 1139.
num_space_uncommitted: 0.
num_chunks_returned_to_freelist: 9.
num_chunks_taken_from_freelist: 4215.
num_chunk_merges: 6.
num_chunk_splits: 3122.
num_chunks_enlarged: 2366.
num_inconsistent_stats: 0.

CodeHeap 'non-profiled nmethods': size=119232Kb used=4075Kb max_used=4323Kb free=115156Kb
 bounds [0x000002d1ac860000, 0x000002d1accb0000, 0x000002d1b3cd0000]
CodeHeap 'profiled nmethods': size=119104Kb used=18305Kb max_used=19464Kb free=100798Kb
 bounds [0x000002d1a4cd0000, 0x000002d1a5fe0000, 0x000002d1ac120000]
CodeHeap 'non-nmethods': size=7424Kb used=3425Kb max_used=3486Kb free=3998Kb
 bounds [0x000002d1ac120000, 0x000002d1ac490000, 0x000002d1ac860000]
CodeCache: size=245760Kb, used=25805Kb, max_used=27273Kb, free=219952Kb
 total_blobs=10449, nmethods=9677, adapters=671, full_count=0
Compilation: enabled, stopped_count=0, restarted_count=0

Compilation events (20 events):
Event: 8.545 Thread 0x000002d1bc925fe0 nmethod 11425 0x000002d1a5633488 code [0x000002d1a56335c0, 0x000002d1a5633980]
Event: 8.545 Thread 0x000002d1bc925920 nmethod 11424 0x000002d1a59ae888 code [0x000002d1a59aea00, 0x000002d1a59af030]
Event: 8.545 Thread 0x000002d1bc925fe0 11426       3       com.google.common.collect.AbstractMapBasedMultimap$WrappedCollection$WrappedIterator::next (14 bytes)
Event: 8.545 Thread 0x000002d1bc925920 11427       3       org.jetbrains.kotlin.storage.LockBasedLazyResolveStorageManager::createLazyValue (24 bytes)
Event: 8.545 Thread 0x000002d1bc259390 11428       3       org.jetbrains.kotlin.resolve.lazy.descriptors.ClassResolutionScopesSupport::createLazyValue (9 bytes)
Event: 8.545 Thread 0x000002d1bc925fe0 nmethod 11426 0x000002d1a56f8f08 code [0x000002d1a56f9060, 0x000002d1a56f9498]
Event: 8.545 Thread 0x000002d1bc259390 nmethod 11428 0x000002d1a56e1908 code [0x000002d1a56e1a20, 0x000002d1a56e1c00]
Event: 8.545 Thread 0x000002d1bc925920 nmethod 11427 0x000002d1a57f2588 code [0x000002d1a57f27a0, 0x000002d1a57f3250]
Event: 8.554 Thread 0x000002d1bc925920 11429       3       org.jetbrains.kotlin.resolve.lazy.LazyDeclarationResolver::findClassDescriptorIfAny (66 bytes)
Event: 8.554 Thread 0x000002d1bc259390 11430       3       org.jetbrains.kotlin.resolve.lazy.LazyDeclarationResolver$resolveToDescriptor$1::lookupLocationFor (35 bytes)
Event: 8.554 Thread 0x000002d18cb29d20 nmethod 11251 0x000002d1aca1ce88 code [0x000002d1aca1d160, 0x000002d1aca1f6d8]
Event: 8.554 Thread 0x000002d1bc925920 nmethod 11429 0x000002d1a5519008 code [0x000002d1a55191e0, 0x000002d1a5519bb0]
Event: 8.554 Thread 0x000002d18cb29d20 11292   !   4       org.jetbrains.kotlin.metadata.jvm.JvmProtoBuf$StringTableTypes::<init> (495 bytes)
Event: 8.555 Thread 0x000002d1bc259390 nmethod 11430 0x000002d1a5723088 code [0x000002d1a57232a0, 0x000002d1a5723f60]
Event: 8.556 Thread 0x000002d1bc259390 11431       3       com.google.common.collect.AbstractSetMultimap::<init> (6 bytes)
Event: 8.556 Thread 0x000002d1bc259390 nmethod 11431 0x000002d1a5739308 code [0x000002d1a5739460, 0x000002d1a5739910]
Event: 8.556 Thread 0x000002d1bc259390 11432       3       org.jetbrains.kotlin.resolve.QualifiedExpressionResolver$ExpressionQualifierPart::<init> (21 bytes)
Event: 8.556 Thread 0x000002d1bc332ab0 11433       3       org.jetbrains.kotlin.psi.KtImportDirective::getAliasName (18 bytes)
Event: 8.556 Thread 0x000002d1bc332ab0 nmethod 11433 0x000002d1a5825288 code [0x000002d1a58253e0, 0x000002d1a58257a0]
Event: 8.557 Thread 0x000002d1bc259390 nmethod 11432 0x000002d1a55dae88 code [0x000002d1a55db040, 0x000002d1a55db770]

GC Heap History (20 events):
Event: 7.577 GC heap after
{Heap after GC invocations=25 (full 0):
 garbage-first heap   total reserved 3997696K, committed 112640K, used 53932K [0x000000070c000000, 0x0000000800000000)
  region size 2048K, 3 young (6144K), 3 survivors (6144K)
 Metaspace       used 69944K, committed 70912K, reserved 1114112K
  class space    used 8579K, committed 9024K, reserved 1048576K
}
Event: 7.866 GC heap before
{Heap before GC invocations=25 (full 0):
 garbage-first heap   total reserved 3997696K, committed 112640K, used 96940K [0x000000070c000000, 0x0000000800000000)
  region size 2048K, 24 young (49152K), 3 survivors (6144K)
 Metaspace       used 71421K, committed 72448K, reserved 1114112K
  class space    used 8725K, committed 9216K, reserved 1048576K
}
Event: 7.869 GC heap after
{Heap after GC invocations=26 (full 0):
 garbage-first heap   total reserved 3997696K, committed 112640K, used 59041K [0x000000070c000000, 0x0000000800000000)
  region size 2048K, 3 young (6144K), 3 survivors (6144K)
 Metaspace       used 71421K, committed 72448K, reserved 1114112K
  class space    used 8725K, committed 9216K, reserved 1048576K
}
Event: 7.943 GC heap before
{Heap before GC invocations=26 (full 0):
 garbage-first heap   total reserved 3997696K, committed 112640K, used 95905K [0x000000070c000000, 0x0000000800000000)
  region size 2048K, 21 young (43008K), 3 survivors (6144K)
 Metaspace       used 71518K, committed 72512K, reserved 1114112K
  class space    used 8729K, committed 9216K, reserved 1048576K
}
Event: 7.946 GC heap after
{Heap after GC invocations=27 (full 0):
 garbage-first heap   total reserved 3997696K, committed 112640K, used 62074K [0x000000070c000000, 0x0000000800000000)
  region size 2048K, 2 young (4096K), 2 survivors (4096K)
 Metaspace       used 71518K, committed 72512K, reserved 1114112K
  class space    used 8729K, committed 9216K, reserved 1048576K
}
Event: 8.029 GC heap before
{Heap before GC invocations=28 (full 0):
 garbage-first heap   total reserved 3997696K, committed 112640K, used 98938K [0x000000070c000000, 0x0000000800000000)
  region size 2048K, 20 young (40960K), 2 survivors (4096K)
 Metaspace       used 71567K, committed 72576K, reserved 1114112K
  class space    used 8729K, committed 9216K, reserved 1048576K
}
Event: 8.031 GC heap after
{Heap after GC invocations=29 (full 0):
 garbage-first heap   total reserved 3997696K, committed 112640K, used 66059K [0x000000070c000000, 0x0000000800000000)
  region size 2048K, 3 young (6144K), 3 survivors (6144K)
 Metaspace       used 71567K, committed 72576K, reserved 1114112K
  class space    used 8729K, committed 9216K, reserved 1048576K
}
Event: 8.079 GC heap before
{Heap before GC invocations=29 (full 0):
 garbage-first heap   total reserved 3997696K, committed 112640K, used 94731K [0x000000070c000000, 0x0000000800000000)
  region size 2048K, 17 young (34816K), 3 survivors (6144K)
 Metaspace       used 71569K, committed 72576K, reserved 1114112K
  class space    used 8730K, committed 9216K, reserved 1048576K
}
Event: 8.082 GC heap after
{Heap after GC invocations=30 (full 0):
 garbage-first heap   total reserved 3997696K, committed 135168K, used 68870K [0x000000070c000000, 0x0000000800000000)
  region size 2048K, 2 young (4096K), 2 survivors (4096K)
 Metaspace       used 71569K, committed 72576K, reserved 1114112K
  class space    used 8730K, committed 9216K, reserved 1048576K
}
Event: 8.183 GC heap before
{Heap before GC invocations=30 (full 0):
 garbage-first heap   total reserved 3997696K, committed 135168K, used 115974K [0x000000070c000000, 0x0000000800000000)
  region size 2048K, 26 young (53248K), 2 survivors (4096K)
 Metaspace       used 71721K, committed 72704K, reserved 1114112K
  class space    used 8732K, committed 9216K, reserved 1048576K
}
Event: 8.186 GC heap after
{Heap after GC invocations=31 (full 0):
 garbage-first heap   total reserved 3997696K, committed 135168K, used 72211K [0x000000070c000000, 0x0000000800000000)
  region size 2048K, 4 young (8192K), 4 survivors (8192K)
 Metaspace       used 71721K, committed 72704K, reserved 1114112K
  class space    used 8732K, committed 9216K, reserved 1048576K
}
Event: 8.265 GC heap before
{Heap before GC invocations=32 (full 0):
 garbage-first heap   total reserved 3997696K, committed 135168K, used 115219K [0x000000070c000000, 0x0000000800000000)
  region size 2048K, 26 young (53248K), 4 survivors (8192K)
 Metaspace       used 71782K, committed 72768K, reserved 1114112K
  class space    used 8732K, committed 9216K, reserved 1048576K
}
Event: 8.268 GC heap after
{Heap after GC invocations=33 (full 0):
 garbage-first heap   total reserved 3997696K, committed 135168K, used 76235K [0x000000070c000000, 0x0000000800000000)
  region size 2048K, 4 young (8192K), 4 survivors (8192K)
 Metaspace       used 71782K, committed 72768K, reserved 1114112K
  class space    used 8732K, committed 9216K, reserved 1048576K
}
Event: 8.346 GC heap before
{Heap before GC invocations=33 (full 0):
 garbage-first heap   total reserved 3997696K, committed 135168K, used 115147K [0x000000070c000000, 0x0000000800000000)
  region size 2048K, 24 young (49152K), 4 survivors (8192K)
 Metaspace       used 71843K, committed 72832K, reserved 1114112K
  class space    used 8732K, committed 9216K, reserved 1048576K
}
Event: 8.349 GC heap after
{Heap after GC invocations=34 (full 0):
 garbage-first heap   total reserved 3997696K, committed 135168K, used 79356K [0x000000070c000000, 0x0000000800000000)
  region size 2048K, 3 young (6144K), 3 survivors (6144K)
 Metaspace       used 71843K, committed 72832K, reserved 1114112K
  class space    used 8732K, committed 9216K, reserved 1048576K
}
Event: 8.411 GC heap before
{Heap before GC invocations=34 (full 0):
 garbage-first heap   total reserved 3997696K, committed 135168K, used 118268K [0x000000070c000000, 0x0000000800000000)
  region size 2048K, 22 young (45056K), 3 survivors (6144K)
 Metaspace       used 71870K, committed 72832K, reserved 1114112K
  class space    used 8732K, committed 9216K, reserved 1048576K
}
Event: 8.414 GC heap after
{Heap after GC invocations=35 (full 0):
 garbage-first heap   total reserved 3997696K, committed 135168K, used 82839K [0x000000070c000000, 0x0000000800000000)
  region size 2048K, 2 young (4096K), 2 survivors (4096K)
 Metaspace       used 71870K, committed 72832K, reserved 1114112K
  class space    used 8732K, committed 9216K, reserved 1048576K
}
Event: 8.513 GC heap before
{Heap before GC invocations=36 (full 0):
 garbage-first heap   total reserved 3997696K, committed 141312K, used 119703K [0x000000070c000000, 0x0000000800000000)
  region size 2048K, 21 young (43008K), 2 survivors (4096K)
 Metaspace       used 71989K, committed 73024K, reserved 1114112K
  class space    used 8732K, committed 9216K, reserved 1048576K
}
Event: 8.516 GC heap after
{Heap after GC invocations=37 (full 0):
 garbage-first heap   total reserved 3997696K, committed 141312K, used 88010K [0x000000070c000000, 0x0000000800000000)
  region size 2048K, 3 young (6144K), 3 survivors (6144K)
 Metaspace       used 71989K, committed 73024K, reserved 1114112K
  class space    used 8732K, committed 9216K, reserved 1048576K
}
Event: 8.576 GC heap before
{Heap before GC invocations=37 (full 0):
 garbage-first heap   total reserved 3997696K, committed 141312K, used 122826K [0x000000070c000000, 0x0000000800000000)
  region size 2048K, 21 young (43008K), 3 survivors (6144K)
 Metaspace       used 71999K, committed 73024K, reserved 1114112K
  class space    used 8732K, committed 9216K, reserved 1048576K
}

Dll operation events (8 events):
Event: 0.006 Loaded shared library C:\Program Files\Java\jdk-23\bin\java.dll
Event: 0.026 Loaded shared library C:\Program Files\Java\jdk-23\bin\jsvml.dll
Event: 0.053 Loaded shared library C:\Program Files\Java\jdk-23\bin\net.dll
Event: 0.054 Loaded shared library C:\Program Files\Java\jdk-23\bin\nio.dll
Event: 0.058 Loaded shared library C:\Program Files\Java\jdk-23\bin\zip.dll
Event: 0.125 Loaded shared library C:\Program Files\Java\jdk-23\bin\jimage.dll
Event: 0.884 Loaded shared library C:\Program Files\Java\jdk-23\bin\verify.dll
Event: 1.956 Loaded shared library C:\Users\Haqii\AppData\Local\Temp\sqlite-3.41.2.1-a7f19113-da62-40db-a5a1-c8412ecf5fe8-sqlitejdbc.dll

Deoptimization events (20 events):
Event: 7.762 Thread 0x000002d18d506f10 Uncommon trap: trap_request=0xfffffff4 fr.pc=0x000002d1acbaa524 relative=0x0000000000000164
Event: 7.762 Thread 0x000002d18d506f10 Uncommon trap: reason=null_check action=make_not_entrant pc=0x000002d1acbaa524 method=org.jetbrains.kotlin.config.LanguageVersionSettingsImpl.getFeatureSupport(Lorg/jetbrains/kotlin/config/LanguageFeature;)Lorg/jetbrains/kotlin/config/LanguageFeature$Stat
Event: 7.762 Thread 0x000002d18d506f10 DEOPT PACKING pc=0x000002d1acbaa524 sp=0x000000d1a36fc650
Event: 7.762 Thread 0x000002d18d506f10 DEOPT UNPACKING pc=0x000002d1ac174402 sp=0x000000d1a36fc570 mode 2
Event: 7.772 Thread 0x000002d18d506f10 Uncommon trap: trap_request=0xfffffff4 fr.pc=0x000002d1acba8d34 relative=0x0000000000000114
Event: 7.772 Thread 0x000002d18d506f10 Uncommon trap: reason=null_check action=make_not_entrant pc=0x000002d1acba8d34 method=org.jetbrains.kotlin.config.LanguageVersionSettingsImpl.getFeatureSupport(Lorg/jetbrains/kotlin/config/LanguageFeature;)Lorg/jetbrains/kotlin/config/LanguageFeature$Stat
Event: 7.772 Thread 0x000002d18d506f10 DEOPT PACKING pc=0x000002d1acba8d34 sp=0x000000d1a36fccb0
Event: 7.772 Thread 0x000002d18d506f10 DEOPT UNPACKING pc=0x000002d1ac174402 sp=0x000000d1a36fcc48 mode 2
Event: 7.783 Thread 0x000002d18d506f10 Uncommon trap: trap_request=0xffffffc6 fr.pc=0x000002d1acbe8db4 relative=0x0000000000000574
Event: 7.783 Thread 0x000002d18d506f10 Uncommon trap: reason=bimorphic_or_optimized_type_check action=maybe_recompile pc=0x000002d1acbe8db4 method=org.jetbrains.kotlin.storage.LockBasedStorageManager$LockBasedLazyValue.invoke()Ljava/lang/Object; @ 24 c2
Event: 7.783 Thread 0x000002d18d506f10 DEOPT PACKING pc=0x000002d1acbe8db4 sp=0x000000d1a36fc190
Event: 7.783 Thread 0x000002d18d506f10 DEOPT UNPACKING pc=0x000002d1ac174402 sp=0x000000d1a36fc010 mode 2
Event: 7.783 Thread 0x000002d18d506f10 Uncommon trap: trap_request=0xffffffde fr.pc=0x000002d1acb473f0 relative=0x0000000000001310
Event: 7.783 Thread 0x000002d18d506f10 Uncommon trap: reason=class_check action=maybe_recompile pc=0x000002d1acb473f0 method=org.jetbrains.kotlin.storage.LockBasedStorageManager$LockBasedLazyValue.invoke()Ljava/lang/Object; @ 24 c2
Event: 7.783 Thread 0x000002d18d506f10 DEOPT PACKING pc=0x000002d1acb473f0 sp=0x000000d1a36fbe30
Event: 7.783 Thread 0x000002d18d506f10 DEOPT UNPACKING pc=0x000002d1ac174402 sp=0x000000d1a36fbbb0 mode 2
Event: 7.808 Thread 0x000002d18d506f10 Uncommon trap: trap_request=0xffffffc6 fr.pc=0x000002d1acc5f964 relative=0x0000000000004a84
Event: 7.808 Thread 0x000002d18d506f10 Uncommon trap: reason=bimorphic_or_optimized_type_check action=maybe_recompile pc=0x000002d1acc5f964 method=kotlin.collections.CollectionsKt__MutableCollectionsKt.addAll(Ljava/util/Collection;Ljava/lang/Iterable;)Z @ 49 c2
Event: 7.808 Thread 0x000002d18d506f10 DEOPT PACKING pc=0x000002d1acc5f964 sp=0x000000d1a36fe4e0
Event: 7.808 Thread 0x000002d18d506f10 DEOPT UNPACKING pc=0x000002d1ac174402 sp=0x000000d1a36fe508 mode 2

Classes loaded (20 events):
Event: 6.567 Loading class java/util/concurrent/ConcurrentLinkedQueue$Itr
Event: 6.567 Loading class java/util/concurrent/ConcurrentLinkedQueue$Itr done
Event: 6.710 Loading class java/util/RegularEnumSet$EnumSetIterator
Event: 6.710 Loading class java/util/RegularEnumSet$EnumSetIterator done
Event: 6.942 Loading class java/util/stream/LongStream
Event: 6.942 Loading class java/util/stream/LongStream done
Event: 6.942 Loading class java/util/stream/DoubleStream
Event: 6.942 Loading class java/util/stream/DoubleStream done
Event: 6.979 Loading class java/lang/Character$UnicodeBlock
Event: 6.980 Loading class java/lang/Character$Subset
Event: 6.980 Loading class java/lang/Character$Subset done
Event: 6.981 Loading class java/lang/Character$UnicodeBlock done
Event: 7.065 Loading class java/util/stream/SliceOps
Event: 7.065 Loading class java/util/stream/SliceOps done
Event: 7.065 Loading class java/util/stream/SliceOps$1
Event: 7.065 Loading class java/util/stream/SliceOps$1 done
Event: 7.066 Loading class java/util/stream/SliceOps$1$1
Event: 7.066 Loading class java/util/stream/SliceOps$1$1 done
Event: 7.484 Loading class java/util/function/IntBinaryOperator
Event: 7.484 Loading class java/util/function/IntBinaryOperator done

Classes unloaded (0 events):
No events

Classes redefined (0 events):
No events

Internal exceptions (20 events):
Event: 6.316 Thread 0x000002d18d506f10 Exception <a 'java/lang/NoSuchMethodError'{0x000000071405e940}: 'java.lang.Object java.lang.invoke.DirectMethodHandle$Holder.invokeSpecial(java.lang.Object, java.lang.Object, java.lang.Object, java.lang.Object, java.lang.Object, java.lang.Object, java.lang.Object, java.lang.Object, int)'> (0x000000071405e940) 
thrown [s\open\src\hotspot\share\interpreter\linkResolver.cpp, line 796]
Event: 6.333 Thread 0x000002d18d506f10 Implicit null exception at 0x000002d1ac8ecfeb to 0x000002d1ac8ed1e0
Event: 6.534 Thread 0x000002d18f935ad0 Exception <a 'java/lang/NoSuchMethodError'{0x000000070f8cf590}: 'java.lang.Object java.lang.invoke.DirectMethodHandle$Holder.invokeStatic(java.lang.Object, java.lang.Object, java.lang.Object, java.lang.Object, long, java.lang.Object)'> (0x000000070f8cf590) 
thrown [s\open\src\hotspot\share\interpreter\linkResolver.cpp, line 796]
Event: 6.534 Thread 0x000002d18f935ad0 Exception <a 'java/lang/NoSuchMethodError'{0x000000070f8d69f0}: 'java.lang.Object java.lang.invoke.DirectMethodHandle$Holder.newInvokeSpecial(java.lang.Object, java.lang.Object, java.lang.Object, java.lang.Object, long)'> (0x000000070f8d69f0) 
thrown [s\open\src\hotspot\share\interpreter\linkResolver.cpp, line 796]
Event: 6.535 Thread 0x000002d18f935ad0 Exception <a 'java/lang/NoSuchMethodError'{0x000000070f8da748}: 'java.lang.Object java.lang.invoke.DirectMethodHandle$Holder.invokeSpecial(java.lang.Object, java.lang.Object, java.lang.Object, java.lang.Object, java.lang.Object, long)'> (0x000000070f8da748) 
thrown [s\open\src\hotspot\share\interpreter\linkResolver.cpp, line 796]
Event: 6.535 Thread 0x000002d18f935ad0 Exception <a 'java/lang/NoSuchMethodError'{0x000000070f8ddf20}: 'java.lang.Object java.lang.invoke.Invokers$Holder.linkToTargetMethod(java.lang.Object, java.lang.Object, java.lang.Object, long, java.lang.Object)'> (0x000000070f8ddf20) 
thrown [s\open\src\hotspot\share\interpreter\linkResolver.cpp, line 796]
Event: 6.801 Thread 0x000002d18d506f10 Exception <a 'java/lang/NoSuchMethodError'{0x00000007117e71d8}: 'java.lang.Object java.lang.invoke.DirectMethodHandle$Holder.invokeSpecial(java.lang.Object, java.lang.Object, java.lang.Object, java.lang.Object, java.lang.Object, java.lang.Object, int)'> (0x00000007117e71d8) 
thrown [s\open\src\hotspot\share\interpreter\linkResolver.cpp, line 796]
Event: 6.803 Thread 0x000002d18d506f10 Exception <a 'java/lang/NoSuchMethodError'{0x0000000711404648}: 'java.lang.Object java.lang.invoke.DirectMethodHandle$Holder.newInvokeSpecial(java.lang.Object, java.lang.Object, java.lang.Object, java.lang.Object, java.lang.Object, java.lang.Object, java.lang.Object, int, java.lang.Object)'> (0x0000000711404648) 
thrown [s\open\src\hotspot\share\interpreter\linkResolver.cpp, line 796]
Event: 7.110 Thread 0x000002d18d506f10 Exception <a 'java/lang/IncompatibleClassChangeError'{0x00000007102797c0}: Found class java.lang.Object, but interface was expected> (0x00000007102797c0) 
thrown [s\open\src\hotspot\share\interpreter\linkResolver.cpp, line 863]
Event: 7.131 Thread 0x000002d18d506f10 Implicit null exception at 0x000002d1aca32e0a to 0x000002d1aca33190
Event: 7.248 Thread 0x000002d18d506f10 Exception <a 'java/lang/NoSuchMethodError'{0x000000071b3bab18}: 'java.lang.Object java.lang.invoke.DirectMethodHandle$Holder.invokeSpecial(java.lang.Object, java.lang.Object, int, java.lang.Object, java.lang.Object)'> (0x000000071b3bab18) 
thrown [s\open\src\hotspot\share\interpreter\linkResolver.cpp, line 796]
Event: 7.306 Thread 0x000002d18d506f10 Exception <a 'java/lang/NoSuchMethodError'{0x000000071418f398}: 'java.lang.Object java.lang.invoke.DirectMethodHandle$Holder.invokeStatic(java.lang.Object, int, java.lang.Object)'> (0x000000071418f398) 
thrown [s\open\src\hotspot\share\interpreter\linkResolver.cpp, line 796]
Event: 7.485 Thread 0x000002d18d506f10 Exception <a 'java/lang/NoSuchMethodError'{0x00000007122e79e8}: 'int java.lang.invoke.DirectMethodHandle$Holder.invokeStatic(java.lang.Object, java.lang.Object, int, java.lang.Object)'> (0x00000007122e79e8) 
thrown [s\open\src\hotspot\share\interpreter\linkResolver.cpp, line 796]
Event: 7.489 Thread 0x000002d18d506f10 Exception <a 'java/lang/IncompatibleClassChangeError'{0x000000071230dbb0}: Found class java.lang.Object, but interface was expected> (0x000000071230dbb0) 
thrown [s\open\src\hotspot\share\interpreter\linkResolver.cpp, line 863]
Event: 7.490 Thread 0x000002d18d506f10 Exception <a 'java/lang/NoSuchMethodError'{0x0000000712310a08}: 'int java.lang.invoke.DirectMethodHandle$Holder.invokeSpecialIFC(java.lang.Object, java.lang.Object, java.lang.Object)'> (0x0000000712310a08) 
thrown [s\open\src\hotspot\share\interpreter\linkResolver.cpp, line 796]
Event: 7.501 Thread 0x000002d18d506f10 Exception <a 'java/lang/NoSuchMethodError'{0x000000071239c3e8}: 'java.lang.Object java.lang.invoke.DirectMethodHandle$Holder.invokeStatic(java.lang.Object, int, int, java.lang.Object)'> (0x000000071239c3e8) 
thrown [s\open\src\hotspot\share\interpreter\linkResolver.cpp, line 796]
Event: 7.762 Thread 0x000002d18d506f10 Implicit null exception at 0x000002d1acbaa440 to 0x000002d1acbaa514
Event: 7.772 Thread 0x000002d18d506f10 Implicit null exception at 0x000002d1acba8c90 to 0x000002d1acba8d24
Event: 7.785 Thread 0x000002d18d506f10 Exception <a 'java/lang/NoSuchMethodError'{0x0000000712184230}: 'java.lang.Object java.lang.invoke.DirectMethodHandle$Holder.invokeStatic(java.lang.Object, int, java.lang.Object, java.lang.Object)'> (0x0000000712184230) 
thrown [s\open\src\hotspot\share\interpreter\linkResolver.cpp, line 796]
Event: 7.785 Thread 0x000002d18d506f10 Exception <a 'java/lang/NoSuchMethodError'{0x000000071218b188}: 'java.lang.Object java.lang.invoke.DirectMethodHandle$Holder.newInvokeSpecial(java.lang.Object, int, java.lang.Object)'> (0x000000071218b188) 
thrown [s\open\src\hotspot\share\interpreter\linkResolver.cpp, line 796]

VM Operations (20 events):
Event: 8.082 Executing VM operation: G1CollectForAllocation (G1 Evacuation Pause) done
Event: 8.183 Executing VM operation: G1CollectForAllocation (G1 Evacuation Pause)
Event: 8.186 Executing VM operation: G1CollectForAllocation (G1 Evacuation Pause) done
Event: 8.217 Executing VM operation: G1PauseRemark
Event: 8.221 Executing VM operation: G1PauseRemark done
Event: 8.231 Executing VM operation: G1PauseCleanup
Event: 8.231 Executing VM operation: G1PauseCleanup done
Event: 8.265 Executing VM operation: G1CollectForAllocation (G1 Evacuation Pause)
Event: 8.268 Executing VM operation: G1CollectForAllocation (G1 Evacuation Pause) done
Event: 8.346 Executing VM operation: G1CollectForAllocation (G1 Evacuation Pause)
Event: 8.349 Executing VM operation: G1CollectForAllocation (G1 Evacuation Pause) done
Event: 8.411 Executing VM operation: G1CollectForAllocation (G1 Evacuation Pause)
Event: 8.414 Executing VM operation: G1CollectForAllocation (G1 Evacuation Pause) done
Event: 8.456 Executing VM operation: G1PauseRemark
Event: 8.459 Executing VM operation: G1PauseRemark done
Event: 8.471 Executing VM operation: G1PauseCleanup
Event: 8.471 Executing VM operation: G1PauseCleanup done
Event: 8.513 Executing VM operation: G1CollectForAllocation (G1 Evacuation Pause)
Event: 8.516 Executing VM operation: G1CollectForAllocation (G1 Evacuation Pause) done
Event: 8.576 Executing VM operation: G1CollectForAllocation (G1 Evacuation Pause)

Memory protections (0 events):
No events

Nmethod flushes (20 events):
Event: 8.459 Thread 0x000002d1bb6698d0 flushing  nmethod 0x000002d1a4fd6108
Event: 8.459 Thread 0x000002d1bb6698d0 flushing  nmethod 0x000002d1a5054388
Event: 8.459 Thread 0x000002d1bb6698d0 flushing  nmethod 0x000002d1a5818008
Event: 8.459 Thread 0x000002d1bb6698d0 flushing  nmethod 0x000002d1a5f7d288
Event: 8.459 Thread 0x000002d1bb6698d0 flushing  nmethod 0x000002d1a55ef888
Event: 8.459 Thread 0x000002d1bb6698d0 flushing  nmethod 0x000002d1a4d4dc08
Event: 8.459 Thread 0x000002d1bb6698d0 flushing  nmethod 0x000002d1a5689888
Event: 8.459 Thread 0x000002d1bb6698d0 flushing  nmethod 0x000002d1a5522308
Event: 8.459 Thread 0x000002d1bb6698d0 flushing  nmethod 0x000002d1a570ee08
Event: 8.459 Thread 0x000002d1bb6698d0 flushing  nmethod 0x000002d1a570f108
Event: 8.459 Thread 0x000002d1bb6698d0 flushing  nmethod 0x000002d1a59bcb88
Event: 8.459 Thread 0x000002d1bb6698d0 flushing  nmethod 0x000002d1a5ed0808
Event: 8.459 Thread 0x000002d1bb6698d0 flushing  nmethod 0x000002d1a501a408
Event: 8.459 Thread 0x000002d1bb6698d0 flushing  nmethod 0x000002d1a501c208
Event: 8.459 Thread 0x000002d1bb6698d0 flushing  nmethod 0x000002d1a4f7b908
Event: 8.459 Thread 0x000002d1bb6698d0 flushing  nmethod 0x000002d1a5746688
Event: 8.459 Thread 0x000002d1bb6698d0 flushing  nmethod 0x000002d1a54e2488
Event: 8.459 Thread 0x000002d1bb6698d0 flushing  nmethod 0x000002d1a5759b88
Event: 8.459 Thread 0x000002d1bb6698d0 flushing  nmethod 0x000002d1a575ba88
Event: 8.459 Thread 0x000002d1bb6698d0 flushing  nmethod 0x000002d1a59ae888

Events (20 events):
Event: 1.779 Thread 0x000002d19a2d0b90 Thread added: 0x000002d1bb68adf0
Event: 1.779 Thread 0x000002d19a2d0b90 Thread exited: 0x000002d19a2d0b90
Event: 1.779 Thread 0x000002d18d507c30 Thread added: 0x000002d18d507c30
Event: 1.839 Thread 0x000002d1bb68adf0 Thread added: 0x000002d18d5061f0
Event: 2.541 Thread 0x000002d1fe8d63e0 Thread exited: 0x000002d1fe8d63e0
Event: 2.582 Thread 0x000002d1bc4cb050 Thread exited: 0x000002d1bc4cb050
Event: 2.582 Thread 0x000002d1bc4ca990 Thread exited: 0x000002d1bc4ca990
Event: 2.742 Thread 0x000002d1bc2587b0 Thread added: 0x000002d18cb2aac0
Event: 2.766 Thread 0x000002d1bc925fe0 Thread added: 0x000002d18cb2a3f0
Event: 3.539 Thread 0x000002d18cb2a3f0 Thread exited: 0x000002d18cb2a3f0
Event: 3.539 Thread 0x000002d18cb2aac0 Thread exited: 0x000002d18cb2aac0
Event: 3.569 Thread 0x000002d1bc925fe0 Thread added: 0x000002d18cb27b10
Event: 3.574 Thread 0x000002d1bc925920 Thread added: 0x000002d18cb29d20
Event: 3.821 Thread 0x000002d18cb29d20 Thread exited: 0x000002d18cb29d20
Event: 4.069 Thread 0x000002d18cb27b10 Thread exited: 0x000002d18cb27b10
Event: 4.309 Thread 0x000002d18d5061f0 Thread added: 0x000002d18d506880
Event: 4.344 Thread 0x000002d1bc925fe0 Thread added: 0x000002d18cb28f80
Event: 4.397 Thread 0x000002d18d5061f0 Thread added: 0x000002d18d506f10
Event: 4.610 Thread 0x000002d1bc925fe0 Thread added: 0x000002d18cb29d20
Event: 6.531 Thread 0x000002d18d506f10 Thread added: 0x000002d18f935ad0


Dynamic libraries:
0x00007ff7591b0000 - 0x00007ff7591c0000 	C:\Program Files\Java\jdk-23\bin\java.exe
0x00007ffdc5fc0000 - 0x00007ffdc6228000 	C:\WINDOWS\SYSTEM32\ntdll.dll
0x00007ffdc44e0000 - 0x00007ffdc45a9000 	C:\WINDOWS\System32\KERNEL32.DLL
0x00007ffdc32d0000 - 0x00007ffdc36c2000 	C:\WINDOWS\System32\KERNELBASE.dll
0x00007ffdc3780000 - 0x00007ffdc38cb000 	C:\WINDOWS\System32\ucrtbase.dll
0x00007ffdad360000 - 0x00007ffdad37b000 	C:\Program Files\Java\jdk-23\bin\VCRUNTIME140.dll
0x00007ffdb08e0000 - 0x00007ffdb08f7000 	C:\Program Files\Java\jdk-23\bin\jli.dll
0x00007ffdc5db0000 - 0x00007ffdc5f75000 	C:\WINDOWS\System32\USER32.dll
0x00007ffdb2c60000 - 0x00007ffdb2ef3000 	C:\WINDOWS\WinSxS\amd64_microsoft.windows.common-controls_6595b64144ccf1df_6.0.26100.6899_none_3e0efeeae32e88c1\COMCTL32.dll
0x00007ffdc32a0000 - 0x00007ffdc32c7000 	C:\WINDOWS\System32\win32u.dll
0x00007ffdc4b10000 - 0x00007ffdc4bb9000 	C:\WINDOWS\System32\msvcrt.dll
0x00007ffdc5a40000 - 0x00007ffdc5a6b000 	C:\WINDOWS\System32\GDI32.dll
0x00007ffdc3c60000 - 0x00007ffdc3d8d000 	C:\WINDOWS\System32\gdi32full.dll
0x00007ffdc36d0000 - 0x00007ffdc3773000 	C:\WINDOWS\System32\msvcp_win.dll
0x00007ffdc4340000 - 0x00007ffdc436f000 	C:\WINDOWS\System32\IMM32.DLL
0x00007ffdbc9d0000 - 0x00007ffdbc9dc000 	C:\Program Files\Java\jdk-23\bin\vcruntime140_1.dll
0x00007ffdabdc0000 - 0x00007ffdabe4e000 	C:\Program Files\Java\jdk-23\bin\msvcp140.dll
0x00007ffd1a0a0000 - 0x00007ffd1adef000 	C:\Program Files\Java\jdk-23\bin\server\jvm.dll
0x00007ffdc48b0000 - 0x00007ffdc4964000 	C:\WINDOWS\System32\ADVAPI32.dll
0x00007ffdc5c60000 - 0x00007ffdc5d06000 	C:\WINDOWS\System32\sechost.dll
0x00007ffdc5a80000 - 0x00007ffdc5b98000 	C:\WINDOWS\System32\RPCRT4.dll
0x00007ffdc5d30000 - 0x00007ffdc5da4000 	C:\WINDOWS\System32\WS2_32.dll
0x00007ffdb8d80000 - 0x00007ffdb8db5000 	C:\WINDOWS\SYSTEM32\WINMM.dll
0x00007ffdb72b0000 - 0x00007ffdb72bb000 	C:\WINDOWS\SYSTEM32\VERSION.dll
0x00007ffdc2fd0000 - 0x00007ffdc302e000 	C:\WINDOWS\SYSTEM32\POWRPROF.dll
0x00007ffdc2fb0000 - 0x00007ffdc2fc4000 	C:\WINDOWS\SYSTEM32\UMPDC.dll
0x00007ffdc1f20000 - 0x00007ffdc1f3b000 	C:\WINDOWS\SYSTEM32\kernel.appcore.dll
0x00007ffdbc9b0000 - 0x00007ffdbc9ba000 	C:\Program Files\Java\jdk-23\bin\jimage.dll
0x00007ffdc03e0000 - 0x00007ffdc0622000 	C:\WINDOWS\SYSTEM32\DBGHELP.DLL
0x00007ffdc3fc0000 - 0x00007ffdc433b000 	C:\WINDOWS\System32\combase.dll
0x00007ffdc47d0000 - 0x00007ffdc48a7000 	C:\WINDOWS\System32\OLEAUT32.dll
0x00007ffdab9c0000 - 0x00007ffdab9fc000 	C:\WINDOWS\SYSTEM32\dbgcore.DLL
0x00007ffdc38d0000 - 0x00007ffdc3968000 	C:\WINDOWS\System32\bcryptPrimitives.dll
0x00007ffdabbd0000 - 0x00007ffdabbee000 	C:\Program Files\Java\jdk-23\bin\java.dll
0x00007ffdc4970000 - 0x00007ffdc4b08000 	C:\WINDOWS\System32\ole32.dll
0x00007ffdc5090000 - 0x00007ffdc57dd000 	C:\WINDOWS\System32\SHELL32.dll
0x00007ffdc3970000 - 0x00007ffdc3adb000 	C:\WINDOWS\System32\wintypes.dll
0x00007ffdc0de0000 - 0x00007ffdc163d000 	C:\WINDOWS\SYSTEM32\windows.storage.dll
0x00007ffdc43e0000 - 0x00007ffdc44d2000 	C:\WINDOWS\System32\SHCORE.dll
0x00007ffdc5950000 - 0x00007ffdc59b2000 	C:\WINDOWS\System32\shlwapi.dll
0x00007ffdc3070000 - 0x00007ffdc3099000 	C:\WINDOWS\SYSTEM32\profapi.dll
0x00007ffd90560000 - 0x00007ffd90637000 	C:\Program Files\Java\jdk-23\bin\jsvml.dll
0x00007ffdbc970000 - 0x00007ffdbc980000 	C:\Program Files\Java\jdk-23\bin\net.dll
0x00007ffdc2490000 - 0x00007ffdc24fb000 	C:\WINDOWS\system32\mswsock.dll
0x00007ffdabbb0000 - 0x00007ffdabbc6000 	C:\Program Files\Java\jdk-23\bin\nio.dll
0x00007ffdabb90000 - 0x00007ffdabba7000 	C:\Program Files\Java\jdk-23\bin\zip.dll
0x00007ffdc2740000 - 0x00007ffdc275b000 	C:\WINDOWS\SYSTEM32\CRYPTSP.dll
0x00007ffdc1e80000 - 0x00007ffdc1ebb000 	C:\WINDOWS\system32\rsaenh.dll
0x00007ffdc2530000 - 0x00007ffdc255b000 	C:\WINDOWS\SYSTEM32\USERENV.dll
0x00007ffdc3040000 - 0x00007ffdc3066000 	C:\WINDOWS\SYSTEM32\bcrypt.dll
0x00007ffdc2760000 - 0x00007ffdc276c000 	C:\WINDOWS\SYSTEM32\CRYPTBASE.dll
0x00007ffdc1940000 - 0x00007ffdc1974000 	C:\WINDOWS\SYSTEM32\IPHLPAPI.DLL
0x00007ffdc57e0000 - 0x00007ffdc57ea000 	C:\WINDOWS\System32\NSI.dll
0x00007ffdb8860000 - 0x00007ffdb8870000 	C:\Program Files\Java\jdk-23\bin\verify.dll
0x00007ffd37fb0000 - 0x00007ffd38099000 	C:\Users\Haqii\AppData\Local\Temp\sqlite-3.41.2.1-a7f19113-da62-40db-a5a1-c8412ecf5fe8-sqlitejdbc.dll

dbghelp: loaded successfully - version: 4.0.5 - missing functions: none
symbol engine: initialized successfully - sym options: 0x614 - pdb path: .;C:\Program Files\Java\jdk-23\bin;C:\WINDOWS\SYSTEM32;C:\WINDOWS\WinSxS\amd64_microsoft.windows.common-controls_6595b64144ccf1df_6.0.26100.6899_none_3e0efeeae32e88c1;C:\Program Files\Java\jdk-23\bin\server;C:\Users\Haqii\AppData\Local\Temp

VM Arguments:
jvm_args: -DkotlinLanguageServer.version=1.3.13 
java_command: org.javacs.kt.MainKt
java_class_path (initial): c:\Users\Haqii\AppData\Roaming\Code\User\globalStorage\fwcd.kotlin\langServerInstall\server\lib\server-1.3.13.jar;c:\Users\Haqii\AppData\Roaming\Code\User\globalStorage\fwcd.kotlin\langServerInstall\server\lib\shared-1.3.13.jar;c:\Users\Haqii\AppData\Roaming\Code\User\globalStorage\fwcd.kotlin\langServerInstall\server\lib\kotlin-scripting-jvm-host-unshaded-2.1.0.jar;c:\Users\Haqii\AppData\Roaming\Code\User\globalStorage\fwcd.kotlin\langServerInstall\server\lib\kotlin-scripting-compiler-2.1.0.jar;c:\Users\Haqii\AppData\Roaming\Code\User\globalStorage\fwcd.kotlin\langServerInstall\server\lib\ktfmt-b5d31d1.jar;c:\Users\Haqii\AppData\Roaming\Code\User\globalStorage\fwcd.kotlin\langServerInstall\server\lib\kotlin-compiler-2.1.0.jar;c:\Users\Haqii\AppData\Roaming\Code\User\globalStorage\fwcd.kotlin\langServerInstall\server\lib\exposed-dao-0.37.3.jar;c:\Users\Haqii\AppData\Roaming\Code\User\globalStorage\fwcd.kotlin\langServerInstall\server\lib\exposed-jdbc-0.37.3.jar;c:\Users\Haqii\AppData\Roaming\Code\User\globalStorage\fwcd.kotlin\langServerInstall\server\lib\exposed-core-0.37.3.jar;c:\Users\Haqii\AppData\Roaming\Code\User\globalStorage\fwcd.kotlin\langServerInstall\server\lib\kotlin-scripting-compiler-impl-2.1.0.jar;c:\Users\Haqii\AppData\Roaming\Code\User\globalStorage\fwcd.kotlin\langServerInstall\server\lib\kotlin-reflect-2.1.0.jar;c:\Users\Haqii\AppData\Roaming\Code\User\globalStorage\fwcd.kotlin\langServerInstall\server\lib\kotlin-scripting-jvm-2.1.0.jar;c:\Users\Haqii\AppData\Roaming\Code\User\globalStorage\fwcd.kotlin\langServerInstall\server\lib\kotlin-scripting-common-2.1.0.jar;c:\Users\Haqii\AppData\Roaming\Code\User\globalStorage\fwcd.kotlin\langServerInstall\server\lib\kotlinx-coroutines-core-jvm-1.6.4.jar;c:\Users\Haqii\AppData\Roaming\Code\User\globalStorage\fwcd.kotlin\langServerInstall\server\lib\kotlin-stdlib-jdk8-2.1.0.jar;c:\Users\Haqii\AppData\Roaming\Code\User\globalStorage\fwcd.kotlin\langServerInstall\server\lib\kotlin-stdlib-jdk7-2.1.0.jar;c:\Users\Haqii\AppData\Roaming\Code\User\globalStorage\fwcd.kotlin\langServerInstall\server\lib\kotlin-stdlib-2.1.0.jar;c:\Users\Haqii\AppData\Roaming\Code\User\globalStorage\fwcd.kotlin\langServerInstall\server\lib\org.eclipse.lsp4j-0.21.2.jar;c:\Users\Haqii\AppData\Roaming\Code\User\globalStorage\fwcd.kotlin\langServerInstall\server\lib\org.eclipse.lsp4j.jsonrpc-0.21.2.jar;c:\Users\Haqii\AppData\Roaming\Code\User\globalStorage\fwcd.kotlin\langServerInstall\server\lib\kotlin-sam-with-receiver-compiler-plugin-2.1.0.jar;c:\Users\Haqii\AppData\Roaming\Code\User\globalStorage\fwcd.kotlin\langServerInstall\server\lib\fernflower-1.0.jar;c:\Users\Haqii\AppData\Roaming\Code\User\globalStorage\fwcd.kotlin\langServerInstall\server\lib\h2-1.4.200.jar;c:\Users\Haqii\AppData\Roaming\Code\User\globalStorage\fwcd.kotlin\langServerInstall\server\lib\jcommander-1.78.jar;c:\Users\Haqii\AppData\Roaming\Code\User\globalStorage\fwcd.kotlin\langServerInstall\server\lib\sqlite-jdbc-3.41.2.1.jar;c:\Users\Haqii\AppData\Roaming\Code\User\globalStorage\fwcd.kotlin\langServerInstall\server\lib\google-java-format-1.8.jar;c:\Users\Haqii\AppData\Roaming\Code\User\globalStorage\fwcd.kotlin\langServerInstall\server\lib\guava-33.3.0-jre.jar;c:\Users\Haqii\AppData\Roaming\Code\User\globalStorage\fwcd.kotlin\langServerInstall\server\lib\annotations-13.0.jar;c:\Users\Haqii\AppData\Roaming\Code\User\globalStorage\fwcd.kotlin\langServerInstall\server\lib\gson-2.10.1.jar;c:\Users\Haqii\AppData\Roaming\Code\User\globalStorage\fwcd.kotlin\langServerInstall\server\lib\kotlin-script-runtime-2.1.0.jar;c:\Users\Haqii\AppData\Roaming\Code\User\globalStorage\fwcd.kotlin\langServerInstall\server\lib\trove4j-1.0.20200330.jar;c:\Users\Haqii\AppData\Roaming\Code\User\globalStorage\fwcd.kotlin\langServerInstall\server\lib\jline-3.24.1.jar;c:\Users\Haqii\AppData\Roaming\Code\User\globalStorage\fwcd.kotlin\langServerInstall\server\lib\slf4j-api-1.7.25.jar;c:\Users\Haqii\AppData\Roaming\Code\User\globalStorage\fwcd.kotlin\langServerInstall\server\lib\jna-4.2.2.jar;c:\Users\Haqii\AppData\Roaming\Code\User\globalStorage\fwcd.kotlin\langServerInstall\server\lib\failureaccess-1.0.2.jar;c:\Users\Haqii\AppData\Roaming\Code\User\globalStorage\fwcd.kotlin\langServerInstall\server\lib\listenablefuture-9999.0-empty-to-avoid-conflict-with-guava.jar;c:\Users\Haqii\AppData\Roaming\Code\User\globalStorage\fwcd.kotlin\langServerInstall\server\lib\jsr305-3.0.2.jar;c:\Users\Haqii\AppData\Roaming\Code\User\globalStorage\fwcd.kotlin\langServerInstall\server\lib\checker-qual-3.43.0.jar;c:\Users\Haqii\AppData\Roaming\Code\User\globalStorage\fwcd.kotlin\langServerInstall\server\lib\error_prone_annotations-2.28.0.jar
Launcher Type: SUN_STANDARD

[Global flags]
     intx CICompilerCount                          = 12                                        {product} {ergonomic}
     uint ConcGCThreads                            = 3                                         {product} {ergonomic}
     uint G1ConcRefinementThreads                  = 13                                        {product} {ergonomic}
   size_t G1HeapRegionSize                         = 2097152                                   {product} {ergonomic}
   size_t InitialHeapSize                          = 255852544                                 {product} {ergonomic}
   size_t MarkStackSize                            = 4194304                                   {product} {ergonomic}
   size_t MarkStackSizeMax                         = 536870912                                 {product} {ergonomic}
   size_t MaxHeapSize                              = 4093640704                                {product} {ergonomic}
   size_t MaxNewSize                               = 2455764992                                {product} {ergonomic}
   size_t MinHeapDeltaBytes                        = 2097152                                   {product} {ergonomic}
   size_t MinHeapSize                              = 8388608                                   {product} {ergonomic}
    uintx NonNMethodCodeHeapSize                   = 7602176                                {pd product} {ergonomic}
    uintx NonProfiledCodeHeapSize                  = 122093568                              {pd product} {ergonomic}
    uintx ProfiledCodeHeapSize                     = 121962496                              {pd product} {ergonomic}
    uintx ReservedCodeCacheSize                    = 251658240                              {pd product} {ergonomic}
     bool SegmentedCodeCache                       = true                                      {product} {ergonomic}
   size_t SoftMaxHeapSize                          = 4093640704                             {manageable} {ergonomic}
     bool UseCompressedOops                        = true                           {product lp64_product} {ergonomic}
     bool UseG1GC                                  = true                                      {product} {ergonomic}
     bool UseLargePagesIndividualAllocation        = false                                  {pd product} {ergonomic}

Logging:
Log output configuration:
 #0: stdout all=warning uptime,level,tags foldmultilines=false
 #1: stderr all=off uptime,level,tags foldmultilines=false

Environment Variables:
CLASSPATH=c:\Users\Haqii\AppData\Roaming\Code\User\globalStorage\fwcd.kotlin\langServerInstall\server\lib\server-1.3.13.jar;c:\Users\Haqii\AppData\Roaming\Code\User\globalStorage\fwcd.kotlin\langServerInstall\server\lib\shared-1.3.13.jar;c:\Users\Haqii\AppData\Roaming\Code\User\globalStorage\fwcd.kotlin\langServerInstall\server\lib\kotlin-scripting-jvm-host-unshaded-2.1.0.jar;c:\Users\Haqii\AppData\Roaming\Code\User\globalStorage\fwcd.kotlin\langServerInstall\server\lib\kotlin-scripting-compiler-2.1.0.jar;c:\Users\Haqii\AppData\Roaming\Code\User\globalStorage\fwcd.kotlin\langServerInstall\server\lib\ktfmt-b5d31d1.jar;c:\Users\Haqii\AppData\Roaming\Code\User\globalStorage\fwcd.kotlin\langServerInstall\server\lib\kotlin-compiler-2.1.0.jar;c:\Users\Haqii\AppData\Roaming\Code\User\globalStorage\fwcd.kotlin\langServerInstall\server\lib\exposed-dao-0.37.3.jar;c:\Users\Haqii\AppData\Roaming\Code\User\globalStorage\fwcd.kotlin\langServerInstall\server\lib\exposed-jdbc-0.37.3.jar;c:\Users\Haqii\AppData\Roaming\Code\User\globalStorage\fwcd.kotlin\langServerInstall\server\lib\exposed-core-0.37.3.jar;c:\Users\Haqii\AppData\Roaming\Code\User\globalStorage\fwcd.kotlin\langServerInstall\server\lib\kotlin-scripting-compiler-impl-2.1.0.jar;c:\Users\Haqii\AppData\Roaming\Code\User\globalStorage\fwcd.kotlin\langServerInstall\server\lib\kotlin-reflect-2.1.0.jar;c:\Users\Haqii\AppData\Roaming\Code\User\globalStorage\fwcd.kotlin\langServerInstall\server\lib\kotlin-scripting-jvm-2.1.0.jar;c:\Users\Haqii\AppData\Roaming\Code\User\globalStorage\fwcd.kotlin\langServerInstall\server\lib\kotlin-scripting-common-2.1.0.jar;c:\Users\Haqii\AppData\Roaming\Code\User\globalStorage\fwcd.kotlin\langServerInstall\server\lib\kotlinx-coroutines-core-jvm-1.6.4.jar;c:\Users\Haqii\AppData\Roaming\Code\User\globalStorage\fwcd.kotlin\langServerInstall\server\lib\kotlin-stdlib-jdk8-2.1.0.jar;c:\Users\Haqii\AppData\Roaming\Code\User\globalStorage\fwcd.kotlin\langServerInstall\server\lib\kotlin-stdlib-jdk7-2.1.0.jar;c:\Users\Haqii\AppData\Roaming\Code\User\globalStorage\fwcd.kotlin\langServerInstall\server\lib\kotlin-stdlib-2.1.0.jar;c:\Users\Haqii\AppData\Roaming\Code\User\globalStorage\fwcd.kotlin\langServerInstall\server\lib\org.eclipse.lsp4j-0.21.2.jar;c:\Users\Haqii\AppData\Roaming\Code\User\globalStorage\fwcd.kotlin\langServerInstall\server\lib\org.eclipse.lsp4j.jsonrpc-0.21.2.jar;c:\Users\Haqii\AppData\Roaming\Code\User\globalStorage\fwcd.kotlin\langServerInstall\server\lib\kotlin-sam-with-receiver-compiler-plugin-2.1.0.jar;c:\Users\Haqii\AppData\Roaming\Code\User\globalStorage\fwcd.kotlin\langServerInstall\server\lib\fernflower-1.0.jar;c:\Users\Haqii\AppData\Roaming\Code\User\globalStorage\fwcd.kotlin\langServerInstall\server\lib\h2-1.4.200.jar;c:\Users\Haqii\AppData\Roaming\Code\User\globalStorage\fwcd.kotlin\langServerInstall\server\lib\jcommander-1.78.jar;c:\Users\Haqii\AppData\Roaming\Code\User\globalStorage\fwcd.kotlin\langServerInstall\server\lib\sqlite-jdbc-3.41.2.1.jar;c:\Users\Haqii\AppData\Roaming\Code\User\globalStorage\fwcd.kotlin\langServerInstall\server\lib\google-java-format-1.8.jar;c:\Users\Haqii\AppData\Roaming\Code\User\globalStorage\fwcd.kotlin\langServerInstall\server\lib\guava-33.3.0-jre.jar;c:\Users\Haqii\AppData\Roaming\Code\User\globalStorage\fwcd.kotlin\langServerInstall\server\lib\annotations-13.0.jar;c:\Users\Haqii\AppData\Roaming\Code\User\globalStorage\fwcd.kotlin\langServerInstall\server\lib\gson-2.10.1.jar;c:\Users\Haqii\AppData\Roaming\Code\User\globalStorage\fwcd.kotlin\langServerInstall\server\lib\kotlin-script-runtime-2.1.0.jar;c:\Users\Haqii\AppData\Roaming\Code\User\globalStorage\fwcd.kotlin\langServerInstall\server\lib\trove4j-1.0.20200330.jar;c:\Users\Haqii\AppData\Roaming\Code\User\globalStorage\fwcd.kotlin\langServerInstall\server\lib\jline-3.24.1.jar;c:\Users\Haqii\AppData\Roaming\Code\User\globalStorage\fwcd.kotlin\langServerInstall\server\lib\slf4j-api-1.7.25.jar;c:\Users\Haqii\AppData\Roaming\Code\User\globalStorage\fwcd.kotlin\langServerInstall\server\lib\jna-4.2.2.jar;c:\Users\Haqii\AppData\Roaming\Code\User\globalStorage\fwcd.kotlin\langServerInstall\server\lib\failureaccess-1.0.2.jar;c:\Users\Haqii\AppData\Roaming\Code\User\globalStorage\fwcd.kotlin\langServerInstall\server\lib\listenablefuture-9999.0-empty-to-avoid-conflict-with-guava.jar;c:\Users\Haqii\AppData\Roaming\Code\User\globalStorage\fwcd.kotlin\langServerInstall\server\lib\jsr305-3.0.2.jar;c:\Users\Haqii\AppData\Roaming\Code\User\globalStorage\fwcd.kotlin\langServerInstall\server\lib\checker-qual-3.43.0.jar;c:\Users\Haqii\AppData\Roaming\Code\User\globalStorage\fwcd.kotlin\langServerInstall\server\lib\error_prone_annotations-2.28.0.jar
PATH=C:\Program Files\Common Files\Oracle\Java\javapath;C:\Program Files (x86)\Common Files\Oracle\Java\java8path;C:\Program Files (x86)\Common Files\Oracle\Java\javapath;C:\WINDOWS\system32;C:\WINDOWS;C:\WINDOWS\System32\Wbem;C:\WINDOWS\System32\WindowsPowerShell\v1.0\;C:\WINDOWS\System32\OpenSSH\;C:\xampp\php;C:\ProgramData\ComposerSetup\bin;C:\Program Files\Git\cmd;C:\Program Files\dotnet\;C:\ProgramData\chocolatey\bin;C:\Program Files\Neovim\bin;C:\Program Files\nodejs\;C:\Program Files\Common Files\Oracle\Java\javapath;C:\Windows\system32;C:\Windows;C:\Windows\System32\Wbem;C:\Windows\System32\WindowsPowerShell\v1.0\;C:\Windows\System32\OpenSSH\;C:\xampp\php;C:\ProgramData\ComposerSetup\bin;C:\Program Files\nodejs\;C:\Program Files\Git\cmd;C:\Program Files\dotnet\;C:\ProgramData\chocolatey\bin;c:\Users\Haqii\AppData\Local\Programs\cursor\resources\app\codeBin;C:\Users\Haqii\AppData\Local\Programs\Python\Launcher\;C:\Users\Haqii\AppData\Local\Microsoft\WindowsApps;C:\Users\Haqii\AppData\Local\Programs\Microsoft VS Code\bin;C:\Users\Haqii\AppData\Roaming\Composer\vendor\bin;C:\msys64\ucrt64\bin;C:\Users\Haqii\AppData\Local\spicetify;C:\Users\Haqii\.deno\bin;C:\Android\cmdline-tools\latest\bin;C:\Android\platform-tools;C:\Android\emulator;C:\Users\Haqii\AppData\Roaming\npm;C:\Users\Haqii\AppData\Local\Microsoft\WindowsApps
USERNAME=Haqii
OS=Windows_NT
PROCESSOR_IDENTIFIER=AMD64 Family 25 Model 68 Stepping 1, AuthenticAMD
TMP=C:\Users\Haqii\AppData\Local\Temp
TEMP=C:\Users\Haqii\AppData\Local\Temp




Periodic native trim disabled

---------------  S Y S T E M  ---------------

OS:
 Windows 11 , 64 bit Build 26100 (10.0.26100.6725)
OS uptime: 0 days 1:48 hours

CPU: total 16 (initial active 16) (16 cores per cpu, 2 threads per core) family 25 model 68 stepping 1 microcode 0xa404102, cx8, cmov, fxsr, ht, mmx, 3dnowpref, sse, sse2, sse3, ssse3, sse4a, sse4.1, sse4.2, popcnt, lzcnt, tsc, tscinvbit, avx, avx2, aes, erms, clmul, bmi1, bmi2, adx, sha, fma, vzeroupper, clflush, clflushopt, rdtscp, rdpid, fsrm, f16c, pku, cet_ss
Processor Information for processor 0
  Max Mhz: 3201, Current Mhz: 3201, Mhz Limit: 3201
Processor Information for processor 1
  Max Mhz: 3201, Current Mhz: 2560, Mhz Limit: 3201
Processor Information for processor 2
  Max Mhz: 3201, Current Mhz: 3201, Mhz Limit: 3201
Processor Information for processor 3
  Max Mhz: 3201, Current Mhz: 2560, Mhz Limit: 3201
Processor Information for processor 4
  Max Mhz: 3201, Current Mhz: 2560, Mhz Limit: 3201
Processor Information for processor 5
  Max Mhz: 3201, Current Mhz: 3201, Mhz Limit: 3201
Processor Information for processor 6
  Max Mhz: 3201, Current Mhz: 2560, Mhz Limit: 3201
Processor Information for processor 7
  Max Mhz: 3201, Current Mhz: 3201, Mhz Limit: 3201
Processor Information for processor 8
  Max Mhz: 3201, Current Mhz: 2560, Mhz Limit: 3201
Processor Information for processor 9
  Max Mhz: 3201, Current Mhz: 2560, Mhz Limit: 3201
Processor Information for processor 10
  Max Mhz: 3201, Current Mhz: 3201, Mhz Limit: 3201
Processor Information for processor 11
  Max Mhz: 3201, Current Mhz: 3201, Mhz Limit: 3201
Processor Information for processor 12
  Max Mhz: 3201, Current Mhz: 3201, Mhz Limit: 3201
Processor Information for processor 13
  Max Mhz: 3201, Current Mhz: 3201, Mhz Limit: 3201
Processor Information for processor 14
  Max Mhz: 3201, Current Mhz: 2560, Mhz Limit: 3201
Processor Information for processor 15
  Max Mhz: 3201, Current Mhz: 2560, Mhz Limit: 3201

Memory: 4k page, system-wide physical 15613M (647M free)
TotalPageFile size 28925M (AvailPageFile size 85M)
current process WorkingSet (physical memory assigned to process): 386M, peak: 392M
current process commit charge ("private bytes"): 431M, peak: 521M

vm_info: Java HotSpot(TM) 64-Bit Server VM (23.0.1+11-39) for windows-amd64 JRE (23.0.1+11-39), built on 2024-09-30T07:20:43Z with MS VC++ 17.6 (VS2022)

END.
