#
# There is insufficient memory for the Java Runtime Environment to continue.
# Native memory allocation (malloc) failed to allocate 1779376 bytes. Error detail: Chunk::new
# Possible reasons:
#   The system is out of physical RAM or swap space
#   This process is running with CompressedOops enabled, and the Java Heap may be blocking the growth of the native heap
# Possible solutions:
#   Reduce memory load on the system
#   Increase physical memory or swap space
#   Check if swap backing store is full
#   Decrease Java heap size (-Xmx/-Xms)
#   Decrease number of Java threads
#   Decrease Java thread stack sizes (-Xss)
#   Set larger code cache with -XX:ReservedCodeCacheSize=
#   JVM is running with Zero Based Compressed Oops mode in which the Java heap is
#     placed in the first 32GB address space. The Java Heap base address is the
#     maximum limit for the native heap growth. Please use -XX:HeapBaseMinAddress
#     to set the Java Heap base and to place the Java Heap above 32GB virtual address.
# This output file may be truncated or incomplete.
#
#  Out of Memory Error (arena.cpp:149), pid=9740, tid=23532
#
# JRE version: Java(TM) SE Runtime Environment (23.0.1+11) (build 23.0.1+11-39)
# Java VM: Java HotSpot(TM) 64-Bit Server VM (23.0.1+11-39, mixed mode, sharing, tiered, compressed oops, compressed class ptrs, g1 gc, windows-amd64)
# No core dump will be written. Minidumps are not enabled by default on client versions of Windows
#

---------------  S U M M A R Y ------------

Command Line: -DkotlinLanguageServer.version=1.3.13 org.javacs.kt.MainKt

Host: AMD Ryzen 7 7735HS with Radeon Graphics        , 16 cores, 15G,  Windows 11 , 64 bit Build 26100 (10.0.26100.7309)
Time: Wed Mar  4 08:14:07 2026 SE Asia Standard Time elapsed time: 27.356566 seconds (0d 0h 0m 27s)

---------------  T H R E A D  ---------------

Current thread (0x00000186e2f23750):  JavaThread "C2 CompilerThread1" daemon [_thread_in_native, id=23532, stack(0x000000732ba00000,0x000000732bb00000) (1024K)]


Current CompileTask:
C2:27356 19769       4       org.jetbrains.kotlin.resolve.calls.components.ResolutionPartsKt::resolveKotlinArgument (572 bytes)

Stack: [0x000000732ba00000,0x000000732bb00000]
Native frames: (J=compiled Java code, j=interpreted, Vv=VM code, C=native code)
V  [jvm.dll+0x6e08b9]  (no source info available)
V  [jvm.dll+0x87dc83]  (no source info available)
V  [jvm.dll+0x88010e]  (no source info available)
V  [jvm.dll+0x8807e3]  (no source info available)
V  [jvm.dll+0x27aee6]  (no source info available)
V  [jvm.dll+0xbc06f]  (no source info available)
V  [jvm.dll+0xbc2cb]  (no source info available)
V  [jvm.dll+0x3b3a9c]  (no source info available)
V  [jvm.dll+0x38a42b]  (no source info available)
V  [jvm.dll+0x38989a]  (no source info available)
V  [jvm.dll+0x244aa1]  (no source info available)
V  [jvm.dll+0x243dff]  (no source info available)
V  [jvm.dll+0x1c33a0]  (no source info available)
V  [jvm.dll+0x253cf1]  (no source info available)
V  [jvm.dll+0x251faa]  (no source info available)
V  [jvm.dll+0x3ee036]  (no source info available)
V  [jvm.dll+0x824f8b]  (no source info available)
V  [jvm.dll+0x6df065]  (no source info available)
C  [ucrtbase.dll+0x37b0]  (no source info available)
C  [KERNEL32.DLL+0x2e8d7]  (no source info available)
C  [ntdll.dll+0x8c53c]  (no source info available)

Lock stack of current Java thread (top to bottom):


---------------  P R O C E S S  ---------------

Threads class SMR info:
_java_thread_list=0x00000186e1273c50, length=20, elements={
0x00000186ff429e10, 0x00000186ff42f3f0, 0x00000186ff432e90, 0x00000186ff433ca0,
0x00000186ff4377b0, 0x00000186ff438d80, 0x00000186ff43d880, 0x00000186d4022370,
0x00000186d41179a0, 0x00000186d416d8c0, 0x00000186d41765e0, 0x00000186d46ad7c0,
0x00000186deccc820, 0x00000186ef4375a0, 0x00000186dfeed9c0, 0x00000186dfe7df80,
0x00000186dfe80050, 0x00000186df29f010, 0x00000186e2f23750, 0x00000186ded5fc70
}

Java Threads: ( => current thread )
  0x00000186ff429e10 JavaThread "Reference Handler"          daemon [_thread_blocked, id=19756, stack(0x0000007329e00000,0x0000007329f00000) (1024K)]
  0x00000186ff42f3f0 JavaThread "Finalizer"                  daemon [_thread_blocked, id=6932, stack(0x0000007329f00000,0x000000732a000000) (1024K)]
  0x00000186ff432e90 JavaThread "Signal Dispatcher"          daemon [_thread_blocked, id=13064, stack(0x000000732a000000,0x000000732a100000) (1024K)]
  0x00000186ff433ca0 JavaThread "Attach Listener"            daemon [_thread_blocked, id=21304, stack(0x000000732a100000,0x000000732a200000) (1024K)]
  0x00000186ff4377b0 JavaThread "Service Thread"             daemon [_thread_blocked, id=16552, stack(0x000000732a200000,0x000000732a300000) (1024K)]
  0x00000186ff438d80 JavaThread "Monitor Deflation Thread"   daemon [_thread_blocked, id=14704, stack(0x000000732a300000,0x000000732a400000) (1024K)]
  0x00000186ff43d880 JavaThread "C2 CompilerThread0"         daemon [_thread_blocked, id=22340, stack(0x000000732a400000,0x000000732a500000) (1024K)]
  0x00000186d4022370 JavaThread "C1 CompilerThread0"         daemon [_thread_blocked, id=11356, stack(0x000000732a500000,0x000000732a600000) (1024K)]
  0x00000186d41179a0 JavaThread "C1 CompilerThread1"         daemon [_thread_blocked, id=15444, stack(0x000000732a600000,0x000000732a700000) (1024K)]
  0x00000186d416d8c0 JavaThread "Notification Thread"        daemon [_thread_blocked, id=20988, stack(0x000000732a700000,0x000000732a800000) (1024K)]
  0x00000186d41765e0 JavaThread "Common-Cleaner"             daemon [_thread_blocked, id=17588, stack(0x000000732a800000,0x000000732a900000) (1024K)]
  0x00000186d46ad7c0 JavaThread "C1 CompilerThread2"         daemon [_thread_blocked, id=21580, stack(0x000000732ab00000,0x000000732ac00000) (1024K)]
  0x00000186deccc820 JavaThread "client"                            [_thread_in_native, id=21300, stack(0x000000732bb00000,0x000000732bc00000) (1024K)]
  0x00000186ef4375a0 JavaThread "DestroyJavaVM"                     [_thread_blocked, id=14808, stack(0x0000007329600000,0x0000007329700000) (1024K)]
  0x00000186dfeed9c0 JavaThread "async0"                            [_thread_blocked, id=8724, stack(0x000000732bc00000,0x000000732bd00000) (1024K)]
  0x00000186dfe7df80 JavaThread "async1"                            [_thread_blocked, id=19136, stack(0x000000732a900000,0x000000732aa00000) (1024K)]
  0x00000186dfe80050 JavaThread "debounce0"                         [_thread_in_Java, id=1480, stack(0x000000732bd00000,0x000000732be00000) (1024K)]
  0x00000186df29f010 JavaThread "async2"                            [_thread_blocked, id=22676, stack(0x000000732bf00000,0x000000732c000000) (1024K)]
=>0x00000186e2f23750 JavaThread "C2 CompilerThread1"         daemon [_thread_in_native, id=23532, stack(0x000000732ba00000,0x000000732bb00000) (1024K)]
  0x00000186ded5fc70 JavaThread "C2 CompilerThread2"         daemon [_thread_in_native, id=23540, stack(0x000000732be00000,0x000000732bf00000) (1024K)]
Total: 20

Other Threads:
  0x00000186ff4154c0 VMThread "VM Thread"                           [id=14376, stack(0x0000007329d00000,0x0000007329e00000) (1024K)]
  0x00000186ff3ff4a0 WatcherThread "VM Periodic Task Thread"        [id=17784, stack(0x0000007329c00000,0x0000007329d00000) (1024K)]
  0x00000186ef49f430 WorkerThread "GC Thread#0"                     [id=10660, stack(0x0000007329700000,0x0000007329800000) (1024K)]
  0x00000186d4d58af0 WorkerThread "GC Thread#1"                     [id=16796, stack(0x000000732ad00000,0x000000732ae00000) (1024K)]
  0x00000186d4d4b490 WorkerThread "GC Thread#2"                     [id=21412, stack(0x000000732ae00000,0x000000732af00000) (1024K)]
  0x00000186d4d58ea0 WorkerThread "GC Thread#3"                     [id=17944, stack(0x000000732af00000,0x000000732b000000) (1024K)]
  0x00000186d4d59250 WorkerThread "GC Thread#4"                     [id=19568, stack(0x000000732b000000,0x000000732b100000) (1024K)]
  0x00000186d4d08880 WorkerThread "GC Thread#5"                     [id=20104, stack(0x000000732b100000,0x000000732b200000) (1024K)]
  0x00000186d51b90a0 WorkerThread "GC Thread#6"                     [id=22108, stack(0x000000732b200000,0x000000732b300000) (1024K)]
  0x00000186d51b9450 WorkerThread "GC Thread#7"                     [id=19192, stack(0x000000732b300000,0x000000732b400000) (1024K)]
  0x00000186d56ec9c0 WorkerThread "GC Thread#8"                     [id=20944, stack(0x000000732aa00000,0x000000732ab00000) (1024K)]
  0x00000186d56ec260 WorkerThread "GC Thread#9"                     [id=976, stack(0x000000732b400000,0x000000732b500000) (1024K)]
  0x00000186d5f88690 WorkerThread "GC Thread#10"                    [id=19228, stack(0x000000732b500000,0x000000732b600000) (1024K)]
  0x00000186d5f89cb0 WorkerThread "GC Thread#11"                    [id=20420, stack(0x000000732b600000,0x000000732b700000) (1024K)]
  0x00000186d5f891a0 WorkerThread "GC Thread#12"                    [id=11080, stack(0x000000732b700000,0x000000732b800000) (1024K)]
  0x00000186ef4b44a0 ConcurrentGCThread "G1 Main Marker"            [id=20608, stack(0x0000007329800000,0x0000007329900000) (1024K)]
  0x00000186ef4b6b60 WorkerThread "G1 Conc#0"                       [id=22188, stack(0x0000007329900000,0x0000007329a00000) (1024K)]
  0x00000186d5f8a060 WorkerThread "G1 Conc#1"                       [id=16856, stack(0x000000732b800000,0x000000732b900000) (1024K)]
  0x00000186d5f8a410 WorkerThread "G1 Conc#2"                       [id=3304, stack(0x000000732b900000,0x000000732ba00000) (1024K)]
  0x00000186ef4ee5c0 ConcurrentGCThread "G1 Refine#0"               [id=22388, stack(0x0000007329a00000,0x0000007329b00000) (1024K)]
  0x00000186ff2cf440 ConcurrentGCThread "G1 Service"                [id=22088, stack(0x0000007329b00000,0x0000007329c00000) (1024K)]
Total: 21

Threads with active compile tasks:
C2 CompilerThread1  27421 19769       4       org.jetbrains.kotlin.resolve.calls.components.ResolutionPartsKt::resolveKotlinArgument (572 bytes)
C2 CompilerThread2  27421 19835       4       com.intellij.psi.impl.source.CharTableImpl::substring (58 bytes)
Total: 2

VM state: not at safepoint (normal execution)

VM Mutex/Monitor currently owned by a thread: None

Heap address: 0x000000070c000000, size: 3904 MB, Compressed Oops mode: Zero based, Oop shift amount: 3

CDS archive(s) mapped at: [0x000001868f000000-0x000001868fd70000-0x000001868fd70000), size 14090240, SharedBaseAddress: 0x000001868f000000, ArchiveRelocationMode: 1.
Compressed class space mapped at: 0x0000018690000000-0x00000186d0000000, reserved size: 1073741824
Narrow klass base: 0x000001868f000000, Narrow klass shift: 0, Narrow klass range: 0x41000000

GC Precious Log:
 CardTable entry size: 512
 Card Set container configuration: InlinePtr #cards 4 size 8 Array Of Cards #cards 16 size 48 Howl #buckets 8 coarsen threshold 3686 Howl Bitmap #cards 512 size 80 coarsen threshold 460 Card regions per heap region 1 cards per card region 4096
 CPUs: 16 total, 16 available
 Memory: 15613M
 Large Page Support: Disabled
 NUMA Support: Disabled
 Compressed Oops: Enabled (Zero based)
 Heap Region Size: 2M
 Heap Min Capacity: 8M
 Heap Initial Capacity: 244M
 Heap Max Capacity: 3904M
 Pre-touch: Disabled
 Parallel Workers: 13
 Concurrent Workers: 3
 Concurrent Refinement Workers: 13
 Periodic GC: Disabled

Heap:
 garbage-first heap   total reserved 3997696K, committed 565248K, used 433178K [0x000000070c000000, 0x0000000800000000)
  region size 2048K, 71 young (145408K), 2 survivors (4096K)
 Metaspace       used 79631K, committed 80704K, reserved 1179648K
  class space    used 9099K, committed 9600K, reserved 1048576K

Heap Regions: E=young(eden), S=young(survivor), O=old, HS=humongous(starts), HC=humongous(continues), CS=collection set, F=free, TAMS=top-at-mark-start, PB=parsable bottom
|   0|0x000000070c000000, 0x000000070c200000, 0x000000070c200000|100%|HS|  |TAMS 0x000000070c000000| PB 0x000000070c000000| Complete |  0
|   1|0x000000070c200000, 0x000000070c400000, 0x000000070c400000|100%|HC|  |TAMS 0x000000070c200000| PB 0x000000070c200000| Complete |  0
|   2|0x000000070c400000, 0x000000070c600000, 0x000000070c600000|100%| O|  |TAMS 0x000000070c400000| PB 0x000000070c400000| Untracked |  0
|   3|0x000000070c600000, 0x000000070c800000, 0x000000070c800000|100%| O|  |TAMS 0x000000070c600000| PB 0x000000070c600000| Untracked |  0
|   4|0x000000070c800000, 0x000000070ca00000, 0x000000070ca00000|100%| O|  |TAMS 0x000000070c800000| PB 0x000000070c800000| Untracked |  0
|   5|0x000000070ca00000, 0x000000070cc00000, 0x000000070cc00000|100%| O|  |TAMS 0x000000070ca00000| PB 0x000000070ca00000| Untracked |  0
|   6|0x000000070cc00000, 0x000000070ce00000, 0x000000070ce00000|100%| O|  |TAMS 0x000000070cc00000| PB 0x000000070cc00000| Untracked |  0
|   7|0x000000070ce00000, 0x000000070d000000, 0x000000070d000000|100%| O|  |TAMS 0x000000070ce00000| PB 0x000000070ce00000| Untracked |  0
|   8|0x000000070d000000, 0x000000070d200000, 0x000000070d200000|100%| O|  |TAMS 0x000000070d000000| PB 0x000000070d000000| Untracked |  0
|   9|0x000000070d200000, 0x000000070d400000, 0x000000070d400000|100%| O|  |TAMS 0x000000070d200000| PB 0x000000070d200000| Untracked |  0
|  10|0x000000070d400000, 0x000000070d600000, 0x000000070d600000|100%| O|  |TAMS 0x000000070d400000| PB 0x000000070d400000| Untracked |  0
|  11|0x000000070d600000, 0x000000070d800000, 0x000000070d800000|100%| O|  |TAMS 0x000000070d600000| PB 0x000000070d600000| Untracked |  0
|  12|0x000000070d800000, 0x000000070da00000, 0x000000070da00000|100%| O|  |TAMS 0x000000070d800000| PB 0x000000070d800000| Untracked |  0
|  13|0x000000070da00000, 0x000000070dc00000, 0x000000070dc00000|100%| O|  |TAMS 0x000000070da00000| PB 0x000000070da00000| Untracked |  0
|  14|0x000000070dc00000, 0x000000070de00000, 0x000000070de00000|100%| O|  |TAMS 0x000000070dc00000| PB 0x000000070dc00000| Untracked |  0
|  15|0x000000070de00000, 0x000000070e000000, 0x000000070e000000|100%| O|  |TAMS 0x000000070de00000| PB 0x000000070de00000| Untracked |  0
|  16|0x000000070e000000, 0x000000070e200000, 0x000000070e200000|100%| O|  |TAMS 0x000000070e000000| PB 0x000000070e000000| Untracked |  0
|  17|0x000000070e200000, 0x000000070e400000, 0x000000070e400000|100%| O|  |TAMS 0x000000070e200000| PB 0x000000070e200000| Untracked |  0
|  18|0x000000070e400000, 0x000000070e600000, 0x000000070e600000|100%|HS|  |TAMS 0x000000070e400000| PB 0x000000070e400000| Complete |  0
|  19|0x000000070e600000, 0x000000070e800000, 0x000000070e800000|100%| O|  |TAMS 0x000000070e600000| PB 0x000000070e600000| Untracked |  0
|  20|0x000000070e800000, 0x000000070ea00000, 0x000000070ea00000|100%| O|  |TAMS 0x000000070e800000| PB 0x000000070e800000| Untracked |  0
|  21|0x000000070ea00000, 0x000000070ec00000, 0x000000070ec00000|100%| O|  |TAMS 0x000000070ea00000| PB 0x000000070ea00000| Untracked |  0
|  22|0x000000070ec00000, 0x000000070ee00000, 0x000000070ee00000|100%| O|  |TAMS 0x000000070ec00000| PB 0x000000070ec00000| Untracked |  0
|  23|0x000000070ee00000, 0x000000070f000000, 0x000000070f000000|100%| O|  |TAMS 0x000000070ee00000| PB 0x000000070ee00000| Untracked |  0
|  24|0x000000070f000000, 0x000000070f200000, 0x000000070f200000|100%| O|  |TAMS 0x000000070f000000| PB 0x000000070f000000| Untracked |  0
|  25|0x000000070f200000, 0x000000070f400000, 0x000000070f400000|100%| O|  |TAMS 0x000000070f200000| PB 0x000000070f200000| Untracked |  0
|  26|0x000000070f400000, 0x000000070f600000, 0x000000070f600000|100%| O|  |TAMS 0x000000070f400000| PB 0x000000070f400000| Untracked |  0
|  27|0x000000070f600000, 0x000000070f800000, 0x000000070f800000|100%| O|  |TAMS 0x000000070f600000| PB 0x000000070f600000| Untracked |  0
|  28|0x000000070f800000, 0x000000070fa00000, 0x000000070fa00000|100%| O|  |TAMS 0x000000070f800000| PB 0x000000070f800000| Untracked |  0
|  29|0x000000070fa00000, 0x000000070fc00000, 0x000000070fc00000|100%| O|  |TAMS 0x000000070fa00000| PB 0x000000070fa00000| Untracked |  0
|  30|0x000000070fc00000, 0x000000070fe00000, 0x000000070fe00000|100%| O|  |TAMS 0x000000070fc00000| PB 0x000000070fc00000| Untracked |  0
|  31|0x000000070fe00000, 0x0000000710000000, 0x0000000710000000|100%| O|  |TAMS 0x000000070fe00000| PB 0x000000070fe00000| Untracked |  0
|  32|0x0000000710000000, 0x0000000710200000, 0x0000000710200000|100%| O|  |TAMS 0x0000000710000000| PB 0x0000000710000000| Untracked |  0
|  33|0x0000000710200000, 0x0000000710400000, 0x0000000710400000|100%| O|  |TAMS 0x0000000710200000| PB 0x0000000710200000| Untracked |  0
|  34|0x0000000710400000, 0x0000000710600000, 0x0000000710600000|100%| O|  |TAMS 0x0000000710400000| PB 0x0000000710400000| Untracked |  0
|  35|0x0000000710600000, 0x0000000710800000, 0x0000000710800000|100%| O|  |TAMS 0x0000000710600000| PB 0x0000000710600000| Untracked |  0
|  36|0x0000000710800000, 0x0000000710a00000, 0x0000000710a00000|100%| O|  |TAMS 0x0000000710800000| PB 0x0000000710800000| Untracked |  0
|  37|0x0000000710a00000, 0x0000000710c00000, 0x0000000710c00000|100%| O|  |TAMS 0x0000000710a00000| PB 0x0000000710a00000| Untracked |  0
|  38|0x0000000710c00000, 0x0000000710e00000, 0x0000000710e00000|100%| O|  |TAMS 0x0000000710c00000| PB 0x0000000710c00000| Untracked |  0
|  39|0x0000000710e00000, 0x0000000711000000, 0x0000000711000000|100%| O|  |TAMS 0x0000000710e00000| PB 0x0000000710e00000| Untracked |  0
|  40|0x0000000711000000, 0x0000000711200000, 0x0000000711200000|100%| O|  |TAMS 0x0000000711000000| PB 0x0000000711000000| Untracked |  0
|  41|0x0000000711200000, 0x0000000711400000, 0x0000000711400000|100%| O|  |TAMS 0x0000000711200000| PB 0x0000000711200000| Untracked |  0
|  42|0x0000000711400000, 0x0000000711600000, 0x0000000711600000|100%| O|  |TAMS 0x0000000711400000| PB 0x0000000711400000| Untracked |  0
|  43|0x0000000711600000, 0x0000000711800000, 0x0000000711800000|100%| O|  |TAMS 0x0000000711600000| PB 0x0000000711600000| Untracked |  0
|  44|0x0000000711800000, 0x0000000711a00000, 0x0000000711a00000|100%| O|  |TAMS 0x0000000711800000| PB 0x0000000711800000| Untracked |  0
|  45|0x0000000711a00000, 0x0000000711c00000, 0x0000000711c00000|100%| O|  |TAMS 0x0000000711a00000| PB 0x0000000711a00000| Untracked |  0
|  46|0x0000000711c00000, 0x0000000711e00000, 0x0000000711e00000|100%| O|  |TAMS 0x0000000711c00000| PB 0x0000000711c00000| Untracked |  0
|  47|0x0000000711e00000, 0x0000000712000000, 0x0000000712000000|100%| O|  |TAMS 0x0000000711e00000| PB 0x0000000711e00000| Untracked |  0
|  48|0x0000000712000000, 0x0000000712200000, 0x0000000712200000|100%| O|  |TAMS 0x0000000712000000| PB 0x0000000712000000| Untracked |  0
|  49|0x0000000712200000, 0x0000000712400000, 0x0000000712400000|100%| O|  |TAMS 0x0000000712200000| PB 0x0000000712200000| Untracked |  0
|  50|0x0000000712400000, 0x0000000712600000, 0x0000000712600000|100%| O|  |TAMS 0x0000000712400000| PB 0x0000000712400000| Untracked |  0
|  51|0x0000000712600000, 0x0000000712800000, 0x0000000712800000|100%| O|  |TAMS 0x0000000712600000| PB 0x0000000712600000| Untracked |  0
|  52|0x0000000712800000, 0x0000000712a00000, 0x0000000712a00000|100%| O|  |TAMS 0x0000000712800000| PB 0x0000000712800000| Untracked |  0
|  53|0x0000000712a00000, 0x0000000712c00000, 0x0000000712c00000|100%| O|  |TAMS 0x0000000712a00000| PB 0x0000000712a00000| Untracked |  0
|  54|0x0000000712c00000, 0x0000000712e00000, 0x0000000712e00000|100%| O|  |TAMS 0x0000000712c00000| PB 0x0000000712c00000| Untracked |  0
|  55|0x0000000712e00000, 0x0000000713000000, 0x0000000713000000|100%| O|  |TAMS 0x0000000712e00000| PB 0x0000000712e00000| Untracked |  0
|  56|0x0000000713000000, 0x0000000713200000, 0x0000000713200000|100%| O|  |TAMS 0x0000000713000000| PB 0x0000000713000000| Untracked |  0
|  57|0x0000000713200000, 0x0000000713400000, 0x0000000713400000|100%| O|  |TAMS 0x0000000713200000| PB 0x0000000713200000| Untracked |  0
|  58|0x0000000713400000, 0x0000000713600000, 0x0000000713600000|100%| O|  |TAMS 0x0000000713400000| PB 0x0000000713400000| Untracked |  0
|  59|0x0000000713600000, 0x0000000713800000, 0x0000000713800000|100%| O|  |TAMS 0x0000000713600000| PB 0x0000000713600000| Untracked |  0
|  60|0x0000000713800000, 0x0000000713a00000, 0x0000000713a00000|100%| O|  |TAMS 0x0000000713800000| PB 0x0000000713800000| Untracked |  0
|  61|0x0000000713a00000, 0x0000000713c00000, 0x0000000713c00000|100%| O|  |TAMS 0x0000000713a00000| PB 0x0000000713a00000| Untracked |  0
|  62|0x0000000713c00000, 0x0000000713e00000, 0x0000000713e00000|100%| O|  |TAMS 0x0000000713c00000| PB 0x0000000713c00000| Untracked |  0
|  63|0x0000000713e00000, 0x0000000714000000, 0x0000000714000000|100%| O|  |TAMS 0x0000000713e00000| PB 0x0000000713e00000| Untracked |  0
|  64|0x0000000714000000, 0x0000000714200000, 0x0000000714200000|100%| O|  |TAMS 0x0000000714000000| PB 0x0000000714000000| Untracked |  0
|  65|0x0000000714200000, 0x0000000714400000, 0x0000000714400000|100%| O|  |TAMS 0x0000000714200000| PB 0x0000000714200000| Untracked |  0
|  66|0x0000000714400000, 0x0000000714600000, 0x0000000714600000|100%| O|  |TAMS 0x0000000714400000| PB 0x0000000714400000| Untracked |  0
|  67|0x0000000714600000, 0x0000000714800000, 0x0000000714800000|100%| O|  |TAMS 0x0000000714600000| PB 0x0000000714600000| Untracked |  0
|  68|0x0000000714800000, 0x0000000714a00000, 0x0000000714a00000|100%| O|  |TAMS 0x0000000714800000| PB 0x0000000714800000| Untracked |  0
|  69|0x0000000714a00000, 0x0000000714c00000, 0x0000000714c00000|100%| O|  |TAMS 0x0000000714a00000| PB 0x0000000714a00000| Untracked |  0
|  70|0x0000000714c00000, 0x0000000714e00000, 0x0000000714e00000|100%| O|  |TAMS 0x0000000714c00000| PB 0x0000000714c00000| Untracked |  0
|  71|0x0000000714e00000, 0x0000000715000000, 0x0000000715000000|100%| O|  |TAMS 0x0000000714e00000| PB 0x0000000714e00000| Untracked |  0
|  72|0x0000000715000000, 0x0000000715200000, 0x0000000715200000|100%| O|  |TAMS 0x0000000715000000| PB 0x0000000715000000| Untracked |  0
|  73|0x0000000715200000, 0x0000000715400000, 0x0000000715400000|100%| O|  |TAMS 0x0000000715200000| PB 0x0000000715200000| Untracked |  0
|  74|0x0000000715400000, 0x0000000715600000, 0x0000000715600000|100%| O|  |TAMS 0x0000000715400000| PB 0x0000000715400000| Untracked |  0
|  75|0x0000000715600000, 0x0000000715800000, 0x0000000715800000|100%| O|  |TAMS 0x0000000715600000| PB 0x0000000715600000| Untracked |  0
|  76|0x0000000715800000, 0x0000000715a00000, 0x0000000715a00000|100%| O|  |TAMS 0x0000000715800000| PB 0x0000000715800000| Untracked |  0
|  77|0x0000000715a00000, 0x0000000715c00000, 0x0000000715c00000|100%| O|  |TAMS 0x0000000715a00000| PB 0x0000000715a00000| Untracked |  0
|  78|0x0000000715c00000, 0x0000000715e00000, 0x0000000715e00000|100%| O|  |TAMS 0x0000000715c00000| PB 0x0000000715c00000| Untracked |  0
|  79|0x0000000715e00000, 0x0000000716000000, 0x0000000716000000|100%| O|  |TAMS 0x0000000715e00000| PB 0x0000000715e00000| Untracked |  0
|  80|0x0000000716000000, 0x0000000716200000, 0x0000000716200000|100%| O|  |TAMS 0x0000000716000000| PB 0x0000000716000000| Untracked |  0
|  81|0x0000000716200000, 0x0000000716400000, 0x0000000716400000|100%| O|  |TAMS 0x0000000716200000| PB 0x0000000716200000| Untracked |  0
|  82|0x0000000716400000, 0x0000000716600000, 0x0000000716600000|100%| O|  |TAMS 0x0000000716400000| PB 0x0000000716400000| Untracked |  0
|  83|0x0000000716600000, 0x0000000716800000, 0x0000000716800000|100%| O|  |TAMS 0x0000000716600000| PB 0x0000000716600000| Untracked |  0
|  84|0x0000000716800000, 0x0000000716a00000, 0x0000000716a00000|100%| O|  |TAMS 0x0000000716800000| PB 0x0000000716800000| Untracked |  0
|  85|0x0000000716a00000, 0x0000000716c00000, 0x0000000716c00000|100%| O|  |TAMS 0x0000000716a00000| PB 0x0000000716a00000| Untracked |  0
|  86|0x0000000716c00000, 0x0000000716e00000, 0x0000000716e00000|100%| O|  |TAMS 0x0000000716c00000| PB 0x0000000716c00000| Untracked |  0
|  87|0x0000000716e00000, 0x0000000717000000, 0x0000000717000000|100%| O|  |TAMS 0x0000000716e00000| PB 0x0000000716e00000| Untracked |  0
|  88|0x0000000717000000, 0x0000000717200000, 0x0000000717200000|100%| O|  |TAMS 0x0000000717000000| PB 0x0000000717000000| Untracked |  0
|  89|0x0000000717200000, 0x0000000717400000, 0x0000000717400000|100%| O|  |TAMS 0x0000000717200000| PB 0x0000000717200000| Untracked |  0
|  90|0x0000000717400000, 0x0000000717600000, 0x0000000717600000|100%| O|  |TAMS 0x0000000717400000| PB 0x0000000717400000| Untracked |  0
|  91|0x0000000717600000, 0x0000000717800000, 0x0000000717800000|100%| O|  |TAMS 0x0000000717600000| PB 0x0000000717600000| Untracked |  0
|  92|0x0000000717800000, 0x0000000717a00000, 0x0000000717a00000|100%| O|  |TAMS 0x0000000717800000| PB 0x0000000717800000| Untracked |  0
|  93|0x0000000717a00000, 0x0000000717c00000, 0x0000000717c00000|100%| O|  |TAMS 0x0000000717a00000| PB 0x0000000717a00000| Untracked |  0
|  94|0x0000000717c00000, 0x0000000717e00000, 0x0000000717e00000|100%| O|  |TAMS 0x0000000717c00000| PB 0x0000000717c00000| Untracked |  0
|  95|0x0000000717e00000, 0x0000000718000000, 0x0000000718000000|100%| O|  |TAMS 0x0000000717e00000| PB 0x0000000717e00000| Untracked |  0
|  96|0x0000000718000000, 0x0000000718200000, 0x0000000718200000|100%|HS|  |TAMS 0x0000000718000000| PB 0x0000000718000000| Complete |  0
|  97|0x0000000718200000, 0x0000000718400000, 0x0000000718400000|100%| O|  |TAMS 0x0000000718200000| PB 0x0000000718200000| Untracked |  0
|  98|0x0000000718400000, 0x0000000718600000, 0x0000000718600000|100%| O|  |TAMS 0x0000000718400000| PB 0x0000000718400000| Untracked |  0
|  99|0x0000000718600000, 0x0000000718800000, 0x0000000718800000|100%| O|  |TAMS 0x0000000718600000| PB 0x0000000718600000| Untracked |  0
| 100|0x0000000718800000, 0x0000000718a00000, 0x0000000718a00000|100%| O|  |TAMS 0x0000000718800000| PB 0x0000000718800000| Untracked |  0
| 101|0x0000000718a00000, 0x0000000718c00000, 0x0000000718c00000|100%| O|  |TAMS 0x0000000718a00000| PB 0x0000000718a00000| Untracked |  0
| 102|0x0000000718c00000, 0x0000000718e00000, 0x0000000718e00000|100%| O|  |TAMS 0x0000000718c00000| PB 0x0000000718c00000| Untracked |  0
| 103|0x0000000718e00000, 0x0000000719000000, 0x0000000719000000|100%| O|  |TAMS 0x0000000718e00000| PB 0x0000000718e00000| Untracked |  0
| 104|0x0000000719000000, 0x0000000719200000, 0x0000000719200000|100%| O|  |TAMS 0x0000000719000000| PB 0x0000000719000000| Untracked |  0
| 105|0x0000000719200000, 0x0000000719400000, 0x0000000719400000|100%| O|  |TAMS 0x0000000719200000| PB 0x0000000719200000| Untracked |  0
| 106|0x0000000719400000, 0x0000000719600000, 0x0000000719600000|100%| O|  |TAMS 0x0000000719400000| PB 0x0000000719400000| Untracked |  0
| 107|0x0000000719600000, 0x0000000719800000, 0x0000000719800000|100%| O|  |TAMS 0x0000000719600000| PB 0x0000000719600000| Untracked |  0
| 108|0x0000000719800000, 0x0000000719a00000, 0x0000000719a00000|100%| O|  |TAMS 0x0000000719800000| PB 0x0000000719800000| Untracked |  0
| 109|0x0000000719a00000, 0x0000000719c00000, 0x0000000719c00000|100%| O|  |TAMS 0x0000000719a00000| PB 0x0000000719a00000| Untracked |  0
| 110|0x0000000719c00000, 0x0000000719e00000, 0x0000000719e00000|100%| O|  |TAMS 0x0000000719c00000| PB 0x0000000719c00000| Untracked |  0
| 111|0x0000000719e00000, 0x000000071a000000, 0x000000071a000000|100%| O|  |TAMS 0x0000000719e00000| PB 0x0000000719e00000| Untracked |  0
| 112|0x000000071a000000, 0x000000071a200000, 0x000000071a200000|100%| O|  |TAMS 0x000000071a000000| PB 0x000000071a000000| Untracked |  0
| 113|0x000000071a200000, 0x000000071a400000, 0x000000071a400000|100%| O|  |TAMS 0x000000071a200000| PB 0x000000071a200000| Untracked |  0
| 114|0x000000071a400000, 0x000000071a600000, 0x000000071a600000|100%| O|  |TAMS 0x000000071a400000| PB 0x000000071a400000| Untracked |  0
| 115|0x000000071a600000, 0x000000071a800000, 0x000000071a800000|100%| O|  |TAMS 0x000000071a600000| PB 0x000000071a600000| Untracked |  0
| 116|0x000000071a800000, 0x000000071aa00000, 0x000000071aa00000|100%| O|  |TAMS 0x000000071a800000| PB 0x000000071a800000| Untracked |  0
| 117|0x000000071aa00000, 0x000000071ac00000, 0x000000071ac00000|100%| O|  |TAMS 0x000000071aa00000| PB 0x000000071aa00000| Untracked |  0
| 118|0x000000071ac00000, 0x000000071ae00000, 0x000000071ae00000|100%| O|  |TAMS 0x000000071ac00000| PB 0x000000071ac00000| Untracked |  0
| 119|0x000000071ae00000, 0x000000071b000000, 0x000000071b000000|100%| O|  |TAMS 0x000000071ae00000| PB 0x000000071ae00000| Untracked |  0
| 120|0x000000071b000000, 0x000000071b200000, 0x000000071b200000|100%| O|  |TAMS 0x000000071b000000| PB 0x000000071b000000| Untracked |  0
| 121|0x000000071b200000, 0x000000071b400000, 0x000000071b400000|100%| O|  |TAMS 0x000000071b200000| PB 0x000000071b200000| Untracked |  0
| 122|0x000000071b400000, 0x000000071b600000, 0x000000071b600000|100%| O|  |TAMS 0x000000071b400000| PB 0x000000071b400000| Untracked |  0
| 123|0x000000071b600000, 0x000000071b800000, 0x000000071b800000|100%| O|Cm|TAMS 0x000000071b600000| PB 0x000000071b600000| Complete |  0
| 124|0x000000071b800000, 0x000000071ba00000, 0x000000071ba00000|100%| O|Cm|TAMS 0x000000071b800000| PB 0x000000071b800000| Complete |  0
| 125|0x000000071ba00000, 0x000000071bc00000, 0x000000071bc00000|100%| O|  |TAMS 0x000000071ba00000| PB 0x000000071ba00000| Untracked |  0
| 126|0x000000071bc00000, 0x000000071be00000, 0x000000071be00000|100%| O|  |TAMS 0x000000071bc00000| PB 0x000000071bc00000| Untracked |  0
| 127|0x000000071be00000, 0x000000071c000000, 0x000000071c000000|100%| O|  |TAMS 0x000000071be00000| PB 0x000000071be00000| Untracked |  0
| 128|0x000000071c000000, 0x000000071c200000, 0x000000071c200000|100%| O|  |TAMS 0x000000071c000000| PB 0x000000071c000000| Untracked |  0
| 129|0x000000071c200000, 0x000000071c400000, 0x000000071c400000|100%| O|  |TAMS 0x000000071c200000| PB 0x000000071c200000| Untracked |  0
| 130|0x000000071c400000, 0x000000071c600000, 0x000000071c600000|100%| O|  |TAMS 0x000000071c400000| PB 0x000000071c400000| Untracked |  0
| 131|0x000000071c600000, 0x000000071c800000, 0x000000071c800000|100%| O|  |TAMS 0x000000071c600000| PB 0x000000071c600000| Untracked |  0
| 132|0x000000071c800000, 0x000000071ca00000, 0x000000071ca00000|100%| O|  |TAMS 0x000000071c800000| PB 0x000000071c800000| Untracked |  0
| 133|0x000000071ca00000, 0x000000071cc00000, 0x000000071cc00000|100%| O|  |TAMS 0x000000071ca00000| PB 0x000000071ca00000| Untracked |  0
| 134|0x000000071cc00000, 0x000000071ce00000, 0x000000071ce00000|100%| O|  |TAMS 0x000000071cc00000| PB 0x000000071cc00000| Untracked |  0
| 135|0x000000071ce00000, 0x000000071d000000, 0x000000071d000000|100%| O|  |TAMS 0x000000071ce00000| PB 0x000000071ce00000| Untracked |  0
| 136|0x000000071d000000, 0x000000071d200000, 0x000000071d200000|100%| O|  |TAMS 0x000000071d000000| PB 0x000000071d000000| Untracked |  0
| 137|0x000000071d200000, 0x000000071d400000, 0x000000071d400000|100%| O|  |TAMS 0x000000071d200000| PB 0x000000071d200000| Untracked |  0
| 138|0x000000071d400000, 0x000000071d600000, 0x000000071d600000|100%| O|Cm|TAMS 0x000000071d400000| PB 0x000000071d400000| Complete |  0
| 139|0x000000071d600000, 0x000000071d800000, 0x000000071d800000|100%| O|  |TAMS 0x000000071d600000| PB 0x000000071d600000| Untracked |  0
| 140|0x000000071d800000, 0x000000071da00000, 0x000000071da00000|100%| O|  |TAMS 0x000000071d800000| PB 0x000000071d800000| Untracked |  0
| 141|0x000000071da00000, 0x000000071dc00000, 0x000000071dc00000|100%| O|  |TAMS 0x000000071da00000| PB 0x000000071da00000| Untracked |  0
| 142|0x000000071dc00000, 0x000000071de00000, 0x000000071de00000|100%| O|  |TAMS 0x000000071dc00000| PB 0x000000071dc00000| Untracked |  0
| 143|0x000000071de00000, 0x000000071de6bb30, 0x000000071e000000| 21%| O|  |TAMS 0x000000071de00000| PB 0x000000071de00000| Untracked |  0
| 144|0x000000071e000000, 0x000000071e000000, 0x000000071e200000|  0%| F|  |TAMS 0x000000071e000000| PB 0x000000071e000000| Untracked |  0
| 145|0x000000071e200000, 0x000000071e200000, 0x000000071e400000|  0%| F|  |TAMS 0x000000071e200000| PB 0x000000071e200000| Untracked |  0
| 146|0x000000071e400000, 0x000000071e400000, 0x000000071e600000|  0%| F|  |TAMS 0x000000071e400000| PB 0x000000071e400000| Untracked |  0
| 147|0x000000071e600000, 0x000000071e600000, 0x000000071e800000|  0%| F|  |TAMS 0x000000071e600000| PB 0x000000071e600000| Untracked |  0
| 148|0x000000071e800000, 0x000000071e800000, 0x000000071ea00000|  0%| F|  |TAMS 0x000000071e800000| PB 0x000000071e800000| Untracked |  0
| 149|0x000000071ea00000, 0x000000071ea00000, 0x000000071ec00000|  0%| F|  |TAMS 0x000000071ea00000| PB 0x000000071ea00000| Untracked |  0
| 150|0x000000071ec00000, 0x000000071ec00000, 0x000000071ee00000|  0%| F|  |TAMS 0x000000071ec00000| PB 0x000000071ec00000| Untracked |  0
| 151|0x000000071ee00000, 0x000000071ee00000, 0x000000071f000000|  0%| F|  |TAMS 0x000000071ee00000| PB 0x000000071ee00000| Untracked |  0
| 152|0x000000071f000000, 0x000000071f000000, 0x000000071f200000|  0%| F|  |TAMS 0x000000071f000000| PB 0x000000071f000000| Untracked |  0
| 153|0x000000071f200000, 0x000000071f200000, 0x000000071f400000|  0%| F|  |TAMS 0x000000071f200000| PB 0x000000071f200000| Untracked |  0
| 154|0x000000071f400000, 0x000000071f400000, 0x000000071f600000|  0%| F|  |TAMS 0x000000071f400000| PB 0x000000071f400000| Untracked |  0
| 155|0x000000071f600000, 0x000000071f600000, 0x000000071f800000|  0%| F|  |TAMS 0x000000071f600000| PB 0x000000071f600000| Untracked |  0
| 156|0x000000071f800000, 0x000000071f800000, 0x000000071fa00000|  0%| F|  |TAMS 0x000000071f800000| PB 0x000000071f800000| Untracked |  0
| 157|0x000000071fa00000, 0x000000071fa00000, 0x000000071fc00000|  0%| F|  |TAMS 0x000000071fa00000| PB 0x000000071fa00000| Untracked |  0
| 158|0x000000071fc00000, 0x000000071fc00000, 0x000000071fe00000|  0%| F|  |TAMS 0x000000071fc00000| PB 0x000000071fc00000| Untracked |  0
| 159|0x000000071fe00000, 0x000000071fe00000, 0x0000000720000000|  0%| F|  |TAMS 0x000000071fe00000| PB 0x000000071fe00000| Untracked |  0
| 160|0x0000000720000000, 0x0000000720000000, 0x0000000720200000|  0%| F|  |TAMS 0x0000000720000000| PB 0x0000000720000000| Untracked |  0
| 161|0x0000000720200000, 0x0000000720200000, 0x0000000720400000|  0%| F|  |TAMS 0x0000000720200000| PB 0x0000000720200000| Untracked |  0
| 162|0x0000000720400000, 0x0000000720400000, 0x0000000720600000|  0%| F|  |TAMS 0x0000000720400000| PB 0x0000000720400000| Untracked |  0
| 163|0x0000000720600000, 0x0000000720600000, 0x0000000720800000|  0%| F|  |TAMS 0x0000000720600000| PB 0x0000000720600000| Untracked |  0
| 164|0x0000000720800000, 0x0000000720800000, 0x0000000720a00000|  0%| F|  |TAMS 0x0000000720800000| PB 0x0000000720800000| Untracked |  0
| 165|0x0000000720a00000, 0x0000000720a00000, 0x0000000720c00000|  0%| F|  |TAMS 0x0000000720a00000| PB 0x0000000720a00000| Untracked |  0
| 166|0x0000000720c00000, 0x0000000720c00000, 0x0000000720e00000|  0%| F|  |TAMS 0x0000000720c00000| PB 0x0000000720c00000| Untracked |  0
| 167|0x0000000720e00000, 0x0000000720e00000, 0x0000000721000000|  0%| F|  |TAMS 0x0000000720e00000| PB 0x0000000720e00000| Untracked |  0
| 168|0x0000000721000000, 0x0000000721000000, 0x0000000721200000|  0%| F|  |TAMS 0x0000000721000000| PB 0x0000000721000000| Untracked |  0
| 169|0x0000000721200000, 0x0000000721200000, 0x0000000721400000|  0%| F|  |TAMS 0x0000000721200000| PB 0x0000000721200000| Untracked |  0
| 170|0x0000000721400000, 0x0000000721400000, 0x0000000721600000|  0%| F|  |TAMS 0x0000000721400000| PB 0x0000000721400000| Untracked |  0
| 171|0x0000000721600000, 0x0000000721600000, 0x0000000721800000|  0%| F|  |TAMS 0x0000000721600000| PB 0x0000000721600000| Untracked |  0
| 172|0x0000000721800000, 0x0000000721800000, 0x0000000721a00000|  0%| F|  |TAMS 0x0000000721800000| PB 0x0000000721800000| Untracked |  0
| 173|0x0000000721a00000, 0x0000000721a00000, 0x0000000721c00000|  0%| F|  |TAMS 0x0000000721a00000| PB 0x0000000721a00000| Untracked |  0
| 174|0x0000000721c00000, 0x0000000721c00000, 0x0000000721e00000|  0%| F|  |TAMS 0x0000000721c00000| PB 0x0000000721c00000| Untracked |  0
| 175|0x0000000721e00000, 0x0000000721e00000, 0x0000000722000000|  0%| F|  |TAMS 0x0000000721e00000| PB 0x0000000721e00000| Untracked |  0
| 176|0x0000000722000000, 0x0000000722000000, 0x0000000722200000|  0%| F|  |TAMS 0x0000000722000000| PB 0x0000000722000000| Untracked |  0
| 177|0x0000000722200000, 0x0000000722200000, 0x0000000722400000|  0%| F|  |TAMS 0x0000000722200000| PB 0x0000000722200000| Untracked |  0
| 178|0x0000000722400000, 0x0000000722400000, 0x0000000722600000|  0%| F|  |TAMS 0x0000000722400000| PB 0x0000000722400000| Untracked |  0
| 179|0x0000000722600000, 0x0000000722600000, 0x0000000722800000|  0%| F|  |TAMS 0x0000000722600000| PB 0x0000000722600000| Untracked |  0
| 180|0x0000000722800000, 0x0000000722800000, 0x0000000722a00000|  0%| F|  |TAMS 0x0000000722800000| PB 0x0000000722800000| Untracked |  0
| 181|0x0000000722a00000, 0x0000000722a00000, 0x0000000722c00000|  0%| F|  |TAMS 0x0000000722a00000| PB 0x0000000722a00000| Untracked |  0
| 182|0x0000000722c00000, 0x0000000722c00000, 0x0000000722e00000|  0%| F|  |TAMS 0x0000000722c00000| PB 0x0000000722c00000| Untracked |  0
| 183|0x0000000722e00000, 0x0000000722e00000, 0x0000000723000000|  0%| F|  |TAMS 0x0000000722e00000| PB 0x0000000722e00000| Untracked |  0
| 184|0x0000000723000000, 0x0000000723000000, 0x0000000723200000|  0%| F|  |TAMS 0x0000000723000000| PB 0x0000000723000000| Untracked |  0
| 185|0x0000000723200000, 0x0000000723200000, 0x0000000723400000|  0%| F|  |TAMS 0x0000000723200000| PB 0x0000000723200000| Untracked |  0
| 186|0x0000000723400000, 0x0000000723400000, 0x0000000723600000|  0%| F|  |TAMS 0x0000000723400000| PB 0x0000000723400000| Untracked |  0
| 187|0x0000000723600000, 0x0000000723600000, 0x0000000723800000|  0%| F|  |TAMS 0x0000000723600000| PB 0x0000000723600000| Untracked |  0
| 188|0x0000000723800000, 0x0000000723800000, 0x0000000723a00000|  0%| F|  |TAMS 0x0000000723800000| PB 0x0000000723800000| Untracked |  0
| 189|0x0000000723a00000, 0x0000000723a00000, 0x0000000723c00000|  0%| F|  |TAMS 0x0000000723a00000| PB 0x0000000723a00000| Untracked |  0
| 190|0x0000000723c00000, 0x0000000723c00000, 0x0000000723e00000|  0%| F|  |TAMS 0x0000000723c00000| PB 0x0000000723c00000| Untracked |  0
| 191|0x0000000723e00000, 0x0000000723e00000, 0x0000000724000000|  0%| F|  |TAMS 0x0000000723e00000| PB 0x0000000723e00000| Untracked |  0
| 192|0x0000000724000000, 0x0000000724000000, 0x0000000724200000|  0%| F|  |TAMS 0x0000000724000000| PB 0x0000000724000000| Untracked |  0
| 193|0x0000000724200000, 0x0000000724200000, 0x0000000724400000|  0%| F|  |TAMS 0x0000000724200000| PB 0x0000000724200000| Untracked |  0
| 194|0x0000000724400000, 0x0000000724400000, 0x0000000724600000|  0%| F|  |TAMS 0x0000000724400000| PB 0x0000000724400000| Untracked |  0
| 195|0x0000000724600000, 0x0000000724600000, 0x0000000724800000|  0%| F|  |TAMS 0x0000000724600000| PB 0x0000000724600000| Untracked |  0
| 196|0x0000000724800000, 0x0000000724800000, 0x0000000724a00000|  0%| F|  |TAMS 0x0000000724800000| PB 0x0000000724800000| Untracked |  0
| 197|0x0000000724a00000, 0x0000000724a00000, 0x0000000724c00000|  0%| F|  |TAMS 0x0000000724a00000| PB 0x0000000724a00000| Untracked |  0
| 198|0x0000000724c00000, 0x0000000724c00000, 0x0000000724e00000|  0%| F|  |TAMS 0x0000000724c00000| PB 0x0000000724c00000| Untracked |  0
| 199|0x0000000724e00000, 0x0000000724e00000, 0x0000000725000000|  0%| F|  |TAMS 0x0000000724e00000| PB 0x0000000724e00000| Untracked |  0
| 200|0x0000000725000000, 0x0000000725000000, 0x0000000725200000|  0%| F|  |TAMS 0x0000000725000000| PB 0x0000000725000000| Untracked |  0
| 201|0x0000000725200000, 0x0000000725200000, 0x0000000725400000|  0%| F|  |TAMS 0x0000000725200000| PB 0x0000000725200000| Untracked |  0
| 202|0x0000000725400000, 0x0000000725400000, 0x0000000725600000|  0%| F|  |TAMS 0x0000000725400000| PB 0x0000000725400000| Untracked |  0
| 203|0x0000000725600000, 0x0000000725600000, 0x0000000725800000|  0%| F|  |TAMS 0x0000000725600000| PB 0x0000000725600000| Untracked |  0
| 204|0x0000000725800000, 0x0000000725800000, 0x0000000725a00000|  0%| F|  |TAMS 0x0000000725800000| PB 0x0000000725800000| Untracked |  0
| 205|0x0000000725a00000, 0x0000000725a70080, 0x0000000725c00000| 21%| E|  |TAMS 0x0000000725a00000| PB 0x0000000725a00000| Complete |  0
| 206|0x0000000725c00000, 0x0000000725e00000, 0x0000000725e00000|100%| E|CS|TAMS 0x0000000725c00000| PB 0x0000000725c00000| Complete |  0
| 207|0x0000000725e00000, 0x0000000726000000, 0x0000000726000000|100%| E|CS|TAMS 0x0000000725e00000| PB 0x0000000725e00000| Complete |  0
| 208|0x0000000726000000, 0x0000000726200000, 0x0000000726200000|100%| E|CS|TAMS 0x0000000726000000| PB 0x0000000726000000| Complete |  0
| 209|0x0000000726200000, 0x0000000726400000, 0x0000000726400000|100%| E|CS|TAMS 0x0000000726200000| PB 0x0000000726200000| Complete |  0
| 210|0x0000000726400000, 0x0000000726600000, 0x0000000726600000|100%| E|CS|TAMS 0x0000000726400000| PB 0x0000000726400000| Complete |  0
| 211|0x0000000726600000, 0x0000000726800000, 0x0000000726800000|100%| E|CS|TAMS 0x0000000726600000| PB 0x0000000726600000| Complete |  0
| 212|0x0000000726800000, 0x0000000726a00000, 0x0000000726a00000|100%| E|CS|TAMS 0x0000000726800000| PB 0x0000000726800000| Complete |  0
| 213|0x0000000726a00000, 0x0000000726c00000, 0x0000000726c00000|100%| E|CS|TAMS 0x0000000726a00000| PB 0x0000000726a00000| Complete |  0
| 214|0x0000000726c00000, 0x0000000726e00000, 0x0000000726e00000|100%| E|CS|TAMS 0x0000000726c00000| PB 0x0000000726c00000| Complete |  0
| 215|0x0000000726e00000, 0x0000000727000000, 0x0000000727000000|100%| E|CS|TAMS 0x0000000726e00000| PB 0x0000000726e00000| Complete |  0
| 216|0x0000000727000000, 0x0000000727200000, 0x0000000727200000|100%| E|CS|TAMS 0x0000000727000000| PB 0x0000000727000000| Complete |  0
| 217|0x0000000727200000, 0x0000000727400000, 0x0000000727400000|100%| E|CS|TAMS 0x0000000727200000| PB 0x0000000727200000| Complete |  0
| 218|0x0000000727400000, 0x0000000727600000, 0x0000000727600000|100%| E|CS|TAMS 0x0000000727400000| PB 0x0000000727400000| Complete |  0
| 219|0x0000000727600000, 0x0000000727800000, 0x0000000727800000|100%| E|CS|TAMS 0x0000000727600000| PB 0x0000000727600000| Complete |  0
| 220|0x0000000727800000, 0x0000000727a00000, 0x0000000727a00000|100%| E|CS|TAMS 0x0000000727800000| PB 0x0000000727800000| Complete |  0
| 221|0x0000000727a00000, 0x0000000727c00000, 0x0000000727c00000|100%| E|CS|TAMS 0x0000000727a00000| PB 0x0000000727a00000| Complete |  0
| 222|0x0000000727c00000, 0x0000000727e00000, 0x0000000727e00000|100%| E|CS|TAMS 0x0000000727c00000| PB 0x0000000727c00000| Complete |  0
| 223|0x0000000727e00000, 0x0000000728000000, 0x0000000728000000|100%| E|CS|TAMS 0x0000000727e00000| PB 0x0000000727e00000| Complete |  0
| 224|0x0000000728000000, 0x0000000728200000, 0x0000000728200000|100%| E|CS|TAMS 0x0000000728000000| PB 0x0000000728000000| Complete |  0
| 225|0x0000000728200000, 0x0000000728400000, 0x0000000728400000|100%| E|CS|TAMS 0x0000000728200000| PB 0x0000000728200000| Complete |  0
| 226|0x0000000728400000, 0x0000000728600000, 0x0000000728600000|100%| E|CS|TAMS 0x0000000728400000| PB 0x0000000728400000| Complete |  0
| 227|0x0000000728600000, 0x0000000728800000, 0x0000000728800000|100%| E|  |TAMS 0x0000000728600000| PB 0x0000000728600000| Complete |  0
| 228|0x0000000728800000, 0x0000000728a00000, 0x0000000728a00000|100%| E|CS|TAMS 0x0000000728800000| PB 0x0000000728800000| Complete |  0
| 229|0x0000000728a00000, 0x0000000728c00000, 0x0000000728c00000|100%| E|CS|TAMS 0x0000000728a00000| PB 0x0000000728a00000| Complete |  0
| 230|0x0000000728c00000, 0x0000000728e00000, 0x0000000728e00000|100%| E|CS|TAMS 0x0000000728c00000| PB 0x0000000728c00000| Complete |  0
| 231|0x0000000728e00000, 0x0000000729000000, 0x0000000729000000|100%| E|CS|TAMS 0x0000000728e00000| PB 0x0000000728e00000| Complete |  0
| 232|0x0000000729000000, 0x0000000729200000, 0x0000000729200000|100%| E|CS|TAMS 0x0000000729000000| PB 0x0000000729000000| Complete |  0
| 233|0x0000000729200000, 0x0000000729400000, 0x0000000729400000|100%| E|CS|TAMS 0x0000000729200000| PB 0x0000000729200000| Complete |  0
| 234|0x0000000729400000, 0x0000000729600000, 0x0000000729600000|100%| E|CS|TAMS 0x0000000729400000| PB 0x0000000729400000| Complete |  0
| 235|0x0000000729600000, 0x0000000729800000, 0x0000000729800000|100%| E|CS|TAMS 0x0000000729600000| PB 0x0000000729600000| Complete |  0
| 236|0x0000000729800000, 0x0000000729a00000, 0x0000000729a00000|100%| E|CS|TAMS 0x0000000729800000| PB 0x0000000729800000| Complete |  0
| 237|0x0000000729a00000, 0x0000000729c00000, 0x0000000729c00000|100%| E|CS|TAMS 0x0000000729a00000| PB 0x0000000729a00000| Complete |  0
| 238|0x0000000729c00000, 0x0000000729e00000, 0x0000000729e00000|100%| E|CS|TAMS 0x0000000729c00000| PB 0x0000000729c00000| Complete |  0
| 239|0x0000000729e00000, 0x000000072a000000, 0x000000072a000000|100%| E|CS|TAMS 0x0000000729e00000| PB 0x0000000729e00000| Complete |  0
| 240|0x000000072a000000, 0x000000072a200000, 0x000000072a200000|100%| E|CS|TAMS 0x000000072a000000| PB 0x000000072a000000| Complete |  0
| 241|0x000000072a200000, 0x000000072a400000, 0x000000072a400000|100%| E|CS|TAMS 0x000000072a200000| PB 0x000000072a200000| Complete |  0
| 242|0x000000072a400000, 0x000000072a600000, 0x000000072a600000|100%| E|CS|TAMS 0x000000072a400000| PB 0x000000072a400000| Complete |  0
| 243|0x000000072a600000, 0x000000072a800000, 0x000000072a800000|100%| E|CS|TAMS 0x000000072a600000| PB 0x000000072a600000| Complete |  0
| 244|0x000000072a800000, 0x000000072aa00000, 0x000000072aa00000|100%| E|CS|TAMS 0x000000072a800000| PB 0x000000072a800000| Complete |  0
| 245|0x000000072aa00000, 0x000000072ac00000, 0x000000072ac00000|100%| E|CS|TAMS 0x000000072aa00000| PB 0x000000072aa00000| Complete |  0
| 246|0x000000072ac00000, 0x000000072ae00000, 0x000000072ae00000|100%| E|CS|TAMS 0x000000072ac00000| PB 0x000000072ac00000| Complete |  0
| 247|0x000000072ae00000, 0x000000072b000000, 0x000000072b000000|100%| E|CS|TAMS 0x000000072ae00000| PB 0x000000072ae00000| Complete |  0
| 248|0x000000072b000000, 0x000000072b200000, 0x000000072b200000|100%| E|CS|TAMS 0x000000072b000000| PB 0x000000072b000000| Complete |  0
| 249|0x000000072b200000, 0x000000072b400000, 0x000000072b400000|100%| E|CS|TAMS 0x000000072b200000| PB 0x000000072b200000| Complete |  0
| 250|0x000000072b400000, 0x000000072b600000, 0x000000072b600000|100%| E|CS|TAMS 0x000000072b400000| PB 0x000000072b400000| Complete |  0
| 251|0x000000072b600000, 0x000000072b800000, 0x000000072b800000|100%| E|CS|TAMS 0x000000072b600000| PB 0x000000072b600000| Complete |  0
| 252|0x000000072b800000, 0x000000072ba00000, 0x000000072ba00000|100%| E|CS|TAMS 0x000000072b800000| PB 0x000000072b800000| Complete |  0
| 253|0x000000072ba00000, 0x000000072bc00000, 0x000000072bc00000|100%| E|CS|TAMS 0x000000072ba00000| PB 0x000000072ba00000| Complete |  0
| 254|0x000000072bc00000, 0x000000072be00000, 0x000000072be00000|100%| E|CS|TAMS 0x000000072bc00000| PB 0x000000072bc00000| Complete |  0
| 255|0x000000072be00000, 0x000000072c000000, 0x000000072c000000|100%| E|CS|TAMS 0x000000072be00000| PB 0x000000072be00000| Complete |  0
| 256|0x000000072c000000, 0x000000072c200000, 0x000000072c200000|100%| E|CS|TAMS 0x000000072c000000| PB 0x000000072c000000| Complete |  0
| 257|0x000000072c200000, 0x000000072c400000, 0x000000072c400000|100%| E|CS|TAMS 0x000000072c200000| PB 0x000000072c200000| Complete |  0
| 258|0x000000072c400000, 0x000000072c600000, 0x000000072c600000|100%| E|CS|TAMS 0x000000072c400000| PB 0x000000072c400000| Complete |  0
| 259|0x000000072c600000, 0x000000072c800000, 0x000000072c800000|100%| E|CS|TAMS 0x000000072c600000| PB 0x000000072c600000| Complete |  0
| 260|0x000000072c800000, 0x000000072ca00000, 0x000000072ca00000|100%| E|CS|TAMS 0x000000072c800000| PB 0x000000072c800000| Complete |  0
| 261|0x000000072ca00000, 0x000000072cc00000, 0x000000072cc00000|100%| E|CS|TAMS 0x000000072ca00000| PB 0x000000072ca00000| Complete |  0
| 262|0x000000072cc00000, 0x000000072ce00000, 0x000000072ce00000|100%| E|CS|TAMS 0x000000072cc00000| PB 0x000000072cc00000| Complete |  0
| 263|0x000000072ce00000, 0x000000072d000000, 0x000000072d000000|100%| E|CS|TAMS 0x000000072ce00000| PB 0x000000072ce00000| Complete |  0
| 264|0x000000072d000000, 0x000000072d200000, 0x000000072d200000|100%| E|CS|TAMS 0x000000072d000000| PB 0x000000072d000000| Complete |  0
| 265|0x000000072d200000, 0x000000072d400000, 0x000000072d400000|100%| E|CS|TAMS 0x000000072d200000| PB 0x000000072d200000| Complete |  0
| 266|0x000000072d400000, 0x000000072d600000, 0x000000072d600000|100%| E|CS|TAMS 0x000000072d400000| PB 0x000000072d400000| Complete |  0
| 267|0x000000072d600000, 0x000000072d800000, 0x000000072d800000|100%| E|CS|TAMS 0x000000072d600000| PB 0x000000072d600000| Complete |  0
| 268|0x000000072d800000, 0x000000072da00000, 0x000000072da00000|100%| E|CS|TAMS 0x000000072d800000| PB 0x000000072d800000| Complete |  0
| 269|0x000000072da00000, 0x000000072da9b088, 0x000000072dc00000| 30%| S|CS|TAMS 0x000000072da00000| PB 0x000000072da00000| Complete |  0
| 270|0x000000072dc00000, 0x000000072de00000, 0x000000072de00000|100%| S|CS|TAMS 0x000000072dc00000| PB 0x000000072dc00000| Complete |  0
| 271|0x000000072de00000, 0x000000072e000000, 0x000000072e000000|100%| E|CS|TAMS 0x000000072de00000| PB 0x000000072de00000| Complete |  0
| 272|0x000000072e000000, 0x000000072e200000, 0x000000072e200000|100%| E|CS|TAMS 0x000000072e000000| PB 0x000000072e000000| Complete |  0
| 273|0x000000072e200000, 0x000000072e400000, 0x000000072e400000|100%| E|CS|TAMS 0x000000072e200000| PB 0x000000072e200000| Complete |  0
| 274|0x000000072e400000, 0x000000072e600000, 0x000000072e600000|100%| E|CS|TAMS 0x000000072e400000| PB 0x000000072e400000| Complete |  0
|1951|0x00000007ffe00000, 0x0000000800000000, 0x0000000800000000|100%| E|CS|TAMS 0x00000007ffe00000| PB 0x00000007ffe00000| Complete |  0

Card table byte_map: [0x00000186f8b80000,0x00000186f9320000] _byte_map_base: 0x00000186f5320000

Marking Bits: (CMBitMap*) 0x00000186ef49fb40
 Bits: [0x00000186f9320000, 0x00000186fd020000)

Polling page: 0x00000186ed2b0000

Metaspace:

Usage:
  Non-class:     68.88 MB used.
      Class:      8.89 MB used.
       Both:     77.76 MB used.

Virtual space:
  Non-class space:      128.00 MB reserved,      69.44 MB ( 54%) committed,  2 nodes.
      Class space:        1.00 GB reserved,       9.38 MB ( <1%) committed,  1 nodes.
             Both:        1.12 GB reserved,      78.81 MB (  7%) committed. 

Chunk freelists:
   Non-Class:  10.41 MB
       Class:  6.60 MB
        Both:  17.01 MB

MaxMetaspaceSize: unlimited
CompressedClassSpaceSize: 1.00 GB
Initial GC threshold: 21.00 MB
Current GC threshold: 131.19 MB
CDS: on
 - commit_granule_bytes: 65536.
 - commit_granule_words: 8192.
 - virtual_space_node_default_size: 8388608.
 - enlarge_chunks_in_place: 1.
 - use_allocation_guard: 0.


Internal statistics:

num_allocs_failed_limit: 12.
num_arena_births: 1606.
num_arena_deaths: 0.
num_vsnodes_births: 3.
num_vsnodes_deaths: 0.
num_space_committed: 1259.
num_space_uncommitted: 0.
num_chunks_returned_to_freelist: 12.
num_chunks_taken_from_freelist: 4625.
num_chunk_merges: 12.
num_chunk_splits: 3399.
num_chunks_enlarged: 2573.
num_inconsistent_stats: 0.

CodeHeap 'non-profiled nmethods': size=119232Kb used=9239Kb max_used=9239Kb free=109992Kb
 bounds [0x0000018687b90000, 0x00000186884a0000, 0x000001868f000000]
CodeHeap 'profiled nmethods': size=119104Kb used=34961Kb max_used=36032Kb free=84142Kb
 bounds [0x0000018680000000, 0x0000018682340000, 0x0000018687450000]
CodeHeap 'non-nmethods': size=7424Kb used=2876Kb max_used=3523Kb free=4547Kb
 bounds [0x0000018687450000, 0x00000186877e0000, 0x0000018687b90000]
CodeCache: size=245760Kb, used=47076Kb, max_used=48794Kb, free=198681Kb
 total_blobs=16616, nmethods=15838, adapters=678, full_count=0
Compilation: enabled, stopped_count=0, restarted_count=0

Compilation events (20 events):
Event: 26.327 Thread 0x00000186d4022370 nmethod 19797 0x00000186809d3508 code [0x00000186809d3680, 0x00000186809d3c28]
Event: 26.329 Thread 0x00000186ff43d880 nmethod 19792 0x0000018688489408 code [0x0000018688489540, 0x0000018688489920]
Event: 26.329 Thread 0x00000186d4022370 19798       3       org.jetbrains.kotlin.resolve.calls.smartcasts.DataFlowInfoImplKt::put (52 bytes)
Event: 26.329 Thread 0x00000186d4022370 nmethod 19798 0x000001868106c508 code [0x000001868106c6a0, 0x000001868106cda8]
Event: 26.330 Thread 0x00000186ff43d880 19799       4       org.jetbrains.kotlin.types.AbstractTypeApproximator::approximateTo (323 bytes)
Event: 26.331 Thread 0x00000186d41179a0 19800       3       org.jetbrains.kotlin.name.ClassId::createNestedClassId (30 bytes)
Event: 26.332 Thread 0x00000186d41179a0 nmethod 19800 0x000001868058f408 code [0x000001868058f660, 0x00000186805903e0]
Event: 26.337 Thread 0x00000186d41179a0 19801       3       java.lang.String::equals (56 bytes)
Event: 26.337 Thread 0x00000186d41179a0 nmethod 19801 0x0000018680237388 code [0x00000186802374c0, 0x00000186802378c8]
Event: 26.339 Thread 0x00000186ff43d880 nmethod 19799 0x0000018688489a08 code [0x0000018688489ca0, 0x000001868848ab48]
Event: 26.344 Thread 0x00000186d46ad7c0 19802       3       org.jetbrains.kotlin.psi.KtProperty::getContextReceivers (40 bytes)
Event: 26.345 Thread 0x00000186ff43d880 19803       4       org.jetbrains.kotlin.builtins.UnsignedTypes::isUnsignedType (43 bytes)
Event: 26.347 Thread 0x00000186d4022370 19804       3       org.jetbrains.kotlin.builtins.KotlinBuiltIns::getFloatType (17 bytes)
Event: 26.347 Thread 0x00000186d41179a0 19805       3       org.jetbrains.kotlin.resolve.calls.checkers.DslScopeViolationCallChecker$$Lambda/0x00000186908212c8::invoke (12 bytes)
Event: 27.350 Thread 0x00000186d4022370 nmethod 19804 0x00000186809fd508 code [0x00000186809fd6a0, 0x00000186809fdbd8]
Event: 27.350 Thread 0x00000186d41179a0 nmethod 19805 0x0000018681051f88 code [0x0000018681052160, 0x0000018681052b10]
Event: 27.350 Thread 0x00000186d46ad7c0 nmethod 19802 0x0000018680cad988 code [0x0000018680cadb80, 0x0000018680cae6d8]
Event: 27.352 Thread 0x00000186ded5fc70 nmethod 19781 0x000001868848ac88 code [0x000001868848b080, 0x000001868848d030]
Event: 27.353 Thread 0x00000186d46ad7c0 19812       3       org.jetbrains.kotlin.resolve.calls.tower.PSIKotlinCallsKt::getReceiverValue (54 bytes)
Event: 27.353 Thread 0x00000186d46ad7c0 nmethod 19812 0x0000018680ee1f88 code [0x0000018680ee2180, 0x0000018680ee2cf8]

GC Heap History (20 events):
Event: 17.761 GC heap before
{Heap before GC invocations=44 (full 0):
 garbage-first heap   total reserved 3997696K, committed 294912K, used 231011K [0x000000070c000000, 0x0000000800000000)
  region size 2048K, 25 young (51200K), 5 survivors (10240K)
 Metaspace       used 78386K, committed 79424K, reserved 1179648K
  class space    used 9029K, committed 9536K, reserved 1048576K
}
Event: 17.769 GC heap after
{Heap after GC invocations=45 (full 0):
 garbage-first heap   total reserved 3997696K, committed 354304K, used 196678K [0x000000070c000000, 0x0000000800000000)
  region size 2048K, 3 young (6144K), 3 survivors (6144K)
 Metaspace       used 78386K, committed 79424K, reserved 1179648K
  class space    used 9029K, committed 9536K, reserved 1048576K
}
Event: 18.214 GC heap before
{Heap before GC invocations=46 (full 0):
 garbage-first heap   total reserved 3997696K, committed 354304K, used 309318K [0x000000070c000000, 0x0000000800000000)
  region size 2048K, 55 young (112640K), 3 survivors (6144K)
 Metaspace       used 78432K, committed 79424K, reserved 1179648K
  class space    used 9030K, committed 9536K, reserved 1048576K
}
Event: 18.219 GC heap after
{Heap after GC invocations=47 (full 0):
 garbage-first heap   total reserved 3997696K, committed 354304K, used 212855K [0x000000070c000000, 0x0000000800000000)
  region size 2048K, 7 young (14336K), 7 survivors (14336K)
 Metaspace       used 78432K, committed 79424K, reserved 1179648K
  class space    used 9030K, committed 9536K, reserved 1048576K
}
Event: 18.381 GC heap before
{Heap before GC invocations=47 (full 0):
 garbage-first heap   total reserved 3997696K, committed 354304K, used 313207K [0x000000070c000000, 0x0000000800000000)
  region size 2048K, 56 young (114688K), 7 survivors (14336K)
 Metaspace       used 78434K, committed 79424K, reserved 1179648K
  class space    used 9031K, committed 9536K, reserved 1048576K
}
Event: 18.388 GC heap after
{Heap after GC invocations=48 (full 0):
 garbage-first heap   total reserved 3997696K, committed 354304K, used 224382K [0x000000070c000000, 0x0000000800000000)
  region size 2048K, 6 young (12288K), 6 survivors (12288K)
 Metaspace       used 78434K, committed 79424K, reserved 1179648K
  class space    used 9031K, committed 9536K, reserved 1048576K
}
Event: 20.066 GC heap before
{Heap before GC invocations=48 (full 0):
 garbage-first heap   total reserved 3997696K, committed 354304K, used 316542K [0x000000070c000000, 0x0000000800000000)
  region size 2048K, 51 young (104448K), 6 survivors (12288K)
 Metaspace       used 78861K, committed 79936K, reserved 1179648K
  class space    used 9064K, committed 9536K, reserved 1048576K
}
Event: 20.072 GC heap after
{Heap after GC invocations=49 (full 0):
 garbage-first heap   total reserved 3997696K, committed 354304K, used 236430K [0x000000070c000000, 0x0000000800000000)
  region size 2048K, 6 young (12288K), 6 survivors (12288K)
 Metaspace       used 78861K, committed 79936K, reserved 1179648K
  class space    used 9064K, committed 9536K, reserved 1048576K
}
Event: 22.731 GC heap before
{Heap before GC invocations=50 (full 0):
 garbage-first heap   total reserved 3997696K, committed 397312K, used 318350K [0x000000070c000000, 0x0000000800000000)
  region size 2048K, 46 young (94208K), 6 survivors (12288K)
 Metaspace       used 79191K, committed 80192K, reserved 1179648K
  class space    used 9074K, committed 9536K, reserved 1048576K
}
Event: 22.737 GC heap after
{Heap after GC invocations=51 (full 0):
 garbage-first heap   total reserved 3997696K, committed 397312K, used 244626K [0x000000070c000000, 0x0000000800000000)
  region size 2048K, 5 young (10240K), 5 survivors (10240K)
 Metaspace       used 79191K, committed 80192K, reserved 1179648K
  class space    used 9074K, committed 9536K, reserved 1048576K
}
Event: 22.875 GC heap before
{Heap before GC invocations=51 (full 0):
 garbage-first heap   total reserved 3997696K, committed 397312K, used 353170K [0x000000070c000000, 0x0000000800000000)
  region size 2048K, 58 young (118784K), 5 survivors (10240K)
 Metaspace       used 79208K, committed 80256K, reserved 1179648K
  class space    used 9076K, committed 9536K, reserved 1048576K
}
Event: 22.882 GC heap after
{Heap after GC invocations=52 (full 0):
 garbage-first heap   total reserved 3997696K, committed 397312K, used 253314K [0x000000070c000000, 0x0000000800000000)
  region size 2048K, 8 young (16384K), 8 survivors (16384K)
 Metaspace       used 79208K, committed 80256K, reserved 1179648K
  class space    used 9076K, committed 9536K, reserved 1048576K
}
Event: 23.253 GC heap before
{Heap before GC invocations=52 (full 0):
 garbage-first heap   total reserved 3997696K, committed 397312K, used 357762K [0x000000070c000000, 0x0000000800000000)
  region size 2048K, 59 young (120832K), 8 survivors (16384K)
 Metaspace       used 79238K, committed 80256K, reserved 1179648K
  class space    used 9076K, committed 9536K, reserved 1048576K
}
Event: 23.261 GC heap after
{Heap after GC invocations=53 (full 0):
 garbage-first heap   total reserved 3997696K, committed 397312K, used 267790K [0x000000070c000000, 0x0000000800000000)
  region size 2048K, 7 young (14336K), 7 survivors (14336K)
 Metaspace       used 79238K, committed 80256K, reserved 1179648K
  class space    used 9076K, committed 9536K, reserved 1048576K
}
Event: 23.648 GC heap before
{Heap before GC invocations=54 (full 0):
 garbage-first heap   total reserved 3997696K, committed 450560K, used 357902K [0x000000070c000000, 0x0000000800000000)
  region size 2048K, 51 young (104448K), 7 survivors (14336K)
 Metaspace       used 79320K, committed 80384K, reserved 1179648K
  class space    used 9084K, committed 9600K, reserved 1048576K
}
Event: 23.655 GC heap after
{Heap after GC invocations=55 (full 0):
 garbage-first heap   total reserved 3997696K, committed 450560K, used 279452K [0x000000070c000000, 0x0000000800000000)
  region size 2048K, 6 young (12288K), 6 survivors (12288K)
 Metaspace       used 79320K, committed 80384K, reserved 1179648K
  class space    used 9084K, committed 9600K, reserved 1048576K
}
Event: 24.748 GC heap before
{Heap before GC invocations=55 (full 0):
 garbage-first heap   total reserved 3997696K, committed 450560K, used 402332K [0x000000070c000000, 0x0000000800000000)
  region size 2048K, 66 young (135168K), 6 survivors (12288K)
 Metaspace       used 79474K, committed 80576K, reserved 1179648K
  class space    used 9094K, committed 9600K, reserved 1048576K
}
Event: 25.144 GC heap after
{Heap after GC invocations=56 (full 0):
 garbage-first heap   total reserved 3997696K, committed 565248K, used 292757K [0x000000070c000000, 0x0000000800000000)
  region size 2048K, 8 young (16384K), 8 survivors (16384K)
 Metaspace       used 79474K, committed 80576K, reserved 1179648K
  class space    used 9094K, committed 9600K, reserved 1048576K
}
Event: 25.149 GC heap before
{Heap before GC invocations=56 (full 0):
 garbage-first heap   total reserved 3997696K, committed 565248K, used 302997K [0x000000070c000000, 0x0000000800000000)
  region size 2048K, 13 young (26624K), 8 survivors (16384K)
 Metaspace       used 79474K, committed 80576K, reserved 1179648K
  class space    used 9094K, committed 9600K, reserved 1048576K
}
Event: 25.153 GC heap after
{Heap after GC invocations=57 (full 0):
 garbage-first heap   total reserved 3997696K, committed 565248K, used 295962K [0x000000070c000000, 0x0000000800000000)
  region size 2048K, 2 young (4096K), 2 survivors (4096K)
 Metaspace       used 79474K, committed 80576K, reserved 1179648K
  class space    used 9094K, committed 9600K, reserved 1048576K
}

Dll operation events (8 events):
Event: 0.009 Loaded shared library C:\Program Files\Java\jdk-23\bin\java.dll
Event: 0.046 Loaded shared library C:\Program Files\Java\jdk-23\bin\jsvml.dll
Event: 0.090 Loaded shared library C:\Program Files\Java\jdk-23\bin\net.dll
Event: 0.093 Loaded shared library C:\Program Files\Java\jdk-23\bin\nio.dll
Event: 0.099 Loaded shared library C:\Program Files\Java\jdk-23\bin\zip.dll
Event: 0.211 Loaded shared library C:\Program Files\Java\jdk-23\bin\jimage.dll
Event: 1.359 Loaded shared library C:\Program Files\Java\jdk-23\bin\verify.dll
Event: 2.865 Loaded shared library C:\Users\Haqii\AppData\Local\Temp\sqlite-3.41.2.1-a9885bbd-0ebe-4fef-8dc3-ba58c9677715-sqlitejdbc.dll

Deoptimization events (20 events):
Event: 25.951 Thread 0x00000186dfe80050 DEOPT PACKING pc=0x0000018688458c6c sp=0x000000732bdef8f0
Event: 25.951 Thread 0x00000186dfe80050 DEOPT UNPACKING pc=0x00000186874a4402 sp=0x000000732bdef728 mode 2
Event: 25.951 Thread 0x00000186dfe80050 Uncommon trap: trap_request=0xffffff66 fr.pc=0x0000018688458c6c relative=0x0000000000001aac
Event: 25.951 Thread 0x00000186dfe80050 Uncommon trap: reason=speculate_class_check action=maybe_recompile pc=0x0000018688458c6c method=org.jetbrains.kotlin.resolve.InlineClassesUtilsKt.isInlineClassType(Lorg/jetbrains/kotlin/types/KotlinType;)Z @ 7 c2
Event: 25.951 Thread 0x00000186dfe80050 DEOPT PACKING pc=0x0000018688458c6c sp=0x000000732bdf2450
Event: 25.951 Thread 0x00000186dfe80050 DEOPT UNPACKING pc=0x00000186874a4402 sp=0x000000732bdf2288 mode 2
Event: 26.010 Thread 0x00000186dfe80050 Uncommon trap: trap_request=0xffffff66 fr.pc=0x0000018688458c6c relative=0x0000000000001aac
Event: 26.010 Thread 0x00000186dfe80050 Uncommon trap: reason=speculate_class_check action=maybe_recompile pc=0x0000018688458c6c method=org.jetbrains.kotlin.resolve.InlineClassesUtilsKt.isInlineClassType(Lorg/jetbrains/kotlin/types/KotlinType;)Z @ 7 c2
Event: 26.010 Thread 0x00000186dfe80050 DEOPT PACKING pc=0x0000018688458c6c sp=0x000000732bdef8f0
Event: 26.010 Thread 0x00000186dfe80050 DEOPT UNPACKING pc=0x00000186874a4402 sp=0x000000732bdef728 mode 2
Event: 26.011 Thread 0x00000186dfe80050 Uncommon trap: trap_request=0xffffff66 fr.pc=0x0000018688458c6c relative=0x0000000000001aac
Event: 26.011 Thread 0x00000186dfe80050 Uncommon trap: reason=speculate_class_check action=maybe_recompile pc=0x0000018688458c6c method=org.jetbrains.kotlin.resolve.InlineClassesUtilsKt.isInlineClassType(Lorg/jetbrains/kotlin/types/KotlinType;)Z @ 7 c2
Event: 26.011 Thread 0x00000186dfe80050 DEOPT PACKING pc=0x0000018688458c6c sp=0x000000732bdf2450
Event: 26.011 Thread 0x00000186dfe80050 DEOPT UNPACKING pc=0x00000186874a4402 sp=0x000000732bdf2288 mode 2
Event: 26.116 Thread 0x00000186dfe80050 DEOPT PACKING pc=0x0000018681cfd6fa sp=0x000000732bdf9d20
Event: 26.116 Thread 0x00000186dfe80050 DEOPT UNPACKING pc=0x00000186874a4b22 sp=0x000000732bdf91f0 mode 0
Event: 26.333 Thread 0x00000186dfe80050 Uncommon trap: trap_request=0xffffff45 fr.pc=0x0000018687d4af80 relative=0x0000000000000180
Event: 26.333 Thread 0x00000186dfe80050 Uncommon trap: reason=unstable_if action=reinterpret pc=0x0000018687d4af80 method=java.lang.String.equals(Ljava/lang/Object;)Z @ 33 c2
Event: 26.333 Thread 0x00000186dfe80050 DEOPT PACKING pc=0x0000018687d4af80 sp=0x000000732bdf7f60
Event: 26.333 Thread 0x00000186dfe80050 DEOPT UNPACKING pc=0x00000186874a4402 sp=0x000000732bdf7ee0 mode 2

Classes loaded (20 events):
Event: 9.753 Loading class java/util/stream/SortedOps$RefSortingSink
Event: 9.753 Loading class java/util/stream/SortedOps$AbstractRefSortingSink
Event: 9.753 Loading class java/util/stream/SortedOps$AbstractRefSortingSink done
Event: 9.753 Loading class java/util/stream/SortedOps$RefSortingSink done
Event: 10.869 Loading class java/util/concurrent/locks/ReentrantReadWriteLock$Sync$HoldCounter
Event: 10.869 Loading class java/util/concurrent/locks/ReentrantReadWriteLock$Sync$HoldCounter done
Event: 10.887 Loading class java/lang/Character$UnicodeBlock
Event: 10.890 Loading class java/lang/Character$Subset
Event: 10.890 Loading class java/lang/Character$Subset done
Event: 10.892 Loading class java/lang/Character$UnicodeBlock done
Event: 11.189 Loading class java/util/EnumMap$EntrySet
Event: 11.190 Loading class java/util/EnumMap$EntrySet done
Event: 11.190 Loading class java/util/EnumMap$EntryIterator
Event: 11.190 Loading class java/util/EnumMap$EnumMapIterator
Event: 11.190 Loading class java/util/EnumMap$EnumMapIterator done
Event: 11.190 Loading class java/util/EnumMap$EntryIterator done
Event: 11.190 Loading class java/util/EnumMap$EntryIterator$Entry
Event: 11.190 Loading class java/util/EnumMap$EntryIterator$Entry done
Event: 17.707 Loading class java/util/function/IntBinaryOperator
Event: 17.707 Loading class java/util/function/IntBinaryOperator done

Classes unloaded (0 events):
No events

Classes redefined (0 events):
No events

Internal exceptions (20 events):
Event: 11.002 Thread 0x00000186df29f010 Exception <a 'java/lang/NoSuchMethodError'{0x0000000712d8b7d0}: 'java.lang.Object java.lang.invoke.Invokers$Holder.linkToTargetMethod(java.lang.Object, java.lang.Object, java.lang.Object, java.lang.Object, java.lang.Object, java.lang.Object, java.lang.Object, int, java.lang.Object)'> (0x0000000712d8b7d0) 
thrown [s\open\src\hotspot\share\interpreter\linkResolver.cpp, line 796]
Event: 11.371 Thread 0x00000186dfe80050 Exception <a 'java/lang/NoSuchMethodError'{0x0000000715c22fb0}: 'java.lang.Object java.lang.invoke.DirectMethodHandle$Holder.newInvokeSpecial(java.lang.Object, int, java.lang.Object, java.lang.Object)'> (0x0000000715c22fb0) 
thrown [s\open\src\hotspot\share\interpreter\linkResolver.cpp, line 796]
Event: 11.371 Thread 0x00000186dfe80050 Exception <a 'java/lang/NoSuchMethodError'{0x0000000715c27e60}: 'java.lang.Object java.lang.invoke.DirectMethodHandle$Holder.invokeSpecial(java.lang.Object, java.lang.Object, int, java.lang.Object, java.lang.Object)'> (0x0000000715c27e60) 
thrown [s\open\src\hotspot\share\interpreter\linkResolver.cpp, line 796]
Event: 13.223 Thread 0x00000186dfe80050 Exception <a 'java/lang/NoSuchMethodError'{0x0000000715bfb8f0}: 'java.lang.Object java.lang.invoke.DirectMethodHandle$Holder.newInvokeSpecial(java.lang.Object, java.lang.Object, java.lang.Object, java.lang.Object, int, int)'> (0x0000000715bfb8f0) 
thrown [s\open\src\hotspot\share\interpreter\linkResolver.cpp, line 796]
Event: 15.695 Thread 0x00000186dfe80050 Exception <a 'java/lang/NoSuchMethodError'{0x0000000717468100}: 'java.lang.Object java.lang.invoke.DirectMethodHandle$Holder.invokeStatic(java.lang.Object, java.lang.Object, int, java.lang.Object)'> (0x0000000717468100) 
thrown [s\open\src\hotspot\share\interpreter\linkResolver.cpp, line 796]
Event: 15.696 Thread 0x00000186dfe80050 Exception <a 'java/lang/NoSuchMethodError'{0x000000071746fae0}: 'java.lang.Object java.lang.invoke.DirectMethodHandle$Holder.newInvokeSpecial(java.lang.Object, java.lang.Object, int, java.lang.Object)'> (0x000000071746fae0) 
thrown [s\open\src\hotspot\share\interpreter\linkResolver.cpp, line 796]
Event: 15.696 Thread 0x00000186dfe80050 Exception <a 'java/lang/NoSuchMethodError'{0x0000000717474718}: 'java.lang.Object java.lang.invoke.DirectMethodHandle$Holder.invokeSpecial(java.lang.Object, java.lang.Object, java.lang.Object, int, java.lang.Object)'> (0x0000000717474718) 
thrown [s\open\src\hotspot\share\interpreter\linkResolver.cpp, line 796]
Event: 15.696 Thread 0x00000186dfe80050 Exception <a 'java/lang/NoSuchMethodError'{0x0000000717478e60}: 'java.lang.Object java.lang.invoke.Invokers$Holder.linkToTargetMethod(java.lang.Object, int, java.lang.Object, java.lang.Object)'> (0x0000000717478e60) 
thrown [s\open\src\hotspot\share\interpreter\linkResolver.cpp, line 796]
Event: 15.796 Thread 0x00000186dfe80050 Implicit null exception at 0x00000186881948a7 to 0x0000018688195b7c
Event: 16.308 Thread 0x00000186dfe80050 Implicit null exception at 0x0000018687f36e8f to 0x0000018687f376ed
Event: 16.440 Thread 0x00000186dfe80050 Implicit null exception at 0x0000018688081080 to 0x0000018688081198
Event: 16.740 Thread 0x00000186dfe80050 Exception <a 'java/lang/NoSuchMethodError'{0x000000071d2ae7a8}: 'java.lang.Object java.lang.invoke.DirectMethodHandle$Holder.invokeStatic(java.lang.Object, java.lang.Object, java.lang.Object, java.lang.Object, java.lang.Object, int, java.lang.Object)'> (0x000000071d2ae7a8) 
thrown [s\open\src\hotspot\share\interpreter\linkResolver.cpp, line 796]
Event: 16.741 Thread 0x00000186dfe80050 Exception <a 'java/lang/NoSuchMethodError'{0x000000071d2b73b0}: 'java.lang.Object java.lang.invoke.DirectMethodHandle$Holder.newInvokeSpecial(java.lang.Object, java.lang.Object, java.lang.Object, java.lang.Object, java.lang.Object, int, java.lang.Object)'> (0x000000071d2b73b0) 
thrown [s\open\src\hotspot\share\interpreter\linkResolver.cpp, line 796]
Event: 16.741 Thread 0x00000186dfe80050 Exception <a 'java/lang/NoSuchMethodError'{0x000000071d2bb5c8}: 'java.lang.Object java.lang.invoke.DirectMethodHandle$Holder.invokeSpecial(java.lang.Object, java.lang.Object, java.lang.Object, java.lang.Object, java.lang.Object, java.lang.Object, int, java.lang.Object)'> (0x000000071d2bb5c8) 
thrown [s\open\src\hotspot\share\interpreter\linkResolver.cpp, line 796]
Event: 16.742 Thread 0x00000186dfe80050 Exception <a 'java/lang/NoSuchMethodError'{0x000000071d2bf130}: 'java.lang.Object java.lang.invoke.Invokers$Holder.linkToTargetMethod(java.lang.Object, java.lang.Object, java.lang.Object, java.lang.Object, int, java.lang.Object, java.lang.Object)'> (0x000000071d2bf130) 
thrown [s\open\src\hotspot\share\interpreter\linkResolver.cpp, line 796]
Event: 18.472 Thread 0x00000186dfe80050 Implicit null exception at 0x00000186880c2b49 to 0x00000186880c2c11
Event: 18.599 Thread 0x00000186dfe80050 Implicit null exception at 0x0000018687c27e33 to 0x0000018687c28328
Event: 22.636 Thread 0x00000186dfe80050 Exception <a 'java/lang/NoSuchMethodError'{0x0000000720a1db70}: 'int java.lang.invoke.DirectMethodHandle$Holder.invokeStatic(java.lang.Object, java.lang.Object, int, java.lang.Object)'> (0x0000000720a1db70) 
thrown [s\open\src\hotspot\share\interpreter\linkResolver.cpp, line 796]
Event: 22.639 Thread 0x00000186dfe80050 Exception <a 'java/lang/IncompatibleClassChangeError'{0x0000000720ab0c30}: Found class java.lang.Object, but interface was expected> (0x0000000720ab0c30) 
thrown [s\open\src\hotspot\share\interpreter\linkResolver.cpp, line 863]
Event: 22.640 Thread 0x00000186dfe80050 Exception <a 'java/lang/NoSuchMethodError'{0x0000000720ab3a48}: 'int java.lang.invoke.DirectMethodHandle$Holder.invokeSpecialIFC(java.lang.Object, java.lang.Object, java.lang.Object)'> (0x0000000720ab3a48) 
thrown [s\open\src\hotspot\share\interpreter\linkResolver.cpp, line 796]

VM Operations (20 events):
Event: 23.253 Executing VM operation: G1CollectForAllocation (G1 Evacuation Pause)
Event: 23.261 Executing VM operation: G1CollectForAllocation (G1 Evacuation Pause) done
Event: 23.380 Executing VM operation: G1PauseRemark
Event: 23.387 Executing VM operation: G1PauseRemark done
Event: 23.421 Executing VM operation: G1PauseCleanup
Event: 23.439 Executing VM operation: G1PauseCleanup done
Event: 23.443 Executing VM operation: HandshakeAllThreads (Deoptimize)
Event: 23.443 Executing VM operation: HandshakeAllThreads (Deoptimize) done
Event: 23.647 Executing VM operation: G1CollectForAllocation (G1 Evacuation Pause)
Event: 23.656 Executing VM operation: G1CollectForAllocation (G1 Evacuation Pause) done
Event: 24.748 Executing VM operation: G1CollectForAllocation (G1 Evacuation Pause)
Event: 25.144 Executing VM operation: G1CollectForAllocation (G1 Evacuation Pause) done
Event: 25.149 Executing VM operation: G1CollectForAllocation (G1 Evacuation Pause)
Event: 25.153 Executing VM operation: G1CollectForAllocation (G1 Evacuation Pause) done
Event: 25.326 Executing VM operation: G1PauseRemark
Event: 25.333 Executing VM operation: G1PauseRemark done
Event: 25.375 Executing VM operation: G1PauseCleanup
Event: 25.375 Executing VM operation: G1PauseCleanup done
Event: 25.429 Executing VM operation: HandshakeAllThreads (Deoptimize)
Event: 25.429 Executing VM operation: HandshakeAllThreads (Deoptimize) done

Memory protections (0 events):
No events

Nmethod flushes (20 events):
Event: 25.331 Thread 0x00000186ff4154c0 flushing  nmethod 0x00000186816c6d08
Event: 25.331 Thread 0x00000186ff4154c0 flushing  nmethod 0x000001868006d708
Event: 25.331 Thread 0x00000186ff4154c0 flushing  nmethod 0x0000018680149f88
Event: 25.331 Thread 0x00000186ff4154c0 flushing  nmethod 0x00000186803f4f88
Event: 25.331 Thread 0x00000186ff4154c0 flushing  nmethod 0x000001868092df88
Event: 25.331 Thread 0x00000186ff4154c0 flushing  nmethod 0x0000018680b70d88
Event: 25.331 Thread 0x00000186ff4154c0 flushing  nmethod 0x0000018680b72688
Event: 25.331 Thread 0x00000186ff4154c0 flushing  nmethod 0x0000018680c84a08
Event: 25.331 Thread 0x00000186ff4154c0 flushing  nmethod 0x0000018680c89c88
Event: 25.331 Thread 0x00000186ff4154c0 flushing  nmethod 0x0000018680c8c408
Event: 25.331 Thread 0x00000186ff4154c0 flushing  nmethod 0x0000018681028188
Event: 25.331 Thread 0x00000186ff4154c0 flushing  nmethod 0x00000186810cbb88
Event: 25.331 Thread 0x00000186ff4154c0 flushing  nmethod 0x000001868121de08
Event: 25.331 Thread 0x00000186ff4154c0 flushing  nmethod 0x000001868121fb08
Event: 25.331 Thread 0x00000186ff4154c0 flushing  nmethod 0x00000186812d0c88
Event: 25.331 Thread 0x00000186ff4154c0 flushing  nmethod 0x000001868139e088
Event: 25.331 Thread 0x00000186ff4154c0 flushing  nmethod 0x0000018681507c08
Event: 25.331 Thread 0x00000186ff4154c0 flushing  nmethod 0x000001868212fa08
Event: 25.331 Thread 0x00000186ff4154c0 flushing  nmethod 0x0000018682136708
Event: 25.331 Thread 0x00000186ff4154c0 flushing  nmethod 0x0000018682138d88

Events (20 events):
Event: 4.072 Thread 0x00000186defe8450 Thread exited: 0x00000186defe8450
Event: 4.074 Thread 0x00000186d4230800 Thread exited: 0x00000186d4230800
Event: 4.300 Thread 0x00000186ff43d880 Thread added: 0x00000186e1212280
Event: 4.513 Thread 0x00000186e1212280 Thread exited: 0x00000186e1212280
Event: 4.810 Thread 0x00000186d46aee90 Thread exited: 0x00000186d46aee90
Event: 4.846 Thread 0x00000186dfeed9c0 Thread added: 0x00000186dfe7df80
Event: 4.871 Thread 0x00000186d41179a0 Thread added: 0x00000186e1021940
Event: 4.944 Thread 0x00000186ff43d880 Thread added: 0x00000186e0a0aed0
Event: 5.403 Thread 0x00000186dfeed9c0 Thread added: 0x00000186dfe80050
Event: 5.466 Thread 0x00000186d46ad7c0 Thread added: 0x00000186e131e5b0
Event: 8.743 Thread 0x00000186dfe80050 Thread added: 0x00000186df29f010
Event: 17.643 Thread 0x00000186e131e5b0 Thread exited: 0x00000186e131e5b0
Event: 17.643 Thread 0x00000186e0a0aed0 Thread exited: 0x00000186e0a0aed0
Event: 17.707 Thread 0x00000186d4022370 Thread added: 0x00000186e2f23750
Event: 17.713 Thread 0x00000186d4022370 Thread added: 0x00000186e2f244f0
Event: 19.701 Thread 0x00000186e2f244f0 Thread exited: 0x00000186e2f244f0
Event: 24.010 Thread 0x00000186e2f23750 Thread exited: 0x00000186e2f23750
Event: 24.519 Thread 0x00000186ff43d880 Thread added: 0x00000186e2f23750
Event: 25.145 Thread 0x00000186e2f23750 Thread added: 0x00000186ded5fc70
Event: 25.243 Thread 0x00000186e1021940 Thread exited: 0x00000186e1021940


Dynamic libraries:
0x00007ff6d09c0000 - 0x00007ff6d09d0000 	C:\Program Files\Java\jdk-23\bin\java.exe
0x00007ff841320000 - 0x00007ff841587000 	C:\WINDOWS\SYSTEM32\ntdll.dll
0x00007ff83fea0000 - 0x00007ff83ff69000 	C:\WINDOWS\System32\KERNEL32.DLL
0x00007ff83e730000 - 0x00007ff83eb1f000 	C:\WINDOWS\System32\KERNELBASE.dll
0x00007ff83ef70000 - 0x00007ff83f0bb000 	C:\WINDOWS\System32\ucrtbase.dll
0x00007ff80aa00000 - 0x00007ff80aa17000 	C:\Program Files\Java\jdk-23\bin\jli.dll
0x00007ff80a880000 - 0x00007ff80a89b000 	C:\Program Files\Java\jdk-23\bin\VCRUNTIME140.dll
0x00007ff83fb00000 - 0x00007ff83fcc5000 	C:\WINDOWS\System32\USER32.dll
0x00007ff82d9b0000 - 0x00007ff82dc43000 	C:\WINDOWS\WinSxS\amd64_microsoft.windows.common-controls_6595b64144ccf1df_6.0.26100.7309_none_3e05feeae336a044\COMCTL32.dll
0x00007ff83e700000 - 0x00007ff83e727000 	C:\WINDOWS\System32\win32u.dll
0x00007ff840c70000 - 0x00007ff840d19000 	C:\WINDOWS\System32\msvcrt.dll
0x00007ff83fcd0000 - 0x00007ff83fcfb000 	C:\WINDOWS\System32\GDI32.dll
0x00007ff83e470000 - 0x00007ff83e59c000 	C:\WINDOWS\System32\gdi32full.dll
0x00007ff83e5a0000 - 0x00007ff83e643000 	C:\WINDOWS\System32\msvcp_win.dll
0x00007ff840a30000 - 0x00007ff840a61000 	C:\WINDOWS\System32\IMM32.DLL
0x00007ff8191e0000 - 0x00007ff8191ec000 	C:\Program Files\Java\jdk-23\bin\vcruntime140_1.dll
0x00007ff804a50000 - 0x00007ff804ade000 	C:\Program Files\Java\jdk-23\bin\msvcp140.dll
0x00007fff8eda0000 - 0x00007fff8faef000 	C:\Program Files\Java\jdk-23\bin\server\jvm.dll
0x00007ff840330000 - 0x00007ff8403e4000 	C:\WINDOWS\System32\ADVAPI32.dll
0x00007ff83fff0000 - 0x00007ff840096000 	C:\WINDOWS\System32\sechost.dll
0x00007ff83fd80000 - 0x00007ff83fe98000 	C:\WINDOWS\System32\RPCRT4.dll
0x00007ff83fd00000 - 0x00007ff83fd74000 	C:\WINDOWS\System32\WS2_32.dll
0x00007ff83e2f0000 - 0x00007ff83e34e000 	C:\WINDOWS\SYSTEM32\POWRPROF.dll
0x00007ff832710000 - 0x00007ff832745000 	C:\WINDOWS\SYSTEM32\WINMM.dll
0x00007ff832750000 - 0x00007ff83275b000 	C:\WINDOWS\SYSTEM32\VERSION.dll
0x00007ff83e2d0000 - 0x00007ff83e2e4000 	C:\WINDOWS\SYSTEM32\UMPDC.dll
0x00007ff83d220000 - 0x00007ff83d23b000 	C:\WINDOWS\SYSTEM32\kernel.appcore.dll
0x00007ff819070000 - 0x00007ff81907a000 	C:\Program Files\Java\jdk-23\bin\jimage.dll
0x00007ff83b820000 - 0x00007ff83ba62000 	C:\WINDOWS\SYSTEM32\DBGHELP.DLL
0x00007ff8405a0000 - 0x00007ff840925000 	C:\WINDOWS\System32\combase.dll
0x00007ff8404b0000 - 0x00007ff840586000 	C:\WINDOWS\System32\OLEAUT32.dll
0x00007ff8270a0000 - 0x00007ff8270dc000 	C:\WINDOWS\SYSTEM32\dbgcore.DLL
0x00007ff83e650000 - 0x00007ff83e6f5000 	C:\WINDOWS\System32\bcryptPrimitives.dll
0x00007ff80a010000 - 0x00007ff80a02e000 	C:\Program Files\Java\jdk-23\bin\java.dll
0x00007ff840190000 - 0x00007ff840327000 	C:\WINDOWS\System32\ole32.dll
0x00007ff83f310000 - 0x00007ff83fa63000 	C:\WINDOWS\System32\SHELL32.dll
0x00007ff83ee00000 - 0x00007ff83ef6a000 	C:\WINDOWS\System32\wintypes.dll
0x00007ff83c0b0000 - 0x00007ff83c90e000 	C:\WINDOWS\SYSTEM32\windows.storage.dll
0x00007ff840d50000 - 0x00007ff840e45000 	C:\WINDOWS\System32\SHCORE.dll
0x00007ff83f0c0000 - 0x00007ff83f126000 	C:\WINDOWS\System32\shlwapi.dll
0x00007ff83e390000 - 0x00007ff83e3b9000 	C:\WINDOWS\SYSTEM32\profapi.dll
0x00007fffde630000 - 0x00007fffde707000 	C:\Program Files\Java\jdk-23\bin\jsvml.dll
0x00007ff816d90000 - 0x00007ff816da0000 	C:\Program Files\Java\jdk-23\bin\net.dll
0x00007ff83d790000 - 0x00007ff83d7fb000 	C:\WINDOWS\system32\mswsock.dll
0x00007ff805810000 - 0x00007ff805826000 	C:\Program Files\Java\jdk-23\bin\nio.dll
0x00007ff8057f0000 - 0x00007ff805807000 	C:\Program Files\Java\jdk-23\bin\zip.dll
0x00007ff83da60000 - 0x00007ff83da7b000 	C:\WINDOWS\SYSTEM32\CRYPTSP.dll
0x00007ff83d180000 - 0x00007ff83d1ba000 	C:\WINDOWS\system32\rsaenh.dll
0x00007ff83d840000 - 0x00007ff83d86b000 	C:\WINDOWS\SYSTEM32\USERENV.dll
0x00007ff83e360000 - 0x00007ff83e38a000 	C:\WINDOWS\SYSTEM32\bcrypt.dll
0x00007ff83da50000 - 0x00007ff83da5c000 	C:\WINDOWS\SYSTEM32\CRYPTBASE.dll
0x00007ff83cc30000 - 0x00007ff83cc64000 	C:\WINDOWS\SYSTEM32\IPHLPAPI.DLL
0x00007ff83faf0000 - 0x00007ff83fafa000 	C:\WINDOWS\System32\NSI.dll
0x00007ff814210000 - 0x00007ff814220000 	C:\Program Files\Java\jdk-23\bin\verify.dll
0x00007fffde540000 - 0x00007fffde629000 	C:\Users\Haqii\AppData\Local\Temp\sqlite-3.41.2.1-a9885bbd-0ebe-4fef-8dc3-ba58c9677715-sqlitejdbc.dll

dbghelp: loaded successfully - version: 4.0.5 - missing functions: none
symbol engine: initialized successfully - sym options: 0x614 - pdb path: .;C:\Program Files\Java\jdk-23\bin;C:\WINDOWS\SYSTEM32;C:\WINDOWS\WinSxS\amd64_microsoft.windows.common-controls_6595b64144ccf1df_6.0.26100.7309_none_3e05feeae336a044;C:\Program Files\Java\jdk-23\bin\server;C:\Users\Haqii\AppData\Local\Temp

VM Arguments:
jvm_args: -DkotlinLanguageServer.version=1.3.13 
java_command: org.javacs.kt.MainKt
java_class_path (initial): c:\Users\Haqii\AppData\Roaming\Code\User\globalStorage\fwcd.kotlin\langServerInstall\server\lib\server-1.3.13.jar;c:\Users\Haqii\AppData\Roaming\Code\User\globalStorage\fwcd.kotlin\langServerInstall\server\lib\shared-1.3.13.jar;c:\Users\Haqii\AppData\Roaming\Code\User\globalStorage\fwcd.kotlin\langServerInstall\server\lib\kotlin-scripting-jvm-host-unshaded-2.1.0.jar;c:\Users\Haqii\AppData\Roaming\Code\User\globalStorage\fwcd.kotlin\langServerInstall\server\lib\kotlin-scripting-compiler-2.1.0.jar;c:\Users\Haqii\AppData\Roaming\Code\User\globalStorage\fwcd.kotlin\langServerInstall\server\lib\ktfmt-b5d31d1.jar;c:\Users\Haqii\AppData\Roaming\Code\User\globalStorage\fwcd.kotlin\langServerInstall\server\lib\kotlin-compiler-2.1.0.jar;c:\Users\Haqii\AppData\Roaming\Code\User\globalStorage\fwcd.kotlin\langServerInstall\server\lib\exposed-dao-0.37.3.jar;c:\Users\Haqii\AppData\Roaming\Code\User\globalStorage\fwcd.kotlin\langServerInstall\server\lib\exposed-jdbc-0.37.3.jar;c:\Users\Haqii\AppData\Roaming\Code\User\globalStorage\fwcd.kotlin\langServerInstall\server\lib\exposed-core-0.37.3.jar;c:\Users\Haqii\AppData\Roaming\Code\User\globalStorage\fwcd.kotlin\langServerInstall\server\lib\kotlin-scripting-compiler-impl-2.1.0.jar;c:\Users\Haqii\AppData\Roaming\Code\User\globalStorage\fwcd.kotlin\langServerInstall\server\lib\kotlin-reflect-2.1.0.jar;c:\Users\Haqii\AppData\Roaming\Code\User\globalStorage\fwcd.kotlin\langServerInstall\server\lib\kotlin-scripting-jvm-2.1.0.jar;c:\Users\Haqii\AppData\Roaming\Code\User\globalStorage\fwcd.kotlin\langServerInstall\server\lib\kotlin-scripting-common-2.1.0.jar;c:\Users\Haqii\AppData\Roaming\Code\User\globalStorage\fwcd.kotlin\langServerInstall\server\lib\kotlinx-coroutines-core-jvm-1.6.4.jar;c:\Users\Haqii\AppData\Roaming\Code\User\globalStorage\fwcd.kotlin\langServerInstall\server\lib\kotlin-stdlib-jdk8-2.1.0.jar;c:\Users\Haqii\AppData\Roaming\Code\User\globalStorage\fwcd.kotlin\langServerInstall\server\lib\kotlin-stdlib-jdk7-2.1.0.jar;c:\Users\Haqii\AppData\Roaming\Code\User\globalStorage\fwcd.kotlin\langServerInstall\server\lib\kotlin-stdlib-2.1.0.jar;c:\Users\Haqii\AppData\Roaming\Code\User\globalStorage\fwcd.kotlin\langServerInstall\server\lib\org.eclipse.lsp4j-0.21.2.jar;c:\Users\Haqii\AppData\Roaming\Code\User\globalStorage\fwcd.kotlin\langServerInstall\server\lib\org.eclipse.lsp4j.jsonrpc-0.21.2.jar;c:\Users\Haqii\AppData\Roaming\Code\User\globalStorage\fwcd.kotlin\langServerInstall\server\lib\kotlin-sam-with-receiver-compiler-plugin-2.1.0.jar;c:\Users\Haqii\AppData\Roaming\Code\User\globalStorage\fwcd.kotlin\langServerInstall\server\lib\fernflower-1.0.jar;c:\Users\Haqii\AppData\Roaming\Code\User\globalStorage\fwcd.kotlin\langServerInstall\server\lib\h2-1.4.200.jar;c:\Users\Haqii\AppData\Roaming\Code\User\globalStorage\fwcd.kotlin\langServerInstall\server\lib\jcommander-1.78.jar;c:\Users\Haqii\AppData\Roaming\Code\User\globalStorage\fwcd.kotlin\langServerInstall\server\lib\sqlite-jdbc-3.41.2.1.jar;c:\Users\Haqii\AppData\Roaming\Code\User\globalStorage\fwcd.kotlin\langServerInstall\server\lib\google-java-format-1.8.jar;c:\Users\Haqii\AppData\Roaming\Code\User\globalStorage\fwcd.kotlin\langServerInstall\server\lib\guava-33.3.0-jre.jar;c:\Users\Haqii\AppData\Roaming\Code\User\globalStorage\fwcd.kotlin\langServerInstall\server\lib\annotations-13.0.jar;c:\Users\Haqii\AppData\Roaming\Code\User\globalStorage\fwcd.kotlin\langServerInstall\server\lib\gson-2.10.1.jar;c:\Users\Haqii\AppData\Roaming\Code\User\globalStorage\fwcd.kotlin\langServerInstall\server\lib\kotlin-script-runtime-2.1.0.jar;c:\Users\Haqii\AppData\Roaming\Code\User\globalStorage\fwcd.kotlin\langServerInstall\server\lib\trove4j-1.0.20200330.jar;c:\Users\Haqii\AppData\Roaming\Code\User\globalStorage\fwcd.kotlin\langServerInstall\server\lib\jline-3.24.1.jar;c:\Users\Haqii\AppData\Roaming\Code\User\globalStorage\fwcd.kotlin\langServerInstall\server\lib\slf4j-api-1.7.25.jar;c:\Users\Haqii\AppData\Roaming\Code\User\globalStorage\fwcd.kotlin\langServerInstall\server\lib\jna-4.2.2.jar;c:\Users\Haqii\AppData\Roaming\Code\User\globalStorage\fwcd.kotlin\langServerInstall\server\lib\failureaccess-1.0.2.jar;c:\Users\Haqii\AppData\Roaming\Code\User\globalStorage\fwcd.kotlin\langServerInstall\server\lib\listenablefuture-9999.0-empty-to-avoid-conflict-with-guava.jar;c:\Users\Haqii\AppData\Roaming\Code\User\globalStorage\fwcd.kotlin\langServerInstall\server\lib\jsr305-3.0.2.jar;c:\Users\Haqii\AppData\Roaming\Code\User\globalStorage\fwcd.kotlin\langServerInstall\server\lib\checker-qual-3.43.0.jar;c:\Users\Haqii\AppData\Roaming\Code\User\globalStorage\fwcd.kotlin\langServerInstall\server\lib\error_prone_annotations-2.28.0.jar
Launcher Type: SUN_STANDARD

[Global flags]
     intx CICompilerCount                          = 12                                        {product} {ergonomic}
     uint ConcGCThreads                            = 3                                         {product} {ergonomic}
     uint G1ConcRefinementThreads                  = 13                                        {product} {ergonomic}
   size_t G1HeapRegionSize                         = 2097152                                   {product} {ergonomic}
   size_t InitialHeapSize                          = 255852544                                 {product} {ergonomic}
   size_t MarkStackSize                            = 4194304                                   {product} {ergonomic}
   size_t MarkStackSizeMax                         = 536870912                                 {product} {ergonomic}
   size_t MaxHeapSize                              = 4093640704                                {product} {ergonomic}
   size_t MaxNewSize                               = 2455764992                                {product} {ergonomic}
   size_t MinHeapDeltaBytes                        = 2097152                                   {product} {ergonomic}
   size_t MinHeapSize                              = 8388608                                   {product} {ergonomic}
    uintx NonNMethodCodeHeapSize                   = 7602176                                {pd product} {ergonomic}
    uintx NonProfiledCodeHeapSize                  = 122093568                              {pd product} {ergonomic}
    uintx ProfiledCodeHeapSize                     = 121962496                              {pd product} {ergonomic}
    uintx ReservedCodeCacheSize                    = 251658240                              {pd product} {ergonomic}
     bool SegmentedCodeCache                       = true                                      {product} {ergonomic}
   size_t SoftMaxHeapSize                          = 4093640704                             {manageable} {ergonomic}
     bool UseCompressedOops                        = true                           {product lp64_product} {ergonomic}
     bool UseG1GC                                  = true                                      {product} {ergonomic}
     bool UseLargePagesIndividualAllocation        = false                                  {pd product} {ergonomic}

Logging:
Log output configuration:
 #0: stdout all=warning uptime,level,tags foldmultilines=false
 #1: stderr all=off uptime,level,tags foldmultilines=false

Environment Variables:
CLASSPATH=c:\Users\Haqii\AppData\Roaming\Code\User\globalStorage\fwcd.kotlin\langServerInstall\server\lib\server-1.3.13.jar;c:\Users\Haqii\AppData\Roaming\Code\User\globalStorage\fwcd.kotlin\langServerInstall\server\lib\shared-1.3.13.jar;c:\Users\Haqii\AppData\Roaming\Code\User\globalStorage\fwcd.kotlin\langServerInstall\server\lib\kotlin-scripting-jvm-host-unshaded-2.1.0.jar;c:\Users\Haqii\AppData\Roaming\Code\User\globalStorage\fwcd.kotlin\langServerInstall\server\lib\kotlin-scripting-compiler-2.1.0.jar;c:\Users\Haqii\AppData\Roaming\Code\User\globalStorage\fwcd.kotlin\langServerInstall\server\lib\ktfmt-b5d31d1.jar;c:\Users\Haqii\AppData\Roaming\Code\User\globalStorage\fwcd.kotlin\langServerInstall\server\lib\kotlin-compiler-2.1.0.jar;c:\Users\Haqii\AppData\Roaming\Code\User\globalStorage\fwcd.kotlin\langServerInstall\server\lib\exposed-dao-0.37.3.jar;c:\Users\Haqii\AppData\Roaming\Code\User\globalStorage\fwcd.kotlin\langServerInstall\server\lib\exposed-jdbc-0.37.3.jar;c:\Users\Haqii\AppData\Roaming\Code\User\globalStorage\fwcd.kotlin\langServerInstall\server\lib\exposed-core-0.37.3.jar;c:\Users\Haqii\AppData\Roaming\Code\User\globalStorage\fwcd.kotlin\langServerInstall\server\lib\kotlin-scripting-compiler-impl-2.1.0.jar;c:\Users\Haqii\AppData\Roaming\Code\User\globalStorage\fwcd.kotlin\langServerInstall\server\lib\kotlin-reflect-2.1.0.jar;c:\Users\Haqii\AppData\Roaming\Code\User\globalStorage\fwcd.kotlin\langServerInstall\server\lib\kotlin-scripting-jvm-2.1.0.jar;c:\Users\Haqii\AppData\Roaming\Code\User\globalStorage\fwcd.kotlin\langServerInstall\server\lib\kotlin-scripting-common-2.1.0.jar;c:\Users\Haqii\AppData\Roaming\Code\User\globalStorage\fwcd.kotlin\langServerInstall\server\lib\kotlinx-coroutines-core-jvm-1.6.4.jar;c:\Users\Haqii\AppData\Roaming\Code\User\globalStorage\fwcd.kotlin\langServerInstall\server\lib\kotlin-stdlib-jdk8-2.1.0.jar;c:\Users\Haqii\AppData\Roaming\Code\User\globalStorage\fwcd.kotlin\langServerInstall\server\lib\kotlin-stdlib-jdk7-2.1.0.jar;c:\Users\Haqii\AppData\Roaming\Code\User\globalStorage\fwcd.kotlin\langServerInstall\server\lib\kotlin-stdlib-2.1.0.jar;c:\Users\Haqii\AppData\Roaming\Code\User\globalStorage\fwcd.kotlin\langServerInstall\server\lib\org.eclipse.lsp4j-0.21.2.jar;c:\Users\Haqii\AppData\Roaming\Code\User\globalStorage\fwcd.kotlin\langServerInstall\server\lib\org.eclipse.lsp4j.jsonrpc-0.21.2.jar;c:\Users\Haqii\AppData\Roaming\Code\User\globalStorage\fwcd.kotlin\langServerInstall\server\lib\kotlin-sam-with-receiver-compiler-plugin-2.1.0.jar;c:\Users\Haqii\AppData\Roaming\Code\User\globalStorage\fwcd.kotlin\langServerInstall\server\lib\fernflower-1.0.jar;c:\Users\Haqii\AppData\Roaming\Code\User\globalStorage\fwcd.kotlin\langServerInstall\server\lib\h2-1.4.200.jar;c:\Users\Haqii\AppData\Roaming\Code\User\globalStorage\fwcd.kotlin\langServerInstall\server\lib\jcommander-1.78.jar;c:\Users\Haqii\AppData\Roaming\Code\User\globalStorage\fwcd.kotlin\langServerInstall\server\lib\sqlite-jdbc-3.41.2.1.jar;c:\Users\Haqii\AppData\Roaming\Code\User\globalStorage\fwcd.kotlin\langServerInstall\server\lib\google-java-format-1.8.jar;c:\Users\Haqii\AppData\Roaming\Code\User\globalStorage\fwcd.kotlin\langServerInstall\server\lib\guava-33.3.0-jre.jar;c:\Users\Haqii\AppData\Roaming\Code\User\globalStorage\fwcd.kotlin\langServerInstall\server\lib\annotations-13.0.jar;c:\Users\Haqii\AppData\Roaming\Code\User\globalStorage\fwcd.kotlin\langServerInstall\server\lib\gson-2.10.1.jar;c:\Users\Haqii\AppData\Roaming\Code\User\globalStorage\fwcd.kotlin\langServerInstall\server\lib\kotlin-script-runtime-2.1.0.jar;c:\Users\Haqii\AppData\Roaming\Code\User\globalStorage\fwcd.kotlin\langServerInstall\server\lib\trove4j-1.0.20200330.jar;c:\Users\Haqii\AppData\Roaming\Code\User\globalStorage\fwcd.kotlin\langServerInstall\server\lib\jline-3.24.1.jar;c:\Users\Haqii\AppData\Roaming\Code\User\globalStorage\fwcd.kotlin\langServerInstall\server\lib\slf4j-api-1.7.25.jar;c:\Users\Haqii\AppData\Roaming\Code\User\globalStorage\fwcd.kotlin\langServerInstall\server\lib\jna-4.2.2.jar;c:\Users\Haqii\AppData\Roaming\Code\User\globalStorage\fwcd.kotlin\langServerInstall\server\lib\failureaccess-1.0.2.jar;c:\Users\Haqii\AppData\Roaming\Code\User\globalStorage\fwcd.kotlin\langServerInstall\server\lib\listenablefuture-9999.0-empty-to-avoid-conflict-with-guava.jar;c:\Users\Haqii\AppData\Roaming\Code\User\globalStorage\fwcd.kotlin\langServerInstall\server\lib\jsr305-3.0.2.jar;c:\Users\Haqii\AppData\Roaming\Code\User\globalStorage\fwcd.kotlin\langServerInstall\server\lib\checker-qual-3.43.0.jar;c:\Users\Haqii\AppData\Roaming\Code\User\globalStorage\fwcd.kotlin\langServerInstall\server\lib\error_prone_annotations-2.28.0.jar
PATH=C:\Program Files\Common Files\Oracle\Java\javapath;C:\Program Files (x86)\Common Files\Oracle\Java\java8path;C:\Program Files (x86)\Common Files\Oracle\Java\javapath;C:\WINDOWS\system32;C:\WINDOWS;C:\WINDOWS\System32\Wbem;C:\WINDOWS\System32\WindowsPowerShell\v1.0\;C:\WINDOWS\System32\OpenSSH\;C:\xampp\php;C:\ProgramData\ComposerSetup\bin;C:\Program Files\Git\cmd;C:\Program Files\dotnet\;C:\ProgramData\chocolatey\bin;C:\Program Files\nodejs\;C:\Program Files\Common Files\Oracle\Java\javapath;C:\Windows\system32;C:\Windows;C:\Windows\System32\Wbem;C:\Windows\System32\WindowsPowerShell\v1.0\;C:\Windows\System32\OpenSSH\;C:\xampp\php;C:\ProgramData\ComposerSetup\bin;C:\Program Files\nodejs\;C:\Program Files\Git\cmd;C:\Program Files\dotnet\;C:\ProgramData\chocolatey\bin;c:\Users\Haqii\AppData\Local\Programs\cursor\resources\app\codeBin;C:\Users\Haqii\AppData\Local\Programs\Python\Launcher\;C:\Users\Haqii\AppData\Local\Microsoft\WindowsApps;C:\Users\Haqii\AppData\Local\Programs\Microsoft VS Code\bin;C:\Users\Haqii\AppData\Roaming\Composer\vendor\bin;C:\msys64\ucrt64\bin;C:\Users\Haqii\AppData\Local\spicetify;C:\Users\Haqii\.deno\bin;C:\Android\cmdline-tools\latest\bin;C:\Android\platform-tools;C:\Android\emulator;C:\Users\Haqii\AppData\Roaming\npm;C:\Users\Haqii\AppData\Local\Microsoft\WindowsApps;C:\laragon\bin\php\php-8.3.26-Win32-vs16-x64;C:\laragon\bin\composer;
USERNAME=Haqii
OS=Windows_NT
PROCESSOR_IDENTIFIER=AMD64 Family 25 Model 68 Stepping 1, AuthenticAMD
TMP=C:\Users\Haqii\AppData\Local\Temp
TEMP=C:\Users\Haqii\AppData\Local\Temp




Periodic native trim disabled

---------------  S Y S T E M  ---------------

OS:
 Windows 11 , 64 bit Build 26100 (10.0.26100.7309)
OS uptime: 0 days 1:14 hours

CPU: total 16 (initial active 16) (16 cores per cpu, 2 threads per core) family 25 model 68 stepping 1 microcode 0xa404102, cx8, cmov, fxsr, ht, mmx, 3dnowpref, sse, sse2, sse3, ssse3, sse4a, sse4.1, sse4.2, popcnt, lzcnt, tsc, tscinvbit, avx, avx2, aes, erms, clmul, bmi1, bmi2, adx, sha, fma, vzeroupper, clflush, clflushopt, rdtscp, rdpid, fsrm, f16c, pku, cet_ss
Processor Information for processor 0
  Max Mhz: 3201, Current Mhz: 3201, Mhz Limit: 3201
Processor Information for processor 1
  Max Mhz: 3201, Current Mhz: 3201, Mhz Limit: 3201
Processor Information for processor 2
  Max Mhz: 3201, Current Mhz: 3201, Mhz Limit: 3201
Processor Information for processor 3
  Max Mhz: 3201, Current Mhz: 3201, Mhz Limit: 3201
Processor Information for processor 4
  Max Mhz: 3201, Current Mhz: 3201, Mhz Limit: 3201
Processor Information for processor 5
  Max Mhz: 3201, Current Mhz: 3201, Mhz Limit: 3201
Processor Information for processor 6
  Max Mhz: 3201, Current Mhz: 3201, Mhz Limit: 3201
Processor Information for processor 7
  Max Mhz: 3201, Current Mhz: 2560, Mhz Limit: 3201
Processor Information for processor 8
  Max Mhz: 3201, Current Mhz: 3201, Mhz Limit: 3201
Processor Information for processor 9
  Max Mhz: 3201, Current Mhz: 3201, Mhz Limit: 3201
Processor Information for processor 10
  Max Mhz: 3201, Current Mhz: 3201, Mhz Limit: 3201
Processor Information for processor 11
  Max Mhz: 3201, Current Mhz: 3201, Mhz Limit: 3201
Processor Information for processor 12
  Max Mhz: 3201, Current Mhz: 3201, Mhz Limit: 3201
Processor Information for processor 13
  Max Mhz: 3201, Current Mhz: 3201, Mhz Limit: 3201
Processor Information for processor 14
  Max Mhz: 3201, Current Mhz: 3201, Mhz Limit: 3201
Processor Information for processor 15
  Max Mhz: 3201, Current Mhz: 3201, Mhz Limit: 3201

Memory: 4k page, system-wide physical 15613M (611M free)
TotalPageFile size 28925M (AvailPageFile size 6M)
current process WorkingSet (physical memory assigned to process): 832M, peak: 832M
current process commit charge ("private bytes"): 883M, peak: 884M

vm_info: Java HotSpot(TM) 64-Bit Server VM (23.0.1+11-39) for windows-amd64 JRE (23.0.1+11-39), built on 2024-09-30T07:20:43Z with MS VC++ 17.6 (VS2022)

END.
