#
# There is insufficient memory for the Java Runtime Environment to continue.
# Native memory allocation (mmap) failed to map 31457280 bytes. Error detail: G1 virtual space
# Possible reasons:
#   The system is out of physical RAM or swap space
#   This process is running with CompressedOops enabled, and the Java Heap may be blocking the growth of the native heap
# Possible solutions:
#   Reduce memory load on the system
#   Increase physical memory or swap space
#   Check if swap backing store is full
#   Decrease Java heap size (-Xmx/-Xms)
#   Decrease number of Java threads
#   Decrease Java thread stack sizes (-Xss)
#   Set larger code cache with -XX:ReservedCodeCacheSize=
#   JVM is running with Unscaled Compressed Oops mode in which the Java heap is
#     placed in the first 4GB address space. The Java Heap base address is the
#     maximum limit for the native heap growth. Please use -XX:HeapBaseMinAddress
#     to set the Java Heap base and to place the Java Heap above 4GB virtual address.
# This output file may be truncated or incomplete.
#
#  Out of Memory Error (os_windows.cpp:3703), pid=12204, tid=10928
#
# JRE version: Java(TM) SE Runtime Environment (23.0.1+11) (build 23.0.1+11-39)
# Java VM: Java HotSpot(TM) 64-Bit Server VM (23.0.1+11-39, mixed mode, sharing, tiered, compressed oops, compressed class ptrs, g1 gc, windows-amd64)
# No core dump will be written. Minidumps are not enabled by default on client versions of Windows
#

---------------  S U M M A R Y ------------

Command Line: --add-opens=java.base/java.lang=ALL-UNNAMED --add-opens=java.base/java.lang.invoke=ALL-UNNAMED --add-opens=java.base/java.util=ALL-UNNAMED --add-opens=java.prefs/java.util.prefs=ALL-UNNAMED --add-exports=jdk.compiler/com.sun.tools.javac.api=ALL-UNNAMED --add-exports=jdk.compiler/com.sun.tools.javac.util=ALL-UNNAMED --add-opens=java.base/java.util=ALL-UNNAMED --add-opens=java.prefs/java.util.prefs=ALL-UNNAMED --add-opens=java.base/java.nio.charset=ALL-UNNAMED --add-opens=java.base/java.net=ALL-UNNAMED --add-opens=java.base/java.util.concurrent.atomic=ALL-UNNAMED --add-opens=java.xml/javax.xml.namespace=ALL-UNNAMED -Xmx2048m -Dfile.encoding=UTF-8 -Duser.country=ID -Duser.language=en -Duser.variant -javaagent:C:\Users\Haqii\.gradle\wrapper\dists\gradle-8.13-bin\5xuhj0ry160q40clulazy9h7d\gradle-8.13\lib\agents\gradle-instrumentation-agent-8.13.jar org.gradle.launcher.daemon.bootstrap.GradleDaemon 8.13

Host: AMD Ryzen 7 7735HS with Radeon Graphics        , 16 cores, 15G,  Windows 11 , 64 bit Build 26100 (10.0.26100.7309)
Time: Tue Mar  3 07:56:34 2026 SE Asia Standard Time elapsed time: 30.270373 seconds (0d 0h 0m 30s)

---------------  T H R E A D  ---------------

Current thread (0x0000013237888c20):  VMThread "VM Thread"          [id=10928, stack(0x0000000c1ca00000,0x0000000c1cb00000) (1024K)]

Stack: [0x0000000c1ca00000,0x0000000c1cb00000]
Native frames: (J=compiled Java code, j=interpreted, Vv=VM code, C=native code)
V  [jvm.dll+0x6e08b9]  (no source info available)
V  [jvm.dll+0x87dc83]  (no source info available)
V  [jvm.dll+0x88010e]  (no source info available)
V  [jvm.dll+0x8807e3]  (no source info available)
V  [jvm.dll+0x27aee6]  (no source info available)
V  [jvm.dll+0x6dd1c5]  (no source info available)
V  [jvm.dll+0x6d104a]  (no source info available)
V  [jvm.dll+0x35b3ea]  (no source info available)
V  [jvm.dll+0x3637f6]  (no source info available)
V  [jvm.dll+0x34fd5e]  (no source info available)
V  [jvm.dll+0x34fff8]  (no source info available)
V  [jvm.dll+0x3289cc]  (no source info available)
V  [jvm.dll+0x32b3b9]  (no source info available)
V  [jvm.dll+0x335f74]  (no source info available)
V  [jvm.dll+0x372d55]  (no source info available)
V  [jvm.dll+0x886720]  (no source info available)
V  [jvm.dll+0x887a47]  (no source info available)
V  [jvm.dll+0x887f78]  (no source info available)
V  [jvm.dll+0x888213]  (no source info available)
V  [jvm.dll+0x824f8b]  (no source info available)
V  [jvm.dll+0x6df065]  (no source info available)
C  [ucrtbase.dll+0x37b0]  (no source info available)
C  [KERNEL32.DLL+0x2e8d7]  (no source info available)
C  [ntdll.dll+0x8c53c]  (no source info available)

VM_Operation (0x0000000c1c5ff6c0): G1PauseRemark, mode: safepoint, requested by thread 0x000001321866eee0


---------------  P R O C E S S  ---------------

Threads class SMR info:
_java_thread_list=0x0000013203f8fab0, length=94, elements={
0x00000132185ffef0, 0x00000132378a1770, 0x00000132378a4f00, 0x00000132378a9e40,
0x00000132378aa8a0, 0x00000132378ab300, 0x00000132378ad7a0, 0x00000132378afba0,
0x00000132380ca730, 0x00000132381bf6d0, 0x00000132383aa650, 0x000001327f28f350,
0x000001327f63a490, 0x000001327f5e1ec0, 0x000001327f77daa0, 0x000001327f77ee50,
0x000001327f77d410, 0x000001327f77e130, 0x000001327f77f4e0, 0x000001327f77e7c0,
0x000001327f77c060, 0x000001327f77c6f0, 0x000001327f77cd80, 0x000001327fea4a50,
0x000001327fea6490, 0x000001327fea3d30, 0x000001327fea5770, 0x000001327fea36a0,
0x000001327fea3010, 0x000001327fea7840, 0x000001327fea6b20, 0x000001327fea9280,
0x000001327fea8560, 0x000001327fea9fa0, 0x000001327feaa630, 0x0000013203a40cb0,
0x0000013203a419d0, 0x0000013203a426f0, 0x0000013203a42d80, 0x0000013203a43410,
0x0000013203a43aa0, 0x0000013203a40620, 0x0000013203a447c0, 0x0000013203a454e0,
0x0000013203a46890, 0x0000013203a46f20, 0x0000013203de4000, 0x0000013203de4690,
0x0000013203de5a40, 0x0000013203de4d20, 0x0000013203de25c0, 0x0000013203de60d0,
0x0000013203de2c50, 0x0000013203de6760, 0x0000013203de32e0, 0x0000013203de9550,
0x0000013203de8ec0, 0x0000013203de7480, 0x0000013203de6df0, 0x0000013203de7b10,
0x0000013203de81a0, 0x0000013201551bd0, 0x00000132015522a0, 0x0000013203de8830,
0x00000132007d3e10, 0x00000132007d30f0, 0x00000132007d3780, 0x00000132007d44a0,
0x00000132007d4b30, 0x00000132007d2a60, 0x00000132007d51c0, 0x00000132007d5850,
0x00000132007d23d0, 0x00000132007d9360, 0x00000132007d6570, 0x00000132007d8640,
0x00000132007d7fb0, 0x00000132007d5ee0, 0x0000013201550e30, 0x00000132007d7290,
0x00000132007d7920, 0x0000013204022120, 0x0000013204020050, 0x00000132040234d0,
0x0000013204023b60, 0x00000132040206e0, 0x0000013204021a90, 0x0000013204020d70,
0x00000132040227b0, 0x0000013204022e40, 0x0000013204024880, 0x0000013204021400,
0x0000013204027670, 0x00000132040255a0
}

Java Threads: ( => current thread )
  0x00000132185ffef0 JavaThread "main"                              [_thread_blocked, id=21584, stack(0x0000000c1c300000,0x0000000c1c400000) (1024K)]
  0x00000132378a1770 JavaThread "Reference Handler"          daemon [_thread_blocked, id=17008, stack(0x0000000c1cb00000,0x0000000c1cc00000) (1024K)]
  0x00000132378a4f00 JavaThread "Finalizer"                  daemon [_thread_blocked, id=16568, stack(0x0000000c1cc00000,0x0000000c1cd00000) (1024K)]
  0x00000132378a9e40 JavaThread "Signal Dispatcher"          daemon [_thread_blocked, id=18248, stack(0x0000000c1cd00000,0x0000000c1ce00000) (1024K)]
  0x00000132378aa8a0 JavaThread "Attach Listener"            daemon [_thread_blocked, id=19120, stack(0x0000000c1ce00000,0x0000000c1cf00000) (1024K)]
  0x00000132378ab300 JavaThread "Service Thread"             daemon [_thread_blocked, id=20320, stack(0x0000000c1cf00000,0x0000000c1d000000) (1024K)]
  0x00000132378ad7a0 JavaThread "Monitor Deflation Thread"   daemon [_thread_blocked, id=10288, stack(0x0000000c1d000000,0x0000000c1d100000) (1024K)]
  0x00000132378afba0 JavaThread "C2 CompilerThread0"         daemon [_thread_blocked, id=19520, stack(0x0000000c1d100000,0x0000000c1d200000) (1024K)]
  0x00000132380ca730 JavaThread "C1 CompilerThread0"         daemon [_thread_blocked, id=24108, stack(0x0000000c1d200000,0x0000000c1d300000) (1024K)]
  0x00000132381bf6d0 JavaThread "Common-Cleaner"             daemon [_thread_blocked, id=18312, stack(0x0000000c1d300000,0x0000000c1d400000) (1024K)]
  0x00000132383aa650 JavaThread "Notification Thread"        daemon [_thread_blocked, id=20512, stack(0x0000000c1d700000,0x0000000c1d800000) (1024K)]
  0x000001327f28f350 JavaThread "Daemon health stats"               [_thread_blocked, id=10176, stack(0x0000000c1dc00000,0x0000000c1dd00000) (1024K)]
  0x000001327f63a490 JavaThread "Incoming local TCP Connector on port 62420"        [_thread_in_native, id=21156, stack(0x0000000c1df00000,0x0000000c1e000000) (1024K)]
  0x000001327f5e1ec0 JavaThread "Daemon periodic checks"            [_thread_blocked, id=24316, stack(0x0000000c1e000000,0x0000000c1e100000) (1024K)]
  0x000001327f77daa0 JavaThread "Daemon"                            [_thread_blocked, id=23484, stack(0x0000000c1e100000,0x0000000c1e200000) (1024K)]
  0x000001327f77ee50 JavaThread "Handler for socket connection from /127.0.0.1:62420 to /127.0.0.1:62421"        [_thread_in_native, id=6364, stack(0x0000000c1e200000,0x0000000c1e300000) (1024K)]
  0x000001327f77d410 JavaThread "Cancel handler"                    [_thread_blocked, id=24564, stack(0x0000000c1e300000,0x0000000c1e400000) (1024K)]
  0x000001327f77e130 JavaThread "Daemon worker"                     [_thread_blocked, id=23456, stack(0x0000000c1e400000,0x0000000c1e500000) (1024K)]
  0x000001327f77f4e0 JavaThread "Asynchronous log dispatcher for DefaultDaemonConnection: socket connection from /127.0.0.1:62420 to /127.0.0.1:62421"        [_thread_blocked, id=18556, stack(0x0000000c1e500000,0x0000000c1e600000) (1024K)]
  0x000001327f77e7c0 JavaThread "Stdin handler"                     [_thread_blocked, id=10640, stack(0x0000000c1e600000,0x0000000c1e700000) (1024K)]
  0x000001327f77c060 JavaThread "Daemon client event forwarder"        [_thread_blocked, id=20420, stack(0x0000000c1e700000,0x0000000c1e800000) (1024K)]
  0x000001327f77c6f0 JavaThread "Cache worker for journal cache (C:\Users\Haqii\.gradle\caches\journal-1)"        [_thread_blocked, id=8612, stack(0x0000000c1e800000,0x0000000c1e900000) (1024K)]
  0x000001327f77cd80 JavaThread "File lock request listener"        [_thread_blocked, id=20140, stack(0x0000000c1e900000,0x0000000c1ea00000) (1024K)]
  0x000001327fea4a50 JavaThread "Cache worker for file hash cache (C:\Users\Haqii\.gradle\caches\8.13\fileHashes)"        [_thread_blocked, id=19600, stack(0x0000000c1ea00000,0x0000000c1eb00000) (1024K)]
  0x000001327fea6490 JavaThread "Cache worker for file hash cache (D:\KELAS-XI\Tugas Akhir Semester 1\MyApplication\.gradle\8.13\fileHashes)"        [_thread_blocked, id=11980, stack(0x0000000c1f500000,0x0000000c1f600000) (1024K)]
  0x000001327fea3d30 JavaThread "Cache worker for Build Output Cleanup Cache (D:\KELAS-XI\Tugas Akhir Semester 1\MyApplication\.gradle\buildOutputCleanup)"        [_thread_blocked, id=9276, stack(0x0000000c1f600000,0x0000000c1f700000) (1024K)]
  0x000001327fea5770 JavaThread "File watcher server"        daemon [_thread_in_native, id=15924, stack(0x0000000c1f700000,0x0000000c1f800000) (1024K)]
  0x000001327fea36a0 JavaThread "File watcher consumer"      daemon [_thread_blocked, id=19196, stack(0x0000000c1f800000,0x0000000c1f900000) (1024K)]
  0x000001327fea3010 JavaThread "jar transforms"                    [_thread_blocked, id=3300, stack(0x0000000c1f900000,0x0000000c1fa00000) (1024K)]
  0x000001327fea7840 JavaThread "jar transforms Thread 2"           [_thread_blocked, id=9204, stack(0x0000000c1fa00000,0x0000000c1fb00000) (1024K)]
  0x000001327fea6b20 JavaThread "jar transforms Thread 3"           [_thread_blocked, id=19384, stack(0x0000000c1fb00000,0x0000000c1fc00000) (1024K)]
  0x000001327fea9280 JavaThread "jar transforms Thread 4"           [_thread_blocked, id=9900, stack(0x0000000c1eb00000,0x0000000c1ec00000) (1024K)]
  0x000001327fea8560 JavaThread "jar transforms Thread 5"           [_thread_blocked, id=420, stack(0x0000000c1fc00000,0x0000000c1fd00000) (1024K)]
  0x000001327fea9fa0 JavaThread "Cache worker for checksums cache (D:\KELAS-XI\Tugas Akhir Semester 1\MyApplication\.gradle\8.13\checksums)"        [_thread_blocked, id=23476, stack(0x0000000c1fd00000,0x0000000c1fe00000) (1024K)]
  0x000001327feaa630 JavaThread "Cache worker for file content cache (C:\Users\Haqii\.gradle\caches\8.13\fileContent)"        [_thread_blocked, id=388, stack(0x0000000c1fe00000,0x0000000c1ff00000) (1024K)]
  0x0000013203a40cb0 JavaThread "File lock release action executor"        [_thread_blocked, id=15896, stack(0x0000000c20000000,0x0000000c20100000) (1024K)]
  0x0000013203a419d0 JavaThread "jar transforms Thread 6"           [_thread_blocked, id=3520, stack(0x0000000c1d600000,0x0000000c1d700000) (1024K)]
  0x0000013203a426f0 JavaThread "jar transforms Thread 7"           [_thread_blocked, id=14360, stack(0x0000000c20200000,0x0000000c20300000) (1024K)]
  0x0000013203a42d80 JavaThread "jar transforms Thread 8"           [_thread_blocked, id=11112, stack(0x0000000c20300000,0x0000000c20400000) (1024K)]
  0x0000013203a43410 JavaThread "jar transforms Thread 9"           [_thread_blocked, id=9476, stack(0x0000000c20400000,0x0000000c20500000) (1024K)]
  0x0000013203a43aa0 JavaThread "jar transforms Thread 10"          [_thread_blocked, id=10904, stack(0x0000000c20500000,0x0000000c20600000) (1024K)]
  0x0000013203a40620 JavaThread "jar transforms Thread 11"          [_thread_blocked, id=14532, stack(0x0000000c20600000,0x0000000c20700000) (1024K)]
  0x0000013203a447c0 JavaThread "jar transforms Thread 12"          [_thread_blocked, id=24072, stack(0x0000000c20700000,0x0000000c20800000) (1024K)]
  0x0000013203a454e0 JavaThread "jar transforms Thread 13"          [_thread_blocked, id=14956, stack(0x0000000c20800000,0x0000000c20900000) (1024K)]
  0x0000013203a46890 JavaThread "Cache worker for cache directory md-supplier (C:\Users\Haqii\.gradle\caches\8.13\md-supplier)"        [_thread_blocked, id=7928, stack(0x0000000c20900000,0x0000000c20a00000) (1024K)]
  0x0000013203a46f20 JavaThread "Cache worker for cache directory md-rule (C:\Users\Haqii\.gradle\caches\8.13\md-rule)"        [_thread_blocked, id=18824, stack(0x0000000c20a00000,0x0000000c20b00000) (1024K)]
  0x0000013203de4000 JavaThread "Unconstrained build operations"        [_thread_blocked, id=13712, stack(0x0000000c20100000,0x0000000c20200000) (1024K)]
  0x0000013203de4690 JavaThread "Unconstrained build operations Thread 2"        [_thread_blocked, id=21400, stack(0x0000000c20b00000,0x0000000c20c00000) (1024K)]
  0x0000013203de5a40 JavaThread "Unconstrained build operations Thread 3"        [_thread_blocked, id=12336, stack(0x0000000c20c00000,0x0000000c20d00000) (1024K)]
  0x0000013203de4d20 JavaThread "Unconstrained build operations Thread 4"        [_thread_blocked, id=23632, stack(0x0000000c20d00000,0x0000000c20e00000) (1024K)]
  0x0000013203de25c0 JavaThread "Unconstrained build operations Thread 5"        [_thread_blocked, id=6540, stack(0x0000000c20e00000,0x0000000c20f00000) (1024K)]
  0x0000013203de60d0 JavaThread "Unconstrained build operations Thread 6"        [_thread_blocked, id=19896, stack(0x0000000c20f00000,0x0000000c21000000) (1024K)]
  0x0000013203de2c50 JavaThread "Unconstrained build operations Thread 7"        [_thread_blocked, id=11056, stack(0x0000000c21000000,0x0000000c21100000) (1024K)]
  0x0000013203de6760 JavaThread "Unconstrained build operations Thread 8"        [_thread_blocked, id=4848, stack(0x0000000c21100000,0x0000000c21200000) (1024K)]
  0x0000013203de32e0 JavaThread "Unconstrained build operations Thread 9"        [_thread_blocked, id=18804, stack(0x0000000c21200000,0x0000000c21300000) (1024K)]
  0x0000013203de9550 JavaThread "Unconstrained build operations Thread 10"        [_thread_blocked, id=16788, stack(0x0000000c21300000,0x0000000c21400000) (1024K)]
  0x0000013203de8ec0 JavaThread "Unconstrained build operations Thread 11"        [_thread_blocked, id=8636, stack(0x0000000c21400000,0x0000000c21500000) (1024K)]
  0x0000013203de7480 JavaThread "Unconstrained build operations Thread 12"        [_thread_blocked, id=24160, stack(0x0000000c21500000,0x0000000c21600000) (1024K)]
  0x0000013203de6df0 JavaThread "Unconstrained build operations Thread 13"        [_thread_blocked, id=13588, stack(0x0000000c21600000,0x0000000c21700000) (1024K)]
  0x0000013203de7b10 JavaThread "Unconstrained build operations Thread 14"        [_thread_blocked, id=4664, stack(0x0000000c21700000,0x0000000c21800000) (1024K)]
  0x0000013203de81a0 JavaThread "Unconstrained build operations Thread 15"        [_thread_blocked, id=11212, stack(0x0000000c21800000,0x0000000c21900000) (1024K)]
  0x0000013201551bd0 JavaThread "C1 CompilerThread1"         daemon [_thread_blocked, id=21360, stack(0x0000000c1d400000,0x0000000c1d500000) (1024K)]
  0x00000132015522a0 JavaThread "C1 CompilerThread2"         daemon [_thread_blocked, id=11072, stack(0x0000000c1d500000,0x0000000c1d600000) (1024K)]
  0x0000013203de8830 JavaThread "Unconstrained build operations Thread 16"        [_thread_blocked, id=21860, stack(0x0000000c1de00000,0x0000000c1df00000) (1024K)]
  0x00000132007d3e10 JavaThread "Unconstrained build operations Thread 17"        [_thread_blocked, id=3260, stack(0x0000000c1ff00000,0x0000000c20000000) (1024K)]
  0x00000132007d30f0 JavaThread "Unconstrained build operations Thread 18"        [_thread_blocked, id=24140, stack(0x0000000c21900000,0x0000000c21a00000) (1024K)]
  0x00000132007d3780 JavaThread "Unconstrained build operations Thread 19"        [_thread_blocked, id=4760, stack(0x0000000c21a00000,0x0000000c21b00000) (1024K)]
  0x00000132007d44a0 JavaThread "Unconstrained build operations Thread 20"        [_thread_blocked, id=19332, stack(0x0000000c21b00000,0x0000000c21c00000) (1024K)]
  0x00000132007d4b30 JavaThread "Unconstrained build operations Thread 21"        [_thread_blocked, id=2736, stack(0x0000000c21c00000,0x0000000c21d00000) (1024K)]
  0x00000132007d2a60 JavaThread "Unconstrained build operations Thread 22"        [_thread_blocked, id=18260, stack(0x0000000c21d00000,0x0000000c21e00000) (1024K)]
  0x00000132007d51c0 JavaThread "Unconstrained build operations Thread 23"        [_thread_blocked, id=8160, stack(0x0000000c21e00000,0x0000000c21f00000) (1024K)]
  0x00000132007d5850 JavaThread "Unconstrained build operations Thread 24"        [_thread_blocked, id=16688, stack(0x0000000c21f00000,0x0000000c22000000) (1024K)]
  0x00000132007d23d0 JavaThread "Unconstrained build operations Thread 25"        [_thread_blocked, id=15684, stack(0x0000000c22100000,0x0000000c22200000) (1024K)]
  0x00000132007d9360 JavaThread "Unconstrained build operations Thread 26"        [_thread_blocked, id=17368, stack(0x0000000c22200000,0x0000000c22300000) (1024K)]
  0x00000132007d6570 JavaThread "Unconstrained build operations Thread 27"        [_thread_blocked, id=13876, stack(0x0000000c22300000,0x0000000c22400000) (1024K)]
  0x00000132007d8640 JavaThread "Unconstrained build operations Thread 28"        [_thread_blocked, id=20908, stack(0x0000000c22400000,0x0000000c22500000) (1024K)]
  0x00000132007d7fb0 JavaThread "Unconstrained build operations Thread 29"        [_thread_blocked, id=3224, stack(0x0000000c22500000,0x0000000c22600000) (1024K)]
  0x00000132007d5ee0 JavaThread "Unconstrained build operations Thread 30"        [_thread_blocked, id=14024, stack(0x0000000c22600000,0x0000000c22700000) (1024K)]
  0x0000013201550e30 JavaThread "C1 CompilerThread3"         daemon [_thread_blocked, id=10512, stack(0x0000000c22800000,0x0000000c22900000) (1024K)]
  0x00000132007d7290 JavaThread "Unconstrained build operations Thread 31"        [_thread_blocked, id=23432, stack(0x0000000c22a00000,0x0000000c22b00000) (1024K)]
  0x00000132007d7920 JavaThread "Unconstrained build operations Thread 32"        [_thread_blocked, id=18848, stack(0x0000000c22b00000,0x0000000c22c00000) (1024K)]
  0x0000013204022120 JavaThread "Unconstrained build operations Thread 33"        [_thread_blocked, id=14052, stack(0x0000000c22c00000,0x0000000c22d00000) (1024K)]
  0x0000013204020050 JavaThread "Unconstrained build operations Thread 34"        [_thread_blocked, id=14744, stack(0x0000000c22d00000,0x0000000c22e00000) (1024K)]
  0x00000132040234d0 JavaThread "Unconstrained build operations Thread 35"        [_thread_blocked, id=7872, stack(0x0000000c22e00000,0x0000000c22f00000) (1024K)]
  0x0000013204023b60 JavaThread "Unconstrained build operations Thread 36"        [_thread_blocked, id=2220, stack(0x0000000c22f00000,0x0000000c23000000) (1024K)]
  0x00000132040206e0 JavaThread "Unconstrained build operations Thread 37"        [_thread_blocked, id=16608, stack(0x0000000c23000000,0x0000000c23100000) (1024K)]
  0x0000013204021a90 JavaThread "Unconstrained build operations Thread 38"        [_thread_blocked, id=4756, stack(0x0000000c23100000,0x0000000c23200000) (1024K)]
  0x0000013204020d70 JavaThread "Unconstrained build operations Thread 39"        [_thread_blocked, id=11596, stack(0x0000000c23200000,0x0000000c23300000) (1024K)]
  0x00000132040227b0 JavaThread "Unconstrained build operations Thread 40"        [_thread_blocked, id=15724, stack(0x0000000c23300000,0x0000000c23400000) (1024K)]
  0x0000013204022e40 JavaThread "Unconstrained build operations Thread 41"        [_thread_blocked, id=6352, stack(0x0000000c23400000,0x0000000c23500000) (1024K)]
  0x0000013204024880 JavaThread "Unconstrained build operations Thread 42"        [_thread_blocked, id=20700, stack(0x0000000c23500000,0x0000000c23600000) (1024K)]
  0x0000013204021400 JavaThread "Unconstrained build operations Thread 43"        [_thread_blocked, id=21172, stack(0x0000000c23600000,0x0000000c23700000) (1024K)]
  0x0000013204027670 JavaThread "Unconstrained build operations Thread 44"        [_thread_blocked, id=22680, stack(0x0000000c23700000,0x0000000c23800000) (1024K)]
  0x00000132040255a0 JavaThread "Unconstrained build operations Thread 45"        [_thread_blocked, id=20316, stack(0x0000000c23800000,0x0000000c23900000) (1024K)]
Total: 94

Other Threads:
=>0x0000013237888c20 VMThread "VM Thread"                           [id=10928, stack(0x0000000c1ca00000,0x0000000c1cb00000) (1024K)]
  0x00000132378740d0 WatcherThread "VM Periodic Task Thread"        [id=15780, stack(0x0000000c1c900000,0x0000000c1ca00000) (1024K)]
  0x00000132186596f0 WorkerThread "GC Thread#0"                     [id=15456, stack(0x0000000c1c400000,0x0000000c1c500000) (1024K)]
  0x0000013238b2ca10 WorkerThread "GC Thread#1"                     [id=9932, stack(0x0000000c1d800000,0x0000000c1d900000) (1024K)]
  0x0000013238b2cdc0 WorkerThread "GC Thread#2"                     [id=18868, stack(0x0000000c1d900000,0x0000000c1da00000) (1024K)]
  0x0000013238b8cc80 WorkerThread "GC Thread#3"                     [id=5336, stack(0x0000000c1da00000,0x0000000c1db00000) (1024K)]
  0x0000013238703460 WorkerThread "GC Thread#4"                     [id=4660, stack(0x0000000c1db00000,0x0000000c1dc00000) (1024K)]
  0x000001327e7c87b0 WorkerThread "GC Thread#5"                     [id=1512, stack(0x0000000c1dd00000,0x0000000c1de00000) (1024K)]
  0x000001327f4a1140 WorkerThread "GC Thread#6"                     [id=4700, stack(0x0000000c1ec00000,0x0000000c1ed00000) (1024K)]
  0x000001327f4a18a0 WorkerThread "GC Thread#7"                     [id=11044, stack(0x0000000c1ed00000,0x0000000c1ee00000) (1024K)]
  0x0000013200c2bcf0 WorkerThread "GC Thread#8"                     [id=3020, stack(0x0000000c1ee00000,0x0000000c1ef00000) (1024K)]
  0x0000013200c2c450 WorkerThread "GC Thread#9"                     [id=8312, stack(0x0000000c1ef00000,0x0000000c1f000000) (1024K)]
  0x0000013200c2a320 WorkerThread "GC Thread#10"                    [id=20032, stack(0x0000000c1f000000,0x0000000c1f100000) (1024K)]
  0x0000013200c29810 WorkerThread "GC Thread#11"                    [id=12816, stack(0x0000000c1f100000,0x0000000c1f200000) (1024K)]
  0x0000013200c29460 WorkerThread "GC Thread#12"                    [id=21472, stack(0x0000000c1f200000,0x0000000c1f300000) (1024K)]
  0x000001321866eee0 ConcurrentGCThread "G1 Main Marker"            [id=9232, stack(0x0000000c1c500000,0x0000000c1c600000) (1024K)]
  0x0000013218670820 WorkerThread "G1 Conc#0"                       [id=13240, stack(0x0000000c1c600000,0x0000000c1c700000) (1024K)]
  0x0000013200c2a6d0 WorkerThread "G1 Conc#1"                       [id=24088, stack(0x0000000c1f300000,0x0000000c1f400000) (1024K)]
  0x0000013200c2cf60 WorkerThread "G1 Conc#2"                       [id=9792, stack(0x0000000c1f400000,0x0000000c1f500000) (1024K)]
  0x00000132377c5160 ConcurrentGCThread "G1 Refine#0"               [id=13976, stack(0x0000000c1c700000,0x0000000c1c800000) (1024K)]
  0x00000132377c5af0 ConcurrentGCThread "G1 Service"                [id=14576, stack(0x0000000c1c800000,0x0000000c1c900000) (1024K)]
Total: 21

Threads with active compile tasks:
Total: 0

VM state: at safepoint (normal execution)

VM Mutex/Monitor currently owned by a thread:  ([mutex/lock_event])
[0x00007ff9ba263910] Threads_lock - owner thread: 0x0000013237888c20
[0x00007ff9ba263a10] Heap_lock - owner thread: 0x000001321866eee0

Heap address: 0x0000000080000000, size: 2048 MB, Compressed Oops mode: 32-bit

CDS archive(s) mapped at: [0x0000013239000000-0x0000013239d70000-0x0000013239d70000), size 14090240, SharedBaseAddress: 0x0000013239000000, ArchiveRelocationMode: 1.
Compressed class space mapped at: 0x000001323a000000-0x000001327a000000, reserved size: 1073741824
Narrow klass base: 0x0000013239000000, Narrow klass shift: 0, Narrow klass range: 0x41000000

GC Precious Log:
 CardTable entry size: 512
 Card Set container configuration: InlinePtr #cards 5 size 8 Array Of Cards #cards 10 size 36 Howl #buckets 4 coarsen threshold 1843 Howl Bitmap #cards 512 size 80 coarsen threshold 460 Card regions per heap region 1 cards per card region 2048
 CPUs: 16 total, 16 available
 Memory: 15613M
 Large Page Support: Disabled
 NUMA Support: Disabled
 Compressed Oops: Enabled (32-bit)
 Heap Region Size: 1M
 Heap Min Capacity: 8M
 Heap Initial Capacity: 244M
 Heap Max Capacity: 2G
 Pre-touch: Disabled
 Parallel Workers: 13
 Concurrent Workers: 3
 Concurrent Refinement Workers: 13
 Periodic GC: Disabled

Heap:
 garbage-first heap   total reserved 2097152K, committed 168960K, used 121473K [0x0000000080000000, 0x0000000100000000)
  region size 1024K, 8 young (8192K), 4 survivors (4096K)
 Metaspace       used 87317K, committed 89408K, reserved 1179648K
  class space    used 12573K, committed 13568K, reserved 1048576K

Heap Regions: E=young(eden), S=young(survivor), O=old, HS=humongous(starts), HC=humongous(continues), CS=collection set, F=free, TAMS=top-at-mark-start, PB=parsable bottom
|   0|0x0000000080000000, 0x0000000080100000, 0x0000000080100000|100%| O|  |TAMS 0x0000000080100000| PB 0x0000000080100000| Untracked |  0
|   1|0x0000000080100000, 0x0000000080200000, 0x0000000080200000|100%|HS|  |TAMS 0x0000000080200000| PB 0x0000000080100000| Complete |  0
|   2|0x0000000080200000, 0x0000000080300000, 0x0000000080300000|100%|HC|  |TAMS 0x0000000080300000| PB 0x0000000080200000| Complete |  0
|   3|0x0000000080300000, 0x0000000080400000, 0x0000000080400000|100%|HC|  |TAMS 0x0000000080400000| PB 0x0000000080300000| Complete |  0
|   4|0x0000000080400000, 0x0000000080500000, 0x0000000080500000|100%| O|  |TAMS 0x0000000080500000| PB 0x0000000080500000| Untracked |  0
|   5|0x0000000080500000, 0x0000000080600000, 0x0000000080600000|100%| O|  |TAMS 0x0000000080600000| PB 0x0000000080600000| Untracked |  0
|   6|0x0000000080600000, 0x0000000080700000, 0x0000000080700000|100%| O|  |TAMS 0x0000000080700000| PB 0x0000000080700000| Untracked |  0
|   7|0x0000000080700000, 0x0000000080800000, 0x0000000080800000|100%|HS|  |TAMS 0x0000000080800000| PB 0x0000000080700000| Complete |  0
|   8|0x0000000080800000, 0x0000000080900000, 0x0000000080900000|100%| O|  |TAMS 0x0000000080900000| PB 0x0000000080900000| Untracked |  0
|   9|0x0000000080900000, 0x0000000080a00000, 0x0000000080a00000|100%| O|  |TAMS 0x0000000080a00000| PB 0x0000000080a00000| Untracked |  0
|  10|0x0000000080a00000, 0x0000000080b00000, 0x0000000080b00000|100%| O|  |TAMS 0x0000000080b00000| PB 0x0000000080b00000| Untracked |  0
|  11|0x0000000080b00000, 0x0000000080c00000, 0x0000000080c00000|100%| O|  |TAMS 0x0000000080c00000| PB 0x0000000080c00000| Untracked |  0
|  12|0x0000000080c00000, 0x0000000080d00000, 0x0000000080d00000|100%| O|  |TAMS 0x0000000080d00000| PB 0x0000000080d00000| Untracked |  0
|  13|0x0000000080d00000, 0x0000000080e00000, 0x0000000080e00000|100%| O|  |TAMS 0x0000000080e00000| PB 0x0000000080e00000| Untracked |  0
|  14|0x0000000080e00000, 0x0000000080f00000, 0x0000000080f00000|100%| O|  |TAMS 0x0000000080f00000| PB 0x0000000080f00000| Untracked |  0
|  15|0x0000000080f00000, 0x0000000081000000, 0x0000000081000000|100%| O|  |TAMS 0x0000000081000000| PB 0x0000000081000000| Untracked |  0
|  16|0x0000000081000000, 0x0000000081100000, 0x0000000081100000|100%| O|  |TAMS 0x0000000081100000| PB 0x0000000081100000| Untracked |  0
|  17|0x0000000081100000, 0x0000000081200000, 0x0000000081200000|100%| O|  |TAMS 0x0000000081200000| PB 0x0000000081200000| Untracked |  0
|  18|0x0000000081200000, 0x0000000081300000, 0x0000000081300000|100%| O|  |TAMS 0x0000000081300000| PB 0x0000000081300000| Untracked |  0
|  19|0x0000000081300000, 0x0000000081400000, 0x0000000081400000|100%| O|  |TAMS 0x0000000081400000| PB 0x0000000081400000| Untracked |  0
|  20|0x0000000081400000, 0x0000000081500000, 0x0000000081500000|100%| O|  |TAMS 0x0000000081500000| PB 0x0000000081500000| Untracked |  0
|  21|0x0000000081500000, 0x0000000081600000, 0x0000000081600000|100%| O|  |TAMS 0x0000000081600000| PB 0x0000000081600000| Untracked |  0
|  22|0x0000000081600000, 0x0000000081700000, 0x0000000081700000|100%| O|  |TAMS 0x0000000081700000| PB 0x0000000081700000| Untracked |  0
|  23|0x0000000081700000, 0x0000000081800000, 0x0000000081800000|100%| O|  |TAMS 0x0000000081800000| PB 0x0000000081800000| Untracked |  0
|  24|0x0000000081800000, 0x0000000081900000, 0x0000000081900000|100%| O|  |TAMS 0x0000000081900000| PB 0x0000000081900000| Untracked |  0
|  25|0x0000000081900000, 0x0000000081a00000, 0x0000000081a00000|100%| O|  |TAMS 0x0000000081a00000| PB 0x0000000081a00000| Untracked |  0
|  26|0x0000000081a00000, 0x0000000081b00000, 0x0000000081b00000|100%| O|  |TAMS 0x0000000081b00000| PB 0x0000000081b00000| Untracked |  0
|  27|0x0000000081b00000, 0x0000000081c00000, 0x0000000081c00000|100%| O|  |TAMS 0x0000000081c00000| PB 0x0000000081c00000| Untracked |  0
|  28|0x0000000081c00000, 0x0000000081d00000, 0x0000000081d00000|100%| O|  |TAMS 0x0000000081d00000| PB 0x0000000081d00000| Untracked |  0
|  29|0x0000000081d00000, 0x0000000081e00000, 0x0000000081e00000|100%| O|  |TAMS 0x0000000081e00000| PB 0x0000000081e00000| Untracked |  0
|  30|0x0000000081e00000, 0x0000000081f00000, 0x0000000081f00000|100%| O|  |TAMS 0x0000000081f00000| PB 0x0000000081f00000| Untracked |  0
|  31|0x0000000081f00000, 0x0000000082000000, 0x0000000082000000|100%| O|  |TAMS 0x0000000082000000| PB 0x0000000082000000| Untracked |  0
|  32|0x0000000082000000, 0x0000000082100000, 0x0000000082100000|100%| O|  |TAMS 0x0000000082100000| PB 0x0000000082100000| Untracked |  0
|  33|0x0000000082100000, 0x0000000082200000, 0x0000000082200000|100%| O|  |TAMS 0x0000000082200000| PB 0x0000000082200000| Untracked |  0
|  34|0x0000000082200000, 0x0000000082300000, 0x0000000082300000|100%| O|  |TAMS 0x0000000082300000| PB 0x0000000082300000| Untracked |  0
|  35|0x0000000082300000, 0x0000000082400000, 0x0000000082400000|100%| O|  |TAMS 0x0000000082400000| PB 0x0000000082400000| Untracked |  0
|  36|0x0000000082400000, 0x0000000082500000, 0x0000000082500000|100%| O|  |TAMS 0x0000000082500000| PB 0x0000000082500000| Untracked |  0
|  37|0x0000000082500000, 0x0000000082600000, 0x0000000082600000|100%| O|  |TAMS 0x0000000082600000| PB 0x0000000082600000| Untracked |  0
|  38|0x0000000082600000, 0x0000000082700000, 0x0000000082700000|100%| O|  |TAMS 0x0000000082700000| PB 0x0000000082700000| Untracked |  0
|  39|0x0000000082700000, 0x0000000082800000, 0x0000000082800000|100%|HS|  |TAMS 0x0000000082800000| PB 0x0000000082700000| Complete |  0
|  40|0x0000000082800000, 0x0000000082900000, 0x0000000082900000|100%| O|  |TAMS 0x0000000082900000| PB 0x0000000082900000| Untracked |  0
|  41|0x0000000082900000, 0x0000000082a00000, 0x0000000082a00000|100%| O|  |TAMS 0x0000000082a00000| PB 0x0000000082a00000| Untracked |  0
|  42|0x0000000082a00000, 0x0000000082b00000, 0x0000000082b00000|100%| O|  |TAMS 0x0000000082b00000| PB 0x0000000082b00000| Untracked |  0
|  43|0x0000000082b00000, 0x0000000082c00000, 0x0000000082c00000|100%| O|  |TAMS 0x0000000082c00000| PB 0x0000000082c00000| Untracked |  0
|  44|0x0000000082c00000, 0x0000000082d00000, 0x0000000082d00000|100%| O|  |TAMS 0x0000000082d00000| PB 0x0000000082d00000| Untracked |  0
|  45|0x0000000082d00000, 0x0000000082e00000, 0x0000000082e00000|100%| O|  |TAMS 0x0000000082e00000| PB 0x0000000082e00000| Untracked |  0
|  46|0x0000000082e00000, 0x0000000082f00000, 0x0000000082f00000|100%| O|  |TAMS 0x0000000082f00000| PB 0x0000000082f00000| Untracked |  0
|  47|0x0000000082f00000, 0x0000000083000000, 0x0000000083000000|100%| O|  |TAMS 0x0000000083000000| PB 0x0000000083000000| Untracked |  0
|  48|0x0000000083000000, 0x0000000083100000, 0x0000000083100000|100%| O|  |TAMS 0x0000000083100000| PB 0x0000000083100000| Untracked |  0
|  49|0x0000000083100000, 0x0000000083200000, 0x0000000083200000|100%| O|  |TAMS 0x0000000083200000| PB 0x0000000083200000| Untracked |  0
|  50|0x0000000083200000, 0x0000000083300000, 0x0000000083300000|100%| O|  |TAMS 0x0000000083300000| PB 0x0000000083300000| Untracked |  0
|  51|0x0000000083300000, 0x0000000083400000, 0x0000000083400000|100%| O|  |TAMS 0x0000000083400000| PB 0x0000000083400000| Untracked |  0
|  52|0x0000000083400000, 0x0000000083500000, 0x0000000083500000|100%| O|  |TAMS 0x0000000083500000| PB 0x0000000083500000| Untracked |  0
|  53|0x0000000083500000, 0x0000000083600000, 0x0000000083600000|100%| O|  |TAMS 0x0000000083600000| PB 0x0000000083600000| Untracked |  0
|  54|0x0000000083600000, 0x0000000083700000, 0x0000000083700000|100%| O|  |TAMS 0x0000000083700000| PB 0x0000000083700000| Untracked |  0
|  55|0x0000000083700000, 0x0000000083800000, 0x0000000083800000|100%| O|  |TAMS 0x0000000083800000| PB 0x0000000083800000| Untracked |  0
|  56|0x0000000083800000, 0x0000000083900000, 0x0000000083900000|100%| O|  |TAMS 0x0000000083900000| PB 0x0000000083900000| Untracked |  0
|  57|0x0000000083900000, 0x0000000083a00000, 0x0000000083a00000|100%| O|  |TAMS 0x0000000083a00000| PB 0x0000000083a00000| Untracked |  0
|  58|0x0000000083a00000, 0x0000000083b00000, 0x0000000083b00000|100%| O|  |TAMS 0x0000000083b00000| PB 0x0000000083b00000| Untracked |  0
|  59|0x0000000083b00000, 0x0000000083c00000, 0x0000000083c00000|100%| O|  |TAMS 0x0000000083c00000| PB 0x0000000083c00000| Untracked |  0
|  60|0x0000000083c00000, 0x0000000083d00000, 0x0000000083d00000|100%| O|  |TAMS 0x0000000083d00000| PB 0x0000000083d00000| Untracked |  0
|  61|0x0000000083d00000, 0x0000000083e00000, 0x0000000083e00000|100%| O|  |TAMS 0x0000000083e00000| PB 0x0000000083e00000| Untracked |  0
|  62|0x0000000083e00000, 0x0000000083f00000, 0x0000000083f00000|100%| O|  |TAMS 0x0000000083f00000| PB 0x0000000083f00000| Untracked |  0
|  63|0x0000000083f00000, 0x0000000084000000, 0x0000000084000000|100%| O|  |TAMS 0x0000000084000000| PB 0x0000000084000000| Untracked |  0
|  64|0x0000000084000000, 0x0000000084100000, 0x0000000084100000|100%| O|  |TAMS 0x0000000084100000| PB 0x0000000084100000| Untracked |  0
|  65|0x0000000084100000, 0x0000000084200000, 0x0000000084200000|100%| O|  |TAMS 0x0000000084200000| PB 0x0000000084200000| Untracked |  0
|  66|0x0000000084200000, 0x0000000084300000, 0x0000000084300000|100%| O|  |TAMS 0x0000000084200000| PB 0x0000000084200000| Untracked |  0
|  67|0x0000000084300000, 0x0000000084400000, 0x0000000084400000|100%| O|  |TAMS 0x0000000084300000| PB 0x0000000084300000| Untracked |  0
|  68|0x0000000084400000, 0x0000000084500000, 0x0000000084500000|100%| O|  |TAMS 0x0000000084500000| PB 0x0000000084500000| Untracked |  0
|  69|0x0000000084500000, 0x0000000084600000, 0x0000000084600000|100%| O|  |TAMS 0x0000000084600000| PB 0x0000000084600000| Untracked |  0
|  70|0x0000000084600000, 0x0000000084700000, 0x0000000084700000|100%| O|  |TAMS 0x0000000084600000| PB 0x0000000084600000| Untracked |  0
|  71|0x0000000084700000, 0x0000000084800000, 0x0000000084800000|100%| O|  |TAMS 0x0000000084800000| PB 0x0000000084800000| Untracked |  0
|  72|0x0000000084800000, 0x0000000084900000, 0x0000000084900000|100%| O|  |TAMS 0x0000000084900000| PB 0x0000000084900000| Untracked |  0
|  73|0x0000000084900000, 0x0000000084a00000, 0x0000000084a00000|100%| O|  |TAMS 0x0000000084900000| PB 0x0000000084900000| Untracked |  0
|  74|0x0000000084a00000, 0x0000000084b00000, 0x0000000084b00000|100%| O|  |TAMS 0x0000000084a00000| PB 0x0000000084a00000| Untracked |  0
|  75|0x0000000084b00000, 0x0000000084c00000, 0x0000000084c00000|100%| O|  |TAMS 0x0000000084b00000| PB 0x0000000084b00000| Untracked |  0
|  76|0x0000000084c00000, 0x0000000084d00000, 0x0000000084d00000|100%| O|  |TAMS 0x0000000084c00000| PB 0x0000000084c00000| Untracked |  0
|  77|0x0000000084d00000, 0x0000000084d87a50, 0x0000000084e00000| 52%| O|  |TAMS 0x0000000084d00000| PB 0x0000000084d00000| Untracked |  0
|  78|0x0000000084e00000, 0x0000000084f00000, 0x0000000084f00000|100%|HS|  |TAMS 0x0000000084e00000| PB 0x0000000084e00000| Complete |  0
|  79|0x0000000084f00000, 0x0000000085000000, 0x0000000085000000|100%|HS|  |TAMS 0x0000000084f00000| PB 0x0000000084f00000| Complete |  0
|  80|0x0000000085000000, 0x0000000085000000, 0x0000000085100000|  0%| F|  |TAMS 0x0000000085000000| PB 0x0000000085000000| Untracked |  0
|  81|0x0000000085100000, 0x0000000085200000, 0x0000000085200000|100%| O|  |TAMS 0x0000000085200000| PB 0x0000000085200000| Untracked |  0
|  82|0x0000000085200000, 0x0000000085300000, 0x0000000085300000|100%| O|  |TAMS 0x0000000085300000| PB 0x0000000085300000| Untracked |  0
|  83|0x0000000085300000, 0x0000000085400000, 0x0000000085400000|100%|HS|  |TAMS 0x0000000085300000| PB 0x0000000085300000| Complete |  0
|  84|0x0000000085400000, 0x0000000085400000, 0x0000000085500000|  0%| F|  |TAMS 0x0000000085400000| PB 0x0000000085400000| Untracked |  0
|  85|0x0000000085500000, 0x0000000085600000, 0x0000000085600000|100%| O|  |TAMS 0x0000000085600000| PB 0x0000000085600000| Untracked |  0
|  86|0x0000000085600000, 0x0000000085700000, 0x0000000085700000|100%| O|  |TAMS 0x0000000085700000| PB 0x0000000085700000| Untracked |  0
|  87|0x0000000085700000, 0x0000000085800000, 0x0000000085800000|100%| O|  |TAMS 0x0000000085800000| PB 0x0000000085800000| Untracked |  0
|  88|0x0000000085800000, 0x0000000085900000, 0x0000000085900000|100%| O|  |TAMS 0x0000000085900000| PB 0x0000000085900000| Untracked |  0
|  89|0x0000000085900000, 0x0000000085a00000, 0x0000000085a00000|100%| O|  |TAMS 0x0000000085a00000| PB 0x0000000085a00000| Untracked |  0
|  90|0x0000000085a00000, 0x0000000085b00000, 0x0000000085b00000|100%| O|  |TAMS 0x0000000085b00000| PB 0x0000000085b00000| Untracked |  0
|  91|0x0000000085b00000, 0x0000000085c00000, 0x0000000085c00000|100%| O|  |TAMS 0x0000000085c00000| PB 0x0000000085c00000| Untracked |  0
|  92|0x0000000085c00000, 0x0000000085d00000, 0x0000000085d00000|100%|HS|  |TAMS 0x0000000085c00000| PB 0x0000000085c00000| Complete |  0
|  93|0x0000000085d00000, 0x0000000085e00000, 0x0000000085e00000|100%|HC|  |TAMS 0x0000000085d00000| PB 0x0000000085d00000| Complete |  0
|  94|0x0000000085e00000, 0x0000000085f00000, 0x0000000085f00000|100%|HC|  |TAMS 0x0000000085e00000| PB 0x0000000085e00000| Complete |  0
|  95|0x0000000085f00000, 0x0000000086000000, 0x0000000086000000|100%|HC|  |TAMS 0x0000000085f00000| PB 0x0000000085f00000| Complete |  0
|  96|0x0000000086000000, 0x0000000086100000, 0x0000000086100000|100%|HC|  |TAMS 0x0000000086000000| PB 0x0000000086000000| Complete |  0
|  97|0x0000000086100000, 0x0000000086200000, 0x0000000086200000|100%|HC|  |TAMS 0x0000000086100000| PB 0x0000000086100000| Complete |  0
|  98|0x0000000086200000, 0x0000000086200000, 0x0000000086300000|  0%| F|  |TAMS 0x0000000086200000| PB 0x0000000086200000| Untracked |  0
|  99|0x0000000086300000, 0x0000000086300000, 0x0000000086400000|  0%| F|  |TAMS 0x0000000086300000| PB 0x0000000086300000| Untracked |  0
| 100|0x0000000086400000, 0x0000000086400000, 0x0000000086500000|  0%| F|  |TAMS 0x0000000086400000| PB 0x0000000086400000| Untracked |  0
| 101|0x0000000086500000, 0x0000000086500000, 0x0000000086600000|  0%| F|  |TAMS 0x0000000086500000| PB 0x0000000086500000| Untracked |  0
| 102|0x0000000086600000, 0x0000000086600000, 0x0000000086700000|  0%| F|  |TAMS 0x0000000086600000| PB 0x0000000086600000| Untracked |  0
| 103|0x0000000086700000, 0x0000000086700000, 0x0000000086800000|  0%| F|  |TAMS 0x0000000086700000| PB 0x0000000086700000| Untracked |  0
| 104|0x0000000086800000, 0x0000000086800000, 0x0000000086900000|  0%| F|  |TAMS 0x0000000086800000| PB 0x0000000086800000| Untracked |  0
| 105|0x0000000086900000, 0x0000000086918ad0, 0x0000000086a00000|  9%| S|CS|TAMS 0x0000000086900000| PB 0x0000000086900000| Complete |  0
| 106|0x0000000086a00000, 0x0000000086b00000, 0x0000000086b00000|100%| S|CS|TAMS 0x0000000086a00000| PB 0x0000000086a00000| Complete |  0
| 107|0x0000000086b00000, 0x0000000086c00000, 0x0000000086c00000|100%| S|CS|TAMS 0x0000000086b00000| PB 0x0000000086b00000| Complete |  0
| 108|0x0000000086c00000, 0x0000000086d00000, 0x0000000086d00000|100%| S|CS|TAMS 0x0000000086c00000| PB 0x0000000086c00000| Complete |  0
| 109|0x0000000086d00000, 0x0000000086d00000, 0x0000000086e00000|  0%| F|  |TAMS 0x0000000086d00000| PB 0x0000000086d00000| Untracked |  0
| 110|0x0000000086e00000, 0x0000000086e00000, 0x0000000086f00000|  0%| F|  |TAMS 0x0000000086e00000| PB 0x0000000086e00000| Untracked |  0
| 111|0x0000000086f00000, 0x0000000086f00000, 0x0000000087000000|  0%| F|  |TAMS 0x0000000086f00000| PB 0x0000000086f00000| Untracked |  0
| 112|0x0000000087000000, 0x0000000087000000, 0x0000000087100000|  0%| F|  |TAMS 0x0000000087000000| PB 0x0000000087000000| Untracked |  0
| 113|0x0000000087100000, 0x0000000087100000, 0x0000000087200000|  0%| F|  |TAMS 0x0000000087100000| PB 0x0000000087100000| Untracked |  0
| 114|0x0000000087200000, 0x0000000087200000, 0x0000000087300000|  0%| F|  |TAMS 0x0000000087200000| PB 0x0000000087200000| Untracked |  0
| 115|0x0000000087300000, 0x0000000087300000, 0x0000000087400000|  0%| F|  |TAMS 0x0000000087300000| PB 0x0000000087300000| Untracked |  0
| 116|0x0000000087400000, 0x0000000087400000, 0x0000000087500000|  0%| F|  |TAMS 0x0000000087400000| PB 0x0000000087400000| Untracked |  0
| 117|0x0000000087500000, 0x0000000087500000, 0x0000000087600000|  0%| F|  |TAMS 0x0000000087500000| PB 0x0000000087500000| Untracked |  0
| 118|0x0000000087600000, 0x0000000087600000, 0x0000000087700000|  0%| F|  |TAMS 0x0000000087600000| PB 0x0000000087600000| Untracked |  0
| 119|0x0000000087700000, 0x0000000087700000, 0x0000000087800000|  0%| F|  |TAMS 0x0000000087700000| PB 0x0000000087700000| Untracked |  0
| 120|0x0000000087800000, 0x0000000087800000, 0x0000000087900000|  0%| F|  |TAMS 0x0000000087800000| PB 0x0000000087800000| Untracked |  0
| 121|0x0000000087900000, 0x0000000087900000, 0x0000000087a00000|  0%| F|  |TAMS 0x0000000087900000| PB 0x0000000087900000| Untracked |  0
| 122|0x0000000087a00000, 0x0000000087a00000, 0x0000000087b00000|  0%| F|  |TAMS 0x0000000087a00000| PB 0x0000000087a00000| Untracked |  0
| 123|0x0000000087b00000, 0x0000000087b00000, 0x0000000087c00000|  0%| F|  |TAMS 0x0000000087b00000| PB 0x0000000087b00000| Untracked |  0
| 124|0x0000000087c00000, 0x0000000087c00000, 0x0000000087d00000|  0%| F|  |TAMS 0x0000000087c00000| PB 0x0000000087c00000| Untracked |  0
| 125|0x0000000087d00000, 0x0000000087d00000, 0x0000000087e00000|  0%| F|  |TAMS 0x0000000087d00000| PB 0x0000000087d00000| Untracked |  0
| 126|0x0000000087e00000, 0x0000000087e00000, 0x0000000087f00000|  0%| F|  |TAMS 0x0000000087e00000| PB 0x0000000087e00000| Untracked |  0
| 127|0x0000000087f00000, 0x0000000087f00000, 0x0000000088000000|  0%| F|  |TAMS 0x0000000087f00000| PB 0x0000000087f00000| Untracked |  0
| 128|0x0000000088000000, 0x0000000088000000, 0x0000000088100000|  0%| F|  |TAMS 0x0000000088000000| PB 0x0000000088000000| Untracked |  0
| 129|0x0000000088100000, 0x0000000088100000, 0x0000000088200000|  0%| F|  |TAMS 0x0000000088100000| PB 0x0000000088100000| Untracked |  0
| 130|0x0000000088200000, 0x0000000088200000, 0x0000000088300000|  0%| F|  |TAMS 0x0000000088200000| PB 0x0000000088200000| Untracked |  0
| 131|0x0000000088300000, 0x0000000088300000, 0x0000000088400000|  0%| F|  |TAMS 0x0000000088300000| PB 0x0000000088300000| Untracked |  0
| 132|0x0000000088400000, 0x0000000088400000, 0x0000000088500000|  0%| F|  |TAMS 0x0000000088400000| PB 0x0000000088400000| Untracked |  0
| 133|0x0000000088500000, 0x0000000088500000, 0x0000000088600000|  0%| F|  |TAMS 0x0000000088500000| PB 0x0000000088500000| Untracked |  0
| 134|0x0000000088600000, 0x0000000088600000, 0x0000000088700000|  0%| F|  |TAMS 0x0000000088600000| PB 0x0000000088600000| Untracked |  0
| 135|0x0000000088700000, 0x0000000088700000, 0x0000000088800000|  0%| F|  |TAMS 0x0000000088700000| PB 0x0000000088700000| Untracked |  0
| 136|0x0000000088800000, 0x0000000088800000, 0x0000000088900000|  0%| F|  |TAMS 0x0000000088800000| PB 0x0000000088800000| Untracked |  0
| 137|0x0000000088900000, 0x0000000088900000, 0x0000000088a00000|  0%| F|  |TAMS 0x0000000088900000| PB 0x0000000088900000| Untracked |  0
| 138|0x0000000088a00000, 0x0000000088a00000, 0x0000000088b00000|  0%| F|  |TAMS 0x0000000088a00000| PB 0x0000000088a00000| Untracked |  0
| 139|0x0000000088b00000, 0x0000000088b00000, 0x0000000088c00000|  0%| F|  |TAMS 0x0000000088b00000| PB 0x0000000088b00000| Untracked |  0
| 140|0x0000000088c00000, 0x0000000088c00000, 0x0000000088d00000|  0%| F|  |TAMS 0x0000000088c00000| PB 0x0000000088c00000| Untracked |  0
| 141|0x0000000088d00000, 0x0000000088d00000, 0x0000000088e00000|  0%| F|  |TAMS 0x0000000088d00000| PB 0x0000000088d00000| Untracked |  0
| 207|0x000000008cf00000, 0x000000008cf00000, 0x000000008d000000|  0%| F|  |TAMS 0x000000008cf00000| PB 0x000000008cf00000| Untracked |  0
| 208|0x000000008d000000, 0x000000008d000000, 0x000000008d100000|  0%| F|  |TAMS 0x000000008d000000| PB 0x000000008d000000| Untracked |  0
| 209|0x000000008d100000, 0x000000008d200000, 0x000000008d200000|100%| E|  |TAMS 0x000000008d100000| PB 0x000000008d100000| Complete |  0
| 242|0x000000008f200000, 0x000000008f300000, 0x000000008f300000|100%| E|CS|TAMS 0x000000008f200000| PB 0x000000008f200000| Complete |  0
| 243|0x000000008f300000, 0x000000008f400000, 0x000000008f400000|100%| E|CS|TAMS 0x000000008f300000| PB 0x000000008f300000| Complete |  0
|2030|0x00000000fee00000, 0x00000000fef00000, 0x00000000fef00000|100%| O|  |TAMS 0x00000000fee21c60| PB 0x00000000fee21c60| Untracked |  0
|2031|0x00000000fef00000, 0x00000000ff000000, 0x00000000ff000000|100%| O|Cm|TAMS 0x00000000ff000000| PB 0x00000000ff000000| Updating |  0
|2032|0x00000000ff000000, 0x00000000ff100000, 0x00000000ff100000|100%| O|Cm|TAMS 0x00000000ff100000| PB 0x00000000ff100000| Updating |  0
|2033|0x00000000ff100000, 0x00000000ff200000, 0x00000000ff200000|100%| O|  |TAMS 0x00000000ff200000| PB 0x00000000ff200000| Untracked |  0
|2034|0x00000000ff200000, 0x00000000ff300000, 0x00000000ff300000|100%| O|  |TAMS 0x00000000ff300000| PB 0x00000000ff300000| Untracked |  0
|2035|0x00000000ff300000, 0x00000000ff400000, 0x00000000ff400000|100%| O|  |TAMS 0x00000000ff400000| PB 0x00000000ff400000| Untracked |  0
|2036|0x00000000ff400000, 0x00000000ff500000, 0x00000000ff500000|100%| O|Cm|TAMS 0x00000000ff500000| PB 0x00000000ff500000| Updating |  0
|2037|0x00000000ff500000, 0x00000000ff600000, 0x00000000ff600000|100%| O|  |TAMS 0x00000000ff600000| PB 0x00000000ff600000| Untracked |  0
|2038|0x00000000ff600000, 0x00000000ff700000, 0x00000000ff700000|100%| O|  |TAMS 0x00000000ff700000| PB 0x00000000ff700000| Untracked |  0
|2039|0x00000000ff700000, 0x00000000ff800000, 0x00000000ff800000|100%| O|  |TAMS 0x00000000ff800000| PB 0x00000000ff800000| Untracked |  0
|2040|0x00000000ff800000, 0x00000000ff900000, 0x00000000ff900000|100%| O|  |TAMS 0x00000000ff900000| PB 0x00000000ff900000| Untracked |  0
|2041|0x00000000ff900000, 0x00000000ffa00000, 0x00000000ffa00000|100%| O|  |TAMS 0x00000000ffa00000| PB 0x00000000ffa00000| Untracked |  0
|2042|0x00000000ffa00000, 0x00000000ffb00000, 0x00000000ffb00000|100%| O|  |TAMS 0x00000000ffb00000| PB 0x00000000ffb00000| Untracked |  0
|2043|0x00000000ffb00000, 0x00000000ffc00000, 0x00000000ffc00000|100%| O|Cm|TAMS 0x00000000ffc00000| PB 0x00000000ffc00000| Updating |  0
|2044|0x00000000ffc00000, 0x00000000ffd00000, 0x00000000ffd00000|100%| O|  |TAMS 0x00000000ffd00000| PB 0x00000000ffd00000| Untracked |  0
|2045|0x00000000ffd00000, 0x00000000ffe00000, 0x00000000ffe00000|100%| O|  |TAMS 0x00000000ffe00000| PB 0x00000000ffe00000| Untracked |  0
|2046|0x00000000ffe00000, 0x00000000fff00000, 0x00000000fff00000|100%| O|  |TAMS 0x00000000fff00000| PB 0x00000000fff00000| Untracked |  0
|2047|0x00000000fff00000, 0x0000000100000000, 0x0000000100000000|100%| E|CS|TAMS 0x00000000fff00000| PB 0x00000000fff00000| Complete |  0

Card table byte_map: [0x0000013232b90000,0x0000013232f90000] _byte_map_base: 0x0000013232790000

Marking Bits: (CMBitMap*) 0x0000013218659d10
 Bits: [0x0000013232f90000, 0x0000013234f90000)

Polling page: 0x00000132189e0000

Metaspace:

Usage:
  Non-class:     72.99 MB used.
      Class:     12.28 MB used.
       Both:     85.27 MB used.

Virtual space:
  Non-class space:      128.00 MB reserved,      74.06 MB ( 58%) committed,  2 nodes.
      Class space:        1.00 GB reserved,      13.25 MB (  1%) committed,  1 nodes.
             Both:        1.12 GB reserved,      87.31 MB (  8%) committed. 

Chunk freelists:
   Non-Class:  5.61 MB
       Class:  2.61 MB
        Both:  8.22 MB

MaxMetaspaceSize: unlimited
CompressedClassSpaceSize: 1.00 GB
Initial GC threshold: 21.00 MB
Current GC threshold: 139.38 MB
CDS: on
 - commit_granule_bytes: 65536.
 - commit_granule_words: 8192.
 - virtual_space_node_default_size: 8388608.
 - enlarge_chunks_in_place: 1.
 - use_allocation_guard: 0.


Internal statistics:

num_allocs_failed_limit: 6.
num_arena_births: 3394.
num_arena_deaths: 12.
num_vsnodes_births: 3.
num_vsnodes_deaths: 0.
num_space_committed: 1395.
num_space_uncommitted: 0.
num_chunks_returned_to_freelist: 30.
num_chunks_taken_from_freelist: 7074.
num_chunk_merges: 9.
num_chunk_splits: 4817.
num_chunks_enlarged: 3234.
num_inconsistent_stats: 0.

CodeHeap 'non-profiled nmethods': size=119232Kb used=4769Kb max_used=4944Kb free=114462Kb
 bounds [0x000001322a360000, 0x000001322a840000, 0x00000132317d0000]
CodeHeap 'profiled nmethods': size=119104Kb used=16191Kb max_used=16756Kb free=102912Kb
 bounds [0x00000132227d0000, 0x0000013223830000, 0x0000013229c20000]
CodeHeap 'non-nmethods': size=7424Kb used=4546Kb max_used=4593Kb free=2877Kb
 bounds [0x0000013229c20000, 0x000001322a0a0000, 0x000001322a360000]
CodeCache: size=245760Kb, used=25506Kb, max_used=26293Kb, free=220251Kb
 total_blobs=11936, nmethods=10943, adapters=894, full_count=0
Compilation: enabled, stopped_count=0, restarted_count=0

Compilation events (20 events):
Event: 28.214 Thread 0x0000013201551bd0 nmethod 12977 0x0000013223821208 code [0x0000013223821360, 0x0000013223821828]
Event: 28.214 Thread 0x00000132015522a0 12984   !   3       org.jetbrains.kotlin.metadata.jvm.JvmModuleProtoBuf$PackageParts::<init> (1103 bytes)
Event: 28.214 Thread 0x0000013201551bd0 12981       3       org.jetbrains.kotlin.metadata.jvm.JvmModuleProtoBuf$PackageParts$1::parsePartialFrom (7 bytes)
Event: 28.214 Thread 0x00000132380ca730 nmethod 12980 0x0000013223821888 code [0x00000132238219e0, 0x0000013223821f08]
Event: 28.214 Thread 0x0000013201550e30 12982       3       org.jetbrains.kotlin.metadata.jvm.JvmModuleProtoBuf$PackageParts$1::parsePartialFrom (11 bytes)
Event: 28.214 Thread 0x00000132380ca730 12983       3       org.jetbrains.kotlin.metadata.jvm.JvmModuleProtoBuf$PackageParts::<init> (7 bytes)
Event: 28.214 Thread 0x0000013201551bd0 nmethod 12981 0x0000013223821f88 code [0x00000132238220a0, 0x00000132238221d8]
Event: 28.214 Thread 0x0000013201551bd0 12985       3       org.jetbrains.kotlin.metadata.jvm.JvmModuleProtoBuf$Module::getPackagePartsCount (10 bytes)
Event: 28.214 Thread 0x00000132380ca730 nmethod 12983 0x0000013223822288 code [0x00000132238223a0, 0x00000132238224d8]
Event: 28.214 Thread 0x00000132380ca730 12986       3       org.jetbrains.kotlin.metadata.jvm.JvmModuleProtoBuf$Module::getPackageParts (14 bytes)
Event: 28.214 Thread 0x0000013201550e30 nmethod 12982 0x0000013223822588 code [0x00000132238226c0, 0x00000132238228c8]
Event: 28.214 Thread 0x00000132380ca730 nmethod 12986 0x0000013223822908 code [0x0000013223822a40, 0x0000013223822ce8]
Event: 28.214 Thread 0x0000013201551bd0 nmethod 12985 0x0000013223822d08 code [0x0000013223822e20, 0x0000013223822ff8]
Event: 28.214 Thread 0x00000132380ca730 12987       3       org.jetbrains.kotlin.metadata.jvm.JvmModuleProtoBuf$PackageParts::getPackageFqName (41 bytes)
Event: 28.214 Thread 0x0000013201551bd0 12988       3       org.jetbrains.kotlin.metadata.jvm.deserialization.PackageParts::<init> (41 bytes)
Event: 28.214 Thread 0x00000132380ca730 nmethod 12987 0x0000013223823088 code [0x00000132238231e0, 0x00000132238237d8]
Event: 28.215 Thread 0x0000013201551bd0 nmethod 12988 0x0000013223823808 code [0x0000013223823a00, 0x0000013223824400]
Event: 28.217 Thread 0x00000132378afba0 12989       4       java.io.DataInputStream::<init> (28 bytes)
Event: 28.222 Thread 0x00000132378afba0 nmethod 12989 0x000001322a833a08 code [0x000001322a833b20, 0x000001322a833fc0]
Event: 28.223 Thread 0x00000132015522a0 nmethod 12984 0x0000013223824488 code [0x0000013223824ec0, 0x000001322382d2c8]

GC Heap History (20 events):
Event: 23.145 GC heap before
{Heap before GC invocations=27 (full 0):
 garbage-first heap   total reserved 2097152K, committed 114688K, used 100073K [0x0000000080000000, 0x0000000100000000)
  region size 1024K, 40 young (40960K), 6 survivors (6144K)
 Metaspace       used 66881K, committed 68800K, reserved 1114112K
  class space    used 9611K, committed 10496K, reserved 1048576K
}
Event: 23.151 GC heap after
{Heap after GC invocations=28 (full 0):
 garbage-first heap   total reserved 2097152K, committed 114688K, used 69942K [0x0000000080000000, 0x0000000100000000)
  region size 1024K, 4 young (4096K), 4 survivors (4096K)
 Metaspace       used 66881K, committed 68800K, reserved 1114112K
  class space    used 9611K, committed 10496K, reserved 1048576K
}
Event: 23.533 GC heap before
{Heap before GC invocations=29 (full 0):
 garbage-first heap   total reserved 2097152K, committed 117760K, used 101686K [0x0000000080000000, 0x0000000100000000)
  region size 1024K, 36 young (36864K), 4 survivors (4096K)
 Metaspace       used 67225K, committed 69184K, reserved 1114112K
  class space    used 9633K, committed 10560K, reserved 1048576K
}
Event: 23.537 GC heap after
{Heap after GC invocations=30 (full 0):
 garbage-first heap   total reserved 2097152K, committed 117760K, used 71090K [0x0000000080000000, 0x0000000100000000)
  region size 1024K, 2 young (2048K), 2 survivors (2048K)
 Metaspace       used 67225K, committed 69184K, reserved 1114112K
  class space    used 9633K, committed 10560K, reserved 1048576K
}
Event: 23.803 GC heap before
{Heap before GC invocations=30 (full 0):
 garbage-first heap   total reserved 2097152K, committed 117760K, used 106930K [0x0000000080000000, 0x0000000100000000)
  region size 1024K, 38 young (38912K), 2 survivors (2048K)
 Metaspace       used 67233K, committed 69184K, reserved 1114112K
  class space    used 9633K, committed 10560K, reserved 1048576K
}
Event: 23.808 GC heap after
{Heap after GC invocations=31 (full 0):
 garbage-first heap   total reserved 2097152K, committed 117760K, used 71427K [0x0000000080000000, 0x0000000100000000)
  region size 1024K, 3 young (3072K), 3 survivors (3072K)
 Metaspace       used 67233K, committed 69184K, reserved 1114112K
  class space    used 9633K, committed 10560K, reserved 1048576K
}
Event: 23.946 GC heap before
{Heap before GC invocations=31 (full 0):
 garbage-first heap   total reserved 2097152K, committed 117760K, used 105219K [0x0000000080000000, 0x0000000100000000)
  region size 1024K, 37 young (37888K), 3 survivors (3072K)
 Metaspace       used 67242K, committed 69184K, reserved 1114112K
  class space    used 9633K, committed 10560K, reserved 1048576K
}
Event: 23.950 GC heap after
{Heap after GC invocations=32 (full 0):
 garbage-first heap   total reserved 2097152K, committed 141312K, used 72343K [0x0000000080000000, 0x0000000100000000)
  region size 1024K, 4 young (4096K), 4 survivors (4096K)
 Metaspace       used 67242K, committed 69184K, reserved 1114112K
  class space    used 9633K, committed 10560K, reserved 1048576K
}
Event: 25.428 GC heap before
{Heap before GC invocations=33 (full 0):
 garbage-first heap   total reserved 2097152K, committed 141312K, used 126615K [0x0000000080000000, 0x0000000100000000)
  region size 1024K, 58 young (59392K), 4 survivors (4096K)
 Metaspace       used 74444K, committed 76352K, reserved 1114112K
  class space    used 11005K, committed 11904K, reserved 1048576K
}
Event: 25.431 GC heap after
{Heap after GC invocations=34 (full 0):
 garbage-first heap   total reserved 2097152K, committed 141312K, used 74679K [0x0000000080000000, 0x0000000100000000)
  region size 1024K, 6 young (6144K), 6 survivors (6144K)
 Metaspace       used 74444K, committed 76352K, reserved 1114112K
  class space    used 11005K, committed 11904K, reserved 1048576K
}
Event: 26.408 GC heap before
{Heap before GC invocations=34 (full 0):
 garbage-first heap   total reserved 2097152K, committed 141312K, used 124855K [0x0000000080000000, 0x0000000100000000)
  region size 1024K, 56 young (57344K), 6 survivors (6144K)
 Metaspace       used 81523K, committed 83520K, reserved 1179648K
  class space    used 11893K, committed 12800K, reserved 1048576K
}
Event: 26.414 GC heap after
{Heap after GC invocations=35 (full 0):
 garbage-first heap   total reserved 2097152K, committed 141312K, used 75801K [0x0000000080000000, 0x0000000100000000)
  region size 1024K, 6 young (6144K), 6 survivors (6144K)
 Metaspace       used 81523K, committed 83520K, reserved 1179648K
  class space    used 11893K, committed 12800K, reserved 1048576K
}
Event: 26.614 GC heap before
{Heap before GC invocations=35 (full 0):
 garbage-first heap   total reserved 2097152K, committed 141312K, used 88089K [0x0000000080000000, 0x0000000100000000)
  region size 1024K, 19 young (19456K), 6 survivors (6144K)
 Metaspace       used 83110K, committed 85120K, reserved 1179648K
  class space    used 12094K, committed 12992K, reserved 1048576K
}
Event: 26.620 GC heap after
{Heap after GC invocations=36 (full 0):
 garbage-first heap   total reserved 2097152K, committed 141312K, used 76599K [0x0000000080000000, 0x0000000100000000)
  region size 1024K, 3 young (3072K), 3 survivors (3072K)
 Metaspace       used 83110K, committed 85120K, reserved 1179648K
  class space    used 12094K, committed 12992K, reserved 1048576K
}
Event: 27.037 GC heap before
{Heap before GC invocations=37 (full 0):
 garbage-first heap   total reserved 2097152K, committed 142336K, used 139063K [0x0000000080000000, 0x0000000100000000)
  region size 1024K, 54 young (55296K), 3 survivors (3072K)
 Metaspace       used 83526K, committed 85632K, reserved 1179648K
  class space    used 12106K, committed 13056K, reserved 1048576K
}
Event: 27.050 GC heap after
{Heap after GC invocations=38 (full 0):
 garbage-first heap   total reserved 2097152K, committed 158720K, used 94166K [0x0000000080000000, 0x0000000100000000)
  region size 1024K, 7 young (7168K), 7 survivors (7168K)
 Metaspace       used 83526K, committed 85632K, reserved 1179648K
  class space    used 12106K, committed 13056K, reserved 1048576K
}
Event: 27.296 GC heap before
{Heap before GC invocations=38 (full 0):
 garbage-first heap   total reserved 2097152K, committed 158720K, used 146390K [0x0000000080000000, 0x0000000100000000)
  region size 1024K, 51 young (52224K), 7 survivors (7168K)
 Metaspace       used 83526K, committed 85632K, reserved 1179648K
  class space    used 12106K, committed 13056K, reserved 1048576K
}
Event: 27.311 GC heap after
{Heap after GC invocations=39 (full 0):
 garbage-first heap   total reserved 2097152K, committed 168960K, used 105607K [0x0000000080000000, 0x0000000100000000)
  region size 1024K, 7 young (7168K), 7 survivors (7168K)
 Metaspace       used 83526K, committed 85632K, reserved 1179648K
  class space    used 12106K, committed 13056K, reserved 1048576K
}
Event: 28.124 GC heap before
{Heap before GC invocations=39 (full 0):
 garbage-first heap   total reserved 2097152K, committed 168960K, used 140423K [0x0000000080000000, 0x0000000100000000)
  region size 1024K, 42 young (43008K), 7 survivors (7168K)
 Metaspace       used 87163K, committed 89216K, reserved 1179648K
  class space    used 12563K, committed 13504K, reserved 1048576K
}
Event: 28.130 GC heap after
{Heap after GC invocations=40 (full 0):
 garbage-first heap   total reserved 2097152K, committed 168960K, used 110209K [0x0000000080000000, 0x0000000100000000)
  region size 1024K, 4 young (4096K), 4 survivors (4096K)
 Metaspace       used 87163K, committed 89216K, reserved 1179648K
  class space    used 12563K, committed 13504K, reserved 1048576K
}

Dll operation events (15 events):
Event: 0.012 Loaded shared library C:\Program Files\Java\jdk-23\bin\java.dll
Event: 0.091 Loaded shared library C:\Program Files\Java\jdk-23\bin\jsvml.dll
Event: 0.163 Loaded shared library C:\Program Files\Java\jdk-23\bin\zip.dll
Event: 0.169 Loaded shared library C:\Program Files\Java\jdk-23\bin\instrument.dll
Event: 0.174 Loaded shared library C:\Program Files\Java\jdk-23\bin\net.dll
Event: 0.176 Loaded shared library C:\Program Files\Java\jdk-23\bin\nio.dll
Event: 0.181 Loaded shared library C:\Program Files\Java\jdk-23\bin\zip.dll
Event: 0.459 Loaded shared library C:\Program Files\Java\jdk-23\bin\jimage.dll
Event: 0.671 Loaded shared library C:\Program Files\Java\jdk-23\bin\verify.dll
Event: 0.815 Loaded shared library C:\Users\Haqii\.gradle\native\1def1411415f61bf3af743bc5b6707747c0891f09f0c88961ee8f79bc544acac\windows-amd64\native-platform.dll
Event: 0.828 Loaded shared library C:\Users\Haqii\.gradle\native\0.2.7\x86_64-windows-gnu\gradle-fileevents.dll
Event: 3.014 Loaded shared library C:\Program Files\Java\jdk-23\bin\management.dll
Event: 3.019 Loaded shared library C:\Program Files\Java\jdk-23\bin\management_ext.dll
Event: 3.270 Loaded shared library C:\Program Files\Java\jdk-23\bin\extnet.dll
Event: 3.829 Loaded shared library C:\Program Files\Java\jdk-23\bin\sunmscapi.dll

Deoptimization events (20 events):
Event: 27.902 Thread 0x000001327f77e130 Uncommon trap: trap_request=0xffffff45 fr.pc=0x000001322a59fb60 relative=0x0000000000000fc0
Event: 27.902 Thread 0x000001327f77e130 Uncommon trap: reason=unstable_if action=reinterpret pc=0x000001322a59fb60 method=java.util.concurrent.ConcurrentHashMap.putVal(Ljava/lang/Object;Ljava/lang/Object;Z)Ljava/lang/Object; @ 162 c2
Event: 27.902 Thread 0x000001327f77e130 DEOPT PACKING pc=0x000001322a59fb60 sp=0x0000000c1e4f3bc0
Event: 27.902 Thread 0x000001327f77e130 DEOPT UNPACKING pc=0x0000013229c74402 sp=0x0000000c1e4f3b58 mode 2
Event: 28.172 Thread 0x000001327f77e130 Uncommon trap: trap_request=0xffffffde fr.pc=0x000001322a82c804 relative=0x0000000000000484
Event: 28.172 Thread 0x000001327f77e130 Uncommon trap: reason=class_check action=maybe_recompile pc=0x000001322a82c804 method=org.jetbrains.kotlin.protobuf.CodedInputStream.tryRefillBuffer(I)Z @ 177 c2
Event: 28.172 Thread 0x000001327f77e130 DEOPT PACKING pc=0x000001322a82c804 sp=0x0000000c1e4f4200
Event: 28.172 Thread 0x000001327f77e130 DEOPT UNPACKING pc=0x0000013229c74402 sp=0x0000000c1e4f40e8 mode 2
Event: 28.176 Thread 0x000001327f77e130 Uncommon trap: trap_request=0xffffffde fr.pc=0x000001322a82c804 relative=0x0000000000000484
Event: 28.176 Thread 0x000001327f77e130 Uncommon trap: reason=class_check action=maybe_recompile pc=0x000001322a82c804 method=org.jetbrains.kotlin.protobuf.CodedInputStream.tryRefillBuffer(I)Z @ 177 c2
Event: 28.176 Thread 0x000001327f77e130 DEOPT PACKING pc=0x000001322a82c804 sp=0x0000000c1e4f4200
Event: 28.176 Thread 0x000001327f77e130 DEOPT UNPACKING pc=0x0000013229c74402 sp=0x0000000c1e4f40e8 mode 2
Event: 28.181 Thread 0x000001327f77e130 Uncommon trap: trap_request=0xffffffde fr.pc=0x000001322a82c804 relative=0x0000000000000484
Event: 28.181 Thread 0x000001327f77e130 Uncommon trap: reason=class_check action=maybe_recompile pc=0x000001322a82c804 method=org.jetbrains.kotlin.protobuf.CodedInputStream.tryRefillBuffer(I)Z @ 177 c2
Event: 28.181 Thread 0x000001327f77e130 DEOPT PACKING pc=0x000001322a82c804 sp=0x0000000c1e4f4200
Event: 28.181 Thread 0x000001327f77e130 DEOPT UNPACKING pc=0x0000013229c74402 sp=0x0000000c1e4f40e8 mode 2
Event: 28.181 Thread 0x000001327f77e130 Uncommon trap: trap_request=0xffffffde fr.pc=0x000001322a82c804 relative=0x0000000000000484
Event: 28.181 Thread 0x000001327f77e130 Uncommon trap: reason=class_check action=maybe_recompile pc=0x000001322a82c804 method=org.jetbrains.kotlin.protobuf.CodedInputStream.tryRefillBuffer(I)Z @ 177 c2
Event: 28.181 Thread 0x000001327f77e130 DEOPT PACKING pc=0x000001322a82c804 sp=0x0000000c1e4f4200
Event: 28.181 Thread 0x000001327f77e130 DEOPT UNPACKING pc=0x0000013229c74402 sp=0x0000000c1e4f40e8 mode 2

Classes loaded (20 events):
Event: 26.196 Loading class java/io/UTFDataFormatException
Event: 26.196 Loading class java/io/UTFDataFormatException done
Event: 26.219 Loading class java/nio/channels/NonWritableChannelException
Event: 26.219 Loading class java/nio/channels/NonWritableChannelException done
Event: 26.358 Loading class java/nio/charset/IllegalCharsetNameException
Event: 26.358 Loading class java/nio/charset/IllegalCharsetNameException done
Event: 26.358 Loading class java/nio/charset/UnsupportedCharsetException
Event: 26.359 Loading class java/nio/charset/UnsupportedCharsetException done
Event: 26.359 Loading class sun/nio/cs/MS1251
Event: 26.359 Loading class sun/nio/cs/MS1251 done
Event: 26.592 Loading class java/beans/PropertyChangeSupport
Event: 26.593 Loading class java/beans/PropertyChangeSupport done
Event: 26.593 Loading class java/beans/PropertyChangeSupport$PropertyChangeListenerMap
Event: 26.593 Loading class java/beans/ChangeListenerMap
Event: 26.594 Loading class java/beans/ChangeListenerMap done
Event: 26.594 Loading class java/beans/PropertyChangeSupport$PropertyChangeListenerMap done
Event: 26.644 Loading class java/util/zip/ZipFile$ZipEntryIterator
Event: 26.644 Loading class java/util/zip/ZipFile$ZipEntryIterator done
Event: 27.363 Loading class java/util/regex/Pattern$Bound
Event: 27.364 Loading class java/util/regex/Pattern$Bound done

Classes unloaded (20 events):
Event: 15.293 Thread 0x0000013237888c20 Unloading class 0x000001323a6a9000 'ProtobufPatchPlugin$_apply_closure1$_closure2$_closure3$_closure4'
Event: 15.293 Thread 0x0000013237888c20 Unloading class 0x000001323a6a8ab0 'ProtobufPatchPlugin$_apply_closure1$_closure2$_closure3'
Event: 15.293 Thread 0x0000013237888c20 Unloading class 0x000001323a6a86c0 'ProtobufPatchPlugin$_apply_closure1$_closure2'
Event: 15.293 Thread 0x0000013237888c20 Unloading class 0x000001323a6a82d0 'ProtobufPatchPlugin$_apply_closure1'
Event: 15.293 Thread 0x0000013237888c20 Unloading class 0x000001323a6a8000 'ProtobufPatchPlugin'
Event: 18.327 Thread 0x0000013237888c20 Unloading class 0x000001323a6b37e0 '_BuildScript_$_run_closure1$_closure2$_closure4$_closure5'
Event: 18.327 Thread 0x0000013237888c20 Unloading class 0x000001323a6b33f0 '_BuildScript_$_run_closure1$_closure2$_closure4'
Event: 18.327 Thread 0x0000013237888c20 Unloading class 0x000001323a6b3000 '_BuildScript_$_run_closure1$_closure2$_closure3'
Event: 18.327 Thread 0x0000013237888c20 Unloading class 0x000001323a6b2928 '_BuildScript_$_run_closure1$_closure2'
Event: 18.327 Thread 0x0000013237888c20 Unloading class 0x000001323a6b2538 '_BuildScript_$_run_closure1'
Event: 18.327 Thread 0x0000013237888c20 Unloading class 0x000001323a6b2000 '_BuildScript_'
Event: 18.327 Thread 0x0000013237888c20 Unloading class 0x000001323a6ac3f0 '_BuildScript_$_run_closure1$_closure2$_closure3$_closure4'
Event: 18.327 Thread 0x0000013237888c20 Unloading class 0x000001323a6ac000 '_BuildScript_$_run_closure1$_closure2$_closure3'
Event: 18.327 Thread 0x0000013237888c20 Unloading class 0x000001323a5e8928 '_BuildScript_$_run_closure1$_closure2'
Event: 18.327 Thread 0x0000013237888c20 Unloading class 0x000001323a5e8538 '_BuildScript_$_run_closure1'
Event: 18.327 Thread 0x0000013237888c20 Unloading class 0x000001323a5e8000 '_BuildScript_'
Event: 23.215 Thread 0x0000013237888c20 Unloading class 0x000001323a6c0000 '_BuildScript_'
Event: 23.215 Thread 0x0000013237888c20 Unloading class 0x000001323a6b9928 '_BuildScript_$_run_closure1$_closure2'
Event: 23.215 Thread 0x0000013237888c20 Unloading class 0x000001323a6b9538 '_BuildScript_$_run_closure1'
Event: 23.215 Thread 0x0000013237888c20 Unloading class 0x000001323a6b9000 '_BuildScript_'

Classes redefined (0 events):
No events

Internal exceptions (20 events):
Event: 25.309 Thread 0x000001327f77e130 Exception <a 'sun/nio/fs/WindowsException'{0x0000000085aab548}> (0x0000000085aab548) 
thrown [s\open\src\hotspot\share\prims\jni.cpp, line 520]
Event: 25.374 Thread 0x000001327f77e130 Exception <a 'java/lang/NoSuchMethodError'{0x0000000085684368}: 'long java.lang.invoke.DirectMethodHandle$Holder.invokeStatic(java.lang.Object)'> (0x0000000085684368) 
thrown [s\open\src\hotspot\share\interpreter\linkResolver.cpp, line 796]
Event: 25.374 Thread 0x000001327f77e130 Exception <a 'java/lang/NoSuchMethodError'{0x0000000085688f00}: 'long java.lang.invoke.DirectMethodHandle$Holder.invokeStaticInit(java.lang.Object)'> (0x0000000085688f00) 
thrown [s\open\src\hotspot\share\interpreter\linkResolver.cpp, line 796]
Event: 25.484 Thread 0x000001327f77e130 Exception <a 'java/lang/NoSuchMethodError'{0x000000008f3c6020}: 'void java.lang.invoke.DirectMethodHandle$Holder.invokeStaticInit(java.lang.Object)'> (0x000000008f3c6020) 
thrown [s\open\src\hotspot\share\interpreter\linkResolver.cpp, line 796]
Event: 25.495 Thread 0x000001327f77e130 Exception <a 'java/lang/NoSuchMethodError'{0x000000008f24abf8}: 'void java.lang.invoke.DelegatingMethodHandle$Holder.reinvoke_L(java.lang.Object, java.lang.Object, java.lang.Object, long, java.lang.Object)'> (0x000000008f24abf8) 
thrown [s\open\src\hotspot\share\interpreter\linkResolver.cpp, line 796]
Event: 25.496 Thread 0x000001327f77e130 Exception <a 'java/lang/NoSuchMethodError'{0x000000008f253088}: 'java.lang.Object java.lang.invoke.DirectMethodHandle$Holder.invokeSpecial(java.lang.Object, java.lang.Object, java.lang.Object, java.lang.Object, long)'> (0x000000008f253088) 
thrown [s\open\src\hotspot\share\interpreter\linkResolver.cpp, line 796]
Event: 25.496 Thread 0x000001327f77e130 Exception <a 'java/lang/NoSuchMethodError'{0x000000008f262f38}: 'int java.lang.invoke.DelegatingMethodHandle$Holder.reinvoke_L(java.lang.Object, java.lang.Object, java.lang.Object, long, java.lang.Object, java.lang.Object)'> (0x000000008f262f38) 
thrown [s\open\src\hotspot\share\interpreter\linkResolver.cpp, line 796]
Event: 25.497 Thread 0x000001327f77e130 Exception <a 'java/lang/NoSuchMethodError'{0x000000008f2726f8}: 'int java.lang.invoke.DelegatingMethodHandle$Holder.reinvoke_L(java.lang.Object, java.lang.Object, java.lang.Object, long, int, int)'> (0x000000008f2726f8) 
thrown [s\open\src\hotspot\share\interpreter\linkResolver.cpp, line 796]
Event: 25.498 Thread 0x000001327f77e130 Exception <a 'java/lang/NoSuchMethodError'{0x000000008f281ec0}: 'int java.lang.invoke.DelegatingMethodHandle$Holder.reinvoke_L(java.lang.Object, java.lang.Object, java.lang.Object, long, long, long)'> (0x000000008f281ec0) 
thrown [s\open\src\hotspot\share\interpreter\linkResolver.cpp, line 796]
Event: 25.501 Thread 0x000001327f77e130 Exception <a 'java/lang/NoSuchMethodError'{0x000000008f2910f8}: 'int java.lang.invoke.DelegatingMethodHandle$Holder.reinvoke_L(java.lang.Object, java.lang.Object, java.lang.Object, long, int)'> (0x000000008f2910f8) 
thrown [s\open\src\hotspot\share\interpreter\linkResolver.cpp, line 796]
Event: 25.502 Thread 0x000001327f77e130 Exception <a 'java/lang/NoSuchMethodError'{0x000000008f2a7148}: 'void java.lang.invoke.DelegatingMethodHandle$Holder.reinvoke_L(java.lang.Object, java.lang.Object, java.lang.Object, long, java.lang.Object, long, long)'> (0x000000008f2a7148) 
thrown [s\open\src\hotspot\share\interpreter\linkResolver.cpp, line 796]
Event: 25.503 Thread 0x000001327f77e130 Exception <a 'java/lang/NoSuchMethodError'{0x000000008f2af280}: 'long java.lang.invoke.Invokers$Holder.invokeExact_MT(java.lang.Object, java.lang.Object, java.lang.Object)'> (0x000000008f2af280) 
thrown [s\open\src\hotspot\share\interpreter\linkResolver.cpp, line 796]
Event: 25.504 Thread 0x000001327f77e130 Exception <a 'java/lang/NoSuchMethodError'{0x000000008f2b42c0}: 'int java.lang.invoke.Invokers$Holder.invokeExact_MT(java.lang.Object, java.lang.Object, java.lang.Object)'> (0x000000008f2b42c0) 
thrown [s\open\src\hotspot\share\interpreter\linkResolver.cpp, line 796]
Event: 26.166 Thread 0x000001327f77e130 Exception <a 'java/lang/NoSuchMethodError'{0x0000000086516ac8}: 'java.lang.Object java.lang.invoke.DirectMethodHandle$Holder.invokeStatic(java.lang.Object, java.lang.Object, java.lang.Object, java.lang.Object, int, java.lang.Object)'> (0x0000000086516ac8) 
thrown [s\open\src\hotspot\share\interpreter\linkResolver.cpp, line 796]
Event: 26.192 Thread 0x000001327f77e130 Exception <a 'java/lang/NoSuchMethodError'{0x0000000086415378}: 'long java.lang.invoke.DirectMethodHandle$Holder.invokeStatic(java.lang.Object, java.lang.Object, int)'> (0x0000000086415378) 
thrown [s\open\src\hotspot\share\interpreter\linkResolver.cpp, line 796]
Event: 26.193 Thread 0x000001327f77e130 Exception <a 'java/lang/NoSuchMethodError'{0x0000000086421ad8}: 'java.lang.Object java.lang.invoke.DelegatingMethodHandle$Holder.reinvoke_L(java.lang.Object, int, long, java.lang.Object, java.lang.Object, int, java.lang.Object)'> (0x0000000086421ad8) 
thrown [s\open\src\hotspot\share\interpreter\linkResolver.cpp, line 796]
Event: 26.527 Thread 0x000001327f77e130 Exception <a 'java/lang/NoSuchMethodError'{0x0000000088393c20}: 'java.lang.Object java.lang.invoke.Invokers$Holder.invokeExact_MT(java.lang.Object, java.lang.Object, long, java.lang.Object)'> (0x0000000088393c20) 
thrown [s\open\src\hotspot\share\interpreter\linkResolver.cpp, line 796]
Event: 26.644 Thread 0x000001327f77e130 Implicit null exception at 0x000001322a4edfdc to 0x000001322a4eeb48
Event: 26.884 Thread 0x000001327f77e130 Implicit null exception at 0x000001322a7e9146 to 0x000001322a7eb148
Event: 26.884 Thread 0x000001327f77e130 Implicit null exception at 0x000001322a7e431c to 0x000001322a7e51c4

VM Operations (20 events):
Event: 26.219 Executing VM operation: HandshakeAllThreads (Deoptimize) done
Event: 26.408 Executing VM operation: G1CollectForAllocation (G1 Evacuation Pause)
Event: 26.414 Executing VM operation: G1CollectForAllocation (G1 Evacuation Pause) done
Event: 26.585 Executing VM operation: HandshakeAllThreads (Deoptimize)
Event: 26.586 Executing VM operation: HandshakeAllThreads (Deoptimize) done
Event: 26.614 Executing VM operation: G1TryInitiateConcMark (G1 Humongous Allocation)
Event: 26.620 Executing VM operation: G1TryInitiateConcMark (G1 Humongous Allocation) done
Event: 26.677 Executing VM operation: G1PauseRemark
Event: 26.682 Executing VM operation: G1PauseRemark done
Event: 26.696 Executing VM operation: G1PauseCleanup
Event: 26.696 Executing VM operation: G1PauseCleanup done
Event: 26.778 Executing VM operation: HandshakeAllThreads (Deoptimize)
Event: 26.779 Executing VM operation: HandshakeAllThreads (Deoptimize) done
Event: 27.037 Executing VM operation: G1CollectForAllocation (G1 Evacuation Pause)
Event: 27.050 Executing VM operation: G1CollectForAllocation (G1 Evacuation Pause) done
Event: 27.296 Executing VM operation: G1CollectForAllocation (G1 Evacuation Pause)
Event: 27.311 Executing VM operation: G1CollectForAllocation (G1 Evacuation Pause) done
Event: 28.124 Executing VM operation: G1TryInitiateConcMark (G1 Humongous Allocation)
Event: 28.130 Executing VM operation: G1TryInitiateConcMark (G1 Humongous Allocation) done
Event: 28.239 Executing VM operation: G1PauseRemark

Memory protections (0 events):
No events

Nmethod flushes (20 events):
Event: 28.243 Thread 0x0000013237888c20 flushing  nmethod 0x00000132231ca108
Event: 28.243 Thread 0x0000013237888c20 flushing  nmethod 0x00000132231cdc08
Event: 28.243 Thread 0x0000013237888c20 flushing  nmethod 0x00000132231ce708
Event: 28.243 Thread 0x0000013237888c20 flushing  nmethod 0x000001322a6afa88
Event: 28.243 Thread 0x0000013237888c20 flushing  nmethod 0x000001322291eb88
Event: 28.243 Thread 0x0000013237888c20 flushing  nmethod 0x0000013222995288
Event: 28.243 Thread 0x0000013237888c20 flushing  nmethod 0x0000013222998608
Event: 28.243 Thread 0x0000013237888c20 flushing  nmethod 0x00000132229d4a08
Event: 28.243 Thread 0x0000013237888c20 flushing  nmethod 0x0000013222adbf08
Event: 28.243 Thread 0x0000013237888c20 flushing  nmethod 0x0000013222dc8808
Event: 28.243 Thread 0x0000013237888c20 flushing  nmethod 0x0000013222e1c508
Event: 28.243 Thread 0x0000013237888c20 flushing  nmethod 0x0000013222ee0388
Event: 28.243 Thread 0x0000013237888c20 flushing  nmethod 0x0000013222ee3408
Event: 28.243 Thread 0x0000013237888c20 flushing  nmethod 0x00000132231c0008
Event: 28.243 Thread 0x0000013237888c20 flushing  nmethod 0x00000132231c3488
Event: 28.243 Thread 0x0000013237888c20 flushing  nmethod 0x0000013223378688
Event: 28.243 Thread 0x0000013237888c20 flushing  nmethod 0x0000013223379f08
Event: 28.243 Thread 0x0000013237888c20 flushing  nmethod 0x000001322337ec88
Event: 28.243 Thread 0x0000013237888c20 flushing  nmethod 0x00000132233c9388
Event: 28.243 Thread 0x0000013237888c20 flushing  nmethod 0x00000132233cc008

Events (20 events):
Event: 23.383 Thread 0x000001327f77e130 Thread added: 0x0000013204020d70
Event: 23.385 Thread 0x000001327f77e130 Thread added: 0x00000132040227b0
Event: 23.386 Thread 0x000001327f77e130 Thread added: 0x0000013204022e40
Event: 23.390 Thread 0x000001327f77e130 Thread added: 0x0000013204024880
Event: 23.393 Thread 0x000001327f77e130 Thread added: 0x0000013204021400
Event: 23.395 Thread 0x000001327f77e130 Thread added: 0x0000013204027670
Event: 23.398 Thread 0x000001327f77e130 Thread added: 0x00000132040255a0
Event: 24.857 Thread 0x0000013201551500 Thread exited: 0x0000013201551500
Event: 25.074 Thread 0x0000013201550090 Thread exited: 0x0000013201550090
Event: 25.075 Thread 0x0000013201550760 Thread exited: 0x0000013201550760
Event: 26.283 Thread 0x00000132015522a0 Thread added: 0x0000013204182640
Event: 26.508 Thread 0x0000013204182640 Thread exited: 0x0000013204182640
Event: 26.557 Thread 0x00000132015522a0 Thread added: 0x0000013204180b00
Event: 26.562 Thread 0x0000013201551bd0 Thread added: 0x000001320417efc0
Event: 26.698 Thread 0x00000132378afba0 Thread added: 0x000001320417fd60
Event: 26.698 Thread 0x00000132378afba0 Thread added: 0x0000013204182640
Event: 27.470 Thread 0x0000013204182640 Thread exited: 0x0000013204182640
Event: 27.603 Thread 0x000001320417fd60 Thread exited: 0x000001320417fd60
Event: 27.603 Thread 0x000001320417efc0 Thread exited: 0x000001320417efc0
Event: 27.896 Thread 0x0000013204180b00 Thread exited: 0x0000013204180b00


Dynamic libraries:
0x00007ff680d80000 - 0x00007ff680d90000 	C:\Program Files\Java\jdk-23\bin\java.exe
0x00007ffa439e0000 - 0x00007ffa43c47000 	C:\WINDOWS\SYSTEM32\ntdll.dll
0x00007ffa42430000 - 0x00007ffa424f9000 	C:\WINDOWS\System32\KERNEL32.DLL
0x00007ffa41020000 - 0x00007ffa4140f000 	C:\WINDOWS\System32\KERNELBASE.dll
0x00007ffa40ea0000 - 0x00007ffa40feb000 	C:\WINDOWS\System32\ucrtbase.dll
0x00007ff9d5190000 - 0x00007ff9d51a7000 	C:\Program Files\Java\jdk-23\bin\jli.dll
0x00007ff9ef980000 - 0x00007ff9ef99b000 	C:\Program Files\Java\jdk-23\bin\VCRUNTIME140.dll
0x00007ffa436e0000 - 0x00007ffa438a5000 	C:\WINDOWS\System32\USER32.dll
0x00007ffa2faa0000 - 0x00007ffa2fd33000 	C:\WINDOWS\WinSxS\amd64_microsoft.windows.common-controls_6595b64144ccf1df_6.0.26100.7309_none_3e05feeae336a044\COMCTL32.dll
0x00007ffa40ff0000 - 0x00007ffa41017000 	C:\WINDOWS\System32\win32u.dll
0x00007ffa41ba0000 - 0x00007ffa41c49000 	C:\WINDOWS\System32\msvcrt.dll
0x00007ffa43450000 - 0x00007ffa4347b000 	C:\WINDOWS\System32\GDI32.dll
0x00007ffa41650000 - 0x00007ffa4177c000 	C:\WINDOWS\System32\gdi32full.dll
0x00007ffa40cb0000 - 0x00007ffa40d53000 	C:\WINDOWS\System32\msvcp_win.dll
0x00007ffa42870000 - 0x00007ffa428a1000 	C:\WINDOWS\System32\IMM32.DLL
0x00007ff9f5a70000 - 0x00007ff9f5a7c000 	C:\Program Files\Java\jdk-23\bin\vcruntime140_1.dll
0x00007ff9bf0e0000 - 0x00007ff9bf16e000 	C:\Program Files\Java\jdk-23\bin\msvcp140.dll
0x00007ff9b95f0000 - 0x00007ff9ba33f000 	C:\Program Files\Java\jdk-23\bin\server\jvm.dll
0x00007ffa420e0000 - 0x00007ffa42194000 	C:\WINDOWS\System32\ADVAPI32.dll
0x00007ffa421a0000 - 0x00007ffa42246000 	C:\WINDOWS\System32\sechost.dll
0x00007ffa43480000 - 0x00007ffa43598000 	C:\WINDOWS\System32\RPCRT4.dll
0x00007ffa41870000 - 0x00007ffa418e4000 	C:\WINDOWS\System32\WS2_32.dll
0x00007ffa409b0000 - 0x00007ffa40a0e000 	C:\WINDOWS\SYSTEM32\POWRPROF.dll
0x00007ffa34dd0000 - 0x00007ffa34e05000 	C:\WINDOWS\SYSTEM32\WINMM.dll
0x00007ffa3a0d0000 - 0x00007ffa3a0db000 	C:\WINDOWS\SYSTEM32\VERSION.dll
0x00007ffa40990000 - 0x00007ffa409a4000 	C:\WINDOWS\SYSTEM32\UMPDC.dll
0x00007ffa3f8e0000 - 0x00007ffa3f8fb000 	C:\WINDOWS\SYSTEM32\kernel.appcore.dll
0x00007ff9f21a0000 - 0x00007ff9f21aa000 	C:\Program Files\Java\jdk-23\bin\jimage.dll
0x00007ffa3dee0000 - 0x00007ffa3e122000 	C:\WINDOWS\SYSTEM32\DBGHELP.DLL
0x00007ffa430c0000 - 0x00007ffa43445000 	C:\WINDOWS\System32\combase.dll
0x00007ffa41a90000 - 0x00007ffa41b66000 	C:\WINDOWS\System32\OLEAUT32.dll
0x00007ffa26610000 - 0x00007ffa2664c000 	C:\WINDOWS\SYSTEM32\dbgcore.DLL
0x00007ffa40df0000 - 0x00007ffa40e95000 	C:\WINDOWS\System32\bcryptPrimitives.dll
0x00007ff9bc550000 - 0x00007ff9bc55f000 	C:\Program Files\Java\jdk-23\bin\instrument.dll
0x00007ff9d4fd0000 - 0x00007ff9d4fee000 	C:\Program Files\Java\jdk-23\bin\java.dll
0x00007ffa418f0000 - 0x00007ffa41a87000 	C:\WINDOWS\System32\ole32.dll
0x00007ffa428b0000 - 0x00007ffa43003000 	C:\WINDOWS\System32\SHELL32.dll
0x00007ffa41420000 - 0x00007ffa4158a000 	C:\WINDOWS\System32\wintypes.dll
0x00007ffa3e770000 - 0x00007ffa3efce000 	C:\WINDOWS\SYSTEM32\windows.storage.dll
0x00007ffa42500000 - 0x00007ffa425f5000 	C:\WINDOWS\System32\SHCORE.dll
0x00007ffa43930000 - 0x00007ffa43996000 	C:\WINDOWS\System32\shlwapi.dll
0x00007ffa40a50000 - 0x00007ffa40a79000 	C:\WINDOWS\SYSTEM32\profapi.dll
0x00007ff9bc810000 - 0x00007ff9bc8e7000 	C:\Program Files\Java\jdk-23\bin\jsvml.dll
0x00007ff9d4f40000 - 0x00007ff9d4f57000 	C:\Program Files\Java\jdk-23\bin\zip.dll
0x00007ff9f19f0000 - 0x00007ff9f1a00000 	C:\Program Files\Java\jdk-23\bin\net.dll
0x00007ffa3fe50000 - 0x00007ffa3febb000 	C:\WINDOWS\system32\mswsock.dll
0x00007ff9be520000 - 0x00007ff9be536000 	C:\Program Files\Java\jdk-23\bin\nio.dll
0x00007ff9f1190000 - 0x00007ff9f11a0000 	C:\Program Files\Java\jdk-23\bin\verify.dll
0x00007ffa199f0000 - 0x00007ffa19a17000 	C:\Users\Haqii\.gradle\native\1def1411415f61bf3af743bc5b6707747c0891f09f0c88961ee8f79bc544acac\windows-amd64\native-platform.dll
0x00007ff9f23c0000 - 0x00007ff9f2438000 	C:\Users\Haqii\.gradle\native\0.2.7\x86_64-windows-gnu\gradle-fileevents.dll
0x00007ff9d9670000 - 0x00007ff9d967a000 	C:\Program Files\Java\jdk-23\bin\management.dll
0x00007ff9d4fc0000 - 0x00007ff9d4fcb000 	C:\Program Files\Java\jdk-23\bin\management_ext.dll
0x00007ffa41b90000 - 0x00007ffa41b98000 	C:\WINDOWS\System32\PSAPI.DLL
0x00007ffa3f2f0000 - 0x00007ffa3f324000 	C:\WINDOWS\SYSTEM32\IPHLPAPI.DLL
0x00007ffa41780000 - 0x00007ffa4178a000 	C:\WINDOWS\System32\NSI.dll
0x00007ff9d4f30000 - 0x00007ff9d4f39000 	C:\Program Files\Java\jdk-23\bin\extnet.dll
0x00007ffa40120000 - 0x00007ffa4013b000 	C:\WINDOWS\SYSTEM32\CRYPTSP.dll
0x00007ffa3f840000 - 0x00007ffa3f87a000 	C:\WINDOWS\system32\rsaenh.dll
0x00007ffa3ff00000 - 0x00007ffa3ff2b000 	C:\WINDOWS\SYSTEM32\USERENV.dll
0x00007ffa40a20000 - 0x00007ffa40a4a000 	C:\WINDOWS\SYSTEM32\bcrypt.dll
0x00007ffa40110000 - 0x00007ffa4011c000 	C:\WINDOWS\SYSTEM32\CRYPTBASE.dll
0x00007ff9be440000 - 0x00007ff9be44e000 	C:\Program Files\Java\jdk-23\bin\sunmscapi.dll
0x00007ffa40b30000 - 0x00007ffa40ca7000 	C:\WINDOWS\System32\CRYPT32.dll
0x00007ffa40330000 - 0x00007ffa40360000 	C:\WINDOWS\SYSTEM32\ncrypt.dll
0x00007ffa402e0000 - 0x00007ffa4031f000 	C:\WINDOWS\SYSTEM32\NTASN1.dll
0x00007ff9d4f20000 - 0x00007ff9d4f28000 	C:\WINDOWS\system32\wshunix.dll
0x00007ffa3fa00000 - 0x00007ffa3fa36000 	C:\WINDOWS\SYSTEM32\ntmarta.dll

dbghelp: loaded successfully - version: 4.0.5 - missing functions: none
symbol engine: initialized successfully - sym options: 0x614 - pdb path: .;C:\Program Files\Java\jdk-23\bin;C:\WINDOWS\SYSTEM32;C:\WINDOWS\WinSxS\amd64_microsoft.windows.common-controls_6595b64144ccf1df_6.0.26100.7309_none_3e05feeae336a044;C:\Program Files\Java\jdk-23\bin\server;C:\Users\Haqii\.gradle\native\1def1411415f61bf3af743bc5b6707747c0891f09f0c88961ee8f79bc544acac\windows-amd64;C:\Users\Haqii\.gradle\native\0.2.7\x86_64-windows-gnu

VM Arguments:
jvm_args: --add-opens=java.base/java.lang=ALL-UNNAMED --add-opens=java.base/java.lang.invoke=ALL-UNNAMED --add-opens=java.base/java.util=ALL-UNNAMED --add-opens=java.prefs/java.util.prefs=ALL-UNNAMED --add-exports=jdk.compiler/com.sun.tools.javac.api=ALL-UNNAMED --add-exports=jdk.compiler/com.sun.tools.javac.util=ALL-UNNAMED --add-opens=java.base/java.util=ALL-UNNAMED --add-opens=java.prefs/java.util.prefs=ALL-UNNAMED --add-opens=java.base/java.nio.charset=ALL-UNNAMED --add-opens=java.base/java.net=ALL-UNNAMED --add-opens=java.base/java.util.concurrent.atomic=ALL-UNNAMED --add-opens=java.xml/javax.xml.namespace=ALL-UNNAMED -Xmx2048m -Dfile.encoding=UTF-8 -Duser.country=ID -Duser.language=en -Duser.variant -javaagent:C:\Users\Haqii\.gradle\wrapper\dists\gradle-8.13-bin\5xuhj0ry160q40clulazy9h7d\gradle-8.13\lib\agents\gradle-instrumentation-agent-8.13.jar 
java_command: org.gradle.launcher.daemon.bootstrap.GradleDaemon 8.13
java_class_path (initial): C:\Users\Haqii\.gradle\wrapper\dists\gradle-8.13-bin\5xuhj0ry160q40clulazy9h7d\gradle-8.13\lib\gradle-daemon-main-8.13.jar
Launcher Type: SUN_STANDARD

[Global flags]
     intx CICompilerCount                          = 12                                        {product} {ergonomic}
     uint ConcGCThreads                            = 3                                         {product} {ergonomic}
     uint G1ConcRefinementThreads                  = 13                                        {product} {ergonomic}
   size_t G1HeapRegionSize                         = 1048576                                   {product} {ergonomic}
   size_t InitialHeapSize                          = 255852544                                 {product} {ergonomic}
   size_t MarkStackSize                            = 4194304                                   {product} {ergonomic}
   size_t MarkStackSizeMax                         = 536870912                                 {product} {ergonomic}
   size_t MaxHeapSize                              = 2147483648                                {product} {command line}
   size_t MaxNewSize                               = 1287651328                                {product} {ergonomic}
   size_t MinHeapDeltaBytes                        = 1048576                                   {product} {ergonomic}
   size_t MinHeapSize                              = 8388608                                   {product} {ergonomic}
    uintx NonNMethodCodeHeapSize                   = 7602176                                {pd product} {ergonomic}
    uintx NonProfiledCodeHeapSize                  = 122093568                              {pd product} {ergonomic}
    uintx ProfiledCodeHeapSize                     = 121962496                              {pd product} {ergonomic}
    uintx ReservedCodeCacheSize                    = 251658240                              {pd product} {ergonomic}
     bool SegmentedCodeCache                       = true                                      {product} {ergonomic}
   size_t SoftMaxHeapSize                          = 2147483648                             {manageable} {ergonomic}
     bool UseCompressedOops                        = true                           {product lp64_product} {ergonomic}
     bool UseG1GC                                  = true                                      {product} {ergonomic}
     bool UseLargePagesIndividualAllocation        = false                                  {pd product} {ergonomic}

Logging:
Log output configuration:
 #0: stdout all=warning uptime,level,tags foldmultilines=false
 #1: stderr all=off uptime,level,tags foldmultilines=false

Environment Variables:
PATH=C:\Program Files\Common Files\Oracle\Java\javapath;C:\Program Files (x86)\Common Files\Oracle\Java\java8path;C:\Program Files (x86)\Common Files\Oracle\Java\javapath;C:\WINDOWS\system32;C:\WINDOWS;C:\WINDOWS\System32\Wbem;C:\WINDOWS\System32\WindowsPowerShell\v1.0\;C:\WINDOWS\System32\OpenSSH\;C:\xampp\php;C:\ProgramData\ComposerSetup\bin;C:\Program Files\Git\cmd;C:\Program Files\dotnet\;C:\ProgramData\chocolatey\bin;C:\Program Files\nodejs\;C:\Program Files\Common Files\Oracle\Java\javapath;C:\Windows\system32;C:\Windows;C:\Windows\System32\Wbem;C:\Windows\System32\WindowsPowerShell\v1.0\;C:\Windows\System32\OpenSSH\;C:\xampp\php;C:\ProgramData\ComposerSetup\bin;C:\Program Files\nodejs\;C:\Program Files\Git\cmd;C:\Program Files\dotnet\;C:\ProgramData\chocolatey\bin;c:\Users\Haqii\AppData\Local\Programs\cursor\resources\app\codeBin;C:\Users\Haqii\AppData\Local\Programs\Python\Launcher\;C:\Users\Haqii\AppData\Local\Microsoft\WindowsApps;C:\Users\Haqii\AppData\Local\Programs\Microsoft VS Code\bin;C:\Users\Haqii\AppData\Roaming\Composer\vendor\bin;C:\msys64\ucrt64\bin;C:\Users\Haqii\AppData\Local\spicetify;C:\Users\Haqii\.deno\bin;C:\Android\cmdline-tools\latest\bin;C:\Android\platform-tools;C:\Android\emulator;C:\Users\Haqii\AppData\Roaming\npm;C:\Users\Haqii\AppData\Local\Microsoft\WindowsApps;C:\laragon\bin\php\php-8.3.26-Win32-vs16-x64;C:\laragon\bin\composer;
USERNAME=Haqii
OS=Windows_NT
PROCESSOR_IDENTIFIER=AMD64 Family 25 Model 68 Stepping 1, AuthenticAMD
TMP=C:\Users\Haqii\AppData\Local\Temp
TEMP=C:\Users\Haqii\AppData\Local\Temp




Periodic native trim disabled

---------------  S Y S T E M  ---------------

OS:
 Windows 11 , 64 bit Build 26100 (10.0.26100.7309)
OS uptime: 0 days 1:10 hours

CPU: total 16 (initial active 16) (16 cores per cpu, 2 threads per core) family 25 model 68 stepping 1 microcode 0xa404102, cx8, cmov, fxsr, ht, mmx, 3dnowpref, sse, sse2, sse3, ssse3, sse4a, sse4.1, sse4.2, popcnt, lzcnt, tsc, tscinvbit, avx, avx2, aes, erms, clmul, bmi1, bmi2, adx, sha, fma, vzeroupper, clflush, clflushopt, rdtscp, rdpid, fsrm, f16c, pku, cet_ss
Processor Information for processor 0
  Max Mhz: 3201, Current Mhz: 2560, Mhz Limit: 3201
Processor Information for processor 1
  Max Mhz: 3201, Current Mhz: 2560, Mhz Limit: 3201
Processor Information for processor 2
  Max Mhz: 3201, Current Mhz: 2560, Mhz Limit: 3201
Processor Information for processor 3
  Max Mhz: 3201, Current Mhz: 2560, Mhz Limit: 3201
Processor Information for processor 4
  Max Mhz: 3201, Current Mhz: 2560, Mhz Limit: 3201
Processor Information for processor 5
  Max Mhz: 3201, Current Mhz: 3201, Mhz Limit: 3201
Processor Information for processor 6
  Max Mhz: 3201, Current Mhz: 3201, Mhz Limit: 3201
Processor Information for processor 7
  Max Mhz: 3201, Current Mhz: 2560, Mhz Limit: 3201
Processor Information for processor 8
  Max Mhz: 3201, Current Mhz: 2560, Mhz Limit: 3201
Processor Information for processor 9
  Max Mhz: 3201, Current Mhz: 2560, Mhz Limit: 3201
Processor Information for processor 10
  Max Mhz: 3201, Current Mhz: 3201, Mhz Limit: 3201
Processor Information for processor 11
  Max Mhz: 3201, Current Mhz: 3201, Mhz Limit: 3201
Processor Information for processor 12
  Max Mhz: 3201, Current Mhz: 2560, Mhz Limit: 3201
Processor Information for processor 13
  Max Mhz: 3201, Current Mhz: 3201, Mhz Limit: 3201
Processor Information for processor 14
  Max Mhz: 3201, Current Mhz: 2560, Mhz Limit: 3201
Processor Information for processor 15
  Max Mhz: 3201, Current Mhz: 2560, Mhz Limit: 3201

Memory: 4k page, system-wide physical 15613M (1194M free)
TotalPageFile size 28925M (AvailPageFile size 159M)
current process WorkingSet (physical memory assigned to process): 430M, peak: 430M
current process commit charge ("private bytes"): 486M, peak: 516M

vm_info: Java HotSpot(TM) 64-Bit Server VM (23.0.1+11-39) for windows-amd64 JRE (23.0.1+11-39), built on 2024-09-30T07:20:43Z with MS VC++ 17.6 (VS2022)

END.
