#
# There is insufficient memory for the Java Runtime Environment to continue.
# Native memory allocation (mmap) failed to map 48234496 bytes. Error detail: G1 virtual space
# Possible reasons:
#   The system is out of physical RAM or swap space
#   This process is running with CompressedOops enabled, and the Java Heap may be blocking the growth of the native heap
# Possible solutions:
#   Reduce memory load on the system
#   Increase physical memory or swap space
#   Check if swap backing store is full
#   Decrease Java heap size (-Xmx/-Xms)
#   Decrease number of Java threads
#   Decrease Java thread stack sizes (-Xss)
#   Set larger code cache with -XX:ReservedCodeCacheSize=
#   JVM is running with Zero Based Compressed Oops mode in which the Java heap is
#     placed in the first 32GB address space. The Java Heap base address is the
#     maximum limit for the native heap growth. Please use -XX:HeapBaseMinAddress
#     to set the Java Heap base and to place the Java Heap above 32GB virtual address.
# This output file may be truncated or incomplete.
#
#  Out of Memory Error (os_windows.cpp:3703), pid=13228, tid=8016
#
# JRE version: Java(TM) SE Runtime Environment (23.0.1+11) (build 23.0.1+11-39)
# Java VM: Java HotSpot(TM) 64-Bit Server VM (23.0.1+11-39, mixed mode, sharing, tiered, compressed oops, compressed class ptrs, g1 gc, windows-amd64)
# No core dump will be written. Minidumps are not enabled by default on client versions of Windows
#

---------------  S U M M A R Y ------------

Command Line: -DkotlinLanguageServer.version=1.3.13 org.javacs.kt.MainKt

Host: AMD Ryzen 7 7735HS with Radeon Graphics        , 16 cores, 15G,  Windows 11 , 64 bit Build 26100 (10.0.26100.6725)
Time: Tue Oct 21 08:36:11 2025 SE Asia Standard Time elapsed time: 15.501144 seconds (0d 0h 0m 15s)

---------------  T H R E A D  ---------------

Current thread (0x00000133ff9cef30):  VMThread "VM Thread"          [id=8016, stack(0x0000001555f00000,0x0000001556000000) (1024K)]

Stack: [0x0000001555f00000,0x0000001556000000]
Native frames: (J=compiled Java code, j=interpreted, Vv=VM code, C=native code)
V  [jvm.dll+0x6e08b9]  (no source info available)
V  [jvm.dll+0x87dc83]  (no source info available)
V  [jvm.dll+0x88010e]  (no source info available)
V  [jvm.dll+0x8807e3]  (no source info available)
V  [jvm.dll+0x27aee6]  (no source info available)
V  [jvm.dll+0x6dd1c5]  (no source info available)
V  [jvm.dll+0x6d104a]  (no source info available)
V  [jvm.dll+0x35b3ea]  (no source info available)
V  [jvm.dll+0x3637f6]  (no source info available)
V  [jvm.dll+0x34fd5e]  (no source info available)
V  [jvm.dll+0x34fff8]  (no source info available)
V  [jvm.dll+0x3289cc]  (no source info available)
V  [jvm.dll+0x328a5a]  (no source info available)
V  [jvm.dll+0x374c92]  (no source info available)
V  [jvm.dll+0x373392]  (no source info available)
V  [jvm.dll+0x3281a7]  (no source info available)
V  [jvm.dll+0x372b44]  (no source info available)
V  [jvm.dll+0x886720]  (no source info available)
V  [jvm.dll+0x887a47]  (no source info available)
V  [jvm.dll+0x887f78]  (no source info available)
V  [jvm.dll+0x888213]  (no source info available)
V  [jvm.dll+0x824f8b]  (no source info available)
V  [jvm.dll+0x6df065]  (no source info available)
C  [ucrtbase.dll+0x37b0]  (no source info available)
C  [KERNEL32.DLL+0x2e8d7]  (no source info available)
C  [ntdll.dll+0x8c53c]  (no source info available)

VM_Operation (0x00000015581fa8a0): G1CollectForAllocation, mode: safepoint, requested by thread 0x00000133e17a96f0


---------------  P R O C E S S  ---------------

Threads class SMR info:
_java_thread_list=0x00000133e0e99020, length=21, elements={
0x00000133ff9e4120, 0x00000133ff9e5b90, 0x00000133ff9f1320, 0x00000133ff9f1eb0,
0x00000133ff9f3560, 0x00000133ff9f42f0, 0x00000133ff9f5510, 0x00000133ff9f6d00,
0x00000133d420d7f0, 0x00000133d420f680, 0x00000133d55a5e10, 0x00000133d55a64a0,
0x00000133d55a3d40, 0x00000133e17aa410, 0x00000133e12a0910, 0x00000133e17a96f0,
0x00000133d5c77d20, 0x00000133d5c7a600, 0x00000133d5c7ba70, 0x00000133d5c7b3a0,
0x00000133e2485860
}

Java Threads: ( => current thread )
  0x00000133ff9e4120 JavaThread "Reference Handler"          daemon [_thread_blocked, id=10532, stack(0x0000001556000000,0x0000001556100000) (1024K)]
  0x00000133ff9e5b90 JavaThread "Finalizer"                  daemon [_thread_blocked, id=14552, stack(0x0000001556100000,0x0000001556200000) (1024K)]
  0x00000133ff9f1320 JavaThread "Signal Dispatcher"          daemon [_thread_blocked, id=444, stack(0x0000001556200000,0x0000001556300000) (1024K)]
  0x00000133ff9f1eb0 JavaThread "Attach Listener"            daemon [_thread_blocked, id=21396, stack(0x0000001556300000,0x0000001556400000) (1024K)]
  0x00000133ff9f3560 JavaThread "Service Thread"             daemon [_thread_blocked, id=21100, stack(0x0000001556400000,0x0000001556500000) (1024K)]
  0x00000133ff9f42f0 JavaThread "Monitor Deflation Thread"   daemon [_thread_blocked, id=20640, stack(0x0000001556500000,0x0000001556600000) (1024K)]
  0x00000133ff9f5510 JavaThread "C2 CompilerThread0"         daemon [_thread_blocked, id=23308, stack(0x0000001556600000,0x0000001556700000) (1024K)]
  0x00000133ff9f6d00 JavaThread "C1 CompilerThread0"         daemon [_thread_blocked, id=12260, stack(0x0000001556700000,0x0000001556800000) (1024K)]
  0x00000133d420d7f0 JavaThread "Notification Thread"        daemon [_thread_blocked, id=14520, stack(0x0000001556900000,0x0000001556a00000) (1024K)]
  0x00000133d420f680 JavaThread "Common-Cleaner"             daemon [_thread_blocked, id=14804, stack(0x0000001556a00000,0x0000001556b00000) (1024K)]
  0x00000133d55a5e10 JavaThread "client"                            [_thread_in_native, id=8040, stack(0x0000001557d00000,0x0000001557e00000) (1024K)]
  0x00000133d55a64a0 JavaThread "DestroyJavaVM"                     [_thread_blocked, id=420, stack(0x0000001555800000,0x0000001555900000) (1024K)]
  0x00000133d55a3d40 JavaThread "async0"                            [_thread_blocked, id=8420, stack(0x0000001557e00000,0x0000001557f00000) (1024K)]
  0x00000133e17aa410 JavaThread "async1"                            [_thread_blocked, id=8780, stack(0x0000001556800000,0x0000001556900000) (1024K)]
  0x00000133e12a0910 JavaThread "C1 CompilerThread1"         daemon [_thread_blocked, id=20696, stack(0x0000001556b00000,0x0000001556c00000) (1024K)]
  0x00000133e17a96f0 JavaThread "debounce0"                         [_thread_blocked, id=11432, stack(0x0000001558100000,0x0000001558200000) (1024K)]
  0x00000133d5c77d20 JavaThread "C1 CompilerThread2"         daemon [_thread_blocked, id=15820, stack(0x0000001556e00000,0x0000001556f00000) (1024K)]
  0x00000133d5c7a600 JavaThread "C2 CompilerThread1"         daemon [_thread_blocked, id=4680, stack(0x0000001557f00000,0x0000001558000000) (1024K)]
  0x00000133d5c7ba70 JavaThread "C2 CompilerThread2"         daemon [_thread_blocked, id=1816, stack(0x0000001558000000,0x0000001558100000) (1024K)]
  0x00000133d5c7b3a0 JavaThread "C1 CompilerThread3"         daemon [_thread_blocked, id=240, stack(0x0000001558200000,0x0000001558300000) (1024K)]
  0x00000133e2485860 JavaThread "async2"                            [_thread_blocked, id=996, stack(0x0000001558300000,0x0000001558400000) (1024K)]
Total: 21

Other Threads:
=>0x00000133ff9cef30 VMThread "VM Thread"                           [id=8016, stack(0x0000001555f00000,0x0000001556000000) (1024K)]
  0x00000133ff9b9370 WatcherThread "VM Periodic Task Thread"        [id=19940, stack(0x0000001555e00000,0x0000001555f00000) (1024K)]
  0x00000133eef91800 WorkerThread "GC Thread#0"                     [id=7044, stack(0x0000001555900000,0x0000001555a00000) (1024K)]
  0x00000133d51222f0 WorkerThread "GC Thread#1"                     [id=23312, stack(0x0000001556f00000,0x0000001557000000) (1024K)]
  0x00000133d4b590b0 WorkerThread "GC Thread#2"                     [id=24076, stack(0x0000001557000000,0x0000001557100000) (1024K)]
  0x00000133d4b59460 WorkerThread "GC Thread#3"                     [id=18560, stack(0x0000001557100000,0x0000001557200000) (1024K)]
  0x00000133d4b59810 WorkerThread "GC Thread#4"                     [id=7748, stack(0x0000001557200000,0x0000001557300000) (1024K)]
  0x00000133d515bef0 WorkerThread "GC Thread#5"                     [id=10572, stack(0x0000001557300000,0x0000001557400000) (1024K)]
  0x00000133d515c2a0 WorkerThread "GC Thread#6"                     [id=1688, stack(0x0000001557400000,0x0000001557500000) (1024K)]
  0x00000133d515c650 WorkerThread "GC Thread#7"                     [id=20500, stack(0x0000001557500000,0x0000001557600000) (1024K)]
  0x00000133d51c6e20 WorkerThread "GC Thread#8"                     [id=16036, stack(0x0000001557600000,0x0000001557700000) (1024K)]
  0x00000133d51c71d0 WorkerThread "GC Thread#9"                     [id=9920, stack(0x0000001557700000,0x0000001557800000) (1024K)]
  0x00000133d571b500 WorkerThread "GC Thread#10"                    [id=21836, stack(0x0000001557800000,0x0000001557900000) (1024K)]
  0x00000133d571ced0 WorkerThread "GC Thread#11"                    [id=7172, stack(0x0000001557900000,0x0000001557a00000) (1024K)]
  0x00000133d571a9f0 WorkerThread "GC Thread#12"                    [id=6400, stack(0x0000001557a00000,0x0000001557b00000) (1024K)]
  0x00000133eefa6870 ConcurrentGCThread "G1 Main Marker"            [id=17236, stack(0x0000001555a00000,0x0000001555b00000) (1024K)]
  0x00000133eefa7b20 WorkerThread "G1 Conc#0"                       [id=2332, stack(0x0000001555b00000,0x0000001555c00000) (1024K)]
  0x00000133d5719b30 WorkerThread "G1 Conc#1"                       [id=23196, stack(0x0000001557b00000,0x0000001557c00000) (1024K)]
  0x00000133d571ada0 WorkerThread "G1 Conc#2"                       [id=23456, stack(0x0000001557c00000,0x0000001557d00000) (1024K)]
  0x00000133ff878340 ConcurrentGCThread "G1 Refine#0"               [id=4840, stack(0x0000001555c00000,0x0000001555d00000) (1024K)]
  0x00000133ff878cd0 ConcurrentGCThread "G1 Service"                [id=2500, stack(0x0000001555d00000,0x0000001555e00000) (1024K)]
Total: 21

Threads with active compile tasks:
C2 CompilerThread0  15536 14512       4       kotlin.collections.ArraysKt___ArraysKt::minOrNull (69 bytes)
C2 CompilerThread1  15536 14464       4       org.jetbrains.kotlin.load.kotlin.JvmPackagePartProviderBase::findPackageParts (260 bytes)
C2 CompilerThread2  15536 14481       4       org.jetbrains.kotlin.resolve.calls.inference.components.NewTypeSubstitutor::substitute (1077 bytes)
Total: 3

VM state: at safepoint (normal execution)

VM Mutex/Monitor currently owned by a thread:  ([mutex/lock_event])
[0x00007ffd1ad13910] Threads_lock - owner thread: 0x00000133ff9cef30
[0x00007ffd1ad13a10] Heap_lock - owner thread: 0x00000133e17a96f0

Heap address: 0x000000070c000000, size: 3904 MB, Compressed Oops mode: Zero based, Oop shift amount: 3

CDS archive(s) mapped at: [0x000001338f000000-0x000001338fd70000-0x000001338fd70000), size 14090240, SharedBaseAddress: 0x000001338f000000, ArchiveRelocationMode: 1.
Compressed class space mapped at: 0x0000013390000000-0x00000133d0000000, reserved size: 1073741824
Narrow klass base: 0x000001338f000000, Narrow klass shift: 0, Narrow klass range: 0x41000000

GC Precious Log:
 CardTable entry size: 512
 Card Set container configuration: InlinePtr #cards 4 size 8 Array Of Cards #cards 16 size 48 Howl #buckets 8 coarsen threshold 3686 Howl Bitmap #cards 512 size 80 coarsen threshold 460 Card regions per heap region 1 cards per card region 4096
 CPUs: 16 total, 16 available
 Memory: 15613M
 Large Page Support: Disabled
 NUMA Support: Disabled
 Compressed Oops: Enabled (Zero based)
 Heap Region Size: 2M
 Heap Min Capacity: 8M
 Heap Initial Capacity: 244M
 Heap Max Capacity: 3904M
 Pre-touch: Disabled
 Parallel Workers: 13
 Concurrent Workers: 3
 Concurrent Refinement Workers: 13
 Periodic GC: Disabled

Heap:
 garbage-first heap   total reserved 3997696K, committed 198656K, used 126862K [0x000000070c000000, 0x0000000800000000)
  region size 2048K, 3 young (6144K), 3 survivors (6144K)
 Metaspace       used 75608K, committed 76608K, reserved 1179648K
  class space    used 8917K, committed 9344K, reserved 1048576K

Heap Regions: E=young(eden), S=young(survivor), O=old, HS=humongous(starts), HC=humongous(continues), CS=collection set, F=free, TAMS=top-at-mark-start, PB=parsable bottom
|   0|0x000000070c000000, 0x000000070c200000, 0x000000070c200000|100%|HS|  |TAMS 0x000000070c000000| PB 0x000000070c000000| Complete |  0
|   1|0x000000070c200000, 0x000000070c400000, 0x000000070c400000|100%|HC|  |TAMS 0x000000070c200000| PB 0x000000070c200000| Complete |  0
|   2|0x000000070c400000, 0x000000070c600000, 0x000000070c600000|100%| O|  |TAMS 0x000000070c400000| PB 0x000000070c400000| Untracked |  0
|   3|0x000000070c600000, 0x000000070c800000, 0x000000070c800000|100%| O|  |TAMS 0x000000070c600000| PB 0x000000070c600000| Untracked |  0
|   4|0x000000070c800000, 0x000000070ca00000, 0x000000070ca00000|100%| O|  |TAMS 0x000000070c800000| PB 0x000000070c800000| Untracked |  0
|   5|0x000000070ca00000, 0x000000070cc00000, 0x000000070cc00000|100%| O|  |TAMS 0x000000070ca00000| PB 0x000000070ca00000| Untracked |  0
|   6|0x000000070cc00000, 0x000000070ce00000, 0x000000070ce00000|100%| O|  |TAMS 0x000000070cc00000| PB 0x000000070cc00000| Untracked |  0
|   7|0x000000070ce00000, 0x000000070d000000, 0x000000070d000000|100%| O|  |TAMS 0x000000070ce00000| PB 0x000000070ce00000| Untracked |  0
|   8|0x000000070d000000, 0x000000070d200000, 0x000000070d200000|100%| O|  |TAMS 0x000000070d000000| PB 0x000000070d000000| Untracked |  0
|   9|0x000000070d200000, 0x000000070d400000, 0x000000070d400000|100%| O|  |TAMS 0x000000070d200000| PB 0x000000070d200000| Untracked |  0
|  10|0x000000070d400000, 0x000000070d600000, 0x000000070d600000|100%| O|  |TAMS 0x000000070d400000| PB 0x000000070d400000| Untracked |  0
|  11|0x000000070d600000, 0x000000070d800000, 0x000000070d800000|100%| O|  |TAMS 0x000000070d600000| PB 0x000000070d600000| Untracked |  0
|  12|0x000000070d800000, 0x000000070da00000, 0x000000070da00000|100%| O|  |TAMS 0x000000070d800000| PB 0x000000070d800000| Untracked |  0
|  13|0x000000070da00000, 0x000000070dc00000, 0x000000070dc00000|100%| O|  |TAMS 0x000000070da00000| PB 0x000000070da00000| Untracked |  0
|  14|0x000000070dc00000, 0x000000070de00000, 0x000000070de00000|100%| O|  |TAMS 0x000000070dc00000| PB 0x000000070dc00000| Untracked |  0
|  15|0x000000070de00000, 0x000000070e000000, 0x000000070e000000|100%| O|  |TAMS 0x000000070de00000| PB 0x000000070de00000| Untracked |  0
|  16|0x000000070e000000, 0x000000070e200000, 0x000000070e200000|100%| O|  |TAMS 0x000000070e000000| PB 0x000000070e000000| Untracked |  0
|  17|0x000000070e200000, 0x000000070e400000, 0x000000070e400000|100%| O|  |TAMS 0x000000070e200000| PB 0x000000070e200000| Untracked |  0
|  18|0x000000070e400000, 0x000000070e600000, 0x000000070e600000|100%| O|  |TAMS 0x000000070e400000| PB 0x000000070e400000| Untracked |  0
|  19|0x000000070e600000, 0x000000070e800000, 0x000000070e800000|100%| O|  |TAMS 0x000000070e600000| PB 0x000000070e600000| Untracked |  0
|  20|0x000000070e800000, 0x000000070ea00000, 0x000000070ea00000|100%| O|  |TAMS 0x000000070e800000| PB 0x000000070e800000| Untracked |  0
|  21|0x000000070ea00000, 0x000000070ec00000, 0x000000070ec00000|100%| O|  |TAMS 0x000000070ea00000| PB 0x000000070ea00000| Untracked |  0
|  22|0x000000070ec00000, 0x000000070ee00000, 0x000000070ee00000|100%| O|  |TAMS 0x000000070ec00000| PB 0x000000070ec00000| Untracked |  0
|  23|0x000000070ee00000, 0x000000070f000000, 0x000000070f000000|100%| O|  |TAMS 0x000000070ee00000| PB 0x000000070ee00000| Untracked |  0
|  24|0x000000070f000000, 0x000000070f200000, 0x000000070f200000|100%| O|  |TAMS 0x000000070f000000| PB 0x000000070f000000| Untracked |  0
|  25|0x000000070f200000, 0x000000070f400000, 0x000000070f400000|100%| O|  |TAMS 0x000000070f200000| PB 0x000000070f200000| Untracked |  0
|  26|0x000000070f400000, 0x000000070f600000, 0x000000070f600000|100%| O|  |TAMS 0x000000070f400000| PB 0x000000070f400000| Untracked |  0
|  27|0x000000070f600000, 0x000000070f800000, 0x000000070f800000|100%| O|  |TAMS 0x000000070f600000| PB 0x000000070f600000| Untracked |  0
|  28|0x000000070f800000, 0x000000070fa00000, 0x000000070fa00000|100%| O|  |TAMS 0x000000070f800000| PB 0x000000070f800000| Untracked |  0
|  29|0x000000070fa00000, 0x000000070fc00000, 0x000000070fc00000|100%| O|  |TAMS 0x000000070fa00000| PB 0x000000070fa00000| Untracked |  0
|  30|0x000000070fc00000, 0x000000070fe00000, 0x000000070fe00000|100%| O|  |TAMS 0x000000070fc00000| PB 0x000000070fc00000| Untracked |  0
|  31|0x000000070fe00000, 0x0000000710000000, 0x0000000710000000|100%| O|  |TAMS 0x000000070fe00000| PB 0x000000070fe00000| Untracked |  0
|  32|0x0000000710000000, 0x0000000710200000, 0x0000000710200000|100%| O|  |TAMS 0x0000000710000000| PB 0x0000000710000000| Untracked |  0
|  33|0x0000000710200000, 0x0000000710400000, 0x0000000710400000|100%| O|  |TAMS 0x0000000710200000| PB 0x0000000710200000| Untracked |  0
|  34|0x0000000710400000, 0x0000000710600000, 0x0000000710600000|100%| O|  |TAMS 0x0000000710400000| PB 0x0000000710400000| Untracked |  0
|  35|0x0000000710600000, 0x0000000710800000, 0x0000000710800000|100%| O|  |TAMS 0x0000000710600000| PB 0x0000000710600000| Untracked |  0
|  36|0x0000000710800000, 0x0000000710a00000, 0x0000000710a00000|100%| O|  |TAMS 0x0000000710800000| PB 0x0000000710800000| Untracked |  0
|  37|0x0000000710a00000, 0x0000000710c00000, 0x0000000710c00000|100%| O|  |TAMS 0x0000000710a00000| PB 0x0000000710a00000| Untracked |  0
|  38|0x0000000710c00000, 0x0000000710e00000, 0x0000000710e00000|100%| O|  |TAMS 0x0000000710c00000| PB 0x0000000710c00000| Untracked |  0
|  39|0x0000000710e00000, 0x0000000711000000, 0x0000000711000000|100%| O|  |TAMS 0x0000000710e00000| PB 0x0000000710e00000| Untracked |  0
|  40|0x0000000711000000, 0x0000000711200000, 0x0000000711200000|100%| O|  |TAMS 0x0000000711000000| PB 0x0000000711000000| Untracked |  0
|  41|0x0000000711200000, 0x0000000711200000, 0x0000000711400000|  0%| F|  |TAMS 0x0000000711200000| PB 0x0000000711200000| Untracked |  0
|  42|0x0000000711400000, 0x0000000711600000, 0x0000000711600000|100%| O|  |TAMS 0x0000000711400000| PB 0x0000000711400000| Untracked |  0
|  43|0x0000000711600000, 0x0000000711800000, 0x0000000711800000|100%| O|  |TAMS 0x0000000711600000| PB 0x0000000711600000| Untracked |  0
|  44|0x0000000711800000, 0x0000000711800000, 0x0000000711a00000|  0%| F|  |TAMS 0x0000000711800000| PB 0x0000000711800000| Untracked |  0
|  45|0x0000000711a00000, 0x0000000711c00000, 0x0000000711c00000|100%| O|  |TAMS 0x0000000711a00000| PB 0x0000000711a00000| Untracked |  0
|  46|0x0000000711c00000, 0x0000000711e00000, 0x0000000711e00000|100%| O|  |TAMS 0x0000000711c00000| PB 0x0000000711c00000| Untracked |  0
|  47|0x0000000711e00000, 0x0000000712000000, 0x0000000712000000|100%| O|  |TAMS 0x0000000711e00000| PB 0x0000000711e00000| Untracked |  0
|  48|0x0000000712000000, 0x0000000712200000, 0x0000000712200000|100%| O|  |TAMS 0x0000000712000000| PB 0x0000000712000000| Untracked |  0
|  49|0x0000000712200000, 0x0000000712400000, 0x0000000712400000|100%| O|  |TAMS 0x0000000712200000| PB 0x0000000712200000| Untracked |  0
|  50|0x0000000712400000, 0x0000000712600000, 0x0000000712600000|100%| O|  |TAMS 0x0000000712400000| PB 0x0000000712400000| Untracked |  0
|  51|0x0000000712600000, 0x0000000712800000, 0x0000000712800000|100%| O|  |TAMS 0x0000000712600000| PB 0x0000000712600000| Untracked |  0
|  52|0x0000000712800000, 0x0000000712a00000, 0x0000000712a00000|100%| O|  |TAMS 0x0000000712800000| PB 0x0000000712800000| Untracked |  0
|  53|0x0000000712a00000, 0x0000000712c00000, 0x0000000712c00000|100%| O|  |TAMS 0x0000000712a00000| PB 0x0000000712a00000| Untracked |  0
|  54|0x0000000712c00000, 0x0000000712e00000, 0x0000000712e00000|100%| O|  |TAMS 0x0000000712c00000| PB 0x0000000712c00000| Untracked |  0
|  55|0x0000000712e00000, 0x0000000713000000, 0x0000000713000000|100%| O|  |TAMS 0x0000000712e00000| PB 0x0000000712e00000| Untracked |  0
|  56|0x0000000713000000, 0x0000000713200000, 0x0000000713200000|100%| O|  |TAMS 0x0000000713000000| PB 0x0000000713000000| Untracked |  0
|  57|0x0000000713200000, 0x0000000713400000, 0x0000000713400000|100%| O|  |TAMS 0x0000000713200000| PB 0x0000000713200000| Untracked |  0
|  58|0x0000000713400000, 0x0000000713600000, 0x0000000713600000|100%| O|  |TAMS 0x0000000713400000| PB 0x0000000713400000| Untracked |  0
|  59|0x0000000713600000, 0x00000007136c4950, 0x0000000713800000| 38%| O|  |TAMS 0x0000000713600000| PB 0x0000000713600000| Untracked |  0
|  60|0x0000000713800000, 0x0000000713800000, 0x0000000713a00000|  0%| F|  |TAMS 0x0000000713800000| PB 0x0000000713800000| Untracked |  0
|  61|0x0000000713a00000, 0x0000000713c00000, 0x0000000713c00000|100%| O|  |TAMS 0x0000000713a00000| PB 0x0000000713a00000| Untracked |  0
|  62|0x0000000713c00000, 0x0000000713e00000, 0x0000000713e00000|100%| O|  |TAMS 0x0000000713c00000| PB 0x0000000713c00000| Untracked |  0
|  63|0x0000000713e00000, 0x0000000713e00000, 0x0000000714000000|  0%| F|  |TAMS 0x0000000713e00000| PB 0x0000000713e00000| Untracked |  0
|  64|0x0000000714000000, 0x000000071411f040, 0x0000000714200000| 56%| S|CS|TAMS 0x0000000714000000| PB 0x0000000714000000| Complete |  0
|  65|0x0000000714200000, 0x0000000714400000, 0x0000000714400000|100%| S|CS|TAMS 0x0000000714200000| PB 0x0000000714200000| Complete |  0
|  66|0x0000000714400000, 0x0000000714600000, 0x0000000714600000|100%| S|CS|TAMS 0x0000000714400000| PB 0x0000000714400000| Complete |  0
|  67|0x0000000714600000, 0x0000000714600000, 0x0000000714800000|  0%| F|  |TAMS 0x0000000714600000| PB 0x0000000714600000| Untracked |  0
|  68|0x0000000714800000, 0x0000000714800000, 0x0000000714a00000|  0%| F|  |TAMS 0x0000000714800000| PB 0x0000000714800000| Untracked |  0
|  69|0x0000000714a00000, 0x0000000714a00000, 0x0000000714c00000|  0%| F|  |TAMS 0x0000000714a00000| PB 0x0000000714a00000| Untracked |  0
|  70|0x0000000714c00000, 0x0000000714c00000, 0x0000000714e00000|  0%| F|  |TAMS 0x0000000714c00000| PB 0x0000000714c00000| Untracked |  0
|  71|0x0000000714e00000, 0x0000000714e00000, 0x0000000715000000|  0%| F|  |TAMS 0x0000000714e00000| PB 0x0000000714e00000| Untracked |  0
|  72|0x0000000715000000, 0x0000000715000000, 0x0000000715200000|  0%| F|  |TAMS 0x0000000715000000| PB 0x0000000715000000| Untracked |  0
|  73|0x0000000715200000, 0x0000000715200000, 0x0000000715400000|  0%| F|  |TAMS 0x0000000715200000| PB 0x0000000715200000| Untracked |  0
|  74|0x0000000715400000, 0x0000000715400000, 0x0000000715600000|  0%| F|  |TAMS 0x0000000715400000| PB 0x0000000715400000| Untracked |  0
|  75|0x0000000715600000, 0x0000000715600000, 0x0000000715800000|  0%| F|  |TAMS 0x0000000715600000| PB 0x0000000715600000| Untracked |  0
|  76|0x0000000715800000, 0x0000000715800000, 0x0000000715a00000|  0%| F|  |TAMS 0x0000000715800000| PB 0x0000000715800000| Untracked |  0
|  77|0x0000000715a00000, 0x0000000715a00000, 0x0000000715c00000|  0%| F|  |TAMS 0x0000000715a00000| PB 0x0000000715a00000| Untracked |  0
|  78|0x0000000715c00000, 0x0000000715c00000, 0x0000000715e00000|  0%| F|  |TAMS 0x0000000715c00000| PB 0x0000000715c00000| Untracked |  0
|  79|0x0000000715e00000, 0x0000000715e00000, 0x0000000716000000|  0%| F|  |TAMS 0x0000000715e00000| PB 0x0000000715e00000| Untracked |  0
|  80|0x0000000716000000, 0x0000000716000000, 0x0000000716200000|  0%| F|  |TAMS 0x0000000716000000| PB 0x0000000716000000| Untracked |  0
|  81|0x0000000716200000, 0x0000000716200000, 0x0000000716400000|  0%| F|  |TAMS 0x0000000716200000| PB 0x0000000716200000| Untracked |  0
|  82|0x0000000716400000, 0x0000000716400000, 0x0000000716600000|  0%| F|  |TAMS 0x0000000716400000| PB 0x0000000716400000| Untracked |  0
|  83|0x0000000716600000, 0x0000000716600000, 0x0000000716800000|  0%| F|  |TAMS 0x0000000716600000| PB 0x0000000716600000| Untracked |  0
|  84|0x0000000716800000, 0x0000000716800000, 0x0000000716a00000|  0%| F|  |TAMS 0x0000000716800000| PB 0x0000000716800000| Untracked |  0
|  85|0x0000000716a00000, 0x0000000716a00000, 0x0000000716c00000|  0%| F|  |TAMS 0x0000000716a00000| PB 0x0000000716a00000| Untracked |  0
|  86|0x0000000716c00000, 0x0000000716c00000, 0x0000000716e00000|  0%| F|  |TAMS 0x0000000716c00000| PB 0x0000000716c00000| Untracked |  0
|  87|0x0000000716e00000, 0x0000000716e00000, 0x0000000717000000|  0%| F|  |TAMS 0x0000000716e00000| PB 0x0000000716e00000| Untracked |  0
|  88|0x0000000717000000, 0x0000000717000000, 0x0000000717200000|  0%| F|  |TAMS 0x0000000717000000| PB 0x0000000717000000| Untracked |  0
|  89|0x0000000717200000, 0x0000000717200000, 0x0000000717400000|  0%| F|  |TAMS 0x0000000717200000| PB 0x0000000717200000| Untracked |  0
|  90|0x0000000717400000, 0x0000000717400000, 0x0000000717600000|  0%| F|  |TAMS 0x0000000717400000| PB 0x0000000717400000| Untracked |  0
|  91|0x0000000717600000, 0x0000000717600000, 0x0000000717800000|  0%| F|  |TAMS 0x0000000717600000| PB 0x0000000717600000| Untracked |  0
|  92|0x0000000717800000, 0x0000000717800000, 0x0000000717a00000|  0%| F|  |TAMS 0x0000000717800000| PB 0x0000000717800000| Untracked |  0
|  93|0x0000000717a00000, 0x0000000717a00000, 0x0000000717c00000|  0%| F|  |TAMS 0x0000000717a00000| PB 0x0000000717a00000| Untracked |  0
|  94|0x0000000717c00000, 0x0000000717c00000, 0x0000000717e00000|  0%| F|  |TAMS 0x0000000717c00000| PB 0x0000000717c00000| Untracked |  0
|  95|0x0000000717e00000, 0x0000000717e00000, 0x0000000718000000|  0%| F|  |TAMS 0x0000000717e00000| PB 0x0000000717e00000| Untracked |  0
| 121|0x000000071b200000, 0x000000071b200000, 0x000000071b400000|  0%| F|  |TAMS 0x000000071b200000| PB 0x000000071b200000| Untracked |  0

Card table byte_map: [0x00000133f8680000,0x00000133f8e20000] _byte_map_base: 0x00000133f4e20000

Marking Bits: (CMBitMap*) 0x00000133eef91f10
 Bits: [0x00000133f8e20000, 0x00000133fcb20000)

Polling page: 0x00000133ee580000

Metaspace:

Usage:
  Non-class:     65.13 MB used.
      Class:      8.71 MB used.
       Both:     73.84 MB used.

Virtual space:
  Non-class space:      128.00 MB reserved,      65.69 MB ( 51%) committed,  2 nodes.
      Class space:        1.00 GB reserved,       9.12 MB ( <1%) committed,  1 nodes.
             Both:        1.12 GB reserved,      74.81 MB (  6%) committed. 

Chunk freelists:
   Non-Class:  14.20 MB
       Class:  6.70 MB
        Both:  20.90 MB

MaxMetaspaceSize: unlimited
CompressedClassSpaceSize: 1.00 GB
Initial GC threshold: 21.00 MB
Current GC threshold: 123.88 MB
CDS: on
 - commit_granule_bytes: 65536.
 - commit_granule_words: 8192.
 - virtual_space_node_default_size: 8388608.
 - enlarge_chunks_in_place: 1.
 - use_allocation_guard: 0.


Internal statistics:

num_allocs_failed_limit: 9.
num_arena_births: 1576.
num_arena_deaths: 0.
num_vsnodes_births: 3.
num_vsnodes_deaths: 0.
num_space_committed: 1195.
num_space_uncommitted: 0.
num_chunks_returned_to_freelist: 9.
num_chunks_taken_from_freelist: 4368.
num_chunk_merges: 6.
num_chunk_splits: 3240.
num_chunks_enlarged: 2480.
num_inconsistent_stats: 0.

CodeHeap 'non-profiled nmethods': size=119232Kb used=5460Kb max_used=5460Kb free=113772Kb
 bounds [0x0000013387b90000, 0x00000133880f0000, 0x000001338f000000]
CodeHeap 'profiled nmethods': size=119104Kb used=28275Kb max_used=28275Kb free=90828Kb
 bounds [0x0000013380000000, 0x0000013381ba0000, 0x0000013387450000]
CodeHeap 'non-nmethods': size=7424Kb used=3437Kb max_used=3514Kb free=3986Kb
 bounds [0x0000013387450000, 0x00000133877d0000, 0x0000013387b90000]
CodeCache: size=245760Kb, used=37172Kb, max_used=37249Kb, free=208586Kb
 total_blobs=13487, nmethods=12710, adapters=676, full_count=0
Compilation: enabled, stopped_count=0, restarted_count=0

Compilation events (20 events):
Event: 13.472 Thread 0x00000133d5c7b3a0 14506       3       com.intellij.psi.impl.source.PsiFileImpl::init (19 bytes)
Event: 13.472 Thread 0x00000133e12a0910 14507       3       com.intellij.psi.impl.source.PsiFileImpl::setContentElementType (18 bytes)
Event: 13.472 Thread 0x00000133d5c77d20 nmethod 14505 0x0000013381b98388 code [0x0000013381b984a0, 0x0000013381b98620]
Event: 13.472 Thread 0x00000133d5c77d20 14508       3       com.intellij.psi.impl.source.PsiFileImpl::updateTrees (15 bytes)
Event: 13.472 Thread 0x00000133ff9f5510 14509       4       com.intellij.lang.impl.PsiBuilderImpl$StartMarker::done (46 bytes)
Event: 13.472 Thread 0x00000133e12a0910 nmethod 14507 0x0000013381b98688 code [0x0000013381b987c0, 0x0000013381b98ad8]
Event: 13.472 Thread 0x00000133d5c7b3a0 nmethod 14506 0x0000013381b98b08 code [0x0000013381b98c60, 0x0000013381b99140]
Event: 13.472 Thread 0x00000133d5c77d20 nmethod 14508 0x0000013381b99188 code [0x0000013381b992c0, 0x0000013381b99498]
Event: 13.472 Thread 0x00000133ff9f6d00 nmethod 14504 0x0000013381b99508 code [0x0000013381b996c0, 0x0000013381b9a038]
Event: 13.473 Thread 0x00000133e12a0910 14513       3       org.jetbrains.kotlin.types.checker.SimpleClassicTypeSystemContext::isNothingConstructor (6 bytes)
Event: 13.473 Thread 0x00000133e12a0910 nmethod 14513 0x0000013381b9a108 code [0x0000013381b9a220, 0x0000013381b9a358]
Event: 13.474 Thread 0x00000133e12a0910 14514       3       org.jetbrains.kotlin.serialization.deserialization.descriptors.DeserializedAnnotations::hasAnnotation (6 bytes)
Event: 13.475 Thread 0x00000133e12a0910 nmethod 14514 0x0000013381b9a408 code [0x0000013381b9a5c0, 0x0000013381b9ad30]
Event: 13.476 Thread 0x00000133d5c7b3a0 14515       3       org.jetbrains.kotlin.psi.KtProperty::<init> (14 bytes)
Event: 13.477 Thread 0x00000133ff9f5510 nmethod 14509 0x00000133880e4108 code [0x00000133880e42a0, 0x00000133880e49e0]
Event: 13.477 Thread 0x00000133d5c7b3a0 nmethod 14515 0x0000013381b9ae08 code [0x0000013381b9afc0, 0x0000013381b9b6f8]
Event: 13.477 Thread 0x00000133ff9f5510 14512       4       kotlin.collections.ArraysKt___ArraysKt::minOrNull (69 bytes)
Event: 13.477 Thread 0x00000133d5c7b3a0 14516       3       org.jetbrains.kotlin.resolve.calls.checkers.NewSchemeOfIntegerOperatorResolutionChecker::needToCheck (26 bytes)
Event: 13.478 Thread 0x00000133d5c7b3a0 nmethod 14516 0x0000013381b9b788 code [0x0000013381b9ba80, 0x0000013381b9cc58]
Event: 13.480 Thread 0x00000133ff9f5510 nmethod 14512 0x00000133880e4b08 code [0x00000133880e4c40, 0x00000133880e4f40]

GC Heap History (20 events):
Event: 11.193 GC heap after
{Heap after GC invocations=35 (full 0):
 garbage-first heap   total reserved 3997696K, committed 120832K, used 71859K [0x000000070c000000, 0x0000000800000000)
  region size 2048K, 3 young (6144K), 3 survivors (6144K)
 Metaspace       used 72072K, committed 73088K, reserved 1114112K
  class space    used 8801K, committed 9280K, reserved 1048576K
}
Event: 11.261 GC heap before
{Heap before GC invocations=35 (full 0):
 garbage-first heap   total reserved 3997696K, committed 120832K, used 104627K [0x000000070c000000, 0x0000000800000000)
  region size 2048K, 19 young (38912K), 3 survivors (6144K)
 Metaspace       used 72186K, committed 73216K, reserved 1114112K
  class space    used 8802K, committed 9280K, reserved 1048576K
}
Event: 11.263 GC heap after
{Heap after GC invocations=36 (full 0):
 garbage-first heap   total reserved 3997696K, committed 120832K, used 74136K [0x000000070c000000, 0x0000000800000000)
  region size 2048K, 3 young (6144K), 3 survivors (6144K)
 Metaspace       used 72186K, committed 73216K, reserved 1114112K
  class space    used 8802K, committed 9280K, reserved 1048576K
}
Event: 11.314 GC heap before
{Heap before GC invocations=36 (full 0):
 garbage-first heap   total reserved 3997696K, committed 120832K, used 104856K [0x000000070c000000, 0x0000000800000000)
  region size 2048K, 18 young (36864K), 3 survivors (6144K)
 Metaspace       used 72245K, committed 73280K, reserved 1114112K
  class space    used 8802K, committed 9280K, reserved 1048576K
}
Event: 11.317 GC heap after
{Heap after GC invocations=37 (full 0):
 garbage-first heap   total reserved 3997696K, committed 194560K, used 79821K [0x000000070c000000, 0x0000000800000000)
  region size 2048K, 3 young (6144K), 3 survivors (6144K)
 Metaspace       used 72245K, committed 73280K, reserved 1114112K
  class space    used 8802K, committed 9280K, reserved 1048576K
}
Event: 11.476 GC heap before
{Heap before GC invocations=38 (full 0):
 garbage-first heap   total reserved 3997696K, committed 194560K, used 163789K [0x000000070c000000, 0x0000000800000000)
  region size 2048K, 45 young (92160K), 3 survivors (6144K)
 Metaspace       used 72326K, committed 73344K, reserved 1114112K
  class space    used 8802K, committed 9280K, reserved 1048576K
}
Event: 11.480 GC heap after
{Heap after GC invocations=39 (full 0):
 garbage-first heap   total reserved 3997696K, committed 194560K, used 84630K [0x000000070c000000, 0x0000000800000000)
  region size 2048K, 6 young (12288K), 6 survivors (12288K)
 Metaspace       used 72326K, committed 73344K, reserved 1114112K
  class space    used 8802K, committed 9280K, reserved 1048576K
}
Event: 11.616 GC heap before
{Heap before GC invocations=39 (full 0):
 garbage-first heap   total reserved 3997696K, committed 194560K, used 166550K [0x000000070c000000, 0x0000000800000000)
  region size 2048K, 46 young (94208K), 6 survivors (12288K)
 Metaspace       used 72468K, committed 73536K, reserved 1114112K
  class space    used 8802K, committed 9280K, reserved 1048576K
}
Event: 11.621 GC heap after
{Heap after GC invocations=40 (full 0):
 garbage-first heap   total reserved 3997696K, committed 194560K, used 90669K [0x000000070c000000, 0x0000000800000000)
  region size 2048K, 4 young (8192K), 4 survivors (8192K)
 Metaspace       used 72468K, committed 73536K, reserved 1114112K
  class space    used 8802K, committed 9280K, reserved 1048576K
}
Event: 11.741 GC heap before
{Heap before GC invocations=40 (full 0):
 garbage-first heap   total reserved 3997696K, committed 194560K, used 168493K [0x000000070c000000, 0x0000000800000000)
  region size 2048K, 42 young (86016K), 4 survivors (8192K)
 Metaspace       used 72567K, committed 73600K, reserved 1114112K
  class space    used 8802K, committed 9280K, reserved 1048576K
}
Event: 11.745 GC heap after
{Heap after GC invocations=41 (full 0):
 garbage-first heap   total reserved 3997696K, committed 194560K, used 98058K [0x000000070c000000, 0x0000000800000000)
  region size 2048K, 4 young (8192K), 4 survivors (8192K)
 Metaspace       used 72567K, committed 73600K, reserved 1114112K
  class space    used 8802K, committed 9280K, reserved 1048576K
}
Event: 12.261 GC heap before
{Heap before GC invocations=42 (full 0):
 garbage-first heap   total reserved 3997696K, committed 194560K, used 169738K [0x000000070c000000, 0x0000000800000000)
  region size 2048K, 39 young (79872K), 4 survivors (8192K)
 Metaspace       used 73757K, committed 74688K, reserved 1179648K
  class space    used 8861K, committed 9280K, reserved 1048576K
}
Event: 12.266 GC heap after
{Heap after GC invocations=43 (full 0):
 garbage-first heap   total reserved 3997696K, committed 194560K, used 106435K [0x000000070c000000, 0x0000000800000000)
  region size 2048K, 5 young (10240K), 5 survivors (10240K)
 Metaspace       used 73757K, committed 74688K, reserved 1179648K
  class space    used 8861K, committed 9280K, reserved 1048576K
}
Event: 12.559 GC heap before
{Heap before GC invocations=43 (full 0):
 garbage-first heap   total reserved 3997696K, committed 194560K, used 167875K [0x000000070c000000, 0x0000000800000000)
  region size 2048K, 36 young (73728K), 5 survivors (10240K)
 Metaspace       used 74313K, committed 75264K, reserved 1179648K
  class space    used 8864K, committed 9280K, reserved 1048576K
}
Event: 12.563 GC heap after
{Heap after GC invocations=44 (full 0):
 garbage-first heap   total reserved 3997696K, committed 194560K, used 110673K [0x000000070c000000, 0x0000000800000000)
  region size 2048K, 3 young (6144K), 3 survivors (6144K)
 Metaspace       used 74313K, committed 75264K, reserved 1179648K
  class space    used 8864K, committed 9280K, reserved 1048576K
}
Event: 12.981 GC heap before
{Heap before GC invocations=44 (full 0):
 garbage-first heap   total reserved 3997696K, committed 194560K, used 174161K [0x000000070c000000, 0x0000000800000000)
  region size 2048K, 34 young (69632K), 3 survivors (6144K)
 Metaspace       used 75090K, committed 76096K, reserved 1179648K
  class space    used 8891K, committed 9344K, reserved 1048576K
}
Event: 12.985 GC heap after
{Heap after GC invocations=45 (full 0):
 garbage-first heap   total reserved 3997696K, committed 194560K, used 117044K [0x000000070c000000, 0x0000000800000000)
  region size 2048K, 5 young (10240K), 5 survivors (10240K)
 Metaspace       used 75090K, committed 76096K, reserved 1179648K
  class space    used 8891K, committed 9344K, reserved 1048576K
}
Event: 13.169 GC heap before
{Heap before GC invocations=46 (full 0):
 garbage-first heap   total reserved 3997696K, committed 198656K, used 170292K [0x000000070c000000, 0x0000000800000000)
  region size 2048K, 31 young (63488K), 5 survivors (10240K)
 Metaspace       used 75231K, committed 76224K, reserved 1179648K
  class space    used 8899K, committed 9344K, reserved 1048576K
}
Event: 13.174 GC heap after
{Heap after GC invocations=47 (full 0):
 garbage-first heap   total reserved 3997696K, committed 198656K, used 122981K [0x000000070c000000, 0x0000000800000000)
  region size 2048K, 3 young (6144K), 3 survivors (6144K)
 Metaspace       used 75231K, committed 76224K, reserved 1179648K
  class space    used 8899K, committed 9344K, reserved 1048576K
}
Event: 13.480 GC heap before
{Heap before GC invocations=47 (full 0):
 garbage-first heap   total reserved 3997696K, committed 198656K, used 178277K [0x000000070c000000, 0x0000000800000000)
  region size 2048K, 30 young (61440K), 3 survivors (6144K)
 Metaspace       used 75608K, committed 76608K, reserved 1179648K
  class space    used 8917K, committed 9344K, reserved 1048576K
}

Dll operation events (8 events):
Event: 0.007 Loaded shared library C:\Program Files\Java\jdk-23\bin\java.dll
Event: 0.026 Loaded shared library C:\Program Files\Java\jdk-23\bin\jsvml.dll
Event: 0.053 Loaded shared library C:\Program Files\Java\jdk-23\bin\net.dll
Event: 0.054 Loaded shared library C:\Program Files\Java\jdk-23\bin\nio.dll
Event: 0.057 Loaded shared library C:\Program Files\Java\jdk-23\bin\zip.dll
Event: 0.122 Loaded shared library C:\Program Files\Java\jdk-23\bin\jimage.dll
Event: 0.919 Loaded shared library C:\Program Files\Java\jdk-23\bin\verify.dll
Event: 2.224 Loaded shared library C:\Users\Haqii\AppData\Local\Temp\sqlite-3.41.2.1-fa09498e-cd4c-48bb-b9d5-5f43cf20cef8-sqlitejdbc.dll

Deoptimization events (20 events):
Event: 13.247 Thread 0x00000133e17a96f0 DEOPT PACKING pc=0x0000013387febf00 sp=0x00000015581f8a50
Event: 13.247 Thread 0x00000133e17a96f0 DEOPT UNPACKING pc=0x00000133874a4402 sp=0x00000015581f89d8 mode 2
Event: 13.247 Thread 0x00000133e17a96f0 Uncommon trap: trap_request=0xffffffc6 fr.pc=0x0000013388000e60 relative=0x00000000000005a0
Event: 13.247 Thread 0x00000133e17a96f0 Uncommon trap: reason=bimorphic_or_optimized_type_check action=maybe_recompile pc=0x0000013388000e60 method=org.jetbrains.kotlin.resolve.calls.components.candidate.ResolutionCandidate.getResolutionSequence()Ljava/util/List; @ 7 c2
Event: 13.247 Thread 0x00000133e17a96f0 DEOPT PACKING pc=0x0000013388000e60 sp=0x00000015581f8a30
Event: 13.247 Thread 0x00000133e17a96f0 DEOPT UNPACKING pc=0x00000133874a4402 sp=0x00000015581f8928 mode 2
Event: 13.250 Thread 0x00000133e17a96f0 DEOPT PACKING pc=0x00000133813bed14 sp=0x00000015581f9090
Event: 13.250 Thread 0x00000133e17a96f0 DEOPT UNPACKING pc=0x00000133874a4b22 sp=0x00000015581f8678 mode 0
Event: 13.252 Thread 0x00000133e17a96f0 Uncommon trap: trap_request=0xffffffde fr.pc=0x000001338806b514 relative=0x00000000000002b4
Event: 13.252 Thread 0x00000133e17a96f0 Uncommon trap: reason=class_check action=maybe_recompile pc=0x000001338806b514 method=org.jetbrains.kotlin.resolve.calls.tower.ImplicitScopeTowerKt.getResultApplicabilityForCallDiagnostics(Ljava/util/Collection;)Lorg/jetbrains/kotlin/resolve/calls/tower/C
Event: 13.252 Thread 0x00000133e17a96f0 DEOPT PACKING pc=0x000001338806b514 sp=0x00000015581f8e90
Event: 13.252 Thread 0x00000133e17a96f0 DEOPT UNPACKING pc=0x00000133874a4402 sp=0x00000015581f8df8 mode 2
Event: 13.252 Thread 0x00000133e17a96f0 Uncommon trap: trap_request=0xffffffde fr.pc=0x000001338806b514 relative=0x00000000000002b4
Event: 13.252 Thread 0x00000133e17a96f0 Uncommon trap: reason=class_check action=maybe_recompile pc=0x000001338806b514 method=org.jetbrains.kotlin.resolve.calls.tower.ImplicitScopeTowerKt.getResultApplicabilityForCallDiagnostics(Ljava/util/Collection;)Lorg/jetbrains/kotlin/resolve/calls/tower/C
Event: 13.252 Thread 0x00000133e17a96f0 DEOPT PACKING pc=0x000001338806b514 sp=0x00000015581f8d80
Event: 13.252 Thread 0x00000133e17a96f0 DEOPT UNPACKING pc=0x00000133874a4402 sp=0x00000015581f8ce8 mode 2
Event: 13.329 Thread 0x00000133e17a96f0 Uncommon trap: trap_request=0xffffff45 fr.pc=0x0000013387bc1750 relative=0x00000000000000b0
Event: 13.329 Thread 0x00000133e17a96f0 Uncommon trap: reason=unstable_if action=reinterpret pc=0x0000013387bc1750 method=java.lang.CharacterDataLatin1.digit(II)I @ 12 c2
Event: 13.329 Thread 0x00000133e17a96f0 DEOPT PACKING pc=0x0000013387bc1750 sp=0x00000015581fbc00
Event: 13.329 Thread 0x00000133e17a96f0 DEOPT UNPACKING pc=0x00000133874a4402 sp=0x00000015581fbb78 mode 2

Classes loaded (20 events):
Event: 10.356 Loading class java/util/function/LongToIntFunction
Event: 10.356 Loading class java/util/function/LongToIntFunction done
Event: 10.357 Loading class java/util/stream/LongPipeline$4
Event: 10.357 Loading class java/util/stream/IntPipeline$StatelessOp
Event: 10.357 Loading class java/util/stream/IntPipeline$StatelessOp done
Event: 10.357 Loading class java/util/stream/LongPipeline$4 done
Event: 10.357 Loading class java/util/stream/Nodes$IntFixedNodeBuilder
Event: 10.357 Loading class java/util/stream/Node$Builder$OfInt
Event: 10.357 Loading class java/util/stream/Node$Builder$OfInt done
Event: 10.357 Loading class java/util/stream/Nodes$IntArrayNode
Event: 10.357 Loading class java/util/stream/Nodes$IntArrayNode done
Event: 10.357 Loading class java/util/stream/Nodes$IntFixedNodeBuilder done
Event: 10.357 Loading class java/util/stream/LongPipeline$4$1
Event: 10.357 Loading class java/util/stream/Sink$ChainedLong
Event: 10.357 Loading class java/util/stream/Sink$OfLong
Event: 10.358 Loading class java/util/stream/Sink$OfLong done
Event: 10.358 Loading class java/util/stream/Sink$ChainedLong done
Event: 10.358 Loading class java/util/stream/LongPipeline$4$1 done
Event: 10.510 Loading class java/util/function/IntBinaryOperator
Event: 10.510 Loading class java/util/function/IntBinaryOperator done

Classes unloaded (0 events):
No events

Classes redefined (0 events):
No events

Internal exceptions (20 events):
Event: 9.799 Thread 0x00000133e17a96f0 Exception <a 'java/lang/NoSuchMethodError'{0x000000071107b120}: 'java.lang.Object java.lang.invoke.DirectMethodHandle$Holder.invokeSpecial(java.lang.Object, java.lang.Object, java.lang.Object, java.lang.Object, java.lang.Object, java.lang.Object, int)'> (0x000000071107b120) 
thrown [s\open\src\hotspot\share\interpreter\linkResolver.cpp, line 796]
Event: 9.800 Thread 0x00000133e17a96f0 Exception <a 'java/lang/NoSuchMethodError'{0x0000000711093c98}: 'java.lang.Object java.lang.invoke.DirectMethodHandle$Holder.newInvokeSpecial(java.lang.Object, java.lang.Object, java.lang.Object, java.lang.Object, java.lang.Object, java.lang.Object, java.lang.Object, int, java.lang.Object)'> (0x0000000711093c98) 
thrown [s\open\src\hotspot\share\interpreter\linkResolver.cpp, line 796]
Event: 10.118 Thread 0x00000133e17a96f0 Exception <a 'java/lang/IncompatibleClassChangeError'{0x000000070fefd068}: Found class java.lang.Object, but interface was expected> (0x000000070fefd068) 
thrown [s\open\src\hotspot\share\interpreter\linkResolver.cpp, line 863]
Event: 10.137 Thread 0x00000133e17a96f0 Implicit null exception at 0x0000013387d4a28a to 0x0000013387d4a610
Event: 10.267 Thread 0x00000133e17a96f0 Exception <a 'java/lang/NoSuchMethodError'{0x0000000713c48440}: 'java.lang.Object java.lang.invoke.DirectMethodHandle$Holder.invokeSpecial(java.lang.Object, java.lang.Object, int, java.lang.Object, java.lang.Object)'> (0x0000000713c48440) 
thrown [s\open\src\hotspot\share\interpreter\linkResolver.cpp, line 796]
Event: 10.327 Thread 0x00000133e17a96f0 Exception <a 'java/lang/NoSuchMethodError'{0x0000000713a116b0}: 'java.lang.Object java.lang.invoke.DirectMethodHandle$Holder.invokeStatic(java.lang.Object, int, java.lang.Object)'> (0x0000000713a116b0) 
thrown [s\open\src\hotspot\share\interpreter\linkResolver.cpp, line 796]
Event: 10.338 Thread 0x00000133e17aa410 Exception <a 'sun/nio/fs/WindowsException'{0x0000000713af0530}> (0x0000000713af0530) 
thrown [s\open\src\hotspot\share\prims\jni.cpp, line 520]
Event: 10.339 Thread 0x00000133e17aa410 Implicit null exception at 0x0000013380262582 to 0x0000013380262718
Event: 10.339 Thread 0x00000133e17aa410 Exception <a 'java/lang/NullPointerException'{0x0000000713af4510}> (0x0000000713af4510) 
thrown [s\open\src\hotspot\share\runtime\sharedRuntime.cpp, line 627]
Event: 10.354 Thread 0x00000133e17aa410 Exception <a 'java/lang/NoSuchMethodError'{0x0000000713b35fd0}: 'java.lang.Object java.lang.invoke.DirectMethodHandle$Holder.newInvokeSpecial(java.lang.Object, java.lang.Object, int, java.lang.Object, int)'> (0x0000000713b35fd0) 
thrown [s\open\src\hotspot\share\interpreter\linkResolver.cpp, line 796]
Event: 10.356 Thread 0x00000133e17aa410 Exception <a 'java/lang/NoSuchMethodError'{0x0000000713b40ec8}: 'int java.lang.invoke.DirectMethodHandle$Holder.invokeStatic(java.lang.Object, long)'> (0x0000000713b40ec8) 
thrown [s\open\src\hotspot\share\interpreter\linkResolver.cpp, line 796]
Event: 10.511 Thread 0x00000133e17a96f0 Exception <a 'java/lang/NoSuchMethodError'{0x0000000710c40cd0}: 'int java.lang.invoke.DirectMethodHandle$Holder.invokeStatic(java.lang.Object, java.lang.Object, int, java.lang.Object)'> (0x0000000710c40cd0) 
thrown [s\open\src\hotspot\share\interpreter\linkResolver.cpp, line 796]
Event: 10.514 Thread 0x00000133e17a96f0 Exception <a 'java/lang/IncompatibleClassChangeError'{0x0000000710c66c30}: Found class java.lang.Object, but interface was expected> (0x0000000710c66c30) 
thrown [s\open\src\hotspot\share\interpreter\linkResolver.cpp, line 863]
Event: 10.515 Thread 0x00000133e17a96f0 Exception <a 'java/lang/NoSuchMethodError'{0x0000000710c69a88}: 'int java.lang.invoke.DirectMethodHandle$Holder.invokeSpecialIFC(java.lang.Object, java.lang.Object, java.lang.Object)'> (0x0000000710c69a88) 
thrown [s\open\src\hotspot\share\interpreter\linkResolver.cpp, line 796]
Event: 10.525 Thread 0x00000133e17a96f0 Exception <a 'java/lang/NoSuchMethodError'{0x0000000710cf5660}: 'java.lang.Object java.lang.invoke.DirectMethodHandle$Holder.invokeStatic(java.lang.Object, int, int, java.lang.Object)'> (0x0000000710cf5660) 
thrown [s\open\src\hotspot\share\interpreter\linkResolver.cpp, line 796]
Event: 10.817 Thread 0x00000133e17a96f0 Implicit null exception at 0x0000013387ef0c40 to 0x0000013387ef0d14
Event: 10.831 Thread 0x00000133e17a96f0 Implicit null exception at 0x0000013387eeee90 to 0x0000013387eeef24
Event: 10.845 Thread 0x00000133e17a96f0 Exception <a 'java/lang/NoSuchMethodError'{0x0000000713ac3dc8}: 'java.lang.Object java.lang.invoke.DirectMethodHandle$Holder.invokeStatic(java.lang.Object, int, java.lang.Object, java.lang.Object)'> (0x0000000713ac3dc8) 
thrown [s\open\src\hotspot\share\interpreter\linkResolver.cpp, line 796]
Event: 10.845 Thread 0x00000133e17a96f0 Exception <a 'java/lang/NoSuchMethodError'{0x0000000713acad20}: 'java.lang.Object java.lang.invoke.DirectMethodHandle$Holder.newInvokeSpecial(java.lang.Object, int, java.lang.Object)'> (0x0000000713acad20) 
thrown [s\open\src\hotspot\share\interpreter\linkResolver.cpp, line 796]
Event: 12.595 Thread 0x00000133e17a96f0 Implicit null exception at 0x0000013388036b19 to 0x0000013388037398

VM Operations (20 events):
Event: 12.564 Executing VM operation: G1CollectForAllocation (G1 Evacuation Pause) done
Event: 12.981 Executing VM operation: G1CollectForAllocation (G1 Evacuation Pause)
Event: 12.985 Executing VM operation: G1CollectForAllocation (G1 Evacuation Pause) done
Event: 13.034 Executing VM operation: G1PauseRemark
Event: 13.039 Executing VM operation: G1PauseRemark done
Event: 13.050 Executing VM operation: G1PauseCleanup
Event: 13.050 Executing VM operation: G1PauseCleanup done
Event: 13.112 Executing VM operation: HandshakeAllThreads (Deoptimize)
Event: 13.112 Executing VM operation: HandshakeAllThreads (Deoptimize) done
Event: 13.169 Executing VM operation: G1CollectForAllocation (G1 Evacuation Pause)
Event: 13.174 Executing VM operation: G1CollectForAllocation (G1 Evacuation Pause) done
Event: 13.219 Executing VM operation: HandshakeAllThreads (Deoptimize)
Event: 13.219 Executing VM operation: HandshakeAllThreads (Deoptimize) done
Event: 13.228 Executing VM operation: HandshakeAllThreads (Deoptimize)
Event: 13.228 Executing VM operation: HandshakeAllThreads (Deoptimize) done
Event: 13.244 Executing VM operation: HandshakeAllThreads (Deoptimize)
Event: 13.244 Executing VM operation: HandshakeAllThreads (Deoptimize) done
Event: 13.249 Executing VM operation: HandshakeAllThreads (Deoptimize)
Event: 13.249 Executing VM operation: HandshakeAllThreads (Deoptimize) done
Event: 13.480 Executing VM operation: G1CollectForAllocation (G1 Evacuation Pause)

Memory protections (0 events):
No events

Nmethod flushes (20 events):
Event: 13.038 Thread 0x00000133ff9cef30 flushing  nmethod 0x00000133803c5188
Event: 13.038 Thread 0x00000133ff9cef30 flushing  nmethod 0x00000133805aeb08
Event: 13.038 Thread 0x00000133ff9cef30 flushing  nmethod 0x0000013380a1fa88
Event: 13.038 Thread 0x00000133ff9cef30 flushing  nmethod 0x0000013380a99608
Event: 13.038 Thread 0x00000133ff9cef30 flushing  nmethod 0x0000013380110188
Event: 13.038 Thread 0x00000133ff9cef30 flushing  nmethod 0x0000013380380488
Event: 13.038 Thread 0x00000133ff9cef30 flushing  nmethod 0x0000013380824b88
Event: 13.038 Thread 0x00000133ff9cef30 flushing  nmethod 0x0000013380825008
Event: 13.038 Thread 0x00000133ff9cef30 flushing  nmethod 0x000001338087c688
Event: 13.038 Thread 0x00000133ff9cef30 flushing  nmethod 0x0000013380a57c88
Event: 13.038 Thread 0x00000133ff9cef30 flushing  nmethod 0x0000013380a59808
Event: 13.038 Thread 0x00000133ff9cef30 flushing  nmethod 0x0000013380352d88
Event: 13.038 Thread 0x00000133ff9cef30 flushing  nmethod 0x0000013380861b88
Event: 13.038 Thread 0x00000133ff9cef30 flushing  nmethod 0x00000133809d8d08
Event: 13.038 Thread 0x00000133ff9cef30 flushing  nmethod 0x00000133801aaf88
Event: 13.038 Thread 0x00000133ff9cef30 flushing  nmethod 0x00000133807f9108
Event: 13.038 Thread 0x00000133ff9cef30 flushing  nmethod 0x00000133810ea688
Event: 13.038 Thread 0x00000133ff9cef30 flushing  nmethod 0x00000133810f4f88
Event: 13.038 Thread 0x00000133ff9cef30 flushing  nmethod 0x00000133800bb288
Event: 13.038 Thread 0x00000133ff9cef30 flushing  nmethod 0x0000013380de3f88

Events (20 events):
Event: 4.845 Thread 0x00000133ff9f5510 Thread added: 0x00000133e106d160
Event: 4.908 Thread 0x00000133e17aa410 Thread added: 0x00000133e17aaaa0
Event: 4.908 Thread 0x00000133e17aa410 Thread added: 0x00000133e17a9d80
Event: 4.932 Thread 0x00000133d55a3d40 Thread added: 0x00000133e17a96f0
Event: 5.326 Thread 0x00000133e106d160 Thread added: 0x00000133d57fd500
Event: 7.168 Thread 0x00000133e17a9d80 Thread exited: 0x00000133e17a9d80
Event: 7.168 Thread 0x00000133e17aaaa0 Thread exited: 0x00000133e17aaaa0
Event: 8.146 Thread 0x00000133d57fd500 Thread exited: 0x00000133d57fd500
Event: 8.146 Thread 0x00000133e106d160 Thread exited: 0x00000133e106d160
Event: 8.146 Thread 0x00000133e134a7b0 Thread exited: 0x00000133e134a7b0
Event: 8.146 Thread 0x00000133e12a3820 Thread exited: 0x00000133e12a3820
Event: 8.160 Thread 0x00000133e17aa410 Thread added: 0x00000133e17aaaa0
Event: 8.160 Thread 0x00000133e17aa410 Thread added: 0x00000133e17acb70
Event: 8.201 Thread 0x00000133ff9f6d00 Thread added: 0x00000133d5c77d20
Event: 8.250 Thread 0x00000133e12a0910 Thread added: 0x00000133d5c7a600
Event: 8.251 Thread 0x00000133e12a0910 Thread added: 0x00000133d5c7ba70
Event: 8.262 Thread 0x00000133d5c77d20 Thread added: 0x00000133d5c7b3a0
Event: 9.520 Thread 0x00000133e17a96f0 Thread added: 0x00000133e2485860
Event: 10.332 Thread 0x00000133e17acb70 Thread exited: 0x00000133e17acb70
Event: 10.332 Thread 0x00000133e17aaaa0 Thread exited: 0x00000133e17aaaa0


Dynamic libraries:
0x00007ff7591b0000 - 0x00007ff7591c0000 	C:\Program Files\Java\jdk-23\bin\java.exe
0x00007ffdc5fc0000 - 0x00007ffdc6228000 	C:\WINDOWS\SYSTEM32\ntdll.dll
0x00007ffdc44e0000 - 0x00007ffdc45a9000 	C:\WINDOWS\System32\KERNEL32.DLL
0x00007ffdc32d0000 - 0x00007ffdc36c2000 	C:\WINDOWS\System32\KERNELBASE.dll
0x00007ffdc3780000 - 0x00007ffdc38cb000 	C:\WINDOWS\System32\ucrtbase.dll
0x00007ffdad360000 - 0x00007ffdad37b000 	C:\Program Files\Java\jdk-23\bin\VCRUNTIME140.dll
0x00007ffdb08e0000 - 0x00007ffdb08f7000 	C:\Program Files\Java\jdk-23\bin\jli.dll
0x00007ffdc5db0000 - 0x00007ffdc5f75000 	C:\WINDOWS\System32\USER32.dll
0x00007ffdb2c60000 - 0x00007ffdb2ef3000 	C:\WINDOWS\WinSxS\amd64_microsoft.windows.common-controls_6595b64144ccf1df_6.0.26100.6899_none_3e0efeeae32e88c1\COMCTL32.dll
0x00007ffdc4b10000 - 0x00007ffdc4bb9000 	C:\WINDOWS\System32\msvcrt.dll
0x00007ffdc32a0000 - 0x00007ffdc32c7000 	C:\WINDOWS\System32\win32u.dll
0x00007ffdc5a40000 - 0x00007ffdc5a6b000 	C:\WINDOWS\System32\GDI32.dll
0x00007ffdc3c60000 - 0x00007ffdc3d8d000 	C:\WINDOWS\System32\gdi32full.dll
0x00007ffdc36d0000 - 0x00007ffdc3773000 	C:\WINDOWS\System32\msvcp_win.dll
0x00007ffdc4340000 - 0x00007ffdc436f000 	C:\WINDOWS\System32\IMM32.DLL
0x00007ffdbc9d0000 - 0x00007ffdbc9dc000 	C:\Program Files\Java\jdk-23\bin\vcruntime140_1.dll
0x00007ffdabdc0000 - 0x00007ffdabe4e000 	C:\Program Files\Java\jdk-23\bin\msvcp140.dll
0x00007ffd1a0a0000 - 0x00007ffd1adef000 	C:\Program Files\Java\jdk-23\bin\server\jvm.dll
0x00007ffdc48b0000 - 0x00007ffdc4964000 	C:\WINDOWS\System32\ADVAPI32.dll
0x00007ffdc5c60000 - 0x00007ffdc5d06000 	C:\WINDOWS\System32\sechost.dll
0x00007ffdc5a80000 - 0x00007ffdc5b98000 	C:\WINDOWS\System32\RPCRT4.dll
0x00007ffdc5d30000 - 0x00007ffdc5da4000 	C:\WINDOWS\System32\WS2_32.dll
0x00007ffdc2fd0000 - 0x00007ffdc302e000 	C:\WINDOWS\SYSTEM32\POWRPROF.dll
0x00007ffdb8d80000 - 0x00007ffdb8db5000 	C:\WINDOWS\SYSTEM32\WINMM.dll
0x00007ffdb72b0000 - 0x00007ffdb72bb000 	C:\WINDOWS\SYSTEM32\VERSION.dll
0x00007ffdc2fb0000 - 0x00007ffdc2fc4000 	C:\WINDOWS\SYSTEM32\UMPDC.dll
0x00007ffdc1f20000 - 0x00007ffdc1f3b000 	C:\WINDOWS\SYSTEM32\kernel.appcore.dll
0x00007ffdbc9b0000 - 0x00007ffdbc9ba000 	C:\Program Files\Java\jdk-23\bin\jimage.dll
0x00007ffdc03e0000 - 0x00007ffdc0622000 	C:\WINDOWS\SYSTEM32\DBGHELP.DLL
0x00007ffdc3fc0000 - 0x00007ffdc433b000 	C:\WINDOWS\System32\combase.dll
0x00007ffdc47d0000 - 0x00007ffdc48a7000 	C:\WINDOWS\System32\OLEAUT32.dll
0x00007ffdab9c0000 - 0x00007ffdab9fc000 	C:\WINDOWS\SYSTEM32\dbgcore.DLL
0x00007ffdc38d0000 - 0x00007ffdc3968000 	C:\WINDOWS\System32\bcryptPrimitives.dll
0x00007ffdabbd0000 - 0x00007ffdabbee000 	C:\Program Files\Java\jdk-23\bin\java.dll
0x00007ffdc4970000 - 0x00007ffdc4b08000 	C:\WINDOWS\System32\ole32.dll
0x00007ffdc5090000 - 0x00007ffdc57dd000 	C:\WINDOWS\System32\SHELL32.dll
0x00007ffdc3970000 - 0x00007ffdc3adb000 	C:\WINDOWS\System32\wintypes.dll
0x00007ffdc0de0000 - 0x00007ffdc163d000 	C:\WINDOWS\SYSTEM32\windows.storage.dll
0x00007ffdc43e0000 - 0x00007ffdc44d2000 	C:\WINDOWS\System32\SHCORE.dll
0x00007ffdc5950000 - 0x00007ffdc59b2000 	C:\WINDOWS\System32\shlwapi.dll
0x00007ffdc3070000 - 0x00007ffdc3099000 	C:\WINDOWS\SYSTEM32\profapi.dll
0x00007ffd90560000 - 0x00007ffd90637000 	C:\Program Files\Java\jdk-23\bin\jsvml.dll
0x00007ffdbc970000 - 0x00007ffdbc980000 	C:\Program Files\Java\jdk-23\bin\net.dll
0x00007ffdc2490000 - 0x00007ffdc24fb000 	C:\WINDOWS\system32\mswsock.dll
0x00007ffdabbb0000 - 0x00007ffdabbc6000 	C:\Program Files\Java\jdk-23\bin\nio.dll
0x00007ffdabb90000 - 0x00007ffdabba7000 	C:\Program Files\Java\jdk-23\bin\zip.dll
0x00007ffdc2740000 - 0x00007ffdc275b000 	C:\WINDOWS\SYSTEM32\CRYPTSP.dll
0x00007ffdc1e80000 - 0x00007ffdc1ebb000 	C:\WINDOWS\system32\rsaenh.dll
0x00007ffdc2530000 - 0x00007ffdc255b000 	C:\WINDOWS\SYSTEM32\USERENV.dll
0x00007ffdc3040000 - 0x00007ffdc3066000 	C:\WINDOWS\SYSTEM32\bcrypt.dll
0x00007ffdc2760000 - 0x00007ffdc276c000 	C:\WINDOWS\SYSTEM32\CRYPTBASE.dll
0x00007ffdc1940000 - 0x00007ffdc1974000 	C:\WINDOWS\SYSTEM32\IPHLPAPI.DLL
0x00007ffdc57e0000 - 0x00007ffdc57ea000 	C:\WINDOWS\System32\NSI.dll
0x00007ffdb8860000 - 0x00007ffdb8870000 	C:\Program Files\Java\jdk-23\bin\verify.dll
0x00007ffd37fb0000 - 0x00007ffd38099000 	C:\Users\Haqii\AppData\Local\Temp\sqlite-3.41.2.1-fa09498e-cd4c-48bb-b9d5-5f43cf20cef8-sqlitejdbc.dll

dbghelp: loaded successfully - version: 4.0.5 - missing functions: none
symbol engine: initialized successfully - sym options: 0x614 - pdb path: .;C:\Program Files\Java\jdk-23\bin;C:\WINDOWS\SYSTEM32;C:\WINDOWS\WinSxS\amd64_microsoft.windows.common-controls_6595b64144ccf1df_6.0.26100.6899_none_3e0efeeae32e88c1;C:\Program Files\Java\jdk-23\bin\server;C:\Users\Haqii\AppData\Local\Temp

VM Arguments:
jvm_args: -DkotlinLanguageServer.version=1.3.13 
java_command: org.javacs.kt.MainKt
java_class_path (initial): c:\Users\Haqii\AppData\Roaming\Code\User\globalStorage\fwcd.kotlin\langServerInstall\server\lib\server-1.3.13.jar;c:\Users\Haqii\AppData\Roaming\Code\User\globalStorage\fwcd.kotlin\langServerInstall\server\lib\shared-1.3.13.jar;c:\Users\Haqii\AppData\Roaming\Code\User\globalStorage\fwcd.kotlin\langServerInstall\server\lib\kotlin-scripting-jvm-host-unshaded-2.1.0.jar;c:\Users\Haqii\AppData\Roaming\Code\User\globalStorage\fwcd.kotlin\langServerInstall\server\lib\kotlin-scripting-compiler-2.1.0.jar;c:\Users\Haqii\AppData\Roaming\Code\User\globalStorage\fwcd.kotlin\langServerInstall\server\lib\ktfmt-b5d31d1.jar;c:\Users\Haqii\AppData\Roaming\Code\User\globalStorage\fwcd.kotlin\langServerInstall\server\lib\kotlin-compiler-2.1.0.jar;c:\Users\Haqii\AppData\Roaming\Code\User\globalStorage\fwcd.kotlin\langServerInstall\server\lib\exposed-dao-0.37.3.jar;c:\Users\Haqii\AppData\Roaming\Code\User\globalStorage\fwcd.kotlin\langServerInstall\server\lib\exposed-jdbc-0.37.3.jar;c:\Users\Haqii\AppData\Roaming\Code\User\globalStorage\fwcd.kotlin\langServerInstall\server\lib\exposed-core-0.37.3.jar;c:\Users\Haqii\AppData\Roaming\Code\User\globalStorage\fwcd.kotlin\langServerInstall\server\lib\kotlin-scripting-compiler-impl-2.1.0.jar;c:\Users\Haqii\AppData\Roaming\Code\User\globalStorage\fwcd.kotlin\langServerInstall\server\lib\kotlin-reflect-2.1.0.jar;c:\Users\Haqii\AppData\Roaming\Code\User\globalStorage\fwcd.kotlin\langServerInstall\server\lib\kotlin-scripting-jvm-2.1.0.jar;c:\Users\Haqii\AppData\Roaming\Code\User\globalStorage\fwcd.kotlin\langServerInstall\server\lib\kotlin-scripting-common-2.1.0.jar;c:\Users\Haqii\AppData\Roaming\Code\User\globalStorage\fwcd.kotlin\langServerInstall\server\lib\kotlinx-coroutines-core-jvm-1.6.4.jar;c:\Users\Haqii\AppData\Roaming\Code\User\globalStorage\fwcd.kotlin\langServerInstall\server\lib\kotlin-stdlib-jdk8-2.1.0.jar;c:\Users\Haqii\AppData\Roaming\Code\User\globalStorage\fwcd.kotlin\langServerInstall\server\lib\kotlin-stdlib-jdk7-2.1.0.jar;c:\Users\Haqii\AppData\Roaming\Code\User\globalStorage\fwcd.kotlin\langServerInstall\server\lib\kotlin-stdlib-2.1.0.jar;c:\Users\Haqii\AppData\Roaming\Code\User\globalStorage\fwcd.kotlin\langServerInstall\server\lib\org.eclipse.lsp4j-0.21.2.jar;c:\Users\Haqii\AppData\Roaming\Code\User\globalStorage\fwcd.kotlin\langServerInstall\server\lib\org.eclipse.lsp4j.jsonrpc-0.21.2.jar;c:\Users\Haqii\AppData\Roaming\Code\User\globalStorage\fwcd.kotlin\langServerInstall\server\lib\kotlin-sam-with-receiver-compiler-plugin-2.1.0.jar;c:\Users\Haqii\AppData\Roaming\Code\User\globalStorage\fwcd.kotlin\langServerInstall\server\lib\fernflower-1.0.jar;c:\Users\Haqii\AppData\Roaming\Code\User\globalStorage\fwcd.kotlin\langServerInstall\server\lib\h2-1.4.200.jar;c:\Users\Haqii\AppData\Roaming\Code\User\globalStorage\fwcd.kotlin\langServerInstall\server\lib\jcommander-1.78.jar;c:\Users\Haqii\AppData\Roaming\Code\User\globalStorage\fwcd.kotlin\langServerInstall\server\lib\sqlite-jdbc-3.41.2.1.jar;c:\Users\Haqii\AppData\Roaming\Code\User\globalStorage\fwcd.kotlin\langServerInstall\server\lib\google-java-format-1.8.jar;c:\Users\Haqii\AppData\Roaming\Code\User\globalStorage\fwcd.kotlin\langServerInstall\server\lib\guava-33.3.0-jre.jar;c:\Users\Haqii\AppData\Roaming\Code\User\globalStorage\fwcd.kotlin\langServerInstall\server\lib\annotations-13.0.jar;c:\Users\Haqii\AppData\Roaming\Code\User\globalStorage\fwcd.kotlin\langServerInstall\server\lib\gson-2.10.1.jar;c:\Users\Haqii\AppData\Roaming\Code\User\globalStorage\fwcd.kotlin\langServerInstall\server\lib\kotlin-script-runtime-2.1.0.jar;c:\Users\Haqii\AppData\Roaming\Code\User\globalStorage\fwcd.kotlin\langServerInstall\server\lib\trove4j-1.0.20200330.jar;c:\Users\Haqii\AppData\Roaming\Code\User\globalStorage\fwcd.kotlin\langServerInstall\server\lib\jline-3.24.1.jar;c:\Users\Haqii\AppData\Roaming\Code\User\globalStorage\fwcd.kotlin\langServerInstall\server\lib\slf4j-api-1.7.25.jar;c:\Users\Haqii\AppData\Roaming\Code\User\globalStorage\fwcd.kotlin\langServerInstall\server\lib\jna-4.2.2.jar;c:\Users\Haqii\AppData\Roaming\Code\User\globalStorage\fwcd.kotlin\langServerInstall\server\lib\failureaccess-1.0.2.jar;c:\Users\Haqii\AppData\Roaming\Code\User\globalStorage\fwcd.kotlin\langServerInstall\server\lib\listenablefuture-9999.0-empty-to-avoid-conflict-with-guava.jar;c:\Users\Haqii\AppData\Roaming\Code\User\globalStorage\fwcd.kotlin\langServerInstall\server\lib\jsr305-3.0.2.jar;c:\Users\Haqii\AppData\Roaming\Code\User\globalStorage\fwcd.kotlin\langServerInstall\server\lib\checker-qual-3.43.0.jar;c:\Users\Haqii\AppData\Roaming\Code\User\globalStorage\fwcd.kotlin\langServerInstall\server\lib\error_prone_annotations-2.28.0.jar
Launcher Type: SUN_STANDARD

[Global flags]
     intx CICompilerCount                          = 12                                        {product} {ergonomic}
     uint ConcGCThreads                            = 3                                         {product} {ergonomic}
     uint G1ConcRefinementThreads                  = 13                                        {product} {ergonomic}
   size_t G1HeapRegionSize                         = 2097152                                   {product} {ergonomic}
   size_t InitialHeapSize                          = 255852544                                 {product} {ergonomic}
   size_t MarkStackSize                            = 4194304                                   {product} {ergonomic}
   size_t MarkStackSizeMax                         = 536870912                                 {product} {ergonomic}
   size_t MaxHeapSize                              = 4093640704                                {product} {ergonomic}
   size_t MaxNewSize                               = 2455764992                                {product} {ergonomic}
   size_t MinHeapDeltaBytes                        = 2097152                                   {product} {ergonomic}
   size_t MinHeapSize                              = 8388608                                   {product} {ergonomic}
    uintx NonNMethodCodeHeapSize                   = 7602176                                {pd product} {ergonomic}
    uintx NonProfiledCodeHeapSize                  = 122093568                              {pd product} {ergonomic}
    uintx ProfiledCodeHeapSize                     = 121962496                              {pd product} {ergonomic}
    uintx ReservedCodeCacheSize                    = 251658240                              {pd product} {ergonomic}
     bool SegmentedCodeCache                       = true                                      {product} {ergonomic}
   size_t SoftMaxHeapSize                          = 4093640704                             {manageable} {ergonomic}
     bool UseCompressedOops                        = true                           {product lp64_product} {ergonomic}
     bool UseG1GC                                  = true                                      {product} {ergonomic}
     bool UseLargePagesIndividualAllocation        = false                                  {pd product} {ergonomic}

Logging:
Log output configuration:
 #0: stdout all=warning uptime,level,tags foldmultilines=false
 #1: stderr all=off uptime,level,tags foldmultilines=false

Environment Variables:
CLASSPATH=c:\Users\Haqii\AppData\Roaming\Code\User\globalStorage\fwcd.kotlin\langServerInstall\server\lib\server-1.3.13.jar;c:\Users\Haqii\AppData\Roaming\Code\User\globalStorage\fwcd.kotlin\langServerInstall\server\lib\shared-1.3.13.jar;c:\Users\Haqii\AppData\Roaming\Code\User\globalStorage\fwcd.kotlin\langServerInstall\server\lib\kotlin-scripting-jvm-host-unshaded-2.1.0.jar;c:\Users\Haqii\AppData\Roaming\Code\User\globalStorage\fwcd.kotlin\langServerInstall\server\lib\kotlin-scripting-compiler-2.1.0.jar;c:\Users\Haqii\AppData\Roaming\Code\User\globalStorage\fwcd.kotlin\langServerInstall\server\lib\ktfmt-b5d31d1.jar;c:\Users\Haqii\AppData\Roaming\Code\User\globalStorage\fwcd.kotlin\langServerInstall\server\lib\kotlin-compiler-2.1.0.jar;c:\Users\Haqii\AppData\Roaming\Code\User\globalStorage\fwcd.kotlin\langServerInstall\server\lib\exposed-dao-0.37.3.jar;c:\Users\Haqii\AppData\Roaming\Code\User\globalStorage\fwcd.kotlin\langServerInstall\server\lib\exposed-jdbc-0.37.3.jar;c:\Users\Haqii\AppData\Roaming\Code\User\globalStorage\fwcd.kotlin\langServerInstall\server\lib\exposed-core-0.37.3.jar;c:\Users\Haqii\AppData\Roaming\Code\User\globalStorage\fwcd.kotlin\langServerInstall\server\lib\kotlin-scripting-compiler-impl-2.1.0.jar;c:\Users\Haqii\AppData\Roaming\Code\User\globalStorage\fwcd.kotlin\langServerInstall\server\lib\kotlin-reflect-2.1.0.jar;c:\Users\Haqii\AppData\Roaming\Code\User\globalStorage\fwcd.kotlin\langServerInstall\server\lib\kotlin-scripting-jvm-2.1.0.jar;c:\Users\Haqii\AppData\Roaming\Code\User\globalStorage\fwcd.kotlin\langServerInstall\server\lib\kotlin-scripting-common-2.1.0.jar;c:\Users\Haqii\AppData\Roaming\Code\User\globalStorage\fwcd.kotlin\langServerInstall\server\lib\kotlinx-coroutines-core-jvm-1.6.4.jar;c:\Users\Haqii\AppData\Roaming\Code\User\globalStorage\fwcd.kotlin\langServerInstall\server\lib\kotlin-stdlib-jdk8-2.1.0.jar;c:\Users\Haqii\AppData\Roaming\Code\User\globalStorage\fwcd.kotlin\langServerInstall\server\lib\kotlin-stdlib-jdk7-2.1.0.jar;c:\Users\Haqii\AppData\Roaming\Code\User\globalStorage\fwcd.kotlin\langServerInstall\server\lib\kotlin-stdlib-2.1.0.jar;c:\Users\Haqii\AppData\Roaming\Code\User\globalStorage\fwcd.kotlin\langServerInstall\server\lib\org.eclipse.lsp4j-0.21.2.jar;c:\Users\Haqii\AppData\Roaming\Code\User\globalStorage\fwcd.kotlin\langServerInstall\server\lib\org.eclipse.lsp4j.jsonrpc-0.21.2.jar;c:\Users\Haqii\AppData\Roaming\Code\User\globalStorage\fwcd.kotlin\langServerInstall\server\lib\kotlin-sam-with-receiver-compiler-plugin-2.1.0.jar;c:\Users\Haqii\AppData\Roaming\Code\User\globalStorage\fwcd.kotlin\langServerInstall\server\lib\fernflower-1.0.jar;c:\Users\Haqii\AppData\Roaming\Code\User\globalStorage\fwcd.kotlin\langServerInstall\server\lib\h2-1.4.200.jar;c:\Users\Haqii\AppData\Roaming\Code\User\globalStorage\fwcd.kotlin\langServerInstall\server\lib\jcommander-1.78.jar;c:\Users\Haqii\AppData\Roaming\Code\User\globalStorage\fwcd.kotlin\langServerInstall\server\lib\sqlite-jdbc-3.41.2.1.jar;c:\Users\Haqii\AppData\Roaming\Code\User\globalStorage\fwcd.kotlin\langServerInstall\server\lib\google-java-format-1.8.jar;c:\Users\Haqii\AppData\Roaming\Code\User\globalStorage\fwcd.kotlin\langServerInstall\server\lib\guava-33.3.0-jre.jar;c:\Users\Haqii\AppData\Roaming\Code\User\globalStorage\fwcd.kotlin\langServerInstall\server\lib\annotations-13.0.jar;c:\Users\Haqii\AppData\Roaming\Code\User\globalStorage\fwcd.kotlin\langServerInstall\server\lib\gson-2.10.1.jar;c:\Users\Haqii\AppData\Roaming\Code\User\globalStorage\fwcd.kotlin\langServerInstall\server\lib\kotlin-script-runtime-2.1.0.jar;c:\Users\Haqii\AppData\Roaming\Code\User\globalStorage\fwcd.kotlin\langServerInstall\server\lib\trove4j-1.0.20200330.jar;c:\Users\Haqii\AppData\Roaming\Code\User\globalStorage\fwcd.kotlin\langServerInstall\server\lib\jline-3.24.1.jar;c:\Users\Haqii\AppData\Roaming\Code\User\globalStorage\fwcd.kotlin\langServerInstall\server\lib\slf4j-api-1.7.25.jar;c:\Users\Haqii\AppData\Roaming\Code\User\globalStorage\fwcd.kotlin\langServerInstall\server\lib\jna-4.2.2.jar;c:\Users\Haqii\AppData\Roaming\Code\User\globalStorage\fwcd.kotlin\langServerInstall\server\lib\failureaccess-1.0.2.jar;c:\Users\Haqii\AppData\Roaming\Code\User\globalStorage\fwcd.kotlin\langServerInstall\server\lib\listenablefuture-9999.0-empty-to-avoid-conflict-with-guava.jar;c:\Users\Haqii\AppData\Roaming\Code\User\globalStorage\fwcd.kotlin\langServerInstall\server\lib\jsr305-3.0.2.jar;c:\Users\Haqii\AppData\Roaming\Code\User\globalStorage\fwcd.kotlin\langServerInstall\server\lib\checker-qual-3.43.0.jar;c:\Users\Haqii\AppData\Roaming\Code\User\globalStorage\fwcd.kotlin\langServerInstall\server\lib\error_prone_annotations-2.28.0.jar
PATH=C:\Program Files\Common Files\Oracle\Java\javapath;C:\Program Files (x86)\Common Files\Oracle\Java\java8path;C:\Program Files (x86)\Common Files\Oracle\Java\javapath;C:\WINDOWS\system32;C:\WINDOWS;C:\WINDOWS\System32\Wbem;C:\WINDOWS\System32\WindowsPowerShell\v1.0\;C:\WINDOWS\System32\OpenSSH\;C:\xampp\php;C:\ProgramData\ComposerSetup\bin;C:\Program Files\Git\cmd;C:\Program Files\dotnet\;C:\ProgramData\chocolatey\bin;C:\Program Files\Neovim\bin;C:\Program Files\nodejs\;C:\Program Files\Common Files\Oracle\Java\javapath;C:\Windows\system32;C:\Windows;C:\Windows\System32\Wbem;C:\Windows\System32\WindowsPowerShell\v1.0\;C:\Windows\System32\OpenSSH\;C:\xampp\php;C:\ProgramData\ComposerSetup\bin;C:\Program Files\nodejs\;C:\Program Files\Git\cmd;C:\Program Files\dotnet\;C:\ProgramData\chocolatey\bin;c:\Users\Haqii\AppData\Local\Programs\cursor\resources\app\codeBin;C:\Users\Haqii\AppData\Local\Programs\Python\Launcher\;C:\Users\Haqii\AppData\Local\Microsoft\WindowsApps;C:\Users\Haqii\AppData\Local\Programs\Microsoft VS Code\bin;C:\Users\Haqii\AppData\Roaming\Composer\vendor\bin;C:\msys64\ucrt64\bin;C:\Users\Haqii\AppData\Local\spicetify;C:\Users\Haqii\.deno\bin;C:\Android\cmdline-tools\latest\bin;C:\Android\platform-tools;C:\Android\emulator;C:\Users\Haqii\AppData\Roaming\npm;C:\Users\Haqii\AppData\Local\Microsoft\WindowsApps
USERNAME=Haqii
OS=Windows_NT
PROCESSOR_IDENTIFIER=AMD64 Family 25 Model 68 Stepping 1, AuthenticAMD
TMP=C:\Users\Haqii\AppData\Local\Temp
TEMP=C:\Users\Haqii\AppData\Local\Temp




Periodic native trim disabled

---------------  S Y S T E M  ---------------

OS:
 Windows 11 , 64 bit Build 26100 (10.0.26100.6725)
OS uptime: 0 days 1:48 hours

CPU: total 16 (initial active 16) (16 cores per cpu, 2 threads per core) family 25 model 68 stepping 1 microcode 0xa404102, cx8, cmov, fxsr, ht, mmx, 3dnowpref, sse, sse2, sse3, ssse3, sse4a, sse4.1, sse4.2, popcnt, lzcnt, tsc, tscinvbit, avx, avx2, aes, erms, clmul, bmi1, bmi2, adx, sha, fma, vzeroupper, clflush, clflushopt, rdtscp, rdpid, fsrm, f16c, pku, cet_ss
Processor Information for processor 0
  Max Mhz: 3201, Current Mhz: 2560, Mhz Limit: 3201
Processor Information for processor 1
  Max Mhz: 3201, Current Mhz: 2560, Mhz Limit: 3201
Processor Information for processor 2
  Max Mhz: 3201, Current Mhz: 2560, Mhz Limit: 3201
Processor Information for processor 3
  Max Mhz: 3201, Current Mhz: 2560, Mhz Limit: 3201
Processor Information for processor 4
  Max Mhz: 3201, Current Mhz: 2560, Mhz Limit: 3201
Processor Information for processor 5
  Max Mhz: 3201, Current Mhz: 2560, Mhz Limit: 3201
Processor Information for processor 6
  Max Mhz: 3201, Current Mhz: 2560, Mhz Limit: 3201
Processor Information for processor 7
  Max Mhz: 3201, Current Mhz: 3201, Mhz Limit: 3201
Processor Information for processor 8
  Max Mhz: 3201, Current Mhz: 2560, Mhz Limit: 3201
Processor Information for processor 9
  Max Mhz: 3201, Current Mhz: 2560, Mhz Limit: 3201
Processor Information for processor 10
  Max Mhz: 3201, Current Mhz: 3201, Mhz Limit: 3201
Processor Information for processor 11
  Max Mhz: 3201, Current Mhz: 2560, Mhz Limit: 3201
Processor Information for processor 12
  Max Mhz: 3201, Current Mhz: 2560, Mhz Limit: 3201
Processor Information for processor 13
  Max Mhz: 3201, Current Mhz: 2560, Mhz Limit: 3201
Processor Information for processor 14
  Max Mhz: 3201, Current Mhz: 2560, Mhz Limit: 3201
Processor Information for processor 15
  Max Mhz: 3201, Current Mhz: 2560, Mhz Limit: 3201

Memory: 4k page, system-wide physical 15613M (625M free)
TotalPageFile size 28925M (AvailPageFile size 5M)
current process WorkingSet (physical memory assigned to process): 420M, peak: 449M
current process commit charge ("private bytes"): 467M, peak: 541M

vm_info: Java HotSpot(TM) 64-Bit Server VM (23.0.1+11-39) for windows-amd64 JRE (23.0.1+11-39), built on 2024-09-30T07:20:43Z with MS VC++ 17.6 (VS2022)

END.
