#
# There is insufficient memory for the Java Runtime Environment to continue.
# Native memory allocation (malloc) failed to allocate 1048576 bytes. Error detail: AllocateHeap
# Possible reasons:
#   The system is out of physical RAM or swap space
#   This process is running with CompressedOops enabled, and the Java Heap may be blocking the growth of the native heap
# Possible solutions:
#   Reduce memory load on the system
#   Increase physical memory or swap space
#   Check if swap backing store is full
#   Decrease Java heap size (-Xmx/-Xms)
#   Decrease number of Java threads
#   Decrease Java thread stack sizes (-Xss)
#   Set larger code cache with -XX:ReservedCodeCacheSize=
#   JVM is running with Unscaled Compressed Oops mode in which the Java heap is
#     placed in the first 4GB address space. The Java Heap base address is the
#     maximum limit for the native heap growth. Please use -XX:HeapBaseMinAddress
#     to set the Java Heap base and to place the Java Heap above 4GB virtual address.
# This output file may be truncated or incomplete.
#
#  Out of Memory Error (allocation.cpp:44), pid=3504, tid=7680
#
# JRE version: OpenJDK Runtime Environment Temurin-21.0.10+7 (21.0.10+7) (build 21.0.10+7-LTS)
# Java VM: OpenJDK 64-Bit Server VM Temurin-21.0.10+7 (21.0.10+7-LTS, mixed mode, sharing, tiered, compressed oops, compressed class ptrs, parallel gc, windows-amd64)
# No core dump will be written. Minidumps are not enabled by default on client versions of Windows
#

---------------  S U M M A R Y ------------

Command Line: --add-modules=ALL-SYSTEM --add-opens=java.base/java.util=ALL-UNNAMED --add-opens=java.base/java.lang=ALL-UNNAMED --add-opens=java.base/sun.nio.fs=ALL-UNNAMED -Declipse.application=org.eclipse.jdt.ls.core.id1 -Dosgi.bundles.defaultStartLevel=4 -Declipse.product=org.eclipse.jdt.ls.core.product -Djava.import.generatesMetadataFilesAtProjectRoot=false -DDetectVMInstallationsJob.disabled=true -Dfile.encoding=utf8 -XX:+UseParallelGC -XX:GCTimeRatio=4 -XX:AdaptiveSizePolicyWeight=90 -Dsun.zip.disableMemoryMapping=true -Xmx2G -Xms100m -Xlog:disable -javaagent:c:\Users\Haqii\.vscode\extensions\redhat.java-1.53.0-win32-x64\lombok\lombok-1.18.39-4050.jar -XX:+HeapDumpOnOutOfMemoryError -XX:HeapDumpPath=c:\Users\Haqii\AppData\Roaming\Code\User\workspaceStorage\c6c748010fe51822ca2c40a3d5693dca\redhat.java -Daether.dependencyCollector.impl=bf c:\Users\Haqii\.vscode\extensions\redhat.java-1.53.0-win32-x64\server\plugins\org.eclipse.equinox.launcher_1.7.100.v20251111-0406.jar -configuration c:\Users\Haqii\AppData\Roaming\Code\User\globalStorage\redhat.java\1.53.0\config_win -data c:\Users\Haqii\AppData\Roaming\Code\User\workspaceStorage\c6c748010fe51822ca2c40a3d5693dca\redhat.java\jdt_ws --pipe=\\.\pipe\lsp-95085a3e7721f9421aecaf413e501f66-sock

Host: AMD Ryzen 7 7735HS with Radeon Graphics        , 16 cores, 15G,  Windows 11 , 64 bit Build 26100 (10.0.26100.7309)
Time: Wed Mar  4 08:15:37 2026 SE Asia Standard Time elapsed time: 124.572605 seconds (0d 0h 2m 4s)

---------------  T H R E A D  ---------------

Current thread (0x000001ee4f226630):  JavaThread "Attach Listener" daemon [_thread_in_vm, id=7680, stack(0x000000335a400000,0x000000335a500000) (1024K)]

Stack: [0x000000335a400000,0x000000335a500000]
Native frames: (J=compiled Java code, j=interpreted, Vv=VM code, C=native code)
V  [jvm.dll+0x6d7a39]
V  [jvm.dll+0x8b4b26]
V  [jvm.dll+0x8b70de]
V  [jvm.dll+0x8b77c3]
V  [jvm.dll+0x284346]
V  [jvm.dll+0xc1277]
V  [jvm.dll+0x6d82e9]
V  [jvm.dll+0x1334a6]
V  [jvm.dll+0x3f857e]
V  [jvm.dll+0x85f59d]
V  [jvm.dll+0x6d626d]
C  [ucrtbase.dll+0x37b0]
C  [KERNEL32.DLL+0x2e8d7]
C  [ntdll.dll+0x8c53c]


---------------  P R O C E S S  ---------------

Threads class SMR info:
_java_thread_list=0x000001ee704caa40, length=53, elements={
0x000001ee4f17f480, 0x000001ee4f21ffd0, 0x000001ee4f222e70, 0x000001ee4f225750,
0x000001ee4f226630, 0x000001ee4f22ab00, 0x000001ee4f22fb70, 0x000001ee4f238970,
0x000001ee4f23cbd0, 0x000001ee67177ec0, 0x000001ee687ea3d0, 0x000001ee68d144b0,
0x000001ee6d1c35d0, 0x000001ee6d04d370, 0x000001ee6d2fbd60, 0x000001ee6db2a850,
0x000001ee6d2fff40, 0x000001ee6d6c4d90, 0x000001ee6dfa4fe0, 0x000001ee6dfa5670,
0x000001ee6dfa3c30, 0x000001ee6dfa5d00, 0x000001ee6dfa6390, 0x000001ee6dfa4950,
0x000001ee6fb40b30, 0x000001ee6fb43290, 0x000001ee6fb42570, 0x000001ee6fb41ee0,
0x000001ee6fb43920, 0x000001ee6fb411c0, 0x000001ee6fb41850, 0x000001ee6fb404a0,
0x000001ee6fb43fb0, 0x000001ee6fb44640, 0x000001ee6fb42c00, 0x000001ee6fb45360,
0x000001ee6fb459f0, 0x000001ee6fb46da0, 0x000001ee6fb47430, 0x000001ee6fb46710,
0x000001ee6fb44cd0, 0x000001ee6fb46080, 0x000001ee6f803360, 0x000001ee6f8039f0,
0x000001ee6f801920, 0x000001ee6f802640, 0x000001ee6f802cd0, 0x000001ee6f804710,
0x000001ee6f805430, 0x000001ee6f804080, 0x000001ee6f801fb0, 0x000001ee6f806150,
0x000001ee6f8067e0
}

Java Threads: ( => current thread )
  0x000001ee4f17f480 JavaThread "main"                              [_thread_blocked, id=14716, stack(0x0000003359d00000,0x0000003359e00000) (1024K)]
  0x000001ee4f21ffd0 JavaThread "Reference Handler"          daemon [_thread_blocked, id=12644, stack(0x000000335a100000,0x000000335a200000) (1024K)]
  0x000001ee4f222e70 JavaThread "Finalizer"                  daemon [_thread_blocked, id=2000, stack(0x000000335a200000,0x000000335a300000) (1024K)]
  0x000001ee4f225750 JavaThread "Signal Dispatcher"          daemon [_thread_blocked, id=14672, stack(0x000000335a300000,0x000000335a400000) (1024K)]
=>0x000001ee4f226630 JavaThread "Attach Listener"            daemon [_thread_in_vm, id=7680, stack(0x000000335a400000,0x000000335a500000) (1024K)]
  0x000001ee4f22ab00 JavaThread "Service Thread"             daemon [_thread_blocked, id=10956, stack(0x000000335a500000,0x000000335a600000) (1024K)]
  0x000001ee4f22fb70 JavaThread "Monitor Deflation Thread"   daemon [_thread_blocked, id=2064, stack(0x000000335a600000,0x000000335a700000) (1024K)]
  0x000001ee4f238970 JavaThread "C2 CompilerThread0"         daemon [_thread_blocked, id=15988, stack(0x000000335a700000,0x000000335a800000) (1024K)]
  0x000001ee4f23cbd0 JavaThread "C1 CompilerThread0"         daemon [_thread_blocked, id=6860, stack(0x000000335a800000,0x000000335a900000) (1024K)]
  0x000001ee67177ec0 JavaThread "Common-Cleaner"             daemon [_thread_blocked, id=13892, stack(0x000000335ac00000,0x000000335ad00000) (1024K)]
  0x000001ee687ea3d0 JavaThread "Notification Thread"        daemon [_thread_blocked, id=21056, stack(0x000000335ad00000,0x000000335ae00000) (1024K)]
  0x000001ee68d144b0 JavaThread "Active Thread: Equinox Container: dc0a9f47-d805-4afd-a64f-4cf728c62da2"        [_thread_blocked, id=21700, stack(0x000000335b400000,0x000000335b500000) (1024K)]
  0x000001ee6d1c35d0 JavaThread "Refresh Thread: Equinox Container: dc0a9f47-d805-4afd-a64f-4cf728c62da2" daemon [_thread_blocked, id=21064, stack(0x000000335b600000,0x000000335b700000) (1024K)]
  0x000001ee6d04d370 JavaThread "Framework Event Dispatcher: Equinox Container: dc0a9f47-d805-4afd-a64f-4cf728c62da2" daemon [_thread_blocked, id=22096, stack(0x000000335b700000,0x000000335b800000) (1024K)]
  0x000001ee6d2fbd60 JavaThread "Start Level: Equinox Container: dc0a9f47-d805-4afd-a64f-4cf728c62da2" daemon [_thread_blocked, id=14152, stack(0x000000335b800000,0x000000335b900000) (1024K)]
  0x000001ee6db2a850 JavaThread "Bundle File Closer"         daemon [_thread_blocked, id=4064, stack(0x000000335bc00000,0x000000335bd00000) (1024K)]
  0x000001ee6d2fff40 JavaThread "SCR Component Actor"        daemon [_thread_blocked, id=20512, stack(0x000000335bd00000,0x000000335be00000) (1024K)]
  0x000001ee6d6c4d90 JavaThread "Worker-JM"                         [_thread_blocked, id=11520, stack(0x000000335be00000,0x000000335bf00000) (1024K)]
  0x000001ee6dfa4fe0 JavaThread "JNA Cleaner"                daemon [_thread_blocked, id=22048, stack(0x000000335c100000,0x000000335c200000) (1024K)]
  0x000001ee6dfa5670 JavaThread "Worker-1"                          [_thread_blocked, id=12408, stack(0x000000335c300000,0x000000335c400000) (1024K)]
  0x000001ee6dfa3c30 JavaThread "Java indexing"              daemon [_thread_blocked, id=9400, stack(0x000000335c400000,0x000000335c500000) (1024K)]
  0x000001ee6dfa5d00 JavaThread "Thread-1"                   daemon [_thread_in_native, id=22444, stack(0x000000335c900000,0x000000335ca00000) (1024K)]
  0x000001ee6dfa6390 JavaThread "Thread-2"                   daemon [_thread_in_native, id=19580, stack(0x000000335ca00000,0x000000335cb00000) (1024K)]
  0x000001ee6dfa4950 JavaThread "Thread-3"                   daemon [_thread_in_native, id=8140, stack(0x000000335cb00000,0x000000335cc00000) (1024K)]
  0x000001ee6fb40b30 JavaThread "Thread-4"                   daemon [_thread_in_native, id=2356, stack(0x000000335cc00000,0x000000335cd00000) (1024K)]
  0x000001ee6fb43290 JavaThread "Thread-5"                   daemon [_thread_in_native, id=18396, stack(0x000000335cd00000,0x000000335ce00000) (1024K)]
  0x000001ee6fb42570 JavaThread "Thread-6"                   daemon [_thread_in_native, id=21644, stack(0x000000335ce00000,0x000000335cf00000) (1024K)]
  0x000001ee6fb41ee0 JavaThread "Thread-7"                   daemon [_thread_in_native, id=17376, stack(0x000000335cf00000,0x000000335d000000) (1024K)]
  0x000001ee6fb43920 JavaThread "Thread-8"                   daemon [_thread_in_native, id=17688, stack(0x000000335d000000,0x000000335d100000) (1024K)]
  0x000001ee6fb411c0 JavaThread "Thread-9"                   daemon [_thread_in_native, id=7224, stack(0x000000335d100000,0x000000335d200000) (1024K)]
  0x000001ee6fb41850 JavaThread "Thread-10"                  daemon [_thread_in_native, id=2512, stack(0x000000335d200000,0x000000335d300000) (1024K)]
  0x000001ee6fb404a0 JavaThread "Thread-11"                  daemon [_thread_in_native, id=13756, stack(0x000000335d300000,0x000000335d400000) (1024K)]
  0x000001ee6fb43fb0 JavaThread "Thread-12"                  daemon [_thread_in_native, id=18492, stack(0x000000335d400000,0x000000335d500000) (1024K)]
  0x000001ee6fb44640 JavaThread "Thread-13"                  daemon [_thread_in_native, id=20440, stack(0x000000335d500000,0x000000335d600000) (1024K)]
  0x000001ee6fb42c00 JavaThread "Thread-14"                  daemon [_thread_in_native, id=2376, stack(0x000000335d600000,0x000000335d700000) (1024K)]
  0x000001ee6fb45360 JavaThread "Thread-15"                  daemon [_thread_in_native, id=15712, stack(0x000000335d700000,0x000000335d800000) (1024K)]
  0x000001ee6fb459f0 JavaThread "Thread-16"                  daemon [_thread_in_native, id=18000, stack(0x000000335d800000,0x000000335d900000) (1024K)]
  0x000001ee6fb46da0 JavaThread "Thread-17"                  daemon [_thread_in_native, id=20292, stack(0x000000335d900000,0x000000335da00000) (1024K)]
  0x000001ee6fb47430 JavaThread "pool-2-thread-1"                   [_thread_blocked, id=18780, stack(0x000000335da00000,0x000000335db00000) (1024K)]
  0x000001ee6fb46710 JavaThread "WorkspaceEventsHandler"            [_thread_blocked, id=20300, stack(0x000000335db00000,0x000000335dc00000) (1024K)]
  0x000001ee6fb44cd0 JavaThread "pool-1-thread-1"                   [_thread_blocked, id=18972, stack(0x000000335dc00000,0x000000335dd00000) (1024K)]
  0x000001ee6fb46080 JavaThread "Worker-4"                          [_thread_blocked, id=4536, stack(0x000000335dd00000,0x000000335de00000) (1024K)]
  0x000001ee6f803360 JavaThread "ForkJoinPool.commonPool-worker-1" daemon [_thread_blocked, id=17040, stack(0x000000335de00000,0x000000335df00000) (1024K)]
  0x000001ee6f8039f0 JavaThread "ForkJoinPool.commonPool-worker-2" daemon [_thread_blocked, id=14508, stack(0x000000335df00000,0x000000335e000000) (1024K)]
  0x000001ee6f801920 JavaThread "Timer-0"                           [_thread_blocked, id=20020, stack(0x000000335e100000,0x000000335e200000) (1024K)]
  0x000001ee6f802640 JavaThread "Timer-1"                           [_thread_blocked, id=7748, stack(0x000000335e200000,0x000000335e300000) (1024K)]
  0x000001ee6f802cd0 JavaThread "Timer-2"                           [_thread_blocked, id=18436, stack(0x000000335e400000,0x000000335e500000) (1024K)]
  0x000001ee6f804710 JavaThread "Timer-3"                           [_thread_blocked, id=17864, stack(0x000000335e600000,0x000000335e700000) (1024K)]
  0x000001ee6f805430 JavaThread "Timer-4"                           [_thread_blocked, id=936, stack(0x000000335e700000,0x000000335e800000) (1024K)]
  0x000001ee6f804080 JavaThread "Timer-5"                           [_thread_blocked, id=948, stack(0x000000335aa00000,0x000000335ab00000) (1024K)]
  0x000001ee6f801fb0 JavaThread "Timer-6"                           [_thread_blocked, id=22560, stack(0x000000335ee00000,0x000000335ef00000) (1024K)]
  0x000001ee6f806150 JavaThread "ForkJoinPool.commonPool-worker-4" daemon [_thread_blocked, id=14196, stack(0x000000335ab00000,0x000000335ac00000) (1024K)]
  0x000001ee6f8067e0 JavaThread "ForkJoinPool.commonPool-worker-5" daemon [_thread_blocked, id=17244, stack(0x000000335e300000,0x000000335e400000) (1024K)]
Total: 53

Other Threads:
  0x000001ee4f113fc0 VMThread "VM Thread"                           [id=928, stack(0x000000335a000000,0x000000335a100000) (1024K)]
  0x000001ee4f00ca00 WatcherThread "VM Periodic Task Thread"        [id=13616, stack(0x0000003359f00000,0x000000335a000000) (1024K)]
  0x000001ee4f19ed60 WorkerThread "GC Thread#0"                     [id=21308, stack(0x0000003359e00000,0x0000003359f00000) (1024K)]
  0x000001ee68d50980 WorkerThread "GC Thread#1"                     [id=16456, stack(0x000000335ae00000,0x000000335af00000) (1024K)]
  0x000001ee68bdafc0 WorkerThread "GC Thread#2"                     [id=14424, stack(0x000000335af00000,0x000000335b000000) (1024K)]
  0x000001ee68d50d30 WorkerThread "GC Thread#3"                     [id=18148, stack(0x000000335b000000,0x000000335b100000) (1024K)]
  0x000001ee68d510e0 WorkerThread "GC Thread#4"                     [id=19096, stack(0x000000335b100000,0x000000335b200000) (1024K)]
  0x000001ee68d51490 WorkerThread "GC Thread#5"                     [id=19592, stack(0x000000335b200000,0x000000335b300000) (1024K)]
  0x000001ee68d51840 WorkerThread "GC Thread#6"                     [id=21896, stack(0x000000335b300000,0x000000335b400000) (1024K)]
  0x000001ee68d13500 WorkerThread "GC Thread#7"                     [id=1736, stack(0x000000335b500000,0x000000335b600000) (1024K)]
  0x000001ee6d64ce00 WorkerThread "GC Thread#8"                     [id=20592, stack(0x000000335b900000,0x000000335ba00000) (1024K)]
  0x000001ee6d64d1b0 WorkerThread "GC Thread#9"                     [id=16300, stack(0x000000335ba00000,0x000000335bb00000) (1024K)]
  0x000001ee6d64d560 WorkerThread "GC Thread#10"                    [id=20252, stack(0x000000335bb00000,0x000000335bc00000) (1024K)]
  0x000001ee6d8761e0 WorkerThread "GC Thread#11"                    [id=21684, stack(0x000000335bf00000,0x000000335c000000) (1024K)]
  0x000001ee6d874f70 WorkerThread "GC Thread#12"                    [id=404, stack(0x000000335c000000,0x000000335c100000) (1024K)]
Total: 15

Threads with active compile tasks:
Total: 0

VM state: not at safepoint (normal execution)

VM Mutex/Monitor currently owned by a thread: None

Heap address: 0x0000000080000000, size: 2048 MB, Compressed Oops mode: 32-bit

CDS archive(s) mapped at: [0x000001ee00000000-0x000001ee00ba0000-0x000001ee00ba0000), size 12189696, SharedBaseAddress: 0x000001ee00000000, ArchiveRelocationMode: 1.
Compressed class space mapped at: 0x000001ee01000000-0x000001ee41000000, reserved size: 1073741824
Narrow klass base: 0x000001ee00000000, Narrow klass shift: 0, Narrow klass range: 0x100000000

GC Precious Log:
 CardTable entry size: 512
 CPUs: 16 total, 16 available
 Memory: 15613M
 Large Page Support: Disabled
 NUMA Support: Disabled
 Compressed Oops: Enabled (32-bit)
 Alignments: Space 512K, Generation 512K, Heap 2M
 Heap Min Capacity: 100M
 Heap Initial Capacity: 100M
 Heap Max Capacity: 2G
 Pre-touch: Disabled
 Parallel Workers: 13

Heap:
 PSYoungGen      total 13824K, used 1830K [0x00000000d5580000, 0x00000000d6480000, 0x0000000100000000)
  eden space 12288K, 9% used [0x00000000d5580000,0x00000000d5699828,0x00000000d6180000)
  from space 1536K, 45% used [0x00000000d6200000,0x00000000d62b0060,0x00000000d6380000)
  to   space 1024K, 0% used [0x00000000d6380000,0x00000000d6380000,0x00000000d6480000)
 ParOldGen       total 68608K, used 65227K [0x0000000080000000, 0x0000000084300000, 0x00000000d5580000)
  object space 68608K, 95% used [0x0000000080000000,0x0000000083fb2df0,0x0000000084300000)
 Metaspace       used 70215K, committed 71744K, reserved 1114112K
  class space    used 8654K, committed 9344K, reserved 1048576K

Card table byte_map: [0x000001ee4eb20000,0x000001ee4ef30000] _byte_map_base: 0x000001ee4e720000

Marking Bits: (ParMarkBitMap*) 0x00007fff9ea63450
 Begin Bits: [0x000001ee61630000, 0x000001ee63630000)
 End Bits:   [0x000001ee63630000, 0x000001ee65630000)

Polling page: 0x000001ee4d1a0000

Metaspace:

Usage:
  Non-class:     60.12 MB used.
      Class:      8.45 MB used.
       Both:     68.57 MB used.

Virtual space:
  Non-class space:       64.00 MB reserved,      60.94 MB ( 95%) committed,  1 nodes.
      Class space:        1.00 GB reserved,       9.12 MB ( <1%) committed,  1 nodes.
             Both:        1.06 GB reserved,      70.06 MB (  6%) committed. 

Chunk freelists:
   Non-Class:  2.56 MB
       Class:  6.73 MB
        Both:  9.29 MB

MaxMetaspaceSize: unlimited
CompressedClassSpaceSize: 1.00 GB
Initial GC threshold: 21.00 MB
Current GC threshold: 97.31 MB
CDS: on
 - commit_granule_bytes: 65536.
 - commit_granule_words: 8192.
 - virtual_space_node_default_size: 8388608.
 - enlarge_chunks_in_place: 1.
 - use_allocation_guard: 0.


Internal statistics:

num_allocs_failed_limit: 9.
num_arena_births: 1300.
num_arena_deaths: 14.
num_vsnodes_births: 2.
num_vsnodes_deaths: 0.
num_space_committed: 1121.
num_space_uncommitted: 0.
num_chunks_returned_to_freelist: 23.
num_chunks_taken_from_freelist: 4348.
num_chunk_merges: 15.
num_chunk_splits: 2844.
num_chunks_enlarged: 1835.
num_inconsistent_stats: 0.

CodeHeap 'non-profiled nmethods': size=119168Kb used=7345Kb max_used=7345Kb free=111822Kb
 bounds [0x000001ee59f20000, 0x000001ee5a650000, 0x000001ee61380000]
CodeHeap 'profiled nmethods': size=119104Kb used=19239Kb max_used=19239Kb free=99865Kb
 bounds [0x000001ee52380000, 0x000001ee53650000, 0x000001ee597d0000]
CodeHeap 'non-nmethods': size=7488Kb used=1412Kb max_used=3174Kb free=6075Kb
 bounds [0x000001ee597d0000, 0x000001ee59b00000, 0x000001ee59f20000]
CodeCache: size=245760Kb, used=27996Kb, max_used=29758Kb, free=217762Kb
 total_blobs=10162, nmethods=9440, adapters=628, full_count=0
Compilation: enabled, stopped_count=0, restarted_count=0

Compilation events (20 events):
Event: 63.367 Thread 0x000001ee6fa2eb30 nmethod 10180 0x000001ee53643e90 code [0x000001ee53644260, 0x000001ee53645a10]
Event: 63.377 Thread 0x000001ee6fa2e460 10183       3       java.lang.String::indexOf (64 bytes)
Event: 63.378 Thread 0x000001ee6fa2e460 nmethod 10183 0x000001ee53646210 code [0x000001ee53646420, 0x000001ee536468d0]
Event: 63.379 Thread 0x000001ee6fa2eb30 10184       3       org.eclipse.jdt.ls.core.internal.filesystem.JLSFsUtils::isProjectMetadataFile (71 bytes)
Event: 63.380 Thread 0x000001ee6fa2eb30 nmethod 10184 0x000001ee53646a90 code [0x000001ee53646d20, 0x000001ee536476e8]
Event: 63.381 Thread 0x000001ee4f23cbd0 10185       3       java.lang.invoke.MethodHandles::constant (88 bytes)
Event: 63.382 Thread 0x000001ee4f23cbd0 nmethod 10185 0x000001ee53647b10 code [0x000001ee53647e20, 0x000001ee53648d00]
Event: 63.385 Thread 0x000001ee4f23cbd0 10187       3       org.eclipse.lsp4j.jsonrpc.json.adapters.TypeUtils::isTwoTuple (39 bytes)
Event: 63.385 Thread 0x000001ee6fa31410 10188       4       java.lang.Class::annotationData (44 bytes)
Event: 63.385 Thread 0x000001ee4f23cbd0 nmethod 10187 0x000001ee53649210 code [0x000001ee53649420, 0x000001ee53649b08]
Event: 63.386 Thread 0x000001ee6fa31410 nmethod 10188 0x000001ee5a644f10 code [0x000001ee5a6450a0, 0x000001ee5a6451e8]
Event: 63.387 Thread 0x000001ee4f238970 10189   !   4       java.lang.invoke.BoundMethodHandle$Species_L::copyWithExtendL (31 bytes)
Event: 63.387 Thread 0x000001ee6fa31410 10190       4       java.lang.invoke.ClassSpecializer$SpeciesData::getterFunction (78 bytes)
Event: 63.388 Thread 0x000001ee6fa2ffa0 nmethod 10168 0x000001ee5a645310 code [0x000001ee5a6457c0, 0x000001ee5a648e40]
Event: 63.388 Thread 0x000001ee6fa31410 nmethod 10190 0x000001ee5a64aa90 code [0x000001ee5a64ac40, 0x000001ee5a64ae10]
Event: 63.390 Thread 0x000001ee4f238970 nmethod 10189 0x000001ee5a64b010 code [0x000001ee5a64b1e0, 0x000001ee5a64b528]
Event: 110.427 Thread 0x000001ee4f238970 10191       4       java.util.TaskQueue::isEmpty (13 bytes)
Event: 110.427 Thread 0x000001ee4f238970 nmethod 10191 0x000001ee5a64b910 code [0x000001ee5a64baa0, 0x000001ee5a64bb48]
Event: 121.099 Thread 0x000001ee4f238970 10192       4       org.eclipse.osgi.container.ModuleDatabase::readUnlock (11 bytes)
Event: 121.102 Thread 0x000001ee4f238970 nmethod 10192 0x000001ee5a64bc10 code [0x000001ee5a64be00, 0x000001ee5a64c158]

GC Heap History (20 events):
Event: 42.086 GC heap before
{Heap before GC invocations=79 (full 3):
 PSYoungGen      total 12800K, used 12800K [0x00000000d5580000, 0x00000000d6380000, 0x0000000100000000)
  eden space 12288K, 100% used [0x00000000d5580000,0x00000000d6180000,0x00000000d6180000)
  from space 512K, 100% used [0x00000000d6200000,0x00000000d6280000,0x00000000d6280000)
  to   space 1024K, 0% used [0x00000000d6280000,0x00000000d6280000,0x00000000d6380000)
 ParOldGen       total 68608K, used 62071K [0x0000000080000000, 0x0000000084300000, 0x00000000d5580000)
  object space 68608K, 90% used [0x0000000080000000,0x0000000083c9dea0,0x0000000084300000)
 Metaspace       used 66277K, committed 67712K, reserved 1114112K
  class space    used 8243K, committed 8896K, reserved 1048576K
}
Event: 42.087 GC heap after
{Heap after GC invocations=79 (full 3):
 PSYoungGen      total 12800K, used 448K [0x00000000d5580000, 0x00000000d6300000, 0x0000000100000000)
  eden space 12288K, 0% used [0x00000000d5580000,0x00000000d5580000,0x00000000d6180000)
  from space 512K, 87% used [0x00000000d6280000,0x00000000d62f0000,0x00000000d6300000)
  to   space 512K, 0% used [0x00000000d6200000,0x00000000d6200000,0x00000000d6280000)
 ParOldGen       total 68608K, used 62391K [0x0000000080000000, 0x0000000084300000, 0x00000000d5580000)
  object space 68608K, 90% used [0x0000000080000000,0x0000000083cedf28,0x0000000084300000)
 Metaspace       used 66277K, committed 67712K, reserved 1114112K
  class space    used 8243K, committed 8896K, reserved 1048576K
}
Event: 43.426 GC heap before
{Heap before GC invocations=80 (full 3):
 PSYoungGen      total 12800K, used 12736K [0x00000000d5580000, 0x00000000d6300000, 0x0000000100000000)
  eden space 12288K, 100% used [0x00000000d5580000,0x00000000d6180000,0x00000000d6180000)
  from space 512K, 87% used [0x00000000d6280000,0x00000000d62f0000,0x00000000d6300000)
  to   space 512K, 0% used [0x00000000d6200000,0x00000000d6200000,0x00000000d6280000)
 ParOldGen       total 68608K, used 62391K [0x0000000080000000, 0x0000000084300000, 0x00000000d5580000)
  object space 68608K, 90% used [0x0000000080000000,0x0000000083cedf28,0x0000000084300000)
 Metaspace       used 66277K, committed 67712K, reserved 1114112K
  class space    used 8243K, committed 8896K, reserved 1048576K
}
Event: 43.427 GC heap after
{Heap after GC invocations=80 (full 3):
 PSYoungGen      total 12800K, used 288K [0x00000000d5580000, 0x00000000d6300000, 0x0000000100000000)
  eden space 12288K, 0% used [0x00000000d5580000,0x00000000d5580000,0x00000000d6180000)
  from space 512K, 56% used [0x00000000d6200000,0x00000000d6248000,0x00000000d6280000)
  to   space 512K, 0% used [0x00000000d6280000,0x00000000d6280000,0x00000000d6300000)
 ParOldGen       total 68608K, used 62603K [0x0000000080000000, 0x0000000084300000, 0x00000000d5580000)
  object space 68608K, 91% used [0x0000000080000000,0x0000000083d22f58,0x0000000084300000)
 Metaspace       used 66277K, committed 67712K, reserved 1114112K
  class space    used 8243K, committed 8896K, reserved 1048576K
}
Event: 43.581 GC heap before
{Heap before GC invocations=81 (full 3):
 PSYoungGen      total 12800K, used 12576K [0x00000000d5580000, 0x00000000d6300000, 0x0000000100000000)
  eden space 12288K, 100% used [0x00000000d5580000,0x00000000d6180000,0x00000000d6180000)
  from space 512K, 56% used [0x00000000d6200000,0x00000000d6248000,0x00000000d6280000)
  to   space 512K, 0% used [0x00000000d6280000,0x00000000d6280000,0x00000000d6300000)
 ParOldGen       total 68608K, used 62603K [0x0000000080000000, 0x0000000084300000, 0x00000000d5580000)
  object space 68608K, 91% used [0x0000000080000000,0x0000000083d22f58,0x0000000084300000)
 Metaspace       used 66277K, committed 67712K, reserved 1114112K
  class space    used 8243K, committed 8896K, reserved 1048576K
}
Event: 43.582 GC heap after
{Heap after GC invocations=81 (full 3):
 PSYoungGen      total 12800K, used 256K [0x00000000d5580000, 0x00000000d6300000, 0x0000000100000000)
  eden space 12288K, 0% used [0x00000000d5580000,0x00000000d5580000,0x00000000d6180000)
  from space 512K, 50% used [0x00000000d6280000,0x00000000d62c0000,0x00000000d6300000)
  to   space 512K, 0% used [0x00000000d6200000,0x00000000d6200000,0x00000000d6280000)
 ParOldGen       total 68608K, used 62667K [0x0000000080000000, 0x0000000084300000, 0x00000000d5580000)
  object space 68608K, 91% used [0x0000000080000000,0x0000000083d32f58,0x0000000084300000)
 Metaspace       used 66277K, committed 67712K, reserved 1114112K
  class space    used 8243K, committed 8896K, reserved 1048576K
}
Event: 43.683 GC heap before
{Heap before GC invocations=82 (full 3):
 PSYoungGen      total 12800K, used 12544K [0x00000000d5580000, 0x00000000d6300000, 0x0000000100000000)
  eden space 12288K, 100% used [0x00000000d5580000,0x00000000d6180000,0x00000000d6180000)
  from space 512K, 50% used [0x00000000d6280000,0x00000000d62c0000,0x00000000d6300000)
  to   space 512K, 0% used [0x00000000d6200000,0x00000000d6200000,0x00000000d6280000)
 ParOldGen       total 68608K, used 62667K [0x0000000080000000, 0x0000000084300000, 0x00000000d5580000)
  object space 68608K, 91% used [0x0000000080000000,0x0000000083d32f58,0x0000000084300000)
 Metaspace       used 66277K, committed 67712K, reserved 1114112K
  class space    used 8243K, committed 8896K, reserved 1048576K
}
Event: 43.683 GC heap after
{Heap after GC invocations=82 (full 3):
 PSYoungGen      total 12800K, used 224K [0x00000000d5580000, 0x00000000d6300000, 0x0000000100000000)
  eden space 12288K, 0% used [0x00000000d5580000,0x00000000d5580000,0x00000000d6180000)
  from space 512K, 43% used [0x00000000d6200000,0x00000000d6238000,0x00000000d6280000)
  to   space 512K, 0% used [0x00000000d6280000,0x00000000d6280000,0x00000000d6300000)
 ParOldGen       total 68608K, used 62683K [0x0000000080000000, 0x0000000084300000, 0x00000000d5580000)
  object space 68608K, 91% used [0x0000000080000000,0x0000000083d36f58,0x0000000084300000)
 Metaspace       used 66277K, committed 67712K, reserved 1114112K
  class space    used 8243K, committed 8896K, reserved 1048576K
}
Event: 43.752 GC heap before
{Heap before GC invocations=83 (full 3):
 PSYoungGen      total 12800K, used 12512K [0x00000000d5580000, 0x00000000d6300000, 0x0000000100000000)
  eden space 12288K, 100% used [0x00000000d5580000,0x00000000d6180000,0x00000000d6180000)
  from space 512K, 43% used [0x00000000d6200000,0x00000000d6238000,0x00000000d6280000)
  to   space 512K, 0% used [0x00000000d6280000,0x00000000d6280000,0x00000000d6300000)
 ParOldGen       total 68608K, used 62683K [0x0000000080000000, 0x0000000084300000, 0x00000000d5580000)
  object space 68608K, 91% used [0x0000000080000000,0x0000000083d36f58,0x0000000084300000)
 Metaspace       used 66277K, committed 67712K, reserved 1114112K
  class space    used 8243K, committed 8896K, reserved 1048576K
}
Event: 43.753 GC heap after
{Heap after GC invocations=83 (full 3):
 PSYoungGen      total 12800K, used 256K [0x00000000d5580000, 0x00000000d6300000, 0x0000000100000000)
  eden space 12288K, 0% used [0x00000000d5580000,0x00000000d5580000,0x00000000d6180000)
  from space 512K, 50% used [0x00000000d6280000,0x00000000d62c0000,0x00000000d6300000)
  to   space 512K, 0% used [0x00000000d6200000,0x00000000d6200000,0x00000000d6280000)
 ParOldGen       total 68608K, used 62739K [0x0000000080000000, 0x0000000084300000, 0x00000000d5580000)
  object space 68608K, 91% used [0x0000000080000000,0x0000000083d44f58,0x0000000084300000)
 Metaspace       used 66277K, committed 67712K, reserved 1114112K
  class space    used 8243K, committed 8896K, reserved 1048576K
}
Event: 47.244 GC heap before
{Heap before GC invocations=84 (full 3):
 PSYoungGen      total 12800K, used 12544K [0x00000000d5580000, 0x00000000d6300000, 0x0000000100000000)
  eden space 12288K, 100% used [0x00000000d5580000,0x00000000d6180000,0x00000000d6180000)
  from space 512K, 50% used [0x00000000d6280000,0x00000000d62c0000,0x00000000d6300000)
  to   space 512K, 0% used [0x00000000d6200000,0x00000000d6200000,0x00000000d6280000)
 ParOldGen       total 68608K, used 62739K [0x0000000080000000, 0x0000000084300000, 0x00000000d5580000)
  object space 68608K, 91% used [0x0000000080000000,0x0000000083d44f58,0x0000000084300000)
 Metaspace       used 66279K, committed 67712K, reserved 1114112K
  class space    used 8243K, committed 8896K, reserved 1048576K
}
Event: 47.244 GC heap after
{Heap after GC invocations=84 (full 3):
 PSYoungGen      total 12800K, used 224K [0x00000000d5580000, 0x00000000d6300000, 0x0000000100000000)
  eden space 12288K, 0% used [0x00000000d5580000,0x00000000d5580000,0x00000000d6180000)
  from space 512K, 43% used [0x00000000d6200000,0x00000000d6238000,0x00000000d6280000)
  to   space 512K, 0% used [0x00000000d6280000,0x00000000d6280000,0x00000000d6300000)
 ParOldGen       total 68608K, used 62739K [0x0000000080000000, 0x0000000084300000, 0x00000000d5580000)
  object space 68608K, 91% used [0x0000000080000000,0x0000000083d44f58,0x0000000084300000)
 Metaspace       used 66279K, committed 67712K, reserved 1114112K
  class space    used 8243K, committed 8896K, reserved 1048576K
}
Event: 62.817 GC heap before
{Heap before GC invocations=85 (full 3):
 PSYoungGen      total 12800K, used 12512K [0x00000000d5580000, 0x00000000d6300000, 0x0000000100000000)
  eden space 12288K, 100% used [0x00000000d5580000,0x00000000d6180000,0x00000000d6180000)
  from space 512K, 43% used [0x00000000d6200000,0x00000000d6238000,0x00000000d6280000)
  to   space 512K, 0% used [0x00000000d6280000,0x00000000d6280000,0x00000000d6300000)
 ParOldGen       total 68608K, used 62739K [0x0000000080000000, 0x0000000084300000, 0x00000000d5580000)
  object space 68608K, 91% used [0x0000000080000000,0x0000000083d44f58,0x0000000084300000)
 Metaspace       used 66351K, committed 67776K, reserved 1114112K
  class space    used 8245K, committed 8896K, reserved 1048576K
}
Event: 62.818 GC heap after
{Heap after GC invocations=85 (full 3):
 PSYoungGen      total 12800K, used 416K [0x00000000d5580000, 0x00000000d6300000, 0x0000000100000000)
  eden space 12288K, 0% used [0x00000000d5580000,0x00000000d5580000,0x00000000d6180000)
  from space 512K, 81% used [0x00000000d6280000,0x00000000d62e8000,0x00000000d6300000)
  to   space 512K, 0% used [0x00000000d6200000,0x00000000d6200000,0x00000000d6280000)
 ParOldGen       total 68608K, used 62771K [0x0000000080000000, 0x0000000084300000, 0x00000000d5580000)
  object space 68608K, 91% used [0x0000000080000000,0x0000000083d4cf58,0x0000000084300000)
 Metaspace       used 66351K, committed 67776K, reserved 1114112K
  class space    used 8245K, committed 8896K, reserved 1048576K
}
Event: 63.001 GC heap before
{Heap before GC invocations=86 (full 3):
 PSYoungGen      total 12800K, used 12704K [0x00000000d5580000, 0x00000000d6300000, 0x0000000100000000)
  eden space 12288K, 100% used [0x00000000d5580000,0x00000000d6180000,0x00000000d6180000)
  from space 512K, 81% used [0x00000000d6280000,0x00000000d62e8000,0x00000000d6300000)
  to   space 512K, 0% used [0x00000000d6200000,0x00000000d6200000,0x00000000d6280000)
 ParOldGen       total 68608K, used 62771K [0x0000000080000000, 0x0000000084300000, 0x00000000d5580000)
  object space 68608K, 91% used [0x0000000080000000,0x0000000083d4cf58,0x0000000084300000)
 Metaspace       used 67542K, committed 69056K, reserved 1114112K
  class space    used 8372K, committed 9024K, reserved 1048576K
}
Event: 63.002 GC heap after
{Heap after GC invocations=86 (full 3):
 PSYoungGen      total 12800K, used 504K [0x00000000d5580000, 0x00000000d6680000, 0x0000000100000000)
  eden space 12288K, 0% used [0x00000000d5580000,0x00000000d5580000,0x00000000d6180000)
  from space 512K, 98% used [0x00000000d6200000,0x00000000d627e1a8,0x00000000d6280000)
  to   space 2560K, 0% used [0x00000000d6400000,0x00000000d6400000,0x00000000d6680000)
 ParOldGen       total 68608K, used 64098K [0x0000000080000000, 0x0000000084300000, 0x00000000d5580000)
  object space 68608K, 93% used [0x0000000080000000,0x0000000083e98830,0x0000000084300000)
 Metaspace       used 67542K, committed 69056K, reserved 1114112K
  class space    used 8372K, committed 9024K, reserved 1048576K
}
Event: 63.209 GC heap before
{Heap before GC invocations=87 (full 3):
 PSYoungGen      total 12800K, used 12792K [0x00000000d5580000, 0x00000000d6680000, 0x0000000100000000)
  eden space 12288K, 100% used [0x00000000d5580000,0x00000000d6180000,0x00000000d6180000)
  from space 512K, 98% used [0x00000000d6200000,0x00000000d627e1a8,0x00000000d6280000)
  to   space 2560K, 0% used [0x00000000d6400000,0x00000000d6400000,0x00000000d6680000)
 ParOldGen       total 68608K, used 64098K [0x0000000080000000, 0x0000000084300000, 0x00000000d5580000)
  object space 68608K, 93% used [0x0000000080000000,0x0000000083e98830,0x0000000084300000)
 Metaspace       used 69315K, committed 70848K, reserved 1114112K
  class space    used 8550K, committed 9216K, reserved 1048576K
}
Event: 63.211 GC heap after
{Heap after GC invocations=87 (full 3):
 PSYoungGen      total 13312K, used 760K [0x00000000d5580000, 0x00000000d6500000, 0x0000000100000000)
  eden space 12288K, 0% used [0x00000000d5580000,0x00000000d5580000,0x00000000d6180000)
  from space 1024K, 74% used [0x00000000d6400000,0x00000000d64be2e8,0x00000000d6500000)
  to   space 1536K, 0% used [0x00000000d6200000,0x00000000d6200000,0x00000000d6380000)
 ParOldGen       total 68608K, used 64620K [0x0000000080000000, 0x0000000084300000, 0x00000000d5580000)
  object space 68608K, 94% used [0x0000000080000000,0x0000000083f1b3e8,0x0000000084300000)
 Metaspace       used 69315K, committed 70848K, reserved 1114112K
  class space    used 8550K, committed 9216K, reserved 1048576K
}
Event: 63.371 GC heap before
{Heap before GC invocations=88 (full 3):
 PSYoungGen      total 13312K, used 13048K [0x00000000d5580000, 0x00000000d6500000, 0x0000000100000000)
  eden space 12288K, 100% used [0x00000000d5580000,0x00000000d6180000,0x00000000d6180000)
  from space 1024K, 74% used [0x00000000d6400000,0x00000000d64be2e8,0x00000000d6500000)
  to   space 1536K, 0% used [0x00000000d6200000,0x00000000d6200000,0x00000000d6380000)
 ParOldGen       total 68608K, used 64620K [0x0000000080000000, 0x0000000084300000, 0x00000000d5580000)
  object space 68608K, 94% used [0x0000000080000000,0x0000000083f1b3e8,0x0000000084300000)
 Metaspace       used 70099K, committed 71680K, reserved 1114112K
  class space    used 8636K, committed 9344K, reserved 1048576K
}
Event: 63.372 GC heap after
{Heap after GC invocations=88 (full 3):
 PSYoungGen      total 13824K, used 704K [0x00000000d5580000, 0x00000000d6480000, 0x0000000100000000)
  eden space 12288K, 0% used [0x00000000d5580000,0x00000000d5580000,0x00000000d6180000)
  from space 1536K, 45% used [0x00000000d6200000,0x00000000d62b0060,0x00000000d6380000)
  to   space 1024K, 0% used [0x00000000d6380000,0x00000000d6380000,0x00000000d6480000)
 ParOldGen       total 68608K, used 65227K [0x0000000080000000, 0x0000000084300000, 0x00000000d5580000)
  object space 68608K, 95% used [0x0000000080000000,0x0000000083fb2df0,0x0000000084300000)
 Metaspace       used 70099K, committed 71680K, reserved 1114112K
  class space    used 8636K, committed 9344K, reserved 1048576K
}

Dll operation events (15 events):
Event: 0.007 Loaded shared library c:\Users\Haqii\.vscode\extensions\redhat.java-1.53.0-win32-x64\jre\21.0.10-win32-x86_64\bin\java.dll
Event: 0.069 Loaded shared library c:\Users\Haqii\.vscode\extensions\redhat.java-1.53.0-win32-x64\jre\21.0.10-win32-x86_64\bin\zip.dll
Event: 0.090 Loaded shared library C:\Users\Haqii\.vscode\extensions\redhat.java-1.53.0-win32-x64\jre\21.0.10-win32-x86_64\bin\instrument.dll
Event: 0.096 Loaded shared library C:\Users\Haqii\.vscode\extensions\redhat.java-1.53.0-win32-x64\jre\21.0.10-win32-x86_64\bin\net.dll
Event: 0.101 Loaded shared library C:\Users\Haqii\.vscode\extensions\redhat.java-1.53.0-win32-x64\jre\21.0.10-win32-x86_64\bin\nio.dll
Event: 0.106 Loaded shared library C:\Users\Haqii\.vscode\extensions\redhat.java-1.53.0-win32-x64\jre\21.0.10-win32-x86_64\bin\zip.dll
Event: 0.126 Loaded shared library C:\Users\Haqii\.vscode\extensions\redhat.java-1.53.0-win32-x64\jre\21.0.10-win32-x86_64\bin\jimage.dll
Event: 0.196 Loaded shared library c:\Users\Haqii\.vscode\extensions\redhat.java-1.53.0-win32-x64\jre\21.0.10-win32-x86_64\bin\verify.dll
Event: 1.180 Loaded shared library C:\Users\Haqii\AppData\Roaming\Code\User\globalStorage\redhat.java\1.53.0\config_win\org.eclipse.equinox.launcher\org.eclipse.equinox.launcher.win32.win32.x86_64_1.3.0.v20260203-2149\eclipse_11919.dll
Event: 2.299 Loaded shared library C:\Users\Haqii\AppData\Local\Temp\jna-69495192\jna5732971466553716313.dll
Event: 5.816 Loaded shared library C:\Users\Haqii\.gradle\native\1def1411415f61bf3af743bc5b6707747c0891f09f0c88961ee8f79bc544acac\windows-amd64\native-platform.dll
Event: 6.617 Loaded shared library C:\Users\Haqii\.vscode\extensions\redhat.java-1.53.0-win32-x64\jre\21.0.10-win32-x86_64\bin\management.dll
Event: 6.620 Loaded shared library C:\Users\Haqii\.vscode\extensions\redhat.java-1.53.0-win32-x64\jre\21.0.10-win32-x86_64\bin\management_ext.dll
Event: 8.352 Loaded shared library C:\Users\Haqii\.vscode\extensions\redhat.java-1.53.0-win32-x64\jre\21.0.10-win32-x86_64\bin\extnet.dll
Event: 10.551 Loaded shared library C:\Users\Haqii\.vscode\extensions\redhat.java-1.53.0-win32-x64\jre\21.0.10-win32-x86_64\bin\sunmscapi.dll

Deoptimization events (20 events):
Event: 63.302 Thread 0x000001ee6f804da0 Uncommon trap: trap_request=0xffffff45 fr.pc=0x000001ee5a1a5ba0 relative=0x0000000000000920
Event: 63.302 Thread 0x000001ee6f804da0 Uncommon trap: reason=unstable_if action=reinterpret pc=0x000001ee5a1a5ba0 method=org.eclipse.jdt.internal.core.index.DiskIndex.readStreamChars(Ljava/io/InputStream;)[C @ 1 c2
Event: 63.302 Thread 0x000001ee6f804da0 DEOPT PACKING pc=0x000001ee5a1a5ba0 sp=0x000000335e0fea10
Event: 63.302 Thread 0x000001ee6f804da0 DEOPT UNPACKING pc=0x000001ee59823aa2 sp=0x000000335e0fe988 mode 2
Event: 63.307 Thread 0x000001ee6fb46080 Uncommon trap: trap_request=0xffffff45 fr.pc=0x000001ee5a3f9b24 relative=0x0000000000000344
Event: 63.307 Thread 0x000001ee6fb46080 Uncommon trap: reason=unstable_if action=reinterpret pc=0x000001ee5a3f9b24 method=jdk.internal.jimage.ImageStringsReader.stringFromByteBufferMatches(Ljava/nio/ByteBuffer;ILjava/lang/String;I)I @ 59 c2
Event: 63.307 Thread 0x000001ee6fb46080 DEOPT PACKING pc=0x000001ee5a3f9b24 sp=0x000000335ddfdd40
Event: 63.307 Thread 0x000001ee6fb46080 DEOPT UNPACKING pc=0x000001ee59823aa2 sp=0x000000335ddfdcb8 mode 2
Event: 63.307 Thread 0x000001ee6fb46080 Uncommon trap: trap_request=0xffffff45 fr.pc=0x000001ee5a430ffc relative=0x000000000000087c
Event: 63.307 Thread 0x000001ee6fb46080 Uncommon trap: reason=unstable_if action=reinterpret pc=0x000001ee5a430ffc method=jdk.internal.jrtfs.JrtFileSystem.checkNode(Ljdk/internal/jrtfs/JrtPath;)Ljdk/internal/jimage/ImageReader$Node; @ 16 c2
Event: 63.307 Thread 0x000001ee6fb46080 DEOPT PACKING pc=0x000001ee5a430ffc sp=0x000000335ddfe030
Event: 63.307 Thread 0x000001ee6fb46080 DEOPT UNPACKING pc=0x000001ee59823aa2 sp=0x000000335ddfe040 mode 2
Event: 63.308 Thread 0x000001ee6fb46080 Uncommon trap: trap_request=0xffffff45 fr.pc=0x000001ee5a40fab0 relative=0x00000000000011b0
Event: 63.308 Thread 0x000001ee6fb46080 Uncommon trap: reason=unstable_if action=reinterpret pc=0x000001ee5a40fab0 method=org.eclipse.jdt.internal.core.util.Util.splitOn(CLjava/lang/String;II)[Ljava/lang/String; @ 16 c2
Event: 63.308 Thread 0x000001ee6fb46080 DEOPT PACKING pc=0x000001ee5a40fab0 sp=0x000000335ddfe890
Event: 63.308 Thread 0x000001ee6fb46080 DEOPT UNPACKING pc=0x000001ee59823aa2 sp=0x000000335ddfe880 mode 2
Event: 63.309 Thread 0x000001ee6fb46080 Uncommon trap: trap_request=0xffffff6e fr.pc=0x000001ee5a62da54 relative=0x0000000000000194
Event: 63.309 Thread 0x000001ee6fb46080 Uncommon trap: reason=loop_limit_check action=maybe_recompile pc=0x000001ee5a62da54 method=org.eclipse.jdt.internal.core.util.HashtableOfArrayToObject.hashCode([Ljava/lang/Object;I)I @ 27 c2
Event: 63.309 Thread 0x000001ee6fb46080 DEOPT PACKING pc=0x000001ee5a62da54 sp=0x000000335ddfe7c0
Event: 63.309 Thread 0x000001ee6fb46080 DEOPT UNPACKING pc=0x000001ee59823aa2 sp=0x000000335ddfe738 mode 2

Classes loaded (20 events):
Event: 62.878 Loading class java/util/concurrent/CompletableFuture$Signaller
Event: 62.879 Loading class java/util/concurrent/CompletableFuture$Signaller done
Event: 62.927 Loading class java/util/concurrent/CompletableFuture$UniApply
Event: 62.927 Loading class java/util/concurrent/CompletableFuture$UniCompletion
Event: 62.928 Loading class java/util/concurrent/CompletableFuture$UniCompletion done
Event: 62.928 Loading class java/util/concurrent/CompletableFuture$UniApply done
Event: 62.928 Loading class java/util/concurrent/CompletableFuture$UniAccept
Event: 62.928 Loading class java/util/concurrent/CompletableFuture$UniAccept done
Event: 62.928 Loading class java/util/concurrent/CompletableFuture$UniExceptionally
Event: 62.928 Loading class java/util/concurrent/CompletableFuture$UniExceptionally done
Event: 62.978 Loading class java/util/Hashtable$KeySet
Event: 62.978 Loading class java/util/Hashtable$KeySet done
Event: 63.229 Loading class java/util/stream/DistinctOps
Event: 63.229 Loading class java/util/stream/DistinctOps done
Event: 63.229 Loading class java/util/stream/DistinctOps$1
Event: 63.230 Loading class java/util/stream/DistinctOps$1 done
Event: 63.232 Loading class java/util/stream/DistinctOps$1$2
Event: 63.233 Loading class java/util/stream/DistinctOps$1$2 done
Event: 63.362 Loading class java/io/SequenceInputStream
Event: 63.362 Loading class java/io/SequenceInputStream done

Classes unloaded (7 events):
Event: 2.705 Thread 0x000001ee4f113fc0 Unloading class 0x000001ee011ab400 'java/lang/invoke/LambdaForm$MH+0x000001ee011ab400'
Event: 2.705 Thread 0x000001ee4f113fc0 Unloading class 0x000001ee011ab000 'java/lang/invoke/LambdaForm$MH+0x000001ee011ab000'
Event: 2.705 Thread 0x000001ee4f113fc0 Unloading class 0x000001ee011aac00 'java/lang/invoke/LambdaForm$MH+0x000001ee011aac00'
Event: 2.705 Thread 0x000001ee4f113fc0 Unloading class 0x000001ee011aa800 'java/lang/invoke/LambdaForm$MH+0x000001ee011aa800'
Event: 2.705 Thread 0x000001ee4f113fc0 Unloading class 0x000001ee011aa400 'java/lang/invoke/LambdaForm$BMH+0x000001ee011aa400'
Event: 2.705 Thread 0x000001ee4f113fc0 Unloading class 0x000001ee011aa000 'java/lang/invoke/LambdaForm$DMH+0x000001ee011aa000'
Event: 2.705 Thread 0x000001ee4f113fc0 Unloading class 0x000001ee011a8c00 'java/lang/invoke/LambdaForm$DMH+0x000001ee011a8c00'

Classes redefined (0 events):
No events

Internal exceptions (20 events):
Event: 63.257 Thread 0x000001ee6f8067e0 Exception <a 'sun/nio/fs/WindowsException'{0x00000000d57f18e8}> (0x00000000d57f18e8) 
thrown [s\src\hotspot\share\prims\jni.cpp, line 520]
Event: 63.257 Thread 0x000001ee6f8067e0 Exception <a 'sun/nio/fs/WindowsException'{0x00000000d57f2630}> (0x00000000d57f2630) 
thrown [s\src\hotspot\share\prims\jni.cpp, line 520]
Event: 63.257 Thread 0x000001ee6f8067e0 Exception <a 'sun/nio/fs/WindowsException'{0x00000000d583a6d8}> (0x00000000d583a6d8) 
thrown [s\src\hotspot\share\prims\jni.cpp, line 520]
Event: 63.258 Thread 0x000001ee6f8067e0 Exception <a 'sun/nio/fs/WindowsException'{0x00000000d583bd48}> (0x00000000d583bd48) 
thrown [s\src\hotspot\share\prims\jni.cpp, line 520]
Event: 63.258 Thread 0x000001ee6f8067e0 Exception <a 'sun/nio/fs/WindowsException'{0x00000000d583c628}> (0x00000000d583c628) 
thrown [s\src\hotspot\share\prims\jni.cpp, line 520]
Event: 63.287 Thread 0x000001ee6fb46080 Exception <a 'sun/nio/fs/WindowsException'{0x00000000d590dae0}> (0x00000000d590dae0) 
thrown [s\src\hotspot\share\prims\jni.cpp, line 520]
Event: 63.287 Thread 0x000001ee6fb46080 Exception <a 'sun/nio/fs/WindowsException'{0x00000000d590e110}> (0x00000000d590e110) 
thrown [s\src\hotspot\share\prims\jni.cpp, line 520]
Event: 63.288 Thread 0x000001ee6fb46080 Exception <a 'sun/nio/fs/WindowsException'{0x00000000d590eba8}> (0x00000000d590eba8) 
thrown [s\src\hotspot\share\prims\jni.cpp, line 520]
Event: 63.288 Thread 0x000001ee6fb46080 Exception <a 'sun/nio/fs/WindowsException'{0x00000000d590f1d8}> (0x00000000d590f1d8) 
thrown [s\src\hotspot\share\prims\jni.cpp, line 520]
Event: 63.288 Thread 0x000001ee6fb46080 Exception <a 'sun/nio/fs/WindowsException'{0x00000000d59cb020}> (0x00000000d59cb020) 
thrown [s\src\hotspot\share\prims\jni.cpp, line 520]
Event: 63.288 Thread 0x000001ee6fb46080 Exception <a 'sun/nio/fs/WindowsException'{0x00000000d59cb650}> (0x00000000d59cb650) 
thrown [s\src\hotspot\share\prims\jni.cpp, line 520]
Event: 63.315 Thread 0x000001ee6fb46080 Exception <a 'sun/nio/fs/WindowsException'{0x00000000d5e805e0}> (0x00000000d5e805e0) 
thrown [s\src\hotspot\share\prims\jni.cpp, line 520]
Event: 63.315 Thread 0x000001ee6fb46080 Exception <a 'sun/nio/fs/WindowsException'{0x00000000d5e80e50}> (0x00000000d5e80e50) 
thrown [s\src\hotspot\share\prims\jni.cpp, line 520]
Event: 63.315 Thread 0x000001ee6fb46080 Exception <a 'sun/nio/fs/WindowsException'{0x00000000d5e818e8}> (0x00000000d5e818e8) 
thrown [s\src\hotspot\share\prims\jni.cpp, line 520]
Event: 63.315 Thread 0x000001ee6fb46080 Exception <a 'sun/nio/fs/WindowsException'{0x00000000d5e81f18}> (0x00000000d5e81f18) 
thrown [s\src\hotspot\share\prims\jni.cpp, line 520]
Event: 63.316 Thread 0x000001ee6fb46080 Exception <a 'sun/nio/fs/WindowsException'{0x00000000d5e832d8}> (0x00000000d5e832d8) 
thrown [s\src\hotspot\share\prims\jni.cpp, line 520]
Event: 63.316 Thread 0x000001ee6fb46080 Exception <a 'sun/nio/fs/WindowsException'{0x00000000d5e83908}> (0x00000000d5e83908) 
thrown [s\src\hotspot\share\prims\jni.cpp, line 520]
Event: 63.378 Thread 0x000001ee6fb46080 Exception <a 'java/io/FileNotFoundException'{0x00000000d55ca630}> (0x00000000d55ca630) 
thrown [s\src\hotspot\share\prims\jni.cpp, line 520]
Event: 63.378 Thread 0x000001ee6fb46080 Exception <a 'java/io/FileNotFoundException'{0x00000000d55cb398}> (0x00000000d55cb398) 
thrown [s\src\hotspot\share\prims\jni.cpp, line 520]
Event: 63.382 Thread 0x000001ee6fb46080 Exception <a 'java/lang/NoSuchMethodError'{0x00000000d55efc68}: 'java.lang.Object java.lang.invoke.DirectMethodHandle$Holder.invokeStatic(java.lang.Object, java.lang.Object, int, java.lang.Object)'> (0x00000000d55efc68) 
thrown [s\src\hotspot\share\interpreter\linkResolver.cpp, line 773]

ZGC Phase Switch (0 events):
No events

VM Operations (20 events):
Event: 63.001 Executing safepoint VM operation: ParallelGCFailedAllocation (Allocation Failure)
Event: 63.002 Executing safepoint VM operation: ParallelGCFailedAllocation (Allocation Failure) done
Event: 63.195 Executing non-safepoint VM operation: HandshakeAllThreads (Deoptimize)
Event: 63.195 Executing non-safepoint VM operation: HandshakeAllThreads (Deoptimize) done
Event: 63.209 Executing safepoint VM operation: ParallelGCFailedAllocation (Allocation Failure)
Event: 63.211 Executing safepoint VM operation: ParallelGCFailedAllocation (Allocation Failure) done
Event: 63.232 Executing non-safepoint VM operation: HandshakeAllThreads (Deoptimize)
Event: 63.232 Executing non-safepoint VM operation: HandshakeAllThreads (Deoptimize) done
Event: 63.302 Executing non-safepoint VM operation: HandshakeAllThreads (Deoptimize)
Event: 63.302 Executing non-safepoint VM operation: HandshakeAllThreads (Deoptimize) done
Event: 63.371 Executing safepoint VM operation: ParallelGCFailedAllocation (Allocation Failure)
Event: 63.372 Executing safepoint VM operation: ParallelGCFailedAllocation (Allocation Failure) done
Event: 64.372 Executing safepoint VM operation: Cleanup
Event: 64.372 Executing safepoint VM operation: Cleanup done
Event: 95.389 Executing safepoint VM operation: Cleanup
Event: 95.389 Executing safepoint VM operation: Cleanup done
Event: 120.310 Executing non-safepoint VM operation: HandshakeAllThreads (HandshakeForDeflation)
Event: 120.310 Executing non-safepoint VM operation: HandshakeAllThreads (HandshakeForDeflation) done
Event: 120.310 Executing non-safepoint VM operation: RendezvousGCThreads
Event: 120.310 Executing non-safepoint VM operation: RendezvousGCThreads done

Memory protections (0 events):
No events

Nmethod flushes (20 events):
Event: 7.672 Thread 0x000001ee4f113fc0 flushing  nmethod 0x000001ee52cec210
Event: 7.672 Thread 0x000001ee4f113fc0 flushing  nmethod 0x000001ee52cecf10
Event: 7.672 Thread 0x000001ee4f113fc0 flushing  nmethod 0x000001ee52cede10
Event: 7.672 Thread 0x000001ee4f113fc0 flushing  nmethod 0x000001ee52d0c010
Event: 7.672 Thread 0x000001ee4f113fc0 flushing  nmethod 0x000001ee52d1a110
Event: 7.672 Thread 0x000001ee4f113fc0 flushing  nmethod 0x000001ee52d1ff10
Event: 7.672 Thread 0x000001ee4f113fc0 flushing osr nmethod 0x000001ee52d31e90
Event: 7.672 Thread 0x000001ee4f113fc0 flushing  nmethod 0x000001ee52d3b810
Event: 7.672 Thread 0x000001ee4f113fc0 flushing  nmethod 0x000001ee52d3bc10
Event: 7.672 Thread 0x000001ee4f113fc0 flushing  nmethod 0x000001ee52d3ce90
Event: 7.672 Thread 0x000001ee4f113fc0 flushing  nmethod 0x000001ee52d3e390
Event: 7.672 Thread 0x000001ee4f113fc0 flushing  nmethod 0x000001ee52d3fe90
Event: 7.672 Thread 0x000001ee4f113fc0 flushing  nmethod 0x000001ee52d40c10
Event: 7.672 Thread 0x000001ee4f113fc0 flushing  nmethod 0x000001ee52d41d90
Event: 7.672 Thread 0x000001ee4f113fc0 flushing  nmethod 0x000001ee52d44510
Event: 7.672 Thread 0x000001ee4f113fc0 flushing  nmethod 0x000001ee52d45310
Event: 7.672 Thread 0x000001ee4f113fc0 flushing  nmethod 0x000001ee52d4c890
Event: 7.672 Thread 0x000001ee4f113fc0 flushing  nmethod 0x000001ee52d4e390
Event: 7.672 Thread 0x000001ee4f113fc0 flushing  nmethod 0x000001ee52d4fc90
Event: 7.672 Thread 0x000001ee4f113fc0 flushing  nmethod 0x000001ee52d5e090

Events (20 events):
Event: 62.899 Thread 0x000001ee4f23cbd0 Thread added: 0x000001ee6fa31410
Event: 62.908 Thread 0x000001ee6fa31410 Thread added: 0x000001ee6fa2ffa0
Event: 62.920 Thread 0x000001ee6fa2ffa0 Thread added: 0x000001ee6fa2f8d0
Event: 62.930 Thread 0x000001ee6fb44cd0 Thread added: 0x000001ee6f806150
Event: 62.931 Thread 0x000001ee6f806150 Thread added: 0x000001ee6f8067e0
Event: 63.141 Thread 0x000001ee6fa2f8d0 Thread exited: 0x000001ee6fa2f8d0
Event: 63.291 Thread 0x000001ee4f23cbd0 Thread added: 0x000001ee6fa31ae0
Event: 63.291 Thread 0x000001ee4f23cbd0 Thread added: 0x000001ee6fa2e460
Event: 63.291 Thread 0x000001ee6fa2e460 Thread added: 0x000001ee6fa2eb30
Event: 68.389 Thread 0x000001ee6fa2ffa0 Thread exited: 0x000001ee6fa2ffa0
Event: 68.389 Thread 0x000001ee6fa31410 Thread exited: 0x000001ee6fa31410
Event: 68.389 Thread 0x000001ee6fa2e460 Thread exited: 0x000001ee6fa2e460
Event: 68.389 Thread 0x000001ee6fa2eb30 Thread exited: 0x000001ee6fa2eb30
Event: 73.389 Thread 0x000001ee6fa31ae0 Thread exited: 0x000001ee6fa31ae0
Event: 95.144 Thread 0x000001ee6f808f40 Thread exited: 0x000001ee6f808f40
Event: 95.144 Thread 0x000001ee6f8088b0 Thread exited: 0x000001ee6f8088b0
Event: 95.150 Thread 0x000001ee6f807500 Thread exited: 0x000001ee6f807500
Event: 123.304 Thread 0x000001ee6f804da0 Thread exited: 0x000001ee6f804da0
Event: 123.325 Thread 0x000001ee6dfa6a20 Thread exited: 0x000001ee6dfa6a20
Event: 124.273 Thread 0x000001ee6dfa35a0 Thread exited: 0x000001ee6dfa35a0


Dynamic libraries:
0x00007ff7217f0000 - 0x00007ff7217fe000 	c:\Users\Haqii\.vscode\extensions\redhat.java-1.53.0-win32-x64\jre\21.0.10-win32-x86_64\bin\java.exe
0x00007ff841320000 - 0x00007ff841587000 	C:\WINDOWS\SYSTEM32\ntdll.dll
0x00007ff83fea0000 - 0x00007ff83ff69000 	C:\WINDOWS\System32\KERNEL32.DLL
0x00007ff83e730000 - 0x00007ff83eb1f000 	C:\WINDOWS\System32\KERNELBASE.dll
0x00007ff83ef70000 - 0x00007ff83f0bb000 	C:\WINDOWS\System32\ucrtbase.dll
0x00007ff81b740000 - 0x00007ff81b75e000 	c:\Users\Haqii\.vscode\extensions\redhat.java-1.53.0-win32-x64\jre\21.0.10-win32-x86_64\bin\VCRUNTIME140.dll
0x00007ff81c300000 - 0x00007ff81c318000 	c:\Users\Haqii\.vscode\extensions\redhat.java-1.53.0-win32-x64\jre\21.0.10-win32-x86_64\bin\jli.dll
0x00007ff83fb00000 - 0x00007ff83fcc5000 	C:\WINDOWS\System32\USER32.dll
0x00007ff82d9b0000 - 0x00007ff82dc43000 	C:\WINDOWS\WinSxS\amd64_microsoft.windows.common-controls_6595b64144ccf1df_6.0.26100.7309_none_3e05feeae336a044\COMCTL32.dll
0x00007ff83e700000 - 0x00007ff83e727000 	C:\WINDOWS\System32\win32u.dll
0x00007ff840c70000 - 0x00007ff840d19000 	C:\WINDOWS\System32\msvcrt.dll
0x00007ff83fcd0000 - 0x00007ff83fcfb000 	C:\WINDOWS\System32\GDI32.dll
0x00007ff83e470000 - 0x00007ff83e59c000 	C:\WINDOWS\System32\gdi32full.dll
0x00007ff83e5a0000 - 0x00007ff83e643000 	C:\WINDOWS\System32\msvcp_win.dll
0x00007ff840a30000 - 0x00007ff840a61000 	C:\WINDOWS\System32\IMM32.DLL
0x00007ff81c3d0000 - 0x00007ff81c3dc000 	c:\Users\Haqii\.vscode\extensions\redhat.java-1.53.0-win32-x64\jre\21.0.10-win32-x86_64\bin\vcruntime140_1.dll
0x00007ff80a6f0000 - 0x00007ff80a77d000 	c:\Users\Haqii\.vscode\extensions\redhat.java-1.53.0-win32-x64\jre\21.0.10-win32-x86_64\bin\msvcp140.dll
0x00007fff9dda0000 - 0x00007fff9eb41000 	c:\Users\Haqii\.vscode\extensions\redhat.java-1.53.0-win32-x64\jre\21.0.10-win32-x86_64\bin\server\jvm.dll
0x00007ff840330000 - 0x00007ff8403e4000 	C:\WINDOWS\System32\ADVAPI32.dll
0x00007ff83fff0000 - 0x00007ff840096000 	C:\WINDOWS\System32\sechost.dll
0x00007ff83fd80000 - 0x00007ff83fe98000 	C:\WINDOWS\System32\RPCRT4.dll
0x00007ff83fd00000 - 0x00007ff83fd74000 	C:\WINDOWS\System32\WS2_32.dll
0x00007ff83e2f0000 - 0x00007ff83e34e000 	C:\WINDOWS\SYSTEM32\POWRPROF.dll
0x00007ff832750000 - 0x00007ff83275b000 	C:\WINDOWS\SYSTEM32\VERSION.dll
0x00007ff832710000 - 0x00007ff832745000 	C:\WINDOWS\SYSTEM32\WINMM.dll
0x00007ff83e2d0000 - 0x00007ff83e2e4000 	C:\WINDOWS\SYSTEM32\UMPDC.dll
0x00007ff83d220000 - 0x00007ff83d23b000 	C:\WINDOWS\SYSTEM32\kernel.appcore.dll
0x00007ff81c2f0000 - 0x00007ff81c2fa000 	c:\Users\Haqii\.vscode\extensions\redhat.java-1.53.0-win32-x64\jre\21.0.10-win32-x86_64\bin\jimage.dll
0x00007ff83b820000 - 0x00007ff83ba62000 	C:\WINDOWS\SYSTEM32\DBGHELP.DLL
0x00007ff8405a0000 - 0x00007ff840925000 	C:\WINDOWS\System32\combase.dll
0x00007ff8404b0000 - 0x00007ff840586000 	C:\WINDOWS\System32\OLEAUT32.dll
0x00007ff8270a0000 - 0x00007ff8270dc000 	C:\WINDOWS\SYSTEM32\dbgcore.DLL
0x00007ff83e650000 - 0x00007ff83e6f5000 	C:\WINDOWS\System32\bcryptPrimitives.dll
0x00007ff81a800000 - 0x00007ff81a80f000 	c:\Users\Haqii\.vscode\extensions\redhat.java-1.53.0-win32-x64\jre\21.0.10-win32-x86_64\bin\instrument.dll
0x00007ff81adf0000 - 0x00007ff81ae10000 	c:\Users\Haqii\.vscode\extensions\redhat.java-1.53.0-win32-x64\jre\21.0.10-win32-x86_64\bin\java.dll
0x00007ff83f310000 - 0x00007ff83fa63000 	C:\WINDOWS\System32\SHELL32.dll
0x00007ff83ee00000 - 0x00007ff83ef6a000 	C:\WINDOWS\System32\wintypes.dll
0x00007ff83c0b0000 - 0x00007ff83c90e000 	C:\WINDOWS\SYSTEM32\windows.storage.dll
0x00007ff840d50000 - 0x00007ff840e45000 	C:\WINDOWS\System32\SHCORE.dll
0x00007ff83f0c0000 - 0x00007ff83f126000 	C:\WINDOWS\System32\shlwapi.dll
0x00007ff83e390000 - 0x00007ff83e3b9000 	C:\WINDOWS\SYSTEM32\profapi.dll
0x00007ff819a00000 - 0x00007ff819a18000 	c:\Users\Haqii\.vscode\extensions\redhat.java-1.53.0-win32-x64\jre\21.0.10-win32-x86_64\bin\zip.dll
0x00007ff81bd10000 - 0x00007ff81bd20000 	C:\Users\Haqii\.vscode\extensions\redhat.java-1.53.0-win32-x64\jre\21.0.10-win32-x86_64\bin\net.dll
0x00007ff836bd0000 - 0x00007ff836cf8000 	C:\WINDOWS\SYSTEM32\WINHTTP.dll
0x00007ff83d790000 - 0x00007ff83d7fb000 	C:\WINDOWS\system32\mswsock.dll
0x00007ff80ac50000 - 0x00007ff80ac66000 	C:\Users\Haqii\.vscode\extensions\redhat.java-1.53.0-win32-x64\jre\21.0.10-win32-x86_64\bin\nio.dll
0x00007ff8199e0000 - 0x00007ff8199f0000 	c:\Users\Haqii\.vscode\extensions\redhat.java-1.53.0-win32-x64\jre\21.0.10-win32-x86_64\bin\verify.dll
0x00007ff80a1c0000 - 0x00007ff80a205000 	C:\Users\Haqii\AppData\Roaming\Code\User\globalStorage\redhat.java\1.53.0\config_win\org.eclipse.equinox.launcher\org.eclipse.equinox.launcher.win32.win32.x86_64_1.3.0.v20260203-2149\eclipse_11919.dll
0x00007ff840190000 - 0x00007ff840327000 	C:\WINDOWS\System32\ole32.dll
0x00007ff83da60000 - 0x00007ff83da7b000 	C:\WINDOWS\SYSTEM32\CRYPTSP.dll
0x00007ff83d180000 - 0x00007ff83d1ba000 	C:\WINDOWS\system32\rsaenh.dll
0x00007ff83d840000 - 0x00007ff83d86b000 	C:\WINDOWS\SYSTEM32\USERENV.dll
0x00007ff83e360000 - 0x00007ff83e38a000 	C:\WINDOWS\SYSTEM32\bcrypt.dll
0x00007ff83da50000 - 0x00007ff83da5c000 	C:\WINDOWS\SYSTEM32\CRYPTBASE.dll
0x00007ff83cc30000 - 0x00007ff83cc64000 	C:\WINDOWS\SYSTEM32\IPHLPAPI.DLL
0x00007ff83faf0000 - 0x00007ff83fafa000 	C:\WINDOWS\System32\NSI.dll
0x00007ff80a080000 - 0x00007ff80a0c9000 	C:\Users\Haqii\AppData\Local\Temp\jna-69495192\jna5732971466553716313.dll
0x00007ff840c60000 - 0x00007ff840c68000 	C:\WINDOWS\System32\PSAPI.DLL
0x00007ff8359a0000 - 0x00007ff8359be000 	C:\WINDOWS\SYSTEM32\dhcpcsvc6.DLL
0x00007ff835970000 - 0x00007ff835993000 	C:\WINDOWS\SYSTEM32\dhcpcsvc.DLL
0x00007ff816f40000 - 0x00007ff816f67000 	C:\Users\Haqii\.gradle\native\1def1411415f61bf3af743bc5b6707747c0891f09f0c88961ee8f79bc544acac\windows-amd64\native-platform.dll
0x00007ff81ba70000 - 0x00007ff81ba7a000 	C:\Users\Haqii\.vscode\extensions\redhat.java-1.53.0-win32-x64\jre\21.0.10-win32-x86_64\bin\management.dll
0x00007ff81a870000 - 0x00007ff81a87c000 	C:\Users\Haqii\.vscode\extensions\redhat.java-1.53.0-win32-x64\jre\21.0.10-win32-x86_64\bin\management_ext.dll
0x00007ff81a810000 - 0x00007ff81a819000 	C:\Users\Haqii\.vscode\extensions\redhat.java-1.53.0-win32-x64\jre\21.0.10-win32-x86_64\bin\extnet.dll
0x00007ff81a820000 - 0x00007ff81a82e000 	C:\Users\Haqii\.vscode\extensions\redhat.java-1.53.0-win32-x64\jre\21.0.10-win32-x86_64\bin\sunmscapi.dll
0x00007ff83ebf0000 - 0x00007ff83ed67000 	C:\WINDOWS\System32\CRYPT32.dll
0x00007ff83dc70000 - 0x00007ff83dca0000 	C:\WINDOWS\SYSTEM32\ncrypt.dll
0x00007ff83dc20000 - 0x00007ff83dc5f000 	C:\WINDOWS\SYSTEM32\NTASN1.dll
0x00007fffcf8b0000 - 0x00007fffcf8b8000 	C:\WINDOWS\system32\wshunix.dll

JVMTI agents:
c:\Users\Haqii\.vscode\extensions\redhat.java-1.53.0-win32-x64\lombok\lombok-1.18.39-4050.jar path:c:\Users\Haqii\.vscode\extensions\redhat.java-1.53.0-win32-x64\jre\21.0.10-win32-x86_64\bin\instrument.dll, loaded, initialized, instrumentlib options:none

dbghelp: loaded successfully - version: 4.0.5 - missing functions: none
symbol engine: initialized successfully - sym options: 0x614 - pdb path: .;c:\Users\Haqii\.vscode\extensions\redhat.java-1.53.0-win32-x64\jre\21.0.10-win32-x86_64\bin;C:\WINDOWS\SYSTEM32;C:\WINDOWS\WinSxS\amd64_microsoft.windows.common-controls_6595b64144ccf1df_6.0.26100.7309_none_3e05feeae336a044;c:\Users\Haqii\.vscode\extensions\redhat.java-1.53.0-win32-x64\jre\21.0.10-win32-x86_64\bin\server;C:\Users\Haqii\AppData\Roaming\Code\User\globalStorage\redhat.java\1.53.0\config_win\org.eclipse.equinox.launcher\org.eclipse.equinox.launcher.win32.win32.x86_64_1.3.0.v20260203-2149;C:\Users\Haqii\AppData\Local\Temp\jna-69495192;C:\Users\Haqii\.gradle\native\1def1411415f61bf3af743bc5b6707747c0891f09f0c88961ee8f79bc544acac\windows-amd64

VM Arguments:
jvm_args: --add-modules=ALL-SYSTEM --add-opens=java.base/java.util=ALL-UNNAMED --add-opens=java.base/java.lang=ALL-UNNAMED --add-opens=java.base/sun.nio.fs=ALL-UNNAMED -Declipse.application=org.eclipse.jdt.ls.core.id1 -Dosgi.bundles.defaultStartLevel=4 -Declipse.product=org.eclipse.jdt.ls.core.product -Djava.import.generatesMetadataFilesAtProjectRoot=false -DDetectVMInstallationsJob.disabled=true -Dfile.encoding=utf8 -XX:+UseParallelGC -XX:GCTimeRatio=4 -XX:AdaptiveSizePolicyWeight=90 -Dsun.zip.disableMemoryMapping=true -Xmx2G -Xms100m -Xlog:disable -javaagent:c:\Users\Haqii\.vscode\extensions\redhat.java-1.53.0-win32-x64\lombok\lombok-1.18.39-4050.jar -XX:+HeapDumpOnOutOfMemoryError -XX:HeapDumpPath=c:\Users\Haqii\AppData\Roaming\Code\User\workspaceStorage\c6c748010fe51822ca2c40a3d5693dca\redhat.java -Daether.dependencyCollector.impl=bf 
java_command: c:\Users\Haqii\.vscode\extensions\redhat.java-1.53.0-win32-x64\server\plugins\org.eclipse.equinox.launcher_1.7.100.v20251111-0406.jar -configuration c:\Users\Haqii\AppData\Roaming\Code\User\globalStorage\redhat.java\1.53.0\config_win -data c:\Users\Haqii\AppData\Roaming\Code\User\workspaceStorage\c6c748010fe51822ca2c40a3d5693dca\redhat.java\jdt_ws --pipe=\\.\pipe\lsp-95085a3e7721f9421aecaf413e501f66-sock
java_class_path (initial): c:\Users\Haqii\.vscode\extensions\redhat.java-1.53.0-win32-x64\server\plugins\org.eclipse.equinox.launcher_1.7.100.v20251111-0406.jar
Launcher Type: SUN_STANDARD

[Global flags]
    uintx AdaptiveSizePolicyWeight                 = 90                                        {product} {command line}
     intx CICompilerCount                          = 12                                        {product} {ergonomic}
    uintx GCTimeRatio                              = 4                                         {product} {command line}
     bool HeapDumpOnOutOfMemoryError               = true                                   {manageable} {command line}
    ccstr HeapDumpPath                             = c:\Users\Haqii\AppData\Roaming\Code\User\workspaceStorage\c6c748010fe51822ca2c40a3d5693dca\redhat.java         {manageable} {command line}
   size_t InitialHeapSize                          = 104857600                                 {product} {command line}
   size_t MaxHeapSize                              = 2147483648                                {product} {command line}
   size_t MaxNewSize                               = 715653120                                 {product} {ergonomic}
   size_t MinHeapDeltaBytes                        = 524288                                    {product} {ergonomic}
   size_t MinHeapSize                              = 104857600                                 {product} {command line}
   size_t NewSize                                  = 34603008                                  {product} {ergonomic}
    uintx NonNMethodCodeHeapSize                   = 7602480                                {pd product} {ergonomic}
    uintx NonProfiledCodeHeapSize                  = 122027880                              {pd product} {ergonomic}
   size_t OldSize                                  = 70254592                                  {product} {ergonomic}
    uintx ProfiledCodeHeapSize                     = 122027880                              {pd product} {ergonomic}
    uintx ReservedCodeCacheSize                    = 251658240                              {pd product} {ergonomic}
     bool SegmentedCodeCache                       = true                                      {product} {ergonomic}
   size_t SoftMaxHeapSize                          = 2147483648                             {manageable} {ergonomic}
     bool UseCompressedOops                        = true                           {product lp64_product} {ergonomic}
     bool UseLargePagesIndividualAllocation        = false                                  {pd product} {ergonomic}
     bool UseParallelGC                            = true                                      {product} {command line}

Logging:
Log output configuration:
 #0: stdout all=off uptime,level,tags foldmultilines=false
 #1: stderr all=off uptime,level,tags foldmultilines=false

Release file:
JAVA_VERSION="21.0.10" 
MODULES="java.base java.compiler java.datatransfer java.xml java.prefs java.desktop java.instrument java.logging java.management java.security.sasl java.naming java.rmi java.management.rmi java.net.http java.scripting java.security.jgss java.transaction.xa java.sql java.sql.rowset java.xml.crypto java.se java.smartcardio jdk.accessibility jdk.internal.jvmstat jdk.attach jdk.charsets jdk.internal.opt jdk.zipfs jdk.compiler jdk.crypto.ec jdk.crypto.cryptoki jdk.crypto.mscapi jdk.dynalink jdk.internal.ed jdk.editpad jdk.hotspot.agent jdk.httpserver jdk.internal.le jdk.internal.vm.ci jdk.internal.vm.compiler jdk.internal.vm.compiler.management jdk.jartool jdk.javadoc jdk.jcmd jdk.management jdk.management.agent jdk.jconsole jdk.jdeps jdk.jdwp.agent jdk.jdi jdk.jfr jdk.jshell jdk.jsobject jdk.jstatd jdk.localedata jdk.management.jfr jdk.naming.dns jdk.naming.rmi jdk.net jdk.nio.mapmode jdk.random jdk.sctp jdk.security.auth jdk.security.jgss jdk.unsupported jdk.unsupported.desktop jdk.xml.dom" 

Environment Variables:
PATH=C:\Program Files\Common Files\Oracle\Java\javapath;C:\Program Files (x86)\Common Files\Oracle\Java\java8path;C:\Program Files (x86)\Common Files\Oracle\Java\javapath;C:\WINDOWS\system32;C:\WINDOWS;C:\WINDOWS\System32\Wbem;C:\WINDOWS\System32\WindowsPowerShell\v1.0\;C:\WINDOWS\System32\OpenSSH\;C:\xampp\php;C:\ProgramData\ComposerSetup\bin;C:\Program Files\Git\cmd;C:\Program Files\dotnet\;C:\ProgramData\chocolatey\bin;C:\Program Files\nodejs\;C:\Program Files\Common Files\Oracle\Java\javapath;C:\Windows\system32;C:\Windows;C:\Windows\System32\Wbem;C:\Windows\System32\WindowsPowerShell\v1.0\;C:\Windows\System32\OpenSSH\;C:\xampp\php;C:\ProgramData\ComposerSetup\bin;C:\Program Files\nodejs\;C:\Program Files\Git\cmd;C:\Program Files\dotnet\;C:\ProgramData\chocolatey\bin;c:\Users\Haqii\AppData\Local\Programs\cursor\resources\app\codeBin;C:\Users\Haqii\AppData\Local\Programs\Python\Launcher\;C:\Users\Haqii\AppData\Local\Microsoft\WindowsApps;C:\Users\Haqii\AppData\Local\Programs\Microsoft VS Code\bin;C:\Users\Haqii\AppData\Roaming\Composer\vendor\bin;C:\msys64\ucrt64\bin;C:\Users\Haqii\AppData\Local\spicetify;C:\Users\Haqii\.deno\bin;C:\Android\cmdline-tools\latest\bin;C:\Android\platform-tools;C:\Android\emulator;C:\Users\Haqii\AppData\Roaming\npm;C:\Users\Haqii\AppData\Local\Microsoft\WindowsApps;C:\laragon\bin\php\php-8.3.26-Win32-vs16-x64;C:\laragon\bin\composer;
USERNAME=Haqii
OS=Windows_NT
PROCESSOR_IDENTIFIER=AMD64 Family 25 Model 68 Stepping 1, AuthenticAMD
TMP=C:\Users\Haqii\AppData\Local\Temp
TEMP=C:\Users\Haqii\AppData\Local\Temp




Periodic native trim disabled

---------------  S Y S T E M  ---------------

OS:
 Windows 11 , 64 bit Build 26100 (10.0.26100.7309)
OS uptime: 0 days 1:16 hours

CPU: total 16 (initial active 16) (16 cores per cpu, 2 threads per core) family 25 model 68 stepping 1 microcode 0xa404102, cx8, cmov, fxsr, ht, mmx, 3dnowpref, sse, sse2, sse3, ssse3, sse4a, sse4.1, sse4.2, popcnt, lzcnt, tsc, tscinvbit, avx, avx2, aes, erms, clmul, bmi1, bmi2, adx, sha, fma, vzeroupper, clflush, clflushopt, rdtscp, rdpid, fsrm, f16c, pku, cet_ss
Processor Information for processor 0
  Max Mhz: 3201, Current Mhz: 2560, Mhz Limit: 3201
Processor Information for processor 1
  Max Mhz: 3201, Current Mhz: 2560, Mhz Limit: 3201
Processor Information for processor 2
  Max Mhz: 3201, Current Mhz: 2560, Mhz Limit: 3201
Processor Information for processor 3
  Max Mhz: 3201, Current Mhz: 3201, Mhz Limit: 3201
Processor Information for processor 4
  Max Mhz: 3201, Current Mhz: 2560, Mhz Limit: 3201
Processor Information for processor 5
  Max Mhz: 3201, Current Mhz: 2560, Mhz Limit: 3201
Processor Information for processor 6
  Max Mhz: 3201, Current Mhz: 2560, Mhz Limit: 3201
Processor Information for processor 7
  Max Mhz: 3201, Current Mhz: 3201, Mhz Limit: 3201
Processor Information for processor 8
  Max Mhz: 3201, Current Mhz: 2560, Mhz Limit: 3201
Processor Information for processor 9
  Max Mhz: 3201, Current Mhz: 2560, Mhz Limit: 3201
Processor Information for processor 10
  Max Mhz: 3201, Current Mhz: 2560, Mhz Limit: 3201
Processor Information for processor 11
  Max Mhz: 3201, Current Mhz: 3201, Mhz Limit: 3201
Processor Information for processor 12
  Max Mhz: 3201, Current Mhz: 2560, Mhz Limit: 3201
Processor Information for processor 13
  Max Mhz: 3201, Current Mhz: 2560, Mhz Limit: 3201
Processor Information for processor 14
  Max Mhz: 3201, Current Mhz: 3201, Mhz Limit: 3201
Processor Information for processor 15
  Max Mhz: 3201, Current Mhz: 2560, Mhz Limit: 3201

Memory: 4k page, system-wide physical 15613M (838M free)
TotalPageFile size 28925M (AvailPageFile size 11M)
current process WorkingSet (physical memory assigned to process): 205M, peak: 325M
current process commit charge ("private bytes"): 377M, peak: 421M

vm_info: OpenJDK 64-Bit Server VM (21.0.10+7-LTS) for windows-amd64 JRE (21.0.10+7-LTS), built on 2026-01-20T00:00:00Z by "admin" with MS VC++ 17.12 (VS2022)

END.
