#
# There is insufficient memory for the Java Runtime Environment to continue.
# Native memory allocation (mmap) failed to map 18874368 bytes. Error detail: G1 virtual space
# Possible reasons:
#   The system is out of physical RAM or swap space
#   This process is running with CompressedOops enabled, and the Java Heap may be blocking the growth of the native heap
# Possible solutions:
#   Reduce memory load on the system
#   Increase physical memory or swap space
#   Check if swap backing store is full
#   Decrease Java heap size (-Xmx/-Xms)
#   Decrease number of Java threads
#   Decrease Java thread stack sizes (-Xss)
#   Set larger code cache with -XX:ReservedCodeCacheSize=
#   JVM is running with Unscaled Compressed Oops mode in which the Java heap is
#     placed in the first 4GB address space. The Java Heap base address is the
#     maximum limit for the native heap growth. Please use -XX:HeapBaseMinAddress
#     to set the Java Heap base and to place the Java Heap above 4GB virtual address.
# This output file may be truncated or incomplete.
#
#  Out of Memory Error (os_windows.cpp:3714), pid=14320, tid=5052
#
# JRE version: OpenJDK Runtime Environment Temurin-21.0.10+7 (21.0.10+7) (build 21.0.10+7-LTS)
# Java VM: OpenJDK 64-Bit Server VM Temurin-21.0.10+7 (21.0.10+7-LTS, mixed mode, sharing, tiered, compressed oops, compressed class ptrs, g1 gc, windows-amd64)
# No core dump will be written. Minidumps are not enabled by default on client versions of Windows
#

---------------  S U M M A R Y ------------

Command Line: --add-opens=java.base/java.lang=ALL-UNNAMED --add-opens=java.base/java.lang.invoke=ALL-UNNAMED --add-opens=java.base/java.util=ALL-UNNAMED --add-opens=java.prefs/java.util.prefs=ALL-UNNAMED --add-exports=jdk.compiler/com.sun.tools.javac.api=ALL-UNNAMED --add-exports=jdk.compiler/com.sun.tools.javac.util=ALL-UNNAMED --add-opens=java.base/java.util=ALL-UNNAMED --add-opens=java.prefs/java.util.prefs=ALL-UNNAMED --add-opens=java.base/java.nio.charset=ALL-UNNAMED --add-opens=java.base/java.net=ALL-UNNAMED --add-opens=java.base/java.util.concurrent.atomic=ALL-UNNAMED --add-opens=java.xml/javax.xml.namespace=ALL-UNNAMED -Xmx2048m -Dfile.encoding=UTF-8 -Duser.country=ID -Duser.language=en -Duser.variant -javaagent:C:\Users\Haqii\.gradle\wrapper\dists\gradle-8.13-bin\5xuhj0ry160q40clulazy9h7d\gradle-8.13\lib\agents\gradle-instrumentation-agent-8.13.jar org.gradle.launcher.daemon.bootstrap.GradleDaemon 8.13

Host: AMD Ryzen 7 7735HS with Radeon Graphics        , 16 cores, 15G,  Windows 11 , 64 bit Build 26100 (10.0.26100.7309)
Time: Wed Mar  4 08:14:35 2026 SE Asia Standard Time elapsed time: 13.287026 seconds (0d 0h 0m 13s)

---------------  T H R E A D  ---------------

Current thread (0x00000203d70780d0):  VMThread "VM Thread"          [id=5052, stack(0x0000009bca800000,0x0000009bca900000) (1024K)]

Stack: [0x0000009bca800000,0x0000009bca900000]
Native frames: (J=compiled Java code, j=interpreted, Vv=VM code, C=native code)
V  [jvm.dll+0x6d7a39]
V  [jvm.dll+0x8b4b26]
V  [jvm.dll+0x8b70de]
V  [jvm.dll+0x8b77c3]
V  [jvm.dll+0x284346]
V  [jvm.dll+0x6d4355]
V  [jvm.dll+0x6c808a]
V  [jvm.dll+0x35edb8]
V  [jvm.dll+0x3669f6]
V  [jvm.dll+0x3b7afe]
V  [jvm.dll+0x3b7da8]
V  [jvm.dll+0x332fbc]
V  [jvm.dll+0x333047]
V  [jvm.dll+0x376e1c]
V  [jvm.dll+0x3755be]
V  [jvm.dll+0x332701]
V  [jvm.dll+0x374c2a]
V  [jvm.dll+0x8bd4b0]
V  [jvm.dll+0x8be824]
V  [jvm.dll+0x8bed50]
V  [jvm.dll+0x8beff3]
V  [jvm.dll+0x85f59d]
V  [jvm.dll+0x6d626d]
C  [ucrtbase.dll+0x37b0]
C  [KERNEL32.DLL+0x2e8d7]
C  [ntdll.dll+0x8c53c]

VM_Operation (0x0000009bcc6f60f0): G1CollectForAllocation, mode: safepoint, requested by thread 0x000002041e587c70


---------------  P R O C E S S  ---------------

Threads class SMR info:
_java_thread_list=0x0000020422a5c110, length=83, elements={
0x00000203bee74e50, 0x00000203d7092070, 0x00000203d70937f0, 0x00000203d7098130,
0x00000203d70998b0, 0x00000203d709a440, 0x00000203d709bbc0, 0x00000203d709e7a0,
0x00000203d70b0df0, 0x00000203d71f43a0, 0x00000203d7359f00, 0x00000203d73edb80,
0x00000203d7525000, 0x000002041db19670, 0x000002041db19d20, 0x000002041e747a20,
0x000002041e718fc0, 0x000002041e7104d0, 0x000002041e7ed6f0, 0x000002041e7bd4b0,
0x000002041e7d29f0, 0x000002041e587c70, 0x000002041e5875e0, 0x000002041e586230,
0x000002041e588300, 0x000002041e588990, 0x000002041e585510, 0x000002041e5868c0,
0x000002041e586f50, 0x000002041fbf8f10, 0x000002041fbfa2c0, 0x000002041fbf74d0,
0x000002041fbfafe0, 0x000002041fbfb670, 0x000002041fbf81f0, 0x000002041fbfbd00,
0x000002041fbfd0b0, 0x000002041fbf9c30, 0x000002041fbfd740, 0x000002041fbfddd0,
0x000002041fbfe460, 0x000002041d72a020, 0x000002041d72a6b0, 0x000002041d729300,
0x000002041d72c0f0, 0x000002041d729990, 0x000002041d72ad40, 0x000002041d72b3d0,
0x000002041d72ba60, 0x000002041d728c70, 0x000002041d72e850, 0x000002041d72c780,
0x000002041d72f570, 0x000002041d72d4a0, 0x000002041d72ce10, 0x000002041d72eee0,
0x000002041d72fc00, 0x000002041d72db30, 0x000002041d730290, 0x000002041d72e1c0,
0x000002041fb73060, 0x000002041fb72340, 0x000002041fb70900, 0x000002041fb71620,
0x000002041fb70f90, 0x000002041fb71cb0, 0x000002041fb6fbe0, 0x000002041fb729d0,
0x000002041fb70270, 0x00000204227076d0, 0x0000020422707040, 0x0000020422707d60,
0x00000204227069b0, 0x0000020422706320, 0x000002042270b870, 0x0000020422708a80,
0x00000204227097a0, 0x0000020422709e30, 0x00000204227083f0, 0x000002042270bf00,
0x000002042270a4c0, 0x0000020422709110, 0x00000204213f4a20
}

Java Threads: ( => current thread )
  0x00000203bee74e50 JavaThread "main"                              [_thread_blocked, id=23356, stack(0x0000009bca100000,0x0000009bca200000) (1024K)]
  0x00000203d7092070 JavaThread "Reference Handler"          daemon [_thread_blocked, id=13728, stack(0x0000009bca900000,0x0000009bcaa00000) (1024K)]
  0x00000203d70937f0 JavaThread "Finalizer"                  daemon [_thread_blocked, id=23316, stack(0x0000009bcaa00000,0x0000009bcab00000) (1024K)]
  0x00000203d7098130 JavaThread "Signal Dispatcher"          daemon [_thread_blocked, id=23344, stack(0x0000009bcab00000,0x0000009bcac00000) (1024K)]
  0x00000203d70998b0 JavaThread "Attach Listener"            daemon [_thread_blocked, id=21280, stack(0x0000009bcac00000,0x0000009bcad00000) (1024K)]
  0x00000203d709a440 JavaThread "Service Thread"             daemon [_thread_blocked, id=17776, stack(0x0000009bcad00000,0x0000009bcae00000) (1024K)]
  0x00000203d709bbc0 JavaThread "Monitor Deflation Thread"   daemon [_thread_blocked, id=23380, stack(0x0000009bcae00000,0x0000009bcaf00000) (1024K)]
  0x00000203d709e7a0 JavaThread "C2 CompilerThread0"         daemon [_thread_blocked, id=23420, stack(0x0000009bcaf00000,0x0000009bcb000000) (1024K)]
  0x00000203d70b0df0 JavaThread "C1 CompilerThread0"         daemon [_thread_blocked, id=21272, stack(0x0000009bcb000000,0x0000009bcb100000) (1024K)]
  0x00000203d71f43a0 JavaThread "C1 CompilerThread1"         daemon [_thread_blocked, id=21284, stack(0x0000009bcb100000,0x0000009bcb200000) (1024K)]
  0x00000203d7359f00 JavaThread "Common-Cleaner"             daemon [_thread_blocked, id=20984, stack(0x0000009bcb200000,0x0000009bcb300000) (1024K)]
  0x00000203d73edb80 JavaThread "Notification Thread"        daemon [_thread_blocked, id=23392, stack(0x0000009bcb300000,0x0000009bcb400000) (1024K)]
  0x00000203d7525000 JavaThread "C2 CompilerThread1"         daemon [_thread_blocked, id=9860, stack(0x0000009bcb400000,0x0000009bcb500000) (1024K)]
  0x000002041db19670 JavaThread "C1 CompilerThread2"         daemon [_thread_blocked, id=21016, stack(0x0000009bcbc00000,0x0000009bcbd00000) (1024K)]
  0x000002041db19d20 JavaThread "C1 CompilerThread3"         daemon [_thread_blocked, id=21132, stack(0x0000009bcbd00000,0x0000009bcbe00000) (1024K)]
  0x000002041e747a20 JavaThread "Daemon health stats"               [_thread_blocked, id=22600, stack(0x0000009bcc000000,0x0000009bcc100000) (1024K)]
  0x000002041e718fc0 JavaThread "Incoming local TCP Connector on port 55291"        [_thread_in_native, id=16784, stack(0x0000009bcc100000,0x0000009bcc200000) (1024K)]
  0x000002041e7104d0 JavaThread "Daemon periodic checks"            [_thread_blocked, id=18384, stack(0x0000009bcc200000,0x0000009bcc300000) (1024K)]
  0x000002041e7ed6f0 JavaThread "Daemon"                            [_thread_blocked, id=18896, stack(0x0000009bcc300000,0x0000009bcc400000) (1024K)]
  0x000002041e7bd4b0 JavaThread "Handler for socket connection from /127.0.0.1:55291 to /127.0.0.1:55292"        [_thread_in_native, id=19620, stack(0x0000009bcc400000,0x0000009bcc500000) (1024K)]
  0x000002041e7d29f0 JavaThread "Cancel handler"                    [_thread_blocked, id=6272, stack(0x0000009bcc500000,0x0000009bcc600000) (1024K)]
  0x000002041e587c70 JavaThread "Daemon worker"                     [_thread_blocked, id=11064, stack(0x0000009bcc600000,0x0000009bcc700000) (1024K)]
  0x000002041e5875e0 JavaThread "Asynchronous log dispatcher for DefaultDaemonConnection: socket connection from /127.0.0.1:55291 to /127.0.0.1:55292"        [_thread_blocked, id=5936, stack(0x0000009bcc700000,0x0000009bcc800000) (1024K)]
  0x000002041e586230 JavaThread "Stdin handler"                     [_thread_blocked, id=12668, stack(0x0000009bcc800000,0x0000009bcc900000) (1024K)]
  0x000002041e588300 JavaThread "Daemon client event forwarder"        [_thread_blocked, id=20912, stack(0x0000009bcc900000,0x0000009bcca00000) (1024K)]
  0x000002041e588990 JavaThread "Cache worker for journal cache (C:\Users\Haqii\.gradle\caches\journal-1)"        [_thread_blocked, id=23008, stack(0x0000009bcca00000,0x0000009bccb00000) (1024K)]
  0x000002041e585510 JavaThread "File lock request listener"        [_thread_in_native, id=23100, stack(0x0000009bccb00000,0x0000009bccc00000) (1024K)]
  0x000002041e5868c0 JavaThread "Cache worker for file hash cache (C:\Users\Haqii\.gradle\caches\8.13\fileHashes)"        [_thread_blocked, id=5880, stack(0x0000009bccc00000,0x0000009bccd00000) (1024K)]
  0x000002041e586f50 JavaThread "Cache worker for file hash cache (D:\KELAS-XI\Tugas Akhir Semester 1\MyApplication\.gradle\8.13\fileHashes)"        [_thread_blocked, id=2748, stack(0x0000009bcd300000,0x0000009bcd400000) (1024K)]
  0x000002041fbf8f10 JavaThread "Cache worker for Build Output Cleanup Cache (D:\KELAS-XI\Tugas Akhir Semester 1\MyApplication\.gradle\buildOutputCleanup)"        [_thread_blocked, id=22988, stack(0x0000009bcd400000,0x0000009bcd500000) (1024K)]
  0x000002041fbfa2c0 JavaThread "File watcher server"        daemon [_thread_in_native, id=23024, stack(0x0000009bcd600000,0x0000009bcd700000) (1024K)]
  0x000002041fbf74d0 JavaThread "File watcher consumer"      daemon [_thread_blocked, id=23140, stack(0x0000009bcd700000,0x0000009bcd800000) (1024K)]
  0x000002041fbfafe0 JavaThread "Cache worker for checksums cache (D:\KELAS-XI\Tugas Akhir Semester 1\MyApplication\.gradle\8.13\checksums)"        [_thread_blocked, id=16424, stack(0x0000009bcd800000,0x0000009bcd900000) (1024K)]
  0x000002041fbfb670 JavaThread "Cache worker for file content cache (C:\Users\Haqii\.gradle\caches\8.13\fileContent)"        [_thread_blocked, id=22212, stack(0x0000009bcd900000,0x0000009bcda00000) (1024K)]
  0x000002041fbf81f0 JavaThread "Cache worker for cache directory md-supplier (C:\Users\Haqii\.gradle\caches\8.13\md-supplier)"        [_thread_blocked, id=16932, stack(0x0000009bcda00000,0x0000009bcdb00000) (1024K)]
  0x000002041fbfbd00 JavaThread "Cache worker for cache directory md-rule (C:\Users\Haqii\.gradle\caches\8.13\md-rule)"        [_thread_blocked, id=21612, stack(0x0000009bcdb00000,0x0000009bcdc00000) (1024K)]
  0x000002041fbfd0b0 JavaThread "Unconstrained build operations"        [_thread_blocked, id=22400, stack(0x0000009bcdc00000,0x0000009bcdd00000) (1024K)]
  0x000002041fbf9c30 JavaThread "Unconstrained build operations Thread 2"        [_thread_blocked, id=18956, stack(0x0000009bcdd00000,0x0000009bcde00000) (1024K)]
  0x000002041fbfd740 JavaThread "Unconstrained build operations Thread 3"        [_thread_blocked, id=11180, stack(0x0000009bcde00000,0x0000009bcdf00000) (1024K)]
  0x000002041fbfddd0 JavaThread "Unconstrained build operations Thread 4"        [_thread_blocked, id=19780, stack(0x0000009bcdf00000,0x0000009bce000000) (1024K)]
  0x000002041fbfe460 JavaThread "Unconstrained build operations Thread 5"        [_thread_blocked, id=10296, stack(0x0000009bce000000,0x0000009bce100000) (1024K)]
  0x000002041d72a020 JavaThread "Unconstrained build operations Thread 6"        [_thread_blocked, id=23032, stack(0x0000009bce100000,0x0000009bce200000) (1024K)]
  0x000002041d72a6b0 JavaThread "Unconstrained build operations Thread 7"        [_thread_blocked, id=14664, stack(0x0000009bce200000,0x0000009bce300000) (1024K)]
  0x000002041d729300 JavaThread "Unconstrained build operations Thread 8"        [_thread_blocked, id=8556, stack(0x0000009bce300000,0x0000009bce400000) (1024K)]
  0x000002041d72c0f0 JavaThread "Unconstrained build operations Thread 9"        [_thread_blocked, id=18616, stack(0x0000009bce400000,0x0000009bce500000) (1024K)]
  0x000002041d729990 JavaThread "Unconstrained build operations Thread 10"        [_thread_blocked, id=19912, stack(0x0000009bce500000,0x0000009bce600000) (1024K)]
  0x000002041d72ad40 JavaThread "Unconstrained build operations Thread 11"        [_thread_blocked, id=15576, stack(0x0000009bce600000,0x0000009bce700000) (1024K)]
  0x000002041d72b3d0 JavaThread "Unconstrained build operations Thread 12"        [_thread_blocked, id=13316, stack(0x0000009bce700000,0x0000009bce800000) (1024K)]
  0x000002041d72ba60 JavaThread "Unconstrained build operations Thread 13"        [_thread_blocked, id=17112, stack(0x0000009bce800000,0x0000009bce900000) (1024K)]
  0x000002041d728c70 JavaThread "Unconstrained build operations Thread 14"        [_thread_blocked, id=22264, stack(0x0000009bce900000,0x0000009bcea00000) (1024K)]
  0x000002041d72e850 JavaThread "Unconstrained build operations Thread 15"        [_thread_blocked, id=16888, stack(0x0000009bcea00000,0x0000009bceb00000) (1024K)]
  0x000002041d72c780 JavaThread "Unconstrained build operations Thread 16"        [_thread_blocked, id=20124, stack(0x0000009bceb00000,0x0000009bcec00000) (1024K)]
  0x000002041d72f570 JavaThread "Unconstrained build operations Thread 17"        [_thread_blocked, id=16556, stack(0x0000009bcec00000,0x0000009bced00000) (1024K)]
  0x000002041d72d4a0 JavaThread "Unconstrained build operations Thread 18"        [_thread_blocked, id=22032, stack(0x0000009bced00000,0x0000009bcee00000) (1024K)]
  0x000002041d72ce10 JavaThread "Unconstrained build operations Thread 19"        [_thread_blocked, id=22944, stack(0x0000009bcee00000,0x0000009bcef00000) (1024K)]
  0x000002041d72eee0 JavaThread "Unconstrained build operations Thread 20"        [_thread_blocked, id=22992, stack(0x0000009bcef00000,0x0000009bcf000000) (1024K)]
  0x000002041d72fc00 JavaThread "Unconstrained build operations Thread 21"        [_thread_blocked, id=22996, stack(0x0000009bcf000000,0x0000009bcf100000) (1024K)]
  0x000002041d72db30 JavaThread "Unconstrained build operations Thread 22"        [_thread_blocked, id=23020, stack(0x0000009bcf100000,0x0000009bcf200000) (1024K)]
  0x000002041d730290 JavaThread "Unconstrained build operations Thread 23"        [_thread_blocked, id=23060, stack(0x0000009bcf200000,0x0000009bcf300000) (1024K)]
  0x000002041d72e1c0 JavaThread "Unconstrained build operations Thread 24"        [_thread_blocked, id=23076, stack(0x0000009bcf300000,0x0000009bcf400000) (1024K)]
  0x000002041fb73060 JavaThread "Unconstrained build operations Thread 25"        [_thread_blocked, id=23080, stack(0x0000009bcf400000,0x0000009bcf500000) (1024K)]
  0x000002041fb72340 JavaThread "Unconstrained build operations Thread 26"        [_thread_blocked, id=23072, stack(0x0000009bcf500000,0x0000009bcf600000) (1024K)]
  0x000002041fb70900 JavaThread "Unconstrained build operations Thread 27"        [_thread_blocked, id=23160, stack(0x0000009bcf600000,0x0000009bcf700000) (1024K)]
  0x000002041fb71620 JavaThread "Unconstrained build operations Thread 28"        [_thread_blocked, id=23168, stack(0x0000009bcf700000,0x0000009bcf800000) (1024K)]
  0x000002041fb70f90 JavaThread "Unconstrained build operations Thread 29"        [_thread_blocked, id=23176, stack(0x0000009bcf800000,0x0000009bcf900000) (1024K)]
  0x000002041fb71cb0 JavaThread "Unconstrained build operations Thread 30"        [_thread_blocked, id=23120, stack(0x0000009bcf900000,0x0000009bcfa00000) (1024K)]
  0x000002041fb6fbe0 JavaThread "Unconstrained build operations Thread 31"        [_thread_blocked, id=23112, stack(0x0000009bcfa00000,0x0000009bcfb00000) (1024K)]
  0x000002041fb729d0 JavaThread "Unconstrained build operations Thread 32"        [_thread_blocked, id=23148, stack(0x0000009bcfb00000,0x0000009bcfc00000) (1024K)]
  0x000002041fb70270 JavaThread "Unconstrained build operations Thread 33"        [_thread_blocked, id=23144, stack(0x0000009bcfc00000,0x0000009bcfd00000) (1024K)]
  0x00000204227076d0 JavaThread "Unconstrained build operations Thread 34"        [_thread_blocked, id=23056, stack(0x0000009bcfd00000,0x0000009bcfe00000) (1024K)]
  0x0000020422707040 JavaThread "Unconstrained build operations Thread 35"        [_thread_blocked, id=23184, stack(0x0000009bcfe00000,0x0000009bcff00000) (1024K)]
  0x0000020422707d60 JavaThread "Unconstrained build operations Thread 36"        [_thread_blocked, id=17524, stack(0x0000009bcff00000,0x0000009bd0000000) (1024K)]
  0x00000204227069b0 JavaThread "Unconstrained build operations Thread 37"        [_thread_blocked, id=22624, stack(0x0000009bd0000000,0x0000009bd0100000) (1024K)]
  0x0000020422706320 JavaThread "Unconstrained build operations Thread 38"        [_thread_blocked, id=15544, stack(0x0000009bd0100000,0x0000009bd0200000) (1024K)]
  0x000002042270b870 JavaThread "Unconstrained build operations Thread 39"        [_thread_blocked, id=10660, stack(0x0000009bd0200000,0x0000009bd0300000) (1024K)]
  0x0000020422708a80 JavaThread "Unconstrained build operations Thread 40"        [_thread_blocked, id=20608, stack(0x0000009bd0300000,0x0000009bd0400000) (1024K)]
  0x00000204227097a0 JavaThread "Unconstrained build operations Thread 41"        [_thread_blocked, id=22188, stack(0x0000009bd0400000,0x0000009bd0500000) (1024K)]
  0x0000020422709e30 JavaThread "Unconstrained build operations Thread 42"        [_thread_blocked, id=22388, stack(0x0000009bd0500000,0x0000009bd0600000) (1024K)]
  0x00000204227083f0 JavaThread "Unconstrained build operations Thread 43"        [_thread_blocked, id=22088, stack(0x0000009bd0600000,0x0000009bd0700000) (1024K)]
  0x000002042270bf00 JavaThread "Unconstrained build operations Thread 44"        [_thread_blocked, id=17784, stack(0x0000009bd0700000,0x0000009bd0800000) (1024K)]
  0x000002042270a4c0 JavaThread "Unconstrained build operations Thread 45"        [_thread_blocked, id=14376, stack(0x0000009bd0800000,0x0000009bd0900000) (1024K)]
  0x0000020422709110 JavaThread "Memory manager"                    [_thread_blocked, id=19136, stack(0x0000009bcb500000,0x0000009bcb600000) (1024K)]
  0x00000204213f4a20 JavaThread "build event listener"              [_thread_blocked, id=1480, stack(0x0000009bcd500000,0x0000009bcd600000) (1024K)]
Total: 83

Other Threads:
=>0x00000203d70780d0 VMThread "VM Thread"                           [id=5052, stack(0x0000009bca800000,0x0000009bca900000) (1024K)]
  0x00000203d7067ce0 WatcherThread "VM Periodic Task Thread"        [id=13520, stack(0x0000009bca700000,0x0000009bca800000) (1024K)]
  0x00000203beecb3a0 WorkerThread "GC Thread#0"                     [id=19664, stack(0x0000009bca200000,0x0000009bca300000) (1024K)]
  0x00000203d79ab120 WorkerThread "GC Thread#1"                     [id=23388, stack(0x0000009bcb800000,0x0000009bcb900000) (1024K)]
  0x00000203d79ab4d0 WorkerThread "GC Thread#2"                     [id=23472, stack(0x0000009bcb900000,0x0000009bcba00000) (1024K)]
  0x00000203d78dc8c0 WorkerThread "GC Thread#3"                     [id=16992, stack(0x0000009bcba00000,0x0000009bcbb00000) (1024K)]
  0x00000203d78dcc70 WorkerThread "GC Thread#4"                     [id=20268, stack(0x0000009bcbb00000,0x0000009bcbc00000) (1024K)]
  0x000002041e6708e0 WorkerThread "GC Thread#5"                     [id=22720, stack(0x0000009bcb600000,0x0000009bcb700000) (1024K)]
  0x000002041e670c90 WorkerThread "GC Thread#6"                     [id=22716, stack(0x0000009bcb700000,0x0000009bcb800000) (1024K)]
  0x000002041e671040 WorkerThread "GC Thread#7"                     [id=18576, stack(0x0000009bcbe00000,0x0000009bcbf00000) (1024K)]
  0x000002041e671c00 WorkerThread "GC Thread#8"                     [id=22612, stack(0x0000009bcbf00000,0x0000009bcc000000) (1024K)]
  0x000002041ead6ba0 WorkerThread "GC Thread#9"                     [id=21428, stack(0x0000009bccd00000,0x0000009bcce00000) (1024K)]
  0x000002041ead6090 WorkerThread "GC Thread#10"                    [id=4244, stack(0x0000009bcce00000,0x0000009bccf00000) (1024K)]
  0x000002041ead81c0 WorkerThread "GC Thread#11"                    [id=19820, stack(0x0000009bccf00000,0x0000009bcd000000) (1024K)]
  0x000002041ead9080 WorkerThread "GC Thread#12"                    [id=3256, stack(0x0000009bcd000000,0x0000009bcd100000) (1024K)]
  0x00000203beedd2b0 ConcurrentGCThread "G1 Main Marker"            [id=23368, stack(0x0000009bca300000,0x0000009bca400000) (1024K)]
  0x00000203beedfa00 WorkerThread "G1 Conc#0"                       [id=23304, stack(0x0000009bca400000,0x0000009bca500000) (1024K)]
  0x000002041ead8570 WorkerThread "G1 Conc#1"                       [id=20904, stack(0x0000009bcd100000,0x0000009bcd200000) (1024K)]
  0x000002041ead9430 WorkerThread "G1 Conc#2"                       [id=5684, stack(0x0000009bcd200000,0x0000009bcd300000) (1024K)]
  0x00000203d6fb4f50 ConcurrentGCThread "G1 Refine#0"               [id=16316, stack(0x0000009bca500000,0x0000009bca600000) (1024K)]
  0x00000203d6fb5780 ConcurrentGCThread "G1 Service"                [id=19344, stack(0x0000009bca600000,0x0000009bca700000) (1024K)]
Total: 21

Threads with active compile tasks:
C2 CompilerThread0  13309 11707       4       org.gradle.internal.reflect.ClassInspector::inspectClass (179 bytes)
Total: 1

VM state: at safepoint (normal execution)

VM Mutex/Monitor currently owned by a thread:  ([mutex/lock_event])
[0x00007fff9ea5e560] Threads_lock - owner thread: 0x00000203d70780d0
[0x00007fff9ea5e660] Heap_lock - owner thread: 0x000002041e587c70

Heap address: 0x0000000080000000, size: 2048 MB, Compressed Oops mode: 32-bit

CDS archive(s) mapped at: [0x00000203d8000000-0x00000203d8ba0000-0x00000203d8ba0000), size 12189696, SharedBaseAddress: 0x00000203d8000000, ArchiveRelocationMode: 1.
Compressed class space mapped at: 0x00000203d9000000-0x0000020419000000, reserved size: 1073741824
Narrow klass base: 0x00000203d8000000, Narrow klass shift: 0, Narrow klass range: 0x100000000

GC Precious Log:
 CardTable entry size: 512
 Card Set container configuration: InlinePtr #cards 5 size 8 Array Of Cards #cards 12 size 40 Howl #buckets 4 coarsen threshold 1843 Howl Bitmap #cards 512 size 80 coarsen threshold 460 Card regions per heap region 1 cards per card region 2048
 CPUs: 16 total, 16 available
 Memory: 15613M
 Large Page Support: Disabled
 NUMA Support: Disabled
 Compressed Oops: Enabled (32-bit)
 Heap Region Size: 1M
 Heap Min Capacity: 8M
 Heap Initial Capacity: 244M
 Heap Max Capacity: 2G
 Pre-touch: Disabled
 Parallel Workers: 13
 Concurrent Workers: 3
 Concurrent Refinement Workers: 13
 Periodic GC: Disabled

Heap:
 garbage-first heap   total 172032K, used 95052K [0x0000000080000000, 0x0000000100000000)
  region size 1024K, 3 young (3072K), 3 survivors (3072K)
 Metaspace       used 87755K, committed 89856K, reserved 1179648K
  class space    used 12429K, committed 13504K, reserved 1048576K

Heap Regions: E=young(eden), S=young(survivor), O=old, HS=humongous(starts), HC=humongous(continues), CS=collection set, F=free, TAMS=top-at-mark-start, PB=parsable bottom
|   0|0x0000000080000000, 0x0000000080100000, 0x0000000080100000|100%|HS|  |TAMS 0x0000000080000000| PB 0x0000000080000000| Complete 
|   1|0x0000000080100000, 0x0000000080200000, 0x0000000080200000|100%|HC|  |TAMS 0x0000000080100000| PB 0x0000000080100000| Complete 
|   2|0x0000000080200000, 0x0000000080300000, 0x0000000080300000|100%|HC|  |TAMS 0x0000000080200000| PB 0x0000000080200000| Complete 
|   3|0x0000000080300000, 0x0000000080400000, 0x0000000080400000|100%| O|  |TAMS 0x0000000080300000| PB 0x0000000080300000| Untracked 
|   4|0x0000000080400000, 0x0000000080500000, 0x0000000080500000|100%| O|  |TAMS 0x0000000080400000| PB 0x0000000080400000| Untracked 
|   5|0x0000000080500000, 0x0000000080600000, 0x0000000080600000|100%| O|  |TAMS 0x0000000080500000| PB 0x0000000080500000| Untracked 
|   6|0x0000000080600000, 0x0000000080700000, 0x0000000080700000|100%|HS|  |TAMS 0x0000000080600000| PB 0x0000000080600000| Complete 
|   7|0x0000000080700000, 0x0000000080800000, 0x0000000080800000|100%| O|  |TAMS 0x0000000080700000| PB 0x0000000080700000| Untracked 
|   8|0x0000000080800000, 0x0000000080900000, 0x0000000080900000|100%| O|  |TAMS 0x0000000080800000| PB 0x0000000080800000| Untracked 
|   9|0x0000000080900000, 0x0000000080a00000, 0x0000000080a00000|100%| O|  |TAMS 0x0000000080900000| PB 0x0000000080900000| Untracked 
|  10|0x0000000080a00000, 0x0000000080b00000, 0x0000000080b00000|100%| O|  |TAMS 0x0000000080a00000| PB 0x0000000080a00000| Untracked 
|  11|0x0000000080b00000, 0x0000000080c00000, 0x0000000080c00000|100%| O|  |TAMS 0x0000000080b00000| PB 0x0000000080b00000| Untracked 
|  12|0x0000000080c00000, 0x0000000080d00000, 0x0000000080d00000|100%| O|  |TAMS 0x0000000080c00000| PB 0x0000000080c00000| Untracked 
|  13|0x0000000080d00000, 0x0000000080e00000, 0x0000000080e00000|100%| O|  |TAMS 0x0000000080d00000| PB 0x0000000080d00000| Untracked 
|  14|0x0000000080e00000, 0x0000000080f00000, 0x0000000080f00000|100%| O|  |TAMS 0x0000000080e00000| PB 0x0000000080e00000| Untracked 
|  15|0x0000000080f00000, 0x0000000081000000, 0x0000000081000000|100%| O|  |TAMS 0x0000000080f00000| PB 0x0000000080f00000| Untracked 
|  16|0x0000000081000000, 0x0000000081100000, 0x0000000081100000|100%| O|  |TAMS 0x0000000081000000| PB 0x0000000081000000| Untracked 
|  17|0x0000000081100000, 0x0000000081200000, 0x0000000081200000|100%| O|  |TAMS 0x0000000081100000| PB 0x0000000081100000| Untracked 
|  18|0x0000000081200000, 0x0000000081300000, 0x0000000081300000|100%| O|  |TAMS 0x0000000081200000| PB 0x0000000081200000| Untracked 
|  19|0x0000000081300000, 0x0000000081400000, 0x0000000081400000|100%| O|  |TAMS 0x0000000081300000| PB 0x0000000081300000| Untracked 
|  20|0x0000000081400000, 0x0000000081500000, 0x0000000081500000|100%| O|  |TAMS 0x0000000081400000| PB 0x0000000081400000| Untracked 
|  21|0x0000000081500000, 0x0000000081600000, 0x0000000081600000|100%| O|  |TAMS 0x0000000081500000| PB 0x0000000081500000| Untracked 
|  22|0x0000000081600000, 0x0000000081700000, 0x0000000081700000|100%| O|  |TAMS 0x0000000081600000| PB 0x0000000081600000| Untracked 
|  23|0x0000000081700000, 0x0000000081800000, 0x0000000081800000|100%| O|  |TAMS 0x0000000081700000| PB 0x0000000081700000| Untracked 
|  24|0x0000000081800000, 0x0000000081900000, 0x0000000081900000|100%| O|  |TAMS 0x0000000081800000| PB 0x0000000081800000| Untracked 
|  25|0x0000000081900000, 0x0000000081a00000, 0x0000000081a00000|100%| O|  |TAMS 0x0000000081900000| PB 0x0000000081900000| Untracked 
|  26|0x0000000081a00000, 0x0000000081b00000, 0x0000000081b00000|100%| O|  |TAMS 0x0000000081a00000| PB 0x0000000081a00000| Untracked 
|  27|0x0000000081b00000, 0x0000000081c00000, 0x0000000081c00000|100%| O|  |TAMS 0x0000000081b00000| PB 0x0000000081b00000| Untracked 
|  28|0x0000000081c00000, 0x0000000081d00000, 0x0000000081d00000|100%| O|  |TAMS 0x0000000081c00000| PB 0x0000000081c00000| Untracked 
|  29|0x0000000081d00000, 0x0000000081e00000, 0x0000000081e00000|100%| O|  |TAMS 0x0000000081d00000| PB 0x0000000081d00000| Untracked 
|  30|0x0000000081e00000, 0x0000000081f00000, 0x0000000081f00000|100%| O|  |TAMS 0x0000000081e00000| PB 0x0000000081e00000| Untracked 
|  31|0x0000000081f00000, 0x0000000082000000, 0x0000000082000000|100%| O|  |TAMS 0x0000000081f00000| PB 0x0000000081f00000| Untracked 
|  32|0x0000000082000000, 0x0000000082100000, 0x0000000082100000|100%| O|  |TAMS 0x0000000082000000| PB 0x0000000082000000| Untracked 
|  33|0x0000000082100000, 0x0000000082200000, 0x0000000082200000|100%| O|  |TAMS 0x0000000082100000| PB 0x0000000082100000| Untracked 
|  34|0x0000000082200000, 0x0000000082300000, 0x0000000082300000|100%| O|  |TAMS 0x0000000082200000| PB 0x0000000082200000| Untracked 
|  35|0x0000000082300000, 0x0000000082400000, 0x0000000082400000|100%| O|  |TAMS 0x0000000082300000| PB 0x0000000082300000| Untracked 
|  36|0x0000000082400000, 0x0000000082500000, 0x0000000082500000|100%| O|  |TAMS 0x0000000082400000| PB 0x0000000082400000| Untracked 
|  37|0x0000000082500000, 0x0000000082600000, 0x0000000082600000|100%| O|  |TAMS 0x0000000082500000| PB 0x0000000082500000| Untracked 
|  38|0x0000000082600000, 0x0000000082700000, 0x0000000082700000|100%| O|  |TAMS 0x0000000082600000| PB 0x0000000082600000| Untracked 
|  39|0x0000000082700000, 0x0000000082800000, 0x0000000082800000|100%|HS|  |TAMS 0x0000000082700000| PB 0x0000000082700000| Complete 
|  40|0x0000000082800000, 0x0000000082900000, 0x0000000082900000|100%|HS|  |TAMS 0x0000000082800000| PB 0x0000000082800000| Complete 
|  41|0x0000000082900000, 0x0000000082a00000, 0x0000000082a00000|100%| O|  |TAMS 0x0000000082900000| PB 0x0000000082900000| Untracked 
|  42|0x0000000082a00000, 0x0000000082b00000, 0x0000000082b00000|100%|HS|  |TAMS 0x0000000082a00000| PB 0x0000000082a00000| Complete 
|  43|0x0000000082b00000, 0x0000000082c00000, 0x0000000082c00000|100%|HC|  |TAMS 0x0000000082b00000| PB 0x0000000082b00000| Complete 
|  44|0x0000000082c00000, 0x0000000082d00000, 0x0000000082d00000|100%|HS|  |TAMS 0x0000000082c00000| PB 0x0000000082c00000| Complete 
|  45|0x0000000082d00000, 0x0000000082e00000, 0x0000000082e00000|100%|HS|  |TAMS 0x0000000082d00000| PB 0x0000000082d00000| Complete 
|  46|0x0000000082e00000, 0x0000000082f00000, 0x0000000082f00000|100%| O|  |TAMS 0x0000000082e00000| PB 0x0000000082e00000| Untracked 
|  47|0x0000000082f00000, 0x0000000083000000, 0x0000000083000000|100%|HS|  |TAMS 0x0000000082f00000| PB 0x0000000082f00000| Complete 
|  48|0x0000000083000000, 0x0000000083100000, 0x0000000083100000|100%|HC|  |TAMS 0x0000000083000000| PB 0x0000000083000000| Complete 
|  49|0x0000000083100000, 0x0000000083200000, 0x0000000083200000|100%| O|  |TAMS 0x0000000083100000| PB 0x0000000083100000| Untracked 
|  50|0x0000000083200000, 0x0000000083300000, 0x0000000083300000|100%| O|  |TAMS 0x0000000083200000| PB 0x0000000083200000| Untracked 
|  51|0x0000000083300000, 0x0000000083400000, 0x0000000083400000|100%|HS|  |TAMS 0x0000000083300000| PB 0x0000000083300000| Complete 
|  52|0x0000000083400000, 0x0000000083500000, 0x0000000083500000|100%|HS|  |TAMS 0x0000000083400000| PB 0x0000000083400000| Complete 
|  53|0x0000000083500000, 0x0000000083600000, 0x0000000083600000|100%| O|  |TAMS 0x0000000083500000| PB 0x0000000083500000| Untracked 
|  54|0x0000000083600000, 0x0000000083700000, 0x0000000083700000|100%| O|  |TAMS 0x0000000083600000| PB 0x0000000083600000| Untracked 
|  55|0x0000000083700000, 0x0000000083800000, 0x0000000083800000|100%| O|  |TAMS 0x0000000083700000| PB 0x0000000083700000| Untracked 
|  56|0x0000000083800000, 0x0000000083900000, 0x0000000083900000|100%| O|  |TAMS 0x0000000083800000| PB 0x0000000083800000| Untracked 
|  57|0x0000000083900000, 0x0000000083a00000, 0x0000000083a00000|100%| O|  |TAMS 0x0000000083900000| PB 0x0000000083900000| Untracked 
|  58|0x0000000083a00000, 0x0000000083b00000, 0x0000000083b00000|100%|HS|  |TAMS 0x0000000083a00000| PB 0x0000000083a00000| Complete 
|  59|0x0000000083b00000, 0x0000000083c00000, 0x0000000083c00000|100%|HC|  |TAMS 0x0000000083b00000| PB 0x0000000083b00000| Complete 
|  60|0x0000000083c00000, 0x0000000083d00000, 0x0000000083d00000|100%|HC|  |TAMS 0x0000000083c00000| PB 0x0000000083c00000| Complete 
|  61|0x0000000083d00000, 0x0000000083e00000, 0x0000000083e00000|100%| O|  |TAMS 0x0000000083d00000| PB 0x0000000083d00000| Untracked 
|  62|0x0000000083e00000, 0x0000000083f00000, 0x0000000083f00000|100%| O|  |TAMS 0x0000000083e00000| PB 0x0000000083e00000| Untracked 
|  63|0x0000000083f00000, 0x0000000084000000, 0x0000000084000000|100%| O|  |TAMS 0x0000000083f00000| PB 0x0000000083f00000| Untracked 
|  64|0x0000000084000000, 0x0000000084100000, 0x0000000084100000|100%|HS|  |TAMS 0x0000000084000000| PB 0x0000000084000000| Complete 
|  65|0x0000000084100000, 0x0000000084200000, 0x0000000084200000|100%| O|  |TAMS 0x0000000084100000| PB 0x0000000084100000| Untracked 
|  66|0x0000000084200000, 0x0000000084300000, 0x0000000084300000|100%|HS|  |TAMS 0x0000000084200000| PB 0x0000000084200000| Complete 
|  67|0x0000000084300000, 0x0000000084400000, 0x0000000084400000|100%|HC|  |TAMS 0x0000000084300000| PB 0x0000000084300000| Complete 
|  68|0x0000000084400000, 0x0000000084500000, 0x0000000084500000|100%|HC|  |TAMS 0x0000000084400000| PB 0x0000000084400000| Complete 
|  69|0x0000000084500000, 0x0000000084600000, 0x0000000084600000|100%| O|  |TAMS 0x0000000084500000| PB 0x0000000084500000| Untracked 
|  70|0x0000000084600000, 0x0000000084700000, 0x0000000084700000|100%| O|  |TAMS 0x0000000084600000| PB 0x0000000084600000| Untracked 
|  71|0x0000000084700000, 0x0000000084800000, 0x0000000084800000|100%| O|  |TAMS 0x0000000084700000| PB 0x0000000084700000| Untracked 
|  72|0x0000000084800000, 0x0000000084900000, 0x0000000084900000|100%| O|  |TAMS 0x0000000084800000| PB 0x0000000084800000| Untracked 
|  73|0x0000000084900000, 0x0000000084a00000, 0x0000000084a00000|100%| O|  |TAMS 0x0000000084900000| PB 0x0000000084900000| Untracked 
|  74|0x0000000084a00000, 0x0000000084b00000, 0x0000000084b00000|100%| O|  |TAMS 0x0000000084a00000| PB 0x0000000084a00000| Untracked 
|  75|0x0000000084b00000, 0x0000000084c00000, 0x0000000084c00000|100%| O|  |TAMS 0x0000000084b00000| PB 0x0000000084b00000| Untracked 
|  76|0x0000000084c00000, 0x0000000084cea9a0, 0x0000000084d00000| 91%| O|  |TAMS 0x0000000084c00000| PB 0x0000000084c00000| Untracked 
|  77|0x0000000084d00000, 0x0000000084d00000, 0x0000000084e00000|  0%| F|  |TAMS 0x0000000084d00000| PB 0x0000000084d00000| Untracked 
|  78|0x0000000084e00000, 0x0000000084f00000, 0x0000000084f00000|100%| O|  |TAMS 0x0000000084e00000| PB 0x0000000084e00000| Untracked 
|  79|0x0000000084f00000, 0x0000000085000000, 0x0000000085000000|100%| O|  |TAMS 0x0000000084f00000| PB 0x0000000084f00000| Untracked 
|  80|0x0000000085000000, 0x0000000085000000, 0x0000000085100000|  0%| F|  |TAMS 0x0000000085000000| PB 0x0000000085000000| Untracked 
|  81|0x0000000085100000, 0x0000000085100000, 0x0000000085200000|  0%| F|  |TAMS 0x0000000085100000| PB 0x0000000085100000| Untracked 
|  82|0x0000000085200000, 0x0000000085200000, 0x0000000085300000|  0%| F|  |TAMS 0x0000000085200000| PB 0x0000000085200000| Untracked 
|  83|0x0000000085300000, 0x0000000085300000, 0x0000000085400000|  0%| F|  |TAMS 0x0000000085300000| PB 0x0000000085300000| Untracked 
|  84|0x0000000085400000, 0x0000000085400000, 0x0000000085500000|  0%| F|  |TAMS 0x0000000085400000| PB 0x0000000085400000| Untracked 
|  85|0x0000000085500000, 0x0000000085500000, 0x0000000085600000|  0%| F|  |TAMS 0x0000000085500000| PB 0x0000000085500000| Untracked 
|  86|0x0000000085600000, 0x00000000856e89a0, 0x0000000085700000| 90%| S|CS|TAMS 0x0000000085600000| PB 0x0000000085600000| Complete 
|  87|0x0000000085700000, 0x0000000085800000, 0x0000000085800000|100%| S|CS|TAMS 0x0000000085700000| PB 0x0000000085700000| Complete 
|  88|0x0000000085800000, 0x0000000085900000, 0x0000000085900000|100%| S|CS|TAMS 0x0000000085800000| PB 0x0000000085800000| Complete 
|  89|0x0000000085900000, 0x0000000085900000, 0x0000000085a00000|  0%| F|  |TAMS 0x0000000085900000| PB 0x0000000085900000| Untracked 
|  90|0x0000000085a00000, 0x0000000085a00000, 0x0000000085b00000|  0%| F|  |TAMS 0x0000000085a00000| PB 0x0000000085a00000| Untracked 
|  91|0x0000000085b00000, 0x0000000085b00000, 0x0000000085c00000|  0%| F|  |TAMS 0x0000000085b00000| PB 0x0000000085b00000| Untracked 
|  92|0x0000000085c00000, 0x0000000085c00000, 0x0000000085d00000|  0%| F|  |TAMS 0x0000000085c00000| PB 0x0000000085c00000| Untracked 
|  93|0x0000000085d00000, 0x0000000085d00000, 0x0000000085e00000|  0%| F|  |TAMS 0x0000000085d00000| PB 0x0000000085d00000| Untracked 
|  94|0x0000000085e00000, 0x0000000085e00000, 0x0000000085f00000|  0%| F|  |TAMS 0x0000000085e00000| PB 0x0000000085e00000| Untracked 
|  95|0x0000000085f00000, 0x0000000085f00000, 0x0000000086000000|  0%| F|  |TAMS 0x0000000085f00000| PB 0x0000000085f00000| Untracked 
|  96|0x0000000086000000, 0x0000000086000000, 0x0000000086100000|  0%| F|  |TAMS 0x0000000086000000| PB 0x0000000086000000| Untracked 
|  97|0x0000000086100000, 0x0000000086100000, 0x0000000086200000|  0%| F|  |TAMS 0x0000000086100000| PB 0x0000000086100000| Untracked 
|  98|0x0000000086200000, 0x0000000086200000, 0x0000000086300000|  0%| F|  |TAMS 0x0000000086200000| PB 0x0000000086200000| Untracked 
|  99|0x0000000086300000, 0x0000000086300000, 0x0000000086400000|  0%| F|  |TAMS 0x0000000086300000| PB 0x0000000086300000| Untracked 
| 100|0x0000000086400000, 0x0000000086400000, 0x0000000086500000|  0%| F|  |TAMS 0x0000000086400000| PB 0x0000000086400000| Untracked 
| 101|0x0000000086500000, 0x0000000086500000, 0x0000000086600000|  0%| F|  |TAMS 0x0000000086500000| PB 0x0000000086500000| Untracked 
| 102|0x0000000086600000, 0x0000000086600000, 0x0000000086700000|  0%| F|  |TAMS 0x0000000086600000| PB 0x0000000086600000| Untracked 
| 103|0x0000000086700000, 0x0000000086700000, 0x0000000086800000|  0%| F|  |TAMS 0x0000000086700000| PB 0x0000000086700000| Untracked 
| 104|0x0000000086800000, 0x0000000086800000, 0x0000000086900000|  0%| F|  |TAMS 0x0000000086800000| PB 0x0000000086800000| Untracked 
| 105|0x0000000086900000, 0x0000000086900000, 0x0000000086a00000|  0%| F|  |TAMS 0x0000000086900000| PB 0x0000000086900000| Untracked 
| 106|0x0000000086a00000, 0x0000000086a00000, 0x0000000086b00000|  0%| F|  |TAMS 0x0000000086a00000| PB 0x0000000086a00000| Untracked 
| 107|0x0000000086b00000, 0x0000000086b00000, 0x0000000086c00000|  0%| F|  |TAMS 0x0000000086b00000| PB 0x0000000086b00000| Untracked 
| 108|0x0000000086c00000, 0x0000000086c00000, 0x0000000086d00000|  0%| F|  |TAMS 0x0000000086c00000| PB 0x0000000086c00000| Untracked 
| 109|0x0000000086d00000, 0x0000000086d00000, 0x0000000086e00000|  0%| F|  |TAMS 0x0000000086d00000| PB 0x0000000086d00000| Untracked 
| 110|0x0000000086e00000, 0x0000000086e00000, 0x0000000086f00000|  0%| F|  |TAMS 0x0000000086e00000| PB 0x0000000086e00000| Untracked 
| 111|0x0000000086f00000, 0x0000000086f00000, 0x0000000087000000|  0%| F|  |TAMS 0x0000000086f00000| PB 0x0000000086f00000| Untracked 
| 112|0x0000000087000000, 0x0000000087000000, 0x0000000087100000|  0%| F|  |TAMS 0x0000000087000000| PB 0x0000000087000000| Untracked 
| 113|0x0000000087100000, 0x0000000087100000, 0x0000000087200000|  0%| F|  |TAMS 0x0000000087100000| PB 0x0000000087100000| Untracked 
| 114|0x0000000087200000, 0x0000000087200000, 0x0000000087300000|  0%| F|  |TAMS 0x0000000087200000| PB 0x0000000087200000| Untracked 
| 115|0x0000000087300000, 0x0000000087300000, 0x0000000087400000|  0%| F|  |TAMS 0x0000000087300000| PB 0x0000000087300000| Untracked 
| 116|0x0000000087400000, 0x0000000087400000, 0x0000000087500000|  0%| F|  |TAMS 0x0000000087400000| PB 0x0000000087400000| Untracked 
| 117|0x0000000087500000, 0x0000000087500000, 0x0000000087600000|  0%| F|  |TAMS 0x0000000087500000| PB 0x0000000087500000| Untracked 
| 118|0x0000000087600000, 0x0000000087600000, 0x0000000087700000|  0%| F|  |TAMS 0x0000000087600000| PB 0x0000000087600000| Untracked 
| 119|0x0000000087700000, 0x0000000087700000, 0x0000000087800000|  0%| F|  |TAMS 0x0000000087700000| PB 0x0000000087700000| Untracked 
| 120|0x0000000087800000, 0x0000000087800000, 0x0000000087900000|  0%| F|  |TAMS 0x0000000087800000| PB 0x0000000087800000| Untracked 
| 121|0x0000000087900000, 0x0000000087900000, 0x0000000087a00000|  0%| F|  |TAMS 0x0000000087900000| PB 0x0000000087900000| Untracked 
| 122|0x0000000087a00000, 0x0000000087a00000, 0x0000000087b00000|  0%| F|  |TAMS 0x0000000087a00000| PB 0x0000000087a00000| Untracked 
| 123|0x0000000087b00000, 0x0000000087b00000, 0x0000000087c00000|  0%| F|  |TAMS 0x0000000087b00000| PB 0x0000000087b00000| Untracked 
| 124|0x0000000087c00000, 0x0000000087c00000, 0x0000000087d00000|  0%| F|  |TAMS 0x0000000087c00000| PB 0x0000000087c00000| Untracked 
| 125|0x0000000087d00000, 0x0000000087d00000, 0x0000000087e00000|  0%| F|  |TAMS 0x0000000087d00000| PB 0x0000000087d00000| Untracked 
| 126|0x0000000087e00000, 0x0000000087e00000, 0x0000000087f00000|  0%| F|  |TAMS 0x0000000087e00000| PB 0x0000000087e00000| Untracked 
| 127|0x0000000087f00000, 0x0000000087f00000, 0x0000000088000000|  0%| F|  |TAMS 0x0000000087f00000| PB 0x0000000087f00000| Untracked 
| 128|0x0000000088000000, 0x0000000088000000, 0x0000000088100000|  0%| F|  |TAMS 0x0000000088000000| PB 0x0000000088000000| Untracked 
| 129|0x0000000088100000, 0x0000000088100000, 0x0000000088200000|  0%| F|  |TAMS 0x0000000088100000| PB 0x0000000088100000| Untracked 
| 130|0x0000000088200000, 0x0000000088200000, 0x0000000088300000|  0%| F|  |TAMS 0x0000000088200000| PB 0x0000000088200000| Untracked 
| 131|0x0000000088300000, 0x0000000088300000, 0x0000000088400000|  0%| F|  |TAMS 0x0000000088300000| PB 0x0000000088300000| Untracked 
| 132|0x0000000088400000, 0x0000000088400000, 0x0000000088500000|  0%| F|  |TAMS 0x0000000088400000| PB 0x0000000088400000| Untracked 
| 133|0x0000000088500000, 0x0000000088500000, 0x0000000088600000|  0%| F|  |TAMS 0x0000000088500000| PB 0x0000000088500000| Untracked 
| 134|0x0000000088600000, 0x0000000088600000, 0x0000000088700000|  0%| F|  |TAMS 0x0000000088600000| PB 0x0000000088600000| Untracked 
| 135|0x0000000088700000, 0x0000000088700000, 0x0000000088800000|  0%| F|  |TAMS 0x0000000088700000| PB 0x0000000088700000| Untracked 
| 136|0x0000000088800000, 0x0000000088800000, 0x0000000088900000|  0%| F|  |TAMS 0x0000000088800000| PB 0x0000000088800000| Untracked 
| 137|0x0000000088900000, 0x0000000088900000, 0x0000000088a00000|  0%| F|  |TAMS 0x0000000088900000| PB 0x0000000088900000| Untracked 
| 138|0x0000000088a00000, 0x0000000088a00000, 0x0000000088b00000|  0%| F|  |TAMS 0x0000000088a00000| PB 0x0000000088a00000| Untracked 
| 139|0x0000000088b00000, 0x0000000088b00000, 0x0000000088c00000|  0%| F|  |TAMS 0x0000000088b00000| PB 0x0000000088b00000| Untracked 
| 140|0x0000000088c00000, 0x0000000088c00000, 0x0000000088d00000|  0%| F|  |TAMS 0x0000000088c00000| PB 0x0000000088c00000| Untracked 
| 141|0x0000000088d00000, 0x0000000088d00000, 0x0000000088e00000|  0%| F|  |TAMS 0x0000000088d00000| PB 0x0000000088d00000| Untracked 
| 142|0x0000000088e00000, 0x0000000088e00000, 0x0000000088f00000|  0%| F|  |TAMS 0x0000000088e00000| PB 0x0000000088e00000| Untracked 
| 143|0x0000000088f00000, 0x0000000088f00000, 0x0000000089000000|  0%| F|  |TAMS 0x0000000088f00000| PB 0x0000000088f00000| Untracked 
| 144|0x0000000089000000, 0x0000000089000000, 0x0000000089100000|  0%| F|  |TAMS 0x0000000089000000| PB 0x0000000089000000| Untracked 
| 145|0x0000000089100000, 0x0000000089100000, 0x0000000089200000|  0%| F|  |TAMS 0x0000000089100000| PB 0x0000000089100000| Untracked 
| 146|0x0000000089200000, 0x0000000089200000, 0x0000000089300000|  0%| F|  |TAMS 0x0000000089200000| PB 0x0000000089200000| Untracked 
| 147|0x0000000089300000, 0x0000000089300000, 0x0000000089400000|  0%| F|  |TAMS 0x0000000089300000| PB 0x0000000089300000| Untracked 
| 148|0x0000000089400000, 0x0000000089400000, 0x0000000089500000|  0%| F|  |TAMS 0x0000000089400000| PB 0x0000000089400000| Untracked 
| 149|0x0000000089500000, 0x0000000089500000, 0x0000000089600000|  0%| F|  |TAMS 0x0000000089500000| PB 0x0000000089500000| Untracked 
| 150|0x0000000089600000, 0x0000000089600000, 0x0000000089700000|  0%| F|  |TAMS 0x0000000089600000| PB 0x0000000089600000| Untracked 
| 151|0x0000000089700000, 0x0000000089700000, 0x0000000089800000|  0%| F|  |TAMS 0x0000000089700000| PB 0x0000000089700000| Untracked 
| 243|0x000000008f300000, 0x000000008f300000, 0x000000008f400000|  0%| F|  |TAMS 0x000000008f300000| PB 0x000000008f300000| Untracked 
|2033|0x00000000ff100000, 0x00000000ff200000, 0x00000000ff200000|100%| O|  |TAMS 0x00000000ff100000| PB 0x00000000ff100000| Untracked 
|2034|0x00000000ff200000, 0x00000000ff300000, 0x00000000ff300000|100%| O|  |TAMS 0x00000000ff200000| PB 0x00000000ff200000| Untracked 
|2035|0x00000000ff300000, 0x00000000ff400000, 0x00000000ff400000|100%| O|  |TAMS 0x00000000ff300000| PB 0x00000000ff300000| Untracked 
|2036|0x00000000ff400000, 0x00000000ff500000, 0x00000000ff500000|100%| O|  |TAMS 0x00000000ff400000| PB 0x00000000ff400000| Untracked 
|2037|0x00000000ff500000, 0x00000000ff500000, 0x00000000ff600000|  0%| F|  |TAMS 0x00000000ff500000| PB 0x00000000ff500000| Untracked 
|2038|0x00000000ff600000, 0x00000000ff600000, 0x00000000ff700000|  0%| F|  |TAMS 0x00000000ff600000| PB 0x00000000ff600000| Untracked 
|2039|0x00000000ff700000, 0x00000000ff700000, 0x00000000ff800000|  0%| F|  |TAMS 0x00000000ff700000| PB 0x00000000ff700000| Untracked 
|2040|0x00000000ff800000, 0x00000000ff800000, 0x00000000ff900000|  0%| F|  |TAMS 0x00000000ff800000| PB 0x00000000ff800000| Untracked 
|2041|0x00000000ff900000, 0x00000000ffa00000, 0x00000000ffa00000|100%| O|  |TAMS 0x00000000ff900000| PB 0x00000000ff900000| Untracked 
|2042|0x00000000ffa00000, 0x00000000ffb00000, 0x00000000ffb00000|100%| O|  |TAMS 0x00000000ffa00000| PB 0x00000000ffa00000| Untracked 
|2043|0x00000000ffb00000, 0x00000000ffc00000, 0x00000000ffc00000|100%| O|  |TAMS 0x00000000ffb00000| PB 0x00000000ffb00000| Untracked 
|2044|0x00000000ffc00000, 0x00000000ffd00000, 0x00000000ffd00000|100%| O|  |TAMS 0x00000000ffc00000| PB 0x00000000ffc00000| Untracked 
|2045|0x00000000ffd00000, 0x00000000ffe00000, 0x00000000ffe00000|100%| O|  |TAMS 0x00000000ffd00000| PB 0x00000000ffd00000| Untracked 
|2046|0x00000000ffe00000, 0x00000000fff00000, 0x00000000fff00000|100%| O|  |TAMS 0x00000000ffe00000| PB 0x00000000ffe00000| Untracked 
|2047|0x00000000fff00000, 0x0000000100000000, 0x0000000100000000|100%| O|  |TAMS 0x00000000fff00000| PB 0x00000000fff00000| Untracked 

Card table byte_map: [0x00000203d1d00000,0x00000203d2100000] _byte_map_base: 0x00000203d1900000

Marking Bits: (CMBitMap*) 0x00000203beecb9c0
 Bits: [0x00000203d2100000, 0x00000203d4100000)

Polling page: 0x00000203bcd00000

Metaspace:

Usage:
  Non-class:     73.56 MB used.
      Class:     12.14 MB used.
       Both:     85.70 MB used.

Virtual space:
  Non-class space:      128.00 MB reserved,      74.56 MB ( 58%) committed,  2 nodes.
      Class space:        1.00 GB reserved,      13.19 MB (  1%) committed,  1 nodes.
             Both:        1.12 GB reserved,      87.75 MB (  8%) committed. 

Chunk freelists:
   Non-Class:  5.44 MB
       Class:  2.75 MB
        Both:  8.19 MB

MaxMetaspaceSize: unlimited
CompressedClassSpaceSize: 1.00 GB
Initial GC threshold: 21.00 MB
Current GC threshold: 135.62 MB
CDS: on
 - commit_granule_bytes: 65536.
 - commit_granule_words: 8192.
 - virtual_space_node_default_size: 8388608.
 - enlarge_chunks_in_place: 1.
 - use_allocation_guard: 0.


Internal statistics:

num_allocs_failed_limit: 6.
num_arena_births: 3904.
num_arena_deaths: 0.
num_vsnodes_births: 3.
num_vsnodes_deaths: 0.
num_space_committed: 1404.
num_space_uncommitted: 0.
num_chunks_returned_to_freelist: 6.
num_chunks_taken_from_freelist: 7916.
num_chunk_merges: 6.
num_chunk_splits: 5228.
num_chunks_enlarged: 3314.
num_inconsistent_stats: 0.

CodeHeap 'non-profiled nmethods': size=119168Kb used=5349Kb max_used=5388Kb free=113818Kb
 bounds [0x00000203c9c10000, 0x00000203ca160000, 0x00000203d1070000]
CodeHeap 'profiled nmethods': size=119104Kb used=19304Kb max_used=19304Kb free=99799Kb
 bounds [0x00000203c2070000, 0x00000203c3350000, 0x00000203c94c0000]
CodeHeap 'non-nmethods': size=7488Kb used=3659Kb max_used=3705Kb free=3828Kb
 bounds [0x00000203c94c0000, 0x00000203c9870000, 0x00000203c9c10000]
CodeCache: size=245760Kb, used=28312Kb, max_used=28397Kb, free=217445Kb
 total_blobs=10997, nmethods=10162, adapters=736, full_count=0
Compilation: enabled, stopped_count=0, restarted_count=0

Compilation events (20 events):
Event: 12.122 Thread 0x000002041db19d20 11773       3       com.google.common.collect.AbstractMapBasedMultimap$WrappedCollection::size (14 bytes)
Event: 12.122 Thread 0x000002041db19d20 nmethod 11773 0x00000203c3345a90 code [0x00000203c3345c40, 0x00000203c3345ee0]
Event: 12.123 Thread 0x000002041db19670 11774       3       java.lang.invoke.DirectMethodHandle$StaticAccessor::<init> (30 bytes)
Event: 12.123 Thread 0x000002041db19670 nmethod 11774 0x00000203c3346010 code [0x00000203c33461e0, 0x00000203c3346448]
Event: 12.130 Thread 0x00000203d70b0df0 11775       3       org.gradle.api.internal.provider.AbstractCollectionProperty::addExplicitCollector (14 bytes)
Event: 12.130 Thread 0x00000203d71f43a0 11776   !   3       org.gradle.api.internal.provider.AbstractCollectionProperty::withAppendedValue (27 bytes)
Event: 12.130 Thread 0x00000203d71f43a0 nmethod 11776 0x00000203c3346590 code [0x00000203c3346780, 0x00000203c3346e28]
Event: 12.130 Thread 0x00000203d70b0df0 nmethod 11775 0x00000203c3347010 code [0x00000203c3347280, 0x00000203c3348248]
Event: 12.130 Thread 0x00000203d71f43a0 11777       1       com.android.build.api.component.impl.ComponentImpl::getServices (5 bytes)
Event: 12.130 Thread 0x00000203d71f43a0 nmethod 11777 0x00000203c9ea6490 code [0x00000203c9ea6620, 0x00000203c9ea66e8]
Event: 12.134 Thread 0x00000203d70b0df0 11778       3       java.lang.invoke.MethodHandles::insertArguments (98 bytes)
Event: 12.134 Thread 0x00000203d70b0df0 nmethod 11778 0x00000203c3348610 code [0x00000203c33488a0, 0x00000203c33493c0]
Event: 12.135 Thread 0x00000203d71f43a0 11779       1       org.gradle.internal.properties.annotations.AbstractAnnotationHandler::getAnnotationType (5 bytes)
Event: 12.135 Thread 0x000002041db19670 11780       3       org.gradle.api.reflect.TypeOf::<init> (6 bytes)
Event: 12.135 Thread 0x00000203d70b0df0 11781       3       org.gradle.api.reflect.TypeOf::<init> (10 bytes)
Event: 12.135 Thread 0x000002041db19d20 11782       3       com.google.common.collect.FluentIterable::<init> (12 bytes)
Event: 12.135 Thread 0x00000203d71f43a0 nmethod 11779 0x00000203c9ea6190 code [0x00000203c9ea6320, 0x00000203c9ea63e8]
Event: 12.135 Thread 0x00000203d70b0df0 nmethod 11781 0x00000203c3349890 code [0x00000203c3349a40, 0x00000203c3349bf8]
Event: 12.135 Thread 0x000002041db19670 nmethod 11780 0x00000203c3349c90 code [0x00000203c3349e40, 0x00000203c334a060]
Event: 12.136 Thread 0x000002041db19d20 nmethod 11782 0x00000203c334a190 code [0x00000203c334a340, 0x00000203c334a5c8]

GC Heap History (20 events):
Event: 7.393 GC heap after
{Heap after GC invocations=17 (full 0):
 garbage-first heap   total 121856K, used 62325K [0x0000000080000000, 0x0000000100000000)
  region size 1024K, 8 young (8192K), 8 survivors (8192K)
 Metaspace       used 56413K, committed 58176K, reserved 1114112K
  class space    used 8170K, committed 9024K, reserved 1048576K
}
Event: 7.946 GC heap before
{Heap before GC invocations=17 (full 0):
 garbage-first heap   total 121856K, used 112501K [0x0000000080000000, 0x0000000100000000)
  region size 1024K, 51 young (52224K), 8 survivors (8192K)
 Metaspace       used 59502K, committed 61312K, reserved 1114112K
  class space    used 8534K, committed 9408K, reserved 1048576K
}
Event: 7.950 GC heap after
{Heap after GC invocations=18 (full 0):
 garbage-first heap   total 130048K, used 73254K [0x0000000080000000, 0x0000000100000000)
  region size 1024K, 7 young (7168K), 7 survivors (7168K)
 Metaspace       used 59502K, committed 61312K, reserved 1114112K
  class space    used 8534K, committed 9408K, reserved 1048576K
}
Event: 8.369 GC heap before
{Heap before GC invocations=18 (full 0):
 garbage-first heap   total 130048K, used 114214K [0x0000000080000000, 0x0000000100000000)
  region size 1024K, 47 young (48128K), 7 survivors (7168K)
 Metaspace       used 63729K, committed 65664K, reserved 1114112K
  class space    used 8951K, committed 9920K, reserved 1048576K
}
Event: 8.372 GC heap after
{Heap after GC invocations=19 (full 0):
 garbage-first heap   total 130048K, used 74744K [0x0000000080000000, 0x0000000100000000)
  region size 1024K, 2 young (2048K), 2 survivors (2048K)
 Metaspace       used 63729K, committed 65664K, reserved 1114112K
  class space    used 8951K, committed 9920K, reserved 1048576K
}
Event: 8.811 GC heap before
{Heap before GC invocations=20 (full 0):
 garbage-first heap   total 130048K, used 121848K [0x0000000080000000, 0x0000000100000000)
  region size 1024K, 43 young (44032K), 2 survivors (2048K)
 Metaspace       used 67061K, committed 69056K, reserved 1114112K
  class space    used 9504K, committed 10496K, reserved 1048576K
}
Event: 8.814 GC heap after
{Heap after GC invocations=21 (full 0):
 garbage-first heap   total 130048K, used 80382K [0x0000000080000000, 0x0000000100000000)
  region size 1024K, 6 young (6144K), 6 survivors (6144K)
 Metaspace       used 67061K, committed 69056K, reserved 1114112K
  class space    used 9504K, committed 10496K, reserved 1048576K
}
Event: 9.238 GC heap before
{Heap before GC invocations=21 (full 0):
 garbage-first heap   total 130048K, used 117246K [0x0000000080000000, 0x0000000100000000)
  region size 1024K, 42 young (43008K), 6 survivors (6144K)
 Metaspace       used 69870K, committed 71808K, reserved 1114112K
  class space    used 9842K, committed 10816K, reserved 1048576K
}
Event: 9.242 GC heap after
{Heap after GC invocations=22 (full 0):
 garbage-first heap   total 130048K, used 81607K [0x0000000080000000, 0x0000000100000000)
  region size 1024K, 3 young (3072K), 3 survivors (3072K)
 Metaspace       used 69870K, committed 71808K, reserved 1114112K
  class space    used 9842K, committed 10816K, reserved 1048576K
}
Event: 9.692 GC heap before
{Heap before GC invocations=22 (full 0):
 garbage-first heap   total 130048K, used 118471K [0x0000000080000000, 0x0000000100000000)
  region size 1024K, 39 young (39936K), 3 survivors (3072K)
 Metaspace       used 73773K, committed 75776K, reserved 1114112K
  class space    used 10328K, committed 11328K, reserved 1048576K
}
Event: 9.695 GC heap after
{Heap after GC invocations=23 (full 0):
 garbage-first heap   total 130048K, used 83184K [0x0000000080000000, 0x0000000100000000)
  region size 1024K, 4 young (4096K), 4 survivors (4096K)
 Metaspace       used 73773K, committed 75776K, reserved 1114112K
  class space    used 10328K, committed 11328K, reserved 1048576K
}
Event: 10.174 GC heap before
{Heap before GC invocations=24 (full 0):
 garbage-first heap   total 140288K, used 120048K [0x0000000080000000, 0x0000000100000000)
  region size 1024K, 40 young (40960K), 4 survivors (4096K)
 Metaspace       used 76619K, committed 78656K, reserved 1179648K
  class space    used 10731K, committed 11712K, reserved 1048576K
}
Event: 10.177 GC heap after
{Heap after GC invocations=25 (full 0):
 garbage-first heap   total 140288K, used 84756K [0x0000000080000000, 0x0000000100000000)
  region size 1024K, 4 young (4096K), 4 survivors (4096K)
 Metaspace       used 76619K, committed 78656K, reserved 1179648K
  class space    used 10731K, committed 11712K, reserved 1048576K
}
Event: 10.669 GC heap before
{Heap before GC invocations=25 (full 0):
 garbage-first heap   total 140288K, used 131860K [0x0000000080000000, 0x0000000100000000)
  region size 1024K, 47 young (48128K), 4 survivors (4096K)
 Metaspace       used 78638K, committed 80704K, reserved 1179648K
  class space    used 11039K, committed 12032K, reserved 1048576K
}
Event: 10.673 GC heap after
{Heap after GC invocations=26 (full 0):
 garbage-first heap   total 143360K, used 91471K [0x0000000080000000, 0x0000000100000000)
  region size 1024K, 6 young (6144K), 6 survivors (6144K)
 Metaspace       used 78638K, committed 80704K, reserved 1179648K
  class space    used 11039K, committed 12032K, reserved 1048576K
}
Event: 11.075 GC heap before
{Heap before GC invocations=26 (full 0):
 garbage-first heap   total 143360K, used 131407K [0x0000000080000000, 0x0000000100000000)
  region size 1024K, 45 young (46080K), 6 survivors (6144K)
 Metaspace       used 80985K, committed 83072K, reserved 1179648K
  class space    used 11344K, committed 12352K, reserved 1048576K
}
Event: 11.079 GC heap after
{Heap after GC invocations=27 (full 0):
 garbage-first heap   total 143360K, used 94278K [0x0000000080000000, 0x0000000100000000)
  region size 1024K, 4 young (4096K), 4 survivors (4096K)
 Metaspace       used 80985K, committed 83072K, reserved 1179648K
  class space    used 11344K, committed 12352K, reserved 1048576K
}
Event: 11.475 GC heap before
{Heap before GC invocations=28 (full 0):
 garbage-first heap   total 158720K, used 132166K [0x0000000080000000, 0x0000000100000000)
  region size 1024K, 41 young (41984K), 4 survivors (4096K)
 Metaspace       used 83771K, committed 85952K, reserved 1179648K
  class space    used 11747K, committed 12864K, reserved 1048576K
}
Event: 11.477 GC heap after
{Heap after GC invocations=29 (full 0):
 garbage-first heap   total 158720K, used 95442K [0x0000000080000000, 0x0000000100000000)
  region size 1024K, 2 young (2048K), 2 survivors (2048K)
 Metaspace       used 83771K, committed 85952K, reserved 1179648K
  class space    used 11747K, committed 12864K, reserved 1048576K
}
Event: 12.141 GC heap before
{Heap before GC invocations=29 (full 0):
 garbage-first heap   total 158720K, used 145618K [0x0000000080000000, 0x0000000100000000)
  region size 1024K, 51 young (52224K), 2 survivors (2048K)
 Metaspace       used 87755K, committed 89856K, reserved 1179648K
  class space    used 12429K, committed 13504K, reserved 1048576K
}

Dll operation events (14 events):
Event: 0.006 Loaded shared library C:\Users\Haqii\.vscode\extensions\redhat.java-1.53.0-win32-x64\jre\21.0.10-win32-x86_64\bin\java.dll
Event: 0.044 Loaded shared library C:\Users\Haqii\.vscode\extensions\redhat.java-1.53.0-win32-x64\jre\21.0.10-win32-x86_64\bin\zip.dll
Event: 0.055 Loaded shared library C:\Users\Haqii\.vscode\extensions\redhat.java-1.53.0-win32-x64\jre\21.0.10-win32-x86_64\bin\instrument.dll
Event: 0.058 Loaded shared library C:\Users\Haqii\.vscode\extensions\redhat.java-1.53.0-win32-x64\jre\21.0.10-win32-x86_64\bin\net.dll
Event: 0.060 Loaded shared library C:\Users\Haqii\.vscode\extensions\redhat.java-1.53.0-win32-x64\jre\21.0.10-win32-x86_64\bin\nio.dll
Event: 0.062 Loaded shared library C:\Users\Haqii\.vscode\extensions\redhat.java-1.53.0-win32-x64\jre\21.0.10-win32-x86_64\bin\zip.dll
Event: 0.236 Loaded shared library C:\Users\Haqii\.vscode\extensions\redhat.java-1.53.0-win32-x64\jre\21.0.10-win32-x86_64\bin\jimage.dll
Event: 0.349 Loaded shared library C:\Users\Haqii\.vscode\extensions\redhat.java-1.53.0-win32-x64\jre\21.0.10-win32-x86_64\bin\verify.dll
Event: 0.430 Loaded shared library C:\Users\Haqii\.gradle\native\1def1411415f61bf3af743bc5b6707747c0891f09f0c88961ee8f79bc544acac\windows-amd64\native-platform.dll
Event: 0.440 Loaded shared library C:\Users\Haqii\.gradle\native\0.2.7\x86_64-windows-gnu\gradle-fileevents.dll
Event: 1.596 Loaded shared library C:\Users\Haqii\.vscode\extensions\redhat.java-1.53.0-win32-x64\jre\21.0.10-win32-x86_64\bin\management.dll
Event: 1.600 Loaded shared library C:\Users\Haqii\.vscode\extensions\redhat.java-1.53.0-win32-x64\jre\21.0.10-win32-x86_64\bin\management_ext.dll
Event: 1.736 Loaded shared library C:\Users\Haqii\.vscode\extensions\redhat.java-1.53.0-win32-x64\jre\21.0.10-win32-x86_64\bin\extnet.dll
Event: 1.925 Loaded shared library C:\Users\Haqii\.vscode\extensions\redhat.java-1.53.0-win32-x64\jre\21.0.10-win32-x86_64\bin\sunmscapi.dll

Deoptimization events (20 events):
Event: 11.632 Thread 0x000002041e587c70 Uncommon trap: trap_request=0xffffffc6 fr.pc=0x00000203c9fe67c8 relative=0x0000000000000248
Event: 11.632 Thread 0x000002041e587c70 Uncommon trap: reason=bimorphic_or_optimized_type_check action=maybe_recompile pc=0x00000203c9fe67c8 method=java.util.regex.Pattern.lambda$union$3(Ljava/util/regex/Pattern$CharPredicate;Ljava/util/regex/Pattern$CharPredicate;I)Z @ 2 c2
Event: 11.632 Thread 0x000002041e587c70 DEOPT PACKING pc=0x00000203c9fe67c8 sp=0x0000009bcc6f8370
Event: 11.632 Thread 0x000002041e587c70 DEOPT UNPACKING pc=0x00000203c9514422 sp=0x0000009bcc6f82a8 mode 2
Event: 11.632 Thread 0x000002041e587c70 Uncommon trap: trap_request=0xffffffc6 fr.pc=0x00000203c9fe67c8 relative=0x0000000000000248
Event: 11.632 Thread 0x000002041e587c70 Uncommon trap: reason=bimorphic_or_optimized_type_check action=maybe_recompile pc=0x00000203c9fe67c8 method=java.util.regex.Pattern.lambda$union$3(Ljava/util/regex/Pattern$CharPredicate;Ljava/util/regex/Pattern$CharPredicate;I)Z @ 2 c2
Event: 11.632 Thread 0x000002041e587c70 DEOPT PACKING pc=0x00000203c9fe67c8 sp=0x0000009bcc6f8110
Event: 11.632 Thread 0x000002041e587c70 DEOPT UNPACKING pc=0x00000203c9514422 sp=0x0000009bcc6f8048 mode 2
Event: 11.632 Thread 0x000002041e587c70 Uncommon trap: trap_request=0xffffffc6 fr.pc=0x00000203c9fe67c8 relative=0x0000000000000248
Event: 11.632 Thread 0x000002041e587c70 Uncommon trap: reason=bimorphic_or_optimized_type_check action=maybe_recompile pc=0x00000203c9fe67c8 method=java.util.regex.Pattern.lambda$union$3(Ljava/util/regex/Pattern$CharPredicate;Ljava/util/regex/Pattern$CharPredicate;I)Z @ 2 c2
Event: 11.632 Thread 0x000002041e587c70 DEOPT PACKING pc=0x00000203c9fe67c8 sp=0x0000009bcc6f8110
Event: 11.632 Thread 0x000002041e587c70 DEOPT UNPACKING pc=0x00000203c9514422 sp=0x0000009bcc6f8048 mode 2
Event: 11.638 Thread 0x000002041e587c70 Uncommon trap: trap_request=0xffffff6e fr.pc=0x00000203c9c3179c relative=0x000000000000017c
Event: 11.638 Thread 0x000002041e587c70 Uncommon trap: reason=loop_limit_check action=maybe_recompile pc=0x00000203c9c3179c method=java.lang.StringLatin1.lastIndexOf([BII)I @ 19 c2
Event: 11.638 Thread 0x000002041e587c70 DEOPT PACKING pc=0x00000203c9c3179c sp=0x0000009bcc6f8470
Event: 11.639 Thread 0x000002041e587c70 DEOPT UNPACKING pc=0x00000203c9514422 sp=0x0000009bcc6f83f0 mode 2
Event: 12.030 Thread 0x000002041e587c70 Uncommon trap: trap_request=0xffffff45 fr.pc=0x00000203ca11bbb4 relative=0x0000000000000674
Event: 12.030 Thread 0x000002041e587c70 Uncommon trap: reason=unstable_if action=reinterpret pc=0x00000203ca11bbb4 method=java.io.WinNTFileSystem.prefixLength(Ljava/lang/String;)I @ 11 c2
Event: 12.030 Thread 0x000002041e587c70 DEOPT PACKING pc=0x00000203ca11bbb4 sp=0x0000009bcc6f8640
Event: 12.030 Thread 0x000002041e587c70 DEOPT UNPACKING pc=0x00000203c9514422 sp=0x0000009bcc6f85a0 mode 2

Classes loaded (20 events):
Event: 10.402 Loading class com/sun/beans/finder/MethodFinder$1
Event: 10.402 Loading class com/sun/beans/finder/MethodFinder$1 done
Event: 10.402 Loading class com/sun/beans/finder/FinderUtils
Event: 10.402 Loading class com/sun/beans/finder/FinderUtils done
Event: 11.304 Loading class java/util/concurrent/atomic/AtomicIntegerArray
Event: 11.304 Loading class java/util/concurrent/atomic/AtomicIntegerArray done
Event: 11.306 Loading class java/util/Currency
Event: 11.307 Loading class java/util/Currency done
Event: 11.310 Loading class java/util/concurrent/atomic/AtomicLongArray
Event: 11.310 Loading class java/util/concurrent/atomic/AtomicLongArray done
Event: 11.332 Loading class sun/reflect/generics/repository/FieldRepository
Event: 11.332 Loading class sun/reflect/generics/repository/FieldRepository done
Event: 11.345 Loading class jdk/internal/vm/annotation/ForceInline
Event: 11.345 Loading class jdk/internal/vm/annotation/ForceInline done
Event: 11.402 Loading class java/util/regex/Pattern$Caret
Event: 11.402 Loading class java/util/regex/Pattern$Caret done
Event: 11.903 Loading class java/util/concurrent/LinkedBlockingDeque$Itr
Event: 11.903 Loading class java/util/concurrent/LinkedBlockingDeque$AbstractItr
Event: 11.904 Loading class java/util/concurrent/LinkedBlockingDeque$AbstractItr done
Event: 11.904 Loading class java/util/concurrent/LinkedBlockingDeque$Itr done

Classes unloaded (0 events):
No events

Classes redefined (0 events):
No events

Internal exceptions (20 events):
Event: 10.397 Thread 0x000002041e587c70 Exception <a 'java/lang/ClassNotFoundException'{0x0000000086d187e0}: groovy/lang/ClosureCustomizer> (0x0000000086d187e0) 
thrown [s\src\hotspot\share\classfile\systemDictionary.cpp, line 312]
Event: 10.402 Thread 0x000002041e587c70 Exception <a 'java/lang/ClassNotFoundException'{0x0000000086d56020}: groovy/lang/Closure$1Customizer> (0x0000000086d56020) 
thrown [s\src\hotspot\share\classfile\systemDictionary.cpp, line 312]
Event: 10.408 Thread 0x000002041e587c70 Exception <a 'java/lang/ClassNotFoundException'{0x0000000086dcef50}: org/jetbrains/kotlin/gradle/targets/js/npm/DefaultNpmDependencyExtensionBeanInfo> (0x0000000086dcef50) 
thrown [s\src\hotspot\share\classfile\systemDictionary.cpp, line 312]
Event: 10.408 Thread 0x000002041e587c70 Exception <a 'java/lang/ClassNotFoundException'{0x0000000086ddf3a0}: org/jetbrains/kotlin/gradle/targets/js/npm/DefaultNpmDependencyExtensionCustomizer> (0x0000000086ddf3a0) 
thrown [s\src\hotspot\share\classfile\systemDictionary.cpp, line 312]
Event: 10.416 Thread 0x000002041e587c70 Exception <a 'java/lang/ClassNotFoundException'{0x0000000086c7ef38}: org/jetbrains/kotlin/gradle/targets/js/npm/NpmDependencyExtensionKt$defaultNpmDependencyDelegate$1BeanInfo> (0x0000000086c7ef38) 
thrown [s\src\hotspot\share\classfile\systemDictionary.cpp, line 312]
Event: 10.417 Thread 0x000002041e587c70 Exception <a 'java/lang/ClassNotFoundException'{0x0000000086c8f678}: org/jetbrains/kotlin/gradle/targets/js/npm/NpmDependencyExtensionDelegateBeanInfo> (0x0000000086c8f678) 
thrown [s\src\hotspot\share\classfile\systemDictionary.cpp, line 312]
Event: 10.418 Thread 0x000002041e587c70 Exception <a 'java/lang/ClassNotFoundException'{0x0000000086c9faf8}: org/jetbrains/kotlin/gradle/targets/js/npm/NpmDependencyExtensionDelegateCustomizer> (0x0000000086c9faf8) 
thrown [s\src\hotspot\share\classfile\systemDictionary.cpp, line 312]
Event: 10.419 Thread 0x000002041e587c70 Exception <a 'java/lang/ClassNotFoundException'{0x0000000086cd4618}: org/jetbrains/kotlin/gradle/targets/js/npm/NpmDependencyExtensionKt$defaultNpmDependencyDelegate$1Customizer> (0x0000000086cd4618) 
thrown [s\src\hotspot\share\classfile\systemDictionary.cpp, line 312]
Event: 10.423 Thread 0x000002041e587c70 Exception <a 'java/lang/ClassNotFoundException'{0x0000000086b1dd90}: org/jetbrains/kotlin/gradle/targets/js/npm/DefaultDevNpmDependencyExtensionBeanInfo> (0x0000000086b1dd90) 
thrown [s\src\hotspot\share\classfile\systemDictionary.cpp, line 312]
Event: 10.423 Thread 0x000002041e587c70 Exception <a 'java/lang/ClassNotFoundException'{0x0000000086b2e228}: org/jetbrains/kotlin/gradle/targets/js/npm/DefaultDevNpmDependencyExtensionCustomizer> (0x0000000086b2e228) 
thrown [s\src\hotspot\share\classfile\systemDictionary.cpp, line 312]
Event: 10.426 Thread 0x000002041e587c70 Exception <a 'java/lang/ClassNotFoundException'{0x0000000086b80600}: org/jetbrains/kotlin/gradle/targets/js/npm/DefaultPeerNpmDependencyExtensionBeanInfo> (0x0000000086b80600) 
thrown [s\src\hotspot\share\classfile\systemDictionary.cpp, line 312]
Event: 10.426 Thread 0x000002041e587c70 Exception <a 'java/lang/ClassNotFoundException'{0x0000000086b90d90}: org/jetbrains/kotlin/gradle/targets/js/npm/DefaultPeerNpmDependencyExtensionCustomizer> (0x0000000086b90d90) 
thrown [s\src\hotspot\share\classfile\systemDictionary.cpp, line 312]
Event: 10.429 Thread 0x000002041e587c70 Exception <a 'java/lang/ClassNotFoundException'{0x0000000086bf0398}: org/jetbrains/kotlin/gradle/targets/js/npm/DefaultPeerNpmDependencyExtension$delegate$1BeanInfo> (0x0000000086bf0398) 
thrown [s\src\hotspot\share\classfile\systemDictionary.cpp, line 312]
Event: 10.429 Thread 0x000002041e587c70 Exception <a 'java/lang/ClassNotFoundException'{0x0000000086a00fc0}: org/jetbrains/kotlin/gradle/targets/js/npm/DefaultPeerNpmDependencyExtension$delegate$1Customizer> (0x0000000086a00fc0) 
thrown [s\src\hotspot\share\classfile\systemDictionary.cpp, line 312]
Event: 10.440 Thread 0x000002041e587c70 Exception <a 'java/lang/NoSuchMethodError'{0x0000000086ab03d8}: static Lorg/jetbrains/kotlin/gradle/plugin/internal/DefaultIdeaSyncDetector$createIdeaPropertiesEvaluator$1;.<clinit>()V> (0x0000000086ab03d8) 
thrown [s\src\hotspot\share\prims\jni.cpp, line 1111]
Event: 10.620 Thread 0x000002041e587c70 Implicit null exception at 0x00000203c9de5fec to 0x00000203c9de82fc
Event: 10.620 Thread 0x000002041e587c70 Implicit null exception at 0x00000203ca08e394 to 0x00000203ca08e694
Event: 11.050 Thread 0x000002041e587c70 Exception <a 'java/lang/NoSuchMethodError'{0x000000008581d540}: 'java.lang.Object java.lang.invoke.DirectMethodHandle$Holder.newInvokeSpecial(java.lang.Object, java.lang.Object, java.lang.Object, java.lang.Object, java.lang.Object, java.lang.Object, java.lang.Object, java.lang.Object, java.lang.Object, java.lang.Object, java.lang.Object, java.lang.Object, java.lang.Object, java.lang.Object)'> (0x000000008581d540) 
thrown [s\src\hotspot\share\interpreter\linkResolver.cpp, line 773]
Event: 11.346 Thread 0x000002041e587c70 Exception <a 'java/lang/NoSuchMethodError'{0x00000000871160d8}: 'void java.lang.invoke.Invokers$Holder.invokeExact_MT(java.lang.Object, java.lang.Object, java.lang.Object, java.lang.Object)'> (0x00000000871160d8) 
thrown [s\src\hotspot\share\interpreter\linkResolver.cpp, line 773]
Event: 12.015 Thread 0x000002041e587c70 Exception <a 'java/lang/NoSuchMethodError'{0x00000000861252b0}: 'java.lang.Object java.lang.invoke.Invokers$Holder.invokeExact_MT(java.lang.Object, java.lang.Object, java.lang.Object, int, java.lang.Object, java.lang.Object)'> (0x00000000861252b0) 
thrown [s\src\hotspot\share\interpreter\linkResolver.cpp, line 773]

ZGC Phase Switch (0 events):
No events

VM Operations (20 events):
Event: 10.177 Executing safepoint VM operation: G1CollectForAllocation (G1 Evacuation Pause) done
Event: 10.610 Executing safepoint VM operation: ICBufferFull
Event: 10.611 Executing safepoint VM operation: ICBufferFull done
Event: 10.669 Executing safepoint VM operation: G1CollectForAllocation (G1 Evacuation Pause)
Event: 10.673 Executing safepoint VM operation: G1CollectForAllocation (G1 Evacuation Pause) done
Event: 11.004 Executing non-safepoint VM operation: HandshakeAllThreads (Deoptimize)
Event: 11.005 Executing non-safepoint VM operation: HandshakeAllThreads (Deoptimize) done
Event: 11.075 Executing safepoint VM operation: G1CollectForAllocation (G1 Evacuation Pause)
Event: 11.079 Executing safepoint VM operation: G1CollectForAllocation (G1 Evacuation Pause) done
Event: 11.117 Executing safepoint VM operation: G1PauseRemark
Event: 11.122 Executing safepoint VM operation: G1PauseRemark done
Event: 11.135 Executing safepoint VM operation: G1PauseCleanup
Event: 11.135 Executing safepoint VM operation: G1PauseCleanup done
Event: 11.475 Executing safepoint VM operation: G1CollectForAllocation (G1 Evacuation Pause)
Event: 11.477 Executing safepoint VM operation: G1CollectForAllocation (G1 Evacuation Pause) done
Event: 11.912 Executing non-safepoint VM operation: HandshakeAllThreads (Deoptimize)
Event: 11.912 Executing non-safepoint VM operation: HandshakeAllThreads (Deoptimize) done
Event: 11.914 Executing non-safepoint VM operation: HandshakeAllThreads (Deoptimize)
Event: 11.915 Executing non-safepoint VM operation: HandshakeAllThreads (Deoptimize) done
Event: 12.141 Executing safepoint VM operation: G1CollectForAllocation (G1 Evacuation Pause)

Memory protections (0 events):
No events

Nmethod flushes (20 events):
Event: 11.121 Thread 0x00000203d70780d0 flushing  nmethod 0x00000203c24d7410
Event: 11.121 Thread 0x00000203d70780d0 flushing  nmethod 0x00000203c2510290
Event: 11.121 Thread 0x00000203d70780d0 flushing  nmethod 0x00000203c2afb110
Event: 11.121 Thread 0x00000203d70780d0 flushing  nmethod 0x00000203c2d1b290
Event: 11.121 Thread 0x00000203d70780d0 flushing  nmethod 0x00000203c9ef5b90
Event: 11.121 Thread 0x00000203d70780d0 flushing  nmethod 0x00000203c9ef9f10
Event: 11.121 Thread 0x00000203d70780d0 flushing  nmethod 0x00000203c9efa510
Event: 11.121 Thread 0x00000203d70780d0 flushing  nmethod 0x00000203ca003410
Event: 11.121 Thread 0x00000203d70780d0 flushing  nmethod 0x00000203ca041610
Event: 11.121 Thread 0x00000203d70780d0 flushing  nmethod 0x00000203c20ca390
Event: 11.121 Thread 0x00000203d70780d0 flushing  nmethod 0x00000203c236fd90
Event: 11.121 Thread 0x00000203d70780d0 flushing  nmethod 0x00000203c269a310
Event: 11.121 Thread 0x00000203d70780d0 flushing  nmethod 0x00000203c2792490
Event: 11.121 Thread 0x00000203d70780d0 flushing  nmethod 0x00000203c2795790
Event: 11.121 Thread 0x00000203d70780d0 flushing  nmethod 0x00000203c2796110
Event: 11.121 Thread 0x00000203d70780d0 flushing  nmethod 0x00000203c2797990
Event: 11.121 Thread 0x00000203d70780d0 flushing  nmethod 0x00000203c279c110
Event: 11.121 Thread 0x00000203d70780d0 flushing  nmethod 0x00000203c2ae0910
Event: 11.121 Thread 0x00000203d70780d0 flushing  nmethod 0x00000203c2ae0f90
Event: 11.121 Thread 0x00000203d70780d0 flushing  nmethod 0x00000203c2d5ad90

Events (20 events):
Event: 6.907 Thread 0x000002041e587c70 Thread added: 0x000002041fb729d0
Event: 6.908 Thread 0x000002041e587c70 Thread added: 0x000002041fb70270
Event: 6.908 Thread 0x000002041e587c70 Thread added: 0x00000204227076d0
Event: 6.909 Thread 0x000002041e587c70 Thread added: 0x0000020422707040
Event: 6.909 Thread 0x000002041e587c70 Thread added: 0x0000020422707d60
Event: 6.909 Thread 0x000002041e587c70 Thread added: 0x00000204227069b0
Event: 6.909 Thread 0x000002041e587c70 Thread added: 0x0000020422706320
Event: 6.910 Thread 0x000002041e587c70 Thread added: 0x000002042270b870
Event: 6.910 Thread 0x000002041e587c70 Thread added: 0x0000020422708a80
Event: 6.910 Thread 0x000002041e587c70 Thread added: 0x00000204227097a0
Event: 6.911 Thread 0x000002041e587c70 Thread added: 0x0000020422709e30
Event: 6.911 Thread 0x000002041e587c70 Thread added: 0x00000204227083f0
Event: 6.911 Thread 0x000002041e587c70 Thread added: 0x000002042270bf00
Event: 6.911 Thread 0x000002041e587c70 Thread added: 0x000002042270a4c0
Event: 7.493 Thread 0x0000020421e12fa0 Thread exited: 0x0000020421e12fa0
Event: 8.402 Thread 0x00000203d75256b0 Thread exited: 0x00000203d75256b0
Event: 8.518 Thread 0x000002041e587c70 Thread added: 0x0000020422709110
Event: 8.704 Thread 0x00000203d7525000 Thread added: 0x0000020423810010
Event: 9.496 Thread 0x0000020423810010 Thread exited: 0x0000020423810010
Event: 9.760 Thread 0x000002041e587c70 Thread added: 0x00000204213f4a20


Dynamic libraries:
0x00007ff7217f0000 - 0x00007ff7217fe000 	C:\Users\Haqii\.vscode\extensions\redhat.java-1.53.0-win32-x64\jre\21.0.10-win32-x86_64\bin\java.exe
0x00007ff841320000 - 0x00007ff841587000 	C:\WINDOWS\SYSTEM32\ntdll.dll
0x00007ff83fea0000 - 0x00007ff83ff69000 	C:\WINDOWS\System32\KERNEL32.DLL
0x00007ff83e730000 - 0x00007ff83eb1f000 	C:\WINDOWS\System32\KERNELBASE.dll
0x00007ff83ef70000 - 0x00007ff83f0bb000 	C:\WINDOWS\System32\ucrtbase.dll
0x00007ff81c300000 - 0x00007ff81c318000 	C:\Users\Haqii\.vscode\extensions\redhat.java-1.53.0-win32-x64\jre\21.0.10-win32-x86_64\bin\jli.dll
0x00007ff81b740000 - 0x00007ff81b75e000 	C:\Users\Haqii\.vscode\extensions\redhat.java-1.53.0-win32-x64\jre\21.0.10-win32-x86_64\bin\VCRUNTIME140.dll
0x00007ff83fb00000 - 0x00007ff83fcc5000 	C:\WINDOWS\System32\USER32.dll
0x00007ff82d9b0000 - 0x00007ff82dc43000 	C:\WINDOWS\WinSxS\amd64_microsoft.windows.common-controls_6595b64144ccf1df_6.0.26100.7309_none_3e05feeae336a044\COMCTL32.dll
0x00007ff83e700000 - 0x00007ff83e727000 	C:\WINDOWS\System32\win32u.dll
0x00007ff83fcd0000 - 0x00007ff83fcfb000 	C:\WINDOWS\System32\GDI32.dll
0x00007ff840c70000 - 0x00007ff840d19000 	C:\WINDOWS\System32\msvcrt.dll
0x00007ff83e470000 - 0x00007ff83e59c000 	C:\WINDOWS\System32\gdi32full.dll
0x00007ff83e5a0000 - 0x00007ff83e643000 	C:\WINDOWS\System32\msvcp_win.dll
0x00007ff840a30000 - 0x00007ff840a61000 	C:\WINDOWS\System32\IMM32.DLL
0x00007ff81c3d0000 - 0x00007ff81c3dc000 	C:\Users\Haqii\.vscode\extensions\redhat.java-1.53.0-win32-x64\jre\21.0.10-win32-x86_64\bin\vcruntime140_1.dll
0x00007ff80a6f0000 - 0x00007ff80a77d000 	C:\Users\Haqii\.vscode\extensions\redhat.java-1.53.0-win32-x64\jre\21.0.10-win32-x86_64\bin\msvcp140.dll
0x00007fff9dda0000 - 0x00007fff9eb41000 	C:\Users\Haqii\.vscode\extensions\redhat.java-1.53.0-win32-x64\jre\21.0.10-win32-x86_64\bin\server\jvm.dll
0x00007ff840330000 - 0x00007ff8403e4000 	C:\WINDOWS\System32\ADVAPI32.dll
0x00007ff83fff0000 - 0x00007ff840096000 	C:\WINDOWS\System32\sechost.dll
0x00007ff83fd80000 - 0x00007ff83fe98000 	C:\WINDOWS\System32\RPCRT4.dll
0x00007ff83fd00000 - 0x00007ff83fd74000 	C:\WINDOWS\System32\WS2_32.dll
0x00007ff83e2f0000 - 0x00007ff83e34e000 	C:\WINDOWS\SYSTEM32\POWRPROF.dll
0x00007ff832710000 - 0x00007ff832745000 	C:\WINDOWS\SYSTEM32\WINMM.dll
0x00007ff832750000 - 0x00007ff83275b000 	C:\WINDOWS\SYSTEM32\VERSION.dll
0x00007ff83e2d0000 - 0x00007ff83e2e4000 	C:\WINDOWS\SYSTEM32\UMPDC.dll
0x00007ff83d220000 - 0x00007ff83d23b000 	C:\WINDOWS\SYSTEM32\kernel.appcore.dll
0x00007ff81c2f0000 - 0x00007ff81c2fa000 	C:\Users\Haqii\.vscode\extensions\redhat.java-1.53.0-win32-x64\jre\21.0.10-win32-x86_64\bin\jimage.dll
0x00007ff83b820000 - 0x00007ff83ba62000 	C:\WINDOWS\SYSTEM32\DBGHELP.DLL
0x00007ff8405a0000 - 0x00007ff840925000 	C:\WINDOWS\System32\combase.dll
0x00007ff8404b0000 - 0x00007ff840586000 	C:\WINDOWS\System32\OLEAUT32.dll
0x00007ff8270a0000 - 0x00007ff8270dc000 	C:\WINDOWS\SYSTEM32\dbgcore.DLL
0x00007ff83e650000 - 0x00007ff83e6f5000 	C:\WINDOWS\System32\bcryptPrimitives.dll
0x00007ff81a800000 - 0x00007ff81a80f000 	C:\Users\Haqii\.vscode\extensions\redhat.java-1.53.0-win32-x64\jre\21.0.10-win32-x86_64\bin\instrument.dll
0x00007ff81adf0000 - 0x00007ff81ae10000 	C:\Users\Haqii\.vscode\extensions\redhat.java-1.53.0-win32-x64\jre\21.0.10-win32-x86_64\bin\java.dll
0x00007ff83f310000 - 0x00007ff83fa63000 	C:\WINDOWS\System32\SHELL32.dll
0x00007ff83ee00000 - 0x00007ff83ef6a000 	C:\WINDOWS\System32\wintypes.dll
0x00007ff83c0b0000 - 0x00007ff83c90e000 	C:\WINDOWS\SYSTEM32\windows.storage.dll
0x00007ff840d50000 - 0x00007ff840e45000 	C:\WINDOWS\System32\SHCORE.dll
0x00007ff83f0c0000 - 0x00007ff83f126000 	C:\WINDOWS\System32\shlwapi.dll
0x00007ff83e390000 - 0x00007ff83e3b9000 	C:\WINDOWS\SYSTEM32\profapi.dll
0x00007ff819a00000 - 0x00007ff819a18000 	C:\Users\Haqii\.vscode\extensions\redhat.java-1.53.0-win32-x64\jre\21.0.10-win32-x86_64\bin\zip.dll
0x00007ff81bd10000 - 0x00007ff81bd20000 	C:\Users\Haqii\.vscode\extensions\redhat.java-1.53.0-win32-x64\jre\21.0.10-win32-x86_64\bin\net.dll
0x00007ff836bd0000 - 0x00007ff836cf8000 	C:\WINDOWS\SYSTEM32\WINHTTP.dll
0x00007ff83d790000 - 0x00007ff83d7fb000 	C:\WINDOWS\system32\mswsock.dll
0x00007ff80ac50000 - 0x00007ff80ac66000 	C:\Users\Haqii\.vscode\extensions\redhat.java-1.53.0-win32-x64\jre\21.0.10-win32-x86_64\bin\nio.dll
0x00007ff8199e0000 - 0x00007ff8199f0000 	C:\Users\Haqii\.vscode\extensions\redhat.java-1.53.0-win32-x64\jre\21.0.10-win32-x86_64\bin\verify.dll
0x00007ff816f40000 - 0x00007ff816f67000 	C:\Users\Haqii\.gradle\native\1def1411415f61bf3af743bc5b6707747c0891f09f0c88961ee8f79bc544acac\windows-amd64\native-platform.dll
0x00007fffdebd0000 - 0x00007fffdec48000 	C:\Users\Haqii\.gradle\native\0.2.7\x86_64-windows-gnu\gradle-fileevents.dll
0x00007ff81ba70000 - 0x00007ff81ba7a000 	C:\Users\Haqii\.vscode\extensions\redhat.java-1.53.0-win32-x64\jre\21.0.10-win32-x86_64\bin\management.dll
0x00007ff81a870000 - 0x00007ff81a87c000 	C:\Users\Haqii\.vscode\extensions\redhat.java-1.53.0-win32-x64\jre\21.0.10-win32-x86_64\bin\management_ext.dll
0x00007ff840c60000 - 0x00007ff840c68000 	C:\WINDOWS\System32\PSAPI.DLL
0x00007ff83cc30000 - 0x00007ff83cc64000 	C:\WINDOWS\SYSTEM32\IPHLPAPI.DLL
0x00007ff83faf0000 - 0x00007ff83fafa000 	C:\WINDOWS\System32\NSI.dll
0x00007ff81a810000 - 0x00007ff81a819000 	C:\Users\Haqii\.vscode\extensions\redhat.java-1.53.0-win32-x64\jre\21.0.10-win32-x86_64\bin\extnet.dll
0x00007ff83da60000 - 0x00007ff83da7b000 	C:\WINDOWS\SYSTEM32\CRYPTSP.dll
0x00007ff83d180000 - 0x00007ff83d1ba000 	C:\WINDOWS\system32\rsaenh.dll
0x00007ff83d840000 - 0x00007ff83d86b000 	C:\WINDOWS\SYSTEM32\USERENV.dll
0x00007ff83e360000 - 0x00007ff83e38a000 	C:\WINDOWS\SYSTEM32\bcrypt.dll
0x00007ff83da50000 - 0x00007ff83da5c000 	C:\WINDOWS\SYSTEM32\CRYPTBASE.dll
0x00007ff81a820000 - 0x00007ff81a82e000 	C:\Users\Haqii\.vscode\extensions\redhat.java-1.53.0-win32-x64\jre\21.0.10-win32-x86_64\bin\sunmscapi.dll
0x00007ff83ebf0000 - 0x00007ff83ed67000 	C:\WINDOWS\System32\CRYPT32.dll
0x00007ff83dc70000 - 0x00007ff83dca0000 	C:\WINDOWS\SYSTEM32\ncrypt.dll
0x00007ff83dc20000 - 0x00007ff83dc5f000 	C:\WINDOWS\SYSTEM32\NTASN1.dll
0x00007fffcf8b0000 - 0x00007fffcf8b8000 	C:\WINDOWS\system32\wshunix.dll

JVMTI agents:
C:\Users\Haqii\.gradle\wrapper\dists\gradle-8.13-bin\5xuhj0ry160q40clulazy9h7d\gradle-8.13\lib\agents\gradle-instrumentation-agent-8.13.jar path:C:\Users\Haqii\.vscode\extensions\redhat.java-1.53.0-win32-x64\jre\21.0.10-win32-x86_64\bin\instrument.dll, loaded, initialized, instrumentlib options:none

dbghelp: loaded successfully - version: 4.0.5 - missing functions: none
symbol engine: initialized successfully - sym options: 0x614 - pdb path: .;C:\Users\Haqii\.vscode\extensions\redhat.java-1.53.0-win32-x64\jre\21.0.10-win32-x86_64\bin;C:\WINDOWS\SYSTEM32;C:\WINDOWS\WinSxS\amd64_microsoft.windows.common-controls_6595b64144ccf1df_6.0.26100.7309_none_3e05feeae336a044;C:\Users\Haqii\.vscode\extensions\redhat.java-1.53.0-win32-x64\jre\21.0.10-win32-x86_64\bin\server;C:\Users\Haqii\.gradle\native\1def1411415f61bf3af743bc5b6707747c0891f09f0c88961ee8f79bc544acac\windows-amd64;C:\Users\Haqii\.gradle\native\0.2.7\x86_64-windows-gnu

VM Arguments:
jvm_args: --add-opens=java.base/java.lang=ALL-UNNAMED --add-opens=java.base/java.lang.invoke=ALL-UNNAMED --add-opens=java.base/java.util=ALL-UNNAMED --add-opens=java.prefs/java.util.prefs=ALL-UNNAMED --add-exports=jdk.compiler/com.sun.tools.javac.api=ALL-UNNAMED --add-exports=jdk.compiler/com.sun.tools.javac.util=ALL-UNNAMED --add-opens=java.base/java.util=ALL-UNNAMED --add-opens=java.prefs/java.util.prefs=ALL-UNNAMED --add-opens=java.base/java.nio.charset=ALL-UNNAMED --add-opens=java.base/java.net=ALL-UNNAMED --add-opens=java.base/java.util.concurrent.atomic=ALL-UNNAMED --add-opens=java.xml/javax.xml.namespace=ALL-UNNAMED -Xmx2048m -Dfile.encoding=UTF-8 -Duser.country=ID -Duser.language=en -Duser.variant -javaagent:C:\Users\Haqii\.gradle\wrapper\dists\gradle-8.13-bin\5xuhj0ry160q40clulazy9h7d\gradle-8.13\lib\agents\gradle-instrumentation-agent-8.13.jar 
java_command: org.gradle.launcher.daemon.bootstrap.GradleDaemon 8.13
java_class_path (initial): C:\Users\Haqii\.gradle\wrapper\dists\gradle-8.13-bin\5xuhj0ry160q40clulazy9h7d\gradle-8.13\lib\gradle-daemon-main-8.13.jar
Launcher Type: SUN_STANDARD

[Global flags]
     intx CICompilerCount                          = 12                                        {product} {ergonomic}
     uint ConcGCThreads                            = 3                                         {product} {ergonomic}
     uint G1ConcRefinementThreads                  = 13                                        {product} {ergonomic}
   size_t G1HeapRegionSize                         = 1048576                                   {product} {ergonomic}
    uintx GCDrainStackTargetSize                   = 64                                        {product} {ergonomic}
   size_t InitialHeapSize                          = 255852544                                 {product} {ergonomic}
   size_t MarkStackSize                            = 4194304                                   {product} {ergonomic}
   size_t MaxHeapSize                              = 2147483648                                {product} {command line}
   size_t MaxNewSize                               = 1287651328                                {product} {ergonomic}
   size_t MinHeapDeltaBytes                        = 1048576                                   {product} {ergonomic}
   size_t MinHeapSize                              = 8388608                                   {product} {ergonomic}
    uintx NonNMethodCodeHeapSize                   = 7602480                                {pd product} {ergonomic}
    uintx NonProfiledCodeHeapSize                  = 122027880                              {pd product} {ergonomic}
    uintx ProfiledCodeHeapSize                     = 122027880                              {pd product} {ergonomic}
    uintx ReservedCodeCacheSize                    = 251658240                              {pd product} {ergonomic}
     bool SegmentedCodeCache                       = true                                      {product} {ergonomic}
   size_t SoftMaxHeapSize                          = 2147483648                             {manageable} {ergonomic}
     bool UseCompressedOops                        = true                           {product lp64_product} {ergonomic}
     bool UseG1GC                                  = true                                      {product} {ergonomic}
     bool UseLargePagesIndividualAllocation        = false                                  {pd product} {ergonomic}

Logging:
Log output configuration:
 #0: stdout all=warning uptime,level,tags foldmultilines=false
 #1: stderr all=off uptime,level,tags foldmultilines=false

Release file:
JAVA_VERSION="21.0.10" 
MODULES="java.base java.compiler java.datatransfer java.xml java.prefs java.desktop java.instrument java.logging java.management java.security.sasl java.naming java.rmi java.management.rmi java.net.http java.scripting java.security.jgss java.transaction.xa java.sql java.sql.rowset java.xml.crypto java.se java.smartcardio jdk.accessibility jdk.internal.jvmstat jdk.attach jdk.charsets jdk.internal.opt jdk.zipfs jdk.compiler jdk.crypto.ec jdk.crypto.cryptoki jdk.crypto.mscapi jdk.dynalink jdk.internal.ed jdk.editpad jdk.hotspot.agent jdk.httpserver jdk.internal.le jdk.internal.vm.ci jdk.internal.vm.compiler jdk.internal.vm.compiler.management jdk.jartool jdk.javadoc jdk.jcmd jdk.management jdk.management.agent jdk.jconsole jdk.jdeps jdk.jdwp.agent jdk.jdi jdk.jfr jdk.jshell jdk.jsobject jdk.jstatd jdk.localedata jdk.management.jfr jdk.naming.dns jdk.naming.rmi jdk.net jdk.nio.mapmode jdk.random jdk.sctp jdk.security.auth jdk.security.jgss jdk.unsupported jdk.unsupported.desktop jdk.xml.dom" 

Environment Variables:
PATH=C:\Program Files\Common Files\Oracle\Java\javapath;C:\Program Files (x86)\Common Files\Oracle\Java\java8path;C:\Program Files (x86)\Common Files\Oracle\Java\javapath;C:\WINDOWS\system32;C:\WINDOWS;C:\WINDOWS\System32\Wbem;C:\WINDOWS\System32\WindowsPowerShell\v1.0\;C:\WINDOWS\System32\OpenSSH\;C:\xampp\php;C:\ProgramData\ComposerSetup\bin;C:\Program Files\Git\cmd;C:\Program Files\dotnet\;C:\ProgramData\chocolatey\bin;C:\Program Files\nodejs\;C:\Program Files\Common Files\Oracle\Java\javapath;C:\Windows\system32;C:\Windows;C:\Windows\System32\Wbem;C:\Windows\System32\WindowsPowerShell\v1.0\;C:\Windows\System32\OpenSSH\;C:\xampp\php;C:\ProgramData\ComposerSetup\bin;C:\Program Files\nodejs\;C:\Program Files\Git\cmd;C:\Program Files\dotnet\;C:\ProgramData\chocolatey\bin;c:\Users\Haqii\AppData\Local\Programs\cursor\resources\app\codeBin;C:\Users\Haqii\AppData\Local\Programs\Python\Launcher\;C:\Users\Haqii\AppData\Local\Microsoft\WindowsApps;C:\Users\Haqii\AppData\Local\Programs\Microsoft VS Code\bin;C:\Users\Haqii\AppData\Roaming\Composer\vendor\bin;C:\msys64\ucrt64\bin;C:\Users\Haqii\AppData\Local\spicetify;C:\Users\Haqii\.deno\bin;C:\Android\cmdline-tools\latest\bin;C:\Android\platform-tools;C:\Android\emulator;C:\Users\Haqii\AppData\Roaming\npm;C:\Users\Haqii\AppData\Local\Microsoft\WindowsApps;C:\laragon\bin\php\php-8.3.26-Win32-vs16-x64;C:\laragon\bin\composer;
USERNAME=Haqii
OS=Windows_NT
PROCESSOR_IDENTIFIER=AMD64 Family 25 Model 68 Stepping 1, AuthenticAMD
TMP=C:\Users\Haqii\AppData\Local\Temp
TEMP=C:\Users\Haqii\AppData\Local\Temp




Periodic native trim disabled

---------------  S Y S T E M  ---------------

OS:
 Windows 11 , 64 bit Build 26100 (10.0.26100.7309)
OS uptime: 0 days 1:15 hours

CPU: total 16 (initial active 16) (16 cores per cpu, 2 threads per core) family 25 model 68 stepping 1 microcode 0xa404102, cx8, cmov, fxsr, ht, mmx, 3dnowpref, sse, sse2, sse3, ssse3, sse4a, sse4.1, sse4.2, popcnt, lzcnt, tsc, tscinvbit, avx, avx2, aes, erms, clmul, bmi1, bmi2, adx, sha, fma, vzeroupper, clflush, clflushopt, rdtscp, rdpid, fsrm, f16c, pku, cet_ss
Processor Information for processor 0
  Max Mhz: 3201, Current Mhz: 2560, Mhz Limit: 3201
Processor Information for processor 1
  Max Mhz: 3201, Current Mhz: 3201, Mhz Limit: 3201
Processor Information for processor 2
  Max Mhz: 3201, Current Mhz: 2560, Mhz Limit: 3201
Processor Information for processor 3
  Max Mhz: 3201, Current Mhz: 3201, Mhz Limit: 3201
Processor Information for processor 4
  Max Mhz: 3201, Current Mhz: 2560, Mhz Limit: 3201
Processor Information for processor 5
  Max Mhz: 3201, Current Mhz: 2560, Mhz Limit: 3201
Processor Information for processor 6
  Max Mhz: 3201, Current Mhz: 3201, Mhz Limit: 3201
Processor Information for processor 7
  Max Mhz: 3201, Current Mhz: 3201, Mhz Limit: 3201
Processor Information for processor 8
  Max Mhz: 3201, Current Mhz: 2560, Mhz Limit: 3201
Processor Information for processor 9
  Max Mhz: 3201, Current Mhz: 2560, Mhz Limit: 3201
Processor Information for processor 10
  Max Mhz: 3201, Current Mhz: 2560, Mhz Limit: 3201
Processor Information for processor 11
  Max Mhz: 3201, Current Mhz: 2560, Mhz Limit: 3201
Processor Information for processor 12
  Max Mhz: 3201, Current Mhz: 3201, Mhz Limit: 3201
Processor Information for processor 13
  Max Mhz: 3201, Current Mhz: 2560, Mhz Limit: 3201
Processor Information for processor 14
  Max Mhz: 3201, Current Mhz: 3201, Mhz Limit: 3201
Processor Information for processor 15
  Max Mhz: 3201, Current Mhz: 2560, Mhz Limit: 3201

Memory: 4k page, system-wide physical 15613M (692M free)
TotalPageFile size 28925M (AvailPageFile size 40M)
current process WorkingSet (physical memory assigned to process): 420M, peak: 421M
current process commit charge ("private bytes"): 483M, peak: 501M

vm_info: OpenJDK 64-Bit Server VM (21.0.10+7-LTS) for windows-amd64 JRE (21.0.10+7-LTS), built on 2026-01-20T00:00:00Z by "admin" with MS VC++ 17.12 (VS2022)

END.
