#
# There is insufficient memory for the Java Runtime Environment to continue.
# Native memory allocation (mmap) failed to map 71303168 bytes. Error detail: G1 virtual space
# Possible reasons:
#   The system is out of physical RAM or swap space
#   This process is running with CompressedOops enabled, and the Java Heap may be blocking the growth of the native heap
# Possible solutions:
#   Reduce memory load on the system
#   Increase physical memory or swap space
#   Check if swap backing store is full
#   Decrease Java heap size (-Xmx/-Xms)
#   Decrease number of Java threads
#   Decrease Java thread stack sizes (-Xss)
#   Set larger code cache with -XX:ReservedCodeCacheSize=
#   JVM is running with Zero Based Compressed Oops mode in which the Java heap is
#     placed in the first 32GB address space. The Java Heap base address is the
#     maximum limit for the native heap growth. Please use -XX:HeapBaseMinAddress
#     to set the Java Heap base and to place the Java Heap above 32GB virtual address.
# This output file may be truncated or incomplete.
#
#  Out of Memory Error (os_windows.cpp:3703), pid=28116, tid=19072
#
# JRE version: Java(TM) SE Runtime Environment (23.0.1+11) (build 23.0.1+11-39)
# Java VM: Java HotSpot(TM) 64-Bit Server VM (23.0.1+11-39, mixed mode, sharing, tiered, compressed oops, compressed class ptrs, g1 gc, windows-amd64)
# No core dump will be written. Minidumps are not enabled by default on client versions of Windows
#

---------------  S U M M A R Y ------------

Command Line: -DkotlinLanguageServer.version=1.3.13 org.javacs.kt.MainKt

Host: AMD Ryzen 7 7735HS with Radeon Graphics        , 16 cores, 13G,  Windows 11 , 64 bit Build 26100 (10.0.26100.7309)
Time: Tue Mar 31 22:16:48 2026 SE Asia Standard Time elapsed time: 30.076026 seconds (0d 0h 0m 30s)

---------------  T H R E A D  ---------------

Current thread (0x000001bdaed17ea0):  VMThread "VM Thread"          [id=19072, stack(0x00000091e7200000,0x00000091e7300000) (1024K)]

Stack: [0x00000091e7200000,0x00000091e7300000]
Native frames: (J=compiled Java code, j=interpreted, Vv=VM code, C=native code)
V  [jvm.dll+0x6e08b9]  (no source info available)
V  [jvm.dll+0x87dc83]  (no source info available)
V  [jvm.dll+0x88010e]  (no source info available)
V  [jvm.dll+0x8807e3]  (no source info available)
V  [jvm.dll+0x27aee6]  (no source info available)
V  [jvm.dll+0x6dd1c5]  (no source info available)
V  [jvm.dll+0x6d104a]  (no source info available)
V  [jvm.dll+0x35b3ea]  (no source info available)
V  [jvm.dll+0x3637f6]  (no source info available)
V  [jvm.dll+0x34fd5e]  (no source info available)
V  [jvm.dll+0x34fff8]  (no source info available)
V  [jvm.dll+0x3289cc]  (no source info available)
V  [jvm.dll+0x32b3b9]  (no source info available)
V  [jvm.dll+0x335f74]  (no source info available)
V  [jvm.dll+0x372d55]  (no source info available)
V  [jvm.dll+0x886720]  (no source info available)
V  [jvm.dll+0x887a47]  (no source info available)
V  [jvm.dll+0x887f78]  (no source info available)
V  [jvm.dll+0x888213]  (no source info available)
V  [jvm.dll+0x824f8b]  (no source info available)
V  [jvm.dll+0x6df065]  (no source info available)
C  [ucrtbase.dll+0x37b0]  (no source info available)
C  [KERNEL32.DLL+0x2e8d7]  (no source info available)
C  [ntdll.dll+0x8c53c]  (no source info available)

VM_Operation (0x00000091e6dffb20): G1PauseRemark, mode: safepoint, requested by thread 0x000001bd9041ad10


---------------  P R O C E S S  ---------------

Threads class SMR info:
_java_thread_list=0x000001bd81b21db0, length=21, elements={
0x000001bdaed2f170, 0x000001bdaed30af0, 0x000001bdaed34bf0, 0x000001bdaed35650,
0x000001bdaed37af0, 0x000001bdaed40690, 0x000001bdaf7f8490, 0x000001bdaf7fc610,
0x000001bdaf940950, 0x000001bdaf94b270, 0x000001bdf66fcb00, 0x000001bd8dfaddc0,
0x000001bd8162a710, 0x000001bd80def1f0, 0x000001bd815e29d0, 0x000001bd80def8c0,
0x000001bd80df1ad0, 0x000001bd815e36f0, 0x000001bdaf7f8f90, 0x000001bdf568acc0,
0x000001bd80df1400
}

Java Threads: ( => current thread )
  0x000001bdaed2f170 JavaThread "Reference Handler"          daemon [_thread_blocked, id=27624, stack(0x00000091e7300000,0x00000091e7400000) (1024K)]
  0x000001bdaed30af0 JavaThread "Finalizer"                  daemon [_thread_blocked, id=26320, stack(0x00000091e7400000,0x00000091e7500000) (1024K)]
  0x000001bdaed34bf0 JavaThread "Signal Dispatcher"          daemon [_thread_blocked, id=27864, stack(0x00000091e7500000,0x00000091e7600000) (1024K)]
  0x000001bdaed35650 JavaThread "Attach Listener"            daemon [_thread_blocked, id=10808, stack(0x00000091e7600000,0x00000091e7700000) (1024K)]
  0x000001bdaed37af0 JavaThread "Service Thread"             daemon [_thread_blocked, id=27464, stack(0x00000091e7700000,0x00000091e7800000) (1024K)]
  0x000001bdaed40690 JavaThread "Monitor Deflation Thread"   daemon [_thread_blocked, id=26424, stack(0x00000091e7800000,0x00000091e7900000) (1024K)]
  0x000001bdaf7f8490 JavaThread "C2 CompilerThread0"         daemon [_thread_blocked, id=26840, stack(0x00000091e7900000,0x00000091e7a00000) (1024K)]
  0x000001bdaf7fc610 JavaThread "C1 CompilerThread0"         daemon [_thread_blocked, id=26984, stack(0x00000091e7a00000,0x00000091e7b00000) (1024K)]
  0x000001bdaf940950 JavaThread "Notification Thread"        daemon [_thread_blocked, id=25632, stack(0x00000091e7c00000,0x00000091e7d00000) (1024K)]
  0x000001bdaf94b270 JavaThread "Common-Cleaner"             daemon [_thread_blocked, id=25448, stack(0x00000091e7d00000,0x00000091e7e00000) (1024K)]
  0x000001bdf66fcb00 JavaThread "client"                            [_thread_in_native, id=28144, stack(0x00000091e9100000,0x00000091e9200000) (1024K)]
  0x000001bd8dfaddc0 JavaThread "DestroyJavaVM"                     [_thread_blocked, id=23236, stack(0x00000091e6b00000,0x00000091e6c00000) (1024K)]
  0x000001bd8162a710 JavaThread "async0"                            [_thread_blocked, id=27536, stack(0x00000091e9200000,0x00000091e9300000) (1024K)]
  0x000001bd80def1f0 JavaThread "C1 CompilerThread1"         daemon [_thread_blocked, id=25592, stack(0x00000091e7b00000,0x00000091e7c00000) (1024K)]
  0x000001bd815e29d0 JavaThread "async1"                            [_thread_blocked, id=26556, stack(0x00000091e7e00000,0x00000091e7f00000) (1024K)]
  0x000001bd80def8c0 JavaThread "C1 CompilerThread2"         daemon [_thread_blocked, id=23000, stack(0x00000091e8000000,0x00000091e8100000) (1024K)]
  0x000001bd80df1ad0 JavaThread "C1 CompilerThread3"         daemon [_thread_blocked, id=27792, stack(0x00000091e8100000,0x00000091e8200000) (1024K)]
  0x000001bd815e36f0 JavaThread "debounce0"                         [_thread_blocked, id=26308, stack(0x00000091e9700000,0x00000091e9800000) (1024K)]
  0x000001bdaf7f8f90 JavaThread "C2 CompilerThread1"         daemon [_thread_blocked, id=10800, stack(0x00000091e8f00000,0x00000091e9000000) (1024K)]
  0x000001bdf568acc0 JavaThread "async2"                            [_thread_blocked, id=23808, stack(0x00000091e9500000,0x00000091e9600000) (1024K)]
  0x000001bd80df1400 JavaThread "C2 CompilerThread2"         daemon [_thread_blocked, id=14540, stack(0x00000091e9000000,0x00000091e9100000) (1024K)]
Total: 21

Other Threads:
=>0x000001bdaed17ea0 VMThread "VM Thread"                           [id=19072, stack(0x00000091e7200000,0x00000091e7300000) (1024K)]
  0x000001bdaed02aa0 WatcherThread "VM Periodic Task Thread"        [id=27128, stack(0x00000091e7100000,0x00000091e7200000) (1024K)]
  0x000001bd90407aa0 WorkerThread "GC Thread#0"                     [id=18776, stack(0x00000091e6c00000,0x00000091e6d00000) (1024K)]
  0x000001bdf5a77550 WorkerThread "GC Thread#1"                     [id=26648, stack(0x00000091e8400000,0x00000091e8500000) (1024K)]
  0x000001bdf5a77900 WorkerThread "GC Thread#2"                     [id=25168, stack(0x00000091e8500000,0x00000091e8600000) (1024K)]
  0x000001bdf5a77cb0 WorkerThread "GC Thread#3"                     [id=27612, stack(0x00000091e8600000,0x00000091e8700000) (1024K)]
  0x000001bdf54df9b0 WorkerThread "GC Thread#4"                     [id=23228, stack(0x00000091e8700000,0x00000091e8800000) (1024K)]
  0x000001bdf5b2b0d0 WorkerThread "GC Thread#5"                     [id=28072, stack(0x00000091e8800000,0x00000091e8900000) (1024K)]
  0x000001bdf5b2b480 WorkerThread "GC Thread#6"                     [id=4680, stack(0x00000091e8900000,0x00000091e8a00000) (1024K)]
  0x000001bdf5b2f840 WorkerThread "GC Thread#7"                     [id=27852, stack(0x00000091e8a00000,0x00000091e8b00000) (1024K)]
  0x000001bdf5b7a530 WorkerThread "GC Thread#8"                     [id=26168, stack(0x00000091e7f00000,0x00000091e8000000) (1024K)]
  0x000001bdf5b79a20 WorkerThread "GC Thread#9"                     [id=27528, stack(0x00000091e8200000,0x00000091e8300000) (1024K)]
  0x000001bdf620eef0 WorkerThread "GC Thread#10"                    [id=25936, stack(0x00000091e8300000,0x00000091e8400000) (1024K)]
  0x000001bdf62129f0 WorkerThread "GC Thread#11"                    [id=25976, stack(0x00000091e8b00000,0x00000091e8c00000) (1024K)]
  0x000001bdf6212290 WorkerThread "GC Thread#12"                    [id=24688, stack(0x00000091e8c00000,0x00000091e8d00000) (1024K)]
  0x000001bd9041ad10 ConcurrentGCThread "G1 Main Marker"            [id=26668, stack(0x00000091e6d00000,0x00000091e6e00000) (1024K)]
  0x000001bd9041bfc0 WorkerThread "G1 Conc#0"                       [id=20112, stack(0x00000091e6e00000,0x00000091e6f00000) (1024K)]
  0x000001bdf6211ee0 WorkerThread "G1 Conc#1"                       [id=27796, stack(0x00000091e8d00000,0x00000091e8e00000) (1024K)]
  0x000001bdf6211780 WorkerThread "G1 Conc#2"                       [id=25952, stack(0x00000091e8e00000,0x00000091e8f00000) (1024K)]
  0x000001bd9045eb40 ConcurrentGCThread "G1 Refine#0"               [id=23852, stack(0x00000091e6f00000,0x00000091e7000000) (1024K)]
  0x000001bdaebd5790 ConcurrentGCThread "G1 Service"                [id=26760, stack(0x00000091e7000000,0x00000091e7100000) (1024K)]
Total: 21

Threads with active compile tasks:
C2 CompilerThread0  30157 20061       4       org.jetbrains.kotlin.resolve.calls.smartcasts.IdentifierInfoKt::getIdForSimpleNameExpression (279 bytes)
Total: 1

VM state: at safepoint (normal execution)

VM Mutex/Monitor currently owned by a thread:  ([mutex/lock_event])
[0x00007ff9b7833910] Threads_lock - owner thread: 0x000001bdaed17ea0
[0x00007ff9b7833a10] Heap_lock - owner thread: 0x000001bd9041ad10

Heap address: 0x0000000724000000, size: 3520 MB, Compressed Oops mode: Zero based, Oop shift amount: 3

CDS archive(s) mapped at: [0x000001bdb0000000-0x000001bdb0d70000-0x000001bdb0d70000), size 14090240, SharedBaseAddress: 0x000001bdb0000000, ArchiveRelocationMode: 1.
Compressed class space mapped at: 0x000001bdb1000000-0x000001bdf1000000, reserved size: 1073741824
Narrow klass base: 0x000001bdb0000000, Narrow klass shift: 0, Narrow klass range: 0x41000000

GC Precious Log:
 CardTable entry size: 512
 Card Set container configuration: InlinePtr #cards 4 size 8 Array Of Cards #cards 16 size 48 Howl #buckets 8 coarsen threshold 3686 Howl Bitmap #cards 512 size 80 coarsen threshold 460 Card regions per heap region 1 cards per card region 4096
 CPUs: 16 total, 16 available
 Memory: 14077M
 Large Page Support: Disabled
 NUMA Support: Disabled
 Compressed Oops: Enabled (Zero based)
 Heap Region Size: 2M
 Heap Min Capacity: 8M
 Heap Initial Capacity: 220M
 Heap Max Capacity: 3520M
 Pre-touch: Disabled
 Parallel Workers: 13
 Concurrent Workers: 3
 Concurrent Refinement Workers: 13
 Periodic GC: Disabled

Heap:
 garbage-first heap   total reserved 3604480K, committed 450560K, used 323418K [0x0000000724000000, 0x0000000800000000)
  region size 2048K, 16 young (32768K), 8 survivors (16384K)
 Metaspace       used 79854K, committed 80960K, reserved 1179648K
  class space    used 9102K, committed 9600K, reserved 1048576K

Heap Regions: E=young(eden), S=young(survivor), O=old, HS=humongous(starts), HC=humongous(continues), CS=collection set, F=free, TAMS=top-at-mark-start, PB=parsable bottom
|   0|0x0000000724000000, 0x0000000724200000, 0x0000000724200000|100%|HS|  |TAMS 0x0000000724200000| PB 0x0000000724000000| Complete |  0
|   1|0x0000000724200000, 0x0000000724400000, 0x0000000724400000|100%|HC|  |TAMS 0x0000000724400000| PB 0x0000000724200000| Complete |  0
|   2|0x0000000724400000, 0x0000000724600000, 0x0000000724600000|100%| O|  |TAMS 0x0000000724600000| PB 0x0000000724600000| Untracked |  0
|   3|0x0000000724600000, 0x0000000724800000, 0x0000000724800000|100%| O|  |TAMS 0x0000000724800000| PB 0x0000000724800000| Untracked |  0
|   4|0x0000000724800000, 0x0000000724a00000, 0x0000000724a00000|100%| O|  |TAMS 0x0000000724a00000| PB 0x0000000724a00000| Untracked |  0
|   5|0x0000000724a00000, 0x0000000724c00000, 0x0000000724c00000|100%| O|  |TAMS 0x0000000724c00000| PB 0x0000000724c00000| Untracked |  0
|   6|0x0000000724c00000, 0x0000000724e00000, 0x0000000724e00000|100%| O|  |TAMS 0x0000000724e00000| PB 0x0000000724e00000| Untracked |  0
|   7|0x0000000724e00000, 0x0000000725000000, 0x0000000725000000|100%| O|  |TAMS 0x0000000725000000| PB 0x0000000725000000| Untracked |  0
|   8|0x0000000725000000, 0x0000000725200000, 0x0000000725200000|100%| O|  |TAMS 0x0000000725200000| PB 0x0000000725200000| Untracked |  0
|   9|0x0000000725200000, 0x0000000725400000, 0x0000000725400000|100%| O|  |TAMS 0x0000000725400000| PB 0x0000000725400000| Untracked |  0
|  10|0x0000000725400000, 0x0000000725600000, 0x0000000725600000|100%|HS|  |TAMS 0x0000000725600000| PB 0x0000000725400000| Complete |  0
|  11|0x0000000725600000, 0x0000000725800000, 0x0000000725800000|100%| O|  |TAMS 0x0000000725800000| PB 0x0000000725800000| Untracked |  0
|  12|0x0000000725800000, 0x0000000725a00000, 0x0000000725a00000|100%|HS|  |TAMS 0x0000000725a00000| PB 0x0000000725800000| Complete |  0
|  13|0x0000000725a00000, 0x0000000725c00000, 0x0000000725c00000|100%| O|  |TAMS 0x0000000725c00000| PB 0x0000000725c00000| Untracked |  0
|  14|0x0000000725c00000, 0x0000000725e00000, 0x0000000725e00000|100%| O|  |TAMS 0x0000000725e00000| PB 0x0000000725e00000| Untracked |  0
|  15|0x0000000725e00000, 0x0000000726000000, 0x0000000726000000|100%| O|  |TAMS 0x0000000726000000| PB 0x0000000726000000| Untracked |  0
|  16|0x0000000726000000, 0x0000000726200000, 0x0000000726200000|100%| O|  |TAMS 0x0000000726200000| PB 0x0000000726200000| Untracked |  0
|  17|0x0000000726200000, 0x0000000726400000, 0x0000000726400000|100%| O|  |TAMS 0x0000000726400000| PB 0x0000000726400000| Untracked |  0
|  18|0x0000000726400000, 0x0000000726600000, 0x0000000726600000|100%| O|  |TAMS 0x0000000726600000| PB 0x0000000726600000| Untracked |  0
|  19|0x0000000726600000, 0x0000000726800000, 0x0000000726800000|100%| O|  |TAMS 0x0000000726800000| PB 0x0000000726800000| Untracked |  0
|  20|0x0000000726800000, 0x0000000726a00000, 0x0000000726a00000|100%| O|  |TAMS 0x0000000726a00000| PB 0x0000000726a00000| Untracked |  0
|  21|0x0000000726a00000, 0x0000000726c00000, 0x0000000726c00000|100%| O|  |TAMS 0x0000000726c00000| PB 0x0000000726c00000| Untracked |  0
|  22|0x0000000726c00000, 0x0000000726e00000, 0x0000000726e00000|100%| O|  |TAMS 0x0000000726e00000| PB 0x0000000726e00000| Untracked |  0
|  23|0x0000000726e00000, 0x0000000727000000, 0x0000000727000000|100%| O|  |TAMS 0x0000000727000000| PB 0x0000000727000000| Untracked |  0
|  24|0x0000000727000000, 0x0000000727200000, 0x0000000727200000|100%| O|  |TAMS 0x0000000727200000| PB 0x0000000727200000| Untracked |  0
|  25|0x0000000727200000, 0x0000000727400000, 0x0000000727400000|100%| O|  |TAMS 0x0000000727400000| PB 0x0000000727400000| Untracked |  0
|  26|0x0000000727400000, 0x0000000727600000, 0x0000000727600000|100%| O|  |TAMS 0x0000000727600000| PB 0x0000000727600000| Untracked |  0
|  27|0x0000000727600000, 0x0000000727800000, 0x0000000727800000|100%| O|  |TAMS 0x0000000727800000| PB 0x0000000727800000| Untracked |  0
|  28|0x0000000727800000, 0x0000000727a00000, 0x0000000727a00000|100%| O|  |TAMS 0x0000000727a00000| PB 0x0000000727a00000| Untracked |  0
|  29|0x0000000727a00000, 0x0000000727c00000, 0x0000000727c00000|100%| O|  |TAMS 0x0000000727c00000| PB 0x0000000727c00000| Untracked |  0
|  30|0x0000000727c00000, 0x0000000727e00000, 0x0000000727e00000|100%| O|  |TAMS 0x0000000727e00000| PB 0x0000000727e00000| Untracked |  0
|  31|0x0000000727e00000, 0x0000000728000000, 0x0000000728000000|100%| O|  |TAMS 0x0000000728000000| PB 0x0000000728000000| Untracked |  0
|  32|0x0000000728000000, 0x0000000728200000, 0x0000000728200000|100%| O|  |TAMS 0x0000000728200000| PB 0x0000000728200000| Untracked |  0
|  33|0x0000000728200000, 0x0000000728400000, 0x0000000728400000|100%| O|  |TAMS 0x0000000728400000| PB 0x0000000728400000| Untracked |  0
|  34|0x0000000728400000, 0x0000000728600000, 0x0000000728600000|100%| O|  |TAMS 0x0000000728600000| PB 0x0000000728600000| Untracked |  0
|  35|0x0000000728600000, 0x0000000728800000, 0x0000000728800000|100%| O|  |TAMS 0x0000000728800000| PB 0x0000000728800000| Untracked |  0
|  36|0x0000000728800000, 0x0000000728a00000, 0x0000000728a00000|100%| O|  |TAMS 0x0000000728a00000| PB 0x0000000728a00000| Untracked |  0
|  37|0x0000000728a00000, 0x0000000728c00000, 0x0000000728c00000|100%| O|  |TAMS 0x0000000728c00000| PB 0x0000000728c00000| Untracked |  0
|  38|0x0000000728c00000, 0x0000000728e00000, 0x0000000728e00000|100%| O|  |TAMS 0x0000000728e00000| PB 0x0000000728e00000| Untracked |  0
|  39|0x0000000728e00000, 0x0000000729000000, 0x0000000729000000|100%| O|  |TAMS 0x0000000729000000| PB 0x0000000729000000| Untracked |  0
|  40|0x0000000729000000, 0x0000000729200000, 0x0000000729200000|100%| O|  |TAMS 0x0000000729200000| PB 0x0000000729200000| Untracked |  0
|  41|0x0000000729200000, 0x0000000729400000, 0x0000000729400000|100%| O|  |TAMS 0x0000000729400000| PB 0x0000000729400000| Untracked |  0
|  42|0x0000000729400000, 0x0000000729600000, 0x0000000729600000|100%| O|  |TAMS 0x0000000729600000| PB 0x0000000729600000| Untracked |  0
|  43|0x0000000729600000, 0x0000000729800000, 0x0000000729800000|100%| O|  |TAMS 0x0000000729800000| PB 0x0000000729800000| Untracked |  0
|  44|0x0000000729800000, 0x0000000729a00000, 0x0000000729a00000|100%| O|  |TAMS 0x0000000729a00000| PB 0x0000000729a00000| Untracked |  0
|  45|0x0000000729a00000, 0x0000000729c00000, 0x0000000729c00000|100%| O|  |TAMS 0x0000000729c00000| PB 0x0000000729c00000| Untracked |  0
|  46|0x0000000729c00000, 0x0000000729e00000, 0x0000000729e00000|100%| O|  |TAMS 0x0000000729e00000| PB 0x0000000729e00000| Untracked |  0
|  47|0x0000000729e00000, 0x000000072a000000, 0x000000072a000000|100%| O|  |TAMS 0x000000072a000000| PB 0x000000072a000000| Untracked |  0
|  48|0x000000072a000000, 0x000000072a200000, 0x000000072a200000|100%| O|  |TAMS 0x000000072a200000| PB 0x000000072a200000| Untracked |  0
|  49|0x000000072a200000, 0x000000072a400000, 0x000000072a400000|100%| O|  |TAMS 0x000000072a400000| PB 0x000000072a400000| Untracked |  0
|  50|0x000000072a400000, 0x000000072a600000, 0x000000072a600000|100%| O|  |TAMS 0x000000072a600000| PB 0x000000072a600000| Untracked |  0
|  51|0x000000072a600000, 0x000000072a800000, 0x000000072a800000|100%| O|  |TAMS 0x000000072a800000| PB 0x000000072a800000| Untracked |  0
|  52|0x000000072a800000, 0x000000072aa00000, 0x000000072aa00000|100%| O|  |TAMS 0x000000072aa00000| PB 0x000000072aa00000| Untracked |  0
|  53|0x000000072aa00000, 0x000000072ac00000, 0x000000072ac00000|100%| O|  |TAMS 0x000000072ac00000| PB 0x000000072ac00000| Untracked |  0
|  54|0x000000072ac00000, 0x000000072ae00000, 0x000000072ae00000|100%| O|  |TAMS 0x000000072ae00000| PB 0x000000072ae00000| Untracked |  0
|  55|0x000000072ae00000, 0x000000072b000000, 0x000000072b000000|100%| O|  |TAMS 0x000000072b000000| PB 0x000000072b000000| Untracked |  0
|  56|0x000000072b000000, 0x000000072b200000, 0x000000072b200000|100%| O|  |TAMS 0x000000072b200000| PB 0x000000072b200000| Untracked |  0
|  57|0x000000072b200000, 0x000000072b400000, 0x000000072b400000|100%| O|  |TAMS 0x000000072b200000| PB 0x000000072b200000| Untracked |  0
|  58|0x000000072b400000, 0x000000072b600000, 0x000000072b600000|100%| O|  |TAMS 0x000000072b600000| PB 0x000000072b600000| Untracked |  0
|  59|0x000000072b600000, 0x000000072b800000, 0x000000072b800000|100%| O|  |TAMS 0x000000072b800000| PB 0x000000072b800000| Untracked |  0
|  60|0x000000072b800000, 0x000000072ba00000, 0x000000072ba00000|100%| O|  |TAMS 0x000000072ba00000| PB 0x000000072ba00000| Untracked |  0
|  61|0x000000072ba00000, 0x000000072bc00000, 0x000000072bc00000|100%| O|  |TAMS 0x000000072bc00000| PB 0x000000072bc00000| Untracked |  0
|  62|0x000000072bc00000, 0x000000072be00000, 0x000000072be00000|100%| O|  |TAMS 0x000000072be00000| PB 0x000000072be00000| Untracked |  0
|  63|0x000000072be00000, 0x000000072c000000, 0x000000072c000000|100%| O|  |TAMS 0x000000072c000000| PB 0x000000072c000000| Untracked |  0
|  64|0x000000072c000000, 0x000000072c200000, 0x000000072c200000|100%| O|  |TAMS 0x000000072c200000| PB 0x000000072c200000| Untracked |  0
|  65|0x000000072c200000, 0x000000072c400000, 0x000000072c400000|100%| O|  |TAMS 0x000000072c400000| PB 0x000000072c400000| Untracked |  0
|  66|0x000000072c400000, 0x000000072c600000, 0x000000072c600000|100%| O|  |TAMS 0x000000072c600000| PB 0x000000072c600000| Untracked |  0
|  67|0x000000072c600000, 0x000000072c800000, 0x000000072c800000|100%| O|  |TAMS 0x000000072c800000| PB 0x000000072c800000| Untracked |  0
|  68|0x000000072c800000, 0x000000072ca00000, 0x000000072ca00000|100%| O|  |TAMS 0x000000072ca00000| PB 0x000000072ca00000| Untracked |  0
|  69|0x000000072ca00000, 0x000000072cc00000, 0x000000072cc00000|100%| O|  |TAMS 0x000000072cc00000| PB 0x000000072cc00000| Untracked |  0
|  70|0x000000072cc00000, 0x000000072ce00000, 0x000000072ce00000|100%| O|  |TAMS 0x000000072ce00000| PB 0x000000072ce00000| Untracked |  0
|  71|0x000000072ce00000, 0x000000072d000000, 0x000000072d000000|100%| O|  |TAMS 0x000000072d000000| PB 0x000000072d000000| Untracked |  0
|  72|0x000000072d000000, 0x000000072d200000, 0x000000072d200000|100%| O|  |TAMS 0x000000072d200000| PB 0x000000072d200000| Untracked |  0
|  73|0x000000072d200000, 0x000000072d400000, 0x000000072d400000|100%| O|  |TAMS 0x000000072d400000| PB 0x000000072d400000| Untracked |  0
|  74|0x000000072d400000, 0x000000072d600000, 0x000000072d600000|100%| O|  |TAMS 0x000000072d600000| PB 0x000000072d600000| Untracked |  0
|  75|0x000000072d600000, 0x000000072d800000, 0x000000072d800000|100%| O|  |TAMS 0x000000072d800000| PB 0x000000072d800000| Untracked |  0
|  76|0x000000072d800000, 0x000000072da00000, 0x000000072da00000|100%| O|  |TAMS 0x000000072da00000| PB 0x000000072da00000| Untracked |  0
|  77|0x000000072da00000, 0x000000072dc00000, 0x000000072dc00000|100%| O|  |TAMS 0x000000072dc00000| PB 0x000000072dc00000| Untracked |  0
|  78|0x000000072dc00000, 0x000000072de00000, 0x000000072de00000|100%| O|  |TAMS 0x000000072de00000| PB 0x000000072de00000| Untracked |  0
|  79|0x000000072de00000, 0x000000072e000000, 0x000000072e000000|100%| O|  |TAMS 0x000000072e000000| PB 0x000000072e000000| Untracked |  0
|  80|0x000000072e000000, 0x000000072e200000, 0x000000072e200000|100%| O|  |TAMS 0x000000072e200000| PB 0x000000072e200000| Untracked |  0
|  81|0x000000072e200000, 0x000000072e400000, 0x000000072e400000|100%| O|  |TAMS 0x000000072e400000| PB 0x000000072e400000| Untracked |  0
|  82|0x000000072e400000, 0x000000072e600000, 0x000000072e600000|100%| O|  |TAMS 0x000000072e600000| PB 0x000000072e600000| Untracked |  0
|  83|0x000000072e600000, 0x000000072e800000, 0x000000072e800000|100%| O|  |TAMS 0x000000072e800000| PB 0x000000072e800000| Untracked |  0
|  84|0x000000072e800000, 0x000000072ea00000, 0x000000072ea00000|100%| O|  |TAMS 0x000000072ea00000| PB 0x000000072ea00000| Untracked |  0
|  85|0x000000072ea00000, 0x000000072ec00000, 0x000000072ec00000|100%| O|  |TAMS 0x000000072ec00000| PB 0x000000072ec00000| Untracked |  0
|  86|0x000000072ec00000, 0x000000072ee00000, 0x000000072ee00000|100%| O|  |TAMS 0x000000072ee00000| PB 0x000000072ee00000| Untracked |  0
|  87|0x000000072ee00000, 0x000000072f000000, 0x000000072f000000|100%| O|  |TAMS 0x000000072f000000| PB 0x000000072f000000| Untracked |  0
|  88|0x000000072f000000, 0x000000072f200000, 0x000000072f200000|100%| O|  |TAMS 0x000000072f200000| PB 0x000000072f200000| Untracked |  0
|  89|0x000000072f200000, 0x000000072f400000, 0x000000072f400000|100%| O|  |TAMS 0x000000072f400000| PB 0x000000072f400000| Untracked |  0
|  90|0x000000072f400000, 0x000000072f600000, 0x000000072f600000|100%| O|  |TAMS 0x000000072f600000| PB 0x000000072f600000| Untracked |  0
|  91|0x000000072f600000, 0x000000072f800000, 0x000000072f800000|100%| O|  |TAMS 0x000000072f800000| PB 0x000000072f800000| Untracked |  0
|  92|0x000000072f800000, 0x000000072fa00000, 0x000000072fa00000|100%| O|  |TAMS 0x000000072fa00000| PB 0x000000072fa00000| Untracked |  0
|  93|0x000000072fa00000, 0x000000072fc00000, 0x000000072fc00000|100%| O|  |TAMS 0x000000072fc00000| PB 0x000000072fc00000| Untracked |  0
|  94|0x000000072fc00000, 0x000000072fe00000, 0x000000072fe00000|100%| O|  |TAMS 0x000000072fe00000| PB 0x000000072fe00000| Untracked |  0
|  95|0x000000072fe00000, 0x0000000730000000, 0x0000000730000000|100%| O|  |TAMS 0x0000000730000000| PB 0x0000000730000000| Untracked |  0
|  96|0x0000000730000000, 0x0000000730200000, 0x0000000730200000|100%| O|  |TAMS 0x0000000730200000| PB 0x0000000730200000| Untracked |  0
|  97|0x0000000730200000, 0x0000000730400000, 0x0000000730400000|100%| O|  |TAMS 0x0000000730400000| PB 0x0000000730400000| Untracked |  0
|  98|0x0000000730400000, 0x0000000730600000, 0x0000000730600000|100%| O|  |TAMS 0x0000000730600000| PB 0x0000000730600000| Untracked |  0
|  99|0x0000000730600000, 0x0000000730800000, 0x0000000730800000|100%| O|  |TAMS 0x0000000730800000| PB 0x0000000730800000| Untracked |  0
| 100|0x0000000730800000, 0x0000000730a00000, 0x0000000730a00000|100%| O|  |TAMS 0x0000000730a00000| PB 0x0000000730a00000| Untracked |  0
| 101|0x0000000730a00000, 0x0000000730c00000, 0x0000000730c00000|100%| O|  |TAMS 0x0000000730c00000| PB 0x0000000730c00000| Untracked |  0
| 102|0x0000000730c00000, 0x0000000730e00000, 0x0000000730e00000|100%| O|  |TAMS 0x0000000730c00000| PB 0x0000000730c00000| Untracked |  0
| 103|0x0000000730e00000, 0x0000000731000000, 0x0000000731000000|100%| O|  |TAMS 0x0000000731000000| PB 0x0000000731000000| Untracked |  0
| 104|0x0000000731000000, 0x0000000731200000, 0x0000000731200000|100%| O|  |TAMS 0x0000000731200000| PB 0x0000000731200000| Untracked |  0
| 105|0x0000000731200000, 0x0000000731400000, 0x0000000731400000|100%| O|  |TAMS 0x0000000731400000| PB 0x0000000731400000| Untracked |  0
| 106|0x0000000731400000, 0x0000000731600000, 0x0000000731600000|100%| O|  |TAMS 0x0000000731600000| PB 0x0000000731600000| Untracked |  0
| 107|0x0000000731600000, 0x0000000731800000, 0x0000000731800000|100%| O|  |TAMS 0x0000000731800000| PB 0x0000000731800000| Untracked |  0
| 108|0x0000000731800000, 0x0000000731a00000, 0x0000000731a00000|100%| O|  |TAMS 0x0000000731a00000| PB 0x0000000731a00000| Untracked |  0
| 109|0x0000000731a00000, 0x0000000731c00000, 0x0000000731c00000|100%| O|  |TAMS 0x0000000731c00000| PB 0x0000000731c00000| Untracked |  0
| 110|0x0000000731c00000, 0x0000000731e00000, 0x0000000731e00000|100%| O|  |TAMS 0x0000000731c00000| PB 0x0000000731c00000| Untracked |  0
| 111|0x0000000731e00000, 0x0000000732000000, 0x0000000732000000|100%| O|  |TAMS 0x0000000732000000| PB 0x0000000732000000| Untracked |  0
| 112|0x0000000732000000, 0x0000000732200000, 0x0000000732200000|100%| O|  |TAMS 0x0000000732200000| PB 0x0000000732200000| Untracked |  0
| 113|0x0000000732200000, 0x0000000732400000, 0x0000000732400000|100%| O|  |TAMS 0x0000000732400000| PB 0x0000000732400000| Untracked |  0
| 114|0x0000000732400000, 0x0000000732600000, 0x0000000732600000|100%| O|  |TAMS 0x0000000732600000| PB 0x0000000732600000| Untracked |  0
| 115|0x0000000732600000, 0x0000000732800000, 0x0000000732800000|100%| O|  |TAMS 0x0000000732800000| PB 0x0000000732800000| Untracked |  0
| 116|0x0000000732800000, 0x0000000732a00000, 0x0000000732a00000|100%| O|  |TAMS 0x0000000732a00000| PB 0x0000000732a00000| Untracked |  0
| 117|0x0000000732a00000, 0x0000000732c00000, 0x0000000732c00000|100%| O|  |TAMS 0x0000000732c00000| PB 0x0000000732c00000| Untracked |  0
| 118|0x0000000732c00000, 0x0000000732e00000, 0x0000000732e00000|100%| O|  |TAMS 0x0000000732c00000| PB 0x0000000732c00000| Untracked |  0
| 119|0x0000000732e00000, 0x0000000733000000, 0x0000000733000000|100%| O|Cm|TAMS 0x0000000733000000| PB 0x0000000733000000| Updating |  0
| 120|0x0000000733000000, 0x0000000733200000, 0x0000000733200000|100%| O|  |TAMS 0x0000000733200000| PB 0x0000000733200000| Untracked |  0
| 121|0x0000000733200000, 0x0000000733400000, 0x0000000733400000|100%| O|  |TAMS 0x0000000733400000| PB 0x0000000733400000| Untracked |  0
| 122|0x0000000733400000, 0x0000000733600000, 0x0000000733600000|100%| O|Cm|TAMS 0x0000000733600000| PB 0x0000000733600000| Updating |  0
| 123|0x0000000733600000, 0x0000000733800000, 0x0000000733800000|100%| O|  |TAMS 0x0000000733800000| PB 0x0000000733800000| Untracked |  0
| 124|0x0000000733800000, 0x0000000733a00000, 0x0000000733a00000|100%| O|  |TAMS 0x0000000733a00000| PB 0x0000000733a00000| Untracked |  0
| 125|0x0000000733a00000, 0x0000000733c00000, 0x0000000733c00000|100%| O|  |TAMS 0x0000000733c00000| PB 0x0000000733c00000| Untracked |  0
| 126|0x0000000733c00000, 0x0000000733e00000, 0x0000000733e00000|100%| O|  |TAMS 0x0000000733e00000| PB 0x0000000733e00000| Untracked |  0
| 127|0x0000000733e00000, 0x0000000734000000, 0x0000000734000000|100%| O|  |TAMS 0x0000000734000000| PB 0x0000000734000000| Untracked |  0
| 128|0x0000000734000000, 0x0000000734200000, 0x0000000734200000|100%| O|Cm|TAMS 0x0000000734200000| PB 0x0000000734200000| Updating |  0
| 129|0x0000000734200000, 0x0000000734400000, 0x0000000734400000|100%| O|  |TAMS 0x0000000734400000| PB 0x0000000734400000| Untracked |  0
| 130|0x0000000734400000, 0x0000000734600000, 0x0000000734600000|100%| O|  |TAMS 0x0000000734600000| PB 0x0000000734600000| Untracked |  0
| 131|0x0000000734600000, 0x0000000734800000, 0x0000000734800000|100%| O|  |TAMS 0x0000000734800000| PB 0x0000000734800000| Untracked |  0
| 132|0x0000000734800000, 0x0000000734a00000, 0x0000000734a00000|100%| O|  |TAMS 0x0000000734a00000| PB 0x0000000734a00000| Untracked |  0
| 133|0x0000000734a00000, 0x0000000734c00000, 0x0000000734c00000|100%| O|  |TAMS 0x0000000734c00000| PB 0x0000000734c00000| Untracked |  0
| 134|0x0000000734c00000, 0x0000000734e00000, 0x0000000734e00000|100%| O|  |TAMS 0x0000000734e00000| PB 0x0000000734e00000| Untracked |  0
| 135|0x0000000734e00000, 0x0000000735000000, 0x0000000735000000|100%| O|  |TAMS 0x0000000735000000| PB 0x0000000735000000| Untracked |  0
| 136|0x0000000735000000, 0x0000000735200000, 0x0000000735200000|100%| O|Cm|TAMS 0x0000000735200000| PB 0x0000000735200000| Updating |  0
| 137|0x0000000735200000, 0x0000000735400000, 0x0000000735400000|100%| O|  |TAMS 0x0000000735266030| PB 0x0000000735266030| Untracked |  0
| 138|0x0000000735400000, 0x0000000735600000, 0x0000000735600000|100%| O|  |TAMS 0x0000000735400000| PB 0x0000000735400000| Untracked |  0
| 139|0x0000000735600000, 0x0000000735800000, 0x0000000735800000|100%| O|  |TAMS 0x0000000735600000| PB 0x0000000735600000| Untracked |  0
| 140|0x0000000735800000, 0x0000000735a00000, 0x0000000735a00000|100%| O|  |TAMS 0x0000000735800000| PB 0x0000000735800000| Untracked |  0
| 141|0x0000000735a00000, 0x0000000735b5c960, 0x0000000735c00000| 68%| O|  |TAMS 0x0000000735a00000| PB 0x0000000735a00000| Untracked |  0
| 142|0x0000000735c00000, 0x0000000735c00000, 0x0000000735e00000|  0%| F|  |TAMS 0x0000000735c00000| PB 0x0000000735c00000| Untracked |  0
| 143|0x0000000735e00000, 0x0000000735e00000, 0x0000000736000000|  0%| F|  |TAMS 0x0000000735e00000| PB 0x0000000735e00000| Untracked |  0
| 144|0x0000000736000000, 0x0000000736000000, 0x0000000736200000|  0%| F|  |TAMS 0x0000000736000000| PB 0x0000000736000000| Untracked |  0
| 145|0x0000000736200000, 0x0000000736200000, 0x0000000736400000|  0%| F|  |TAMS 0x0000000736200000| PB 0x0000000736200000| Untracked |  0
| 146|0x0000000736400000, 0x0000000736400000, 0x0000000736600000|  0%| F|  |TAMS 0x0000000736400000| PB 0x0000000736400000| Untracked |  0
| 147|0x0000000736600000, 0x0000000736600000, 0x0000000736800000|  0%| F|  |TAMS 0x0000000736600000| PB 0x0000000736600000| Untracked |  0
| 148|0x0000000736800000, 0x0000000736800000, 0x0000000736a00000|  0%| F|  |TAMS 0x0000000736800000| PB 0x0000000736800000| Untracked |  0
| 149|0x0000000736a00000, 0x0000000736a00000, 0x0000000736c00000|  0%| F|  |TAMS 0x0000000736a00000| PB 0x0000000736a00000| Untracked |  0
| 150|0x0000000736c00000, 0x0000000736c00000, 0x0000000736e00000|  0%| F|  |TAMS 0x0000000736c00000| PB 0x0000000736c00000| Untracked |  0
| 151|0x0000000736e00000, 0x0000000736e00000, 0x0000000737000000|  0%| F|  |TAMS 0x0000000736e00000| PB 0x0000000736e00000| Untracked |  0
| 152|0x0000000737000000, 0x0000000737000000, 0x0000000737200000|  0%| F|  |TAMS 0x0000000737000000| PB 0x0000000737000000| Untracked |  0
| 153|0x0000000737200000, 0x0000000737200000, 0x0000000737400000|  0%| F|  |TAMS 0x0000000737200000| PB 0x0000000737200000| Untracked |  0
| 154|0x0000000737400000, 0x0000000737400000, 0x0000000737600000|  0%| F|  |TAMS 0x0000000737400000| PB 0x0000000737400000| Untracked |  0
| 155|0x0000000737600000, 0x0000000737679ef0, 0x0000000737800000| 23%| S|CS|TAMS 0x0000000737600000| PB 0x0000000737600000| Complete |  0
| 156|0x0000000737800000, 0x0000000737a00000, 0x0000000737a00000|100%| S|CS|TAMS 0x0000000737800000| PB 0x0000000737800000| Complete |  0
| 157|0x0000000737a00000, 0x0000000737c00000, 0x0000000737c00000|100%| S|CS|TAMS 0x0000000737a00000| PB 0x0000000737a00000| Complete |  0
| 158|0x0000000737c00000, 0x0000000737e00000, 0x0000000737e00000|100%| S|CS|TAMS 0x0000000737c00000| PB 0x0000000737c00000| Complete |  0
| 159|0x0000000737e00000, 0x0000000738000000, 0x0000000738000000|100%| S|CS|TAMS 0x0000000737e00000| PB 0x0000000737e00000| Complete |  0
| 160|0x0000000738000000, 0x0000000738200000, 0x0000000738200000|100%| S|CS|TAMS 0x0000000738000000| PB 0x0000000738000000| Complete |  0
| 161|0x0000000738200000, 0x0000000738400000, 0x0000000738400000|100%| S|CS|TAMS 0x0000000738200000| PB 0x0000000738200000| Complete |  0
| 162|0x0000000738400000, 0x0000000738600000, 0x0000000738600000|100%| S|CS|TAMS 0x0000000738400000| PB 0x0000000738400000| Complete |  0
| 163|0x0000000738600000, 0x0000000738600000, 0x0000000738800000|  0%| F|  |TAMS 0x0000000738600000| PB 0x0000000738600000| Untracked |  0
| 164|0x0000000738800000, 0x0000000738800000, 0x0000000738a00000|  0%| F|  |TAMS 0x0000000738800000| PB 0x0000000738800000| Untracked |  0
| 165|0x0000000738a00000, 0x0000000738a00000, 0x0000000738c00000|  0%| F|  |TAMS 0x0000000738a00000| PB 0x0000000738a00000| Untracked |  0
| 166|0x0000000738c00000, 0x0000000738c00000, 0x0000000738e00000|  0%| F|  |TAMS 0x0000000738c00000| PB 0x0000000738c00000| Untracked |  0
| 167|0x0000000738e00000, 0x0000000738e00000, 0x0000000739000000|  0%| F|  |TAMS 0x0000000738e00000| PB 0x0000000738e00000| Untracked |  0
| 168|0x0000000739000000, 0x0000000739000000, 0x0000000739200000|  0%| F|  |TAMS 0x0000000739000000| PB 0x0000000739000000| Untracked |  0
| 169|0x0000000739200000, 0x0000000739200000, 0x0000000739400000|  0%| F|  |TAMS 0x0000000739200000| PB 0x0000000739200000| Untracked |  0
| 170|0x0000000739400000, 0x0000000739400000, 0x0000000739600000|  0%| F|  |TAMS 0x0000000739400000| PB 0x0000000739400000| Untracked |  0
| 171|0x0000000739600000, 0x0000000739600000, 0x0000000739800000|  0%| F|  |TAMS 0x0000000739600000| PB 0x0000000739600000| Untracked |  0
| 172|0x0000000739800000, 0x0000000739800000, 0x0000000739a00000|  0%| F|  |TAMS 0x0000000739800000| PB 0x0000000739800000| Untracked |  0
| 173|0x0000000739a00000, 0x0000000739a00000, 0x0000000739c00000|  0%| F|  |TAMS 0x0000000739a00000| PB 0x0000000739a00000| Untracked |  0
| 174|0x0000000739c00000, 0x0000000739c00000, 0x0000000739e00000|  0%| F|  |TAMS 0x0000000739c00000| PB 0x0000000739c00000| Untracked |  0
| 175|0x0000000739e00000, 0x0000000739e00000, 0x000000073a000000|  0%| F|  |TAMS 0x0000000739e00000| PB 0x0000000739e00000| Untracked |  0
| 176|0x000000073a000000, 0x000000073a000000, 0x000000073a200000|  0%| F|  |TAMS 0x000000073a000000| PB 0x000000073a000000| Untracked |  0
| 177|0x000000073a200000, 0x000000073a200000, 0x000000073a400000|  0%| F|  |TAMS 0x000000073a200000| PB 0x000000073a200000| Untracked |  0
| 178|0x000000073a400000, 0x000000073a400000, 0x000000073a600000|  0%| F|  |TAMS 0x000000073a400000| PB 0x000000073a400000| Untracked |  0
| 179|0x000000073a600000, 0x000000073a600000, 0x000000073a800000|  0%| F|  |TAMS 0x000000073a600000| PB 0x000000073a600000| Untracked |  0
| 180|0x000000073a800000, 0x000000073a800000, 0x000000073aa00000|  0%| F|  |TAMS 0x000000073a800000| PB 0x000000073a800000| Untracked |  0
| 181|0x000000073aa00000, 0x000000073aa00000, 0x000000073ac00000|  0%| F|  |TAMS 0x000000073aa00000| PB 0x000000073aa00000| Untracked |  0
| 182|0x000000073ac00000, 0x000000073ac00000, 0x000000073ae00000|  0%| F|  |TAMS 0x000000073ac00000| PB 0x000000073ac00000| Untracked |  0
| 183|0x000000073ae00000, 0x000000073ae00000, 0x000000073b000000|  0%| F|  |TAMS 0x000000073ae00000| PB 0x000000073ae00000| Untracked |  0
| 184|0x000000073b000000, 0x000000073b000000, 0x000000073b200000|  0%| F|  |TAMS 0x000000073b000000| PB 0x000000073b000000| Untracked |  0
| 185|0x000000073b200000, 0x000000073b200000, 0x000000073b400000|  0%| F|  |TAMS 0x000000073b200000| PB 0x000000073b200000| Untracked |  0
| 186|0x000000073b400000, 0x000000073b400000, 0x000000073b600000|  0%| F|  |TAMS 0x000000073b400000| PB 0x000000073b400000| Untracked |  0
| 187|0x000000073b600000, 0x000000073b600000, 0x000000073b800000|  0%| F|  |TAMS 0x000000073b600000| PB 0x000000073b600000| Untracked |  0
| 188|0x000000073b800000, 0x000000073b800000, 0x000000073ba00000|  0%| F|  |TAMS 0x000000073b800000| PB 0x000000073b800000| Untracked |  0
| 189|0x000000073ba00000, 0x000000073ba00000, 0x000000073bc00000|  0%| F|  |TAMS 0x000000073ba00000| PB 0x000000073ba00000| Untracked |  0
| 190|0x000000073bc00000, 0x000000073bc00000, 0x000000073be00000|  0%| F|  |TAMS 0x000000073bc00000| PB 0x000000073bc00000| Untracked |  0
| 191|0x000000073be00000, 0x000000073be00000, 0x000000073c000000|  0%| F|  |TAMS 0x000000073be00000| PB 0x000000073be00000| Untracked |  0
| 192|0x000000073c000000, 0x000000073c000000, 0x000000073c200000|  0%| F|  |TAMS 0x000000073c000000| PB 0x000000073c000000| Untracked |  0
| 193|0x000000073c200000, 0x000000073c200000, 0x000000073c400000|  0%| F|  |TAMS 0x000000073c200000| PB 0x000000073c200000| Untracked |  0
| 194|0x000000073c400000, 0x000000073c400000, 0x000000073c600000|  0%| F|  |TAMS 0x000000073c400000| PB 0x000000073c400000| Untracked |  0
| 195|0x000000073c600000, 0x000000073c600000, 0x000000073c800000|  0%| F|  |TAMS 0x000000073c600000| PB 0x000000073c600000| Untracked |  0
| 196|0x000000073c800000, 0x000000073c800000, 0x000000073ca00000|  0%| F|  |TAMS 0x000000073c800000| PB 0x000000073c800000| Untracked |  0
| 197|0x000000073ca00000, 0x000000073ca00000, 0x000000073cc00000|  0%| F|  |TAMS 0x000000073ca00000| PB 0x000000073ca00000| Untracked |  0
| 198|0x000000073cc00000, 0x000000073cc00000, 0x000000073ce00000|  0%| F|  |TAMS 0x000000073cc00000| PB 0x000000073cc00000| Untracked |  0
| 199|0x000000073ce00000, 0x000000073ce00000, 0x000000073d000000|  0%| F|  |TAMS 0x000000073ce00000| PB 0x000000073ce00000| Untracked |  0
| 200|0x000000073d000000, 0x000000073d000000, 0x000000073d200000|  0%| F|  |TAMS 0x000000073d000000| PB 0x000000073d000000| Untracked |  0
| 201|0x000000073d200000, 0x000000073d200000, 0x000000073d400000|  0%| F|  |TAMS 0x000000073d200000| PB 0x000000073d200000| Untracked |  0
| 202|0x000000073d400000, 0x000000073d400000, 0x000000073d600000|  0%| F|  |TAMS 0x000000073d400000| PB 0x000000073d400000| Untracked |  0
| 203|0x000000073d600000, 0x000000073d600000, 0x000000073d800000|  0%| F|  |TAMS 0x000000073d600000| PB 0x000000073d600000| Untracked |  0
| 204|0x000000073d800000, 0x000000073d800000, 0x000000073da00000|  0%| F|  |TAMS 0x000000073d800000| PB 0x000000073d800000| Untracked |  0
| 205|0x000000073da00000, 0x000000073da00000, 0x000000073dc00000|  0%| F|  |TAMS 0x000000073da00000| PB 0x000000073da00000| Untracked |  0
| 206|0x000000073dc00000, 0x000000073dc00000, 0x000000073de00000|  0%| F|  |TAMS 0x000000073dc00000| PB 0x000000073dc00000| Untracked |  0
| 207|0x000000073de00000, 0x000000073de00000, 0x000000073e000000|  0%| F|  |TAMS 0x000000073de00000| PB 0x000000073de00000| Untracked |  0
| 208|0x000000073e000000, 0x000000073e000000, 0x000000073e200000|  0%| F|  |TAMS 0x000000073e000000| PB 0x000000073e000000| Untracked |  0
| 209|0x000000073e200000, 0x000000073e200000, 0x000000073e400000|  0%| F|  |TAMS 0x000000073e200000| PB 0x000000073e200000| Untracked |  0
| 210|0x000000073e400000, 0x000000073e600000, 0x000000073e600000|100%| E|  |TAMS 0x000000073e400000| PB 0x000000073e400000| Complete |  0
| 211|0x000000073e600000, 0x000000073e800000, 0x000000073e800000|100%| E|CS|TAMS 0x000000073e600000| PB 0x000000073e600000| Complete |  0
| 212|0x000000073e800000, 0x000000073ea00000, 0x000000073ea00000|100%| E|CS|TAMS 0x000000073e800000| PB 0x000000073e800000| Complete |  0
| 213|0x000000073ea00000, 0x000000073ec00000, 0x000000073ec00000|100%| E|CS|TAMS 0x000000073ea00000| PB 0x000000073ea00000| Complete |  0
| 214|0x000000073ec00000, 0x000000073ee00000, 0x000000073ee00000|100%| E|CS|TAMS 0x000000073ec00000| PB 0x000000073ec00000| Complete |  0
| 215|0x000000073ee00000, 0x000000073f000000, 0x000000073f000000|100%| E|CS|TAMS 0x000000073ee00000| PB 0x000000073ee00000| Complete |  0
| 216|0x000000073f000000, 0x000000073f200000, 0x000000073f200000|100%| E|CS|TAMS 0x000000073f000000| PB 0x000000073f000000| Complete |  0
|1757|0x00000007ffa00000, 0x00000007ffc00000, 0x00000007ffc00000|100%| E|CS|TAMS 0x00000007ffa00000| PB 0x00000007ffa00000| Complete |  0
|1758|0x00000007ffc00000, 0x00000007ffe00000, 0x00000007ffe00000|100%| O|  |TAMS 0x00000007ffe00000| PB 0x00000007ffe00000| Untracked |  0
|1759|0x00000007ffe00000, 0x0000000800000000, 0x0000000800000000|100%| O|  |TAMS 0x0000000800000000| PB 0x0000000800000000| Untracked |  0

Card table byte_map: [0x000001bda8a40000,0x000001bda9120000] _byte_map_base: 0x000001bda5120000

Marking Bits: (CMBitMap*) 0x000001bd904081b0
 Bits: [0x000001bda9120000, 0x000001bdac820000)

Polling page: 0x000001bd8e220000

Metaspace:

Usage:
  Non-class:     69.09 MB used.
      Class:      8.89 MB used.
       Both:     77.98 MB used.

Virtual space:
  Non-class space:      128.00 MB reserved,      69.69 MB ( 54%) committed,  2 nodes.
      Class space:        1.00 GB reserved,       9.38 MB ( <1%) committed,  1 nodes.
             Both:        1.12 GB reserved,      79.06 MB (  7%) committed. 

Chunk freelists:
   Non-Class:  10.17 MB
       Class:  6.61 MB
        Both:  16.78 MB

MaxMetaspaceSize: unlimited
CompressedClassSpaceSize: 1.00 GB
Initial GC threshold: 21.00 MB
Current GC threshold: 131.19 MB
CDS: on
 - commit_granule_bytes: 65536.
 - commit_granule_words: 8192.
 - virtual_space_node_default_size: 8388608.
 - enlarge_chunks_in_place: 1.
 - use_allocation_guard: 0.


Internal statistics:

num_allocs_failed_limit: 6.
num_arena_births: 1642.
num_arena_deaths: 0.
num_vsnodes_births: 3.
num_vsnodes_deaths: 0.
num_space_committed: 1263.
num_space_uncommitted: 0.
num_chunks_returned_to_freelist: 6.
num_chunks_taken_from_freelist: 4676.
num_chunk_merges: 3.
num_chunk_splits: 3419.
num_chunks_enlarged: 2592.
num_inconsistent_stats: 0.

CodeHeap 'non-profiled nmethods': size=119232Kb used=9414Kb max_used=10102Kb free=109817Kb
 bounds [0x000001bda0660000, 0x000001bda1040000, 0x000001bda7ad0000]
CodeHeap 'profiled nmethods': size=119104Kb used=33323Kb max_used=39267Kb free=85780Kb
 bounds [0x000001bd98ad0000, 0x000001bd9b130000, 0x000001bd9ff20000]
CodeHeap 'non-nmethods': size=7424Kb used=3446Kb max_used=3523Kb free=3977Kb
 bounds [0x000001bd9ff20000, 0x000001bda02a0000, 0x000001bda0660000]
CodeCache: size=245760Kb, used=46183Kb, max_used=52892Kb, free=199574Kb
 total_blobs=15649, nmethods=14868, adapters=678, full_count=0
Compilation: enabled, stopped_count=0, restarted_count=0

Compilation events (20 events):
Event: 28.912 Thread 0x000001bd80df1ad0 nmethod 20087 0x000001bd98ca2b08 code [0x000001bd98ca2c80, 0x000001bd98ca3098]
Event: 28.912 Thread 0x000001bd80df1400 20086       4       org.jetbrains.kotlin.resolve.calls.components.SimpleArgumentsChecksKt::checkExpressionArgument (385 bytes)
Event: 28.920 Thread 0x000001bdaf7f8f90 nmethod 20081 0x000001bda0c46e88 code [0x000001bda0c47180, 0x000001bda0c48458]
Event: 28.920 Thread 0x000001bdaf7f8f90 20088       4       com.google.common.collect.AbstractMapBasedMultimap$WrappedCollection$WrappedIterator::hasNext (14 bytes)
Event: 28.921 Thread 0x000001bd80df1ad0 20089       3       org.jetbrains.kotlin.load.kotlin.AbstractBinaryClassAnnotationLoader::toBinaryClass (33 bytes)
Event: 28.921 Thread 0x000001bd80df1ad0 nmethod 20089 0x000001bd98eea088 code [0x000001bd98eea1c0, 0x000001bd98eea570]
Event: 28.925 Thread 0x000001bd80df1ad0 20091       3       org.jetbrains.kotlin.util.capitalizeDecapitalize.CapitalizeDecapitalizeKt::toLowerCaseAsciiOnly (95 bytes)
Event: 28.926 Thread 0x000001bd80df1ad0 nmethod 20091 0x000001bd9911d508 code [0x000001bd9911d7e0, 0x000001bd9911eb00]
Event: 28.932 Thread 0x000001bdaf7f8f90 nmethod 20088 0x000001bda0c2cb88 code [0x000001bda0c2cd40, 0x000001bda0c2d778]
Event: 28.932 Thread 0x000001bdaf7f8f90 20090       4       org.jetbrains.kotlin.descriptors.annotations.CompositeAnnotations$$Lambda/0x000001bdb188dfd8::invoke (8 bytes)
Event: 28.933 Thread 0x000001bd80def1f0 20092       2       org.jetbrains.kotlin.resolve.calls.components.CreateFreshVariablesSubstitutor::process (557 bytes)
Event: 28.933 Thread 0x000001bd80df1ad0 20093       2       org.jetbrains.kotlin.resolve.calls.components.PostponedVariablesInitializerResolutionPart::process (287 bytes)
Event: 28.933 Thread 0x000001bdaf7fc610 20094       2       org.jetbrains.kotlin.resolve.calls.components.CheckIncompatibleTypeVariableUpperBounds::process (396 bytes)
Event: 28.934 Thread 0x000001bdaf7f8f90 nmethod 20090 0x000001bda074e908 code [0x000001bda074ea20, 0x000001bda074eba0]
Event: 28.934 Thread 0x000001bdaf7f8f90 20085       4       org.jetbrains.kotlin.resolve.calls.components.ClassicTypeSystemContextForCS::supertypes (6 bytes)
Event: 28.935 Thread 0x000001bdaf7f8f90 nmethod 20085 0x000001bda074f608 code [0x000001bda074f720, 0x000001bda074f870]
Event: 28.936 Thread 0x000001bdaf7fc610 nmethod 20094 0x000001bd9acf9e08 code [0x000001bd9acfa380, 0x000001bd9acfc280]
Event: 28.937 Thread 0x000001bd80df1ad0 nmethod 20093 0x000001bd98e99c88 code [0x000001bd98e9a320, 0x000001bd98e9c6d8]
Event: 28.937 Thread 0x000001bd80def1f0 nmethod 20092 0x000001bd99158688 code [0x000001bd99158d00, 0x000001bd9915b0b0]
Event: 28.938 Thread 0x000001bd80df1400 nmethod 20086 0x000001bda0843008 code [0x000001bda0843320, 0x000001bda0844858]

GC Heap History (20 events):
Event: 20.509 GC heap before
{Heap before GC invocations=54 (full 0):
 garbage-first heap   total reserved 3604480K, committed 409600K, used 290467K [0x0000000724000000, 0x0000000800000000)
  region size 2048K, 76 young (155648K), 10 survivors (20480K)
 Metaspace       used 77180K, committed 78208K, reserved 1179648K
  class space    used 8884K, committed 9344K, reserved 1048576K
}
Event: 20.523 GC heap after
{Heap after GC invocations=55 (full 0):
 garbage-first heap   total reserved 3604480K, committed 409600K, used 170132K [0x0000000724000000, 0x0000000800000000)
  region size 2048K, 10 young (20480K), 10 survivors (20480K)
 Metaspace       used 77180K, committed 78208K, reserved 1179648K
  class space    used 8884K, committed 9344K, reserved 1048576K
}
Event: 21.831 GC heap before
{Heap before GC invocations=55 (full 0):
 garbage-first heap   total reserved 3604480K, committed 409600K, used 313492K [0x0000000724000000, 0x0000000800000000)
  region size 2048K, 79 young (161792K), 10 survivors (20480K)
 Metaspace       used 78622K, committed 79680K, reserved 1179648K
  class space    used 9025K, committed 9536K, reserved 1048576K
}
Event: 21.845 GC heap after
{Heap after GC invocations=56 (full 0):
 garbage-first heap   total reserved 3604480K, committed 409600K, used 192512K [0x0000000724000000, 0x0000000800000000)
  region size 2048K, 10 young (20480K), 10 survivors (20480K)
 Metaspace       used 78622K, committed 79680K, reserved 1179648K
  class space    used 9025K, committed 9536K, reserved 1048576K
}
Event: 22.402 GC heap before
{Heap before GC invocations=56 (full 0):
 garbage-first heap   total reserved 3604480K, committed 409600K, used 335872K [0x0000000724000000, 0x0000000800000000)
  region size 2048K, 77 young (157696K), 10 survivors (20480K)
 Metaspace       used 78851K, committed 79872K, reserved 1179648K
  class space    used 9040K, committed 9536K, reserved 1048576K
}
Event: 22.415 GC heap after
{Heap after GC invocations=57 (full 0):
 garbage-first heap   total reserved 3604480K, committed 409600K, used 213074K [0x0000000724000000, 0x0000000800000000)
  region size 2048K, 10 young (20480K), 10 survivors (20480K)
 Metaspace       used 78851K, committed 79872K, reserved 1179648K
  class space    used 9040K, committed 9536K, reserved 1048576K
}
Event: 22.671 GC heap before
{Heap before GC invocations=57 (full 0):
 garbage-first heap   total reserved 3604480K, committed 409600K, used 342098K [0x0000000724000000, 0x0000000800000000)
  region size 2048K, 72 young (147456K), 10 survivors (20480K)
 Metaspace       used 78859K, committed 79936K, reserved 1179648K
  class space    used 9041K, committed 9536K, reserved 1048576K
}
Event: 22.682 GC heap after
{Heap after GC invocations=58 (full 0):
 garbage-first heap   total reserved 3604480K, committed 409600K, used 232016K [0x0000000724000000, 0x0000000800000000)
  region size 2048K, 9 young (18432K), 9 survivors (18432K)
 Metaspace       used 78859K, committed 79936K, reserved 1179648K
  class space    used 9041K, committed 9536K, reserved 1048576K
}
Event: 25.657 GC heap before
{Heap before GC invocations=59 (full 0):
 garbage-first heap   total reserved 3604480K, committed 409600K, used 352848K [0x0000000724000000, 0x0000000800000000)
  region size 2048K, 68 young (139264K), 9 survivors (18432K)
 Metaspace       used 79343K, committed 80384K, reserved 1179648K
  class space    used 9069K, committed 9536K, reserved 1048576K
}
Event: 25.668 GC heap after
{Heap after GC invocations=60 (full 0):
 garbage-first heap   total reserved 3604480K, committed 409600K, used 245284K [0x0000000724000000, 0x0000000800000000)
  region size 2048K, 7 young (14336K), 7 survivors (14336K)
 Metaspace       used 79343K, committed 80384K, reserved 1179648K
  class space    used 9069K, committed 9536K, reserved 1048576K
}
Event: 26.949 GC heap before
{Heap before GC invocations=60 (full 0):
 garbage-first heap   total reserved 3604480K, committed 409600K, used 359972K [0x0000000724000000, 0x0000000800000000)
  region size 2048K, 63 young (129024K), 7 survivors (14336K)
 Metaspace       used 79506K, committed 80576K, reserved 1179648K
  class space    used 9078K, committed 9600K, reserved 1048576K
}
Event: 26.962 GC heap after
{Heap after GC invocations=61 (full 0):
 garbage-first heap   total reserved 3604480K, committed 409600K, used 255550K [0x0000000724000000, 0x0000000800000000)
  region size 2048K, 7 young (14336K), 7 survivors (14336K)
 Metaspace       used 79506K, committed 80576K, reserved 1179648K
  class space    used 9078K, committed 9600K, reserved 1048576K
}
Event: 27.216 GC heap before
{Heap before GC invocations=61 (full 0):
 garbage-first heap   total reserved 3604480K, committed 409600K, used 364094K [0x0000000724000000, 0x0000000800000000)
  region size 2048K, 60 young (122880K), 7 survivors (14336K)
 Metaspace       used 79524K, committed 80576K, reserved 1179648K
  class space    used 9078K, committed 9600K, reserved 1048576K
}
Event: 27.225 GC heap after
{Heap after GC invocations=62 (full 0):
 garbage-first heap   total reserved 3604480K, committed 409600K, used 268280K [0x0000000724000000, 0x0000000800000000)
  region size 2048K, 7 young (14336K), 7 survivors (14336K)
 Metaspace       used 79524K, committed 80576K, reserved 1179648K
  class space    used 9078K, committed 9600K, reserved 1048576K
}
Event: 27.465 GC heap before
{Heap before GC invocations=63 (full 0):
 garbage-first heap   total reserved 3604480K, committed 450560K, used 370680K [0x0000000724000000, 0x0000000800000000)
  region size 2048K, 57 young (116736K), 7 survivors (14336K)
 Metaspace       used 79532K, committed 80576K, reserved 1179648K
  class space    used 9079K, committed 9600K, reserved 1048576K
}
Event: 27.473 GC heap after
{Heap after GC invocations=64 (full 0):
 garbage-first heap   total reserved 3604480K, committed 450560K, used 280754K [0x0000000724000000, 0x0000000800000000)
  region size 2048K, 6 young (12288K), 6 survivors (12288K)
 Metaspace       used 79532K, committed 80576K, reserved 1179648K
  class space    used 9079K, committed 9600K, reserved 1048576K
}
Event: 28.473 GC heap before
{Heap before GC invocations=64 (full 0):
 garbage-first heap   total reserved 3604480K, committed 450560K, used 403634K [0x0000000724000000, 0x0000000800000000)
  region size 2048K, 66 young (135168K), 6 survivors (12288K)
 Metaspace       used 79751K, committed 80768K, reserved 1179648K
  class space    used 9094K, committed 9600K, reserved 1048576K
}
Event: 28.486 GC heap after
{Heap after GC invocations=65 (full 0):
 garbage-first heap   total reserved 3604480K, committed 450560K, used 294755K [0x0000000724000000, 0x0000000800000000)
  region size 2048K, 9 young (18432K), 9 survivors (18432K)
 Metaspace       used 79751K, committed 80768K, reserved 1179648K
  class space    used 9094K, committed 9600K, reserved 1048576K
}
Event: 28.762 GC heap before
{Heap before GC invocations=65 (full 0):
 garbage-first heap   total reserved 3604480K, committed 450560K, used 407395K [0x0000000724000000, 0x0000000800000000)
  region size 2048K, 64 young (131072K), 9 survivors (18432K)
 Metaspace       used 79784K, committed 80832K, reserved 1179648K
  class space    used 9098K, committed 9600K, reserved 1048576K
}
Event: 28.773 GC heap after
{Heap after GC invocations=66 (full 0):
 garbage-first heap   total reserved 3604480K, committed 450560K, used 309082K [0x0000000724000000, 0x0000000800000000)
  region size 2048K, 8 young (16384K), 8 survivors (16384K)
 Metaspace       used 79784K, committed 80832K, reserved 1179648K
  class space    used 9098K, committed 9600K, reserved 1048576K
}

Dll operation events (8 events):
Event: 0.011 Loaded shared library C:\Program Files\Java\jdk-23\bin\java.dll
Event: 0.044 Loaded shared library C:\Program Files\Java\jdk-23\bin\jsvml.dll
Event: 0.110 Loaded shared library C:\Program Files\Java\jdk-23\bin\net.dll
Event: 0.112 Loaded shared library C:\Program Files\Java\jdk-23\bin\nio.dll
Event: 0.116 Loaded shared library C:\Program Files\Java\jdk-23\bin\zip.dll
Event: 0.196 Loaded shared library C:\Program Files\Java\jdk-23\bin\jimage.dll
Event: 1.640 Loaded shared library C:\Program Files\Java\jdk-23\bin\verify.dll
Event: 3.681 Loaded shared library C:\Users\Haqii\AppData\Local\Temp\sqlite-3.41.2.1-18ceb1d1-adc9-4d84-8d72-bb4b60293926-sqlitejdbc.dll

Deoptimization events (20 events):
Event: 28.805 Thread 0x000001bd815e36f0 Uncommon trap: trap_request=0xffffff45 fr.pc=0x000001bda0c83e14 relative=0x0000000000000074
Event: 28.805 Thread 0x000001bd815e36f0 Uncommon trap: reason=unstable_if action=reinterpret pc=0x000001bda0c83e14 method=org.jetbrains.kotlin.resolve.calls.tower.NewResolvedCallImpl.calculateExpectedTypeForConvertedArguments(Ljava/util/Map;Lorg/jetbrains/kotlin/resolve/calls/inference/componen
Event: 28.805 Thread 0x000001bd815e36f0 DEOPT PACKING pc=0x000001bda0c83e14 sp=0x00000091e97f8530
Event: 28.806 Thread 0x000001bd815e36f0 DEOPT UNPACKING pc=0x000001bd9ff74402 sp=0x00000091e97f8490 mode 2
Event: 28.807 Thread 0x000001bd815e36f0 Uncommon trap: trap_request=0xffffff45 fr.pc=0x000001bda0bff014 relative=0x0000000000000e94
Event: 28.807 Thread 0x000001bd815e36f0 Uncommon trap: reason=unstable_if action=reinterpret pc=0x000001bda0bff014 method=java.util.concurrent.ConcurrentHashMap.putVal(Ljava/lang/Object;Ljava/lang/Object;Z)Ljava/lang/Object; @ 401 c2
Event: 28.807 Thread 0x000001bd815e36f0 DEOPT PACKING pc=0x000001bda0bff014 sp=0x00000091e97f54c0
Event: 28.807 Thread 0x000001bd815e36f0 DEOPT UNPACKING pc=0x000001bd9ff74402 sp=0x00000091e97f5450 mode 2
Event: 28.813 Thread 0x000001bd815e36f0 Uncommon trap: trap_request=0xffffff45 fr.pc=0x000001bda06d247c relative=0x000000000000145c
Event: 28.813 Thread 0x000001bd815e36f0 Uncommon trap: reason=unstable_if action=reinterpret pc=0x000001bda06d247c method=java.util.concurrent.ConcurrentHashMap.transfer([Ljava/util/concurrent/ConcurrentHashMap$Node;[Ljava/util/concurrent/ConcurrentHashMap$Node;)V @ 352 c2
Event: 28.813 Thread 0x000001bd815e36f0 DEOPT PACKING pc=0x000001bda06d247c sp=0x00000091e97f61b0
Event: 28.813 Thread 0x000001bd815e36f0 DEOPT UNPACKING pc=0x000001bd9ff74402 sp=0x00000091e97f6118 mode 2
Event: 28.842 Thread 0x000001bd815e36f0 Uncommon trap: trap_request=0xffffffde fr.pc=0x000001bda0d69c20 relative=0x0000000000000be0
Event: 28.842 Thread 0x000001bd815e36f0 Uncommon trap: reason=class_check action=maybe_recompile pc=0x000001bda0d69c20 method=org.jetbrains.kotlin.resolve.jvm.checkers.JavaNullabilityChecker.checkTypeParameterBounds(Lorg/jetbrains/kotlin/psi/KtExpression;Lorg/jetbrains/kotlin/types/KotlinType;L
Event: 28.842 Thread 0x000001bd815e36f0 DEOPT PACKING pc=0x000001bda0d69c20 sp=0x00000091e97f73e0
Event: 28.842 Thread 0x000001bd815e36f0 DEOPT UNPACKING pc=0x000001bd9ff74402 sp=0x00000091e97f73a0 mode 2
Event: 28.843 Thread 0x000001bd815e36f0 Uncommon trap: trap_request=0xffffff45 fr.pc=0x000001bda0fab8f8 relative=0x00000000000000d8
Event: 28.843 Thread 0x000001bd815e36f0 Uncommon trap: reason=unstable_if action=reinterpret pc=0x000001bda0fab8f8 method=org.jetbrains.kotlin.resolve.calls.checkers.UnderscoreUsageChecker.isUnderscoreOnlyName(Ljava/lang/String;)Z @ 62 c2
Event: 28.843 Thread 0x000001bd815e36f0 DEOPT PACKING pc=0x000001bda0fab8f8 sp=0x00000091e97f7d60
Event: 28.843 Thread 0x000001bd815e36f0 DEOPT UNPACKING pc=0x000001bd9ff74402 sp=0x00000091e97f7cb8 mode 2

Classes loaded (20 events):
Event: 13.069 Loading class java/util/stream/SortedOps$RefSortingSink
Event: 13.069 Loading class java/util/stream/SortedOps$AbstractRefSortingSink
Event: 13.069 Loading class java/util/stream/SortedOps$AbstractRefSortingSink done
Event: 13.069 Loading class java/util/stream/SortedOps$RefSortingSink done
Event: 13.724 Loading class java/util/concurrent/locks/ReentrantReadWriteLock$Sync$HoldCounter
Event: 13.724 Loading class java/util/concurrent/locks/ReentrantReadWriteLock$Sync$HoldCounter done
Event: 14.026 Loading class java/util/EnumMap$EntrySet
Event: 14.026 Loading class java/util/EnumMap$EntrySet done
Event: 14.026 Loading class java/util/EnumMap$EntryIterator
Event: 14.026 Loading class java/util/EnumMap$EnumMapIterator
Event: 14.026 Loading class java/util/EnumMap$EnumMapIterator done
Event: 14.026 Loading class java/util/EnumMap$EntryIterator done
Event: 14.026 Loading class java/util/EnumMap$EntryIterator$Entry
Event: 14.026 Loading class java/util/EnumMap$EntryIterator$Entry done
Event: 22.048 Loading class java/util/function/IntBinaryOperator
Event: 22.048 Loading class java/util/function/IntBinaryOperator done
Event: 28.807 Loading class java/util/concurrent/ConcurrentHashMap$TreeNode
Event: 28.807 Loading class java/util/concurrent/ConcurrentHashMap$TreeNode done
Event: 28.807 Loading class java/util/concurrent/ConcurrentHashMap$TreeBin
Event: 28.808 Loading class java/util/concurrent/ConcurrentHashMap$TreeBin done

Classes unloaded (0 events):
No events

Classes redefined (0 events):
No events

Internal exceptions (20 events):
Event: 13.838 Thread 0x000001bdf568acc0 Exception <a 'java/lang/NoSuchMethodError'{0x000000072d0dd0c8}: 'java.lang.Object java.lang.invoke.DirectMethodHandle$Holder.invokeSpecial(java.lang.Object, java.lang.Object, java.lang.Object, java.lang.Object, java.lang.Object, java.lang.Object, java.lang.Object, java.lang.Object, java.lang.Object, int)'> (0x000000072d0dd0c8) 
thrown [s\open\src\hotspot\share\interpreter\linkResolver.cpp, line 796]
Event: 13.838 Thread 0x000001bdf568acc0 Exception <a 'java/lang/NoSuchMethodError'{0x000000072d0e12b8}: 'java.lang.Object java.lang.invoke.Invokers$Holder.linkToTargetMethod(java.lang.Object, java.lang.Object, java.lang.Object, java.lang.Object, java.lang.Object, java.lang.Object, java.lang.Object, int, java.lang.Object)'> (0x000000072d0e12b8) 
thrown [s\open\src\hotspot\share\interpreter\linkResolver.cpp, line 796]
Event: 14.177 Thread 0x000001bd815e36f0 Exception <a 'java/lang/NoSuchMethodError'{0x000000072c491140}: 'java.lang.Object java.lang.invoke.DirectMethodHandle$Holder.newInvokeSpecial(java.lang.Object, int, java.lang.Object, java.lang.Object)'> (0x000000072c491140) 
thrown [s\open\src\hotspot\share\interpreter\linkResolver.cpp, line 796]
Event: 14.177 Thread 0x000001bd815e36f0 Exception <a 'java/lang/NoSuchMethodError'{0x000000072c495ff0}: 'java.lang.Object java.lang.invoke.DirectMethodHandle$Holder.invokeSpecial(java.lang.Object, java.lang.Object, int, java.lang.Object, java.lang.Object)'> (0x000000072c495ff0) 
thrown [s\open\src\hotspot\share\interpreter\linkResolver.cpp, line 796]
Event: 16.401 Thread 0x000001bd815e36f0 Exception <a 'java/lang/NoSuchMethodError'{0x000000072d2742e0}: 'java.lang.Object java.lang.invoke.DirectMethodHandle$Holder.newInvokeSpecial(java.lang.Object, java.lang.Object, java.lang.Object, java.lang.Object, int, int)'> (0x000000072d2742e0) 
thrown [s\open\src\hotspot\share\interpreter\linkResolver.cpp, line 796]
Event: 17.991 Thread 0x000001bd815e36f0 Implicit null exception at 0x000001bda0c46e8b to 0x000001bda0c480a0
Event: 20.106 Thread 0x000001bd815e36f0 Exception <a 'java/lang/NoSuchMethodError'{0x00000007385faa78}: 'java.lang.Object java.lang.invoke.DirectMethodHandle$Holder.invokeStatic(java.lang.Object, java.lang.Object, int, java.lang.Object)'> (0x00000007385faa78) 
thrown [s\open\src\hotspot\share\interpreter\linkResolver.cpp, line 796]
Event: 20.107 Thread 0x000001bd815e36f0 Exception <a 'java/lang/NoSuchMethodError'{0x00000007382026a8}: 'java.lang.Object java.lang.invoke.DirectMethodHandle$Holder.newInvokeSpecial(java.lang.Object, java.lang.Object, int, java.lang.Object)'> (0x00000007382026a8) 
thrown [s\open\src\hotspot\share\interpreter\linkResolver.cpp, line 796]
Event: 20.108 Thread 0x000001bd815e36f0 Exception <a 'java/lang/NoSuchMethodError'{0x00000007382072e0}: 'java.lang.Object java.lang.invoke.DirectMethodHandle$Holder.invokeSpecial(java.lang.Object, java.lang.Object, java.lang.Object, int, java.lang.Object)'> (0x00000007382072e0) 
thrown [s\open\src\hotspot\share\interpreter\linkResolver.cpp, line 796]
Event: 20.108 Thread 0x000001bd815e36f0 Exception <a 'java/lang/NoSuchMethodError'{0x000000073820ba28}: 'java.lang.Object java.lang.invoke.Invokers$Holder.linkToTargetMethod(java.lang.Object, int, java.lang.Object, java.lang.Object)'> (0x000000073820ba28) 
thrown [s\open\src\hotspot\share\interpreter\linkResolver.cpp, line 796]
Event: 20.703 Thread 0x000001bd815e36f0 Implicit null exception at 0x000001bda0b334e0 to 0x000001bda0b34174
Event: 20.978 Thread 0x000001bd815e36f0 Exception <a 'java/lang/NoSuchMethodError'{0x00000007390ae4f0}: 'java.lang.Object java.lang.invoke.DirectMethodHandle$Holder.invokeStatic(java.lang.Object, java.lang.Object, java.lang.Object, java.lang.Object, java.lang.Object, int, java.lang.Object)'> (0x00000007390ae4f0) 
thrown [s\open\src\hotspot\share\interpreter\linkResolver.cpp, line 796]
Event: 20.979 Thread 0x000001bd815e36f0 Exception <a 'java/lang/NoSuchMethodError'{0x00000007390b70f8}: 'java.lang.Object java.lang.invoke.DirectMethodHandle$Holder.newInvokeSpecial(java.lang.Object, java.lang.Object, java.lang.Object, java.lang.Object, java.lang.Object, int, java.lang.Object)'> (0x00000007390b70f8) 
thrown [s\open\src\hotspot\share\interpreter\linkResolver.cpp, line 796]
Event: 20.979 Thread 0x000001bd815e36f0 Exception <a 'java/lang/NoSuchMethodError'{0x00000007390bb310}: 'java.lang.Object java.lang.invoke.DirectMethodHandle$Holder.invokeSpecial(java.lang.Object, java.lang.Object, java.lang.Object, java.lang.Object, java.lang.Object, java.lang.Object, int, java.lang.Object)'> (0x00000007390bb310) 
thrown [s\open\src\hotspot\share\interpreter\linkResolver.cpp, line 796]
Event: 20.979 Thread 0x000001bd815e36f0 Exception <a 'java/lang/NoSuchMethodError'{0x00000007390bee78}: 'java.lang.Object java.lang.invoke.Invokers$Holder.linkToTargetMethod(java.lang.Object, java.lang.Object, java.lang.Object, java.lang.Object, int, java.lang.Object, java.lang.Object)'> (0x00000007390bee78) 
thrown [s\open\src\hotspot\share\interpreter\linkResolver.cpp, line 796]
Event: 22.804 Thread 0x000001bd815e36f0 Implicit null exception at 0x000001bda0b66049 to 0x000001bda0b66111
Event: 22.962 Thread 0x000001bd815e36f0 Implicit null exception at 0x000001bda0bbc31b to 0x000001bda0bbc82c
Event: 26.680 Thread 0x000001bd815e36f0 Exception <a 'java/lang/NoSuchMethodError'{0x000000073b022158}: 'int java.lang.invoke.DirectMethodHandle$Holder.invokeStatic(java.lang.Object, java.lang.Object, int, java.lang.Object)'> (0x000000073b022158) 
thrown [s\open\src\hotspot\share\interpreter\linkResolver.cpp, line 796]
Event: 26.687 Thread 0x000001bd815e36f0 Exception <a 'java/lang/IncompatibleClassChangeError'{0x000000073b0b5218}: Found class java.lang.Object, but interface was expected> (0x000000073b0b5218) 
thrown [s\open\src\hotspot\share\interpreter\linkResolver.cpp, line 863]
Event: 26.688 Thread 0x000001bd815e36f0 Exception <a 'java/lang/NoSuchMethodError'{0x000000073b0b8030}: 'int java.lang.invoke.DirectMethodHandle$Holder.invokeSpecialIFC(java.lang.Object, java.lang.Object, java.lang.Object)'> (0x000000073b0b8030) 
thrown [s\open\src\hotspot\share\interpreter\linkResolver.cpp, line 796]

VM Operations (20 events):
Event: 25.668 Executing VM operation: G1CollectForAllocation (G1 Evacuation Pause) done
Event: 26.949 Executing VM operation: G1CollectForAllocation (G1 Evacuation Pause)
Event: 26.962 Executing VM operation: G1CollectForAllocation (G1 Evacuation Pause) done
Event: 27.216 Executing VM operation: G1CollectForAllocation (G1 Evacuation Pause)
Event: 27.225 Executing VM operation: G1CollectForAllocation (G1 Evacuation Pause) done
Event: 27.394 Executing VM operation: G1PauseRemark
Event: 27.405 Executing VM operation: G1PauseRemark done
Event: 27.453 Executing VM operation: G1PauseCleanup
Event: 27.453 Executing VM operation: G1PauseCleanup done
Event: 27.465 Executing VM operation: G1CollectForAllocation (G1 Evacuation Pause)
Event: 27.473 Executing VM operation: G1CollectForAllocation (G1 Evacuation Pause) done
Event: 28.473 Executing VM operation: G1CollectForAllocation (G1 Evacuation Pause)
Event: 28.486 Executing VM operation: G1CollectForAllocation (G1 Evacuation Pause) done
Event: 28.634 Executing VM operation: HandshakeAllThreads (Deoptimize)
Event: 28.634 Executing VM operation: HandshakeAllThreads (Deoptimize) done
Event: 28.636 Executing VM operation: HandshakeAllThreads (Deoptimize)
Event: 28.636 Executing VM operation: HandshakeAllThreads (Deoptimize) done
Event: 28.762 Executing VM operation: G1CollectForAllocation (G1 Evacuation Pause)
Event: 28.773 Executing VM operation: G1CollectForAllocation (G1 Evacuation Pause) done
Event: 28.946 Executing VM operation: G1PauseRemark

Memory protections (0 events):
No events

Nmethod flushes (20 events):
Event: 28.952 Thread 0x000001bdaed17ea0 flushing  nmethod 0x000001bd99566188
Event: 28.952 Thread 0x000001bdaed17ea0 flushing  nmethod 0x000001bd995d8508
Event: 28.952 Thread 0x000001bdaed17ea0 flushing  nmethod 0x000001bd99747108
Event: 28.952 Thread 0x000001bdaed17ea0 flushing  nmethod 0x000001bd99747d88
Event: 28.952 Thread 0x000001bdaed17ea0 flushing  nmethod 0x000001bd9978cb88
Event: 28.952 Thread 0x000001bdaed17ea0 flushing  nmethod 0x000001bd99790508
Event: 28.952 Thread 0x000001bdaed17ea0 flushing  nmethod 0x000001bd99808c88
Event: 28.952 Thread 0x000001bdaed17ea0 flushing  nmethod 0x000001bd99ace788
Event: 28.952 Thread 0x000001bdaed17ea0 flushing  nmethod 0x000001bd99ad3188
Event: 28.952 Thread 0x000001bdaed17ea0 flushing  nmethod 0x000001bd99ad3a88
Event: 28.952 Thread 0x000001bdaed17ea0 flushing  nmethod 0x000001bd99bc0108
Event: 28.952 Thread 0x000001bdaed17ea0 flushing  nmethod 0x000001bd99bc9388
Event: 28.952 Thread 0x000001bdaed17ea0 flushing  nmethod 0x000001bd99d62008
Event: 28.952 Thread 0x000001bdaed17ea0 flushing  nmethod 0x000001bd99d6b488
Event: 28.952 Thread 0x000001bdaed17ea0 flushing  nmethod 0x000001bd99f10688
Event: 28.952 Thread 0x000001bdaed17ea0 flushing  nmethod 0x000001bd9a2d9f08
Event: 28.952 Thread 0x000001bdaed17ea0 flushing  nmethod 0x000001bd9a2de888
Event: 28.952 Thread 0x000001bdaed17ea0 flushing  nmethod 0x000001bd9a4f6e08
Event: 28.952 Thread 0x000001bdaed17ea0 flushing  nmethod 0x000001bd9afd4508
Event: 28.952 Thread 0x000001bdaed17ea0 flushing  nmethod 0x000001bd9afd5f08

Events (20 events):
Event: 11.005 Thread 0x000001bd80deff90 Thread exited: 0x000001bd80deff90
Event: 11.213 Thread 0x000001bdaf7fc610 Thread added: 0x000001bdaf7f8f90
Event: 11.216 Thread 0x000001bd80def8c0 Thread added: 0x000001bd80deff90
Event: 11.573 Thread 0x000001bd80def1f0 Thread added: 0x000001bd80df1400
Event: 11.573 Thread 0x000001bd80def1f0 Thread added: 0x000001bd80df21a0
Event: 12.228 Thread 0x000001bd815e36f0 Thread added: 0x000001bdf568acc0
Event: 12.396 Thread 0x000001bd80def1f0 Thread added: 0x000001bd83271d90
Event: 13.870 Thread 0x000001bd80def1f0 Thread added: 0x000001bd83275410
Event: 14.735 Thread 0x000001bd83275410 Thread exited: 0x000001bd83275410
Event: 17.982 Thread 0x000001bd83271d90 Thread exited: 0x000001bd83271d90
Event: 22.594 Thread 0x000001bdaf7f8f90 Thread added: 0x000001bd83a15350
Event: 23.779 Thread 0x000001bd83a15350 Thread exited: 0x000001bd83a15350
Event: 24.564 Thread 0x000001bd80df21a0 Thread exited: 0x000001bd80df21a0
Event: 24.597 Thread 0x000001bd80df1400 Thread exited: 0x000001bd80df1400
Event: 24.733 Thread 0x000001bd80deff90 Thread exited: 0x000001bd80deff90
Event: 26.702 Thread 0x000001bd80df1ad0 Thread added: 0x000001bd80df1400
Event: 26.748 Thread 0x000001bdaf7fc610 Thread added: 0x000001bd80deff90
Event: 26.748 Thread 0x000001bdaf7fc610 Thread added: 0x000001bd80df3ce0
Event: 27.430 Thread 0x000001bd80df3ce0 Thread exited: 0x000001bd80df3ce0
Event: 28.490 Thread 0x000001bd80deff90 Thread exited: 0x000001bd80deff90


Dynamic libraries:
0x00007ff6f4fd0000 - 0x00007ff6f4fe0000 	C:\Program Files\Java\jdk-23\bin\java.exe
0x00007ffabba40000 - 0x00007ffabbca7000 	C:\WINDOWS\SYSTEM32\ntdll.dll
0x00007ffabb020000 - 0x00007ffabb0e9000 	C:\WINDOWS\System32\KERNEL32.DLL
0x00007ffab8c40000 - 0x00007ffab902f000 	C:\WINDOWS\System32\KERNELBASE.dll
0x00007ffab9040000 - 0x00007ffab918b000 	C:\WINDOWS\System32\ucrtbase.dll
0x00007ffab5b30000 - 0x00007ffab5b47000 	C:\Program Files\Java\jdk-23\bin\jli.dll
0x00007ffab24d0000 - 0x00007ffab24eb000 	C:\Program Files\Java\jdk-23\bin\VCRUNTIME140.dll
0x00007ffab98c0000 - 0x00007ffab9a85000 	C:\WINDOWS\System32\USER32.dll
0x00007ffaa7a10000 - 0x00007ffaa7ca3000 	C:\WINDOWS\WinSxS\amd64_microsoft.windows.common-controls_6595b64144ccf1df_6.0.26100.7309_none_3e05feeae336a044\COMCTL32.dll
0x00007ffab9190000 - 0x00007ffab91b7000 	C:\WINDOWS\System32\win32u.dll
0x00007ffab9810000 - 0x00007ffab98b9000 	C:\WINDOWS\System32\msvcrt.dll
0x00007ffab97e0000 - 0x00007ffab980b000 	C:\WINDOWS\System32\GDI32.dll
0x00007ffab93f0000 - 0x00007ffab951c000 	C:\WINDOWS\System32\gdi32full.dll
0x00007ffab91c0000 - 0x00007ffab9263000 	C:\WINDOWS\System32\msvcp_win.dll
0x00007ffaba760000 - 0x00007ffaba791000 	C:\WINDOWS\System32\IMM32.DLL
0x00007ffab3ca0000 - 0x00007ffab3cac000 	C:\Program Files\Java\jdk-23\bin\vcruntime140_1.dll
0x00007ffa2a400000 - 0x00007ffa2a48e000 	C:\Program Files\Java\jdk-23\bin\msvcp140.dll
0x00007ff9b6bc0000 - 0x00007ff9b790f000 	C:\Program Files\Java\jdk-23\bin\server\jvm.dll
0x00007ffab9a90000 - 0x00007ffab9b44000 	C:\WINDOWS\System32\ADVAPI32.dll
0x00007ffab9ee0000 - 0x00007ffab9f86000 	C:\WINDOWS\System32\sechost.dll
0x00007ffabb6e0000 - 0x00007ffabb7f8000 	C:\WINDOWS\System32\RPCRT4.dll
0x00007ffabb140000 - 0x00007ffabb1b4000 	C:\WINDOWS\System32\WS2_32.dll
0x00007ffab8a10000 - 0x00007ffab8a6e000 	C:\WINDOWS\SYSTEM32\POWRPROF.dll
0x00007ffaab4c0000 - 0x00007ffaab4f5000 	C:\WINDOWS\SYSTEM32\WINMM.dll
0x00007ffaab9e0000 - 0x00007ffaab9eb000 	C:\WINDOWS\SYSTEM32\VERSION.dll
0x00007ffab89f0000 - 0x00007ffab8a04000 	C:\WINDOWS\SYSTEM32\UMPDC.dll
0x00007ffab7940000 - 0x00007ffab795b000 	C:\WINDOWS\SYSTEM32\kernel.appcore.dll
0x00007ffaa62d0000 - 0x00007ffaa62da000 	C:\Program Files\Java\jdk-23\bin\jimage.dll
0x00007ffab1520000 - 0x00007ffab1762000 	C:\WINDOWS\SYSTEM32\DBGHELP.DLL
0x00007ffab9b50000 - 0x00007ffab9ed5000 	C:\WINDOWS\System32\combase.dll
0x00007ffabb1c0000 - 0x00007ffabb296000 	C:\WINDOWS\System32\OLEAUT32.dll
0x00007ffaa0560000 - 0x00007ffaa059c000 	C:\WINDOWS\SYSTEM32\dbgcore.DLL
0x00007ffab8b90000 - 0x00007ffab8c35000 	C:\WINDOWS\System32\bcryptPrimitives.dll
0x00007ffaa62b0000 - 0x00007ffaa62ce000 	C:\Program Files\Java\jdk-23\bin\java.dll
0x00007ffaba590000 - 0x00007ffaba727000 	C:\WINDOWS\System32\ole32.dll
0x00007ffaba7b0000 - 0x00007ffabaf03000 	C:\WINDOWS\System32\SHELL32.dll
0x00007ffab95b0000 - 0x00007ffab971a000 	C:\WINDOWS\System32\wintypes.dll
0x00007ffab67d0000 - 0x00007ffab702e000 	C:\WINDOWS\SYSTEM32\windows.storage.dll
0x00007ffabb480000 - 0x00007ffabb575000 	C:\WINDOWS\System32\SHCORE.dll
0x00007ffabb900000 - 0x00007ffabb966000 	C:\WINDOWS\System32\shlwapi.dll
0x00007ffab8ab0000 - 0x00007ffab8ad9000 	C:\WINDOWS\SYSTEM32\profapi.dll
0x00007ffa2a320000 - 0x00007ffa2a3f7000 	C:\Program Files\Java\jdk-23\bin\jsvml.dll
0x00007ffaa62a0000 - 0x00007ffaa62b0000 	C:\Program Files\Java\jdk-23\bin\net.dll
0x00007ffab7eb0000 - 0x00007ffab7f1b000 	C:\WINDOWS\system32\mswsock.dll
0x00007ffaa6280000 - 0x00007ffaa6296000 	C:\Program Files\Java\jdk-23\bin\nio.dll
0x00007ffaa6260000 - 0x00007ffaa6277000 	C:\Program Files\Java\jdk-23\bin\zip.dll
0x00007ffab8180000 - 0x00007ffab819b000 	C:\WINDOWS\SYSTEM32\CRYPTSP.dll
0x00007ffab78a0000 - 0x00007ffab78da000 	C:\WINDOWS\system32\rsaenh.dll
0x00007ffab7f60000 - 0x00007ffab7f8b000 	C:\WINDOWS\SYSTEM32\USERENV.dll
0x00007ffab8a80000 - 0x00007ffab8aaa000 	C:\WINDOWS\SYSTEM32\bcrypt.dll
0x00007ffab8170000 - 0x00007ffab817c000 	C:\WINDOWS\SYSTEM32\CRYPTBASE.dll
0x00007ffab7350000 - 0x00007ffab7384000 	C:\WINDOWS\SYSTEM32\IPHLPAPI.DLL
0x00007ffaba7a0000 - 0x00007ffaba7aa000 	C:\WINDOWS\System32\NSI.dll
0x00007ffab3d10000 - 0x00007ffab3d20000 	C:\Program Files\Java\jdk-23\bin\verify.dll
0x00007ff9dd960000 - 0x00007ff9dda49000 	C:\Users\Haqii\AppData\Local\Temp\sqlite-3.41.2.1-18ceb1d1-adc9-4d84-8d72-bb4b60293926-sqlitejdbc.dll

dbghelp: loaded successfully - version: 4.0.5 - missing functions: none
symbol engine: initialized successfully - sym options: 0x614 - pdb path: .;C:\Program Files\Java\jdk-23\bin;C:\WINDOWS\SYSTEM32;C:\WINDOWS\WinSxS\amd64_microsoft.windows.common-controls_6595b64144ccf1df_6.0.26100.7309_none_3e05feeae336a044;C:\Program Files\Java\jdk-23\bin\server;C:\Users\Haqii\AppData\Local\Temp

VM Arguments:
jvm_args: -DkotlinLanguageServer.version=1.3.13 
java_command: org.javacs.kt.MainKt
java_class_path (initial): c:\Users\Haqii\AppData\Roaming\Code\User\globalStorage\fwcd.kotlin\langServerInstall\server\lib\server-1.3.13.jar;c:\Users\Haqii\AppData\Roaming\Code\User\globalStorage\fwcd.kotlin\langServerInstall\server\lib\shared-1.3.13.jar;c:\Users\Haqii\AppData\Roaming\Code\User\globalStorage\fwcd.kotlin\langServerInstall\server\lib\kotlin-scripting-jvm-host-unshaded-2.1.0.jar;c:\Users\Haqii\AppData\Roaming\Code\User\globalStorage\fwcd.kotlin\langServerInstall\server\lib\kotlin-scripting-compiler-2.1.0.jar;c:\Users\Haqii\AppData\Roaming\Code\User\globalStorage\fwcd.kotlin\langServerInstall\server\lib\ktfmt-b5d31d1.jar;c:\Users\Haqii\AppData\Roaming\Code\User\globalStorage\fwcd.kotlin\langServerInstall\server\lib\kotlin-compiler-2.1.0.jar;c:\Users\Haqii\AppData\Roaming\Code\User\globalStorage\fwcd.kotlin\langServerInstall\server\lib\exposed-dao-0.37.3.jar;c:\Users\Haqii\AppData\Roaming\Code\User\globalStorage\fwcd.kotlin\langServerInstall\server\lib\exposed-jdbc-0.37.3.jar;c:\Users\Haqii\AppData\Roaming\Code\User\globalStorage\fwcd.kotlin\langServerInstall\server\lib\exposed-core-0.37.3.jar;c:\Users\Haqii\AppData\Roaming\Code\User\globalStorage\fwcd.kotlin\langServerInstall\server\lib\kotlin-scripting-compiler-impl-2.1.0.jar;c:\Users\Haqii\AppData\Roaming\Code\User\globalStorage\fwcd.kotlin\langServerInstall\server\lib\kotlin-reflect-2.1.0.jar;c:\Users\Haqii\AppData\Roaming\Code\User\globalStorage\fwcd.kotlin\langServerInstall\server\lib\kotlin-scripting-jvm-2.1.0.jar;c:\Users\Haqii\AppData\Roaming\Code\User\globalStorage\fwcd.kotlin\langServerInstall\server\lib\kotlin-scripting-common-2.1.0.jar;c:\Users\Haqii\AppData\Roaming\Code\User\globalStorage\fwcd.kotlin\langServerInstall\server\lib\kotlinx-coroutines-core-jvm-1.6.4.jar;c:\Users\Haqii\AppData\Roaming\Code\User\globalStorage\fwcd.kotlin\langServerInstall\server\lib\kotlin-stdlib-jdk8-2.1.0.jar;c:\Users\Haqii\AppData\Roaming\Code\User\globalStorage\fwcd.kotlin\langServerInstall\server\lib\kotlin-stdlib-jdk7-2.1.0.jar;c:\Users\Haqii\AppData\Roaming\Code\User\globalStorage\fwcd.kotlin\langServerInstall\server\lib\kotlin-stdlib-2.1.0.jar;c:\Users\Haqii\AppData\Roaming\Code\User\globalStorage\fwcd.kotlin\langServerInstall\server\lib\org.eclipse.lsp4j-0.21.2.jar;c:\Users\Haqii\AppData\Roaming\Code\User\globalStorage\fwcd.kotlin\langServerInstall\server\lib\org.eclipse.lsp4j.jsonrpc-0.21.2.jar;c:\Users\Haqii\AppData\Roaming\Code\User\globalStorage\fwcd.kotlin\langServerInstall\server\lib\kotlin-sam-with-receiver-compiler-plugin-2.1.0.jar;c:\Users\Haqii\AppData\Roaming\Code\User\globalStorage\fwcd.kotlin\langServerInstall\server\lib\fernflower-1.0.jar;c:\Users\Haqii\AppData\Roaming\Code\User\globalStorage\fwcd.kotlin\langServerInstall\server\lib\h2-1.4.200.jar;c:\Users\Haqii\AppData\Roaming\Code\User\globalStorage\fwcd.kotlin\langServerInstall\server\lib\jcommander-1.78.jar;c:\Users\Haqii\AppData\Roaming\Code\User\globalStorage\fwcd.kotlin\langServerInstall\server\lib\sqlite-jdbc-3.41.2.1.jar;c:\Users\Haqii\AppData\Roaming\Code\User\globalStorage\fwcd.kotlin\langServerInstall\server\lib\google-java-format-1.8.jar;c:\Users\Haqii\AppData\Roaming\Code\User\globalStorage\fwcd.kotlin\langServerInstall\server\lib\guava-33.3.0-jre.jar;c:\Users\Haqii\AppData\Roaming\Code\User\globalStorage\fwcd.kotlin\langServerInstall\server\lib\annotations-13.0.jar;c:\Users\Haqii\AppData\Roaming\Code\User\globalStorage\fwcd.kotlin\langServerInstall\server\lib\gson-2.10.1.jar;c:\Users\Haqii\AppData\Roaming\Code\User\globalStorage\fwcd.kotlin\langServerInstall\server\lib\kotlin-script-runtime-2.1.0.jar;c:\Users\Haqii\AppData\Roaming\Code\User\globalStorage\fwcd.kotlin\langServerInstall\server\lib\trove4j-1.0.20200330.jar;c:\Users\Haqii\AppData\Roaming\Code\User\globalStorage\fwcd.kotlin\langServerInstall\server\lib\jline-3.24.1.jar;c:\Users\Haqii\AppData\Roaming\Code\User\globalStorage\fwcd.kotlin\langServerInstall\server\lib\slf4j-api-1.7.25.jar;c:\Users\Haqii\AppData\Roaming\Code\User\globalStorage\fwcd.kotlin\langServerInstall\server\lib\jna-4.2.2.jar;c:\Users\Haqii\AppData\Roaming\Code\User\globalStorage\fwcd.kotlin\langServerInstall\server\lib\failureaccess-1.0.2.jar;c:\Users\Haqii\AppData\Roaming\Code\User\globalStorage\fwcd.kotlin\langServerInstall\server\lib\listenablefuture-9999.0-empty-to-avoid-conflict-with-guava.jar;c:\Users\Haqii\AppData\Roaming\Code\User\globalStorage\fwcd.kotlin\langServerInstall\server\lib\jsr305-3.0.2.jar;c:\Users\Haqii\AppData\Roaming\Code\User\globalStorage\fwcd.kotlin\langServerInstall\server\lib\checker-qual-3.43.0.jar;c:\Users\Haqii\AppData\Roaming\Code\User\globalStorage\fwcd.kotlin\langServerInstall\server\lib\error_prone_annotations-2.28.0.jar
Launcher Type: SUN_STANDARD

[Global flags]
     intx CICompilerCount                          = 12                                        {product} {ergonomic}
     uint ConcGCThreads                            = 3                                         {product} {ergonomic}
     uint G1ConcRefinementThreads                  = 13                                        {product} {ergonomic}
   size_t G1HeapRegionSize                         = 2097152                                   {product} {ergonomic}
   size_t InitialHeapSize                          = 230686720                                 {product} {ergonomic}
   size_t MarkStackSize                            = 4194304                                   {product} {ergonomic}
   size_t MarkStackSizeMax                         = 536870912                                 {product} {ergonomic}
   size_t MaxHeapSize                              = 3690987520                                {product} {ergonomic}
   size_t MaxNewSize                               = 2214592512                                {product} {ergonomic}
   size_t MinHeapDeltaBytes                        = 2097152                                   {product} {ergonomic}
   size_t MinHeapSize                              = 8388608                                   {product} {ergonomic}
    uintx NonNMethodCodeHeapSize                   = 7602176                                {pd product} {ergonomic}
    uintx NonProfiledCodeHeapSize                  = 122093568                              {pd product} {ergonomic}
    uintx ProfiledCodeHeapSize                     = 121962496                              {pd product} {ergonomic}
    uintx ReservedCodeCacheSize                    = 251658240                              {pd product} {ergonomic}
     bool SegmentedCodeCache                       = true                                      {product} {ergonomic}
   size_t SoftMaxHeapSize                          = 3690987520                             {manageable} {ergonomic}
     bool UseCompressedOops                        = true                           {product lp64_product} {ergonomic}
     bool UseG1GC                                  = true                                      {product} {ergonomic}
     bool UseLargePagesIndividualAllocation        = false                                  {pd product} {ergonomic}

Logging:
Log output configuration:
 #0: stdout all=warning uptime,level,tags foldmultilines=false
 #1: stderr all=off uptime,level,tags foldmultilines=false

Environment Variables:
CLASSPATH=c:\Users\Haqii\AppData\Roaming\Code\User\globalStorage\fwcd.kotlin\langServerInstall\server\lib\server-1.3.13.jar;c:\Users\Haqii\AppData\Roaming\Code\User\globalStorage\fwcd.kotlin\langServerInstall\server\lib\shared-1.3.13.jar;c:\Users\Haqii\AppData\Roaming\Code\User\globalStorage\fwcd.kotlin\langServerInstall\server\lib\kotlin-scripting-jvm-host-unshaded-2.1.0.jar;c:\Users\Haqii\AppData\Roaming\Code\User\globalStorage\fwcd.kotlin\langServerInstall\server\lib\kotlin-scripting-compiler-2.1.0.jar;c:\Users\Haqii\AppData\Roaming\Code\User\globalStorage\fwcd.kotlin\langServerInstall\server\lib\ktfmt-b5d31d1.jar;c:\Users\Haqii\AppData\Roaming\Code\User\globalStorage\fwcd.kotlin\langServerInstall\server\lib\kotlin-compiler-2.1.0.jar;c:\Users\Haqii\AppData\Roaming\Code\User\globalStorage\fwcd.kotlin\langServerInstall\server\lib\exposed-dao-0.37.3.jar;c:\Users\Haqii\AppData\Roaming\Code\User\globalStorage\fwcd.kotlin\langServerInstall\server\lib\exposed-jdbc-0.37.3.jar;c:\Users\Haqii\AppData\Roaming\Code\User\globalStorage\fwcd.kotlin\langServerInstall\server\lib\exposed-core-0.37.3.jar;c:\Users\Haqii\AppData\Roaming\Code\User\globalStorage\fwcd.kotlin\langServerInstall\server\lib\kotlin-scripting-compiler-impl-2.1.0.jar;c:\Users\Haqii\AppData\Roaming\Code\User\globalStorage\fwcd.kotlin\langServerInstall\server\lib\kotlin-reflect-2.1.0.jar;c:\Users\Haqii\AppData\Roaming\Code\User\globalStorage\fwcd.kotlin\langServerInstall\server\lib\kotlin-scripting-jvm-2.1.0.jar;c:\Users\Haqii\AppData\Roaming\Code\User\globalStorage\fwcd.kotlin\langServerInstall\server\lib\kotlin-scripting-common-2.1.0.jar;c:\Users\Haqii\AppData\Roaming\Code\User\globalStorage\fwcd.kotlin\langServerInstall\server\lib\kotlinx-coroutines-core-jvm-1.6.4.jar;c:\Users\Haqii\AppData\Roaming\Code\User\globalStorage\fwcd.kotlin\langServerInstall\server\lib\kotlin-stdlib-jdk8-2.1.0.jar;c:\Users\Haqii\AppData\Roaming\Code\User\globalStorage\fwcd.kotlin\langServerInstall\server\lib\kotlin-stdlib-jdk7-2.1.0.jar;c:\Users\Haqii\AppData\Roaming\Code\User\globalStorage\fwcd.kotlin\langServerInstall\server\lib\kotlin-stdlib-2.1.0.jar;c:\Users\Haqii\AppData\Roaming\Code\User\globalStorage\fwcd.kotlin\langServerInstall\server\lib\org.eclipse.lsp4j-0.21.2.jar;c:\Users\Haqii\AppData\Roaming\Code\User\globalStorage\fwcd.kotlin\langServerInstall\server\lib\org.eclipse.lsp4j.jsonrpc-0.21.2.jar;c:\Users\Haqii\AppData\Roaming\Code\User\globalStorage\fwcd.kotlin\langServerInstall\server\lib\kotlin-sam-with-receiver-compiler-plugin-2.1.0.jar;c:\Users\Haqii\AppData\Roaming\Code\User\globalStorage\fwcd.kotlin\langServerInstall\server\lib\fernflower-1.0.jar;c:\Users\Haqii\AppData\Roaming\Code\User\globalStorage\fwcd.kotlin\langServerInstall\server\lib\h2-1.4.200.jar;c:\Users\Haqii\AppData\Roaming\Code\User\globalStorage\fwcd.kotlin\langServerInstall\server\lib\jcommander-1.78.jar;c:\Users\Haqii\AppData\Roaming\Code\User\globalStorage\fwcd.kotlin\langServerInstall\server\lib\sqlite-jdbc-3.41.2.1.jar;c:\Users\Haqii\AppData\Roaming\Code\User\globalStorage\fwcd.kotlin\langServerInstall\server\lib\google-java-format-1.8.jar;c:\Users\Haqii\AppData\Roaming\Code\User\globalStorage\fwcd.kotlin\langServerInstall\server\lib\guava-33.3.0-jre.jar;c:\Users\Haqii\AppData\Roaming\Code\User\globalStorage\fwcd.kotlin\langServerInstall\server\lib\annotations-13.0.jar;c:\Users\Haqii\AppData\Roaming\Code\User\globalStorage\fwcd.kotlin\langServerInstall\server\lib\gson-2.10.1.jar;c:\Users\Haqii\AppData\Roaming\Code\User\globalStorage\fwcd.kotlin\langServerInstall\server\lib\kotlin-script-runtime-2.1.0.jar;c:\Users\Haqii\AppData\Roaming\Code\User\globalStorage\fwcd.kotlin\langServerInstall\server\lib\trove4j-1.0.20200330.jar;c:\Users\Haqii\AppData\Roaming\Code\User\globalStorage\fwcd.kotlin\langServerInstall\server\lib\jline-3.24.1.jar;c:\Users\Haqii\AppData\Roaming\Code\User\globalStorage\fwcd.kotlin\langServerInstall\server\lib\slf4j-api-1.7.25.jar;c:\Users\Haqii\AppData\Roaming\Code\User\globalStorage\fwcd.kotlin\langServerInstall\server\lib\jna-4.2.2.jar;c:\Users\Haqii\AppData\Roaming\Code\User\globalStorage\fwcd.kotlin\langServerInstall\server\lib\failureaccess-1.0.2.jar;c:\Users\Haqii\AppData\Roaming\Code\User\globalStorage\fwcd.kotlin\langServerInstall\server\lib\listenablefuture-9999.0-empty-to-avoid-conflict-with-guava.jar;c:\Users\Haqii\AppData\Roaming\Code\User\globalStorage\fwcd.kotlin\langServerInstall\server\lib\jsr305-3.0.2.jar;c:\Users\Haqii\AppData\Roaming\Code\User\globalStorage\fwcd.kotlin\langServerInstall\server\lib\checker-qual-3.43.0.jar;c:\Users\Haqii\AppData\Roaming\Code\User\globalStorage\fwcd.kotlin\langServerInstall\server\lib\error_prone_annotations-2.28.0.jar
PATH=C:\Program Files\Common Files\Oracle\Java\javapath;C:\Program Files (x86)\Common Files\Oracle\Java\java8path;C:\Program Files (x86)\Common Files\Oracle\Java\javapath;C:\WINDOWS\system32;C:\WINDOWS;C:\WINDOWS\System32\Wbem;C:\WINDOWS\System32\WindowsPowerShell\v1.0\;C:\WINDOWS\System32\OpenSSH\;C:\xampp\php;C:\ProgramData\ComposerSetup\bin;C:\Program Files\Git\cmd;C:\Program Files\dotnet\;C:\ProgramData\chocolatey\bin;C:\Program Files\nodejs\;C:\Program Files\Common Files\Oracle\Java\javapath;C:\Windows\system32;C:\Windows;C:\Windows\System32\Wbem;C:\Windows\System32\WindowsPowerShell\v1.0\;C:\Windows\System32\OpenSSH\;C:\xampp\php;C:\ProgramData\ComposerSetup\bin;C:\Program Files\nodejs\;C:\Program Files\Git\cmd;C:\Program Files\dotnet\;C:\ProgramData\chocolatey\bin;c:\Users\Haqii\AppData\Local\Programs\cursor\resources\app\codeBin;C:\Users\Haqii\AppData\Local\Programs\Python\Launcher\;C:\Users\Haqii\AppData\Local\Microsoft\WindowsApps;C:\Users\Haqii\AppData\Local\Programs\Microsoft VS Code\bin;C:\Users\Haqii\AppData\Roaming\Composer\vendor\bin;C:\msys64\ucrt64\bin;C:\Users\Haqii\AppData\Local\spicetify;C:\Users\Haqii\.deno\bin;C:\Android\cmdline-tools\latest\bin;C:\Android\platform-tools;C:\Android\emulator;C:\Users\Haqii\AppData\Roaming\npm;C:\Users\Haqii\AppData\Local\Microsoft\WindowsApps;C:\laragon\bin\php\php-8.3.26-Win32-vs16-x64;C:\laragon\bin\composer;C:\Users\Haqii\AppData\Local\Programs\Antigravity\bin
USERNAME=Haqii
OS=Windows_NT
PROCESSOR_IDENTIFIER=AMD64 Family 25 Model 68 Stepping 1, AuthenticAMD
TMP=C:\Users\Haqii\AppData\Local\Temp
TEMP=C:\Users\Haqii\AppData\Local\Temp




Periodic native trim disabled

---------------  S Y S T E M  ---------------

OS:
 Windows 11 , 64 bit Build 26100 (10.0.26100.7309)
OS uptime: 0 days 6:30 hours

CPU: total 16 (initial active 16) (16 cores per cpu, 2 threads per core) family 25 model 68 stepping 1 microcode 0xa404102, cx8, cmov, fxsr, ht, mmx, 3dnowpref, sse, sse2, sse3, ssse3, sse4a, sse4.1, sse4.2, popcnt, lzcnt, tsc, tscinvbit, avx, avx2, aes, erms, clmul, bmi1, bmi2, adx, sha, fma, vzeroupper, clflush, clflushopt, rdtscp, rdpid, fsrm, f16c, pku, cet_ss
Processor Information for the first 16 processors :
  Max Mhz: 3201, Current Mhz: 2502, Mhz Limit: 3201

Memory: 4k page, system-wide physical 14077M (1134M free)
TotalPageFile size 27389M (AvailPageFile size 143M)
current process WorkingSet (physical memory assigned to process): 761M, peak: 761M
current process commit charge ("private bytes"): 808M, peak: 876M

vm_info: Java HotSpot(TM) 64-Bit Server VM (23.0.1+11-39) for windows-amd64 JRE (23.0.1+11-39), built on 2024-09-30T07:20:43Z with MS VC++ 17.6 (VS2022)

END.
