#
# There is insufficient memory for the Java Runtime Environment to continue.
# Native memory allocation (malloc) failed to allocate 1078816 bytes. Error detail: Chunk::new
# Possible reasons:
#   The system is out of physical RAM or swap space
#   This process is running with CompressedOops enabled, and the Java Heap may be blocking the growth of the native heap
# Possible solutions:
#   Reduce memory load on the system
#   Increase physical memory or swap space
#   Check if swap backing store is full
#   Decrease Java heap size (-Xmx/-Xms)
#   Decrease number of Java threads
#   Decrease Java thread stack sizes (-Xss)
#   Set larger code cache with -XX:ReservedCodeCacheSize=
#   JVM is running with Zero Based Compressed Oops mode in which the Java heap is
#     placed in the first 32GB address space. The Java Heap base address is the
#     maximum limit for the native heap growth. Please use -XX:HeapBaseMinAddress
#     to set the Java Heap base and to place the Java Heap above 32GB virtual address.
# This output file may be truncated or incomplete.
#
#  Out of Memory Error (arena.cpp:149), pid=26552, tid=13144
#
# JRE version: Java(TM) SE Runtime Environment (23.0.1+11) (build 23.0.1+11-39)
# Java VM: Java HotSpot(TM) 64-Bit Server VM (23.0.1+11-39, mixed mode, sharing, tiered, compressed oops, compressed class ptrs, g1 gc, windows-amd64)
# No core dump will be written. Minidumps are not enabled by default on client versions of Windows
#

---------------  S U M M A R Y ------------

Command Line: -DkotlinLanguageServer.version=1.3.13 org.javacs.kt.MainKt

Host: AMD Ryzen 7 7735HS with Radeon Graphics        , 16 cores, 13G,  Windows 11 , 64 bit Build 26100 (10.0.26100.7309)
Time: Tue Mar 31 22:17:34 2026 SE Asia Standard Time elapsed time: 19.564589 seconds (0d 0h 0m 19s)

---------------  T H R E A D  ---------------

Current thread (0x000001efad660ba0):  JavaThread "C2 CompilerThread1" daemon [_thread_in_native, id=13144, stack(0x000000c3ac600000,0x000000c3ac700000) (1024K)]


Current CompileTask:
C2:19564 16859       4       org.jetbrains.kotlin.types.AbstractTypeChecker::isSubtypeOfForSingleClassifierType (1050 bytes)

Stack: [0x000000c3ac600000,0x000000c3ac700000]
Native frames: (J=compiled Java code, j=interpreted, Vv=VM code, C=native code)
V  [jvm.dll+0x6e08b9]  (no source info available)
V  [jvm.dll+0x87dc83]  (no source info available)
V  [jvm.dll+0x88010e]  (no source info available)
V  [jvm.dll+0x8807e3]  (no source info available)
V  [jvm.dll+0x27aee6]  (no source info available)
V  [jvm.dll+0xbc06f]  (no source info available)
V  [jvm.dll+0xbc2cb]  (no source info available)
V  [jvm.dll+0x2ee94d]  (no source info available)
V  [jvm.dll+0x6063d9]  (no source info available)
V  [jvm.dll+0x24ddf2]  (no source info available)
V  [jvm.dll+0x2468c4]  (no source info available)
V  [jvm.dll+0x243d04]  (no source info available)
V  [jvm.dll+0x1c33a0]  (no source info available)
V  [jvm.dll+0x253cf1]  (no source info available)
V  [jvm.dll+0x251faa]  (no source info available)
V  [jvm.dll+0x3ee036]  (no source info available)
V  [jvm.dll+0x824f8b]  (no source info available)
V  [jvm.dll+0x6df065]  (no source info available)
C  [ucrtbase.dll+0x37b0]  (no source info available)
C  [KERNEL32.DLL+0x2e8d7]  (no source info available)
C  [ntdll.dll+0x8c53c]  (no source info available)

Lock stack of current Java thread (top to bottom):


---------------  P R O C E S S  ---------------

Threads class SMR info:
_java_thread_list=0x000001efa3726390, length=22, elements={
0x000001ef5d9cfc90, 0x000001ef5d9d3270, 0x000001ef5d9d4d00, 0x000001ef5d9d5ab0,
0x000001ef5d9d87a0, 0x000001ef5d9daa80, 0x000001ef5d9ec560, 0x000001ef5d9ef7a0,
0x000001ef5d9dbe30, 0x000001ef5d9ddf00, 0x000001efaedc23c0, 0x000001efaedbef40,
0x000001efaedc2a50, 0x000001efaf984010, 0x000001efaedc02f0, 0x000001efaf430a70,
0x000001efaf432140, 0x000001efaedc1d30, 0x000001efad660ba0, 0x000001efad65e2c0,
0x000001efad65dbf0, 0x000001efaff18f80
}

Java Threads: ( => current thread )
  0x000001ef5d9cfc90 JavaThread "Reference Handler"          daemon [_thread_blocked, id=2792, stack(0x000000c3abb00000,0x000000c3abc00000) (1024K)]
  0x000001ef5d9d3270 JavaThread "Finalizer"                  daemon [_thread_blocked, id=5760, stack(0x000000c3abc00000,0x000000c3abd00000) (1024K)]
  0x000001ef5d9d4d00 JavaThread "Signal Dispatcher"          daemon [_thread_blocked, id=25076, stack(0x000000c3abd00000,0x000000c3abe00000) (1024K)]
  0x000001ef5d9d5ab0 JavaThread "Attach Listener"            daemon [_thread_blocked, id=26148, stack(0x000000c3abe00000,0x000000c3abf00000) (1024K)]
  0x000001ef5d9d87a0 JavaThread "Service Thread"             daemon [_thread_blocked, id=6672, stack(0x000000c3abf00000,0x000000c3ac000000) (1024K)]
  0x000001ef5d9daa80 JavaThread "Monitor Deflation Thread"   daemon [_thread_blocked, id=25592, stack(0x000000c3ac000000,0x000000c3ac100000) (1024K)]
  0x000001ef5d9ec560 JavaThread "C2 CompilerThread0"         daemon [_thread_in_native, id=23228, stack(0x000000c3ac100000,0x000000c3ac200000) (1024K)]
  0x000001ef5d9ef7a0 JavaThread "C1 CompilerThread0"         daemon [_thread_blocked, id=26300, stack(0x000000c3ac200000,0x000000c3ac300000) (1024K)]
  0x000001ef5d9dbe30 JavaThread "Notification Thread"        daemon [_thread_blocked, id=24000, stack(0x000000c3ac400000,0x000000c3ac500000) (1024K)]
  0x000001ef5d9ddf00 JavaThread "Common-Cleaner"             daemon [_thread_blocked, id=27588, stack(0x000000c3ac500000,0x000000c3ac600000) (1024K)]
  0x000001efaedc23c0 JavaThread "client"                            [_thread_in_native, id=25944, stack(0x000000c3ad900000,0x000000c3ada00000) (1024K)]
  0x000001efaedbef40 JavaThread "DestroyJavaVM"                     [_thread_blocked, id=4680, stack(0x000000c3ab300000,0x000000c3ab400000) (1024K)]
  0x000001efaedc2a50 JavaThread "async0"                            [_thread_blocked, id=24644, stack(0x000000c3ada00000,0x000000c3adb00000) (1024K)]
  0x000001efaf984010 JavaThread "C1 CompilerThread1"         daemon [_thread_blocked, id=27220, stack(0x000000c3ac300000,0x000000c3ac400000) (1024K)]
  0x000001efaedc02f0 JavaThread "async1"                            [_thread_blocked, id=26784, stack(0x000000c3ac700000,0x000000c3ac800000) (1024K)]
  0x000001efaf430a70 JavaThread "C1 CompilerThread2"         daemon [_thread_blocked, id=25556, stack(0x000000c3ac800000,0x000000c3ac900000) (1024K)]
  0x000001efaf432140 JavaThread "C1 CompilerThread3"         daemon [_thread_blocked, id=18096, stack(0x000000c3ac900000,0x000000c3aca00000) (1024K)]
  0x000001efaedc1d30 JavaThread "debounce0"                         [_thread_blocked, id=25628, stack(0x000000c3adc00000,0x000000c3add00000) (1024K)]
=>0x000001efad660ba0 JavaThread "C2 CompilerThread1"         daemon [_thread_in_native, id=13144, stack(0x000000c3ac600000,0x000000c3ac700000) (1024K)]
  0x000001efad65e2c0 JavaThread "C2 CompilerThread2"         daemon [_thread_in_native, id=26360, stack(0x000000c3ad800000,0x000000c3ad900000) (1024K)]
  0x000001efad65dbf0 JavaThread "C2 CompilerThread3"         daemon [_thread_blocked, id=26408, stack(0x000000c3adb00000,0x000000c3adc00000) (1024K)]
  0x000001efaff18f80 JavaThread "async2"                            [_thread_blocked, id=26860, stack(0x000000c3ade00000,0x000000c3adf00000) (1024K)]
Total: 22

Other Threads:
  0x000001ef5d9b8150 VMThread "VM Thread"                           [id=12900, stack(0x000000c3aba00000,0x000000c3abb00000) (1024K)]
  0x000001ef5d9a0830 WatcherThread "VM Periodic Task Thread"        [id=25740, stack(0x000000c3ab900000,0x000000c3aba00000) (1024K)]
  0x000001ef3e6299e0 WorkerThread "GC Thread#0"                     [id=28532, stack(0x000000c3ab400000,0x000000c3ab500000) (1024K)]
  0x000001ef5d9b79f0 WorkerThread "GC Thread#1"                     [id=27200, stack(0x000000c3aca00000,0x000000c3acb00000) (1024K)]
  0x000001ef5d9b7da0 WorkerThread "GC Thread#2"                     [id=6876, stack(0x000000c3acb00000,0x000000c3acc00000) (1024K)]
  0x000001efa39957b0 WorkerThread "GC Thread#3"                     [id=9308, stack(0x000000c3acc00000,0x000000c3acd00000) (1024K)]
  0x000001efa3996dd0 WorkerThread "GC Thread#4"                     [id=23640, stack(0x000000c3acd00000,0x000000c3ace00000) (1024K)]
  0x000001efa3995b60 WorkerThread "GC Thread#5"                     [id=27536, stack(0x000000c3ace00000,0x000000c3acf00000) (1024K)]
  0x000001efa39987a0 WorkerThread "GC Thread#6"                     [id=27136, stack(0x000000c3acf00000,0x000000c3ad000000) (1024K)]
  0x000001efa3998040 WorkerThread "GC Thread#7"                     [id=28432, stack(0x000000c3ad000000,0x000000c3ad100000) (1024K)]
  0x000001efa3998b50 WorkerThread "GC Thread#8"                     [id=21100, stack(0x000000c3ad100000,0x000000c3ad200000) (1024K)]
  0x000001efa3998f00 WorkerThread "GC Thread#9"                     [id=27300, stack(0x000000c3ad200000,0x000000c3ad300000) (1024K)]
  0x000001efa41f6ff0 WorkerThread "GC Thread#10"                    [id=27232, stack(0x000000c3ad300000,0x000000c3ad400000) (1024K)]
  0x000001efa41f5270 WorkerThread "GC Thread#11"                    [id=24800, stack(0x000000c3ad400000,0x000000c3ad500000) (1024K)]
  0x000001efa41f4b10 WorkerThread "GC Thread#12"                    [id=28236, stack(0x000000c3ad500000,0x000000c3ad600000) (1024K)]
  0x000001ef3e63dc60 ConcurrentGCThread "G1 Main Marker"            [id=26268, stack(0x000000c3ab500000,0x000000c3ab600000) (1024K)]
  0x000001ef3e6401c0 WorkerThread "G1 Conc#0"                       [id=27696, stack(0x000000c3ab600000,0x000000c3ab700000) (1024K)]
  0x000001efa41f43b0 WorkerThread "G1 Conc#1"                       [id=21048, stack(0x000000c3ad600000,0x000000c3ad700000) (1024K)]
  0x000001efa41f4000 WorkerThread "G1 Conc#2"                       [id=11628, stack(0x000000c3ad700000,0x000000c3ad800000) (1024K)]
  0x000001ef5d86e910 ConcurrentGCThread "G1 Refine#0"               [id=24460, stack(0x000000c3ab700000,0x000000c3ab800000) (1024K)]
  0x000001ef5d870340 ConcurrentGCThread "G1 Service"                [id=26496, stack(0x000000c3ab800000,0x000000c3ab900000) (1024K)]
Total: 21

Threads with active compile tasks:
C2 CompilerThread0  19657 16703       4       org.jetbrains.kotlin.container.ComponentStorage::collectAdhocComponents (190 bytes)
C1 CompilerThread0  19657 16962       3       org.jetbrains.kotlin.serialization.deserialization.MemberDeserializer::valueParameters (475 bytes)
C2 CompilerThread1  19657 16859       4       org.jetbrains.kotlin.types.AbstractTypeChecker::isSubtypeOfForSingleClassifierType (1050 bytes)
C2 CompilerThread2  19657 16946       4       org.jetbrains.kotlin.resolve.lazy.descriptors.LazyClassMemberScope::resolveUnknownVisibilitiesForMembers (108 bytes)
C2 CompilerThread3  19657 16960       4       kotlin.collections.CollectionsKt__IterablesKt::flatten (57 bytes)
Total: 5

VM state: at safepoint (normal execution)

VM Mutex/Monitor currently owned by a thread:  ([mutex/lock_event])
[0x00007ff9b7833910] Threads_lock - owner thread: 0x000001ef5d9b8150
[0x00007ff9b7833a10] Heap_lock - owner thread: 0x000001efaedc1d30

Heap address: 0x0000000724000000, size: 3520 MB, Compressed Oops mode: Zero based, Oop shift amount: 3

CDS archive(s) mapped at: [0x000001ef5e000000-0x000001ef5ed70000-0x000001ef5ed70000), size 14090240, SharedBaseAddress: 0x000001ef5e000000, ArchiveRelocationMode: 1.
Compressed class space mapped at: 0x000001ef5f000000-0x000001ef9f000000, reserved size: 1073741824
Narrow klass base: 0x000001ef5e000000, Narrow klass shift: 0, Narrow klass range: 0x41000000

GC Precious Log:
 CardTable entry size: 512
 Card Set container configuration: InlinePtr #cards 4 size 8 Array Of Cards #cards 16 size 48 Howl #buckets 8 coarsen threshold 3686 Howl Bitmap #cards 512 size 80 coarsen threshold 460 Card regions per heap region 1 cards per card region 4096
 CPUs: 16 total, 16 available
 Memory: 14077M
 Large Page Support: Disabled
 NUMA Support: Disabled
 Compressed Oops: Enabled (Zero based)
 Heap Region Size: 2M
 Heap Min Capacity: 8M
 Heap Initial Capacity: 220M
 Heap Max Capacity: 3520M
 Pre-touch: Disabled
 Parallel Workers: 13
 Concurrent Workers: 3
 Concurrent Refinement Workers: 13
 Periodic GC: Disabled

Heap:
 garbage-first heap   total reserved 3604480K, committed 249856K, used 161447K [0x0000000724000000, 0x0000000800000000)
  region size 2048K, 1 young (2048K), 1 survivors (2048K)
 Metaspace       used 77004K, committed 78016K, reserved 1179648K
  class space    used 8876K, committed 9344K, reserved 1048576K

Heap Regions: E=young(eden), S=young(survivor), O=old, HS=humongous(starts), HC=humongous(continues), CS=collection set, F=free, TAMS=top-at-mark-start, PB=parsable bottom
|   0|0x0000000724000000, 0x0000000724200000, 0x0000000724200000|100%|HS|  |TAMS 0x0000000724200000| PB 0x0000000724000000| Complete |  0
|   1|0x0000000724200000, 0x0000000724400000, 0x0000000724400000|100%|HC|  |TAMS 0x0000000724400000| PB 0x0000000724200000| Complete |  0
|   2|0x0000000724400000, 0x0000000724600000, 0x0000000724600000|100%| O|  |TAMS 0x0000000724600000| PB 0x0000000724400000| Untracked |  0
|   3|0x0000000724600000, 0x0000000724800000, 0x0000000724800000|100%| O|  |TAMS 0x0000000724800000| PB 0x0000000724600000| Untracked |  0
|   4|0x0000000724800000, 0x0000000724a00000, 0x0000000724a00000|100%| O|  |TAMS 0x0000000724a00000| PB 0x0000000724800000| Untracked |  0
|   5|0x0000000724a00000, 0x0000000724c00000, 0x0000000724c00000|100%| O|  |TAMS 0x0000000724c00000| PB 0x0000000724a00000| Untracked |  0
|   6|0x0000000724c00000, 0x0000000724e00000, 0x0000000724e00000|100%| O|  |TAMS 0x0000000724e00000| PB 0x0000000724c00000| Untracked |  0
|   7|0x0000000724e00000, 0x0000000725000000, 0x0000000725000000|100%| O|  |TAMS 0x0000000725000000| PB 0x0000000724e00000| Untracked |  0
|   8|0x0000000725000000, 0x0000000725200000, 0x0000000725200000|100%| O|  |TAMS 0x0000000725200000| PB 0x0000000725000000| Untracked |  0
|   9|0x0000000725200000, 0x0000000725400000, 0x0000000725400000|100%| O|  |TAMS 0x0000000725400000| PB 0x0000000725200000| Untracked |  0
|  10|0x0000000725400000, 0x0000000725600000, 0x0000000725600000|100%|HS|  |TAMS 0x0000000725600000| PB 0x0000000725400000| Complete |  0
|  11|0x0000000725600000, 0x0000000725800000, 0x0000000725800000|100%| O|  |TAMS 0x0000000725800000| PB 0x0000000725600000| Untracked |  0
|  12|0x0000000725800000, 0x0000000725a00000, 0x0000000725a00000|100%| O|  |TAMS 0x0000000725a00000| PB 0x0000000725800000| Untracked |  0
|  13|0x0000000725a00000, 0x0000000725c00000, 0x0000000725c00000|100%| O|  |TAMS 0x0000000725c00000| PB 0x0000000725a00000| Untracked |  0
|  14|0x0000000725c00000, 0x0000000725e00000, 0x0000000725e00000|100%| O|  |TAMS 0x0000000725e00000| PB 0x0000000725c00000| Untracked |  0
|  15|0x0000000725e00000, 0x0000000726000000, 0x0000000726000000|100%| O|  |TAMS 0x0000000726000000| PB 0x0000000725e00000| Untracked |  0
|  16|0x0000000726000000, 0x0000000726200000, 0x0000000726200000|100%| O|  |TAMS 0x0000000726200000| PB 0x0000000726000000| Untracked |  0
|  17|0x0000000726200000, 0x0000000726400000, 0x0000000726400000|100%| O|  |TAMS 0x0000000726400000| PB 0x0000000726200000| Untracked |  0
|  18|0x0000000726400000, 0x0000000726600000, 0x0000000726600000|100%| O|  |TAMS 0x0000000726600000| PB 0x0000000726400000| Untracked |  0
|  19|0x0000000726600000, 0x0000000726800000, 0x0000000726800000|100%| O|  |TAMS 0x0000000726800000| PB 0x0000000726600000| Untracked |  0
|  20|0x0000000726800000, 0x0000000726a00000, 0x0000000726a00000|100%| O|  |TAMS 0x0000000726a00000| PB 0x0000000726800000| Untracked |  0
|  21|0x0000000726a00000, 0x0000000726c00000, 0x0000000726c00000|100%| O|  |TAMS 0x0000000726c00000| PB 0x0000000726a00000| Untracked |  0
|  22|0x0000000726c00000, 0x0000000726e00000, 0x0000000726e00000|100%| O|  |TAMS 0x0000000726e00000| PB 0x0000000726c00000| Untracked |  0
|  23|0x0000000726e00000, 0x0000000727000000, 0x0000000727000000|100%| O|  |TAMS 0x0000000727000000| PB 0x0000000726e00000| Untracked |  0
|  24|0x0000000727000000, 0x0000000727200000, 0x0000000727200000|100%| O|  |TAMS 0x0000000727000000| PB 0x0000000727000000| Untracked |  0
|  25|0x0000000727200000, 0x0000000727400000, 0x0000000727400000|100%| O|  |TAMS 0x0000000727400000| PB 0x0000000727200000| Untracked |  0
|  26|0x0000000727400000, 0x0000000727600000, 0x0000000727600000|100%| O|  |TAMS 0x0000000727600000| PB 0x0000000727400000| Untracked |  0
|  27|0x0000000727600000, 0x0000000727800000, 0x0000000727800000|100%| O|  |TAMS 0x0000000727800000| PB 0x0000000727600000| Untracked |  0
|  28|0x0000000727800000, 0x0000000727a00000, 0x0000000727a00000|100%| O|  |TAMS 0x0000000727a00000| PB 0x0000000727800000| Untracked |  0
|  29|0x0000000727a00000, 0x0000000727c00000, 0x0000000727c00000|100%| O|  |TAMS 0x0000000727c00000| PB 0x0000000727a00000| Untracked |  0
|  30|0x0000000727c00000, 0x0000000727e00000, 0x0000000727e00000|100%| O|  |TAMS 0x0000000727e00000| PB 0x0000000727c00000| Untracked |  0
|  31|0x0000000727e00000, 0x0000000728000000, 0x0000000728000000|100%| O|  |TAMS 0x0000000728000000| PB 0x0000000727e00000| Untracked |  0
|  32|0x0000000728000000, 0x0000000728200000, 0x0000000728200000|100%| O|  |TAMS 0x0000000728200000| PB 0x0000000728000000| Untracked |  0
|  33|0x0000000728200000, 0x0000000728400000, 0x0000000728400000|100%| O|  |TAMS 0x0000000728400000| PB 0x0000000728200000| Untracked |  0
|  34|0x0000000728400000, 0x0000000728600000, 0x0000000728600000|100%| O|  |TAMS 0x0000000728600000| PB 0x0000000728400000| Untracked |  0
|  35|0x0000000728600000, 0x0000000728800000, 0x0000000728800000|100%| O|  |TAMS 0x0000000728800000| PB 0x0000000728600000| Untracked |  0
|  36|0x0000000728800000, 0x0000000728a00000, 0x0000000728a00000|100%| O|  |TAMS 0x0000000728a00000| PB 0x0000000728800000| Untracked |  0
|  37|0x0000000728a00000, 0x0000000728c00000, 0x0000000728c00000|100%| O|  |TAMS 0x0000000728c00000| PB 0x0000000728a00000| Untracked |  0
|  38|0x0000000728c00000, 0x0000000728e00000, 0x0000000728e00000|100%| O|  |TAMS 0x0000000728e00000| PB 0x0000000728c00000| Untracked |  0
|  39|0x0000000728e00000, 0x0000000729000000, 0x0000000729000000|100%| O|  |TAMS 0x0000000729000000| PB 0x0000000728e00000| Untracked |  0
|  40|0x0000000729000000, 0x0000000729200000, 0x0000000729200000|100%| O|  |TAMS 0x0000000729200000| PB 0x0000000729000000| Untracked |  0
|  41|0x0000000729200000, 0x0000000729400000, 0x0000000729400000|100%| O|  |TAMS 0x0000000729200000| PB 0x0000000729200000| Untracked |  0
|  42|0x0000000729400000, 0x0000000729600000, 0x0000000729600000|100%| O|  |TAMS 0x0000000729600000| PB 0x0000000729400000| Untracked |  0
|  43|0x0000000729600000, 0x0000000729800000, 0x0000000729800000|100%| O|  |TAMS 0x0000000729800000| PB 0x0000000729600000| Untracked |  0
|  44|0x0000000729800000, 0x0000000729a00000, 0x0000000729a00000|100%| O|  |TAMS 0x0000000729a00000| PB 0x0000000729800000| Untracked |  0
|  45|0x0000000729a00000, 0x0000000729c00000, 0x0000000729c00000|100%| O|  |TAMS 0x0000000729c00000| PB 0x0000000729a00000| Untracked |  0
|  46|0x0000000729c00000, 0x0000000729e00000, 0x0000000729e00000|100%| O|  |TAMS 0x0000000729c00000| PB 0x0000000729c00000| Untracked |  0
|  47|0x0000000729e00000, 0x000000072a000000, 0x000000072a000000|100%| O|  |TAMS 0x000000072a000000| PB 0x0000000729e00000| Untracked |  0
|  48|0x000000072a000000, 0x000000072a200000, 0x000000072a200000|100%| O|  |TAMS 0x000000072a200000| PB 0x000000072a000000| Untracked |  0
|  49|0x000000072a200000, 0x000000072a400000, 0x000000072a400000|100%| O|  |TAMS 0x000000072a400000| PB 0x000000072a200000| Untracked |  0
|  50|0x000000072a400000, 0x000000072a600000, 0x000000072a600000|100%| O|  |TAMS 0x000000072a600000| PB 0x000000072a400000| Untracked |  0
|  51|0x000000072a600000, 0x000000072a800000, 0x000000072a800000|100%| O|  |TAMS 0x000000072a800000| PB 0x000000072a600000| Untracked |  0
|  52|0x000000072a800000, 0x000000072aa00000, 0x000000072aa00000|100%| O|  |TAMS 0x000000072aa00000| PB 0x000000072a800000| Untracked |  0
|  53|0x000000072aa00000, 0x000000072ac00000, 0x000000072ac00000|100%| O|  |TAMS 0x000000072ac00000| PB 0x000000072aa00000| Untracked |  0
|  54|0x000000072ac00000, 0x000000072ae00000, 0x000000072ae00000|100%| O|  |TAMS 0x000000072ae00000| PB 0x000000072ac00000| Untracked |  0
|  55|0x000000072ae00000, 0x000000072b000000, 0x000000072b000000|100%| O|  |TAMS 0x000000072b000000| PB 0x000000072ae00000| Untracked |  0
|  56|0x000000072b000000, 0x000000072b200000, 0x000000072b200000|100%| O|  |TAMS 0x000000072b200000| PB 0x000000072b000000| Untracked |  0
|  57|0x000000072b200000, 0x000000072b400000, 0x000000072b400000|100%| O|  |TAMS 0x000000072b400000| PB 0x000000072b200000| Untracked |  0
|  58|0x000000072b400000, 0x000000072b600000, 0x000000072b600000|100%| O|  |TAMS 0x000000072b600000| PB 0x000000072b400000| Untracked |  0
|  59|0x000000072b600000, 0x000000072b800000, 0x000000072b800000|100%| O|  |TAMS 0x000000072b800000| PB 0x000000072b600000| Untracked |  0
|  60|0x000000072b800000, 0x000000072ba00000, 0x000000072ba00000|100%| O|  |TAMS 0x000000072ba00000| PB 0x000000072b800000| Untracked |  0
|  61|0x000000072ba00000, 0x000000072bc00000, 0x000000072bc00000|100%| O|  |TAMS 0x000000072bc00000| PB 0x000000072ba00000| Untracked |  0
|  62|0x000000072bc00000, 0x000000072be00000, 0x000000072be00000|100%| O|  |TAMS 0x000000072be00000| PB 0x000000072bc00000| Untracked |  0
|  63|0x000000072be00000, 0x000000072c000000, 0x000000072c000000|100%| O|  |TAMS 0x000000072c000000| PB 0x000000072be00000| Untracked |  0
|  64|0x000000072c000000, 0x000000072c200000, 0x000000072c200000|100%| O|  |TAMS 0x000000072c200000| PB 0x000000072c000000| Untracked |  0
|  65|0x000000072c200000, 0x000000072c400000, 0x000000072c400000|100%| O|  |TAMS 0x000000072c400000| PB 0x000000072c200000| Untracked |  0
|  66|0x000000072c400000, 0x000000072c600000, 0x000000072c600000|100%| O|  |TAMS 0x000000072c600000| PB 0x000000072c400000| Untracked |  0
|  67|0x000000072c600000, 0x000000072c800000, 0x000000072c800000|100%| O|  |TAMS 0x000000072c800000| PB 0x000000072c600000| Untracked |  0
|  68|0x000000072c800000, 0x000000072c883988, 0x000000072ca00000| 25%| O|  |TAMS 0x000000072c800000| PB 0x000000072c800000| Untracked |  0
|  69|0x000000072ca00000, 0x000000072cc00000, 0x000000072cc00000|100%| O|  |TAMS 0x000000072cc00000| PB 0x000000072ca00000| Untracked |  0
|  70|0x000000072cc00000, 0x000000072ce00000, 0x000000072ce00000|100%| O|  |TAMS 0x000000072ce00000| PB 0x000000072cc00000| Untracked |  0
|  71|0x000000072ce00000, 0x000000072d000000, 0x000000072d000000|100%| O|  |TAMS 0x000000072d000000| PB 0x000000072ce00000| Untracked |  0
|  72|0x000000072d000000, 0x000000072d200000, 0x000000072d200000|100%| O|  |TAMS 0x000000072d200000| PB 0x000000072d000000| Untracked |  0
|  73|0x000000072d200000, 0x000000072d400000, 0x000000072d400000|100%| O|  |TAMS 0x000000072d400000| PB 0x000000072d200000| Untracked |  0
|  74|0x000000072d400000, 0x000000072d600000, 0x000000072d600000|100%| O|  |TAMS 0x000000072d600000| PB 0x000000072d400000| Untracked |  0
|  75|0x000000072d600000, 0x000000072d800000, 0x000000072d800000|100%| O|  |TAMS 0x000000072d800000| PB 0x000000072d600000| Untracked |  0
|  76|0x000000072d800000, 0x000000072da00000, 0x000000072da00000|100%| O|  |TAMS 0x000000072da00000| PB 0x000000072d800000| Untracked |  0
|  77|0x000000072da00000, 0x000000072dc00000, 0x000000072dc00000|100%| O|  |TAMS 0x000000072da90fb0| PB 0x000000072da00000| Untracked |  0
|  78|0x000000072dc00000, 0x000000072dc00000, 0x000000072de00000|  0%| F|  |TAMS 0x000000072dc00000| PB 0x000000072dc00000| Untracked |  0
|  79|0x000000072de00000, 0x000000072de00000, 0x000000072e000000|  0%| F|  |TAMS 0x000000072de00000| PB 0x000000072de00000| Untracked |  0
|  80|0x000000072e000000, 0x000000072e000000, 0x000000072e200000|  0%| F|  |TAMS 0x000000072e000000| PB 0x000000072e000000| Untracked |  0
|  81|0x000000072e200000, 0x000000072e200000, 0x000000072e400000|  0%| F|  |TAMS 0x000000072e200000| PB 0x000000072e200000| Untracked |  0
|  82|0x000000072e400000, 0x000000072e400000, 0x000000072e600000|  0%| F|  |TAMS 0x000000072e400000| PB 0x000000072e400000| Untracked |  0
|  83|0x000000072e600000, 0x000000072e600000, 0x000000072e800000|  0%| F|  |TAMS 0x000000072e600000| PB 0x000000072e600000| Untracked |  0
|  84|0x000000072e800000, 0x000000072e800000, 0x000000072ea00000|  0%| F|  |TAMS 0x000000072e800000| PB 0x000000072e800000| Untracked |  0
|  85|0x000000072ea00000, 0x000000072ea00000, 0x000000072ec00000|  0%| F|  |TAMS 0x000000072ea00000| PB 0x000000072ea00000| Untracked |  0
|  86|0x000000072ec00000, 0x000000072ec00000, 0x000000072ee00000|  0%| F|  |TAMS 0x000000072ec00000| PB 0x000000072ec00000| Untracked |  0
|  87|0x000000072ee00000, 0x000000072ee00000, 0x000000072f000000|  0%| F|  |TAMS 0x000000072ee00000| PB 0x000000072ee00000| Untracked |  0
|  88|0x000000072f000000, 0x000000072f000000, 0x000000072f200000|  0%| F|  |TAMS 0x000000072f000000| PB 0x000000072f000000| Untracked |  0
|  89|0x000000072f200000, 0x000000072f200000, 0x000000072f400000|  0%| F|  |TAMS 0x000000072f200000| PB 0x000000072f200000| Untracked |  0
|  90|0x000000072f400000, 0x000000072f400000, 0x000000072f600000|  0%| F|  |TAMS 0x000000072f400000| PB 0x000000072f400000| Untracked |  0
|  91|0x000000072f600000, 0x000000072f600000, 0x000000072f800000|  0%| F|  |TAMS 0x000000072f600000| PB 0x000000072f600000| Untracked |  0
|  92|0x000000072f800000, 0x000000072f800000, 0x000000072fa00000|  0%| F|  |TAMS 0x000000072f800000| PB 0x000000072f800000| Untracked |  0
|  93|0x000000072fa00000, 0x000000072fa00000, 0x000000072fc00000|  0%| F|  |TAMS 0x000000072fa00000| PB 0x000000072fa00000| Untracked |  0
|  94|0x000000072fc00000, 0x000000072fc00000, 0x000000072fe00000|  0%| F|  |TAMS 0x000000072fc00000| PB 0x000000072fc00000| Untracked |  0
|  95|0x000000072fe00000, 0x000000072fe00000, 0x0000000730000000|  0%| F|  |TAMS 0x000000072fe00000| PB 0x000000072fe00000| Untracked |  0
|  96|0x0000000730000000, 0x0000000730000000, 0x0000000730200000|  0%| F|  |TAMS 0x0000000730000000| PB 0x0000000730000000| Untracked |  0
|  97|0x0000000730200000, 0x0000000730200000, 0x0000000730400000|  0%| F|  |TAMS 0x0000000730200000| PB 0x0000000730200000| Untracked |  0
|  98|0x0000000730400000, 0x0000000730400000, 0x0000000730600000|  0%| F|  |TAMS 0x0000000730400000| PB 0x0000000730400000| Untracked |  0
|  99|0x0000000730600000, 0x0000000730600000, 0x0000000730800000|  0%| F|  |TAMS 0x0000000730600000| PB 0x0000000730600000| Untracked |  0
| 100|0x0000000730800000, 0x0000000730800000, 0x0000000730a00000|  0%| F|  |TAMS 0x0000000730800000| PB 0x0000000730800000| Untracked |  0
| 101|0x0000000730a00000, 0x0000000730a00000, 0x0000000730c00000|  0%| F|  |TAMS 0x0000000730a00000| PB 0x0000000730a00000| Untracked |  0
| 102|0x0000000730c00000, 0x0000000730c00000, 0x0000000730e00000|  0%| F|  |TAMS 0x0000000730c00000| PB 0x0000000730c00000| Untracked |  0
| 103|0x0000000730e00000, 0x0000000730e00000, 0x0000000731000000|  0%| F|  |TAMS 0x0000000730e00000| PB 0x0000000730e00000| Untracked |  0
| 104|0x0000000731000000, 0x0000000731000000, 0x0000000731200000|  0%| F|  |TAMS 0x0000000731000000| PB 0x0000000731000000| Untracked |  0
| 105|0x0000000731200000, 0x0000000731200000, 0x0000000731400000|  0%| F|  |TAMS 0x0000000731200000| PB 0x0000000731200000| Untracked |  0
| 106|0x0000000731400000, 0x0000000731400000, 0x0000000731600000|  0%| F|  |TAMS 0x0000000731400000| PB 0x0000000731400000| Untracked |  0
| 107|0x0000000731600000, 0x0000000731600000, 0x0000000731800000|  0%| F|  |TAMS 0x0000000731600000| PB 0x0000000731600000| Untracked |  0
| 108|0x0000000731800000, 0x0000000731800000, 0x0000000731a00000|  0%| F|  |TAMS 0x0000000731800000| PB 0x0000000731800000| Untracked |  0
| 109|0x0000000731a00000, 0x0000000731a00000, 0x0000000731c00000|  0%| F|  |TAMS 0x0000000731a00000| PB 0x0000000731a00000| Untracked |  0
| 110|0x0000000731c00000, 0x0000000731c00000, 0x0000000731e00000|  0%| F|  |TAMS 0x0000000731c00000| PB 0x0000000731c00000| Untracked |  0
| 111|0x0000000731e00000, 0x0000000731e00000, 0x0000000732000000|  0%| F|  |TAMS 0x0000000731e00000| PB 0x0000000731e00000| Untracked |  0
| 112|0x0000000732000000, 0x0000000732000000, 0x0000000732200000|  0%| F|  |TAMS 0x0000000732000000| PB 0x0000000732000000| Untracked |  0
| 113|0x0000000732200000, 0x0000000732200000, 0x0000000732400000|  0%| F|  |TAMS 0x0000000732200000| PB 0x0000000732200000| Untracked |  0
| 114|0x0000000732400000, 0x0000000732400000, 0x0000000732600000|  0%| F|  |TAMS 0x0000000732400000| PB 0x0000000732400000| Untracked |  0
| 115|0x0000000732600000, 0x0000000732600000, 0x0000000732800000|  0%| F|  |TAMS 0x0000000732600000| PB 0x0000000732600000| Untracked |  0
| 116|0x0000000732800000, 0x0000000732800000, 0x0000000732a00000|  0%| F|  |TAMS 0x0000000732800000| PB 0x0000000732800000| Untracked |  0
| 117|0x0000000732a00000, 0x0000000732a00000, 0x0000000732c00000|  0%| F|  |TAMS 0x0000000732a00000| PB 0x0000000732a00000| Untracked |  0
| 118|0x0000000732c00000, 0x0000000732d262e8, 0x0000000732e00000| 57%| S|CS|TAMS 0x0000000732c00000| PB 0x0000000732c00000| Complete |  0
|1757|0x00000007ffa00000, 0x00000007ffa00000, 0x00000007ffc00000|  0%| F|  |TAMS 0x00000007ffa00000| PB 0x00000007ffa00000| Untracked |  0
|1758|0x00000007ffc00000, 0x00000007ffc00000, 0x00000007ffe00000|  0%| F|  |TAMS 0x00000007ffc00000| PB 0x00000007ffc00000| Untracked |  0
|1759|0x00000007ffe00000, 0x0000000800000000, 0x0000000800000000|100%| O|  |TAMS 0x0000000800000000| PB 0x00000007ffe00000| Untracked |  0

Card table byte_map: [0x000001ef56c50000,0x000001ef57330000] _byte_map_base: 0x000001ef53330000

Marking Bits: (CMBitMap*) 0x000001ef3e62a0f0
 Bits: [0x000001ef57330000, 0x000001ef5aa30000)

Polling page: 0x000001ef3c430000

Metaspace:

Usage:
  Non-class:     66.53 MB used.
      Class:      8.67 MB used.
       Both:     75.20 MB used.

Virtual space:
  Non-class space:      128.00 MB reserved,      67.06 MB ( 52%) committed,  2 nodes.
      Class space:        1.00 GB reserved,       9.12 MB ( <1%) committed,  1 nodes.
             Both:        1.12 GB reserved,      76.19 MB (  7%) committed. 

Chunk freelists:
   Non-Class:  12.70 MB
       Class:  6.83 MB
        Both:  19.53 MB

MaxMetaspaceSize: unlimited
CompressedClassSpaceSize: 1.00 GB
Initial GC threshold: 21.00 MB
Current GC threshold: 126.56 MB
CDS: on
 - commit_granule_bytes: 65536.
 - commit_granule_words: 8192.
 - virtual_space_node_default_size: 8388608.
 - enlarge_chunks_in_place: 1.
 - use_allocation_guard: 0.


Internal statistics:

num_allocs_failed_limit: 6.
num_arena_births: 1590.
num_arena_deaths: 0.
num_vsnodes_births: 3.
num_vsnodes_deaths: 0.
num_space_committed: 1217.
num_space_uncommitted: 0.
num_chunks_returned_to_freelist: 6.
num_chunks_taken_from_freelist: 4467.
num_chunk_merges: 3.
num_chunk_splits: 3285.
num_chunks_enlarged: 2504.
num_inconsistent_stats: 0.

CodeHeap 'non-profiled nmethods': size=119232Kb used=6980Kb max_used=6980Kb free=112251Kb
 bounds [0x000001ef4e880000, 0x000001ef4ef60000, 0x000001ef55cf0000]
CodeHeap 'profiled nmethods': size=119104Kb used=32764Kb max_used=32937Kb free=86339Kb
 bounds [0x000001ef46cf0000, 0x000001ef48d20000, 0x000001ef4e140000]
CodeHeap 'non-nmethods': size=7424Kb used=3436Kb max_used=3516Kb free=3987Kb
 bounds [0x000001ef4e140000, 0x000001ef4e4c0000, 0x000001ef4e880000]
CodeCache: size=245760Kb, used=43180Kb, max_used=43433Kb, free=202577Kb
 total_blobs=15201, nmethods=14422, adapters=678, full_count=0
Compilation: enabled, stopped_count=0, restarted_count=0

Compilation events (20 events):
Event: 18.506 Thread 0x000001ef5d9ef7a0 nmethod 16912 0x000001ef47df3688 code [0x000001ef47df37c0, 0x000001ef47df3ad8]
Event: 18.506 Thread 0x000001efaf430a70 16913       3       com.intellij.psi.impl.compiled.ClsFileImpl::getClasses (18 bytes)
Event: 18.506 Thread 0x000001efaf984010 16914       3       com.intellij.psi.impl.java.stubs.impl.PsiJavaFileStubImpl::getClasses (22 bytes)
Event: 18.507 Thread 0x000001efaf984010 nmethod 16914 0x000001ef47b73388 code [0x000001ef47b734c0, 0x000001ef47b737f8]
Event: 18.507 Thread 0x000001efaf430a70 nmethod 16913 0x000001ef477ca888 code [0x000001ef477caa40, 0x000001ef477cb250]
Event: 18.510 Thread 0x000001efaf984010 16915       3       org.jetbrains.kotlin.synthetic.JavaSyntheticPropertiesScope$MyPropertyDescriptor::getGetMethod (19 bytes)
Event: 18.510 Thread 0x000001efaf984010 nmethod 16915 0x000001ef47eebc08 code [0x000001ef47eebd40, 0x000001ef47eec020]
Event: 18.511 Thread 0x000001efad65dbf0 16916       4       org.jetbrains.kotlin.resolve.AnnotationChecker$Companion::getActualTargetList (641 bytes)
Event: 18.527 Thread 0x000001efaf430a70 16917       3       io.vavr.collection.LinkedHashSet::isEmpty (8 bytes)
Event: 18.527 Thread 0x000001efaf430a70 nmethod 16917 0x000001ef47934708 code [0x000001ef47934840, 0x000001ef47934af8]
Event: 18.527 Thread 0x000001efad65e2c0 nmethod 16868 0x000001ef4ef46008 code [0x000001ef4ef46600, 0x000001ef4ef49478]
Event: 18.529 Thread 0x000001efad65e2c0 16918       4       org.jetbrains.kotlin.resolve.calls.components.TypeArgumentsToParametersMapper$TypeArgumentsMapping$NoExplicitArguments::iterator (4 bytes)
Event: 18.529 Thread 0x000001efad65e2c0 nmethod 16918 0x000001ef4ef49808 code [0x000001ef4ef49900, 0x000001ef4ef49980]
Event: 18.535 Thread 0x000001efaf432140 16919       3       org.jetbrains.kotlin.parsing.AbstractKotlinParsing::error (11 bytes)
Event: 18.535 Thread 0x000001efaf432140 nmethod 16919 0x000001ef47934388 code [0x000001ef479344a0, 0x000001ef47934680]
Event: 18.536 Thread 0x000001efaf432140 16920       3       org.jetbrains.kotlin.builtins.KotlinBuiltIns::getDefaultBound (14 bytes)
Event: 18.538 Thread 0x000001efad65e2c0 16921       4       org.jetbrains.kotlin.types.FlexibleTypesKt::lowerIfFlexible (57 bytes)
Event: 18.540 Thread 0x000001efaf430a70 16923       3       org.jetbrains.kotlin.types.model.TypeSystemContext::isCapturedDynamic (83 bytes)
Event: 18.540 Thread 0x000001ef5d9ef7a0 16922       3       org.jetbrains.kotlin.resolve.calls.inference.model.NewConstraintSystemImpl::isCapturedDynamic (17 bytes)
Event: 18.540 Thread 0x000001efaf984010 16924       3       org.jetbrains.kotlin.resolve.calls.NewCommonSuperTypeCalculator::isTypeVariable (25 bytes)

GC Heap History (20 events):
Event: 14.496 GC heap after
{Heap after GC invocations=46 (full 0):
 garbage-first heap   total reserved 3604480K, committed 169984K, used 101465K [0x0000000724000000, 0x0000000800000000)
  region size 2048K, 3 young (6144K), 3 survivors (6144K)
 Metaspace       used 73878K, committed 74880K, reserved 1179648K
  class space    used 8769K, committed 9216K, reserved 1048576K
}
Event: 14.502 GC heap before
{Heap before GC invocations=46 (full 0):
 garbage-first heap   total reserved 3604480K, committed 169984K, used 103513K [0x0000000724000000, 0x0000000800000000)
  region size 2048K, 5 young (10240K), 3 survivors (6144K)
 Metaspace       used 73878K, committed 74880K, reserved 1179648K
  class space    used 8769K, committed 9216K, reserved 1048576K
}
Event: 14.504 GC heap after
{Heap after GC invocations=47 (full 0):
 garbage-first heap   total reserved 3604480K, committed 169984K, used 101909K [0x0000000724000000, 0x0000000800000000)
  region size 2048K, 1 young (2048K), 1 survivors (2048K)
 Metaspace       used 73878K, committed 74880K, reserved 1179648K
  class space    used 8769K, committed 9216K, reserved 1048576K
}
Event: 14.606 GC heap before
{Heap before GC invocations=48 (full 0):
 garbage-first heap   total reserved 3604480K, committed 178176K, used 146965K [0x0000000724000000, 0x0000000800000000)
  region size 2048K, 22 young (45056K), 1 survivors (2048K)
 Metaspace       used 73902K, committed 74880K, reserved 1179648K
  class space    used 8769K, committed 9216K, reserved 1048576K
}
Event: 14.609 GC heap after
{Heap after GC invocations=49 (full 0):
 garbage-first heap   total reserved 3604480K, committed 178176K, used 107044K [0x0000000724000000, 0x0000000800000000)
  region size 2048K, 3 young (6144K), 3 survivors (6144K)
 Metaspace       used 73902K, committed 74880K, reserved 1179648K
  class space    used 8769K, committed 9216K, reserved 1048576K
}
Event: 14.814 GC heap before
{Heap before GC invocations=49 (full 0):
 garbage-first heap   total reserved 3604480K, committed 178176K, used 154148K [0x0000000724000000, 0x0000000800000000)
  region size 2048K, 26 young (53248K), 3 survivors (6144K)
 Metaspace       used 74188K, committed 75200K, reserved 1179648K
  class space    used 8775K, committed 9216K, reserved 1048576K
}
Event: 14.819 GC heap after
{Heap after GC invocations=50 (full 0):
 garbage-first heap   total reserved 3604480K, committed 178176K, used 116723K [0x0000000724000000, 0x0000000800000000)
  region size 2048K, 4 young (8192K), 4 survivors (8192K)
 Metaspace       used 74188K, committed 75200K, reserved 1179648K
  class space    used 8775K, committed 9216K, reserved 1048576K
}
Event: 15.346 GC heap before
{Heap before GC invocations=50 (full 0):
 garbage-first heap   total reserved 3604480K, committed 178176K, used 155635K [0x0000000724000000, 0x0000000800000000)
  region size 2048K, 23 young (47104K), 4 survivors (8192K)
 Metaspace       used 74942K, committed 75968K, reserved 1179648K
  class space    used 8822K, committed 9280K, reserved 1048576K
}
Event: 15.354 GC heap after
{Heap after GC invocations=51 (full 0):
 garbage-first heap   total reserved 3604480K, committed 178176K, used 119535K [0x0000000724000000, 0x0000000800000000)
  region size 2048K, 2 young (4096K), 2 survivors (4096K)
 Metaspace       used 74942K, committed 75968K, reserved 1179648K
  class space    used 8822K, committed 9280K, reserved 1048576K
}
Event: 15.924 GC heap before
{Heap before GC invocations=51 (full 0):
 garbage-first heap   total reserved 3604480K, committed 178176K, used 144111K [0x0000000724000000, 0x0000000800000000)
  region size 2048K, 15 young (30720K), 2 survivors (4096K)
 Metaspace       used 75378K, committed 76352K, reserved 1179648K
  class space    used 8836K, committed 9280K, reserved 1048576K
}
Event: 15.927 GC heap after
{Heap after GC invocations=52 (full 0):
 garbage-first heap   total reserved 3604480K, committed 227328K, used 123589K [0x0000000724000000, 0x0000000800000000)
  region size 2048K, 2 young (4096K), 2 survivors (4096K)
 Metaspace       used 75378K, committed 76352K, reserved 1179648K
  class space    used 8836K, committed 9280K, reserved 1048576K
}
Event: 16.271 GC heap before
{Heap before GC invocations=53 (full 0):
 garbage-first heap   total reserved 3604480K, committed 227328K, used 197317K [0x0000000724000000, 0x0000000800000000)
  region size 2048K, 36 young (73728K), 2 survivors (4096K)
 Metaspace       used 75720K, committed 76672K, reserved 1179648K
  class space    used 8837K, committed 9280K, reserved 1048576K
}
Event: 16.278 GC heap after
{Heap after GC invocations=54 (full 0):
 garbage-first heap   total reserved 3604480K, committed 227328K, used 132975K [0x0000000724000000, 0x0000000800000000)
  region size 2048K, 5 young (10240K), 5 survivors (10240K)
 Metaspace       used 75720K, committed 76672K, reserved 1179648K
  class space    used 8837K, committed 9280K, reserved 1048576K
}
Event: 16.507 GC heap before
{Heap before GC invocations=54 (full 0):
 garbage-first heap   total reserved 3604480K, committed 227328K, used 194415K [0x0000000724000000, 0x0000000800000000)
  region size 2048K, 35 young (71680K), 5 survivors (10240K)
 Metaspace       used 75930K, committed 76864K, reserved 1179648K
  class space    used 8841K, committed 9280K, reserved 1048576K
}
Event: 16.516 GC heap after
{Heap after GC invocations=55 (full 0):
 garbage-first heap   total reserved 3604480K, committed 227328K, used 138454K [0x0000000724000000, 0x0000000800000000)
  region size 2048K, 4 young (8192K), 4 survivors (8192K)
 Metaspace       used 75930K, committed 76864K, reserved 1179648K
  class space    used 8841K, committed 9280K, reserved 1048576K
}
Event: 17.981 GC heap before
{Heap before GC invocations=55 (full 0):
 garbage-first heap   total reserved 3604480K, committed 227328K, used 191702K [0x0000000724000000, 0x0000000800000000)
  region size 2048K, 31 young (63488K), 4 survivors (8192K)
 Metaspace       used 76712K, committed 77760K, reserved 1179648K
  class space    used 8864K, committed 9344K, reserved 1048576K
}
Event: 17.987 GC heap after
{Heap after GC invocations=56 (full 0):
 garbage-first heap   total reserved 3604480K, committed 227328K, used 145362K [0x0000000724000000, 0x0000000800000000)
  region size 2048K, 4 young (8192K), 4 survivors (8192K)
 Metaspace       used 76712K, committed 77760K, reserved 1179648K
  class space    used 8864K, committed 9344K, reserved 1048576K
}
Event: 18.214 GC heap before
{Heap before GC invocations=57 (full 0):
 garbage-first heap   total reserved 3604480K, committed 249856K, used 204754K [0x0000000724000000, 0x0000000800000000)
  region size 2048K, 32 young (65536K), 4 survivors (8192K)
 Metaspace       used 76826K, committed 77888K, reserved 1179648K
  class space    used 8865K, committed 9344K, reserved 1048576K
}
Event: 18.221 GC heap after
{Heap after GC invocations=58 (full 0):
 garbage-first heap   total reserved 3604480K, committed 249856K, used 155894K [0x0000000724000000, 0x0000000800000000)
  region size 2048K, 4 young (8192K), 4 survivors (8192K)
 Metaspace       used 76826K, committed 77888K, reserved 1179648K
  class space    used 8865K, committed 9344K, reserved 1048576K
}
Event: 18.563 GC heap before
{Heap before GC invocations=58 (full 0):
 garbage-first heap   total reserved 3604480K, committed 249856K, used 221430K [0x0000000724000000, 0x0000000800000000)
  region size 2048K, 36 young (73728K), 4 survivors (8192K)
 Metaspace       used 76958K, committed 78016K, reserved 1179648K
  class space    used 8871K, committed 9344K, reserved 1048576K
}

Dll operation events (8 events):
Event: 0.013 Loaded shared library C:\Program Files\Java\jdk-23\bin\java.dll
Event: 0.053 Loaded shared library C:\Program Files\Java\jdk-23\bin\jsvml.dll
Event: 0.107 Loaded shared library C:\Program Files\Java\jdk-23\bin\net.dll
Event: 0.109 Loaded shared library C:\Program Files\Java\jdk-23\bin\nio.dll
Event: 0.115 Loaded shared library C:\Program Files\Java\jdk-23\bin\zip.dll
Event: 0.221 Loaded shared library C:\Program Files\Java\jdk-23\bin\jimage.dll
Event: 1.468 Loaded shared library C:\Program Files\Java\jdk-23\bin\verify.dll
Event: 3.087 Loaded shared library C:\Users\Haqii\AppData\Local\Temp\sqlite-3.41.2.1-6671fb99-19a4-443f-9c23-b10198be7b39-sqlitejdbc.dll

Deoptimization events (20 events):
Event: 18.246 Thread 0x000001efaff18f80 Uncommon trap: trap_request=0xffffff45 fr.pc=0x000001ef4e927d2c relative=0x000000000000050c
Event: 18.246 Thread 0x000001efaff18f80 Uncommon trap: reason=unstable_if action=reinterpret pc=0x000001ef4e927d2c method=java.util.WeakHashMap.remove(Ljava/lang/Object;)Ljava/lang/Object; @ 92 c2
Event: 18.246 Thread 0x000001efaff18f80 DEOPT PACKING pc=0x000001ef4e927d2c sp=0x000000c3adefc060
Event: 18.246 Thread 0x000001efaff18f80 DEOPT UNPACKING pc=0x000001ef4e194402 sp=0x000000c3adefbf98 mode 2
Event: 18.435 Thread 0x000001efaedc1d30 Uncommon trap: trap_request=0xffffff45 fr.pc=0x000001ef4ee18544 relative=0x00000000000000a4
Event: 18.435 Thread 0x000001efaedc1d30 Uncommon trap: reason=unstable_if action=reinterpret pc=0x000001ef4ee18544 method=org.jetbrains.kotlin.types.checker.ClassicTypeSystemContext$DefaultImpls.asCapturedType(Lorg/jetbrains/kotlin/types/checker/ClassicTypeSystemContext;Lorg/jetbrains/kotlin/ty
Event: 18.435 Thread 0x000001efaedc1d30 DEOPT PACKING pc=0x000001ef4ee18544 sp=0x000000c3adcfa3d0
Event: 18.435 Thread 0x000001efaedc1d30 DEOPT UNPACKING pc=0x000001ef4e194402 sp=0x000000c3adcfa2d8 mode 2
Event: 18.435 Thread 0x000001efaedc1d30 Uncommon trap: trap_request=0xffffff45 fr.pc=0x000001ef4ee08eb4 relative=0x0000000000000094
Event: 18.435 Thread 0x000001efaedc1d30 Uncommon trap: reason=unstable_if action=reinterpret pc=0x000001ef4ee08eb4 method=org.jetbrains.kotlin.types.checker.ClassicTypeSystemContext$DefaultImpls.asCapturedType(Lorg/jetbrains/kotlin/types/checker/ClassicTypeSystemContext;Lorg/jetbrains/kotlin/ty
Event: 18.435 Thread 0x000001efaedc1d30 DEOPT PACKING pc=0x000001ef4ee08eb4 sp=0x000000c3adcf9c20
Event: 18.436 Thread 0x000001efaedc1d30 DEOPT UNPACKING pc=0x000001ef4e194402 sp=0x000000c3adcf9ba0 mode 2
Event: 18.437 Thread 0x000001efaedc1d30 Uncommon trap: trap_request=0xffffff45 fr.pc=0x000001ef4eee9834 relative=0x0000000000000394
Event: 18.437 Thread 0x000001efaedc1d30 Uncommon trap: reason=unstable_if action=reinterpret pc=0x000001ef4eee9834 method=org.jetbrains.kotlin.types.AbstractTypeChecker.checkSubtypeForSpecialCases(Lorg/jetbrains/kotlin/types/TypeCheckerState;Lorg/jetbrains/kotlin/types/model/RigidTypeMarker;Lor
Event: 18.437 Thread 0x000001efaedc1d30 DEOPT PACKING pc=0x000001ef4eee9834 sp=0x000000c3adcfa020
Event: 18.437 Thread 0x000001efaedc1d30 DEOPT UNPACKING pc=0x000001ef4e194402 sp=0x000000c3adcf9f70 mode 2
Event: 18.487 Thread 0x000001efaedc1d30 Uncommon trap: trap_request=0xffffffde fr.pc=0x000001ef4eeccd60 relative=0x0000000000002220
Event: 18.487 Thread 0x000001efaedc1d30 Uncommon trap: reason=class_check action=maybe_recompile pc=0x000001ef4eeccd60 method=org.jetbrains.kotlin.resolve.checkers.OptInUsageChecker$Companion.loadOptIns(Lorg/jetbrains/kotlin/descriptors/DeclarationDescriptor;Lorg/jetbrains/kotlin/resolve/Bindin
Event: 18.487 Thread 0x000001efaedc1d30 DEOPT PACKING pc=0x000001ef4eeccd60 sp=0x000000c3adcf40e0
Event: 18.487 Thread 0x000001efaedc1d30 DEOPT UNPACKING pc=0x000001ef4e194402 sp=0x000000c3adcf4040 mode 2

Classes loaded (20 events):
Event: 12.397 Loading class java/util/Comparators$NaturalOrderComparator
Event: 12.397 Loading class java/util/Comparators$NaturalOrderComparator done
Event: 12.398 Loading class java/util/stream/SortedOps
Event: 12.398 Loading class java/util/stream/SortedOps done
Event: 12.398 Loading class java/util/stream/SortedOps$OfRef
Event: 12.398 Loading class java/util/stream/SortedOps$OfRef done
Event: 12.398 Loading class java/util/stream/SortedOps$RefSortingSink
Event: 12.398 Loading class java/util/stream/SortedOps$AbstractRefSortingSink
Event: 12.398 Loading class java/util/stream/SortedOps$AbstractRefSortingSink done
Event: 12.398 Loading class java/util/stream/SortedOps$RefSortingSink done
Event: 12.975 Loading class java/util/concurrent/locks/ReentrantReadWriteLock$Sync$HoldCounter
Event: 12.975 Loading class java/util/concurrent/locks/ReentrantReadWriteLock$Sync$HoldCounter done
Event: 13.243 Loading class java/util/EnumMap$EntrySet
Event: 13.244 Loading class java/util/EnumMap$EntrySet done
Event: 13.244 Loading class java/util/EnumMap$EntryIterator
Event: 13.244 Loading class java/util/EnumMap$EnumMapIterator
Event: 13.244 Loading class java/util/EnumMap$EnumMapIterator done
Event: 13.244 Loading class java/util/EnumMap$EntryIterator done
Event: 13.244 Loading class java/util/EnumMap$EntryIterator$Entry
Event: 13.244 Loading class java/util/EnumMap$EntryIterator$Entry done

Classes unloaded (0 events):
No events

Classes redefined (0 events):
No events

Internal exceptions (20 events):
Event: 11.678 Thread 0x000001efaedc1d30 Exception <a 'java/lang/NoSuchMethodError'{0x0000000729471ed8}: 'java.lang.Object java.lang.invoke.DirectMethodHandle$Holder.invokeSpecial(java.lang.Object, java.lang.Object, java.lang.Object, java.lang.Object, java.lang.Object, java.lang.Object, int)'> (0x0000000729471ed8) 
thrown [s\open\src\hotspot\share\interpreter\linkResolver.cpp, line 796]
Event: 11.680 Thread 0x000001efaedc1d30 Exception <a 'java/lang/NoSuchMethodError'{0x0000000729489b30}: 'java.lang.Object java.lang.invoke.DirectMethodHandle$Holder.newInvokeSpecial(java.lang.Object, java.lang.Object, java.lang.Object, java.lang.Object, java.lang.Object, java.lang.Object, java.lang.Object, int, java.lang.Object)'> (0x0000000729489b30) 
thrown [s\open\src\hotspot\share\interpreter\linkResolver.cpp, line 796]
Event: 12.021 Thread 0x000001efaedc1d30 Exception <a 'java/lang/NoSuchMethodError'{0x000000072994e200}: 'java.lang.Object java.lang.invoke.DirectMethodHandle$Holder.invokeStatic(java.lang.Object, int, java.lang.Object)'> (0x000000072994e200) 
thrown [s\open\src\hotspot\share\interpreter\linkResolver.cpp, line 796]
Event: 12.098 Thread 0x000001efaedc1d30 Exception <a 'java/lang/NoSuchMethodError'{0x00000007295bc678}: 'java.lang.Object java.lang.invoke.DirectMethodHandle$Holder.newInvokeSpecial(java.lang.Object, int, java.lang.Object)'> (0x00000007295bc678) 
thrown [s\open\src\hotspot\share\interpreter\linkResolver.cpp, line 796]
Event: 12.290 Thread 0x000001efaedc1d30 Exception <a 'java/lang/IncompatibleClassChangeError'{0x0000000728dcc6a0}: Found class java.lang.Object, but interface was expected> (0x0000000728dcc6a0) 
thrown [s\open\src\hotspot\share\interpreter\linkResolver.cpp, line 863]
Event: 12.312 Thread 0x000001efaedc1d30 Implicit null exception at 0x000001ef4ea7908a to 0x000001ef4ea793dc
Event: 12.397 Thread 0x000001efaedc1d30 Exception <a 'java/lang/NoSuchMethodError'{0x000000072ff333d0}: 'int java.lang.invoke.DirectMethodHandle$Holder.invokeSpecialIFC(java.lang.Object, java.lang.Object, java.lang.Object, java.lang.Object, java.lang.Object)'> (0x000000072ff333d0) 
thrown [s\open\src\hotspot\share\interpreter\linkResolver.cpp, line 796]
Event: 12.511 Thread 0x000001efaedc1d30 Exception <a 'java/lang/NoSuchMethodError'{0x000000072fd30e00}: 'java.lang.Object java.lang.invoke.DirectMethodHandle$Holder.invokeStatic(java.lang.Object, int, int, java.lang.Object)'> (0x000000072fd30e00) 
thrown [s\open\src\hotspot\share\interpreter\linkResolver.cpp, line 796]
Event: 13.084 Thread 0x000001efaff18f80 Exception <a 'java/lang/NoSuchMethodError'{0x000000072d938910}: 'java.lang.Object java.lang.invoke.DirectMethodHandle$Holder.invokeStatic(java.lang.Object, java.lang.Object, java.lang.Object, java.lang.Object, java.lang.Object, java.lang.Object, java.lang.Object, java.lang.Object, int)'> (0x000000072d938910) 
thrown [s\open\src\hotspot\share\interpreter\linkResolver.cpp, line 796]
Event: 13.085 Thread 0x000001efaff18f80 Exception <a 'java/lang/NoSuchMethodError'{0x000000072d942430}: 'java.lang.Object java.lang.invoke.DirectMethodHandle$Holder.newInvokeSpecial(java.lang.Object, java.lang.Object, java.lang.Object, java.lang.Object, java.lang.Object, java.lang.Object, java.lang.Object, java.lang.Object, int)'> (0x000000072d942430) 
thrown [s\open\src\hotspot\share\interpreter\linkResolver.cpp, line 796]
Event: 13.086 Thread 0x000001efaff18f80 Exception <a 'java/lang/NoSuchMethodError'{0x000000072d946b78}: 'java.lang.Object java.lang.invoke.DirectMethodHandle$Holder.invokeSpecial(java.lang.Object, java.lang.Object, java.lang.Object, java.lang.Object, java.lang.Object, java.lang.Object, java.lang.Object, java.lang.Object, java.lang.Object, int)'> (0x000000072d946b78) 
thrown [s\open\src\hotspot\share\interpreter\linkResolver.cpp, line 796]
Event: 13.086 Thread 0x000001efaff18f80 Exception <a 'java/lang/NoSuchMethodError'{0x000000072d94ad68}: 'java.lang.Object java.lang.invoke.Invokers$Holder.linkToTargetMethod(java.lang.Object, java.lang.Object, java.lang.Object, java.lang.Object, java.lang.Object, java.lang.Object, java.lang.Object, int, java.lang.Object)'> (0x000000072d94ad68) 
thrown [s\open\src\hotspot\share\interpreter\linkResolver.cpp, line 796]
Event: 13.353 Thread 0x000001efaedc1d30 Exception <a 'java/lang/NoSuchMethodError'{0x000000072cd95680}: 'java.lang.Object java.lang.invoke.DirectMethodHandle$Holder.newInvokeSpecial(java.lang.Object, int, java.lang.Object, java.lang.Object)'> (0x000000072cd95680) 
thrown [s\open\src\hotspot\share\interpreter\linkResolver.cpp, line 796]
Event: 13.353 Thread 0x000001efaedc1d30 Exception <a 'java/lang/NoSuchMethodError'{0x000000072cd9a530}: 'java.lang.Object java.lang.invoke.DirectMethodHandle$Holder.invokeSpecial(java.lang.Object, java.lang.Object, int, java.lang.Object, java.lang.Object)'> (0x000000072cd9a530) 
thrown [s\open\src\hotspot\share\interpreter\linkResolver.cpp, line 796]
Event: 15.228 Thread 0x000001efaedc1d30 Exception <a 'java/lang/NoSuchMethodError'{0x000000072c93d9f8}: 'java.lang.Object java.lang.invoke.DirectMethodHandle$Holder.newInvokeSpecial(java.lang.Object, java.lang.Object, java.lang.Object, java.lang.Object, int, int)'> (0x000000072c93d9f8) 
thrown [s\open\src\hotspot\share\interpreter\linkResolver.cpp, line 796]
Event: 16.471 Thread 0x000001efaedc1d30 Implicit null exception at 0x000001ef4ecd889f to 0x000001ef4ecd9b28
Event: 18.482 Thread 0x000001efaedc1d30 Exception <a 'java/lang/NoSuchMethodError'{0x000000072ed29990}: 'java.lang.Object java.lang.invoke.DirectMethodHandle$Holder.invokeStatic(java.lang.Object, java.lang.Object, int, java.lang.Object)'> (0x000000072ed29990) 
thrown [s\open\src\hotspot\share\interpreter\linkResolver.cpp, line 796]
Event: 18.483 Thread 0x000001efaedc1d30 Exception <a 'java/lang/NoSuchMethodError'{0x000000072ed31370}: 'java.lang.Object java.lang.invoke.DirectMethodHandle$Holder.newInvokeSpecial(java.lang.Object, java.lang.Object, int, java.lang.Object)'> (0x000000072ed31370) 
thrown [s\open\src\hotspot\share\interpreter\linkResolver.cpp, line 796]
Event: 18.483 Thread 0x000001efaedc1d30 Exception <a 'java/lang/NoSuchMethodError'{0x000000072ed35fa8}: 'java.lang.Object java.lang.invoke.DirectMethodHandle$Holder.invokeSpecial(java.lang.Object, java.lang.Object, java.lang.Object, int, java.lang.Object)'> (0x000000072ed35fa8) 
thrown [s\open\src\hotspot\share\interpreter\linkResolver.cpp, line 796]
Event: 18.483 Thread 0x000001efaedc1d30 Exception <a 'java/lang/NoSuchMethodError'{0x000000072ed3a6f0}: 'java.lang.Object java.lang.invoke.Invokers$Holder.linkToTargetMethod(java.lang.Object, int, java.lang.Object, java.lang.Object)'> (0x000000072ed3a6f0) 
thrown [s\open\src\hotspot\share\interpreter\linkResolver.cpp, line 796]

VM Operations (20 events):
Event: 15.927 Executing VM operation: G1TryInitiateConcMark (G1 Humongous Allocation) done
Event: 15.977 Executing VM operation: G1PauseRemark
Event: 15.983 Executing VM operation: G1PauseRemark done
Event: 15.997 Executing VM operation: G1PauseCleanup
Event: 15.997 Executing VM operation: G1PauseCleanup done
Event: 16.271 Executing VM operation: G1CollectForAllocation (G1 Evacuation Pause)
Event: 16.278 Executing VM operation: G1CollectForAllocation (G1 Evacuation Pause) done
Event: 16.507 Executing VM operation: G1CollectForAllocation (G1 Evacuation Pause)
Event: 16.516 Executing VM operation: G1CollectForAllocation (G1 Evacuation Pause) done
Event: 17.228 Executing VM operation: HandshakeAllThreads (Deoptimize)
Event: 17.228 Executing VM operation: HandshakeAllThreads (Deoptimize) done
Event: 17.981 Executing VM operation: G1TryInitiateConcMark (G1 Humongous Allocation)
Event: 17.988 Executing VM operation: G1TryInitiateConcMark (G1 Humongous Allocation) done
Event: 18.094 Executing VM operation: G1PauseRemark
Event: 18.103 Executing VM operation: G1PauseRemark done
Event: 18.136 Executing VM operation: G1PauseCleanup
Event: 18.137 Executing VM operation: G1PauseCleanup done
Event: 18.214 Executing VM operation: G1CollectForAllocation (G1 Evacuation Pause)
Event: 18.221 Executing VM operation: G1CollectForAllocation (G1 Evacuation Pause) done
Event: 18.563 Executing VM operation: G1CollectForAllocation (G1 Evacuation Pause)

Memory protections (0 events):
No events

Nmethod flushes (20 events):
Event: 18.101 Thread 0x000001ef5d9b8150 flushing  nmethod 0x000001ef472ff508
Event: 18.101 Thread 0x000001ef5d9b8150 flushing  nmethod 0x000001ef473e0108
Event: 18.101 Thread 0x000001ef5d9b8150 flushing  nmethod 0x000001ef473e0788
Event: 18.101 Thread 0x000001ef5d9b8150 flushing  nmethod 0x000001ef4757dc88
Event: 18.101 Thread 0x000001ef5d9b8150 flushing  nmethod 0x000001ef475c8588
Event: 18.101 Thread 0x000001ef5d9b8150 flushing  nmethod 0x000001ef47614b88
Event: 18.101 Thread 0x000001ef5d9b8150 flushing  nmethod 0x000001ef4766e988
Event: 18.101 Thread 0x000001ef5d9b8150 flushing  nmethod 0x000001ef47711208
Event: 18.101 Thread 0x000001ef5d9b8150 flushing  nmethod 0x000001ef47712608
Event: 18.101 Thread 0x000001ef5d9b8150 flushing  nmethod 0x000001ef47712c88
Event: 18.101 Thread 0x000001ef5d9b8150 flushing  nmethod 0x000001ef47713888
Event: 18.101 Thread 0x000001ef5d9b8150 flushing  nmethod 0x000001ef47757e88
Event: 18.101 Thread 0x000001ef5d9b8150 flushing  nmethod 0x000001ef47758c08
Event: 18.101 Thread 0x000001ef5d9b8150 flushing  nmethod 0x000001ef47ac9488
Event: 18.101 Thread 0x000001ef5d9b8150 flushing  nmethod 0x000001ef47ad0c88
Event: 18.101 Thread 0x000001ef5d9b8150 flushing  nmethod 0x000001ef47ad1988
Event: 18.101 Thread 0x000001ef5d9b8150 flushing  nmethod 0x000001ef47ad8d88
Event: 18.101 Thread 0x000001ef5d9b8150 flushing  nmethod 0x000001ef47ad9088
Event: 18.101 Thread 0x000001ef5d9b8150 flushing  nmethod 0x000001ef47c7d308
Event: 18.101 Thread 0x000001ef5d9b8150 flushing  nmethod 0x000001ef487f9108

Events (20 events):
Event: 6.168 Thread 0x000001efaf984010 Thread exited: 0x000001efaf984010
Event: 6.779 Thread 0x000001ef5d9ef7a0 Thread added: 0x000001efaf984010
Event: 6.797 Thread 0x000001ef5d9ef7a0 Thread added: 0x000001efafe64d40
Event: 6.809 Thread 0x000001efaedc2a50 Thread added: 0x000001efaedc02f0
Event: 6.815 Thread 0x000001ef5d9ef7a0 Thread added: 0x000001efaf430a70
Event: 6.815 Thread 0x000001efaf984010 Thread added: 0x000001efaf432140
Event: 6.909 Thread 0x000001efafe64d40 Thread added: 0x000001efad455090
Event: 6.909 Thread 0x000001efafe64d40 Thread added: 0x000001efa378bcf0
Event: 7.165 Thread 0x000001efaedc2a50 Thread added: 0x000001efaedc1d30
Event: 8.997 Thread 0x000001efaf432140 Thread added: 0x000001efad65e2c0
Event: 9.657 Thread 0x000001efa378bcf0 Thread exited: 0x000001efa378bcf0
Event: 9.657 Thread 0x000001efad65e2c0 Thread exited: 0x000001efad65e2c0
Event: 9.696 Thread 0x000001efad455090 Thread exited: 0x000001efad455090
Event: 9.696 Thread 0x000001efafe64d40 Thread exited: 0x000001efafe64d40
Event: 9.753 Thread 0x000001efaf432140 Thread added: 0x000001efad660ba0
Event: 9.773 Thread 0x000001efaf432140 Thread added: 0x000001efad65e2c0
Event: 9.773 Thread 0x000001efaf432140 Thread added: 0x000001efad65dbf0
Event: 9.784 Thread 0x000001efaf984010 Thread added: 0x000001efad65d520
Event: 11.604 Thread 0x000001efaedc1d30 Thread added: 0x000001efaff18f80
Event: 12.389 Thread 0x000001efad65d520 Thread exited: 0x000001efad65d520


Dynamic libraries:
0x00007ff6f4fd0000 - 0x00007ff6f4fe0000 	C:\Program Files\Java\jdk-23\bin\java.exe
0x00007ffabba40000 - 0x00007ffabbca7000 	C:\WINDOWS\SYSTEM32\ntdll.dll
0x00007ffabb020000 - 0x00007ffabb0e9000 	C:\WINDOWS\System32\KERNEL32.DLL
0x00007ffab8c40000 - 0x00007ffab902f000 	C:\WINDOWS\System32\KERNELBASE.dll
0x00007ffab9040000 - 0x00007ffab918b000 	C:\WINDOWS\System32\ucrtbase.dll
0x00007ffab24d0000 - 0x00007ffab24eb000 	C:\Program Files\Java\jdk-23\bin\VCRUNTIME140.dll
0x00007ffab5b30000 - 0x00007ffab5b47000 	C:\Program Files\Java\jdk-23\bin\jli.dll
0x00007ffab98c0000 - 0x00007ffab9a85000 	C:\WINDOWS\System32\USER32.dll
0x00007ffaa7a10000 - 0x00007ffaa7ca3000 	C:\WINDOWS\WinSxS\amd64_microsoft.windows.common-controls_6595b64144ccf1df_6.0.26100.7309_none_3e05feeae336a044\COMCTL32.dll
0x00007ffab9190000 - 0x00007ffab91b7000 	C:\WINDOWS\System32\win32u.dll
0x00007ffab9810000 - 0x00007ffab98b9000 	C:\WINDOWS\System32\msvcrt.dll
0x00007ffab97e0000 - 0x00007ffab980b000 	C:\WINDOWS\System32\GDI32.dll
0x00007ffab93f0000 - 0x00007ffab951c000 	C:\WINDOWS\System32\gdi32full.dll
0x00007ffab91c0000 - 0x00007ffab9263000 	C:\WINDOWS\System32\msvcp_win.dll
0x00007ffaba760000 - 0x00007ffaba791000 	C:\WINDOWS\System32\IMM32.DLL
0x00007ffab3d10000 - 0x00007ffab3d1c000 	C:\Program Files\Java\jdk-23\bin\vcruntime140_1.dll
0x00007ffa2a400000 - 0x00007ffa2a48e000 	C:\Program Files\Java\jdk-23\bin\msvcp140.dll
0x00007ff9b6bc0000 - 0x00007ff9b790f000 	C:\Program Files\Java\jdk-23\bin\server\jvm.dll
0x00007ffab9a90000 - 0x00007ffab9b44000 	C:\WINDOWS\System32\ADVAPI32.dll
0x00007ffab9ee0000 - 0x00007ffab9f86000 	C:\WINDOWS\System32\sechost.dll
0x00007ffabb6e0000 - 0x00007ffabb7f8000 	C:\WINDOWS\System32\RPCRT4.dll
0x00007ffabb140000 - 0x00007ffabb1b4000 	C:\WINDOWS\System32\WS2_32.dll
0x00007ffab8a10000 - 0x00007ffab8a6e000 	C:\WINDOWS\SYSTEM32\POWRPROF.dll
0x00007ffaab9e0000 - 0x00007ffaab9eb000 	C:\WINDOWS\SYSTEM32\VERSION.dll
0x00007ffaab4c0000 - 0x00007ffaab4f5000 	C:\WINDOWS\SYSTEM32\WINMM.dll
0x00007ffab89f0000 - 0x00007ffab8a04000 	C:\WINDOWS\SYSTEM32\UMPDC.dll
0x00007ffab7940000 - 0x00007ffab795b000 	C:\WINDOWS\SYSTEM32\kernel.appcore.dll
0x00007ffab3ca0000 - 0x00007ffab3caa000 	C:\Program Files\Java\jdk-23\bin\jimage.dll
0x00007ffab1520000 - 0x00007ffab1762000 	C:\WINDOWS\SYSTEM32\DBGHELP.DLL
0x00007ffab9b50000 - 0x00007ffab9ed5000 	C:\WINDOWS\System32\combase.dll
0x00007ffabb1c0000 - 0x00007ffabb296000 	C:\WINDOWS\System32\OLEAUT32.dll
0x00007ffaa0560000 - 0x00007ffaa059c000 	C:\WINDOWS\SYSTEM32\dbgcore.DLL
0x00007ffab8b90000 - 0x00007ffab8c35000 	C:\WINDOWS\System32\bcryptPrimitives.dll
0x00007ffaa6280000 - 0x00007ffaa629e000 	C:\Program Files\Java\jdk-23\bin\java.dll
0x00007ffaba590000 - 0x00007ffaba727000 	C:\WINDOWS\System32\ole32.dll
0x00007ffaba7b0000 - 0x00007ffabaf03000 	C:\WINDOWS\System32\SHELL32.dll
0x00007ffab95b0000 - 0x00007ffab971a000 	C:\WINDOWS\System32\wintypes.dll
0x00007ffab67d0000 - 0x00007ffab702e000 	C:\WINDOWS\SYSTEM32\windows.storage.dll
0x00007ffabb480000 - 0x00007ffabb575000 	C:\WINDOWS\System32\SHCORE.dll
0x00007ffabb900000 - 0x00007ffabb966000 	C:\WINDOWS\System32\shlwapi.dll
0x00007ffab8ab0000 - 0x00007ffab8ad9000 	C:\WINDOWS\SYSTEM32\profapi.dll
0x00007ffa2a320000 - 0x00007ffa2a3f7000 	C:\Program Files\Java\jdk-23\bin\jsvml.dll
0x00007ffaa6270000 - 0x00007ffaa6280000 	C:\Program Files\Java\jdk-23\bin\net.dll
0x00007ffab7eb0000 - 0x00007ffab7f1b000 	C:\WINDOWS\system32\mswsock.dll
0x00007ffa91390000 - 0x00007ffa913a6000 	C:\Program Files\Java\jdk-23\bin\nio.dll
0x00007ffa89e10000 - 0x00007ffa89e27000 	C:\Program Files\Java\jdk-23\bin\zip.dll
0x00007ffab8180000 - 0x00007ffab819b000 	C:\WINDOWS\SYSTEM32\CRYPTSP.dll
0x00007ffab78a0000 - 0x00007ffab78da000 	C:\WINDOWS\system32\rsaenh.dll
0x00007ffab7f60000 - 0x00007ffab7f8b000 	C:\WINDOWS\SYSTEM32\USERENV.dll
0x00007ffab8a80000 - 0x00007ffab8aaa000 	C:\WINDOWS\SYSTEM32\bcrypt.dll
0x00007ffab8170000 - 0x00007ffab817c000 	C:\WINDOWS\SYSTEM32\CRYPTBASE.dll
0x00007ffab7350000 - 0x00007ffab7384000 	C:\WINDOWS\SYSTEM32\IPHLPAPI.DLL
0x00007ffaba7a0000 - 0x00007ffaba7aa000 	C:\WINDOWS\System32\NSI.dll
0x00007ffaa62d0000 - 0x00007ffaa62e0000 	C:\Program Files\Java\jdk-23\bin\verify.dll
0x00007ff9dd960000 - 0x00007ff9dda49000 	C:\Users\Haqii\AppData\Local\Temp\sqlite-3.41.2.1-6671fb99-19a4-443f-9c23-b10198be7b39-sqlitejdbc.dll

dbghelp: loaded successfully - version: 4.0.5 - missing functions: none
symbol engine: initialized successfully - sym options: 0x614 - pdb path: .;C:\Program Files\Java\jdk-23\bin;C:\WINDOWS\SYSTEM32;C:\WINDOWS\WinSxS\amd64_microsoft.windows.common-controls_6595b64144ccf1df_6.0.26100.7309_none_3e05feeae336a044;C:\Program Files\Java\jdk-23\bin\server;C:\Users\Haqii\AppData\Local\Temp

VM Arguments:
jvm_args: -DkotlinLanguageServer.version=1.3.13 
java_command: org.javacs.kt.MainKt
java_class_path (initial): c:\Users\Haqii\AppData\Roaming\Code\User\globalStorage\fwcd.kotlin\langServerInstall\server\lib\server-1.3.13.jar;c:\Users\Haqii\AppData\Roaming\Code\User\globalStorage\fwcd.kotlin\langServerInstall\server\lib\shared-1.3.13.jar;c:\Users\Haqii\AppData\Roaming\Code\User\globalStorage\fwcd.kotlin\langServerInstall\server\lib\kotlin-scripting-jvm-host-unshaded-2.1.0.jar;c:\Users\Haqii\AppData\Roaming\Code\User\globalStorage\fwcd.kotlin\langServerInstall\server\lib\kotlin-scripting-compiler-2.1.0.jar;c:\Users\Haqii\AppData\Roaming\Code\User\globalStorage\fwcd.kotlin\langServerInstall\server\lib\ktfmt-b5d31d1.jar;c:\Users\Haqii\AppData\Roaming\Code\User\globalStorage\fwcd.kotlin\langServerInstall\server\lib\kotlin-compiler-2.1.0.jar;c:\Users\Haqii\AppData\Roaming\Code\User\globalStorage\fwcd.kotlin\langServerInstall\server\lib\exposed-dao-0.37.3.jar;c:\Users\Haqii\AppData\Roaming\Code\User\globalStorage\fwcd.kotlin\langServerInstall\server\lib\exposed-jdbc-0.37.3.jar;c:\Users\Haqii\AppData\Roaming\Code\User\globalStorage\fwcd.kotlin\langServerInstall\server\lib\exposed-core-0.37.3.jar;c:\Users\Haqii\AppData\Roaming\Code\User\globalStorage\fwcd.kotlin\langServerInstall\server\lib\kotlin-scripting-compiler-impl-2.1.0.jar;c:\Users\Haqii\AppData\Roaming\Code\User\globalStorage\fwcd.kotlin\langServerInstall\server\lib\kotlin-reflect-2.1.0.jar;c:\Users\Haqii\AppData\Roaming\Code\User\globalStorage\fwcd.kotlin\langServerInstall\server\lib\kotlin-scripting-jvm-2.1.0.jar;c:\Users\Haqii\AppData\Roaming\Code\User\globalStorage\fwcd.kotlin\langServerInstall\server\lib\kotlin-scripting-common-2.1.0.jar;c:\Users\Haqii\AppData\Roaming\Code\User\globalStorage\fwcd.kotlin\langServerInstall\server\lib\kotlinx-coroutines-core-jvm-1.6.4.jar;c:\Users\Haqii\AppData\Roaming\Code\User\globalStorage\fwcd.kotlin\langServerInstall\server\lib\kotlin-stdlib-jdk8-2.1.0.jar;c:\Users\Haqii\AppData\Roaming\Code\User\globalStorage\fwcd.kotlin\langServerInstall\server\lib\kotlin-stdlib-jdk7-2.1.0.jar;c:\Users\Haqii\AppData\Roaming\Code\User\globalStorage\fwcd.kotlin\langServerInstall\server\lib\kotlin-stdlib-2.1.0.jar;c:\Users\Haqii\AppData\Roaming\Code\User\globalStorage\fwcd.kotlin\langServerInstall\server\lib\org.eclipse.lsp4j-0.21.2.jar;c:\Users\Haqii\AppData\Roaming\Code\User\globalStorage\fwcd.kotlin\langServerInstall\server\lib\org.eclipse.lsp4j.jsonrpc-0.21.2.jar;c:\Users\Haqii\AppData\Roaming\Code\User\globalStorage\fwcd.kotlin\langServerInstall\server\lib\kotlin-sam-with-receiver-compiler-plugin-2.1.0.jar;c:\Users\Haqii\AppData\Roaming\Code\User\globalStorage\fwcd.kotlin\langServerInstall\server\lib\fernflower-1.0.jar;c:\Users\Haqii\AppData\Roaming\Code\User\globalStorage\fwcd.kotlin\langServerInstall\server\lib\h2-1.4.200.jar;c:\Users\Haqii\AppData\Roaming\Code\User\globalStorage\fwcd.kotlin\langServerInstall\server\lib\jcommander-1.78.jar;c:\Users\Haqii\AppData\Roaming\Code\User\globalStorage\fwcd.kotlin\langServerInstall\server\lib\sqlite-jdbc-3.41.2.1.jar;c:\Users\Haqii\AppData\Roaming\Code\User\globalStorage\fwcd.kotlin\langServerInstall\server\lib\google-java-format-1.8.jar;c:\Users\Haqii\AppData\Roaming\Code\User\globalStorage\fwcd.kotlin\langServerInstall\server\lib\guava-33.3.0-jre.jar;c:\Users\Haqii\AppData\Roaming\Code\User\globalStorage\fwcd.kotlin\langServerInstall\server\lib\annotations-13.0.jar;c:\Users\Haqii\AppData\Roaming\Code\User\globalStorage\fwcd.kotlin\langServerInstall\server\lib\gson-2.10.1.jar;c:\Users\Haqii\AppData\Roaming\Code\User\globalStorage\fwcd.kotlin\langServerInstall\server\lib\kotlin-script-runtime-2.1.0.jar;c:\Users\Haqii\AppData\Roaming\Code\User\globalStorage\fwcd.kotlin\langServerInstall\server\lib\trove4j-1.0.20200330.jar;c:\Users\Haqii\AppData\Roaming\Code\User\globalStorage\fwcd.kotlin\langServerInstall\server\lib\jline-3.24.1.jar;c:\Users\Haqii\AppData\Roaming\Code\User\globalStorage\fwcd.kotlin\langServerInstall\server\lib\slf4j-api-1.7.25.jar;c:\Users\Haqii\AppData\Roaming\Code\User\globalStorage\fwcd.kotlin\langServerInstall\server\lib\jna-4.2.2.jar;c:\Users\Haqii\AppData\Roaming\Code\User\globalStorage\fwcd.kotlin\langServerInstall\server\lib\failureaccess-1.0.2.jar;c:\Users\Haqii\AppData\Roaming\Code\User\globalStorage\fwcd.kotlin\langServerInstall\server\lib\listenablefuture-9999.0-empty-to-avoid-conflict-with-guava.jar;c:\Users\Haqii\AppData\Roaming\Code\User\globalStorage\fwcd.kotlin\langServerInstall\server\lib\jsr305-3.0.2.jar;c:\Users\Haqii\AppData\Roaming\Code\User\globalStorage\fwcd.kotlin\langServerInstall\server\lib\checker-qual-3.43.0.jar;c:\Users\Haqii\AppData\Roaming\Code\User\globalStorage\fwcd.kotlin\langServerInstall\server\lib\error_prone_annotations-2.28.0.jar
Launcher Type: SUN_STANDARD

[Global flags]
     intx CICompilerCount                          = 12                                        {product} {ergonomic}
     uint ConcGCThreads                            = 3                                         {product} {ergonomic}
     uint G1ConcRefinementThreads                  = 13                                        {product} {ergonomic}
   size_t G1HeapRegionSize                         = 2097152                                   {product} {ergonomic}
   size_t InitialHeapSize                          = 230686720                                 {product} {ergonomic}
   size_t MarkStackSize                            = 4194304                                   {product} {ergonomic}
   size_t MarkStackSizeMax                         = 536870912                                 {product} {ergonomic}
   size_t MaxHeapSize                              = 3690987520                                {product} {ergonomic}
   size_t MaxNewSize                               = 2214592512                                {product} {ergonomic}
   size_t MinHeapDeltaBytes                        = 2097152                                   {product} {ergonomic}
   size_t MinHeapSize                              = 8388608                                   {product} {ergonomic}
    uintx NonNMethodCodeHeapSize                   = 7602176                                {pd product} {ergonomic}
    uintx NonProfiledCodeHeapSize                  = 122093568                              {pd product} {ergonomic}
    uintx ProfiledCodeHeapSize                     = 121962496                              {pd product} {ergonomic}
    uintx ReservedCodeCacheSize                    = 251658240                              {pd product} {ergonomic}
     bool SegmentedCodeCache                       = true                                      {product} {ergonomic}
   size_t SoftMaxHeapSize                          = 3690987520                             {manageable} {ergonomic}
     bool UseCompressedOops                        = true                           {product lp64_product} {ergonomic}
     bool UseG1GC                                  = true                                      {product} {ergonomic}
     bool UseLargePagesIndividualAllocation        = false                                  {pd product} {ergonomic}

Logging:
Log output configuration:
 #0: stdout all=warning uptime,level,tags foldmultilines=false
 #1: stderr all=off uptime,level,tags foldmultilines=false

Environment Variables:
CLASSPATH=c:\Users\Haqii\AppData\Roaming\Code\User\globalStorage\fwcd.kotlin\langServerInstall\server\lib\server-1.3.13.jar;c:\Users\Haqii\AppData\Roaming\Code\User\globalStorage\fwcd.kotlin\langServerInstall\server\lib\shared-1.3.13.jar;c:\Users\Haqii\AppData\Roaming\Code\User\globalStorage\fwcd.kotlin\langServerInstall\server\lib\kotlin-scripting-jvm-host-unshaded-2.1.0.jar;c:\Users\Haqii\AppData\Roaming\Code\User\globalStorage\fwcd.kotlin\langServerInstall\server\lib\kotlin-scripting-compiler-2.1.0.jar;c:\Users\Haqii\AppData\Roaming\Code\User\globalStorage\fwcd.kotlin\langServerInstall\server\lib\ktfmt-b5d31d1.jar;c:\Users\Haqii\AppData\Roaming\Code\User\globalStorage\fwcd.kotlin\langServerInstall\server\lib\kotlin-compiler-2.1.0.jar;c:\Users\Haqii\AppData\Roaming\Code\User\globalStorage\fwcd.kotlin\langServerInstall\server\lib\exposed-dao-0.37.3.jar;c:\Users\Haqii\AppData\Roaming\Code\User\globalStorage\fwcd.kotlin\langServerInstall\server\lib\exposed-jdbc-0.37.3.jar;c:\Users\Haqii\AppData\Roaming\Code\User\globalStorage\fwcd.kotlin\langServerInstall\server\lib\exposed-core-0.37.3.jar;c:\Users\Haqii\AppData\Roaming\Code\User\globalStorage\fwcd.kotlin\langServerInstall\server\lib\kotlin-scripting-compiler-impl-2.1.0.jar;c:\Users\Haqii\AppData\Roaming\Code\User\globalStorage\fwcd.kotlin\langServerInstall\server\lib\kotlin-reflect-2.1.0.jar;c:\Users\Haqii\AppData\Roaming\Code\User\globalStorage\fwcd.kotlin\langServerInstall\server\lib\kotlin-scripting-jvm-2.1.0.jar;c:\Users\Haqii\AppData\Roaming\Code\User\globalStorage\fwcd.kotlin\langServerInstall\server\lib\kotlin-scripting-common-2.1.0.jar;c:\Users\Haqii\AppData\Roaming\Code\User\globalStorage\fwcd.kotlin\langServerInstall\server\lib\kotlinx-coroutines-core-jvm-1.6.4.jar;c:\Users\Haqii\AppData\Roaming\Code\User\globalStorage\fwcd.kotlin\langServerInstall\server\lib\kotlin-stdlib-jdk8-2.1.0.jar;c:\Users\Haqii\AppData\Roaming\Code\User\globalStorage\fwcd.kotlin\langServerInstall\server\lib\kotlin-stdlib-jdk7-2.1.0.jar;c:\Users\Haqii\AppData\Roaming\Code\User\globalStorage\fwcd.kotlin\langServerInstall\server\lib\kotlin-stdlib-2.1.0.jar;c:\Users\Haqii\AppData\Roaming\Code\User\globalStorage\fwcd.kotlin\langServerInstall\server\lib\org.eclipse.lsp4j-0.21.2.jar;c:\Users\Haqii\AppData\Roaming\Code\User\globalStorage\fwcd.kotlin\langServerInstall\server\lib\org.eclipse.lsp4j.jsonrpc-0.21.2.jar;c:\Users\Haqii\AppData\Roaming\Code\User\globalStorage\fwcd.kotlin\langServerInstall\server\lib\kotlin-sam-with-receiver-compiler-plugin-2.1.0.jar;c:\Users\Haqii\AppData\Roaming\Code\User\globalStorage\fwcd.kotlin\langServerInstall\server\lib\fernflower-1.0.jar;c:\Users\Haqii\AppData\Roaming\Code\User\globalStorage\fwcd.kotlin\langServerInstall\server\lib\h2-1.4.200.jar;c:\Users\Haqii\AppData\Roaming\Code\User\globalStorage\fwcd.kotlin\langServerInstall\server\lib\jcommander-1.78.jar;c:\Users\Haqii\AppData\Roaming\Code\User\globalStorage\fwcd.kotlin\langServerInstall\server\lib\sqlite-jdbc-3.41.2.1.jar;c:\Users\Haqii\AppData\Roaming\Code\User\globalStorage\fwcd.kotlin\langServerInstall\server\lib\google-java-format-1.8.jar;c:\Users\Haqii\AppData\Roaming\Code\User\globalStorage\fwcd.kotlin\langServerInstall\server\lib\guava-33.3.0-jre.jar;c:\Users\Haqii\AppData\Roaming\Code\User\globalStorage\fwcd.kotlin\langServerInstall\server\lib\annotations-13.0.jar;c:\Users\Haqii\AppData\Roaming\Code\User\globalStorage\fwcd.kotlin\langServerInstall\server\lib\gson-2.10.1.jar;c:\Users\Haqii\AppData\Roaming\Code\User\globalStorage\fwcd.kotlin\langServerInstall\server\lib\kotlin-script-runtime-2.1.0.jar;c:\Users\Haqii\AppData\Roaming\Code\User\globalStorage\fwcd.kotlin\langServerInstall\server\lib\trove4j-1.0.20200330.jar;c:\Users\Haqii\AppData\Roaming\Code\User\globalStorage\fwcd.kotlin\langServerInstall\server\lib\jline-3.24.1.jar;c:\Users\Haqii\AppData\Roaming\Code\User\globalStorage\fwcd.kotlin\langServerInstall\server\lib\slf4j-api-1.7.25.jar;c:\Users\Haqii\AppData\Roaming\Code\User\globalStorage\fwcd.kotlin\langServerInstall\server\lib\jna-4.2.2.jar;c:\Users\Haqii\AppData\Roaming\Code\User\globalStorage\fwcd.kotlin\langServerInstall\server\lib\failureaccess-1.0.2.jar;c:\Users\Haqii\AppData\Roaming\Code\User\globalStorage\fwcd.kotlin\langServerInstall\server\lib\listenablefuture-9999.0-empty-to-avoid-conflict-with-guava.jar;c:\Users\Haqii\AppData\Roaming\Code\User\globalStorage\fwcd.kotlin\langServerInstall\server\lib\jsr305-3.0.2.jar;c:\Users\Haqii\AppData\Roaming\Code\User\globalStorage\fwcd.kotlin\langServerInstall\server\lib\checker-qual-3.43.0.jar;c:\Users\Haqii\AppData\Roaming\Code\User\globalStorage\fwcd.kotlin\langServerInstall\server\lib\error_prone_annotations-2.28.0.jar
PATH=C:\Program Files\Common Files\Oracle\Java\javapath;C:\Program Files (x86)\Common Files\Oracle\Java\java8path;C:\Program Files (x86)\Common Files\Oracle\Java\javapath;C:\WINDOWS\system32;C:\WINDOWS;C:\WINDOWS\System32\Wbem;C:\WINDOWS\System32\WindowsPowerShell\v1.0\;C:\WINDOWS\System32\OpenSSH\;C:\xampp\php;C:\ProgramData\ComposerSetup\bin;C:\Program Files\Git\cmd;C:\Program Files\dotnet\;C:\ProgramData\chocolatey\bin;C:\Program Files\nodejs\;C:\Program Files\Common Files\Oracle\Java\javapath;C:\Windows\system32;C:\Windows;C:\Windows\System32\Wbem;C:\Windows\System32\WindowsPowerShell\v1.0\;C:\Windows\System32\OpenSSH\;C:\xampp\php;C:\ProgramData\ComposerSetup\bin;C:\Program Files\nodejs\;C:\Program Files\Git\cmd;C:\Program Files\dotnet\;C:\ProgramData\chocolatey\bin;c:\Users\Haqii\AppData\Local\Programs\cursor\resources\app\codeBin;C:\Users\Haqii\AppData\Local\Programs\Python\Launcher\;C:\Users\Haqii\AppData\Local\Microsoft\WindowsApps;C:\Users\Haqii\AppData\Local\Programs\Microsoft VS Code\bin;C:\Users\Haqii\AppData\Roaming\Composer\vendor\bin;C:\msys64\ucrt64\bin;C:\Users\Haqii\AppData\Local\spicetify;C:\Users\Haqii\.deno\bin;C:\Android\cmdline-tools\latest\bin;C:\Android\platform-tools;C:\Android\emulator;C:\Users\Haqii\AppData\Roaming\npm;C:\Users\Haqii\AppData\Local\Microsoft\WindowsApps;C:\laragon\bin\php\php-8.3.26-Win32-vs16-x64;C:\laragon\bin\composer;C:\Users\Haqii\AppData\Local\Programs\Antigravity\bin
USERNAME=Haqii
OS=Windows_NT
PROCESSOR_IDENTIFIER=AMD64 Family 25 Model 68 Stepping 1, AuthenticAMD
TMP=C:\Users\Haqii\AppData\Local\Temp
TEMP=C:\Users\Haqii\AppData\Local\Temp




Periodic native trim disabled

---------------  S Y S T E M  ---------------

OS:
 Windows 11 , 64 bit Build 26100 (10.0.26100.7309)
OS uptime: 0 days 6:31 hours

CPU: total 16 (initial active 16) (16 cores per cpu, 2 threads per core) family 25 model 68 stepping 1 microcode 0xa404102, cx8, cmov, fxsr, ht, mmx, 3dnowpref, sse, sse2, sse3, ssse3, sse4a, sse4.1, sse4.2, popcnt, lzcnt, tsc, tscinvbit, avx, avx2, aes, erms, clmul, bmi1, bmi2, adx, sha, fma, vzeroupper, clflush, clflushopt, rdtscp, rdpid, fsrm, f16c, pku, cet_ss
Processor Information for the first 16 processors :
  Max Mhz: 3201, Current Mhz: 2502, Mhz Limit: 3201

Memory: 4k page, system-wide physical 14077M (687M free)
TotalPageFile size 27389M (AvailPageFile size 14M)
current process WorkingSet (physical memory assigned to process): 517M, peak: 520M
current process commit charge ("private bytes"): 958M, peak: 961M

vm_info: Java HotSpot(TM) 64-Bit Server VM (23.0.1+11-39) for windows-amd64 JRE (23.0.1+11-39), built on 2024-09-30T07:20:43Z with MS VC++ 17.6 (VS2022)

END.
