#
# There is insufficient memory for the Java Runtime Environment to continue.
# Native memory allocation (malloc) failed to allocate 262160 bytes. Error detail: Chunk::new
# Possible reasons:
#   The system is out of physical RAM or swap space
#   This process is running with CompressedOops enabled, and the Java Heap may be blocking the growth of the native heap
# Possible solutions:
#   Reduce memory load on the system
#   Increase physical memory or swap space
#   Check if swap backing store is full
#   Decrease Java heap size (-Xmx/-Xms)
#   Decrease number of Java threads
#   Decrease Java thread stack sizes (-Xss)
#   Set larger code cache with -XX:ReservedCodeCacheSize=
#   JVM is running with Unscaled Compressed Oops mode in which the Java heap is
#     placed in the first 4GB address space. The Java Heap base address is the
#     maximum limit for the native heap growth. Please use -XX:HeapBaseMinAddress
#     to set the Java Heap base and to place the Java Heap above 4GB virtual address.
# This output file may be truncated or incomplete.
#
#  Out of Memory Error (arena.cpp:168), pid=20428, tid=23540
#
# JRE version: OpenJDK Runtime Environment (21.0.6) (build 21.0.6+-13391695-b895.109)
# Java VM: OpenJDK 64-Bit Server VM (21.0.6+-13391695-b895.109, mixed mode, tiered, compressed oops, compressed class ptrs, g1 gc, windows-amd64)
# No core dump will be written. Minidumps are not enabled by default on client versions of Windows
#

---------------  S U M M A R Y ------------

Command Line: --add-opens=java.base/java.lang=ALL-UNNAMED --add-opens=java.base/java.lang.invoke=ALL-UNNAMED --add-opens=java.base/java.util=ALL-UNNAMED --add-opens=java.prefs/java.util.prefs=ALL-UNNAMED --add-exports=jdk.compiler/com.sun.tools.javac.api=ALL-UNNAMED --add-exports=jdk.compiler/com.sun.tools.javac.util=ALL-UNNAMED --add-opens=java.base/java.util=ALL-UNNAMED --add-opens=java.prefs/java.util.prefs=ALL-UNNAMED --add-opens=java.base/java.nio.charset=ALL-UNNAMED --add-opens=java.base/java.net=ALL-UNNAMED --add-opens=java.base/java.util.concurrent.atomic=ALL-UNNAMED --add-opens=java.xml/javax.xml.namespace=ALL-UNNAMED -Xmx2048m -Dfile.encoding=UTF-8 -Duser.country=ID -Duser.language=en -Duser.variant -javaagent:C:\Users\Haqii\.gradle\wrapper\dists\gradle-8.13-bin\5xuhj0ry160q40clulazy9h7d\gradle-8.13\lib\agents\gradle-instrumentation-agent-8.13.jar org.gradle.launcher.daemon.bootstrap.GradleDaemon 8.13

Host: AMD Ryzen 7 7735HS with Radeon Graphics        , 16 cores, 15G,  Windows 11 , 64 bit Build 26100 (10.0.26100.6725)
Time: Wed Oct 15 08:22:06 2025 SE Asia Standard Time elapsed time: 9.348013 seconds (0d 0h 0m 9s)

---------------  T H R E A D  ---------------

Current thread (0x00000244561e6250):  JavaThread "C2 CompilerThread1" daemon [_thread_in_native, id=23540, stack(0x0000005267200000,0x0000005267300000) (1024K)]


Current CompileTask:
C2:9348 4846       4       java.lang.invoke.InvokerBytecodeGenerator::addMethod (725 bytes)

Stack: [0x0000005267200000,0x0000005267300000]
Native frames: (J=compiled Java code, j=interpreted, Vv=VM code, C=native code)
V  [jvm.dll+0x6d0639]
V  [jvm.dll+0x85eb03]
V  [jvm.dll+0x86105e]
V  [jvm.dll+0x861743]
V  [jvm.dll+0x27e6e6]
V  [jvm.dll+0xbff6d]
V  [jvm.dll+0xc04a3]
V  [jvm.dll+0x6f7474]
V  [jvm.dll+0x6f7c48]
V  [jvm.dll+0x6f9ec0]
V  [jvm.dll+0x6f8223]
V  [jvm.dll+0x2499a8]
V  [jvm.dll+0x24714e]
V  [jvm.dll+0x1c5f04]
V  [jvm.dll+0x2569ac]
V  [jvm.dll+0x254ef6]
V  [jvm.dll+0x3f0e96]
V  [jvm.dll+0x806ed8]
V  [jvm.dll+0x6cef0d]
C  [ucrtbase.dll+0x37b0]
C  [KERNEL32.DLL+0x2e8d7]
C  [ntdll.dll+0x8c53c]


---------------  P R O C E S S  ---------------

Threads class SMR info:
_java_thread_list=0x0000024458339d50, length=33, elements={
0x00000244371a7f70, 0x00000244518fb5a0, 0x00000244518fbff0, 0x00000244519057e0,
0x00000244518e42b0, 0x00000244518e4d00, 0x00000244519081d0, 0x00000244518e64a0,
0x000002445190c9f0, 0x0000024451a858f0, 0x00000244561c8f40, 0x00000244561e6250,
0x000002445807f630, 0x00000244580f60a0, 0x00000244583f0540, 0x00000244581d7c60,
0x00000244581e0f00, 0x00000244581eddb0, 0x00000244581ee820, 0x00000244582d8110,
0x00000244582d6040, 0x00000244582d66d0, 0x00000244582d94c0, 0x00000244582d6d60,
0x00000244582d7a80, 0x00000244582d87a0, 0x00000244582d73f0, 0x00000244582d8e30,
0x0000024459101d00, 0x00000244590fef10, 0x00000244590ffc30, 0x00000244591002c0,
0x0000024459102a20
}

Java Threads: ( => current thread )
  0x00000244371a7f70 JavaThread "main"                              [_thread_blocked, id=4516, stack(0x0000005265d00000,0x0000005265e00000) (1024K)]
  0x00000244518fb5a0 JavaThread "Reference Handler"          daemon [_thread_blocked, id=22672, stack(0x0000005266500000,0x0000005266600000) (1024K)]
  0x00000244518fbff0 JavaThread "Finalizer"                  daemon [_thread_blocked, id=7088, stack(0x0000005266600000,0x0000005266700000) (1024K)]
  0x00000244519057e0 JavaThread "Signal Dispatcher"          daemon [_thread_blocked, id=22464, stack(0x0000005266700000,0x0000005266800000) (1024K)]
  0x00000244518e42b0 JavaThread "Attach Listener"            daemon [_thread_blocked, id=17996, stack(0x0000005266800000,0x0000005266900000) (1024K)]
  0x00000244518e4d00 JavaThread "Service Thread"             daemon [_thread_blocked, id=2052, stack(0x0000005266900000,0x0000005266a00000) (1024K)]
  0x00000244519081d0 JavaThread "Monitor Deflation Thread"   daemon [_thread_blocked, id=22844, stack(0x0000005266a00000,0x0000005266b00000) (1024K)]
  0x00000244518e64a0 JavaThread "C2 CompilerThread0"         daemon [_thread_blocked, id=19424, stack(0x0000005266b00000,0x0000005266c00000) (1024K)]
  0x000002445190c9f0 JavaThread "C1 CompilerThread0"         daemon [_thread_blocked, id=23276, stack(0x0000005266c00000,0x0000005266d00000) (1024K)]
  0x0000024451a858f0 JavaThread "Common-Cleaner"             daemon [_thread_blocked, id=20004, stack(0x0000005266d00000,0x0000005266e00000) (1024K)]
  0x00000244561c8f40 JavaThread "Notification Thread"        daemon [_thread_blocked, id=19460, stack(0x0000005267100000,0x0000005267200000) (1024K)]
=>0x00000244561e6250 JavaThread "C2 CompilerThread1"         daemon [_thread_in_native, id=23540, stack(0x0000005267200000,0x0000005267300000) (1024K)]
  0x000002445807f630 JavaThread "Daemon health stats"               [_thread_blocked, id=20520, stack(0x0000005267d00000,0x0000005267e00000) (1024K)]
  0x00000244580f60a0 JavaThread "Incoming local TCP Connector on port 52719"        [_thread_in_native, id=20224, stack(0x0000005267e00000,0x0000005267f00000) (1024K)]
  0x00000244583f0540 JavaThread "Daemon periodic checks"            [_thread_blocked, id=9720, stack(0x0000005267f00000,0x0000005268000000) (1024K)]
  0x00000244581d7c60 JavaThread "Daemon"                            [_thread_blocked, id=20784, stack(0x0000005268000000,0x0000005268100000) (1024K)]
  0x00000244581e0f00 JavaThread "Handler for socket connection from /127.0.0.1:52719 to /127.0.0.1:52720"        [_thread_in_native, id=16732, stack(0x0000005268100000,0x0000005268200000) (1024K)]
  0x00000244581eddb0 JavaThread "Cancel handler"                    [_thread_blocked, id=14116, stack(0x0000005268200000,0x0000005268300000) (1024K)]
  0x00000244581ee820 JavaThread "Daemon worker"                     [_thread_in_vm, id=21552, stack(0x0000005268300000,0x0000005268400000) (1024K)]
  0x00000244582d8110 JavaThread "Asynchronous log dispatcher for DefaultDaemonConnection: socket connection from /127.0.0.1:52719 to /127.0.0.1:52720"        [_thread_blocked, id=5908, stack(0x0000005268400000,0x0000005268500000) (1024K)]
  0x00000244582d6040 JavaThread "Stdin handler"                     [_thread_blocked, id=21068, stack(0x0000005268500000,0x0000005268600000) (1024K)]
  0x00000244582d66d0 JavaThread "Daemon client event forwarder"        [_thread_blocked, id=14044, stack(0x0000005268600000,0x0000005268700000) (1024K)]
  0x00000244582d94c0 JavaThread "Cache worker for journal cache (C:\Users\Haqii\.gradle\caches\journal-1)"        [_thread_blocked, id=7948, stack(0x0000005267500000,0x0000005267600000) (1024K)]
  0x00000244582d6d60 JavaThread "File lock request listener"        [_thread_in_native, id=10560, stack(0x0000005268e00000,0x0000005268f00000) (1024K)]
  0x00000244582d7a80 JavaThread "Cache worker for file hash cache (C:\Users\Haqii\.gradle\caches\8.13\fileHashes)"        [_thread_blocked, id=16572, stack(0x0000005268f00000,0x0000005269000000) (1024K)]
  0x00000244582d87a0 JavaThread "Cache worker for file hash cache (D:\KELAS-XI\Tugas Akhir Semester 1\TrashBinFe\.gradle\8.13\fileHashes)"        [_thread_blocked, id=1588, stack(0x0000005269000000,0x0000005269100000) (1024K)]
  0x00000244582d73f0 JavaThread "Cache worker for Build Output Cleanup Cache (D:\KELAS-XI\Tugas Akhir Semester 1\TrashBinFe\.gradle\buildOutputCleanup)"        [_thread_blocked, id=9760, stack(0x0000005269100000,0x0000005269200000) (1024K)]
  0x00000244582d8e30 JavaThread "File watcher server"        daemon [_thread_in_native, id=7716, stack(0x0000005269200000,0x0000005269300000) (1024K)]
  0x0000024459101d00 JavaThread "File watcher consumer"      daemon [_thread_blocked, id=9772, stack(0x0000005269300000,0x0000005269400000) (1024K)]
  0x00000244590fef10 JavaThread "Cache worker for checksums cache (D:\KELAS-XI\Tugas Akhir Semester 1\TrashBinFe\.gradle\8.13\checksums)"        [_thread_blocked, id=11380, stack(0x0000005267400000,0x0000005267500000) (1024K)]
  0x00000244590ffc30 JavaThread "Cache worker for file content cache (C:\Users\Haqii\.gradle\caches\8.13\fileContent)"        [_thread_blocked, id=5384, stack(0x0000005269400000,0x0000005269500000) (1024K)]
  0x00000244591002c0 JavaThread "Cache worker for cache directory md-supplier (C:\Users\Haqii\.gradle\caches\8.13\md-supplier)"        [_thread_blocked, id=22316, stack(0x0000005269500000,0x0000005269600000) (1024K)]
  0x0000024459102a20 JavaThread "Cache worker for cache directory md-rule (C:\Users\Haqii\.gradle\caches\8.13\md-rule)"        [_thread_blocked, id=20564, stack(0x0000005269600000,0x0000005269700000) (1024K)]
Total: 33

Other Threads:
  0x000002445179ec10 VMThread "VM Thread"                           [id=20796, stack(0x0000005266400000,0x0000005266500000) (1024K)]
  0x00000244518219e0 WatcherThread "VM Periodic Task Thread"        [id=15436, stack(0x0000005266300000,0x0000005266400000) (1024K)]
  0x00000244395858b0 WorkerThread "GC Thread#0"                     [id=14356, stack(0x0000005265e00000,0x0000005265f00000) (1024K)]
  0x00000244564d5560 WorkerThread "GC Thread#1"                     [id=17616, stack(0x0000005267700000,0x0000005267800000) (1024K)]
  0x0000024456302e40 WorkerThread "GC Thread#2"                     [id=23124, stack(0x0000005267800000,0x0000005267900000) (1024K)]
  0x000002445677a4d0 WorkerThread "GC Thread#3"                     [id=19292, stack(0x0000005267900000,0x0000005267a00000) (1024K)]
  0x00000244563031e0 WorkerThread "GC Thread#4"                     [id=15472, stack(0x0000005267a00000,0x0000005267b00000) (1024K)]
  0x0000024456f4ee90 WorkerThread "GC Thread#5"                     [id=20264, stack(0x0000005267600000,0x0000005267700000) (1024K)]
  0x00000244581c5a60 WorkerThread "GC Thread#6"                     [id=13688, stack(0x0000005267b00000,0x0000005267c00000) (1024K)]
  0x00000244581c6e90 WorkerThread "GC Thread#7"                     [id=23216, stack(0x0000005267c00000,0x0000005267d00000) (1024K)]
  0x00000244580f4690 WorkerThread "GC Thread#8"                     [id=21628, stack(0x0000005268700000,0x0000005268800000) (1024K)]
  0x00000244580f4a30 WorkerThread "GC Thread#9"                     [id=13332, stack(0x0000005268800000,0x0000005268900000) (1024K)]
  0x00000244580f3810 WorkerThread "GC Thread#10"                    [id=21340, stack(0x0000005268900000,0x0000005268a00000) (1024K)]
  0x00000244580f3f50 WorkerThread "GC Thread#11"                    [id=20632, stack(0x0000005268a00000,0x0000005268b00000) (1024K)]
  0x00000244580f3bb0 WorkerThread "GC Thread#12"                    [id=22244, stack(0x0000005268b00000,0x0000005268c00000) (1024K)]
  0x00000244395975e0 ConcurrentGCThread "G1 Main Marker"            [id=5460, stack(0x0000005265f00000,0x0000005266000000) (1024K)]
  0x0000024439597ff0 WorkerThread "G1 Conc#0"                       [id=22132, stack(0x0000005266000000,0x0000005266100000) (1024K)]
  0x00000244580f30d0 WorkerThread "G1 Conc#1"                       [id=23388, stack(0x0000005268c00000,0x0000005268d00000) (1024K)]
  0x00000244580f42f0 WorkerThread "G1 Conc#2"                       [id=20092, stack(0x0000005268d00000,0x0000005268e00000) (1024K)]
  0x0000024451681f20 ConcurrentGCThread "G1 Refine#0"               [id=20688, stack(0x0000005266100000,0x0000005266200000) (1024K)]
  0x00000244516828a0 ConcurrentGCThread "G1 Service"                [id=11664, stack(0x0000005266200000,0x0000005266300000) (1024K)]
Total: 21

Threads with active compile tasks:
C2 CompilerThread1  9372 4846       4       java.lang.invoke.InvokerBytecodeGenerator::addMethod (725 bytes)
Total: 1

VM state: not at safepoint (normal execution)

VM Mutex/Monitor currently owned by a thread: None

Heap address: 0x0000000080000000, size: 2048 MB, Compressed Oops mode: 32-bit

CDS archive(s) not mapped
Compressed class space mapped at: 0x0000000100000000-0x0000000140000000, reserved size: 1073741824
Narrow klass base: 0x0000000000000000, Narrow klass shift: 3, Narrow klass range: 0x140000000

GC Precious Log:
 CardTable entry size: 512
 Card Set container configuration: InlinePtr #cards 5 size 8 Array Of Cards #cards 12 size 40 Howl #buckets 4 coarsen threshold 1843 Howl Bitmap #cards 512 size 80 coarsen threshold 460 Card regions per heap region 1 cards per card region 2048
 CPUs: 16 total, 16 available
 Memory: 15613M
 Large Page Support: Disabled
 NUMA Support: Disabled
 Compressed Oops: Enabled (32-bit)
 Heap Region Size: 1M
 Heap Min Capacity: 8M
 Heap Initial Capacity: 244M
 Heap Max Capacity: 2G
 Pre-touch: Disabled
 Parallel Workers: 13
 Concurrent Workers: 3
 Concurrent Refinement Workers: 13
 Periodic GC: Disabled

Heap:
 garbage-first heap   total 116736K, used 42365K [0x0000000080000000, 0x0000000100000000)
  region size 1024K, 11 young (11264K), 4 survivors (4096K)
 Metaspace       used 50870K, committed 52288K, reserved 1114112K
  class space    used 6753K, committed 7488K, reserved 1048576K

Heap Regions: E=young(eden), S=young(survivor), O=old, HS=humongous(starts), HC=humongous(continues), CS=collection set, F=free, TAMS=top-at-mark-start, PB=parsable bottom
|   0|0x0000000080000000, 0x0000000080100000, 0x0000000080100000|100%|HS|  |TAMS 0x0000000080000000| PB 0x0000000080000000| Complete 
|   1|0x0000000080100000, 0x0000000080200000, 0x0000000080200000|100%|HC|  |TAMS 0x0000000080100000| PB 0x0000000080100000| Complete 
|   2|0x0000000080200000, 0x0000000080300000, 0x0000000080300000|100%|HC|  |TAMS 0x0000000080200000| PB 0x0000000080200000| Complete 
|   3|0x0000000080300000, 0x0000000080400000, 0x0000000080400000|100%| O|  |TAMS 0x0000000080300000| PB 0x0000000080300000| Untracked 
|   4|0x0000000080400000, 0x0000000080500000, 0x0000000080500000|100%| O|  |TAMS 0x0000000080400000| PB 0x0000000080400000| Untracked 
|   5|0x0000000080500000, 0x0000000080600000, 0x0000000080600000|100%| O|  |TAMS 0x0000000080500000| PB 0x0000000080500000| Untracked 
|   6|0x0000000080600000, 0x0000000080700000, 0x0000000080700000|100%| O|  |TAMS 0x0000000080600000| PB 0x0000000080600000| Untracked 
|   7|0x0000000080700000, 0x0000000080800000, 0x0000000080800000|100%|HS|  |TAMS 0x0000000080700000| PB 0x0000000080700000| Complete 
|   8|0x0000000080800000, 0x0000000080900000, 0x0000000080900000|100%| O|  |TAMS 0x0000000080800000| PB 0x0000000080800000| Untracked 
|   9|0x0000000080900000, 0x0000000080900000, 0x0000000080a00000|  0%| F|  |TAMS 0x0000000080900000| PB 0x0000000080900000| Untracked 
|  10|0x0000000080a00000, 0x0000000080b00000, 0x0000000080b00000|100%| O|  |TAMS 0x0000000080a00000| PB 0x0000000080a00000| Untracked 
|  11|0x0000000080b00000, 0x0000000080c00000, 0x0000000080c00000|100%| O|  |TAMS 0x0000000080b00000| PB 0x0000000080b00000| Untracked 
|  12|0x0000000080c00000, 0x0000000080d00000, 0x0000000080d00000|100%| O|  |TAMS 0x0000000080c00000| PB 0x0000000080c00000| Untracked 
|  13|0x0000000080d00000, 0x0000000080e00000, 0x0000000080e00000|100%| O|  |TAMS 0x0000000080d00000| PB 0x0000000080d00000| Untracked 
|  14|0x0000000080e00000, 0x0000000080f00000, 0x0000000080f00000|100%| O|  |TAMS 0x0000000080e00000| PB 0x0000000080e00000| Untracked 
|  15|0x0000000080f00000, 0x0000000081000000, 0x0000000081000000|100%| O|  |TAMS 0x0000000080f00000| PB 0x0000000080f00000| Untracked 
|  16|0x0000000081000000, 0x0000000081100000, 0x0000000081100000|100%| O|  |TAMS 0x0000000081000000| PB 0x0000000081000000| Untracked 
|  17|0x0000000081100000, 0x0000000081200000, 0x0000000081200000|100%| O|  |TAMS 0x0000000081100000| PB 0x0000000081100000| Untracked 
|  18|0x0000000081200000, 0x0000000081300000, 0x0000000081300000|100%| O|  |TAMS 0x0000000081200000| PB 0x0000000081200000| Untracked 
|  19|0x0000000081300000, 0x0000000081400000, 0x0000000081400000|100%| O|  |TAMS 0x0000000081300000| PB 0x0000000081300000| Untracked 
|  20|0x0000000081400000, 0x0000000081500000, 0x0000000081500000|100%| O|  |TAMS 0x0000000081400000| PB 0x0000000081400000| Untracked 
|  21|0x0000000081500000, 0x0000000081600000, 0x0000000081600000|100%| O|  |TAMS 0x0000000081500000| PB 0x0000000081500000| Untracked 
|  22|0x0000000081600000, 0x0000000081700000, 0x0000000081700000|100%| O|  |TAMS 0x0000000081600000| PB 0x0000000081600000| Untracked 
|  23|0x0000000081700000, 0x0000000081800000, 0x0000000081800000|100%| O|  |TAMS 0x0000000081700000| PB 0x0000000081700000| Untracked 
|  24|0x0000000081800000, 0x0000000081900000, 0x0000000081900000|100%| O|  |TAMS 0x0000000081800000| PB 0x0000000081800000| Untracked 
|  25|0x0000000081900000, 0x0000000081a00000, 0x0000000081a00000|100%| O|  |TAMS 0x0000000081900000| PB 0x0000000081900000| Untracked 
|  26|0x0000000081a00000, 0x0000000081b00000, 0x0000000081b00000|100%| O|  |TAMS 0x0000000081a00000| PB 0x0000000081a00000| Untracked 
|  27|0x0000000081b00000, 0x0000000081b5f500, 0x0000000081c00000| 37%| O|  |TAMS 0x0000000081b00000| PB 0x0000000081b00000| Untracked 
|  28|0x0000000081c00000, 0x0000000081c00000, 0x0000000081d00000|  0%| F|  |TAMS 0x0000000081c00000| PB 0x0000000081c00000| Untracked 
|  29|0x0000000081d00000, 0x0000000081e00000, 0x0000000081e00000|100%| O|  |TAMS 0x0000000081d00000| PB 0x0000000081d00000| Untracked 
|  30|0x0000000081e00000, 0x0000000081e00000, 0x0000000081f00000|  0%| F|  |TAMS 0x0000000081e00000| PB 0x0000000081e00000| Untracked 
|  31|0x0000000081f00000, 0x0000000081f00000, 0x0000000082000000|  0%| F|  |TAMS 0x0000000081f00000| PB 0x0000000081f00000| Untracked 
|  32|0x0000000082000000, 0x0000000082100000, 0x0000000082100000|100%| O|  |TAMS 0x0000000082000000| PB 0x0000000082000000| Untracked 
|  33|0x0000000082100000, 0x0000000082200000, 0x0000000082200000|100%| O|  |TAMS 0x0000000082100000| PB 0x0000000082100000| Untracked 
|  34|0x0000000082200000, 0x0000000082300000, 0x0000000082300000|100%| O|  |TAMS 0x0000000082200000| PB 0x0000000082200000| Untracked 
|  35|0x0000000082300000, 0x0000000082400000, 0x0000000082400000|100%| O|  |TAMS 0x0000000082300000| PB 0x0000000082300000| Untracked 
|  36|0x0000000082400000, 0x0000000082400000, 0x0000000082500000|  0%| F|  |TAMS 0x0000000082400000| PB 0x0000000082400000| Untracked 
|  37|0x0000000082500000, 0x0000000082500000, 0x0000000082600000|  0%| F|  |TAMS 0x0000000082500000| PB 0x0000000082500000| Untracked 
|  38|0x0000000082600000, 0x0000000082600000, 0x0000000082700000|  0%| F|  |TAMS 0x0000000082600000| PB 0x0000000082600000| Untracked 
|  39|0x0000000082700000, 0x0000000082700000, 0x0000000082800000|  0%| F|  |TAMS 0x0000000082700000| PB 0x0000000082700000| Untracked 
|  40|0x0000000082800000, 0x0000000082800000, 0x0000000082900000|  0%| F|  |TAMS 0x0000000082800000| PB 0x0000000082800000| Untracked 
|  41|0x0000000082900000, 0x0000000082900000, 0x0000000082a00000|  0%| F|  |TAMS 0x0000000082900000| PB 0x0000000082900000| Untracked 
|  42|0x0000000082a00000, 0x0000000082b00000, 0x0000000082b00000|100%| S|CS|TAMS 0x0000000082a00000| PB 0x0000000082a00000| Complete 
|  43|0x0000000082b00000, 0x0000000082c00000, 0x0000000082c00000|100%| S|CS|TAMS 0x0000000082b00000| PB 0x0000000082b00000| Complete 
|  44|0x0000000082c00000, 0x0000000082d00000, 0x0000000082d00000|100%| S|CS|TAMS 0x0000000082c00000| PB 0x0000000082c00000| Complete 
|  45|0x0000000082d00000, 0x0000000082e00000, 0x0000000082e00000|100%| S|CS|TAMS 0x0000000082d00000| PB 0x0000000082d00000| Complete 
|  46|0x0000000082e00000, 0x0000000082e00000, 0x0000000082f00000|  0%| F|  |TAMS 0x0000000082e00000| PB 0x0000000082e00000| Untracked 
|  47|0x0000000082f00000, 0x0000000082f00000, 0x0000000083000000|  0%| F|  |TAMS 0x0000000082f00000| PB 0x0000000082f00000| Untracked 
|  48|0x0000000083000000, 0x0000000083000000, 0x0000000083100000|  0%| F|  |TAMS 0x0000000083000000| PB 0x0000000083000000| Untracked 
|  49|0x0000000083100000, 0x0000000083100000, 0x0000000083200000|  0%| F|  |TAMS 0x0000000083100000| PB 0x0000000083100000| Untracked 
|  50|0x0000000083200000, 0x0000000083200000, 0x0000000083300000|  0%| F|  |TAMS 0x0000000083200000| PB 0x0000000083200000| Untracked 
|  51|0x0000000083300000, 0x0000000083300000, 0x0000000083400000|  0%| F|  |TAMS 0x0000000083300000| PB 0x0000000083300000| Untracked 
|  52|0x0000000083400000, 0x0000000083400000, 0x0000000083500000|  0%| F|  |TAMS 0x0000000083400000| PB 0x0000000083400000| Untracked 
|  53|0x0000000083500000, 0x0000000083500000, 0x0000000083600000|  0%| F|  |TAMS 0x0000000083500000| PB 0x0000000083500000| Untracked 
|  54|0x0000000083600000, 0x0000000083600000, 0x0000000083700000|  0%| F|  |TAMS 0x0000000083600000| PB 0x0000000083600000| Untracked 
|  55|0x0000000083700000, 0x0000000083700000, 0x0000000083800000|  0%| F|  |TAMS 0x0000000083700000| PB 0x0000000083700000| Untracked 
|  56|0x0000000083800000, 0x0000000083800000, 0x0000000083900000|  0%| F|  |TAMS 0x0000000083800000| PB 0x0000000083800000| Untracked 
|  57|0x0000000083900000, 0x0000000083900000, 0x0000000083a00000|  0%| F|  |TAMS 0x0000000083900000| PB 0x0000000083900000| Untracked 
|  58|0x0000000083a00000, 0x0000000083a00000, 0x0000000083b00000|  0%| F|  |TAMS 0x0000000083a00000| PB 0x0000000083a00000| Untracked 
|  59|0x0000000083b00000, 0x0000000083b00000, 0x0000000083c00000|  0%| F|  |TAMS 0x0000000083b00000| PB 0x0000000083b00000| Untracked 
|  60|0x0000000083c00000, 0x0000000083c00000, 0x0000000083d00000|  0%| F|  |TAMS 0x0000000083c00000| PB 0x0000000083c00000| Untracked 
|  61|0x0000000083d00000, 0x0000000083d00000, 0x0000000083e00000|  0%| F|  |TAMS 0x0000000083d00000| PB 0x0000000083d00000| Untracked 
|  62|0x0000000083e00000, 0x0000000083e00000, 0x0000000083f00000|  0%| F|  |TAMS 0x0000000083e00000| PB 0x0000000083e00000| Untracked 
|  63|0x0000000083f00000, 0x0000000083f00000, 0x0000000084000000|  0%| F|  |TAMS 0x0000000083f00000| PB 0x0000000083f00000| Untracked 
|  64|0x0000000084000000, 0x0000000084000000, 0x0000000084100000|  0%| F|  |TAMS 0x0000000084000000| PB 0x0000000084000000| Untracked 
|  65|0x0000000084100000, 0x0000000084100000, 0x0000000084200000|  0%| F|  |TAMS 0x0000000084100000| PB 0x0000000084100000| Untracked 
|  66|0x0000000084200000, 0x0000000084200000, 0x0000000084300000|  0%| F|  |TAMS 0x0000000084200000| PB 0x0000000084200000| Untracked 
|  67|0x0000000084300000, 0x0000000084300000, 0x0000000084400000|  0%| F|  |TAMS 0x0000000084300000| PB 0x0000000084300000| Untracked 
|  68|0x0000000084400000, 0x0000000084400000, 0x0000000084500000|  0%| F|  |TAMS 0x0000000084400000| PB 0x0000000084400000| Untracked 
|  69|0x0000000084500000, 0x0000000084500000, 0x0000000084600000|  0%| F|  |TAMS 0x0000000084500000| PB 0x0000000084500000| Untracked 
|  70|0x0000000084600000, 0x0000000084600000, 0x0000000084700000|  0%| F|  |TAMS 0x0000000084600000| PB 0x0000000084600000| Untracked 
|  71|0x0000000084700000, 0x0000000084700000, 0x0000000084800000|  0%| F|  |TAMS 0x0000000084700000| PB 0x0000000084700000| Untracked 
|  72|0x0000000084800000, 0x0000000084800000, 0x0000000084900000|  0%| F|  |TAMS 0x0000000084800000| PB 0x0000000084800000| Untracked 
|  73|0x0000000084900000, 0x0000000084900000, 0x0000000084a00000|  0%| F|  |TAMS 0x0000000084900000| PB 0x0000000084900000| Untracked 
|  74|0x0000000084a00000, 0x0000000084a00000, 0x0000000084b00000|  0%| F|  |TAMS 0x0000000084a00000| PB 0x0000000084a00000| Untracked 
|  75|0x0000000084b00000, 0x0000000084b00000, 0x0000000084c00000|  0%| F|  |TAMS 0x0000000084b00000| PB 0x0000000084b00000| Untracked 
|  76|0x0000000084c00000, 0x0000000084c00000, 0x0000000084d00000|  0%| F|  |TAMS 0x0000000084c00000| PB 0x0000000084c00000| Untracked 
|  77|0x0000000084d00000, 0x0000000084d00000, 0x0000000084e00000|  0%| F|  |TAMS 0x0000000084d00000| PB 0x0000000084d00000| Untracked 
|  78|0x0000000084e00000, 0x0000000084e00000, 0x0000000084f00000|  0%| F|  |TAMS 0x0000000084e00000| PB 0x0000000084e00000| Untracked 
|  79|0x0000000084f00000, 0x0000000084f00000, 0x0000000085000000|  0%| F|  |TAMS 0x0000000084f00000| PB 0x0000000084f00000| Untracked 
|  80|0x0000000085000000, 0x0000000085000000, 0x0000000085100000|  0%| F|  |TAMS 0x0000000085000000| PB 0x0000000085000000| Untracked 
|  81|0x0000000085100000, 0x0000000085100000, 0x0000000085200000|  0%| F|  |TAMS 0x0000000085100000| PB 0x0000000085100000| Untracked 
|  82|0x0000000085200000, 0x0000000085200000, 0x0000000085300000|  0%| F|  |TAMS 0x0000000085200000| PB 0x0000000085200000| Untracked 
|  83|0x0000000085300000, 0x0000000085300000, 0x0000000085400000|  0%| F|  |TAMS 0x0000000085300000| PB 0x0000000085300000| Untracked 
|  84|0x0000000085400000, 0x0000000085400000, 0x0000000085500000|  0%| F|  |TAMS 0x0000000085400000| PB 0x0000000085400000| Untracked 
|  85|0x0000000085500000, 0x0000000085500000, 0x0000000085600000|  0%| F|  |TAMS 0x0000000085500000| PB 0x0000000085500000| Untracked 
|  86|0x0000000085600000, 0x0000000085600000, 0x0000000085700000|  0%| F|  |TAMS 0x0000000085600000| PB 0x0000000085600000| Untracked 
|  87|0x0000000085700000, 0x0000000085700000, 0x0000000085800000|  0%| F|  |TAMS 0x0000000085700000| PB 0x0000000085700000| Untracked 
|  88|0x0000000085800000, 0x0000000085800000, 0x0000000085900000|  0%| F|  |TAMS 0x0000000085800000| PB 0x0000000085800000| Untracked 
|  89|0x0000000085900000, 0x0000000085900000, 0x0000000085a00000|  0%| F|  |TAMS 0x0000000085900000| PB 0x0000000085900000| Untracked 
|  90|0x0000000085a00000, 0x0000000085a00000, 0x0000000085b00000|  0%| F|  |TAMS 0x0000000085a00000| PB 0x0000000085a00000| Untracked 
|  91|0x0000000085b00000, 0x0000000085b00000, 0x0000000085c00000|  0%| F|  |TAMS 0x0000000085b00000| PB 0x0000000085b00000| Untracked 
|  92|0x0000000085c00000, 0x0000000085c00000, 0x0000000085d00000|  0%| F|  |TAMS 0x0000000085c00000| PB 0x0000000085c00000| Untracked 
|  93|0x0000000085d00000, 0x0000000085d00000, 0x0000000085e00000|  0%| F|  |TAMS 0x0000000085d00000| PB 0x0000000085d00000| Untracked 
|  94|0x0000000085e00000, 0x0000000085e00000, 0x0000000085f00000|  0%| F|  |TAMS 0x0000000085e00000| PB 0x0000000085e00000| Untracked 
|  95|0x0000000085f00000, 0x0000000085f00000, 0x0000000086000000|  0%| F|  |TAMS 0x0000000085f00000| PB 0x0000000085f00000| Untracked 
|  96|0x0000000086000000, 0x0000000086000000, 0x0000000086100000|  0%| F|  |TAMS 0x0000000086000000| PB 0x0000000086000000| Untracked 
|  97|0x0000000086100000, 0x0000000086100000, 0x0000000086200000|  0%| F|  |TAMS 0x0000000086100000| PB 0x0000000086100000| Untracked 
|  98|0x0000000086200000, 0x0000000086200000, 0x0000000086300000|  0%| F|  |TAMS 0x0000000086200000| PB 0x0000000086200000| Untracked 
|  99|0x0000000086300000, 0x0000000086300000, 0x0000000086400000|  0%| F|  |TAMS 0x0000000086300000| PB 0x0000000086300000| Untracked 
| 100|0x0000000086400000, 0x0000000086400000, 0x0000000086500000|  0%| F|  |TAMS 0x0000000086400000| PB 0x0000000086400000| Untracked 
| 101|0x0000000086500000, 0x0000000086500000, 0x0000000086600000|  0%| F|  |TAMS 0x0000000086500000| PB 0x0000000086500000| Untracked 
| 102|0x0000000086600000, 0x0000000086600000, 0x0000000086700000|  0%| F|  |TAMS 0x0000000086600000| PB 0x0000000086600000| Untracked 
| 103|0x0000000086700000, 0x0000000086700000, 0x0000000086800000|  0%| F|  |TAMS 0x0000000086700000| PB 0x0000000086700000| Untracked 
| 104|0x0000000086800000, 0x0000000086800000, 0x0000000086900000|  0%| F|  |TAMS 0x0000000086800000| PB 0x0000000086800000| Untracked 
| 212|0x000000008d400000, 0x000000008d400000, 0x000000008d500000|  0%| F|  |TAMS 0x000000008d400000| PB 0x000000008d400000| Untracked 
| 213|0x000000008d500000, 0x000000008d500000, 0x000000008d600000|  0%| F|  |TAMS 0x000000008d500000| PB 0x000000008d500000| Untracked 
| 214|0x000000008d600000, 0x000000008d700000, 0x000000008d700000|100%| E|  |TAMS 0x000000008d600000| PB 0x000000008d600000| Complete 
| 215|0x000000008d700000, 0x000000008d800000, 0x000000008d800000|100%| E|CS|TAMS 0x000000008d700000| PB 0x000000008d700000| Complete 
| 216|0x000000008d800000, 0x000000008d900000, 0x000000008d900000|100%| E|CS|TAMS 0x000000008d800000| PB 0x000000008d800000| Complete 
| 217|0x000000008d900000, 0x000000008da00000, 0x000000008da00000|100%| E|CS|TAMS 0x000000008d900000| PB 0x000000008d900000| Complete 
| 218|0x000000008da00000, 0x000000008db00000, 0x000000008db00000|100%| E|CS|TAMS 0x000000008da00000| PB 0x000000008da00000| Complete 
| 219|0x000000008db00000, 0x000000008dc00000, 0x000000008dc00000|100%| E|CS|TAMS 0x000000008db00000| PB 0x000000008db00000| Complete 
| 243|0x000000008f300000, 0x000000008f400000, 0x000000008f400000|100%| E|CS|TAMS 0x000000008f300000| PB 0x000000008f300000| Complete 

Card table byte_map: [0x000002444c300000,0x000002444c700000] _byte_map_base: 0x000002444bf00000

Marking Bits: (CMBitMap*) 0x0000024439585ec0
 Bits: [0x000002444c700000, 0x000002444e700000)

Polling page: 0x00000244374d0000

Metaspace:

Usage:
  Non-class:     43.10 MB used.
      Class:      6.60 MB used.
       Both:     49.69 MB used.

Virtual space:
  Non-class space:       64.00 MB reserved,      43.81 MB ( 68%) committed,  1 nodes.
      Class space:        1.00 GB reserved,       7.31 MB ( <1%) committed,  1 nodes.
             Both:        1.06 GB reserved,      51.12 MB (  5%) committed. 

Chunk freelists:
   Non-Class:  3.61 MB
       Class:  8.62 MB
        Both:  12.23 MB

MaxMetaspaceSize: unlimited
CompressedClassSpaceSize: 1.00 GB
Initial GC threshold: 21.00 MB
Current GC threshold: 58.75 MB
CDS: off
 - commit_granule_bytes: 65536.
 - commit_granule_words: 8192.
 - virtual_space_node_default_size: 8388608.
 - enlarge_chunks_in_place: 1.
 - use_allocation_guard: 0.


Internal statistics:

num_allocs_failed_limit: 6.
num_arena_births: 2604.
num_arena_deaths: 0.
num_vsnodes_births: 2.
num_vsnodes_deaths: 0.
num_space_committed: 818.
num_space_uncommitted: 0.
num_chunks_returned_to_freelist: 6.
num_chunks_taken_from_freelist: 4556.
num_chunk_merges: 6.
num_chunk_splits: 2943.
num_chunks_enlarged: 1778.
num_inconsistent_stats: 0.

CodeHeap 'non-profiled nmethods': size=119168Kb used=2840Kb max_used=2840Kb free=116328Kb
 bounds [0x0000024444220000, 0x00000244444f0000, 0x000002444b680000]
CodeHeap 'profiled nmethods': size=119104Kb used=8808Kb max_used=8808Kb free=110295Kb
 bounds [0x000002443c680000, 0x000002443cf20000, 0x0000024443ad0000]
CodeHeap 'non-nmethods': size=7488Kb used=1920Kb max_used=3695Kb free=5567Kb
 bounds [0x0000024443ad0000, 0x0000024443e80000, 0x0000024444220000]
 total_blobs=5180 nmethods=4475 adapters=609
 compilation: enabled
              stopped_count=0, restarted_count=0
 full_count=0

Compilation events (20 events):
Event: 6.288 Thread 0x0000024451af3fd0 4901       3       jdk.internal.event.ThreadSleepEvent::isTurnedOn (7 bytes)
Event: 6.288 Thread 0x000002445190c9f0 4902       3       java.lang.invoke.Invokers$Holder::linkToTargetMethod (15 bytes)
Event: 6.288 Thread 0x0000024451af1100 nmethod 4899 0x000002443cf16710 code [0x000002443cf168c0, 0x000002443cf16b58]
Event: 6.288 Thread 0x0000024451af3fd0 nmethod 4901 0x000002443cf16c90 code [0x000002443cf16e40, 0x000002443cf16f90]
Event: 6.288 Thread 0x000002445190c9f0 nmethod 4902 0x000002443cf17010 code [0x000002443cf171e0, 0x000002443cf175f8]
Event: 6.288 Thread 0x0000024451af0a60 nmethod 4897 0x000002443cf17710 code [0x000002443cf17940, 0x000002443cf18178]
Event: 6.883 Thread 0x00000244563085d0 4903       4       java.util.AbstractCollection::<init> (5 bytes)
Event: 6.884 Thread 0x00000244563085d0 nmethod 4903 0x00000244444e3b90 code [0x00000244444e3d20, 0x00000244444e3da8]
Event: 7.325 Thread 0x00000244563085d0 4905       4       java.util.stream.AbstractPipeline::evaluate (94 bytes)
Event: 7.328 Thread 0x00000244563085d0 nmethod 4905 0x00000244444e4190 code [0x00000244444e4340, 0x00000244444e4590]
Event: 7.475 Thread 0x000002445190c9f0 4906       3       java.util.concurrent.locks.AbstractQueuedSynchronizer$ConditionObject::unlinkCancelledWaiters (91 bytes)
Event: 7.475 Thread 0x000002445190c9f0 nmethod 4906 0x000002443cf18490 code [0x000002443cf18660, 0x000002443cf18ac0]
Event: 7.893 Thread 0x00000244518e64a0 4907       4       java.lang.invoke.DirectMethodHandle::internalMemberName (8 bytes)
Event: 7.894 Thread 0x00000244518e64a0 nmethod 4907 0x00000244444e4790 code [0x00000244444e4920, 0x00000244444e49d8]
Event: 8.891 Thread 0x000002445190c9f0 4909       3       java.util.ComparableTimSort::binarySort (223 bytes)
Event: 8.892 Thread 0x000002445190c9f0 nmethod 4909 0x000002443cf18c10 code [0x000002443cf18e40, 0x000002443cf19998]
Event: 8.892 Thread 0x000002445190c9f0 4908       1       javax.management.ObjectName$Property::setKeyIndex (6 bytes)
Event: 8.892 Thread 0x000002445190c9f0 nmethod 4908 0x00000244444e4a90 code [0x00000244444e4c20, 0x00000244444e4ce8]
Event: 8.892 Thread 0x000002445190c9f0 4910       1       sun.management.MemoryPoolImpl::getName (5 bytes)
Event: 8.892 Thread 0x000002445190c9f0 nmethod 4910 0x00000244444e4d90 code [0x00000244444e4f20, 0x00000244444e4fe8]

GC Heap History (20 events):
Event: 1.815 GC heap before
{Heap before GC invocations=2 (full 0):
 garbage-first heap   total 249856K, used 62496K [0x0000000080000000, 0x0000000100000000)
  region size 1024K, 54 young (55296K), 5 survivors (5120K)
 Metaspace       used 14846K, committed 15104K, reserved 1114112K
  class space    used 1617K, committed 1792K, reserved 1048576K
}
Event: 1.820 GC heap after
{Heap after GC invocations=3 (full 0):
 garbage-first heap   total 249856K, used 18105K [0x0000000080000000, 0x0000000100000000)
  region size 1024K, 6 young (6144K), 6 survivors (6144K)
 Metaspace       used 14846K, committed 15104K, reserved 1114112K
  class space    used 1617K, committed 1792K, reserved 1048576K
}
Event: 2.379 GC heap before
{Heap before GC invocations=3 (full 0):
 garbage-first heap   total 249856K, used 41657K [0x0000000080000000, 0x0000000100000000)
  region size 1024K, 30 young (30720K), 6 survivors (6144K)
 Metaspace       used 21185K, committed 21504K, reserved 1114112K
  class space    used 2433K, committed 2624K, reserved 1048576K
}
Event: 2.382 GC heap after
{Heap after GC invocations=4 (full 0):
 garbage-first heap   total 249856K, used 20144K [0x0000000080000000, 0x0000000100000000)
  region size 1024K, 8 young (8192K), 8 survivors (8192K)
 Metaspace       used 21185K, committed 21504K, reserved 1114112K
  class space    used 2433K, committed 2624K, reserved 1048576K
}
Event: 2.981 GC heap before
{Heap before GC invocations=5 (full 0):
 garbage-first heap   total 68608K, used 52912K [0x0000000080000000, 0x0000000100000000)
  region size 1024K, 40 young (40960K), 8 survivors (8192K)
 Metaspace       used 26861K, committed 27392K, reserved 1114112K
  class space    used 3279K, committed 3520K, reserved 1048576K
}
Event: 2.986 GC heap after
{Heap after GC invocations=6 (full 0):
 garbage-first heap   total 68608K, used 22171K [0x0000000080000000, 0x0000000100000000)
  region size 1024K, 5 young (5120K), 5 survivors (5120K)
 Metaspace       used 26861K, committed 27392K, reserved 1114112K
  class space    used 3279K, committed 3520K, reserved 1048576K
}
Event: 3.594 GC heap before
{Heap before GC invocations=6 (full 0):
 garbage-first heap   total 68608K, used 54939K [0x0000000080000000, 0x0000000100000000)
  region size 1024K, 37 young (37888K), 5 survivors (5120K)
 Metaspace       used 31213K, committed 31872K, reserved 1114112K
  class space    used 4032K, committed 4352K, reserved 1048576K
}
Event: 3.599 GC heap after
{Heap after GC invocations=7 (full 0):
 garbage-first heap   total 68608K, used 24318K [0x0000000080000000, 0x0000000100000000)
  region size 1024K, 5 young (5120K), 5 survivors (5120K)
 Metaspace       used 31213K, committed 31872K, reserved 1114112K
  class space    used 4032K, committed 4352K, reserved 1048576K
}
Event: 4.049 GC heap before
{Heap before GC invocations=7 (full 0):
 garbage-first heap   total 68608K, used 50942K [0x0000000080000000, 0x0000000100000000)
  region size 1024K, 33 young (33792K), 5 survivors (5120K)
 Metaspace       used 35172K, committed 35968K, reserved 1114112K
  class space    used 4667K, committed 5056K, reserved 1048576K
}
Event: 4.053 GC heap after
{Heap after GC invocations=8 (full 0):
 garbage-first heap   total 68608K, used 26089K [0x0000000080000000, 0x0000000100000000)
  region size 1024K, 5 young (5120K), 5 survivors (5120K)
 Metaspace       used 35172K, committed 35968K, reserved 1114112K
  class space    used 4667K, committed 5056K, reserved 1048576K
}
Event: 4.613 GC heap before
{Heap before GC invocations=9 (full 0):
 garbage-first heap   total 68608K, used 56809K [0x0000000080000000, 0x0000000100000000)
  region size 1024K, 36 young (36864K), 5 survivors (5120K)
 Metaspace       used 42139K, committed 43136K, reserved 1114112K
  class space    used 5476K, committed 5952K, reserved 1048576K
}
Event: 4.617 GC heap after
{Heap after GC invocations=10 (full 0):
 garbage-first heap   total 68608K, used 30497K [0x0000000080000000, 0x0000000100000000)
  region size 1024K, 5 young (5120K), 5 survivors (5120K)
 Metaspace       used 42139K, committed 43136K, reserved 1114112K
  class space    used 5476K, committed 5952K, reserved 1048576K
}
Event: 4.951 GC heap before
{Heap before GC invocations=10 (full 0):
 garbage-first heap   total 68608K, used 59169K [0x0000000080000000, 0x0000000100000000)
  region size 1024K, 33 young (33792K), 5 survivors (5120K)
 Metaspace       used 43747K, committed 44736K, reserved 1114112K
  class space    used 5692K, committed 6144K, reserved 1048576K
}
Event: 4.955 GC heap after
{Heap after GC invocations=11 (full 0):
 garbage-first heap   total 68608K, used 32341K [0x0000000080000000, 0x0000000100000000)
  region size 1024K, 3 young (3072K), 3 survivors (3072K)
 Metaspace       used 43747K, committed 44736K, reserved 1114112K
  class space    used 5692K, committed 6144K, reserved 1048576K
}
Event: 4.967 GC heap before
{Heap before GC invocations=11 (full 0):
 garbage-first heap   total 68608K, used 32341K [0x0000000080000000, 0x0000000100000000)
  region size 1024K, 5 young (5120K), 3 survivors (3072K)
 Metaspace       used 43758K, committed 44736K, reserved 1114112K
  class space    used 5693K, committed 6144K, reserved 1048576K
}
Event: 4.970 GC heap after
{Heap after GC invocations=12 (full 0):
 garbage-first heap   total 68608K, used 32776K [0x0000000080000000, 0x0000000100000000)
  region size 1024K, 3 young (3072K), 3 survivors (3072K)
 Metaspace       used 43758K, committed 44736K, reserved 1114112K
  class space    used 5693K, committed 6144K, reserved 1048576K
}
Event: 4.971 GC heap before
{Heap before GC invocations=12 (full 0):
 garbage-first heap   total 68608K, used 33800K [0x0000000080000000, 0x0000000100000000)
  region size 1024K, 4 young (4096K), 3 survivors (3072K)
 Metaspace       used 43758K, committed 44736K, reserved 1114112K
  class space    used 5693K, committed 6144K, reserved 1048576K
}
Event: 4.973 GC heap after
{Heap after GC invocations=13 (full 0):
 garbage-first heap   total 116736K, used 33479K [0x0000000080000000, 0x0000000100000000)
  region size 1024K, 1 young (1024K), 1 survivors (1024K)
 Metaspace       used 43758K, committed 44736K, reserved 1114112K
  class space    used 5693K, committed 6144K, reserved 1048576K
}
Event: 6.223 GC heap before
{Heap before GC invocations=13 (full 0):
 garbage-first heap   total 116736K, used 103111K [0x0000000080000000, 0x0000000100000000)
  region size 1024K, 68 young (69632K), 1 survivors (1024K)
 Metaspace       used 49952K, committed 51392K, reserved 1114112K
  class space    used 6606K, committed 7296K, reserved 1048576K
}
Event: 6.226 GC heap after
{Heap after GC invocations=14 (full 0):
 garbage-first heap   total 116736K, used 36221K [0x0000000080000000, 0x0000000100000000)
  region size 1024K, 4 young (4096K), 4 survivors (4096K)
 Metaspace       used 49952K, committed 51392K, reserved 1114112K
  class space    used 6606K, committed 7296K, reserved 1048576K
}

Dll operation events (3 events):
Event: 0.019 Loaded shared library C:\Program Files\Android\Android Studio\jbr\bin\java.dll
Event: 0.054 Loaded shared library C:\Program Files\Android\Android Studio\jbr\bin\zip.dll
Event: 0.572 Loaded shared library C:\Program Files\Android\Android Studio\jbr\bin\verify.dll

Deoptimization events (20 events):
Event: 5.767 Thread 0x00000244581ee820 DEOPT PACKING pc=0x00000244444bb9e0 sp=0x00000052683f80c0
Event: 5.767 Thread 0x00000244581ee820 DEOPT UNPACKING pc=0x0000024443b246a2 sp=0x00000052683f8070 mode 2
Event: 5.767 Thread 0x00000244581ee820 Uncommon trap: trap_request=0xffffffbe fr.pc=0x00000244444bb9e0 relative=0x0000000000001000
Event: 5.767 Thread 0x00000244581ee820 Uncommon trap: reason=profile_predicate action=maybe_recompile pc=0x00000244444bb9e0 method=java.lang.invoke.InvokerBytecodeGenerator.<init>(Ljava/lang/String;Ljava/lang/String;Ljava/lang/invoke/LambdaForm;Ljava/lang/invoke/MethodType;)V @ 33 c2
Event: 5.767 Thread 0x00000244581ee820 DEOPT PACKING pc=0x00000244444bb9e0 sp=0x00000052683f80a0
Event: 5.767 Thread 0x00000244581ee820 DEOPT UNPACKING pc=0x0000024443b246a2 sp=0x00000052683f8050 mode 2
Event: 5.802 Thread 0x00000244581ee820 DEOPT PACKING pc=0x000002443cc65d0e sp=0x00000052683f8a00
Event: 5.802 Thread 0x00000244581ee820 DEOPT UNPACKING pc=0x0000024443b24e42 sp=0x00000052683f7e70 mode 0
Event: 6.207 Thread 0x00000244581ee820 Uncommon trap: trap_request=0xffffff45 fr.pc=0x00000244444cb288 relative=0x0000000000000a28
Event: 6.207 Thread 0x00000244581ee820 Uncommon trap: reason=unstable_if action=reinterpret pc=0x00000244444cb288 method=org.objectweb.asm.Frame.push(I)V @ 26 c2
Event: 6.207 Thread 0x00000244581ee820 DEOPT PACKING pc=0x00000244444cb288 sp=0x00000052683f8ca0
Event: 6.207 Thread 0x00000244581ee820 DEOPT UNPACKING pc=0x0000024443b246a2 sp=0x00000052683f8ba8 mode 2
Event: 6.233 Thread 0x00000244581ee820 Uncommon trap: trap_request=0xffffff45 fr.pc=0x0000024444413cb4 relative=0x0000000000000574
Event: 6.233 Thread 0x00000244581ee820 Uncommon trap: reason=unstable_if action=reinterpret pc=0x0000024444413cb4 method=java.lang.invoke.InvokerBytecodeGenerator.storeInsnOpcode(Ljava/lang/invoke/LambdaForm$BasicType;)I @ 8 c2
Event: 6.233 Thread 0x00000244581ee820 DEOPT PACKING pc=0x0000024444413cb4 sp=0x00000052683f78d0
Event: 6.233 Thread 0x00000244581ee820 DEOPT UNPACKING pc=0x0000024443b246a2 sp=0x00000052683f7818 mode 2
Event: 6.233 Thread 0x00000244581ee820 Uncommon trap: trap_request=0xffffff3d fr.pc=0x00000244442ec96c relative=0x0000000000000c6c
Event: 6.233 Thread 0x00000244581ee820 Uncommon trap: reason=unstable_fused_if action=reinterpret pc=0x00000244442ec96c method=org.objectweb.asm.ByteVector.putUTF8(Ljava/lang/String;)Lorg/objectweb/asm/ByteVector; @ 93 c2
Event: 6.233 Thread 0x00000244581ee820 DEOPT PACKING pc=0x00000244442ec96c sp=0x00000052683f82a0
Event: 6.233 Thread 0x00000244581ee820 DEOPT UNPACKING pc=0x0000024443b246a2 sp=0x00000052683f81f8 mode 2

Classes loaded (20 events):
Event: 5.547 Loading class java/security/CodeSigner
Event: 5.547 Loading class java/security/CodeSigner done
Event: 5.582 Loading class java/util/stream/Streams$RangeIntSpliterator
Event: 5.583 Loading class java/util/stream/Streams$RangeIntSpliterator done
Event: 5.613 Loading class jdk/internal/loader/URLClassPath$FileLoader
Event: 5.613 Loading class jdk/internal/loader/URLClassPath$FileLoader done
Event: 5.615 Loading class jdk/internal/loader/URLClassPath$FileLoader$1
Event: 5.615 Loading class jdk/internal/loader/URLClassPath$FileLoader$1 done
Event: 6.108 Loading class java/lang/invoke/BoundMethodHandle$Species_LLLLLLLLLLLLLLLLLLLLLLLLLLL
Event: 6.108 Loading class java/lang/invoke/BoundMethodHandle$Species_LLLLLLLLLLLLLLLLLLLLLLLLLLL done
Event: 6.110 Loading class java/lang/invoke/BoundMethodHandle$Species_LLLLLLLLLLLLLLLLLLLLLLLLLLLL
Event: 6.110 Loading class java/lang/invoke/BoundMethodHandle$Species_LLLLLLLLLLLLLLLLLLLLLLLLLLLL done
Event: 6.112 Loading class java/lang/invoke/BoundMethodHandle$Species_LLLLLLLLLLLLLLLLLLLLLLLLLLLLL
Event: 6.112 Loading class java/lang/invoke/BoundMethodHandle$Species_LLLLLLLLLLLLLLLLLLLLLLLLLLLLL done
Event: 6.113 Loading class java/lang/invoke/BoundMethodHandle$Species_LLLLLLLLLLLLLLLLLLLLLLLLLLLLLL
Event: 6.113 Loading class java/lang/invoke/BoundMethodHandle$Species_LLLLLLLLLLLLLLLLLLLLLLLLLLLLLL done
Event: 6.115 Loading class java/lang/invoke/BoundMethodHandle$Species_LLLLLLLLLLLLLLLLLLLLLLLLLLLLLLL
Event: 6.115 Loading class java/lang/invoke/BoundMethodHandle$Species_LLLLLLLLLLLLLLLLLLLLLLLLLLLLLLL done
Event: 6.117 Loading class java/lang/invoke/BoundMethodHandle$Species_LLLLLLLLLLLLLLLLLLLLLLLLLLLLLLLL
Event: 6.117 Loading class java/lang/invoke/BoundMethodHandle$Species_LLLLLLLLLLLLLLLLLLLLLLLLLLLLLLLL done

Classes unloaded (0 events):
No events

Classes redefined (0 events):
No events

Internal exceptions (20 events):
Event: 5.988 Thread 0x00000244581ee820 Exception <a 'java/lang/NoSuchMethodError'{0x0000000083d8e8b0}: 'java.lang.Object java.lang.invoke.Invokers$Holder.linkToTargetMethod(java.lang.Object, java.lang.Object, java.lang.Object, java.lang.Object, java.lang.Object, java.lang.Object, java.lang.Object, java.lang.Object, java.lang.Object, java.lang.Object, java.lang.Object, java.lang.Object)'> (0x0000000083d8e8b0) 
thrown [s\src\hotspot\share\interpreter\linkResolver.cpp, line 784]
Event: 6.007 Thread 0x00000244581ee820 Exception <a 'java/lang/NoSuchMethodError'{0x0000000083c2c798}: 'java.lang.Object java.lang.invoke.DirectMethodHandle$Holder.newInvokeSpecial(java.lang.Object, java.lang.Object, java.lang.Object, java.lang.Object, java.lang.Object, java.lang.Object, java.lang.Object, java.lang.Object, java.lang.Object, java.lang.Object, java.lang.Object, java.lang.Object, java.lang.Object, java.lang.Object, java.lang.Object)'> (0x0000000083c2c798) 
thrown [s\src\hotspot\share\interpreter\linkResolver.cpp, line 784]
Event: 6.007 Thread 0x00000244581ee820 Exception <a 'java/lang/NoSuchMethodError'{0x0000000083c32b78}: 'java.lang.Object java.lang.invoke.DirectMethodHandle$Holder.invokeSpecial(java.lang.Object, java.lang.Object, java.lang.Object, java.lang.Object, java.lang.Object, java.lang.Object, java.lang.Object, java.lang.Object, java.lang.Object, java.lang.Object, java.lang.Object, java.lang.Object, java.lang.Object, java.lang.Object, java.lang.Object, java.lang.Object)'> (0x0000000083c32b78) 
thrown [s\src\hotspot\share\interpreter\linkResolver.cpp, li
Event: 6.007 Thread 0x00000244581ee820 Exception <a 'java/lang/NoSuchMethodError'{0x0000000083c37df8}: 'java.lang.Object java.lang.invoke.DelegatingMethodHandle$Holder.reinvoke_L(java.lang.Object, java.lang.Object, java.lang.Object, java.lang.Object, java.lang.Object, java.lang.Object, java.lang.Object, java.lang.Object, java.lang.Object, java.lang.Object, java.lang.Object, java.lang.Object, java.lang.Object, java.lang.Object, java.lang.Object)'> (0x0000000083c37df8) 
thrown [s\src\hotspot\share\interpreter\linkResolver.cpp, line 784]
Event: 6.103 Thread 0x00000244581ee820 Exception <a 'java/lang/NoSuchMethodError'{0x00000000837c09e0}: 'java.lang.Object java.lang.invoke.DelegatingMethodHandle$Holder.reinvoke_L(java.lang.Object, java.lang.Object, java.lang.Object, java.lang.Object, java.lang.Object, java.lang.Object, java.lang.Object, java.lang.Object, java.lang.Object, java.lang.Object, java.lang.Object, java.lang.Object, java.lang.Object, java.lang.Object, java.lang.Object, java.lang.Object, java.lang.Object, java.lang.Object, java.lang.Object, java.lang.Object, java.lang.O
Event: 6.110 Thread 0x00000244581ee820 Exception <a 'java/lang/NoSuchMethodError'{0x00000000836c20a0}: 'java.lang.Object java.lang.invoke.DirectMethodHandle$Holder.invokeStatic(java.lang.Object, java.lang.Object, java.lang.Object, java.lang.Object, java.lang.Object, java.lang.Object, java.lang.Object, java.lang.Object, java.lang.Object, java.lang.Object, java.lang.Object, java.lang.Object, java.lang.Object, java.lang.Object, java.lang.Object, java.lang.Object, java.lang.Object, java.lang.Object, java.lang.Object, java.lang.Object, java.lang.Obj
Event: 6.111 Thread 0x00000244581ee820 Exception <a 'java/lang/NoSuchMethodError'{0x00000000836faf60}: 'java.lang.Object java.lang.invoke.DirectMethodHandle$Holder.invokeStatic(java.lang.Object, java.lang.Object, java.lang.Object, java.lang.Object, java.lang.Object, java.lang.Object, java.lang.Object, java.lang.Object, java.lang.Object, java.lang.Object, java.lang.Object, java.lang.Object, java.lang.Object, java.lang.Object, java.lang.Object, java.lang.Object, java.lang.Object, java.lang.Object, java.lang.Object, java.lang.Object, java.lang.Obj
Event: 6.113 Thread 0x00000244581ee820 Exception <a 'java/lang/NoSuchMethodError'{0x0000000083536a68}: 'java.lang.Object java.lang.invoke.DirectMethodHandle$Holder.invokeStatic(java.lang.Object, java.lang.Object, java.lang.Object, java.lang.Object, java.lang.Object, java.lang.Object, java.lang.Object, java.lang.Object, java.lang.Object, java.lang.Object, java.lang.Object, java.lang.Object, java.lang.Object, java.lang.Object, java.lang.Object, java.lang.Object, java.lang.Object, java.lang.Object, java.lang.Object, java.lang.Object, java.lang.Obj
Event: 6.115 Thread 0x00000244581ee820 Exception <a 'java/lang/NoSuchMethodError'{0x0000000083573560}: 'java.lang.Object java.lang.invoke.DirectMethodHandle$Holder.invokeStatic(java.lang.Object, java.lang.Object, java.lang.Object, java.lang.Object, java.lang.Object, java.lang.Object, java.lang.Object, java.lang.Object, java.lang.Object, java.lang.Object, java.lang.Object, java.lang.Object, java.lang.Object, java.lang.Object, java.lang.Object, java.lang.Object, java.lang.Object, java.lang.Object, java.lang.Object, java.lang.Object, java.lang.Obj
Event: 6.116 Thread 0x00000244581ee820 Exception <a 'java/lang/NoSuchMethodError'{0x00000000835b1658}: 'java.lang.Object java.lang.invoke.DirectMethodHandle$Holder.invokeStatic(java.lang.Object, java.lang.Object, java.lang.Object, java.lang.Object, java.lang.Object, java.lang.Object, java.lang.Object, java.lang.Object, java.lang.Object, java.lang.Object, java.lang.Object, java.lang.Object, java.lang.Object, java.lang.Object, java.lang.Object, java.lang.Object, java.lang.Object, java.lang.Object, java.lang.Object, java.lang.Object, java.lang.Obj
Event: 6.118 Thread 0x00000244581ee820 Exception <a 'java/lang/NoSuchMethodError'{0x00000000835f1330}: 'java.lang.Object java.lang.invoke.DirectMethodHandle$Holder.invokeStatic(java.lang.Object, java.lang.Object, java.lang.Object, java.lang.Object, java.lang.Object, java.lang.Object, java.lang.Object, java.lang.Object, java.lang.Object, java.lang.Object, java.lang.Object, java.lang.Object, java.lang.Object, java.lang.Object, java.lang.Object, java.lang.Object, java.lang.Object, java.lang.Object, java.lang.Object, java.lang.Object, java.lang.Obj
Event: 6.131 Thread 0x00000244581ee820 Exception <a 'java/lang/NoSuchMethodError'{0x00000000834be8f8}: 'java.lang.Object java.lang.invoke.DirectMethodHandle$Holder.newInvokeSpecial(java.lang.Object, java.lang.Object, java.lang.Object, java.lang.Object, java.lang.Object, java.lang.Object, java.lang.Object, java.lang.Object, java.lang.Object, java.lang.Object, java.lang.Object, java.lang.Object, java.lang.Object, java.lang.Object, java.lang.Object, java.lang.Object, java.lang.Object, java.lang.Object)'> (0x00000000834be8f8) 
thrown [s\src\hotspot
Event: 6.132 Thread 0x00000244581ee820 Exception <a 'java/lang/NoSuchMethodError'{0x00000000834c52e0}: 'java.lang.Object java.lang.invoke.DirectMethodHandle$Holder.invokeSpecial(java.lang.Object, java.lang.Object, java.lang.Object, java.lang.Object, java.lang.Object, java.lang.Object, java.lang.Object, java.lang.Object, java.lang.Object, java.lang.Object, java.lang.Object, java.lang.Object, java.lang.Object, java.lang.Object, java.lang.Object, java.lang.Object, java.lang.Object, java.lang.Object, java.lang.Object)'> (0x00000000834c52e0) 
thrown
Event: 6.132 Thread 0x00000244581ee820 Exception <a 'java/lang/NoSuchMethodError'{0x00000000834ca998}: 'java.lang.Object java.lang.invoke.DelegatingMethodHandle$Holder.reinvoke_L(java.lang.Object, java.lang.Object, java.lang.Object, java.lang.Object, java.lang.Object, java.lang.Object, java.lang.Object, java.lang.Object, java.lang.Object, java.lang.Object, java.lang.Object, java.lang.Object, java.lang.Object, java.lang.Object, java.lang.Object, java.lang.Object, java.lang.Object, java.lang.Object)'> (0x00000000834ca998) 
thrown [s\src\hotspot\s
Event: 6.198 Thread 0x00000244581ee820 Exception <a 'java/lang/NoSuchMethodError'{0x0000000082f2cd58}: 'java.lang.Object java.lang.invoke.DirectMethodHandle$Holder.invokeVirtual(java.lang.Object, java.lang.Object, java.lang.Object, java.lang.Object, java.lang.Object, java.lang.Object, java.lang.Object, java.lang.Object, java.lang.Object, java.lang.Object, java.lang.Object, java.lang.Object, java.lang.Object, java.lang.Object, java.lang.Object)'> (0x0000000082f2cd58) 
thrown [s\src\hotspot\share\interpreter\linkResolver.cpp, line 784]
Event: 6.208 Thread 0x00000244581ee820 Exception <a 'java/lang/NoSuchMethodError'{0x0000000082e04c50}: 'java.lang.Object java.lang.invoke.DirectMethodHandle$Holder.newInvokeSpecial(java.lang.Object, java.lang.Object, java.lang.Object, java.lang.Object, java.lang.Object, java.lang.Object, java.lang.Object, java.lang.Object, java.lang.Object, java.lang.Object, java.lang.Object, java.lang.Object, java.lang.Object)'> (0x0000000082e04c50) 
thrown [s\src\hotspot\share\interpreter\linkResolver.cpp, line 784]
Event: 6.267 Thread 0x00000244581ee820 Exception <a 'java/lang/NoSuchMethodError'{0x000000008da30c58}: 'java.lang.Object java.lang.invoke.DirectMethodHandle$Holder.newInvokeSpecial(java.lang.Object, java.lang.Object, java.lang.Object, java.lang.Object, int)'> (0x000000008da30c58) 
thrown [s\src\hotspot\share\interpreter\linkResolver.cpp, line 784]
Event: 6.267 Thread 0x00000244581ee820 Exception <a 'java/lang/NoSuchMethodError'{0x000000008da35c50}: 'java.lang.Object java.lang.invoke.DirectMethodHandle$Holder.invokeSpecial(java.lang.Object, java.lang.Object, java.lang.Object, java.lang.Object, java.lang.Object, int)'> (0x000000008da35c50) 
thrown [s\src\hotspot\share\interpreter\linkResolver.cpp, line 784]
Event: 6.267 Thread 0x00000244581ee820 Exception <a 'java/lang/NoSuchMethodError'{0x000000008da3a3d0}: 'java.lang.Object java.lang.invoke.Invokers$Holder.linkToTargetMethod(java.lang.Object, java.lang.Object, java.lang.Object, int, java.lang.Object)'> (0x000000008da3a3d0) 
thrown [s\src\hotspot\share\interpreter\linkResolver.cpp, line 784]
Event: 7.316 Thread 0x00000244581ee820 Exception <a 'java/lang/NoSuchMethodError'{0x000000008d84ac20}: 'int java.lang.invoke.DirectMethodHandle$Holder.invokeInterface(java.lang.Object, java.lang.Object, java.lang.Object, java.lang.Object)'> (0x000000008d84ac20) 
thrown [s\src\hotspot\share\interpreter\linkResolver.cpp, line 784]

ZGC Phase Switch (0 events):
No events

VM Operations (20 events):
Event: 4.951 Executing VM operation: G1CollectForAllocation (G1 Evacuation Pause)
Event: 4.955 Executing VM operation: G1CollectForAllocation (G1 Evacuation Pause) done
Event: 4.967 Executing VM operation: G1TryInitiateConcMark (G1 Humongous Allocation)
Event: 4.970 Executing VM operation: G1TryInitiateConcMark (G1 Humongous Allocation) done
Event: 4.971 Executing VM operation: G1TryInitiateConcMark (G1 Humongous Allocation)
Event: 4.973 Executing VM operation: G1TryInitiateConcMark (G1 Humongous Allocation) done
Event: 5.268 Executing VM operation: HandshakeAllThreads (Deoptimize)
Event: 5.269 Executing VM operation: HandshakeAllThreads (Deoptimize) done
Event: 5.323 Executing VM operation: HandshakeAllThreads (Deoptimize)
Event: 5.324 Executing VM operation: HandshakeAllThreads (Deoptimize) done
Event: 6.223 Executing VM operation: G1CollectForAllocation (G1 Evacuation Pause)
Event: 6.226 Executing VM operation: G1CollectForAllocation (G1 Evacuation Pause) done
Event: 6.255 Executing VM operation: HandshakeAllThreads (Deoptimize)
Event: 6.255 Executing VM operation: HandshakeAllThreads (Deoptimize) done
Event: 7.258 Executing VM operation: Cleanup
Event: 7.305 Executing VM operation: Cleanup done
Event: 7.314 Executing VM operation: HandshakeAllThreads (Deoptimize)
Event: 7.314 Executing VM operation: HandshakeAllThreads (Deoptimize) done
Event: 8.315 Executing VM operation: Cleanup
Event: 8.315 Executing VM operation: Cleanup done

Memory protections (0 events):
No events

Nmethod flushes (20 events):
Event: 4.064 Thread 0x000002445179ec10 flushing  nmethod 0x000002443c778610
Event: 4.064 Thread 0x000002445179ec10 flushing  nmethod 0x000002443c779410
Event: 4.064 Thread 0x000002445179ec10 flushing  nmethod 0x000002443c779910
Event: 4.064 Thread 0x000002445179ec10 flushing  nmethod 0x000002443c77bb10
Event: 4.064 Thread 0x000002445179ec10 flushing  nmethod 0x000002443c7e1f90
Event: 4.064 Thread 0x000002445179ec10 flushing  nmethod 0x000002443c7e2610
Event: 4.064 Thread 0x000002445179ec10 flushing  nmethod 0x000002443c7e2b10
Event: 4.064 Thread 0x000002445179ec10 flushing  nmethod 0x000002443c7e2e90
Event: 4.064 Thread 0x000002445179ec10 flushing  nmethod 0x000002443c7e6090
Event: 4.064 Thread 0x000002445179ec10 flushing  nmethod 0x000002443c7e6e90
Event: 4.064 Thread 0x000002445179ec10 flushing  nmethod 0x000002443c7e9910
Event: 4.064 Thread 0x000002445179ec10 flushing  nmethod 0x000002443c7eb090
Event: 4.064 Thread 0x000002445179ec10 flushing  nmethod 0x000002443c7eb590
Event: 4.064 Thread 0x000002445179ec10 flushing  nmethod 0x000002443c84b110
Event: 4.064 Thread 0x000002445179ec10 flushing  nmethod 0x000002443c9a3490
Event: 4.064 Thread 0x000002445179ec10 flushing  nmethod 0x000002443c9e4090
Event: 4.064 Thread 0x000002445179ec10 flushing  nmethod 0x000002443ca58910
Event: 4.064 Thread 0x000002445179ec10 flushing  nmethod 0x000002443ca5d690
Event: 4.064 Thread 0x000002445179ec10 flushing  nmethod 0x000002443cad3210
Event: 4.064 Thread 0x000002445179ec10 flushing osr nmethod 0x000002443cb65510

Events (20 events):
Event: 2.310 Thread 0x00000244581ee820 Thread added: 0x00000244582d8110
Event: 2.313 Thread 0x00000244581ee820 Thread added: 0x00000244582d6040
Event: 2.315 Thread 0x00000244581ee820 Thread added: 0x00000244582d66d0
Event: 2.590 Thread 0x000002445637e400 Thread exited: 0x000002445637e400
Event: 2.757 Thread 0x00000244581ee820 Thread added: 0x00000244582d94c0
Event: 2.767 Thread 0x00000244581ee820 Thread added: 0x00000244582d6d60
Event: 2.797 Thread 0x00000244581ee820 Thread added: 0x00000244582d7a80
Event: 3.750 Thread 0x00000244581ee820 Thread added: 0x00000244582d87a0
Event: 3.771 Thread 0x00000244581ee820 Thread added: 0x00000244582d73f0
Event: 3.954 Thread 0x00000244581ee820 Thread added: 0x00000244582d8e30
Event: 3.959 Thread 0x00000244581ee820 Thread added: 0x0000024459101d00
Event: 5.560 Thread 0x000002445637d660 Thread exited: 0x000002445637d660
Event: 5.711 Thread 0x00000244581ee820 Thread added: 0x00000244590fef10
Event: 5.760 Thread 0x00000244581ee820 Thread added: 0x00000244590ffc30
Event: 6.002 Thread 0x00000244581ee820 Thread added: 0x00000244591002c0
Event: 6.080 Thread 0x00000244581ee820 Thread added: 0x0000024459102a20
Event: 7.305 Thread 0x0000024451af3fd0 Thread exited: 0x0000024451af3fd0
Event: 7.305 Thread 0x0000024451af1100 Thread exited: 0x0000024451af1100
Event: 7.305 Thread 0x0000024451af0a60 Thread exited: 0x0000024451af0a60
Event: 7.475 Thread 0x00000244563085d0 Thread exited: 0x00000244563085d0


Dynamic libraries:
0x00007ff727c70000 - 0x00007ff727c7a000 	C:\Program Files\Android\Android Studio\jbr\bin\java.exe
0x00007ffe251e0000 - 0x00007ffe25448000 	C:\WINDOWS\SYSTEM32\ntdll.dll
0x00007ffe24a60000 - 0x00007ffe24b29000 	C:\WINDOWS\System32\KERNEL32.DLL
0x00007ffe22810000 - 0x00007ffe22c02000 	C:\WINDOWS\System32\KERNELBASE.dll
0x00007ffe22e60000 - 0x00007ffe22fab000 	C:\WINDOWS\System32\ucrtbase.dll
0x00007ffdafb80000 - 0x00007ffdafb98000 	C:\Program Files\Android\Android Studio\jbr\bin\jli.dll
0x00007ffdba940000 - 0x00007ffdba95b000 	C:\Program Files\Android\Android Studio\jbr\bin\VCRUNTIME140.dll
0x00007ffe24f00000 - 0x00007ffe250c5000 	C:\WINDOWS\System32\USER32.dll
0x00007ffe22c10000 - 0x00007ffe22c37000 	C:\WINDOWS\System32\win32u.dll
0x00007ffe112f0000 - 0x00007ffe11583000 	C:\WINDOWS\WinSxS\amd64_microsoft.windows.common-controls_6595b64144ccf1df_6.0.26100.6725_none_3e085828e334708b\COMCTL32.dll
0x00007ffe250d0000 - 0x00007ffe25179000 	C:\WINDOWS\System32\msvcrt.dll
0x00007ffe24bf0000 - 0x00007ffe24c1b000 	C:\WINDOWS\System32\GDI32.dll
0x00007ffe22370000 - 0x00007ffe2249d000 	C:\WINDOWS\System32\gdi32full.dll
0x00007ffe22db0000 - 0x00007ffe22e53000 	C:\WINDOWS\System32\msvcp_win.dll
0x00007ffe23a20000 - 0x00007ffe23a4f000 	C:\WINDOWS\System32\IMM32.DLL
0x00007ffdbe470000 - 0x00007ffdbe47c000 	C:\Program Files\Android\Android Studio\jbr\bin\vcruntime140_1.dll
0x00007ffd70490000 - 0x00007ffd7051d000 	C:\Program Files\Android\Android Studio\jbr\bin\msvcp140.dll
0x00007ffdba9f0000 - 0x00007ffdbb67b000 	C:\Program Files\Android\Android Studio\jbr\bin\server\jvm.dll
0x00007ffe247e0000 - 0x00007ffe24894000 	C:\WINDOWS\System32\ADVAPI32.dll
0x00007ffe24b30000 - 0x00007ffe24bd6000 	C:\WINDOWS\System32\sechost.dll
0x00007ffe22fb0000 - 0x00007ffe230c8000 	C:\WINDOWS\System32\RPCRT4.dll
0x00007ffe24e80000 - 0x00007ffe24ef4000 	C:\WINDOWS\System32\WS2_32.dll
0x00007ffe221f0000 - 0x00007ffe2224e000 	C:\WINDOWS\SYSTEM32\POWRPROF.dll
0x00007ffe167c0000 - 0x00007ffe167f5000 	C:\WINDOWS\SYSTEM32\WINMM.dll
0x00007ffe1bb40000 - 0x00007ffe1bb4b000 	C:\WINDOWS\SYSTEM32\VERSION.dll
0x00007ffe221b0000 - 0x00007ffe221c4000 	C:\WINDOWS\SYSTEM32\UMPDC.dll
0x00007ffe21140000 - 0x00007ffe2115b000 	C:\WINDOWS\SYSTEM32\kernel.appcore.dll
0x00007ffdba930000 - 0x00007ffdba93a000 	C:\Program Files\Android\Android Studio\jbr\bin\jimage.dll
0x00007ffe1f770000 - 0x00007ffe1f9b2000 	C:\WINDOWS\SYSTEM32\DBGHELP.DLL
0x00007ffe23ec0000 - 0x00007ffe2423b000 	C:\WINDOWS\System32\combase.dll
0x00007ffe24240000 - 0x00007ffe24317000 	C:\WINDOWS\System32\OLEAUT32.dll
0x00007ffe124f0000 - 0x00007ffe1252c000 	C:\WINDOWS\SYSTEM32\dbgcore.DLL
0x00007ffe22770000 - 0x00007ffe22808000 	C:\WINDOWS\System32\bcryptPrimitives.dll
0x00007ffdb7ae0000 - 0x00007ffdb7aee000 	C:\Program Files\Android\Android Studio\jbr\bin\instrument.dll
0x00007ffdba910000 - 0x00007ffdba930000 	C:\Program Files\Android\Android Studio\jbr\bin\java.dll
0x00007ffdba8f0000 - 0x00007ffdba908000 	C:\Program Files\Android\Android Studio\jbr\bin\zip.dll
0x00007ffe230d0000 - 0x00007ffe2381c000 	C:\WINDOWS\System32\SHELL32.dll
0x00007ffe22c40000 - 0x00007ffe22dab000 	C:\WINDOWS\System32\wintypes.dll
0x00007ffe20000000 - 0x00007ffe2085d000 	C:\WINDOWS\SYSTEM32\windows.storage.dll
0x00007ffe23830000 - 0x00007ffe23922000 	C:\WINDOWS\System32\SHCORE.dll
0x00007ffe23930000 - 0x00007ffe23992000 	C:\WINDOWS\System32\shlwapi.dll
0x00007ffe22290000 - 0x00007ffe222b9000 	C:\WINDOWS\SYSTEM32\profapi.dll
0x00007ffdb8ea0000 - 0x00007ffdb8eb0000 	C:\Program Files\Android\Android Studio\jbr\bin\net.dll
0x00007ffe1a3c0000 - 0x00007ffe1a4df000 	C:\WINDOWS\SYSTEM32\WINHTTP.dll
0x00007ffe216b0000 - 0x00007ffe2171b000 	C:\WINDOWS\system32\mswsock.dll
0x00007ffdb8e80000 - 0x00007ffdb8e96000 	C:\Program Files\Android\Android Studio\jbr\bin\nio.dll
0x00007ffe11da0000 - 0x00007ffe11db0000 	C:\Program Files\Android\Android Studio\jbr\bin\verify.dll
0x00007ffe1ac50000 - 0x00007ffe1ac77000 	C:\Users\Haqii\.gradle\native\1def1411415f61bf3af743bc5b6707747c0891f09f0c88961ee8f79bc544acac\windows-amd64\native-platform.dll
0x00007ffd72a70000 - 0x00007ffd72ae8000 	C:\Users\Haqii\.gradle\native\0.2.7\x86_64-windows-gnu\gradle-fileevents.dll
0x00007ffdb4000000 - 0x00007ffdb4009000 	C:\Program Files\Android\Android Studio\jbr\bin\management.dll
0x00007ffdb3ff0000 - 0x00007ffdb3ffb000 	C:\Program Files\Android\Android Studio\jbr\bin\management_ext.dll
0x00007ffe23eb0000 - 0x00007ffe23eb8000 	C:\WINDOWS\System32\PSAPI.DLL
0x00007ffe20b60000 - 0x00007ffe20b94000 	C:\WINDOWS\SYSTEM32\IPHLPAPI.DLL
0x00007ffe23820000 - 0x00007ffe2382a000 	C:\WINDOWS\System32\NSI.dll
0x00007ffdb4710000 - 0x00007ffdb4719000 	C:\Program Files\Android\Android Studio\jbr\bin\extnet.dll
0x00007ffe21960000 - 0x00007ffe2197b000 	C:\WINDOWS\SYSTEM32\CRYPTSP.dll
0x00007ffe210a0000 - 0x00007ffe210db000 	C:\WINDOWS\system32\rsaenh.dll
0x00007ffe21750000 - 0x00007ffe2177b000 	C:\WINDOWS\SYSTEM32\USERENV.dll
0x00007ffe22260000 - 0x00007ffe22286000 	C:\WINDOWS\SYSTEM32\bcrypt.dll
0x00007ffe21980000 - 0x00007ffe2198c000 	C:\WINDOWS\SYSTEM32\CRYPTBASE.dll
0x00007ffdb3f90000 - 0x00007ffdb3f98000 	C:\WINDOWS\system32\wshunix.dll

dbghelp: loaded successfully - version: 4.0.5 - missing functions: none
symbol engine: initialized successfully - sym options: 0x614 - pdb path: .;C:\Program Files\Android\Android Studio\jbr\bin;C:\WINDOWS\SYSTEM32;C:\WINDOWS\WinSxS\amd64_microsoft.windows.common-controls_6595b64144ccf1df_6.0.26100.6725_none_3e085828e334708b;C:\Program Files\Android\Android Studio\jbr\bin\server;C:\Users\Haqii\.gradle\native\1def1411415f61bf3af743bc5b6707747c0891f09f0c88961ee8f79bc544acac\windows-amd64;C:\Users\Haqii\.gradle\native\0.2.7\x86_64-windows-gnu

VM Arguments:
jvm_args: --add-opens=java.base/java.lang=ALL-UNNAMED --add-opens=java.base/java.lang.invoke=ALL-UNNAMED --add-opens=java.base/java.util=ALL-UNNAMED --add-opens=java.prefs/java.util.prefs=ALL-UNNAMED --add-exports=jdk.compiler/com.sun.tools.javac.api=ALL-UNNAMED --add-exports=jdk.compiler/com.sun.tools.javac.util=ALL-UNNAMED --add-opens=java.base/java.util=ALL-UNNAMED --add-opens=java.prefs/java.util.prefs=ALL-UNNAMED --add-opens=java.base/java.nio.charset=ALL-UNNAMED --add-opens=java.base/java.net=ALL-UNNAMED --add-opens=java.base/java.util.concurrent.atomic=ALL-UNNAMED --add-opens=java.xml/javax.xml.namespace=ALL-UNNAMED -Xmx2048m -Dfile.encoding=UTF-8 -Duser.country=ID -Duser.language=en -Duser.variant -javaagent:C:\Users\Haqii\.gradle\wrapper\dists\gradle-8.13-bin\5xuhj0ry160q40clulazy9h7d\gradle-8.13\lib\agents\gradle-instrumentation-agent-8.13.jar 
java_command: org.gradle.launcher.daemon.bootstrap.GradleDaemon 8.13
java_class_path (initial): C:\Users\Haqii\.gradle\wrapper\dists\gradle-8.13-bin\5xuhj0ry160q40clulazy9h7d\gradle-8.13\lib\gradle-daemon-main-8.13.jar
Launcher Type: SUN_STANDARD

[Global flags]
     intx CICompilerCount                          = 12                                        {product} {ergonomic}
     uint ConcGCThreads                            = 3                                         {product} {ergonomic}
     uint G1ConcRefinementThreads                  = 13                                        {product} {ergonomic}
   size_t G1HeapRegionSize                         = 1048576                                   {product} {ergonomic}
    uintx GCDrainStackTargetSize                   = 64                                        {product} {ergonomic}
   size_t InitialHeapSize                          = 255852544                                 {product} {ergonomic}
   size_t MarkStackSize                            = 4194304                                   {product} {ergonomic}
   size_t MaxHeapSize                              = 2147483648                                {product} {command line}
   size_t MaxNewSize                               = 1287651328                                {product} {ergonomic}
   size_t MinHeapDeltaBytes                        = 1048576                                   {product} {ergonomic}
   size_t MinHeapSize                              = 8388608                                   {product} {ergonomic}
    uintx NonNMethodCodeHeapSize                   = 7602480                                {pd product} {ergonomic}
    uintx NonProfiledCodeHeapSize                  = 122027880                              {pd product} {ergonomic}
    uintx ProfiledCodeHeapSize                     = 122027880                              {pd product} {ergonomic}
    uintx ReservedCodeCacheSize                    = 251658240                              {pd product} {ergonomic}
     bool SegmentedCodeCache                       = true                                      {product} {ergonomic}
   size_t SoftMaxHeapSize                          = 2147483648                             {manageable} {ergonomic}
     bool UseCompressedOops                        = true                           {product lp64_product} {ergonomic}
     bool UseG1GC                                  = true                                      {product} {ergonomic}
     bool UseLargePagesIndividualAllocation        = false                                  {pd product} {ergonomic}

Logging:
Log output configuration:
 #0: stdout all=warning uptime,level,tags foldmultilines=false
 #1: stderr all=off uptime,level,tags foldmultilines=false

Environment Variables:
PATH=C:\Program Files\Common Files\Oracle\Java\javapath;C:\Program Files (x86)\Common Files\Oracle\Java\java8path;C:\Program Files (x86)\Common Files\Oracle\Java\javapath;C:\WINDOWS\system32;C:\WINDOWS;C:\WINDOWS\System32\Wbem;C:\WINDOWS\System32\WindowsPowerShell\v1.0\;C:\WINDOWS\System32\OpenSSH\;C:\xampp\php;C:\ProgramData\ComposerSetup\bin;C:\Program Files\Git\cmd;C:\Program Files\dotnet\;C:\ProgramData\chocolatey\bin;C:\Program Files\Neovim\bin;C:\Program Files\nodejs\;C:\Program Files\Common Files\Oracle\Java\javapath;C:\Windows\system32;C:\Windows;C:\Windows\System32\Wbem;C:\Windows\System32\WindowsPowerShell\v1.0\;C:\Windows\System32\OpenSSH\;C:\xampp\php;C:\ProgramData\ComposerSetup\bin;C:\Program Files\nodejs\;C:\Program Files\Git\cmd;C:\Program Files\dotnet\;C:\ProgramData\chocolatey\bin;c:\Users\Haqii\AppData\Local\Programs\cursor\resources\app\codeBin;C:\Users\Haqii\AppData\Local\Programs\Python\Launcher\;C:\Users\Haqii\AppData\Local\Microsoft\WindowsApps;C:\Users\Haqii\AppData\Local\Programs\Microsoft VS Code\bin;C:\Users\Haqii\AppData\Roaming\Composer\vendor\bin;C:\msys64\ucrt64\bin;C:\Users\Haqii\AppData\Local\spicetify;C:\Users\Haqii\.deno\bin;C:\Android\cmdline-tools\latest\bin;C:\Android\platform-tools;C:\Android\emulator;C:\Users\Haqii\AppData\Roaming\npm;C:\Users\Haqii\AppData\Local\Microsoft\WindowsApps
USERNAME=Haqii
OS=Windows_NT
PROCESSOR_IDENTIFIER=AMD64 Family 25 Model 68 Stepping 1, AuthenticAMD
TMP=C:\Users\Haqii\AppData\Local\Temp
TEMP=C:\Users\Haqii\AppData\Local\Temp




Periodic native trim disabled

JNI global refs:
JNI global refs: 32, weak refs: 1

JNI global refs memory usage: 835, weak refs: 833

Process memory usage:
Resident Set Size: 318684K (1% of 15988352K total physical memory with 1757764K free physical memory)

OOME stack traces (most recent first):
Classloader memory used:
Loader org.gradle.internal.classloader.VisitableURLClassLoader                         : 24101K
Loader bootstrap                                                                       : 21555K
Loader org.gradle.initialization.MixInLegacyTypesClassLoader                           : 4532K
Loader jdk.internal.loader.ClassLoaders$PlatformClassLoader                            : 511K
Loader jdk.internal.loader.ClassLoaders$AppClassLoader                                 : 235K
Loader org.gradle.internal.classloader.VisitableURLClassLoader                         : 3608B

Classes loaded by more than one classloader:
Class org.gradle.internal.classloader.FilteringClassLoader                            : loaded 2 times (x 101B)
Class org.gradle.internal.classloader.ClassLoaderHierarchy                            : loaded 2 times (x 66B)
Class org.gradle.api.internal.classpath.ManifestUtil                                  : loaded 2 times (x 67B)
Class org.gradle.internal.classloader.DefaultClassLoaderFactory                       : loaded 2 times (x 78B)
Class org.gradle.internal.classloader.ClassLoaderVisitor                              : loaded 2 times (x 72B)
Class org.gradle.api.internal.classpath.EffectiveClassPath                            : loaded 2 times (x 86B)
Class org.gradle.api.internal.DefaultClassPathProvider                                : loaded 2 times (x 72B)
Class [Lorg.gradle.api.internal.ClassPathProvider;                                    : loaded 2 times (x 65B)
Class org.gradle.api.internal.ClassPathProvider                                       : loaded 2 times (x 66B)
Class org.gradle.internal.service.UnknownServiceException                             : loaded 2 times (x 79B)
Class org.gradle.internal.classpath.TransformedClassPath                              : loaded 2 times (x 92B)
Class org.gradle.internal.classloader.InstrumentingClassLoader                        : loaded 2 times (x 66B)
Class org.gradle.internal.service.ServiceLocator                                      : loaded 2 times (x 66B)
Class org.gradle.internal.InternalTransformer                                         : loaded 2 times (x 66B)
Class org.gradle.internal.classloader.ClasspathUtil$1                                 : loaded 2 times (x 72B)
Class org.gradle.api.internal.classpath.DefaultModuleRegistry$DefaultModule           : loaded 2 times (x 82B)
Class org.gradle.api.internal.classpath.Module                                        : loaded 2 times (x 66B)
Class org.gradle.api.internal.classpath.UnknownModuleException                        : loaded 2 times (x 78B)
Class org.gradle.api.internal.DefaultClassPathRegistry                                : loaded 2 times (x 72B)
Class org.gradle.api.internal.ClassPathRegistry                                       : loaded 2 times (x 66B)
Class org.gradle.internal.classpath.DefaultClassPath$ImmutableUniqueList              : loaded 2 times (x 195B)
Class org.gradle.internal.classpath.ClassPath                                         : loaded 2 times (x 66B)
Class org.gradle.api.UncheckedIOException                                             : loaded 2 times (x 78B)
Class org.gradle.internal.installation.GradleInstallation$1                           : loaded 2 times (x 71B)
Class org.gradle.api.internal.classpath.ModuleRegistry                                : loaded 2 times (x 66B)
Class org.gradle.api.internal.classpath.DefaultModuleRegistry                         : loaded 2 times (x 82B)
Class org.gradle.internal.service.ServiceLookupException                              : loaded 2 times (x 78B)
Class org.gradle.internal.classloader.ClassLoaderFactory                              : loaded 2 times (x 66B)
Class org.gradle.internal.service.CachingServiceLocator                               : loaded 2 times (x 78B)
Class org.gradle.internal.classloader.ClasspathUtil                                   : loaded 2 times (x 67B)
Class org.gradle.api.specs.Spec                                                       : loaded 2 times (x 66B)
Class org.gradle.internal.classloader.VisitableURLClassLoader$InstrumentingVisitableURLClassLoader: loaded 2 times (x 119B)
Class org.gradle.internal.classloader.VisitableURLClassLoader$Spec                    : loaded 2 times (x 70B)
Class org.gradle.internal.classpath.DefaultClassPath                                  : loaded 2 times (x 86B)
Class org.gradle.internal.classloader.ClassLoaderSpec                                 : loaded 2 times (x 67B)
Class org.gradle.internal.classloader.VisitableURLClassLoader                         : loaded 2 times (x 113B)
Class org.gradle.internal.Cast                                                        : loaded 2 times (x 67B)
Class org.gradle.api.Action                                                           : loaded 2 times (x 66B)
Class org.gradle.internal.classpath.DefaultClassPath$ImmutableUniqueList$Builder      : loaded 2 times (x 71B)
Class org.gradle.api.GradleException                                                  : loaded 2 times (x 78B)
Class org.gradle.internal.IoActions                                                   : loaded 2 times (x 67B)
Class org.gradle.internal.classloader.SystemClassLoaderSpec                           : loaded 2 times (x 67B)
Class org.gradle.api.internal.classpath.GlobalCacheRootsProvider                      : loaded 2 times (x 66B)
Class org.gradle.internal.installation.CurrentGradleInstallationLocator               : loaded 2 times (x 67B)
Class org.gradle.internal.service.DefaultServiceLocator                               : loaded 2 times (x 79B)
Class org.gradle.internal.installation.CurrentGradleInstallation                      : loaded 2 times (x 69B)
Class org.gradle.util.internal.GUtil                                                  : loaded 2 times (x 67B)
Class org.gradle.internal.installation.GradleInstallation                             : loaded 2 times (x 71B)

---------------  S Y S T E M  ---------------

OS:
 Windows 11 , 64 bit Build 26100 (10.0.26100.6725)
OS uptime: 0 days 1:18 hours

CPU: total 16 (initial active 16) (16 cores per cpu, 2 threads per core) family 25 model 68 stepping 1 microcode 0xa404102, cx8, cmov, fxsr, ht, mmx, 3dnowpref, sse, sse2, sse3, ssse3, sse4a, sse4.1, sse4.2, popcnt, lzcnt, tsc, tscinvbit, avx, avx2, aes, erms, clmul, bmi1, bmi2, adx, sha, fma, vzeroupper, clflush, clflushopt, rdtscp, rdpid, fsrm, f16c, pku, cet_ss
Processor Information for processor 0
  Max Mhz: 3201, Current Mhz: 3201, Mhz Limit: 3201
Processor Information for processor 1
  Max Mhz: 3201, Current Mhz: 2502, Mhz Limit: 3201
Processor Information for processor 2
  Max Mhz: 3201, Current Mhz: 1804, Mhz Limit: 3201
Processor Information for processor 3
  Max Mhz: 3201, Current Mhz: 1804, Mhz Limit: 3201
Processor Information for processor 4
  Max Mhz: 3201, Current Mhz: 1804, Mhz Limit: 3201
Processor Information for processor 5
  Max Mhz: 3201, Current Mhz: 3201, Mhz Limit: 3201
Processor Information for processor 6
  Max Mhz: 3201, Current Mhz: 3201, Mhz Limit: 3201
Processor Information for processor 7
  Max Mhz: 3201, Current Mhz: 1804, Mhz Limit: 3201
Processor Information for processor 8
  Max Mhz: 3201, Current Mhz: 1804, Mhz Limit: 3201
Processor Information for processor 9
  Max Mhz: 3201, Current Mhz: 3201, Mhz Limit: 3201
Processor Information for processor 10
  Max Mhz: 3201, Current Mhz: 1804, Mhz Limit: 3201
Processor Information for processor 11
  Max Mhz: 3201, Current Mhz: 3201, Mhz Limit: 3201
Processor Information for processor 12
  Max Mhz: 3201, Current Mhz: 1804, Mhz Limit: 3201
Processor Information for processor 13
  Max Mhz: 3201, Current Mhz: 2502, Mhz Limit: 3201
Processor Information for processor 14
  Max Mhz: 3201, Current Mhz: 1804, Mhz Limit: 3201
Processor Information for processor 15
  Max Mhz: 3201, Current Mhz: 1804, Mhz Limit: 3201

Memory: 4k page, system-wide physical 15613M (1716M free)
TotalPageFile size 28925M (AvailPageFile size 32M)
current process WorkingSet (physical memory assigned to process): 311M, peak: 311M
current process commit charge ("private bytes"): 360M, peak: 391M

vm_info: OpenJDK 64-Bit Server VM (21.0.6+-13391695-b895.109) for windows-amd64 JRE (21.0.6+-13391695-b895.109), built on 2025-04-22T21:19:17Z by "builder" with MS VC++ 16.10 / 16.11 (VS2019)

END.
