#
# There is insufficient memory for the Java Runtime Environment to continue.
# Native memory allocation (malloc) failed to allocate 1365248 bytes. Error detail: Chunk::new
# Possible reasons:
#   The system is out of physical RAM or swap space
#   This process is running with CompressedOops enabled, and the Java Heap may be blocking the growth of the native heap
# Possible solutions:
#   Reduce memory load on the system
#   Increase physical memory or swap space
#   Check if swap backing store is full
#   Decrease Java heap size (-Xmx/-Xms)
#   Decrease number of Java threads
#   Decrease Java thread stack sizes (-Xss)
#   Set larger code cache with -XX:ReservedCodeCacheSize=
#   JVM is running with Unscaled Compressed Oops mode in which the Java heap is
#     placed in the first 4GB address space. The Java Heap base address is the
#     maximum limit for the native heap growth. Please use -XX:HeapBaseMinAddress
#     to set the Java Heap base and to place the Java Heap above 4GB virtual address.
# This output file may be truncated or incomplete.
#
#  Out of Memory Error (arena.cpp:168), pid=15828, tid=4036
#
# JRE version: OpenJDK Runtime Environment Temurin-21.0.10+7 (21.0.10+7) (build 21.0.10+7-LTS)
# Java VM: OpenJDK 64-Bit Server VM Temurin-21.0.10+7 (21.0.10+7-LTS, mixed mode, sharing, tiered, compressed oops, compressed class ptrs, g1 gc, windows-amd64)
# No core dump will be written. Minidumps are not enabled by default on client versions of Windows
#

---------------  S U M M A R Y ------------

Command Line: --add-opens=java.base/java.lang=ALL-UNNAMED --add-opens=java.base/java.lang.invoke=ALL-UNNAMED --add-opens=java.base/java.util=ALL-UNNAMED --add-opens=java.prefs/java.util.prefs=ALL-UNNAMED --add-exports=jdk.compiler/com.sun.tools.javac.api=ALL-UNNAMED --add-exports=jdk.compiler/com.sun.tools.javac.util=ALL-UNNAMED --add-opens=java.base/java.util=ALL-UNNAMED --add-opens=java.prefs/java.util.prefs=ALL-UNNAMED --add-opens=java.base/java.nio.charset=ALL-UNNAMED --add-opens=java.base/java.net=ALL-UNNAMED --add-opens=java.base/java.util.concurrent.atomic=ALL-UNNAMED --add-opens=java.xml/javax.xml.namespace=ALL-UNNAMED -Xmx2048m -Dfile.encoding=UTF-8 -Duser.country=ID -Duser.language=en -Duser.variant -javaagent:C:\Users\Haqii\.gradle\wrapper\dists\gradle-8.13-bin\5xuhj0ry160q40clulazy9h7d\gradle-8.13\lib\agents\gradle-instrumentation-agent-8.13.jar org.gradle.launcher.daemon.bootstrap.GradleDaemon 8.13

Host: AMD Ryzen 7 7735HS with Radeon Graphics        , 16 cores, 15G,  Windows 11 , 64 bit Build 26100 (10.0.26100.7309)
Time: Fri Mar  6 19:58:30 2026 SE Asia Standard Time elapsed time: 16.849840 seconds (0d 0h 0m 16s)

---------------  T H R E A D  ---------------

Current thread (0x0000020258b1ef60):  JavaThread "C2 CompilerThread1" daemon [_thread_in_native, id=4036, stack(0x000000ebf6100000,0x000000ebf6200000) (1024K)]


Current CompileTask:
C2:16849 11361 %     4       org.gradle.internal.instantiation.generator.AbstractClassGenerator::inspectType @ 107 (602 bytes)

Stack: [0x000000ebf6100000,0x000000ebf6200000]
Native frames: (J=compiled Java code, j=interpreted, Vv=VM code, C=native code)
V  [jvm.dll+0x6d7a39]
V  [jvm.dll+0x8b4b26]
V  [jvm.dll+0x8b70de]
V  [jvm.dll+0x8b77c3]
V  [jvm.dll+0x284346]
V  [jvm.dll+0xc66ed]
V  [jvm.dll+0xc6c31]
V  [jvm.dll+0x3bec3b]
V  [jvm.dll+0x1e3f69]
V  [jvm.dll+0x24c6b3]
V  [jvm.dll+0x24bb40]
V  [jvm.dll+0x1cb34e]
V  [jvm.dll+0x25b85d]
V  [jvm.dll+0x259dea]
V  [jvm.dll+0x3f857e]
V  [jvm.dll+0x85f59d]
V  [jvm.dll+0x6d626d]
C  [ucrtbase.dll+0x37b0]
C  [KERNEL32.DLL+0x2e8d7]
C  [ntdll.dll+0x8c53c]


---------------  P R O C E S S  ---------------

Threads class SMR info:
_java_thread_list=0x0000020257d3bb20, length=84, elements={
0x0000020275caff00, 0x000002027eec0330, 0x000002027eec3b10, 0x000002027eec75b0,
0x000002027eec8270, 0x000002027eecbad0, 0x000002027eecd1d0, 0x000002027eed92d0,
0x000002027eed9980, 0x000002027f03b2e0, 0x000002027f1f6cc0, 0x000002027f258690,
0x000002027f409bc0, 0x000002027f77d210, 0x00000202556349d0, 0x000002027f7fad80,
0x0000020255648070, 0x0000020255642cd0, 0x0000020255643340, 0x000002025558f9f0,
0x000002025558e640, 0x000002025558cc00, 0x0000020255590080, 0x000002025558d290,
0x000002025558d920, 0x000002025558dfb0, 0x000002025558ecd0, 0x0000020258be09a0,
0x0000020258be1030, 0x0000020258bddbb0, 0x0000020258bde8d0, 0x0000020258bdfc80,
0x0000020258be16c0, 0x0000020258bde240, 0x0000020258be4b40, 0x0000020258be51d0,
0x0000020254d74130, 0x0000020254d73410, 0x0000020254d71340, 0x0000020254d74e50,
0x0000020254d73aa0, 0x0000020254d747c0, 0x0000020254d726f0, 0x0000020254d72d80,
0x0000020254d72060, 0x0000020254d77c40, 0x0000020254d75b70, 0x0000020254d76f20,
0x0000020254d775b0, 0x0000020254d78960, 0x0000020254d76890, 0x0000020254d76200,
0x0000020254d782d0, 0x0000020254d754e0, 0x0000020254c528c0, 0x0000020254c54990,
0x0000020254c535e0, 0x0000020254c52f50, 0x0000020254c55d40, 0x0000020254c53c70,
0x0000020254c54300, 0x0000020254c55020, 0x0000020254c556b0, 0x000002025655f8f0,
0x000002025655f260, 0x0000020256561330, 0x000002025655ff80, 0x0000020256560610,
0x00000202565619c0, 0x0000020256560ca0, 0x0000020258a77680, 0x0000020258a762d0,
0x0000020258a755b0, 0x0000020258a77d10, 0x0000020258a74890, 0x0000020258a76960,
0x0000020258a74f20, 0x0000020258a75c40, 0x0000020258a76ff0, 0x00000202595f9670,
0x00000202595f8950, 0x00000202595fc460, 0x00000202595f7c30, 0x0000020258b1ef60
}

Java Threads: ( => current thread )
  0x0000020275caff00 JavaThread "main"                              [_thread_blocked, id=9240, stack(0x000000ebf4e00000,0x000000ebf4f00000) (1024K)]
  0x000002027eec0330 JavaThread "Reference Handler"          daemon [_thread_blocked, id=7680, stack(0x000000ebf5600000,0x000000ebf5700000) (1024K)]
  0x000002027eec3b10 JavaThread "Finalizer"                  daemon [_thread_blocked, id=20716, stack(0x000000ebf5700000,0x000000ebf5800000) (1024K)]
  0x000002027eec75b0 JavaThread "Signal Dispatcher"          daemon [_thread_blocked, id=10572, stack(0x000000ebf5800000,0x000000ebf5900000) (1024K)]
  0x000002027eec8270 JavaThread "Attach Listener"            daemon [_thread_blocked, id=19768, stack(0x000000ebf5900000,0x000000ebf5a00000) (1024K)]
  0x000002027eecbad0 JavaThread "Service Thread"             daemon [_thread_blocked, id=17060, stack(0x000000ebf5a00000,0x000000ebf5b00000) (1024K)]
  0x000002027eecd1d0 JavaThread "Monitor Deflation Thread"   daemon [_thread_blocked, id=7888, stack(0x000000ebf5b00000,0x000000ebf5c00000) (1024K)]
  0x000002027eed92d0 JavaThread "C2 CompilerThread0"         daemon [_thread_blocked, id=10940, stack(0x000000ebf5c00000,0x000000ebf5d00000) (1024K)]
  0x000002027eed9980 JavaThread "C1 CompilerThread0"         daemon [_thread_blocked, id=17348, stack(0x000000ebf5d00000,0x000000ebf5e00000) (1024K)]
  0x000002027f03b2e0 JavaThread "C1 CompilerThread1"         daemon [_thread_blocked, id=1556, stack(0x000000ebf5e00000,0x000000ebf5f00000) (1024K)]
  0x000002027f1f6cc0 JavaThread "Common-Cleaner"             daemon [_thread_blocked, id=7840, stack(0x000000ebf5f00000,0x000000ebf6000000) (1024K)]
  0x000002027f258690 JavaThread "Notification Thread"        daemon [_thread_blocked, id=22204, stack(0x000000ebf6000000,0x000000ebf6100000) (1024K)]
  0x000002027f409bc0 JavaThread "C1 CompilerThread2"         daemon [_thread_blocked, id=21160, stack(0x000000ebf6600000,0x000000ebf6700000) (1024K)]
  0x000002027f77d210 JavaThread "C1 CompilerThread3"         daemon [_thread_blocked, id=5544, stack(0x000000ebf6700000,0x000000ebf6800000) (1024K)]
  0x00000202556349d0 JavaThread "Daemon health stats"               [_thread_blocked, id=19588, stack(0x000000ebf6b00000,0x000000ebf6c00000) (1024K)]
  0x000002027f7fad80 JavaThread "Incoming local TCP Connector on port 65465"        [_thread_in_native, id=23084, stack(0x000000ebf6c00000,0x000000ebf6d00000) (1024K)]
  0x0000020255648070 JavaThread "Daemon periodic checks"            [_thread_blocked, id=22444, stack(0x000000ebf6e00000,0x000000ebf6f00000) (1024K)]
  0x0000020255642cd0 JavaThread "Daemon"                            [_thread_blocked, id=6832, stack(0x000000ebf6f00000,0x000000ebf7000000) (1024K)]
  0x0000020255643340 JavaThread "Handler for socket connection from /127.0.0.1:65465 to /127.0.0.1:65466"        [_thread_in_native, id=15020, stack(0x000000ebf7000000,0x000000ebf7100000) (1024K)]
  0x000002025558f9f0 JavaThread "Cancel handler"                    [_thread_blocked, id=10200, stack(0x000000ebf7100000,0x000000ebf7200000) (1024K)]
  0x000002025558e640 JavaThread "Daemon worker"                     [_thread_blocked, id=22796, stack(0x000000ebf7200000,0x000000ebf7300000) (1024K)]
  0x000002025558cc00 JavaThread "Asynchronous log dispatcher for DefaultDaemonConnection: socket connection from /127.0.0.1:65465 to /127.0.0.1:65466"        [_thread_blocked, id=12560, stack(0x000000ebf7300000,0x000000ebf7400000) (1024K)]
  0x0000020255590080 JavaThread "Stdin handler"                     [_thread_blocked, id=22784, stack(0x000000ebf7400000,0x000000ebf7500000) (1024K)]
  0x000002025558d290 JavaThread "Daemon client event forwarder"        [_thread_blocked, id=7844, stack(0x000000ebf7500000,0x000000ebf7600000) (1024K)]
  0x000002025558d920 JavaThread "Cache worker for journal cache (C:\Users\Haqii\.gradle\caches\journal-1)"        [_thread_blocked, id=12620, stack(0x000000ebf7600000,0x000000ebf7700000) (1024K)]
  0x000002025558dfb0 JavaThread "File lock request listener"        [_thread_in_native, id=22880, stack(0x000000ebf7700000,0x000000ebf7800000) (1024K)]
  0x000002025558ecd0 JavaThread "Cache worker for file hash cache (C:\Users\Haqii\.gradle\caches\8.13\fileHashes)"        [_thread_blocked, id=23432, stack(0x000000ebf7800000,0x000000ebf7900000) (1024K)]
  0x0000020258be09a0 JavaThread "Cache worker for file hash cache (D:\KELAS-XI\Tugas Akhir Semester 1\MyApplication\.gradle\8.13\fileHashes)"        [_thread_blocked, id=6480, stack(0x000000ebf8000000,0x000000ebf8100000) (1024K)]
  0x0000020258be1030 JavaThread "Cache worker for Build Output Cleanup Cache (D:\KELAS-XI\Tugas Akhir Semester 1\MyApplication\.gradle\buildOutputCleanup)"        [_thread_blocked, id=12672, stack(0x000000ebf8100000,0x000000ebf8200000) (1024K)]
  0x0000020258bddbb0 JavaThread "File watcher server"        daemon [_thread_in_native, id=12684, stack(0x000000ebf8200000,0x000000ebf8300000) (1024K)]
  0x0000020258bde8d0 JavaThread "File watcher consumer"      daemon [_thread_blocked, id=3368, stack(0x000000ebf8300000,0x000000ebf8400000) (1024K)]
  0x0000020258bdfc80 JavaThread "Cache worker for checksums cache (D:\KELAS-XI\Tugas Akhir Semester 1\MyApplication\.gradle\8.13\checksums)"        [_thread_blocked, id=19808, stack(0x000000ebf6d00000,0x000000ebf6e00000) (1024K)]
  0x0000020258be16c0 JavaThread "Cache worker for file content cache (C:\Users\Haqii\.gradle\caches\8.13\fileContent)"        [_thread_blocked, id=13580, stack(0x000000ebf8400000,0x000000ebf8500000) (1024K)]
  0x0000020258bde240 JavaThread "Cache worker for cache directory md-supplier (C:\Users\Haqii\.gradle\caches\8.13\md-supplier)"        [_thread_blocked, id=9504, stack(0x000000ebf8500000,0x000000ebf8600000) (1024K)]
  0x0000020258be4b40 JavaThread "Cache worker for cache directory md-rule (C:\Users\Haqii\.gradle\caches\8.13\md-rule)"        [_thread_blocked, id=12976, stack(0x000000ebf8700000,0x000000ebf8800000) (1024K)]
  0x0000020258be51d0 JavaThread "File lock release action executor"        [_thread_blocked, id=22456, stack(0x000000ebf8800000,0x000000ebf8900000) (1024K)]
  0x0000020254d74130 JavaThread "Unconstrained build operations"        [_thread_blocked, id=22928, stack(0x000000ebf8a00000,0x000000ebf8b00000) (1024K)]
  0x0000020254d73410 JavaThread "Unconstrained build operations Thread 2"        [_thread_blocked, id=13904, stack(0x000000ebf8b00000,0x000000ebf8c00000) (1024K)]
  0x0000020254d71340 JavaThread "Unconstrained build operations Thread 3"        [_thread_blocked, id=20516, stack(0x000000ebf8c00000,0x000000ebf8d00000) (1024K)]
  0x0000020254d74e50 JavaThread "Unconstrained build operations Thread 4"        [_thread_blocked, id=7896, stack(0x000000ebf8d00000,0x000000ebf8e00000) (1024K)]
  0x0000020254d73aa0 JavaThread "Unconstrained build operations Thread 5"        [_thread_blocked, id=9780, stack(0x000000ebf8e00000,0x000000ebf8f00000) (1024K)]
  0x0000020254d747c0 JavaThread "Unconstrained build operations Thread 6"        [_thread_blocked, id=13996, stack(0x000000ebf8f00000,0x000000ebf9000000) (1024K)]
  0x0000020254d726f0 JavaThread "Unconstrained build operations Thread 7"        [_thread_blocked, id=23340, stack(0x000000ebf9000000,0x000000ebf9100000) (1024K)]
  0x0000020254d72d80 JavaThread "Unconstrained build operations Thread 8"        [_thread_blocked, id=4400, stack(0x000000ebf9100000,0x000000ebf9200000) (1024K)]
  0x0000020254d72060 JavaThread "Unconstrained build operations Thread 9"        [_thread_blocked, id=17280, stack(0x000000ebf9200000,0x000000ebf9300000) (1024K)]
  0x0000020254d77c40 JavaThread "Unconstrained build operations Thread 10"        [_thread_blocked, id=9280, stack(0x000000ebf9300000,0x000000ebf9400000) (1024K)]
  0x0000020254d75b70 JavaThread "Unconstrained build operations Thread 11"        [_thread_blocked, id=23480, stack(0x000000ebf9400000,0x000000ebf9500000) (1024K)]
  0x0000020254d76f20 JavaThread "Unconstrained build operations Thread 12"        [_thread_blocked, id=17252, stack(0x000000ebf9500000,0x000000ebf9600000) (1024K)]
  0x0000020254d775b0 JavaThread "Unconstrained build operations Thread 13"        [_thread_blocked, id=18836, stack(0x000000ebf9600000,0x000000ebf9700000) (1024K)]
  0x0000020254d78960 JavaThread "Unconstrained build operations Thread 14"        [_thread_blocked, id=16340, stack(0x000000ebf9700000,0x000000ebf9800000) (1024K)]
  0x0000020254d76890 JavaThread "Unconstrained build operations Thread 15"        [_thread_blocked, id=12316, stack(0x000000ebf9800000,0x000000ebf9900000) (1024K)]
  0x0000020254d76200 JavaThread "Unconstrained build operations Thread 16"        [_thread_blocked, id=16420, stack(0x000000ebf9900000,0x000000ebf9a00000) (1024K)]
  0x0000020254d782d0 JavaThread "Unconstrained build operations Thread 17"        [_thread_blocked, id=20540, stack(0x000000ebf9a00000,0x000000ebf9b00000) (1024K)]
  0x0000020254d754e0 JavaThread "Unconstrained build operations Thread 18"        [_thread_blocked, id=12832, stack(0x000000ebf9b00000,0x000000ebf9c00000) (1024K)]
  0x0000020254c528c0 JavaThread "Unconstrained build operations Thread 19"        [_thread_blocked, id=22968, stack(0x000000ebf9c00000,0x000000ebf9d00000) (1024K)]
  0x0000020254c54990 JavaThread "Unconstrained build operations Thread 20"        [_thread_blocked, id=6564, stack(0x000000ebf9d00000,0x000000ebf9e00000) (1024K)]
  0x0000020254c535e0 JavaThread "Unconstrained build operations Thread 21"        [_thread_blocked, id=3332, stack(0x000000ebf9e00000,0x000000ebf9f00000) (1024K)]
  0x0000020254c52f50 JavaThread "Unconstrained build operations Thread 22"        [_thread_blocked, id=3300, stack(0x000000ebf9f00000,0x000000ebfa000000) (1024K)]
  0x0000020254c55d40 JavaThread "Unconstrained build operations Thread 23"        [_thread_blocked, id=1240, stack(0x000000ebfa000000,0x000000ebfa100000) (1024K)]
  0x0000020254c53c70 JavaThread "Unconstrained build operations Thread 24"        [_thread_blocked, id=10596, stack(0x000000ebfa100000,0x000000ebfa200000) (1024K)]
  0x0000020254c54300 JavaThread "Unconstrained build operations Thread 25"        [_thread_blocked, id=13096, stack(0x000000ebfa200000,0x000000ebfa300000) (1024K)]
  0x0000020254c55020 JavaThread "Unconstrained build operations Thread 26"        [_thread_blocked, id=14936, stack(0x000000ebfa300000,0x000000ebfa400000) (1024K)]
  0x0000020254c556b0 JavaThread "Unconstrained build operations Thread 27"        [_thread_blocked, id=12268, stack(0x000000ebfa400000,0x000000ebfa500000) (1024K)]
  0x000002025655f8f0 JavaThread "Unconstrained build operations Thread 28"        [_thread_blocked, id=14360, stack(0x000000ebfa500000,0x000000ebfa600000) (1024K)]
  0x000002025655f260 JavaThread "Unconstrained build operations Thread 29"        [_thread_blocked, id=9360, stack(0x000000ebfa600000,0x000000ebfa700000) (1024K)]
  0x0000020256561330 JavaThread "Unconstrained build operations Thread 30"        [_thread_blocked, id=4784, stack(0x000000ebfa700000,0x000000ebfa800000) (1024K)]
  0x000002025655ff80 JavaThread "Unconstrained build operations Thread 31"        [_thread_blocked, id=22704, stack(0x000000ebfa800000,0x000000ebfa900000) (1024K)]
  0x0000020256560610 JavaThread "Unconstrained build operations Thread 32"        [_thread_blocked, id=22288, stack(0x000000ebfa900000,0x000000ebfaa00000) (1024K)]
  0x00000202565619c0 JavaThread "Unconstrained build operations Thread 33"        [_thread_blocked, id=11132, stack(0x000000ebfaa00000,0x000000ebfab00000) (1024K)]
  0x0000020256560ca0 JavaThread "Unconstrained build operations Thread 34"        [_thread_blocked, id=3704, stack(0x000000ebfab00000,0x000000ebfac00000) (1024K)]
  0x0000020258a77680 JavaThread "Unconstrained build operations Thread 35"        [_thread_blocked, id=13080, stack(0x000000ebfac00000,0x000000ebfad00000) (1024K)]
  0x0000020258a762d0 JavaThread "Unconstrained build operations Thread 36"        [_thread_blocked, id=14212, stack(0x000000ebfad00000,0x000000ebfae00000) (1024K)]
  0x0000020258a755b0 JavaThread "Unconstrained build operations Thread 37"        [_thread_blocked, id=22972, stack(0x000000ebfae00000,0x000000ebfaf00000) (1024K)]
  0x0000020258a77d10 JavaThread "Unconstrained build operations Thread 38"        [_thread_blocked, id=3584, stack(0x000000ebfaf00000,0x000000ebfb000000) (1024K)]
  0x0000020258a74890 JavaThread "Unconstrained build operations Thread 39"        [_thread_blocked, id=19432, stack(0x000000ebfb000000,0x000000ebfb100000) (1024K)]
  0x0000020258a76960 JavaThread "Unconstrained build operations Thread 40"        [_thread_blocked, id=20928, stack(0x000000ebfb100000,0x000000ebfb200000) (1024K)]
  0x0000020258a74f20 JavaThread "Unconstrained build operations Thread 41"        [_thread_blocked, id=12448, stack(0x000000ebfb200000,0x000000ebfb300000) (1024K)]
  0x0000020258a75c40 JavaThread "Unconstrained build operations Thread 42"        [_thread_blocked, id=14156, stack(0x000000ebfb300000,0x000000ebfb400000) (1024K)]
  0x0000020258a76ff0 JavaThread "Unconstrained build operations Thread 43"        [_thread_blocked, id=16240, stack(0x000000ebfb400000,0x000000ebfb500000) (1024K)]
  0x00000202595f9670 JavaThread "Unconstrained build operations Thread 44"        [_thread_blocked, id=17948, stack(0x000000ebfb500000,0x000000ebfb600000) (1024K)]
  0x00000202595f8950 JavaThread "Unconstrained build operations Thread 45"        [_thread_blocked, id=800, stack(0x000000ebfb600000,0x000000ebfb700000) (1024K)]
  0x00000202595fc460 JavaThread "Memory manager"                    [_thread_blocked, id=15888, stack(0x000000ebf8900000,0x000000ebf8a00000) (1024K)]
  0x00000202595f7c30 JavaThread "build event listener"              [_thread_blocked, id=9292, stack(0x000000ebfb700000,0x000000ebfb800000) (1024K)]
=>0x0000020258b1ef60 JavaThread "C2 CompilerThread1"         daemon [_thread_in_native, id=4036, stack(0x000000ebf6100000,0x000000ebf6200000) (1024K)]
Total: 84

Other Threads:
  0x000002027eea01c0 VMThread "VM Thread"                           [id=12652, stack(0x000000ebf5500000,0x000000ebf5600000) (1024K)]
  0x000002027ef819e0 WatcherThread "VM Periodic Task Thread"        [id=8060, stack(0x000000ebf5400000,0x000000ebf5500000) (1024K)]
  0x0000020275d09d40 WorkerThread "GC Thread#0"                     [id=8816, stack(0x000000ebf4f00000,0x000000ebf5000000) (1024K)]
  0x000002027f665420 WorkerThread "GC Thread#1"                     [id=15700, stack(0x000000ebf6200000,0x000000ebf6300000) (1024K)]
  0x000002027f61d340 WorkerThread "GC Thread#2"                     [id=18540, stack(0x000000ebf6300000,0x000000ebf6400000) (1024K)]
  0x000002027f395360 WorkerThread "GC Thread#3"                     [id=17396, stack(0x000000ebf6400000,0x000000ebf6500000) (1024K)]
  0x000002027f395710 WorkerThread "GC Thread#4"                     [id=2988, stack(0x000000ebf6500000,0x000000ebf6600000) (1024K)]
  0x0000020255116860 WorkerThread "GC Thread#5"                     [id=22348, stack(0x000000ebf6800000,0x000000ebf6900000) (1024K)]
  0x000002025493d450 WorkerThread "GC Thread#6"                     [id=448, stack(0x000000ebf6900000,0x000000ebf6a00000) (1024K)]
  0x000002025493dc00 WorkerThread "GC Thread#7"                     [id=22604, stack(0x000000ebf6a00000,0x000000ebf6b00000) (1024K)]
  0x00000202570c2d50 WorkerThread "GC Thread#8"                     [id=18008, stack(0x000000ebf7900000,0x000000ebf7a00000) (1024K)]
  0x00000202570c3100 WorkerThread "GC Thread#9"                     [id=22620, stack(0x000000ebf7a00000,0x000000ebf7b00000) (1024K)]
  0x00000202570c34b0 WorkerThread "GC Thread#10"                    [id=8548, stack(0x000000ebf7b00000,0x000000ebf7c00000) (1024K)]
  0x00000202570c3860 WorkerThread "GC Thread#11"                    [id=432, stack(0x000000ebf7c00000,0x000000ebf7d00000) (1024K)]
  0x00000202570c5990 WorkerThread "GC Thread#12"                    [id=15820, stack(0x000000ebf7d00000,0x000000ebf7e00000) (1024K)]
  0x0000020275d1c260 ConcurrentGCThread "G1 Main Marker"            [id=22140, stack(0x000000ebf5000000,0x000000ebf5100000) (1024K)]
  0x0000020275d1cc80 WorkerThread "G1 Conc#0"                       [id=14244, stack(0x000000ebf5100000,0x000000ebf5200000) (1024K)]
  0x00000202570c3c10 WorkerThread "G1 Conc#1"                       [id=16076, stack(0x000000ebf7e00000,0x000000ebf7f00000) (1024K)]
  0x00000202570c55e0 WorkerThread "G1 Conc#2"                       [id=10356, stack(0x000000ebf7f00000,0x000000ebf8000000) (1024K)]
  0x000002027ede4730 ConcurrentGCThread "G1 Refine#0"               [id=2016, stack(0x000000ebf5200000,0x000000ebf5300000) (1024K)]
  0x000002027ede5060 ConcurrentGCThread "G1 Service"                [id=6444, stack(0x000000ebf5300000,0x000000ebf5400000) (1024K)]
Total: 21

Threads with active compile tasks:
C2 CompilerThread0  16872 11409   !   4       java.util.concurrent.ConcurrentHashMap::computeIfAbsent (576 bytes)
C2 CompilerThread1  16872 11361 %     4       org.gradle.internal.instantiation.generator.AbstractClassGenerator::inspectType @ 107 (602 bytes)
Total: 2

VM state: at safepoint (normal execution)

VM Mutex/Monitor currently owned by a thread:  ([mutex/lock_event])
[0x00007ff9058ce560] Threads_lock - owner thread: 0x000002027eea01c0
[0x00007ff9058ce660] Heap_lock - owner thread: 0x0000020275d1c260

Heap address: 0x0000000080000000, size: 2048 MB, Compressed Oops mode: 32-bit

CDS archive(s) mapped at: [0x000002020f000000-0x000002020fba0000-0x000002020fba0000), size 12189696, SharedBaseAddress: 0x000002020f000000, ArchiveRelocationMode: 1.
Compressed class space mapped at: 0x0000020210000000-0x0000020250000000, reserved size: 1073741824
Narrow klass base: 0x000002020f000000, Narrow klass shift: 0, Narrow klass range: 0x100000000

GC Precious Log:
 CardTable entry size: 512
 Card Set container configuration: InlinePtr #cards 5 size 8 Array Of Cards #cards 12 size 40 Howl #buckets 4 coarsen threshold 1843 Howl Bitmap #cards 512 size 80 coarsen threshold 460 Card regions per heap region 1 cards per card region 2048
 CPUs: 16 total, 16 available
 Memory: 15613M
 Large Page Support: Disabled
 NUMA Support: Disabled
 Compressed Oops: Enabled (32-bit)
 Heap Region Size: 1M
 Heap Min Capacity: 8M
 Heap Initial Capacity: 244M
 Heap Max Capacity: 2G
 Pre-touch: Disabled
 Parallel Workers: 13
 Concurrent Workers: 3
 Concurrent Refinement Workers: 13
 Periodic GC: Disabled

Heap:
 garbage-first heap   total 145408K, used 91313K [0x0000000080000000, 0x0000000100000000)
  region size 1024K, 5 young (5120K), 2 survivors (2048K)
 Metaspace       used 82077K, committed 84224K, reserved 1179648K
  class space    used 11506K, committed 12544K, reserved 1048576K

Heap Regions: E=young(eden), S=young(survivor), O=old, HS=humongous(starts), HC=humongous(continues), CS=collection set, F=free, TAMS=top-at-mark-start, PB=parsable bottom
|   0|0x0000000080000000, 0x0000000080100000, 0x0000000080100000|100%|HS|  |TAMS 0x0000000080100000| PB 0x0000000080000000| Complete 
|   1|0x0000000080100000, 0x0000000080200000, 0x0000000080200000|100%|HC|  |TAMS 0x0000000080200000| PB 0x0000000080100000| Complete 
|   2|0x0000000080200000, 0x0000000080300000, 0x0000000080300000|100%|HC|  |TAMS 0x0000000080300000| PB 0x0000000080200000| Complete 
|   3|0x0000000080300000, 0x0000000080400000, 0x0000000080400000|100%| O|  |TAMS 0x0000000080400000| PB 0x0000000080400000| Untracked 
|   4|0x0000000080400000, 0x0000000080500000, 0x0000000080500000|100%| O|  |TAMS 0x0000000080500000| PB 0x0000000080500000| Untracked 
|   5|0x0000000080500000, 0x0000000080600000, 0x0000000080600000|100%| O|  |TAMS 0x0000000080600000| PB 0x0000000080600000| Untracked 
|   6|0x0000000080600000, 0x0000000080700000, 0x0000000080700000|100%|HS|  |TAMS 0x0000000080700000| PB 0x0000000080600000| Complete 
|   7|0x0000000080700000, 0x0000000080800000, 0x0000000080800000|100%| O|  |TAMS 0x0000000080800000| PB 0x0000000080800000| Untracked 
|   8|0x0000000080800000, 0x0000000080900000, 0x0000000080900000|100%| O|  |TAMS 0x0000000080900000| PB 0x0000000080900000| Untracked 
|   9|0x0000000080900000, 0x0000000080a00000, 0x0000000080a00000|100%| O|  |TAMS 0x0000000080a00000| PB 0x0000000080a00000| Untracked 
|  10|0x0000000080a00000, 0x0000000080b00000, 0x0000000080b00000|100%| O|  |TAMS 0x0000000080b00000| PB 0x0000000080b00000| Untracked 
|  11|0x0000000080b00000, 0x0000000080c00000, 0x0000000080c00000|100%| O|  |TAMS 0x0000000080c00000| PB 0x0000000080c00000| Untracked 
|  12|0x0000000080c00000, 0x0000000080d00000, 0x0000000080d00000|100%| O|  |TAMS 0x0000000080d00000| PB 0x0000000080d00000| Untracked 
|  13|0x0000000080d00000, 0x0000000080e00000, 0x0000000080e00000|100%| O|  |TAMS 0x0000000080e00000| PB 0x0000000080e00000| Updating 
|  14|0x0000000080e00000, 0x0000000080f00000, 0x0000000080f00000|100%| O|  |TAMS 0x0000000080f00000| PB 0x0000000080f00000| Untracked 
|  15|0x0000000080f00000, 0x0000000081000000, 0x0000000081000000|100%| O|  |TAMS 0x0000000081000000| PB 0x0000000081000000| Untracked 
|  16|0x0000000081000000, 0x0000000081100000, 0x0000000081100000|100%| O|  |TAMS 0x0000000081100000| PB 0x0000000081100000| Untracked 
|  17|0x0000000081100000, 0x0000000081200000, 0x0000000081200000|100%| O|  |TAMS 0x0000000081200000| PB 0x0000000081200000| Untracked 
|  18|0x0000000081200000, 0x0000000081300000, 0x0000000081300000|100%| O|  |TAMS 0x0000000081300000| PB 0x0000000081300000| Untracked 
|  19|0x0000000081300000, 0x0000000081400000, 0x0000000081400000|100%| O|  |TAMS 0x0000000081400000| PB 0x0000000081400000| Untracked 
|  20|0x0000000081400000, 0x0000000081500000, 0x0000000081500000|100%| O|  |TAMS 0x0000000081500000| PB 0x0000000081500000| Updating 
|  21|0x0000000081500000, 0x0000000081600000, 0x0000000081600000|100%| O|  |TAMS 0x0000000081600000| PB 0x0000000081600000| Updating 
|  22|0x0000000081600000, 0x0000000081700000, 0x0000000081700000|100%| O|  |TAMS 0x0000000081700000| PB 0x0000000081700000| Untracked 
|  23|0x0000000081700000, 0x0000000081800000, 0x0000000081800000|100%| O|  |TAMS 0x0000000081800000| PB 0x0000000081800000| Untracked 
|  24|0x0000000081800000, 0x0000000081900000, 0x0000000081900000|100%| O|  |TAMS 0x0000000081900000| PB 0x0000000081900000| Updating 
|  25|0x0000000081900000, 0x0000000081a00000, 0x0000000081a00000|100%| O|  |TAMS 0x0000000081a00000| PB 0x0000000081a00000| Untracked 
|  26|0x0000000081a00000, 0x0000000081b00000, 0x0000000081b00000|100%| O|  |TAMS 0x0000000081b00000| PB 0x0000000081b00000| Untracked 
|  27|0x0000000081b00000, 0x0000000081c00000, 0x0000000081c00000|100%| O|  |TAMS 0x0000000081c00000| PB 0x0000000081c00000| Updating 
|  28|0x0000000081c00000, 0x0000000081d00000, 0x0000000081d00000|100%| O|  |TAMS 0x0000000081d00000| PB 0x0000000081d00000| Untracked 
|  29|0x0000000081d00000, 0x0000000081e00000, 0x0000000081e00000|100%| O|  |TAMS 0x0000000081e00000| PB 0x0000000081e00000| Updating 
|  30|0x0000000081e00000, 0x0000000081f00000, 0x0000000081f00000|100%| O|  |TAMS 0x0000000081f00000| PB 0x0000000081f00000| Untracked 
|  31|0x0000000081f00000, 0x0000000082000000, 0x0000000082000000|100%| O|  |TAMS 0x0000000082000000| PB 0x0000000082000000| Untracked 
|  32|0x0000000082000000, 0x0000000082100000, 0x0000000082100000|100%| O|  |TAMS 0x0000000082000000| PB 0x0000000082000000| Untracked 
|  33|0x0000000082100000, 0x0000000082200000, 0x0000000082200000|100%| O|  |TAMS 0x0000000082200000| PB 0x0000000082200000| Updating 
|  34|0x0000000082200000, 0x0000000082300000, 0x0000000082300000|100%| O|  |TAMS 0x0000000082300000| PB 0x0000000082300000| Updating 
|  35|0x0000000082300000, 0x0000000082400000, 0x0000000082400000|100%|HS|  |TAMS 0x0000000082400000| PB 0x0000000082300000| Complete 
|  36|0x0000000082400000, 0x0000000082500000, 0x0000000082500000|100%| O|  |TAMS 0x0000000082500000| PB 0x0000000082500000| Untracked 
|  37|0x0000000082500000, 0x0000000082600000, 0x0000000082600000|100%| O|  |TAMS 0x0000000082600000| PB 0x0000000082600000| Untracked 
|  38|0x0000000082600000, 0x0000000082700000, 0x0000000082700000|100%| O|  |TAMS 0x0000000082700000| PB 0x0000000082700000| Updating 
|  39|0x0000000082700000, 0x0000000082800000, 0x0000000082800000|100%|HS|  |TAMS 0x0000000082800000| PB 0x0000000082700000| Complete 
|  40|0x0000000082800000, 0x0000000082900000, 0x0000000082900000|100%|HS|  |TAMS 0x0000000082900000| PB 0x0000000082800000| Complete 
|  41|0x0000000082900000, 0x0000000082a00000, 0x0000000082a00000|100%|HC|  |TAMS 0x0000000082a00000| PB 0x0000000082900000| Complete 
|  42|0x0000000082a00000, 0x0000000082b00000, 0x0000000082b00000|100%|HS|  |TAMS 0x0000000082b00000| PB 0x0000000082a00000| Complete 
|  43|0x0000000082b00000, 0x0000000082c00000, 0x0000000082c00000|100%|HC|  |TAMS 0x0000000082c00000| PB 0x0000000082b00000| Complete 
|  44|0x0000000082c00000, 0x0000000082d00000, 0x0000000082d00000|100%|HS|  |TAMS 0x0000000082d00000| PB 0x0000000082c00000| Complete 
|  45|0x0000000082d00000, 0x0000000082e00000, 0x0000000082e00000|100%| O|  |TAMS 0x0000000082e00000| PB 0x0000000082e00000| Updating 
|  46|0x0000000082e00000, 0x0000000082f00000, 0x0000000082f00000|100%|HS|  |TAMS 0x0000000082f00000| PB 0x0000000082e00000| Complete 
|  47|0x0000000082f00000, 0x0000000083000000, 0x0000000083000000|100%|HC|  |TAMS 0x0000000083000000| PB 0x0000000082f00000| Complete 
|  48|0x0000000083000000, 0x0000000083100000, 0x0000000083100000|100%|HC|  |TAMS 0x0000000083100000| PB 0x0000000083000000| Complete 
|  49|0x0000000083100000, 0x0000000083200000, 0x0000000083200000|100%| O|  |TAMS 0x0000000083200000| PB 0x0000000083200000| Untracked 
|  50|0x0000000083200000, 0x0000000083300000, 0x0000000083300000|100%| O|  |TAMS 0x0000000083300000| PB 0x0000000083300000| Untracked 
|  51|0x0000000083300000, 0x0000000083400000, 0x0000000083400000|100%| O|  |TAMS 0x0000000083400000| PB 0x0000000083400000| Untracked 
|  52|0x0000000083400000, 0x0000000083500000, 0x0000000083500000|100%| O|  |TAMS 0x0000000083500000| PB 0x0000000083500000| Updating 
|  53|0x0000000083500000, 0x0000000083600000, 0x0000000083600000|100%| O|  |TAMS 0x0000000083500000| PB 0x0000000083500000| Untracked 
|  54|0x0000000083600000, 0x0000000083700000, 0x0000000083700000|100%| O|  |TAMS 0x0000000083700000| PB 0x0000000083700000| Untracked 
|  55|0x0000000083700000, 0x0000000083800000, 0x0000000083800000|100%| O|  |TAMS 0x0000000083800000| PB 0x0000000083800000| Updating 
|  56|0x0000000083800000, 0x0000000083900000, 0x0000000083900000|100%| O|  |TAMS 0x0000000083900000| PB 0x0000000083900000| Untracked 
|  57|0x0000000083900000, 0x0000000083a00000, 0x0000000083a00000|100%|HS|  |TAMS 0x0000000083a00000| PB 0x0000000083900000| Complete 
|  58|0x0000000083a00000, 0x0000000083b00000, 0x0000000083b00000|100%| O|  |TAMS 0x0000000083b00000| PB 0x0000000083b00000| Untracked 
|  59|0x0000000083b00000, 0x0000000083c00000, 0x0000000083c00000|100%|HS|  |TAMS 0x0000000083c00000| PB 0x0000000083b00000| Complete 
|  60|0x0000000083c00000, 0x0000000083d00000, 0x0000000083d00000|100%|HS|  |TAMS 0x0000000083d00000| PB 0x0000000083c00000| Complete 
|  61|0x0000000083d00000, 0x0000000083e00000, 0x0000000083e00000|100%| O|  |TAMS 0x0000000083e00000| PB 0x0000000083e00000| Untracked 
|  62|0x0000000083e00000, 0x0000000083f00000, 0x0000000083f00000|100%| O|  |TAMS 0x0000000083f00000| PB 0x0000000083f00000| Untracked 
|  63|0x0000000083f00000, 0x0000000084000000, 0x0000000084000000|100%| O|  |TAMS 0x0000000084000000| PB 0x0000000084000000| Updating 
|  64|0x0000000084000000, 0x0000000084100000, 0x0000000084100000|100%| O|  |TAMS 0x0000000084100000| PB 0x0000000084100000| Updating 
|  65|0x0000000084100000, 0x0000000084200000, 0x0000000084200000|100%| O|  |TAMS 0x0000000084200000| PB 0x0000000084200000| Untracked 
|  66|0x0000000084200000, 0x0000000084300000, 0x0000000084300000|100%| O|  |TAMS 0x0000000084300000| PB 0x0000000084300000| Untracked 
|  67|0x0000000084300000, 0x0000000084400000, 0x0000000084400000|100%|HS|  |TAMS 0x0000000084400000| PB 0x0000000084300000| Complete 
|  68|0x0000000084400000, 0x0000000084500000, 0x0000000084500000|100%| O|  |TAMS 0x0000000084500000| PB 0x0000000084500000| Untracked 
|  69|0x0000000084500000, 0x0000000084600000, 0x0000000084600000|100%| O|  |TAMS 0x0000000084600000| PB 0x0000000084600000| Untracked 
|  70|0x0000000084600000, 0x0000000084700000, 0x0000000084700000|100%| O|  |TAMS 0x0000000084700000| PB 0x0000000084700000| Updating 
|  71|0x0000000084700000, 0x0000000084800000, 0x0000000084800000|100%|HS|  |TAMS 0x0000000084800000| PB 0x0000000084700000| Complete 
|  72|0x0000000084800000, 0x0000000084900000, 0x0000000084900000|100%|HC|  |TAMS 0x0000000084900000| PB 0x0000000084800000| Complete 
|  73|0x0000000084900000, 0x0000000084a00000, 0x0000000084a00000|100%|HC|  |TAMS 0x0000000084a00000| PB 0x0000000084900000| Complete 
|  74|0x0000000084a00000, 0x0000000084b00000, 0x0000000084b00000|100%| O|  |TAMS 0x0000000084b00000| PB 0x0000000084b00000| Untracked 
|  75|0x0000000084b00000, 0x0000000084c00000, 0x0000000084c00000|100%| O|  |TAMS 0x0000000084c00000| PB 0x0000000084c00000| Untracked 
|  76|0x0000000084c00000, 0x0000000084d00000, 0x0000000084d00000|100%| O|  |TAMS 0x0000000084d00000| PB 0x0000000084d00000| Updating 
|  77|0x0000000084d00000, 0x0000000084e00000, 0x0000000084e00000|100%| O|  |TAMS 0x0000000084d06bb8| PB 0x0000000084d06bb8| Untracked 
|  78|0x0000000084e00000, 0x0000000084f00000, 0x0000000084f00000|100%| O|  |TAMS 0x0000000084e00000| PB 0x0000000084e00000| Untracked 
|  79|0x0000000084f00000, 0x0000000084f30548, 0x0000000085000000| 18%| O|  |TAMS 0x0000000084f00000| PB 0x0000000084f00000| Updating 
|  80|0x0000000085000000, 0x0000000085000000, 0x0000000085100000|  0%| F|  |TAMS 0x0000000085000000| PB 0x0000000085000000| Untracked 
|  81|0x0000000085100000, 0x0000000085100000, 0x0000000085200000|  0%| F|  |TAMS 0x0000000085100000| PB 0x0000000085100000| Untracked 
|  82|0x0000000085200000, 0x0000000085200000, 0x0000000085300000|  0%| F|  |TAMS 0x0000000085200000| PB 0x0000000085200000| Untracked 
|  83|0x0000000085300000, 0x0000000085300000, 0x0000000085400000|  0%| F|  |TAMS 0x0000000085300000| PB 0x0000000085300000| Untracked 
|  84|0x0000000085400000, 0x0000000085400000, 0x0000000085500000|  0%| F|  |TAMS 0x0000000085400000| PB 0x0000000085400000| Untracked 
|  85|0x0000000085500000, 0x0000000085500000, 0x0000000085600000|  0%| F|  |TAMS 0x0000000085500000| PB 0x0000000085500000| Untracked 
|  86|0x0000000085600000, 0x0000000085600000, 0x0000000085700000|  0%| F|  |TAMS 0x0000000085600000| PB 0x0000000085600000| Untracked 
|  87|0x0000000085700000, 0x0000000085700000, 0x0000000085800000|  0%| F|  |TAMS 0x0000000085700000| PB 0x0000000085700000| Untracked 
|  88|0x0000000085800000, 0x0000000085800000, 0x0000000085900000|  0%| F|  |TAMS 0x0000000085800000| PB 0x0000000085800000| Untracked 
|  89|0x0000000085900000, 0x0000000085900000, 0x0000000085a00000|  0%| F|  |TAMS 0x0000000085900000| PB 0x0000000085900000| Untracked 
|  90|0x0000000085a00000, 0x0000000085a00000, 0x0000000085b00000|  0%| F|  |TAMS 0x0000000085a00000| PB 0x0000000085a00000| Untracked 
|  91|0x0000000085b00000, 0x0000000085b00000, 0x0000000085c00000|  0%| F|  |TAMS 0x0000000085b00000| PB 0x0000000085b00000| Untracked 
|  92|0x0000000085c00000, 0x0000000085c00000, 0x0000000085d00000|  0%| F|  |TAMS 0x0000000085c00000| PB 0x0000000085c00000| Untracked 
|  93|0x0000000085d00000, 0x0000000085d00000, 0x0000000085e00000|  0%| F|  |TAMS 0x0000000085d00000| PB 0x0000000085d00000| Untracked 
|  94|0x0000000085e00000, 0x0000000085efc250, 0x0000000085f00000| 98%| S|CS|TAMS 0x0000000085e00000| PB 0x0000000085e00000| Complete 
|  95|0x0000000085f00000, 0x0000000086000000, 0x0000000086000000|100%| S|CS|TAMS 0x0000000085f00000| PB 0x0000000085f00000| Complete 
|  96|0x0000000086000000, 0x0000000086000000, 0x0000000086100000|  0%| F|  |TAMS 0x0000000086000000| PB 0x0000000086000000| Untracked 
|  97|0x0000000086100000, 0x0000000086100000, 0x0000000086200000|  0%| F|  |TAMS 0x0000000086100000| PB 0x0000000086100000| Untracked 
|  98|0x0000000086200000, 0x0000000086200000, 0x0000000086300000|  0%| F|  |TAMS 0x0000000086200000| PB 0x0000000086200000| Untracked 
|  99|0x0000000086300000, 0x0000000086300000, 0x0000000086400000|  0%| F|  |TAMS 0x0000000086300000| PB 0x0000000086300000| Untracked 
| 100|0x0000000086400000, 0x0000000086400000, 0x0000000086500000|  0%| F|  |TAMS 0x0000000086400000| PB 0x0000000086400000| Untracked 
| 101|0x0000000086500000, 0x0000000086500000, 0x0000000086600000|  0%| F|  |TAMS 0x0000000086500000| PB 0x0000000086500000| Untracked 
| 102|0x0000000086600000, 0x0000000086600000, 0x0000000086700000|  0%| F|  |TAMS 0x0000000086600000| PB 0x0000000086600000| Untracked 
| 103|0x0000000086700000, 0x0000000086700000, 0x0000000086800000|  0%| F|  |TAMS 0x0000000086700000| PB 0x0000000086700000| Untracked 
| 104|0x0000000086800000, 0x0000000086800000, 0x0000000086900000|  0%| F|  |TAMS 0x0000000086800000| PB 0x0000000086800000| Untracked 
| 105|0x0000000086900000, 0x0000000086900000, 0x0000000086a00000|  0%| F|  |TAMS 0x0000000086900000| PB 0x0000000086900000| Untracked 
| 106|0x0000000086a00000, 0x0000000086a00000, 0x0000000086b00000|  0%| F|  |TAMS 0x0000000086a00000| PB 0x0000000086a00000| Untracked 
| 107|0x0000000086b00000, 0x0000000086b00000, 0x0000000086c00000|  0%| F|  |TAMS 0x0000000086b00000| PB 0x0000000086b00000| Untracked 
| 108|0x0000000086c00000, 0x0000000086c00000, 0x0000000086d00000|  0%| F|  |TAMS 0x0000000086c00000| PB 0x0000000086c00000| Untracked 
| 109|0x0000000086d00000, 0x0000000086d00000, 0x0000000086e00000|  0%| F|  |TAMS 0x0000000086d00000| PB 0x0000000086d00000| Untracked 
| 110|0x0000000086e00000, 0x0000000086e00000, 0x0000000086f00000|  0%| F|  |TAMS 0x0000000086e00000| PB 0x0000000086e00000| Untracked 
| 111|0x0000000086f00000, 0x0000000086f00000, 0x0000000087000000|  0%| F|  |TAMS 0x0000000086f00000| PB 0x0000000086f00000| Untracked 
| 112|0x0000000087000000, 0x0000000087000000, 0x0000000087100000|  0%| F|  |TAMS 0x0000000087000000| PB 0x0000000087000000| Untracked 
| 113|0x0000000087100000, 0x0000000087100000, 0x0000000087200000|  0%| F|  |TAMS 0x0000000087100000| PB 0x0000000087100000| Untracked 
| 114|0x0000000087200000, 0x0000000087200000, 0x0000000087300000|  0%| F|  |TAMS 0x0000000087200000| PB 0x0000000087200000| Untracked 
| 115|0x0000000087300000, 0x0000000087300000, 0x0000000087400000|  0%| F|  |TAMS 0x0000000087300000| PB 0x0000000087300000| Untracked 
| 116|0x0000000087400000, 0x0000000087400000, 0x0000000087500000|  0%| F|  |TAMS 0x0000000087400000| PB 0x0000000087400000| Untracked 
| 117|0x0000000087500000, 0x0000000087500000, 0x0000000087600000|  0%| F|  |TAMS 0x0000000087500000| PB 0x0000000087500000| Untracked 
| 118|0x0000000087600000, 0x0000000087600000, 0x0000000087700000|  0%| F|  |TAMS 0x0000000087600000| PB 0x0000000087600000| Untracked 
| 119|0x0000000087700000, 0x0000000087700000, 0x0000000087800000|  0%| F|  |TAMS 0x0000000087700000| PB 0x0000000087700000| Untracked 
| 120|0x0000000087800000, 0x0000000087800000, 0x0000000087900000|  0%| F|  |TAMS 0x0000000087800000| PB 0x0000000087800000| Untracked 
| 121|0x0000000087900000, 0x0000000087900000, 0x0000000087a00000|  0%| F|  |TAMS 0x0000000087900000| PB 0x0000000087900000| Untracked 
| 122|0x0000000087a00000, 0x0000000087a00000, 0x0000000087b00000|  0%| F|  |TAMS 0x0000000087a00000| PB 0x0000000087a00000| Untracked 
| 139|0x0000000088b00000, 0x0000000088b00000, 0x0000000088c00000|  0%| F|  |TAMS 0x0000000088b00000| PB 0x0000000088b00000| Untracked 
| 140|0x0000000088c00000, 0x0000000088c00000, 0x0000000088d00000|  0%| F|  |TAMS 0x0000000088c00000| PB 0x0000000088c00000| Untracked 
| 141|0x0000000088d00000, 0x0000000088d00000, 0x0000000088e00000|  0%| F|  |TAMS 0x0000000088d00000| PB 0x0000000088d00000| Untracked 
| 142|0x0000000088e00000, 0x0000000088e00000, 0x0000000088f00000|  0%| F|  |TAMS 0x0000000088e00000| PB 0x0000000088e00000| Untracked 
| 143|0x0000000088f00000, 0x0000000088f00000, 0x0000000089000000|  0%| F|  |TAMS 0x0000000088f00000| PB 0x0000000088f00000| Untracked 
| 144|0x0000000089000000, 0x0000000089000000, 0x0000000089100000|  0%| F|  |TAMS 0x0000000089000000| PB 0x0000000089000000| Untracked 
| 145|0x0000000089100000, 0x0000000089100000, 0x0000000089200000|  0%| F|  |TAMS 0x0000000089100000| PB 0x0000000089100000| Untracked 
| 146|0x0000000089200000, 0x0000000089200000, 0x0000000089300000|  0%| F|  |TAMS 0x0000000089200000| PB 0x0000000089200000| Untracked 
| 147|0x0000000089300000, 0x0000000089300000, 0x0000000089400000|  0%| F|  |TAMS 0x0000000089300000| PB 0x0000000089300000| Untracked 
| 148|0x0000000089400000, 0x0000000089400000, 0x0000000089500000|  0%| F|  |TAMS 0x0000000089400000| PB 0x0000000089400000| Untracked 
| 149|0x0000000089500000, 0x0000000089600000, 0x0000000089600000|100%| E|  |TAMS 0x0000000089500000| PB 0x0000000089500000| Complete 
| 150|0x0000000089600000, 0x0000000089700000, 0x0000000089700000|100%| E|CS|TAMS 0x0000000089600000| PB 0x0000000089600000| Complete 
| 243|0x000000008f300000, 0x000000008f400000, 0x000000008f400000|100%| E|CS|TAMS 0x000000008f300000| PB 0x000000008f300000| Complete 
|2042|0x00000000ffa00000, 0x00000000ffb00000, 0x00000000ffb00000|100%| O|  |TAMS 0x00000000ffb00000| PB 0x00000000ffb00000| Untracked 
|2043|0x00000000ffb00000, 0x00000000ffc00000, 0x00000000ffc00000|100%| O|  |TAMS 0x00000000ffc00000| PB 0x00000000ffc00000| Untracked 
|2044|0x00000000ffc00000, 0x00000000ffd00000, 0x00000000ffd00000|100%| O|  |TAMS 0x00000000ffd00000| PB 0x00000000ffd00000| Untracked 
|2045|0x00000000ffd00000, 0x00000000ffe00000, 0x00000000ffe00000|100%| O|  |TAMS 0x00000000ffe00000| PB 0x00000000ffe00000| Untracked 
|2046|0x00000000ffe00000, 0x00000000fff00000, 0x00000000fff00000|100%| O|  |TAMS 0x00000000fff00000| PB 0x00000000fff00000| Untracked 
|2047|0x00000000fff00000, 0x0000000100000000, 0x0000000100000000|100%| O|  |TAMS 0x0000000100000000| PB 0x0000000100000000| Untracked 

Card table byte_map: [0x0000020279b30000,0x0000020279f30000] _byte_map_base: 0x0000020279730000

Marking Bits: (CMBitMap*) 0x0000020275d0a360
 Bits: [0x0000020279f30000, 0x000002027bf30000)

Polling page: 0x0000020273b60000

Metaspace:

Usage:
  Non-class:     68.92 MB used.
      Class:     11.24 MB used.
       Both:     80.15 MB used.

Virtual space:
  Non-class space:      128.00 MB reserved,      70.00 MB ( 55%) committed,  2 nodes.
      Class space:        1.00 GB reserved,      12.25 MB (  1%) committed,  1 nodes.
             Both:        1.12 GB reserved,      82.25 MB (  7%) committed. 

Chunk freelists:
   Non-Class:  9.59 MB
       Class:  3.72 MB
        Both:  13.31 MB

MaxMetaspaceSize: unlimited
CompressedClassSpaceSize: 1.00 GB
Initial GC threshold: 21.00 MB
Current GC threshold: 125.12 MB
CDS: on
 - commit_granule_bytes: 65536.
 - commit_granule_words: 8192.
 - virtual_space_node_default_size: 8388608.
 - enlarge_chunks_in_place: 1.
 - use_allocation_guard: 0.


Internal statistics:

num_allocs_failed_limit: 6.
num_arena_births: 3856.
num_arena_deaths: 0.
num_vsnodes_births: 3.
num_vsnodes_deaths: 0.
num_space_committed: 1316.
num_space_uncommitted: 0.
num_chunks_returned_to_freelist: 6.
num_chunks_taken_from_freelist: 7726.
num_chunk_merges: 6.
num_chunk_splits: 5023.
num_chunks_enlarged: 3117.
num_inconsistent_stats: 0.

CodeHeap 'non-profiled nmethods': size=119168Kb used=5239Kb max_used=5535Kb free=113928Kb
 bounds [0x0000020207ba0000, 0x0000020208110000, 0x000002020f000000]
CodeHeap 'profiled nmethods': size=119104Kb used=18075Kb max_used=18577Kb free=101028Kb
 bounds [0x0000020200000000, 0x0000020201230000, 0x0000020207450000]
CodeHeap 'non-nmethods': size=7488Kb used=3644Kb max_used=3696Kb free=3843Kb
 bounds [0x0000020207450000, 0x0000020207800000, 0x0000020207ba0000]
CodeCache: size=245760Kb, used=26958Kb, max_used=27808Kb, free=218799Kb
 total_blobs=10537, nmethods=9717, adapters=721, full_count=0
Compilation: enabled, stopped_count=0, restarted_count=0

Compilation events (20 events):
Event: 15.746 Thread 0x000002027eed92d0 nmethod 11398 0x0000020208106810 code [0x0000020208106a00, 0x0000020208106f60]
Event: 15.747 Thread 0x000002027eed92d0 11401       4       com.google.common.collect.AbstractIndexedListIterator::hasNext (17 bytes)
Event: 15.747 Thread 0x000002027eed92d0 nmethod 11401 0x0000020208107310 code [0x00000202081074a0, 0x0000020208107540]
Event: 15.747 Thread 0x000002027eed92d0 11399       4       it.unimi.dsi.fastutil.objects.ReferenceOpenHashSet::add (126 bytes)
Event: 15.749 Thread 0x000002027f409bc0 11404       3       org.gradle.api.internal.DefaultDomainObjectCollection::wrapLazyAction (16 bytes)
Event: 15.749 Thread 0x000002027f409bc0 nmethod 11404 0x000002020121da90 code [0x000002020121dc60, 0x000002020121df08]
Event: 15.749 Thread 0x000002027f409bc0 11405       3       org.gradle.api.internal.DefaultNamedDomainObjectCollection::doAdd (63 bytes)
Event: 15.749 Thread 0x000002027f77d210 11406       3       org.gradle.api.internal.DefaultNamedDomainObjectCollection::didAdd (21 bytes)
Event: 15.749 Thread 0x000002027eed9980 11407       3       org.gradle.api.internal.DefaultNamedDomainObjectCollection$UnfilteredIndex::put (13 bytes)
Event: 15.749 Thread 0x000002027eed9980 nmethod 11407 0x000002020121e010 code [0x000002020121e1c0, 0x000002020121e398]
Event: 15.749 Thread 0x000002027f77d210 nmethod 11406 0x000002020121e490 code [0x000002020121e660, 0x000002020121e920]
Event: 15.749 Thread 0x000002027f77d210 11408       3       org.gradle.api.internal.model.DefaultObjectFactory::named (10 bytes)
Event: 15.749 Thread 0x000002027eed92d0 nmethod 11399 0x0000020208107610 code [0x00000202081077c0, 0x0000020208107ad8]
Event: 15.750 Thread 0x000002027f409bc0 nmethod 11405 0x000002020121ea10 code [0x000002020121ec80, 0x000002020121f920]
Event: 15.750 Thread 0x000002027f77d210 nmethod 11408 0x000002020121fd10 code [0x000002020121fec0, 0x0000020201220018]
Event: 15.809 Thread 0x000002027eed92d0 11409   !   4       java.util.concurrent.ConcurrentHashMap::computeIfAbsent (576 bytes)
Event: 15.817 Thread 0x000002027f03b2e0 11410       1       com.android.build.gradle.internal.services.BaseServicesImpl::getProjectServices (5 bytes)
Event: 15.817 Thread 0x000002027f03b2e0 nmethod 11410 0x0000020208107c90 code [0x0000020208107e20, 0x0000020208107ee8]
Event: 15.826 Thread 0x000002027f03b2e0 11411   !   3       org.gradle.api.internal.file.FileNotationConverter::convert (266 bytes)
Event: 15.828 Thread 0x000002027f03b2e0 nmethod 11411 0x0000020201220110 code [0x0000020201220660, 0x00000202012237a0]

GC Heap History (20 events):
Event: 10.357 GC heap before
{Heap before GC invocations=17 (full 0):
 garbage-first heap   total 120832K, used 64617K [0x0000000080000000, 0x0000000100000000)
  region size 1024K, 10 young (10240K), 8 survivors (8192K)
 Metaspace       used 56540K, committed 58304K, reserved 1114112K
  class space    used 8175K, committed 9024K, reserved 1048576K
}
Event: 10.360 GC heap after
{Heap after GC invocations=18 (full 0):
 garbage-first heap   total 120832K, used 64889K [0x0000000080000000, 0x0000000100000000)
  region size 1024K, 2 young (2048K), 2 survivors (2048K)
 Metaspace       used 56540K, committed 58304K, reserved 1114112K
  class space    used 8175K, committed 9024K, reserved 1048576K
}
Event: 10.632 GC heap before
{Heap before GC invocations=19 (full 0):
 garbage-first heap   total 120832K, used 93561K [0x0000000080000000, 0x0000000100000000)
  region size 1024K, 27 young (27648K), 2 survivors (2048K)
 Metaspace       used 58130K, committed 59904K, reserved 1114112K
  class space    used 8368K, committed 9216K, reserved 1048576K
}
Event: 10.634 GC heap after
{Heap after GC invocations=20 (full 0):
 garbage-first heap   total 120832K, used 70600K [0x0000000080000000, 0x0000000100000000)
  region size 1024K, 4 young (4096K), 4 survivors (4096K)
 Metaspace       used 58130K, committed 59904K, reserved 1114112K
  class space    used 8368K, committed 9216K, reserved 1048576K
}
Event: 10.917 GC heap before
{Heap before GC invocations=20 (full 0):
 garbage-first heap   total 120832K, used 94152K [0x0000000080000000, 0x0000000100000000)
  region size 1024K, 28 young (28672K), 4 survivors (4096K)
 Metaspace       used 60538K, committed 62400K, reserved 1114112K
  class space    used 8627K, committed 9536K, reserved 1048576K
}
Event: 10.920 GC heap after
{Heap after GC invocations=21 (full 0):
 garbage-first heap   total 120832K, used 70867K [0x0000000080000000, 0x0000000100000000)
  region size 1024K, 1 young (1024K), 1 survivors (1024K)
 Metaspace       used 60538K, committed 62400K, reserved 1114112K
  class space    used 8627K, committed 9536K, reserved 1048576K
}
Event: 11.243 GC heap before
{Heap before GC invocations=21 (full 0):
 garbage-first heap   total 120832K, used 97491K [0x0000000080000000, 0x0000000100000000)
  region size 1024K, 28 young (28672K), 1 survivors (1024K)
 Metaspace       used 63396K, committed 65344K, reserved 1114112K
  class space    used 8913K, committed 9856K, reserved 1048576K
}
Event: 11.247 GC heap after
{Heap after GC invocations=22 (full 0):
 garbage-first heap   total 145408K, used 71761K [0x0000000080000000, 0x0000000100000000)
  region size 1024K, 2 young (2048K), 2 survivors (2048K)
 Metaspace       used 63396K, committed 65344K, reserved 1114112K
  class space    used 8913K, committed 9856K, reserved 1048576K
}
Event: 11.906 GC heap before
{Heap before GC invocations=23 (full 0):
 garbage-first heap   total 145408K, used 119889K [0x0000000080000000, 0x0000000100000000)
  region size 1024K, 45 young (46080K), 2 survivors (2048K)
 Metaspace       used 66985K, committed 68992K, reserved 1114112K
  class space    used 9482K, committed 10496K, reserved 1048576K
}
Event: 11.910 GC heap after
{Heap after GC invocations=24 (full 0):
 garbage-first heap   total 145408K, used 77429K [0x0000000080000000, 0x0000000100000000)
  region size 1024K, 6 young (6144K), 6 survivors (6144K)
 Metaspace       used 66985K, committed 68992K, reserved 1114112K
  class space    used 9482K, committed 10496K, reserved 1048576K
}
Event: 12.599 GC heap before
{Heap before GC invocations=24 (full 0):
 garbage-first heap   total 145408K, used 120437K [0x0000000080000000, 0x0000000100000000)
  region size 1024K, 48 young (49152K), 6 survivors (6144K)
 Metaspace       used 70262K, committed 72320K, reserved 1114112K
  class space    used 9887K, committed 10880K, reserved 1048576K
}
Event: 12.603 GC heap after
{Heap after GC invocations=25 (full 0):
 garbage-first heap   total 145408K, used 78810K [0x0000000080000000, 0x0000000100000000)
  region size 1024K, 3 young (3072K), 3 survivors (3072K)
 Metaspace       used 70262K, committed 72320K, reserved 1114112K
  class space    used 9887K, committed 10880K, reserved 1048576K
}
Event: 13.307 GC heap before
{Heap before GC invocations=25 (full 0):
 garbage-first heap   total 145408K, used 122842K [0x0000000080000000, 0x0000000100000000)
  region size 1024K, 46 young (47104K), 3 survivors (3072K)
 Metaspace       used 74733K, committed 76800K, reserved 1179648K
  class space    used 10501K, committed 11520K, reserved 1048576K
}
Event: 13.311 GC heap after
{Heap after GC invocations=26 (full 0):
 garbage-first heap   total 145408K, used 80434K [0x0000000080000000, 0x0000000100000000)
  region size 1024K, 5 young (5120K), 5 survivors (5120K)
 Metaspace       used 74733K, committed 76800K, reserved 1179648K
  class space    used 10501K, committed 11520K, reserved 1048576K
}
Event: 14.461 GC heap before
{Heap before GC invocations=27 (full 0):
 garbage-first heap   total 145408K, used 128562K [0x0000000080000000, 0x0000000100000000)
  region size 1024K, 49 young (50176K), 5 survivors (5120K)
 Metaspace       used 77813K, committed 79808K, reserved 1179648K
  class space    used 10917K, committed 11904K, reserved 1048576K
}
Event: 14.465 GC heap after
{Heap after GC invocations=28 (full 0):
 garbage-first heap   total 145408K, used 86160K [0x0000000080000000, 0x0000000100000000)
  region size 1024K, 5 young (5120K), 5 survivors (5120K)
 Metaspace       used 77813K, committed 79808K, reserved 1179648K
  class space    used 10917K, committed 11904K, reserved 1048576K
}
Event: 14.906 GC heap before
{Heap before GC invocations=28 (full 0):
 garbage-first heap   total 145408K, used 128144K [0x0000000080000000, 0x0000000100000000)
  region size 1024K, 47 young (48128K), 5 survivors (5120K)
 Metaspace       used 78687K, committed 80640K, reserved 1179648K
  class space    used 11048K, committed 12032K, reserved 1048576K
}
Event: 14.912 GC heap after
{Heap after GC invocations=29 (full 0):
 garbage-first heap   total 145408K, used 89114K [0x0000000080000000, 0x0000000100000000)
  region size 1024K, 6 young (6144K), 6 survivors (6144K)
 Metaspace       used 78687K, committed 80640K, reserved 1179648K
  class space    used 11048K, committed 12032K, reserved 1048576K
}
Event: 15.778 GC heap before
{Heap before GC invocations=29 (full 0):
 garbage-first heap   total 145408K, used 130074K [0x0000000080000000, 0x0000000100000000)
  region size 1024K, 46 young (47104K), 6 survivors (6144K)
 Metaspace       used 81892K, committed 83968K, reserved 1179648K
  class space    used 11477K, committed 12480K, reserved 1048576K
}
Event: 15.783 GC heap after
{Heap after GC invocations=30 (full 0):
 garbage-first heap   total 145408K, used 89265K [0x0000000080000000, 0x0000000100000000)
  region size 1024K, 2 young (2048K), 2 survivors (2048K)
 Metaspace       used 81892K, committed 83968K, reserved 1179648K
  class space    used 11477K, committed 12480K, reserved 1048576K
}

Dll operation events (14 events):
Event: 0.007 Loaded shared library C:\Users\Haqii\.vscode\extensions\redhat.java-1.53.0-win32-x64\jre\21.0.10-win32-x86_64\bin\java.dll
Event: 0.071 Loaded shared library C:\Users\Haqii\.vscode\extensions\redhat.java-1.53.0-win32-x64\jre\21.0.10-win32-x86_64\bin\zip.dll
Event: 0.096 Loaded shared library C:\Users\Haqii\.vscode\extensions\redhat.java-1.53.0-win32-x64\jre\21.0.10-win32-x86_64\bin\instrument.dll
Event: 0.101 Loaded shared library C:\Users\Haqii\.vscode\extensions\redhat.java-1.53.0-win32-x64\jre\21.0.10-win32-x86_64\bin\net.dll
Event: 0.103 Loaded shared library C:\Users\Haqii\.vscode\extensions\redhat.java-1.53.0-win32-x64\jre\21.0.10-win32-x86_64\bin\nio.dll
Event: 0.109 Loaded shared library C:\Users\Haqii\.vscode\extensions\redhat.java-1.53.0-win32-x64\jre\21.0.10-win32-x86_64\bin\zip.dll
Event: 0.378 Loaded shared library C:\Users\Haqii\.vscode\extensions\redhat.java-1.53.0-win32-x64\jre\21.0.10-win32-x86_64\bin\jimage.dll
Event: 0.494 Loaded shared library C:\Users\Haqii\.vscode\extensions\redhat.java-1.53.0-win32-x64\jre\21.0.10-win32-x86_64\bin\verify.dll
Event: 0.585 Loaded shared library C:\Users\Haqii\.gradle\native\1def1411415f61bf3af743bc5b6707747c0891f09f0c88961ee8f79bc544acac\windows-amd64\native-platform.dll
Event: 0.599 Loaded shared library C:\Users\Haqii\.gradle\native\0.2.7\x86_64-windows-gnu\gradle-fileevents.dll
Event: 1.682 Loaded shared library C:\Users\Haqii\.vscode\extensions\redhat.java-1.53.0-win32-x64\jre\21.0.10-win32-x86_64\bin\management.dll
Event: 1.685 Loaded shared library C:\Users\Haqii\.vscode\extensions\redhat.java-1.53.0-win32-x64\jre\21.0.10-win32-x86_64\bin\management_ext.dll
Event: 1.821 Loaded shared library C:\Users\Haqii\.vscode\extensions\redhat.java-1.53.0-win32-x64\jre\21.0.10-win32-x86_64\bin\extnet.dll
Event: 2.065 Loaded shared library C:\Users\Haqii\.vscode\extensions\redhat.java-1.53.0-win32-x64\jre\21.0.10-win32-x86_64\bin\sunmscapi.dll

Deoptimization events (20 events):
Event: 14.736 Thread 0x000002025558e640 DEOPT PACKING pc=0x0000020207fe0988 sp=0x000000ebf72f72a0
Event: 14.736 Thread 0x000002025558e640 DEOPT UNPACKING pc=0x00000202074a4422 sp=0x000000ebf72f70e8 mode 2
Event: 14.736 Thread 0x000002025558e640 Uncommon trap: trap_request=0xffffff45 fr.pc=0x0000020207fe5790 relative=0x00000000000023b0
Event: 14.736 Thread 0x000002025558e640 Uncommon trap: reason=unstable_if action=reinterpret pc=0x0000020207fe5790 method=com.google.common.collect.MapMakerInternalMap$Segment.getEntry(Ljava/lang/Object;I)Lcom/google/common/collect/MapMakerInternalMap$InternalEntry; @ 40 c2
Event: 14.736 Thread 0x000002025558e640 DEOPT PACKING pc=0x0000020207fe5790 sp=0x000000ebf72f71f0
Event: 14.736 Thread 0x000002025558e640 DEOPT UNPACKING pc=0x00000202074a4422 sp=0x000000ebf72f7108 mode 2
Event: 14.736 Thread 0x000002025558e640 Uncommon trap: trap_request=0xffffff45 fr.pc=0x0000020207fc8f48 relative=0x0000000000000468
Event: 14.736 Thread 0x000002025558e640 Uncommon trap: reason=unstable_if action=reinterpret pc=0x0000020207fc8f48 method=com.google.common.collect.MapMakerInternalMap$Segment.getEntry(Ljava/lang/Object;I)Lcom/google/common/collect/MapMakerInternalMap$InternalEntry; @ 40 c2
Event: 14.736 Thread 0x000002025558e640 DEOPT PACKING pc=0x0000020207fc8f48 sp=0x000000ebf72f7150
Event: 14.736 Thread 0x000002025558e640 DEOPT UNPACKING pc=0x00000202074a4422 sp=0x000000ebf72f70e8 mode 2
Event: 14.921 Thread 0x000002025558e640 Uncommon trap: trap_request=0xffffff45 fr.pc=0x0000020207da171c relative=0x000000000000153c
Event: 14.921 Thread 0x000002025558e640 Uncommon trap: reason=unstable_if action=reinterpret pc=0x0000020207da171c method=com.google.common.collect.MapMakerInternalMap$Segment.put(Ljava/lang/Object;ILjava/lang/Object;Z)Ljava/lang/Object; @ 92 c2
Event: 14.921 Thread 0x000002025558e640 DEOPT PACKING pc=0x0000020207da171c sp=0x000000ebf72f7830
Event: 14.921 Thread 0x000002025558e640 DEOPT UNPACKING pc=0x00000202074a4422 sp=0x000000ebf72f7770 mode 2
Event: 15.098 Thread 0x000002025558e640 DEOPT PACKING pc=0x0000020200e6a11d sp=0x000000ebf72f7580
Event: 15.099 Thread 0x000002025558e640 DEOPT UNPACKING pc=0x00000202074a4bc2 sp=0x000000ebf72f6ab8 mode 0
Event: 15.783 Thread 0x000002027f1f6cc0 Uncommon trap: trap_request=0xffffffde fr.pc=0x0000020207fc6e3c relative=0x00000000000004dc
Event: 15.783 Thread 0x000002027f1f6cc0 Uncommon trap: reason=class_check action=maybe_recompile pc=0x0000020207fc6e3c method=jdk.internal.ref.PhantomCleanable.clean()V @ 12 c2
Event: 15.783 Thread 0x000002027f1f6cc0 DEOPT PACKING pc=0x0000020207fc6e3c sp=0x000000ebf5fff040
Event: 15.783 Thread 0x000002027f1f6cc0 DEOPT UNPACKING pc=0x00000202074a4422 sp=0x000000ebf5fff020 mode 2

Classes loaded (20 events):
Event: 13.058 Loading class jdk/jfr/FlightRecorderListener done
Event: 13.058 Loading class jdk/management/jfr/FlightRecorderMXBeanImpl$MXBeanListener done
Event: 13.058 Loading class javax/management/ListenerNotFoundException
Event: 13.058 Loading class javax/management/OperationsException
Event: 13.058 Loading class javax/management/JMException
Event: 13.058 Loading class javax/management/JMException done
Event: 13.058 Loading class javax/management/OperationsException done
Event: 13.058 Loading class javax/management/ListenerNotFoundException done
Event: 13.085 Loading class com/sun/jmx/mbeanserver/StandardMBeanSupport
Event: 13.085 Loading class com/sun/jmx/mbeanserver/StandardMBeanSupport done
Event: 13.085 Loading class com/sun/jmx/mbeanserver/StandardMBeanIntrospector
Event: 13.086 Loading class com/sun/jmx/mbeanserver/StandardMBeanIntrospector done
Event: 14.391 Loading class com/sun/beans/finder/MethodFinder
Event: 14.391 Loading class com/sun/beans/finder/AbstractFinder
Event: 14.392 Loading class com/sun/beans/finder/AbstractFinder done
Event: 14.392 Loading class com/sun/beans/finder/MethodFinder done
Event: 14.392 Loading class com/sun/beans/finder/MethodFinder$1
Event: 14.392 Loading class com/sun/beans/finder/MethodFinder$1 done
Event: 14.392 Loading class com/sun/beans/finder/FinderUtils
Event: 14.392 Loading class com/sun/beans/finder/FinderUtils done

Classes unloaded (0 events):
No events

Classes redefined (0 events):
No events

Internal exceptions (20 events):
Event: 14.383 Thread 0x000002025558e640 Exception <a 'java/lang/ClassNotFoundException'{0x0000000085f05c08}: groovy/lang/ClosureBeanInfo> (0x0000000085f05c08) 
thrown [s\src\hotspot\share\classfile\systemDictionary.cpp, line 312]
Event: 14.385 Thread 0x000002025558e640 Exception <a 'java/lang/ClassNotFoundException'{0x0000000085f1d440}: groovy/lang/ClosureCustomizer> (0x0000000085f1d440) 
thrown [s\src\hotspot\share\classfile\systemDictionary.cpp, line 312]
Event: 14.391 Thread 0x000002025558e640 Exception <a 'java/lang/ClassNotFoundException'{0x0000000085f5acd0}: groovy/lang/Closure$1Customizer> (0x0000000085f5acd0) 
thrown [s\src\hotspot\share\classfile\systemDictionary.cpp, line 312]
Event: 14.403 Thread 0x000002025558e640 Exception <a 'java/lang/ClassNotFoundException'{0x0000000085fd2500}: org/jetbrains/kotlin/gradle/targets/js/npm/DefaultNpmDependencyExtensionBeanInfo> (0x0000000085fd2500) 
thrown [s\src\hotspot\share\classfile\systemDictionary.cpp, line 312]
Event: 14.403 Thread 0x000002025558e640 Exception <a 'java/lang/ClassNotFoundException'{0x0000000085fe2950}: org/jetbrains/kotlin/gradle/targets/js/npm/DefaultNpmDependencyExtensionCustomizer> (0x0000000085fe2950) 
thrown [s\src\hotspot\share\classfile\systemDictionary.cpp, line 312]
Event: 14.411 Thread 0x000002025558e640 Exception <a 'java/lang/ClassNotFoundException'{0x0000000085e82758}: org/jetbrains/kotlin/gradle/targets/js/npm/NpmDependencyExtensionKt$defaultNpmDependencyDelegate$1BeanInfo> (0x0000000085e82758) 
thrown [s\src\hotspot\share\classfile\systemDictionary.cpp, line 312]
Event: 14.412 Thread 0x000002025558e640 Exception <a 'java/lang/ClassNotFoundException'{0x0000000085e92be8}: org/jetbrains/kotlin/gradle/targets/js/npm/NpmDependencyExtensionDelegateBeanInfo> (0x0000000085e92be8) 
thrown [s\src\hotspot\share\classfile\systemDictionary.cpp, line 312]
Event: 14.413 Thread 0x000002025558e640 Exception <a 'java/lang/ClassNotFoundException'{0x0000000085ea3068}: org/jetbrains/kotlin/gradle/targets/js/npm/NpmDependencyExtensionDelegateCustomizer> (0x0000000085ea3068) 
thrown [s\src\hotspot\share\classfile\systemDictionary.cpp, line 312]
Event: 14.414 Thread 0x000002025558e640 Exception <a 'java/lang/ClassNotFoundException'{0x0000000085ed7ba8}: org/jetbrains/kotlin/gradle/targets/js/npm/NpmDependencyExtensionKt$defaultNpmDependencyDelegate$1Customizer> (0x0000000085ed7ba8) 
thrown [s\src\hotspot\share\classfile\systemDictionary.cpp, line 312]
Event: 14.425 Thread 0x000002025558e640 Exception <a 'java/lang/ClassNotFoundException'{0x0000000085d20920}: org/jetbrains/kotlin/gradle/targets/js/npm/DefaultDevNpmDependencyExtensionBeanInfo> (0x0000000085d20920) 
thrown [s\src\hotspot\share\classfile\systemDictionary.cpp, line 312]
Event: 14.426 Thread 0x000002025558e640 Exception <a 'java/lang/ClassNotFoundException'{0x0000000085d30db8}: org/jetbrains/kotlin/gradle/targets/js/npm/DefaultDevNpmDependencyExtensionCustomizer> (0x0000000085d30db8) 
thrown [s\src\hotspot\share\classfile\systemDictionary.cpp, line 312]
Event: 14.432 Thread 0x000002025558e640 Exception <a 'java/lang/ClassNotFoundException'{0x0000000085d834f0}: org/jetbrains/kotlin/gradle/targets/js/npm/DefaultPeerNpmDependencyExtensionBeanInfo> (0x0000000085d834f0) 
thrown [s\src\hotspot\share\classfile\systemDictionary.cpp, line 312]
Event: 14.434 Thread 0x000002025558e640 Exception <a 'java/lang/ClassNotFoundException'{0x0000000085d939f0}: org/jetbrains/kotlin/gradle/targets/js/npm/DefaultPeerNpmDependencyExtensionCustomizer> (0x0000000085d939f0) 
thrown [s\src\hotspot\share\classfile\systemDictionary.cpp, line 312]
Event: 14.439 Thread 0x000002025558e640 Exception <a 'java/lang/ClassNotFoundException'{0x0000000085df3048}: org/jetbrains/kotlin/gradle/targets/js/npm/DefaultPeerNpmDependencyExtension$delegate$1BeanInfo> (0x0000000085df3048) 
thrown [s\src\hotspot\share\classfile\systemDictionary.cpp, line 312]
Event: 14.439 Thread 0x000002025558e640 Exception <a 'java/lang/ClassNotFoundException'{0x0000000085c03c58}: org/jetbrains/kotlin/gradle/targets/js/npm/DefaultPeerNpmDependencyExtension$delegate$1Customizer> (0x0000000085c03c58) 
thrown [s\src\hotspot\share\classfile\systemDictionary.cpp, line 312]
Event: 14.452 Thread 0x000002025558e640 Exception <a 'java/lang/NoSuchMethodError'{0x0000000085cb4270}: static Lorg/jetbrains/kotlin/gradle/plugin/internal/DefaultIdeaSyncDetector$createIdeaPropertiesEvaluator$1;.<clinit>()V> (0x0000000085cb4270) 
thrown [s\src\hotspot\share\prims\jni.cpp, line 1111]
Event: 14.736 Thread 0x000002025558e640 Implicit null exception at 0x0000020207fdeb0c to 0x0000020207fe0950
Event: 14.736 Thread 0x000002025558e640 Implicit null exception at 0x0000020207fe3624 to 0x0000020207fe5750
Event: 14.736 Thread 0x000002025558e640 Implicit null exception at 0x0000020207fc8c14 to 0x0000020207fc8f14
Event: 15.566 Thread 0x000002025558e640 Exception <a 'java/lang/NoSuchMethodError'{0x0000000086efb6f0}: 'java.lang.Object java.lang.invoke.DirectMethodHandle$Holder.newInvokeSpecial(java.lang.Object, java.lang.Object, java.lang.Object, java.lang.Object, java.lang.Object, java.lang.Object, java.lang.Object, java.lang.Object, java.lang.Object, java.lang.Object, java.lang.Object, java.lang.Object, java.lang.Object, java.lang.Object)'> (0x0000000086efb6f0) 
thrown [s\src\hotspot\share\interpreter\linkResolver.cpp, line 773]

ZGC Phase Switch (0 events):
No events

VM Operations (20 events):
Event: 13.113 Executing safepoint VM operation: ICBufferFull done
Event: 13.306 Executing safepoint VM operation: G1CollectForAllocation (G1 Evacuation Pause)
Event: 13.311 Executing safepoint VM operation: G1CollectForAllocation (G1 Evacuation Pause) done
Event: 13.352 Executing safepoint VM operation: G1PauseRemark
Event: 13.361 Executing safepoint VM operation: G1PauseRemark done
Event: 13.373 Executing safepoint VM operation: G1PauseCleanup
Event: 13.374 Executing safepoint VM operation: G1PauseCleanup done
Event: 13.431 Executing non-safepoint VM operation: HandshakeAllThreads (Deoptimize)
Event: 13.431 Executing non-safepoint VM operation: HandshakeAllThreads (Deoptimize) done
Event: 14.422 Executing safepoint VM operation: ICBufferFull
Event: 14.422 Executing safepoint VM operation: ICBufferFull done
Event: 14.461 Executing safepoint VM operation: G1CollectForAllocation (G1 Evacuation Pause)
Event: 14.465 Executing safepoint VM operation: G1CollectForAllocation (G1 Evacuation Pause) done
Event: 14.906 Executing safepoint VM operation: G1CollectForAllocation (G1 Evacuation Pause)
Event: 14.912 Executing safepoint VM operation: G1CollectForAllocation (G1 Evacuation Pause) done
Event: 15.477 Executing non-safepoint VM operation: HandshakeAllThreads (Deoptimize)
Event: 15.477 Executing non-safepoint VM operation: HandshakeAllThreads (Deoptimize) done
Event: 15.778 Executing safepoint VM operation: G1CollectForAllocation (G1 Evacuation Pause)
Event: 15.783 Executing safepoint VM operation: G1CollectForAllocation (G1 Evacuation Pause) done
Event: 15.831 Executing safepoint VM operation: G1PauseRemark

Memory protections (0 events):
No events

Nmethod flushes (20 events):
Event: 15.837 Thread 0x000002027eea01c0 flushing  nmethod 0x000002020085ae90
Event: 15.837 Thread 0x000002027eea01c0 flushing  nmethod 0x00000202008e6a10
Event: 15.837 Thread 0x000002027eea01c0 flushing  nmethod 0x0000020200915410
Event: 15.837 Thread 0x000002027eea01c0 flushing  nmethod 0x0000020200915e10
Event: 15.837 Thread 0x000002027eea01c0 flushing  nmethod 0x0000020200b8e110
Event: 15.837 Thread 0x000002027eea01c0 flushing  nmethod 0x0000020200142f10
Event: 15.837 Thread 0x000002027eea01c0 flushing  nmethod 0x000002020017aa90
Event: 15.837 Thread 0x000002027eea01c0 flushing  nmethod 0x000002020017c090
Event: 15.837 Thread 0x000002027eea01c0 flushing  nmethod 0x000002020017e410
Event: 15.837 Thread 0x000002027eea01c0 flushing  nmethod 0x00000202002e1b90
Event: 15.837 Thread 0x000002027eea01c0 flushing  nmethod 0x00000202004fa510
Event: 15.837 Thread 0x000002027eea01c0 flushing  nmethod 0x0000020200540f10
Event: 15.837 Thread 0x000002027eea01c0 flushing  nmethod 0x0000020200546d90
Event: 15.837 Thread 0x000002027eea01c0 flushing osr nmethod 0x000002020064c990
Event: 15.837 Thread 0x000002027eea01c0 flushing  nmethod 0x000002020064d710
Event: 15.837 Thread 0x000002027eea01c0 flushing  nmethod 0x000002020064f910
Event: 15.837 Thread 0x000002027eea01c0 flushing  nmethod 0x000002020064fd90
Event: 15.837 Thread 0x000002027eea01c0 flushing  nmethod 0x0000020200650190
Event: 15.837 Thread 0x000002027eea01c0 flushing  nmethod 0x0000020200824090
Event: 15.837 Thread 0x000002027eea01c0 flushing  nmethod 0x000002020082b310

Events (20 events):
Event: 9.756 Thread 0x000002027f77d210 Thread added: 0x000002025692d100
Event: 9.833 Thread 0x000002027eed9980 Thread added: 0x000002025692d7d0
Event: 9.841 Thread 0x000002025692d100 Thread added: 0x000002025692bc90
Event: 10.815 Thread 0x000002025692bc90 Thread exited: 0x000002025692bc90
Event: 10.965 Thread 0x000002025692d7d0 Thread exited: 0x000002025692d7d0
Event: 11.119 Thread 0x000002025692d100 Thread exited: 0x000002025692d100
Event: 11.162 Thread 0x000002025692e570 Thread exited: 0x000002025692e570
Event: 11.525 Thread 0x000002025558e640 Thread added: 0x00000202595fc460
Event: 12.347 Thread 0x000002027f03b2e0 Thread added: 0x0000020258b1e1c0
Event: 12.842 Thread 0x0000020258b1e1c0 Thread exited: 0x0000020258b1e1c0
Event: 13.130 Thread 0x000002025558e640 Thread added: 0x00000202595f7c30
Event: 13.244 Thread 0x000002025692ca30 Thread exited: 0x000002025692ca30
Event: 13.298 Thread 0x000002025692ec40 Thread exited: 0x000002025692ec40
Event: 14.187 Thread 0x000002027eed9980 Thread added: 0x0000020258b1ef60
Event: 14.578 Thread 0x0000020258b1ef60 Thread exited: 0x0000020258b1ef60
Event: 14.713 Thread 0x000002027f409bc0 Thread added: 0x0000020258b1ef60
Event: 14.737 Thread 0x000002027f77d210 Thread added: 0x0000020258b20aa0
Event: 14.804 Thread 0x0000020258b1ef60 Thread added: 0x0000020258b1d420
Event: 15.406 Thread 0x0000020258b20aa0 Thread exited: 0x0000020258b20aa0
Event: 15.406 Thread 0x0000020258b1d420 Thread exited: 0x0000020258b1d420


Dynamic libraries:
0x00007ff6e7910000 - 0x00007ff6e791e000 	C:\Users\Haqii\.vscode\extensions\redhat.java-1.53.0-win32-x64\jre\21.0.10-win32-x86_64\bin\java.exe
0x00007ff97d6c0000 - 0x00007ff97d927000 	C:\WINDOWS\SYSTEM32\ntdll.dll
0x00007ff97c3c0000 - 0x00007ff97c489000 	C:\WINDOWS\System32\KERNEL32.DLL
0x00007ff97ae10000 - 0x00007ff97b1ff000 	C:\WINDOWS\System32\KERNELBASE.dll
0x00007ff97aab0000 - 0x00007ff97abfb000 	C:\WINDOWS\System32\ucrtbase.dll
0x00007ff936f20000 - 0x00007ff936f38000 	C:\Users\Haqii\.vscode\extensions\redhat.java-1.53.0-win32-x64\jre\21.0.10-win32-x86_64\bin\jli.dll
0x00007ff952d30000 - 0x00007ff952d4e000 	C:\Users\Haqii\.vscode\extensions\redhat.java-1.53.0-win32-x64\jre\21.0.10-win32-x86_64\bin\VCRUNTIME140.dll
0x00007ff97bf20000 - 0x00007ff97c0e5000 	C:\WINDOWS\System32\USER32.dll
0x00007ff969d60000 - 0x00007ff969ff3000 	C:\WINDOWS\WinSxS\amd64_microsoft.windows.common-controls_6595b64144ccf1df_6.0.26100.7309_none_3e05feeae336a044\COMCTL32.dll
0x00007ff97b370000 - 0x00007ff97b397000 	C:\WINDOWS\System32\win32u.dll
0x00007ff97d430000 - 0x00007ff97d4d9000 	C:\WINDOWS\System32\msvcrt.dll
0x00007ff97b620000 - 0x00007ff97b64b000 	C:\WINDOWS\System32\GDI32.dll
0x00007ff97a810000 - 0x00007ff97a93c000 	C:\WINDOWS\System32\gdi32full.dll
0x00007ff97b2c0000 - 0x00007ff97b363000 	C:\WINDOWS\System32\msvcp_win.dll
0x00007ff97b4d0000 - 0x00007ff97b501000 	C:\WINDOWS\System32\IMM32.DLL
0x00007ff953250000 - 0x00007ff95325c000 	C:\Users\Haqii\.vscode\extensions\redhat.java-1.53.0-win32-x64\jre\21.0.10-win32-x86_64\bin\vcruntime140_1.dll
0x00007ff910100000 - 0x00007ff91018d000 	C:\Users\Haqii\.vscode\extensions\redhat.java-1.53.0-win32-x64\jre\21.0.10-win32-x86_64\bin\msvcp140.dll
0x00007ff904c10000 - 0x00007ff9059b1000 	C:\Users\Haqii\.vscode\extensions\redhat.java-1.53.0-win32-x64\jre\21.0.10-win32-x86_64\bin\server\jvm.dll
0x00007ff97c190000 - 0x00007ff97c244000 	C:\WINDOWS\System32\ADVAPI32.dll
0x00007ff97d1d0000 - 0x00007ff97d276000 	C:\WINDOWS\System32\sechost.dll
0x00007ff97d300000 - 0x00007ff97d418000 	C:\WINDOWS\System32\RPCRT4.dll
0x00007ff97c110000 - 0x00007ff97c184000 	C:\WINDOWS\System32\WS2_32.dll
0x00007ff97a690000 - 0x00007ff97a6ee000 	C:\WINDOWS\SYSTEM32\POWRPROF.dll
0x00007ff970660000 - 0x00007ff970695000 	C:\WINDOWS\SYSTEM32\WINMM.dll
0x00007ff970650000 - 0x00007ff97065b000 	C:\WINDOWS\SYSTEM32\VERSION.dll
0x00007ff97a670000 - 0x00007ff97a684000 	C:\WINDOWS\SYSTEM32\UMPDC.dll
0x00007ff9795c0000 - 0x00007ff9795db000 	C:\WINDOWS\SYSTEM32\kernel.appcore.dll
0x00007ff952d00000 - 0x00007ff952d0a000 	C:\Users\Haqii\.vscode\extensions\redhat.java-1.53.0-win32-x64\jre\21.0.10-win32-x86_64\bin\jimage.dll
0x00007ff977bc0000 - 0x00007ff977e02000 	C:\WINDOWS\SYSTEM32\DBGHELP.DLL
0x00007ff97b6c0000 - 0x00007ff97ba45000 	C:\WINDOWS\System32\combase.dll
0x00007ff97ba50000 - 0x00007ff97bb26000 	C:\WINDOWS\System32\OLEAUT32.dll
0x00007ff964260000 - 0x00007ff96429c000 	C:\WINDOWS\SYSTEM32\dbgcore.DLL
0x00007ff97b210000 - 0x00007ff97b2b5000 	C:\WINDOWS\System32\bcryptPrimitives.dll
0x00007ff950d40000 - 0x00007ff950d4f000 	C:\Users\Haqii\.vscode\extensions\redhat.java-1.53.0-win32-x64\jre\21.0.10-win32-x86_64\bin\instrument.dll
0x00007ff92e710000 - 0x00007ff92e730000 	C:\Users\Haqii\.vscode\extensions\redhat.java-1.53.0-win32-x64\jre\21.0.10-win32-x86_64\bin\java.dll
0x00007ff97c490000 - 0x00007ff97cbe3000 	C:\WINDOWS\System32\SHELL32.dll
0x00007ff97a940000 - 0x00007ff97aaaa000 	C:\WINDOWS\System32\wintypes.dll
0x00007ff978450000 - 0x00007ff978cae000 	C:\WINDOWS\SYSTEM32\windows.storage.dll
0x00007ff97b520000 - 0x00007ff97b615000 	C:\WINDOWS\System32\SHCORE.dll
0x00007ff97b460000 - 0x00007ff97b4c6000 	C:\WINDOWS\System32\shlwapi.dll
0x00007ff97a730000 - 0x00007ff97a759000 	C:\WINDOWS\SYSTEM32\profapi.dll
0x00007ff9220e0000 - 0x00007ff9220f8000 	C:\Users\Haqii\.vscode\extensions\redhat.java-1.53.0-win32-x64\jre\21.0.10-win32-x86_64\bin\zip.dll
0x00007ff9513d0000 - 0x00007ff9513e0000 	C:\Users\Haqii\.vscode\extensions\redhat.java-1.53.0-win32-x64\jre\21.0.10-win32-x86_64\bin\net.dll
0x00007ff96f7d0000 - 0x00007ff96f8f8000 	C:\WINDOWS\SYSTEM32\WINHTTP.dll
0x00007ff979b30000 - 0x00007ff979b9b000 	C:\WINDOWS\system32\mswsock.dll
0x00007ff91f760000 - 0x00007ff91f776000 	C:\Users\Haqii\.vscode\extensions\redhat.java-1.53.0-win32-x64\jre\21.0.10-win32-x86_64\bin\nio.dll
0x00007ff950790000 - 0x00007ff9507a0000 	C:\Users\Haqii\.vscode\extensions\redhat.java-1.53.0-win32-x64\jre\21.0.10-win32-x86_64\bin\verify.dll
0x00007ff953730000 - 0x00007ff953757000 	C:\Users\Haqii\.gradle\native\1def1411415f61bf3af743bc5b6707747c0891f09f0c88961ee8f79bc544acac\windows-amd64\native-platform.dll
0x00007ff922a90000 - 0x00007ff922b08000 	C:\Users\Haqii\.gradle\native\0.2.7\x86_64-windows-gnu\gradle-fileevents.dll
0x00007ff950fa0000 - 0x00007ff950faa000 	C:\Users\Haqii\.vscode\extensions\redhat.java-1.53.0-win32-x64\jre\21.0.10-win32-x86_64\bin\management.dll
0x00007ff950d80000 - 0x00007ff950d8c000 	C:\Users\Haqii\.vscode\extensions\redhat.java-1.53.0-win32-x64\jre\21.0.10-win32-x86_64\bin\management_ext.dll
0x00007ff97cbf0000 - 0x00007ff97cbf8000 	C:\WINDOWS\System32\PSAPI.DLL
0x00007ff978fd0000 - 0x00007ff979004000 	C:\WINDOWS\SYSTEM32\IPHLPAPI.DLL
0x00007ff97d420000 - 0x00007ff97d42a000 	C:\WINDOWS\System32\NSI.dll
0x00007ff951250000 - 0x00007ff951259000 	C:\Users\Haqii\.vscode\extensions\redhat.java-1.53.0-win32-x64\jre\21.0.10-win32-x86_64\bin\extnet.dll
0x00007ff979df0000 - 0x00007ff979e0b000 	C:\WINDOWS\SYSTEM32\CRYPTSP.dll
0x00007ff979520000 - 0x00007ff97955a000 	C:\WINDOWS\system32\rsaenh.dll
0x00007ff979be0000 - 0x00007ff979c0b000 	C:\WINDOWS\SYSTEM32\USERENV.dll
0x00007ff97a700000 - 0x00007ff97a72a000 	C:\WINDOWS\SYSTEM32\bcrypt.dll
0x00007ff979e10000 - 0x00007ff979e1c000 	C:\WINDOWS\SYSTEM32\CRYPTBASE.dll
0x00007ff951260000 - 0x00007ff95126e000 	C:\Users\Haqii\.vscode\extensions\redhat.java-1.53.0-win32-x64\jre\21.0.10-win32-x86_64\bin\sunmscapi.dll
0x00007ff97ac90000 - 0x00007ff97ae07000 	C:\WINDOWS\System32\CRYPT32.dll
0x00007ff97a010000 - 0x00007ff97a040000 	C:\WINDOWS\SYSTEM32\ncrypt.dll
0x00007ff979fc0000 - 0x00007ff979fff000 	C:\WINDOWS\SYSTEM32\NTASN1.dll
0x00007ff90bb70000 - 0x00007ff90bb78000 	C:\WINDOWS\system32\wshunix.dll

JVMTI agents:
C:\Users\Haqii\.gradle\wrapper\dists\gradle-8.13-bin\5xuhj0ry160q40clulazy9h7d\gradle-8.13\lib\agents\gradle-instrumentation-agent-8.13.jar path:C:\Users\Haqii\.vscode\extensions\redhat.java-1.53.0-win32-x64\jre\21.0.10-win32-x86_64\bin\instrument.dll, loaded, initialized, instrumentlib options:none

dbghelp: loaded successfully - version: 4.0.5 - missing functions: none
symbol engine: initialized successfully - sym options: 0x614 - pdb path: .;C:\Users\Haqii\.vscode\extensions\redhat.java-1.53.0-win32-x64\jre\21.0.10-win32-x86_64\bin;C:\WINDOWS\SYSTEM32;C:\WINDOWS\WinSxS\amd64_microsoft.windows.common-controls_6595b64144ccf1df_6.0.26100.7309_none_3e05feeae336a044;C:\Users\Haqii\.vscode\extensions\redhat.java-1.53.0-win32-x64\jre\21.0.10-win32-x86_64\bin\server;C:\Users\Haqii\.gradle\native\1def1411415f61bf3af743bc5b6707747c0891f09f0c88961ee8f79bc544acac\windows-amd64;C:\Users\Haqii\.gradle\native\0.2.7\x86_64-windows-gnu

VM Arguments:
jvm_args: --add-opens=java.base/java.lang=ALL-UNNAMED --add-opens=java.base/java.lang.invoke=ALL-UNNAMED --add-opens=java.base/java.util=ALL-UNNAMED --add-opens=java.prefs/java.util.prefs=ALL-UNNAMED --add-exports=jdk.compiler/com.sun.tools.javac.api=ALL-UNNAMED --add-exports=jdk.compiler/com.sun.tools.javac.util=ALL-UNNAMED --add-opens=java.base/java.util=ALL-UNNAMED --add-opens=java.prefs/java.util.prefs=ALL-UNNAMED --add-opens=java.base/java.nio.charset=ALL-UNNAMED --add-opens=java.base/java.net=ALL-UNNAMED --add-opens=java.base/java.util.concurrent.atomic=ALL-UNNAMED --add-opens=java.xml/javax.xml.namespace=ALL-UNNAMED -Xmx2048m -Dfile.encoding=UTF-8 -Duser.country=ID -Duser.language=en -Duser.variant -javaagent:C:\Users\Haqii\.gradle\wrapper\dists\gradle-8.13-bin\5xuhj0ry160q40clulazy9h7d\gradle-8.13\lib\agents\gradle-instrumentation-agent-8.13.jar 
java_command: org.gradle.launcher.daemon.bootstrap.GradleDaemon 8.13
java_class_path (initial): C:\Users\Haqii\.gradle\wrapper\dists\gradle-8.13-bin\5xuhj0ry160q40clulazy9h7d\gradle-8.13\lib\gradle-daemon-main-8.13.jar
Launcher Type: SUN_STANDARD

[Global flags]
     intx CICompilerCount                          = 12                                        {product} {ergonomic}
     uint ConcGCThreads                            = 3                                         {product} {ergonomic}
     uint G1ConcRefinementThreads                  = 13                                        {product} {ergonomic}
   size_t G1HeapRegionSize                         = 1048576                                   {product} {ergonomic}
    uintx GCDrainStackTargetSize                   = 64                                        {product} {ergonomic}
   size_t InitialHeapSize                          = 255852544                                 {product} {ergonomic}
   size_t MarkStackSize                            = 4194304                                   {product} {ergonomic}
   size_t MaxHeapSize                              = 2147483648                                {product} {command line}
   size_t MaxNewSize                               = 1287651328                                {product} {ergonomic}
   size_t MinHeapDeltaBytes                        = 1048576                                   {product} {ergonomic}
   size_t MinHeapSize                              = 8388608                                   {product} {ergonomic}
    uintx NonNMethodCodeHeapSize                   = 7602480                                {pd product} {ergonomic}
    uintx NonProfiledCodeHeapSize                  = 122027880                              {pd product} {ergonomic}
    uintx ProfiledCodeHeapSize                     = 122027880                              {pd product} {ergonomic}
    uintx ReservedCodeCacheSize                    = 251658240                              {pd product} {ergonomic}
     bool SegmentedCodeCache                       = true                                      {product} {ergonomic}
   size_t SoftMaxHeapSize                          = 2147483648                             {manageable} {ergonomic}
     bool UseCompressedOops                        = true                           {product lp64_product} {ergonomic}
     bool UseG1GC                                  = true                                      {product} {ergonomic}
     bool UseLargePagesIndividualAllocation        = false                                  {pd product} {ergonomic}

Logging:
Log output configuration:
 #0: stdout all=warning uptime,level,tags foldmultilines=false
 #1: stderr all=off uptime,level,tags foldmultilines=false

Release file:
JAVA_VERSION="21.0.10" 
MODULES="java.base java.compiler java.datatransfer java.xml java.prefs java.desktop java.instrument java.logging java.management java.security.sasl java.naming java.rmi java.management.rmi java.net.http java.scripting java.security.jgss java.transaction.xa java.sql java.sql.rowset java.xml.crypto java.se java.smartcardio jdk.accessibility jdk.internal.jvmstat jdk.attach jdk.charsets jdk.internal.opt jdk.zipfs jdk.compiler jdk.crypto.ec jdk.crypto.cryptoki jdk.crypto.mscapi jdk.dynalink jdk.internal.ed jdk.editpad jdk.hotspot.agent jdk.httpserver jdk.internal.le jdk.internal.vm.ci jdk.internal.vm.compiler jdk.internal.vm.compiler.management jdk.jartool jdk.javadoc jdk.jcmd jdk.management jdk.management.agent jdk.jconsole jdk.jdeps jdk.jdwp.agent jdk.jdi jdk.jfr jdk.jshell jdk.jsobject jdk.jstatd jdk.localedata jdk.management.jfr jdk.naming.dns jdk.naming.rmi jdk.net jdk.nio.mapmode jdk.random jdk.sctp jdk.security.auth jdk.security.jgss jdk.unsupported jdk.unsupported.desktop jdk.xml.dom" 

Environment Variables:
PATH=C:\Program Files\Common Files\Oracle\Java\javapath;C:\Program Files (x86)\Common Files\Oracle\Java\java8path;C:\Program Files (x86)\Common Files\Oracle\Java\javapath;C:\WINDOWS\system32;C:\WINDOWS;C:\WINDOWS\System32\Wbem;C:\WINDOWS\System32\WindowsPowerShell\v1.0\;C:\WINDOWS\System32\OpenSSH\;C:\xampp\php;C:\ProgramData\ComposerSetup\bin;C:\Program Files\Git\cmd;C:\Program Files\dotnet\;C:\ProgramData\chocolatey\bin;C:\Program Files\nodejs\;C:\Program Files\Common Files\Oracle\Java\javapath;C:\Windows\system32;C:\Windows;C:\Windows\System32\Wbem;C:\Windows\System32\WindowsPowerShell\v1.0\;C:\Windows\System32\OpenSSH\;C:\xampp\php;C:\ProgramData\ComposerSetup\bin;C:\Program Files\nodejs\;C:\Program Files\Git\cmd;C:\Program Files\dotnet\;C:\ProgramData\chocolatey\bin;c:\Users\Haqii\AppData\Local\Programs\cursor\resources\app\codeBin;C:\Users\Haqii\AppData\Local\Programs\Python\Launcher\;C:\Users\Haqii\AppData\Local\Microsoft\WindowsApps;C:\Users\Haqii\AppData\Local\Programs\Microsoft VS Code\bin;C:\Users\Haqii\AppData\Roaming\Composer\vendor\bin;C:\msys64\ucrt64\bin;C:\Users\Haqii\AppData\Local\spicetify;C:\Users\Haqii\.deno\bin;C:\Android\cmdline-tools\latest\bin;C:\Android\platform-tools;C:\Android\emulator;C:\Users\Haqii\AppData\Roaming\npm;C:\Users\Haqii\AppData\Local\Microsoft\WindowsApps;C:\laragon\bin\php\php-8.3.26-Win32-vs16-x64;C:\laragon\bin\composer;
USERNAME=Haqii
OS=Windows_NT
PROCESSOR_IDENTIFIER=AMD64 Family 25 Model 68 Stepping 1, AuthenticAMD
TMP=C:\Users\Haqii\AppData\Local\Temp
TEMP=C:\Users\Haqii\AppData\Local\Temp




Periodic native trim disabled

---------------  S Y S T E M  ---------------

OS:
 Windows 11 , 64 bit Build 26100 (10.0.26100.7309)
OS uptime: 0 days 4:12 hours

CPU: total 16 (initial active 16) (16 cores per cpu, 2 threads per core) family 25 model 68 stepping 1 microcode 0xa404102, cx8, cmov, fxsr, ht, mmx, 3dnowpref, sse, sse2, sse3, ssse3, sse4a, sse4.1, sse4.2, popcnt, lzcnt, tsc, tscinvbit, avx, avx2, aes, erms, clmul, bmi1, bmi2, adx, sha, fma, vzeroupper, clflush, clflushopt, rdtscp, rdpid, fsrm, f16c, pku, cet_ss
Processor Information for processor 0
  Max Mhz: 3201, Current Mhz: 2502, Mhz Limit: 3201
Processor Information for processor 1
  Max Mhz: 3201, Current Mhz: 3201, Mhz Limit: 3201
Processor Information for processor 2
  Max Mhz: 3201, Current Mhz: 2502, Mhz Limit: 3201
Processor Information for processor 3
  Max Mhz: 3201, Current Mhz: 3201, Mhz Limit: 3201
Processor Information for processor 4
  Max Mhz: 3201, Current Mhz: 2502, Mhz Limit: 3201
Processor Information for processor 5
  Max Mhz: 3201, Current Mhz: 2502, Mhz Limit: 3201
Processor Information for processor 6
  Max Mhz: 3201, Current Mhz: 3201, Mhz Limit: 3201
Processor Information for processor 7
  Max Mhz: 3201, Current Mhz: 2502, Mhz Limit: 3201
Processor Information for processor 8
  Max Mhz: 3201, Current Mhz: 3201, Mhz Limit: 3201
Processor Information for processor 9
  Max Mhz: 3201, Current Mhz: 3201, Mhz Limit: 3201
Processor Information for processor 10
  Max Mhz: 3201, Current Mhz: 3201, Mhz Limit: 3201
Processor Information for processor 11
  Max Mhz: 3201, Current Mhz: 3201, Mhz Limit: 3201
Processor Information for processor 12
  Max Mhz: 3201, Current Mhz: 3201, Mhz Limit: 3201
Processor Information for processor 13
  Max Mhz: 3201, Current Mhz: 2502, Mhz Limit: 3201
Processor Information for processor 14
  Max Mhz: 3201, Current Mhz: 3201, Mhz Limit: 3201
Processor Information for processor 15
  Max Mhz: 3201, Current Mhz: 2502, Mhz Limit: 3201

Memory: 4k page, system-wide physical 15613M (993M free)
TotalPageFile size 28925M (AvailPageFile size 1M)
current process WorkingSet (physical memory assigned to process): 400M, peak: 409M
current process commit charge ("private bytes"): 457M, peak: 459M

vm_info: OpenJDK 64-Bit Server VM (21.0.10+7-LTS) for windows-amd64 JRE (21.0.10+7-LTS), built on 2026-01-20T00:00:00Z by "admin" with MS VC++ 17.12 (VS2022)

END.
