#
# There is insufficient memory for the Java Runtime Environment to continue.
# Native memory allocation (malloc) failed to allocate 1736336 bytes. Error detail: Chunk::new
# Possible reasons:
#   The system is out of physical RAM or swap space
#   This process is running with CompressedOops enabled, and the Java Heap may be blocking the growth of the native heap
# Possible solutions:
#   Reduce memory load on the system
#   Increase physical memory or swap space
#   Check if swap backing store is full
#   Decrease Java heap size (-Xmx/-Xms)
#   Decrease number of Java threads
#   Decrease Java thread stack sizes (-Xss)
#   Set larger code cache with -XX:ReservedCodeCacheSize=
#   JVM is running with Unscaled Compressed Oops mode in which the Java heap is
#     placed in the first 4GB address space. The Java Heap base address is the
#     maximum limit for the native heap growth. Please use -XX:HeapBaseMinAddress
#     to set the Java Heap base and to place the Java Heap above 4GB virtual address.
# This output file may be truncated or incomplete.
#
#  Out of Memory Error (arena.cpp:168), pid=23460, tid=24116
#
# JRE version: OpenJDK Runtime Environment (21.0.6) (build 21.0.6+-13391695-b895.109)
# Java VM: OpenJDK 64-Bit Server VM (21.0.6+-13391695-b895.109, mixed mode, tiered, compressed oops, compressed class ptrs, g1 gc, windows-amd64)
# No core dump will be written. Minidumps are not enabled by default on client versions of Windows
#

---------------  S U M M A R Y ------------

Command Line: --add-opens=java.base/java.lang=ALL-UNNAMED --add-opens=java.base/java.lang.invoke=ALL-UNNAMED --add-opens=java.base/java.util=ALL-UNNAMED --add-opens=java.prefs/java.util.prefs=ALL-UNNAMED --add-exports=jdk.compiler/com.sun.tools.javac.api=ALL-UNNAMED --add-exports=jdk.compiler/com.sun.tools.javac.util=ALL-UNNAMED --add-opens=java.base/java.util=ALL-UNNAMED --add-opens=java.prefs/java.util.prefs=ALL-UNNAMED --add-opens=java.base/java.nio.charset=ALL-UNNAMED --add-opens=java.base/java.net=ALL-UNNAMED --add-opens=java.base/java.util.concurrent.atomic=ALL-UNNAMED --add-opens=java.xml/javax.xml.namespace=ALL-UNNAMED -Xmx2048m -Dfile.encoding=UTF-8 -Duser.country=ID -Duser.language=en -Duser.variant -javaagent:C:\Users\Haqii\.gradle\wrapper\dists\gradle-8.13-bin\5xuhj0ry160q40clulazy9h7d\gradle-8.13\lib\agents\gradle-instrumentation-agent-8.13.jar org.gradle.launcher.daemon.bootstrap.GradleDaemon 8.13

Host: AMD Ryzen 7 7735HS with Radeon Graphics        , 16 cores, 13G,  Windows 11 , 64 bit Build 26100 (10.0.26100.7309)
Time: Wed Feb 25 07:03:42 2026 SE Asia Standard Time elapsed time: 4.735070 seconds (0d 0h 0m 4s)

---------------  T H R E A D  ---------------

Current thread (0x000002b91c486ea0):  JavaThread "C2 CompilerThread2" daemon [_thread_in_native, id=24116, stack(0x000000dd79300000,0x000000dd79400000) (1024K)]


Current CompileTask:
C2:4735 4323   !   4       java.net.URLClassLoader$1::run (81 bytes)

Stack: [0x000000dd79300000,0x000000dd79400000]
Native frames: (J=compiled Java code, j=interpreted, Vv=VM code, C=native code)
V  [jvm.dll+0x6d0639]
V  [jvm.dll+0x85eb03]
V  [jvm.dll+0x86105e]
V  [jvm.dll+0x861743]
V  [jvm.dll+0x27e6e6]
V  [jvm.dll+0xbff6d]
V  [jvm.dll+0xc04a3]
V  [jvm.dll+0x3b6171]
V  [jvm.dll+0x3820c7]
V  [jvm.dll+0x38153a]
V  [jvm.dll+0x247c82]
V  [jvm.dll+0x247251]
V  [jvm.dll+0x1c5f04]
V  [jvm.dll+0x2569ac]
V  [jvm.dll+0x254ef6]
V  [jvm.dll+0x3f0e96]
V  [jvm.dll+0x806ed8]
V  [jvm.dll+0x6cef0d]
C  [ucrtbase.dll+0x37b0]
C  [KERNEL32.DLL+0x2e8d7]
C  [ntdll.dll+0x8c53c]


---------------  P R O C E S S  ---------------

Threads class SMR info:
_java_thread_list=0x000002b9262a5220, length=36, elements={
0x000002b901c69960, 0x000002b91c470250, 0x000002b91c471810, 0x000002b91c47e670,
0x000002b91c459170, 0x000002b91c45ba40, 0x000002b91c47bd20, 0x000002b91c4821d0,
0x000002b91c483ef0, 0x000002b91c611760, 0x000002b91c486100, 0x000002b91c4845c0,
0x000002b91c7cdca0, 0x000002b91c483820, 0x000002b91c4867d0, 0x000002b92216c590,
0x000002b92229d950, 0x000002b9222926f0, 0x000002b922393340, 0x000002b922478d40,
0x000002b922200ad0, 0x000002b9221fbe50, 0x000002b9223a7db0, 0x000002b9223a8440,
0x000002b9223a7720, 0x000002b9223a7090, 0x000002b9223a4fc0, 0x000002b9223a6370,
0x000002b9223a5650, 0x000002b9223a5ce0, 0x000002b9223a6a00, 0x000002b9256f8ac0,
0x000002b91c486ea0, 0x000002b925635e30, 0x000002b925635090, 0x000002b925635760
}

Java Threads: ( => current thread )
  0x000002b901c69960 JavaThread "main"                              [_thread_blocked, id=22592, stack(0x000000dd75e00000,0x000000dd75f00000) (1024K)]
  0x000002b91c470250 JavaThread "Reference Handler"          daemon [_thread_blocked, id=22736, stack(0x000000dd76600000,0x000000dd76700000) (1024K)]
  0x000002b91c471810 JavaThread "Finalizer"                  daemon [_thread_blocked, id=22740, stack(0x000000dd76700000,0x000000dd76800000) (1024K)]
  0x000002b91c47e670 JavaThread "Signal Dispatcher"          daemon [_thread_blocked, id=22768, stack(0x000000dd76800000,0x000000dd76900000) (1024K)]
  0x000002b91c459170 JavaThread "Attach Listener"            daemon [_thread_blocked, id=22644, stack(0x000000dd76900000,0x000000dd76a00000) (1024K)]
  0x000002b91c45ba40 JavaThread "Service Thread"             daemon [_thread_blocked, id=22648, stack(0x000000dd76a00000,0x000000dd76b00000) (1024K)]
  0x000002b91c47bd20 JavaThread "Monitor Deflation Thread"   daemon [_thread_blocked, id=22812, stack(0x000000dd76b00000,0x000000dd76c00000) (1024K)]
  0x000002b91c4821d0 JavaThread "C2 CompilerThread0"         daemon [_thread_in_native, id=22672, stack(0x000000dd76c00000,0x000000dd76d00000) (1024K)]
  0x000002b91c483ef0 JavaThread "C1 CompilerThread0"         daemon [_thread_blocked, id=22540, stack(0x000000dd76d00000,0x000000dd76e00000) (1024K)]
  0x000002b91c611760 JavaThread "Common-Cleaner"             daemon [_thread_blocked, id=22532, stack(0x000000dd76e00000,0x000000dd76f00000) (1024K)]
  0x000002b91c486100 JavaThread "C1 CompilerThread1"         daemon [_thread_blocked, id=22536, stack(0x000000dd76f00000,0x000000dd77000000) (1024K)]
  0x000002b91c4845c0 JavaThread "C1 CompilerThread2"         daemon [_thread_blocked, id=23520, stack(0x000000dd77000000,0x000000dd77100000) (1024K)]
  0x000002b91c7cdca0 JavaThread "Notification Thread"        daemon [_thread_blocked, id=23448, stack(0x000000dd77100000,0x000000dd77200000) (1024K)]
  0x000002b91c483820 JavaThread "C2 CompilerThread1"         daemon [_thread_in_native, id=23500, stack(0x000000dd77200000,0x000000dd77300000) (1024K)]
  0x000002b91c4867d0 JavaThread "C1 CompilerThread3"         daemon [_thread_blocked, id=22900, stack(0x000000dd77700000,0x000000dd77800000) (1024K)]
  0x000002b92216c590 JavaThread "Daemon health stats"               [_thread_blocked, id=23216, stack(0x000000dd77c00000,0x000000dd77d00000) (1024K)]
  0x000002b92229d950 JavaThread "Incoming local TCP Connector on port 58781"        [_thread_in_native, id=23192, stack(0x000000dd77d00000,0x000000dd77e00000) (1024K)]
  0x000002b9222926f0 JavaThread "Daemon periodic checks"            [_thread_blocked, id=23048, stack(0x000000dd77e00000,0x000000dd77f00000) (1024K)]
  0x000002b922393340 JavaThread "Daemon"                            [_thread_blocked, id=23064, stack(0x000000dd77f00000,0x000000dd78000000) (1024K)]
  0x000002b922478d40 JavaThread "Handler for socket connection from /127.0.0.1:58781 to /127.0.0.1:58782"        [_thread_in_native, id=23156, stack(0x000000dd78000000,0x000000dd78100000) (1024K)]
  0x000002b922200ad0 JavaThread "Cancel handler"                    [_thread_blocked, id=22824, stack(0x000000dd78100000,0x000000dd78200000) (1024K)]
  0x000002b9221fbe50 JavaThread "Daemon worker"                     [_thread_blocked, id=22772, stack(0x000000dd78200000,0x000000dd78300000) (1024K)]
  0x000002b9223a7db0 JavaThread "Asynchronous log dispatcher for DefaultDaemonConnection: socket connection from /127.0.0.1:58781 to /127.0.0.1:58782"        [_thread_blocked, id=23232, stack(0x000000dd78300000,0x000000dd78400000) (1024K)]
  0x000002b9223a8440 JavaThread "Stdin handler"                     [_thread_blocked, id=17284, stack(0x000000dd78400000,0x000000dd78500000) (1024K)]
  0x000002b9223a7720 JavaThread "Daemon client event forwarder"        [_thread_blocked, id=23272, stack(0x000000dd78500000,0x000000dd78600000) (1024K)]
  0x000002b9223a7090 JavaThread "Cache worker for journal cache (C:\Users\Haqii\.gradle\caches\journal-1)"        [_thread_blocked, id=23328, stack(0x000000dd78c00000,0x000000dd78d00000) (1024K)]
  0x000002b9223a4fc0 JavaThread "File lock request listener"        [_thread_in_native, id=23412, stack(0x000000dd78d00000,0x000000dd78e00000) (1024K)]
  0x000002b9223a6370 JavaThread "Cache worker for file hash cache (C:\Users\Haqii\.gradle\caches\8.13\fileHashes)"        [_thread_blocked, id=23224, stack(0x000000dd78e00000,0x000000dd78f00000) (1024K)]
  0x000002b9223a5650 JavaThread "Cache worker for file hash cache (D:\KELAS-XI\Tugas Akhir Semester 1\MyApplication\.gradle\8.13\fileHashes)"        [_thread_blocked, id=23992, stack(0x000000dd78f00000,0x000000dd79000000) (1024K)]
  0x000002b9223a5ce0 JavaThread "Cache worker for Build Output Cleanup Cache (D:\KELAS-XI\Tugas Akhir Semester 1\MyApplication\.gradle\buildOutputCleanup)"        [_thread_blocked, id=23996, stack(0x000000dd79000000,0x000000dd79100000) (1024K)]
  0x000002b9223a6a00 JavaThread "File watcher server"        daemon [_thread_in_native, id=24052, stack(0x000000dd79100000,0x000000dd79200000) (1024K)]
  0x000002b9256f8ac0 JavaThread "File watcher consumer"      daemon [_thread_blocked, id=24056, stack(0x000000dd79200000,0x000000dd79300000) (1024K)]
=>0x000002b91c486ea0 JavaThread "C2 CompilerThread2"         daemon [_thread_in_native, id=24116, stack(0x000000dd79300000,0x000000dd79400000) (1024K)]
  0x000002b925635e30 JavaThread "C2 CompilerThread3"         daemon [_thread_in_native, id=24216, stack(0x000000dd79400000,0x000000dd79500000) (1024K)]
  0x000002b925635090 JavaThread "C2 CompilerThread4"         daemon [_thread_in_native, id=24220, stack(0x000000dd79500000,0x000000dd79600000) (1024K)]
  0x000002b925635760 JavaThread "C2 CompilerThread5"         daemon [_thread_in_native, id=24224, stack(0x000000dd79600000,0x000000dd79700000) (1024K)]
Total: 36

Other Threads:
  0x000002b91c402140 VMThread "VM Thread"                           [id=22696, stack(0x000000dd76500000,0x000000dd76600000) (1024K)]
  0x000002b91c1f9ca0 WatcherThread "VM Periodic Task Thread"        [id=492, stack(0x000000dd76400000,0x000000dd76500000) (1024K)]
  0x000002b9040c56b0 WorkerThread "GC Thread#0"                     [id=10972, stack(0x000000dd75f00000,0x000000dd76000000) (1024K)]
  0x000002b91cae8d50 WorkerThread "GC Thread#1"                     [id=22860, stack(0x000000dd77300000,0x000000dd77400000) (1024K)]
  0x000002b91c9df0b0 WorkerThread "GC Thread#2"                     [id=22864, stack(0x000000dd77400000,0x000000dd77500000) (1024K)]
  0x000002b91cc45bf0 WorkerThread "GC Thread#3"                     [id=22868, stack(0x000000dd77500000,0x000000dd77600000) (1024K)]
  0x000002b91cc45f90 WorkerThread "GC Thread#4"                     [id=22896, stack(0x000000dd77600000,0x000000dd77700000) (1024K)]
  0x000002b9222ad8c0 WorkerThread "GC Thread#5"                     [id=22480, stack(0x000000dd77800000,0x000000dd77900000) (1024K)]
  0x000002b9222adc60 WorkerThread "GC Thread#6"                     [id=10104, stack(0x000000dd77900000,0x000000dd77a00000) (1024K)]
  0x000002b9222aee20 WorkerThread "GC Thread#7"                     [id=1892, stack(0x000000dd77a00000,0x000000dd77b00000) (1024K)]
  0x000002b92218be30 WorkerThread "GC Thread#8"                     [id=23212, stack(0x000000dd77b00000,0x000000dd77c00000) (1024K)]
  0x000002b92218d790 WorkerThread "GC Thread#9"                     [id=23260, stack(0x000000dd78600000,0x000000dd78700000) (1024K)]
  0x000002b92218c1d0 WorkerThread "GC Thread#10"                    [id=21356, stack(0x000000dd78700000,0x000000dd78800000) (1024K)]
  0x000002b92218d050 WorkerThread "GC Thread#11"                    [id=18360, stack(0x000000dd78800000,0x000000dd78900000) (1024K)]
  0x000002b92218c570 WorkerThread "GC Thread#12"                    [id=22184, stack(0x000000dd78900000,0x000000dd78a00000) (1024K)]
  0x000002b9040d73e0 ConcurrentGCThread "G1 Main Marker"            [id=22600, stack(0x000000dd76000000,0x000000dd76100000) (1024K)]
  0x000002b9040d7df0 WorkerThread "G1 Conc#0"                       [id=22604, stack(0x000000dd76100000,0x000000dd76200000) (1024K)]
  0x000002b92218c910 WorkerThread "G1 Conc#1"                       [id=23336, stack(0x000000dd78a00000,0x000000dd78b00000) (1024K)]
  0x000002b92218ccb0 WorkerThread "G1 Conc#2"                       [id=23344, stack(0x000000dd78b00000,0x000000dd78c00000) (1024K)]
  0x000002b90412eb00 ConcurrentGCThread "G1 Refine#0"               [id=17244, stack(0x000000dd76200000,0x000000dd76300000) (1024K)]
  0x000002b91c0ceaf0 ConcurrentGCThread "G1 Service"                [id=13400, stack(0x000000dd76300000,0x000000dd76400000) (1024K)]
Total: 21

Threads with active compile tasks:
C2 CompilerThread0  5768 4322       4       java.net.URLClassLoader$1::run (5 bytes)
C2 CompilerThread1  5768 4319   !   4       java.net.URLClassLoader::findClass (47 bytes)
C2 CompilerThread2  5768 4323   !   4       java.net.URLClassLoader$1::run (81 bytes)
C2 CompilerThread3  5768 4331       4       java.lang.invoke.InvokerBytecodeGenerator::emitPushArguments (45 bytes)
C2 CompilerThread4  5768 4312       4       jdk.internal.org.objectweb.asm.MethodWriter::visitInsn (115 bytes)
C2 CompilerThread5  5768 4306       4       jdk.internal.org.objectweb.asm.MethodWriter::visitMethodInsn (191 bytes)
Total: 6

VM state: not at safepoint (normal execution)

VM Mutex/Monitor currently owned by a thread: None

Heap address: 0x0000000080000000, size: 2048 MB, Compressed Oops mode: 32-bit

CDS archive(s) not mapped
Compressed class space mapped at: 0x0000000100000000-0x0000000140000000, reserved size: 1073741824
Narrow klass base: 0x0000000000000000, Narrow klass shift: 3, Narrow klass range: 0x140000000

GC Precious Log:
 CardTable entry size: 512
 Card Set container configuration: InlinePtr #cards 5 size 8 Array Of Cards #cards 12 size 40 Howl #buckets 4 coarsen threshold 1843 Howl Bitmap #cards 512 size 80 coarsen threshold 460 Card regions per heap region 1 cards per card region 2048
 CPUs: 16 total, 16 available
 Memory: 14077M
 Large Page Support: Disabled
 NUMA Support: Disabled
 Compressed Oops: Enabled (32-bit)
 Heap Region Size: 1M
 Heap Min Capacity: 8M
 Heap Initial Capacity: 220M
 Heap Max Capacity: 2G
 Pre-touch: Disabled
 Parallel Workers: 13
 Concurrent Workers: 3
 Concurrent Refinement Workers: 13
 Periodic GC: Disabled

Heap:
 garbage-first heap   total 79872K, used 47001K [0x0000000080000000, 0x0000000100000000)
  region size 1024K, 18 young (18432K), 3 survivors (3072K)
 Metaspace       used 45562K, committed 46528K, reserved 1114112K
  class space    used 5863K, committed 6336K, reserved 1048576K

Heap Regions: E=young(eden), S=young(survivor), O=old, HS=humongous(starts), HC=humongous(continues), CS=collection set, F=free, TAMS=top-at-mark-start, PB=parsable bottom
|   0|0x0000000080000000, 0x0000000080100000, 0x0000000080100000|100%|HS|  |TAMS 0x0000000080000000| PB 0x0000000080000000| Complete 
|   1|0x0000000080100000, 0x0000000080200000, 0x0000000080200000|100%|HC|  |TAMS 0x0000000080100000| PB 0x0000000080100000| Complete 
|   2|0x0000000080200000, 0x0000000080300000, 0x0000000080300000|100%|HC|  |TAMS 0x0000000080200000| PB 0x0000000080200000| Complete 
|   3|0x0000000080300000, 0x0000000080400000, 0x0000000080400000|100%| O|  |TAMS 0x0000000080300000| PB 0x0000000080300000| Untracked 
|   4|0x0000000080400000, 0x0000000080500000, 0x0000000080500000|100%| O|  |TAMS 0x0000000080400000| PB 0x0000000080400000| Untracked 
|   5|0x0000000080500000, 0x0000000080600000, 0x0000000080600000|100%| O|  |TAMS 0x0000000080500000| PB 0x0000000080500000| Untracked 
|   6|0x0000000080600000, 0x0000000080700000, 0x0000000080700000|100%|HS|  |TAMS 0x0000000080600000| PB 0x0000000080600000| Complete 
|   7|0x0000000080700000, 0x0000000080800000, 0x0000000080800000|100%| O|  |TAMS 0x0000000080700000| PB 0x0000000080700000| Untracked 
|   8|0x0000000080800000, 0x0000000080900000, 0x0000000080900000|100%| O|  |TAMS 0x0000000080800000| PB 0x0000000080800000| Untracked 
|   9|0x0000000080900000, 0x0000000080a00000, 0x0000000080a00000|100%| O|  |TAMS 0x0000000080900000| PB 0x0000000080900000| Untracked 
|  10|0x0000000080a00000, 0x0000000080b00000, 0x0000000080b00000|100%| O|  |TAMS 0x0000000080a00000| PB 0x0000000080a00000| Untracked 
|  11|0x0000000080b00000, 0x0000000080c00000, 0x0000000080c00000|100%| O|  |TAMS 0x0000000080b00000| PB 0x0000000080b00000| Untracked 
|  12|0x0000000080c00000, 0x0000000080d00000, 0x0000000080d00000|100%| O|  |TAMS 0x0000000080c00000| PB 0x0000000080c00000| Untracked 
|  13|0x0000000080d00000, 0x0000000080e00000, 0x0000000080e00000|100%| O|  |TAMS 0x0000000080d00000| PB 0x0000000080d00000| Untracked 
|  14|0x0000000080e00000, 0x0000000080f00000, 0x0000000080f00000|100%| O|  |TAMS 0x0000000080e00000| PB 0x0000000080e00000| Untracked 
|  15|0x0000000080f00000, 0x0000000081000000, 0x0000000081000000|100%| O|  |TAMS 0x0000000080f00000| PB 0x0000000080f00000| Untracked 
|  16|0x0000000081000000, 0x0000000081100000, 0x0000000081100000|100%| O|  |TAMS 0x0000000081000000| PB 0x0000000081000000| Untracked 
|  17|0x0000000081100000, 0x0000000081200000, 0x0000000081200000|100%| O|  |TAMS 0x0000000081100000| PB 0x0000000081100000| Untracked 
|  18|0x0000000081200000, 0x0000000081300000, 0x0000000081300000|100%| O|  |TAMS 0x0000000081200000| PB 0x0000000081200000| Untracked 
|  19|0x0000000081300000, 0x0000000081300000, 0x0000000081400000|  0%| F|  |TAMS 0x0000000081300000| PB 0x0000000081300000| Untracked 
|  20|0x0000000081400000, 0x0000000081500000, 0x0000000081500000|100%| O|  |TAMS 0x0000000081400000| PB 0x0000000081400000| Untracked 
|  21|0x0000000081500000, 0x0000000081600000, 0x0000000081600000|100%| O|  |TAMS 0x0000000081500000| PB 0x0000000081500000| Untracked 
|  22|0x0000000081600000, 0x0000000081700000, 0x0000000081700000|100%| O|  |TAMS 0x0000000081600000| PB 0x0000000081600000| Untracked 
|  23|0x0000000081700000, 0x0000000081800000, 0x0000000081800000|100%| O|  |TAMS 0x0000000081700000| PB 0x0000000081700000| Untracked 
|  24|0x0000000081800000, 0x0000000081800000, 0x0000000081900000|  0%| F|  |TAMS 0x0000000081800000| PB 0x0000000081800000| Untracked 
|  25|0x0000000081900000, 0x0000000081900000, 0x0000000081a00000|  0%| F|  |TAMS 0x0000000081900000| PB 0x0000000081900000| Untracked 
|  26|0x0000000081a00000, 0x0000000081b00000, 0x0000000081b00000|100%| O|  |TAMS 0x0000000081a00000| PB 0x0000000081a00000| Untracked 
|  27|0x0000000081b00000, 0x0000000081c00000, 0x0000000081c00000|100%| O|  |TAMS 0x0000000081b00000| PB 0x0000000081b00000| Untracked 
|  28|0x0000000081c00000, 0x0000000081c00000, 0x0000000081d00000|  0%| F|  |TAMS 0x0000000081c00000| PB 0x0000000081c00000| Untracked 
|  29|0x0000000081d00000, 0x0000000081d00000, 0x0000000081e00000|  0%| F|  |TAMS 0x0000000081d00000| PB 0x0000000081d00000| Untracked 
|  30|0x0000000081e00000, 0x0000000081e00000, 0x0000000081f00000|  0%| F|  |TAMS 0x0000000081e00000| PB 0x0000000081e00000| Untracked 
|  31|0x0000000081f00000, 0x0000000081f00000, 0x0000000082000000|  0%| F|  |TAMS 0x0000000081f00000| PB 0x0000000081f00000| Untracked 
|  32|0x0000000082000000, 0x0000000082000000, 0x0000000082100000|  0%| F|  |TAMS 0x0000000082000000| PB 0x0000000082000000| Untracked 
|  33|0x0000000082100000, 0x0000000082100000, 0x0000000082200000|  0%| F|  |TAMS 0x0000000082100000| PB 0x0000000082100000| Untracked 
|  34|0x0000000082200000, 0x0000000082300000, 0x0000000082300000|100%| O|  |TAMS 0x0000000082200000| PB 0x0000000082200000| Untracked 
|  35|0x0000000082300000, 0x0000000082400000, 0x0000000082400000|100%| O|  |TAMS 0x0000000082300000| PB 0x0000000082300000| Untracked 
|  36|0x0000000082400000, 0x0000000082500000, 0x0000000082500000|100%| O|  |TAMS 0x0000000082400000| PB 0x0000000082400000| Untracked 
|  37|0x0000000082500000, 0x0000000082600000, 0x0000000082600000|100%| O|  |TAMS 0x0000000082500000| PB 0x0000000082500000| Untracked 
|  38|0x0000000082600000, 0x0000000082668ca0, 0x0000000082700000| 40%| O|  |TAMS 0x0000000082600000| PB 0x0000000082600000| Untracked 
|  39|0x0000000082700000, 0x000000008277d940, 0x0000000082800000| 49%| S|CS|TAMS 0x0000000082700000| PB 0x0000000082700000| Complete 
|  40|0x0000000082800000, 0x0000000082900000, 0x0000000082900000|100%| S|CS|TAMS 0x0000000082800000| PB 0x0000000082800000| Complete 
|  41|0x0000000082900000, 0x0000000082a00000, 0x0000000082a00000|100%| S|CS|TAMS 0x0000000082900000| PB 0x0000000082900000| Complete 
|  42|0x0000000082a00000, 0x0000000082a00000, 0x0000000082b00000|  0%| F|  |TAMS 0x0000000082a00000| PB 0x0000000082a00000| Untracked 
|  43|0x0000000082b00000, 0x0000000082b00000, 0x0000000082c00000|  0%| F|  |TAMS 0x0000000082b00000| PB 0x0000000082b00000| Untracked 
|  44|0x0000000082c00000, 0x0000000082c00000, 0x0000000082d00000|  0%| F|  |TAMS 0x0000000082c00000| PB 0x0000000082c00000| Untracked 
|  45|0x0000000082d00000, 0x0000000082d00000, 0x0000000082e00000|  0%| F|  |TAMS 0x0000000082d00000| PB 0x0000000082d00000| Untracked 
|  46|0x0000000082e00000, 0x0000000082e00000, 0x0000000082f00000|  0%| F|  |TAMS 0x0000000082e00000| PB 0x0000000082e00000| Untracked 
|  47|0x0000000082f00000, 0x0000000082f00000, 0x0000000083000000|  0%| F|  |TAMS 0x0000000082f00000| PB 0x0000000082f00000| Untracked 
|  48|0x0000000083000000, 0x0000000083000000, 0x0000000083100000|  0%| F|  |TAMS 0x0000000083000000| PB 0x0000000083000000| Untracked 
|  49|0x0000000083100000, 0x0000000083100000, 0x0000000083200000|  0%| F|  |TAMS 0x0000000083100000| PB 0x0000000083100000| Untracked 
|  50|0x0000000083200000, 0x0000000083200000, 0x0000000083300000|  0%| F|  |TAMS 0x0000000083200000| PB 0x0000000083200000| Untracked 
|  51|0x0000000083300000, 0x0000000083300000, 0x0000000083400000|  0%| F|  |TAMS 0x0000000083300000| PB 0x0000000083300000| Untracked 
|  52|0x0000000083400000, 0x0000000083400000, 0x0000000083500000|  0%| F|  |TAMS 0x0000000083400000| PB 0x0000000083400000| Untracked 
|  53|0x0000000083500000, 0x0000000083500000, 0x0000000083600000|  0%| F|  |TAMS 0x0000000083500000| PB 0x0000000083500000| Untracked 
|  54|0x0000000083600000, 0x0000000083600000, 0x0000000083700000|  0%| F|  |TAMS 0x0000000083600000| PB 0x0000000083600000| Untracked 
|  55|0x0000000083700000, 0x0000000083700000, 0x0000000083800000|  0%| F|  |TAMS 0x0000000083700000| PB 0x0000000083700000| Untracked 
|  56|0x0000000083800000, 0x0000000083800000, 0x0000000083900000|  0%| F|  |TAMS 0x0000000083800000| PB 0x0000000083800000| Untracked 
|  57|0x0000000083900000, 0x0000000083900000, 0x0000000083a00000|  0%| F|  |TAMS 0x0000000083900000| PB 0x0000000083900000| Untracked 
|  58|0x0000000083a00000, 0x0000000083a00000, 0x0000000083b00000|  0%| F|  |TAMS 0x0000000083a00000| PB 0x0000000083a00000| Untracked 
|  59|0x0000000083b00000, 0x0000000083b00000, 0x0000000083c00000|  0%| F|  |TAMS 0x0000000083b00000| PB 0x0000000083b00000| Untracked 
|  60|0x0000000083c00000, 0x0000000083c00000, 0x0000000083d00000|  0%| F|  |TAMS 0x0000000083c00000| PB 0x0000000083c00000| Untracked 
|  61|0x0000000083d00000, 0x0000000083d00000, 0x0000000083e00000|  0%| F|  |TAMS 0x0000000083d00000| PB 0x0000000083d00000| Untracked 
|  62|0x0000000083e00000, 0x0000000083e00000, 0x0000000083f00000|  0%| F|  |TAMS 0x0000000083e00000| PB 0x0000000083e00000| Untracked 
|  63|0x0000000083f00000, 0x0000000083fc4940, 0x0000000084000000| 76%| E|  |TAMS 0x0000000083f00000| PB 0x0000000083f00000| Complete 
|  64|0x0000000084000000, 0x0000000084100000, 0x0000000084100000|100%| E|CS|TAMS 0x0000000084000000| PB 0x0000000084000000| Complete 
|  65|0x0000000084100000, 0x0000000084200000, 0x0000000084200000|100%| E|CS|TAMS 0x0000000084100000| PB 0x0000000084100000| Complete 
|  66|0x0000000084200000, 0x0000000084300000, 0x0000000084300000|100%| E|CS|TAMS 0x0000000084200000| PB 0x0000000084200000| Complete 
|  67|0x0000000084300000, 0x0000000084400000, 0x0000000084400000|100%| E|CS|TAMS 0x0000000084300000| PB 0x0000000084300000| Complete 
|  68|0x0000000084400000, 0x0000000084500000, 0x0000000084500000|100%| E|CS|TAMS 0x0000000084400000| PB 0x0000000084400000| Complete 
| 188|0x000000008bc00000, 0x000000008bd00000, 0x000000008bd00000|100%| E|CS|TAMS 0x000000008bc00000| PB 0x000000008bc00000| Complete 
| 189|0x000000008bd00000, 0x000000008be00000, 0x000000008be00000|100%| E|CS|TAMS 0x000000008bd00000| PB 0x000000008bd00000| Complete 
| 190|0x000000008be00000, 0x000000008bf00000, 0x000000008bf00000|100%| E|CS|TAMS 0x000000008be00000| PB 0x000000008be00000| Complete 
| 191|0x000000008bf00000, 0x000000008c000000, 0x000000008c000000|100%| E|CS|TAMS 0x000000008bf00000| PB 0x000000008bf00000| Complete 
| 192|0x000000008c000000, 0x000000008c100000, 0x000000008c100000|100%| E|CS|TAMS 0x000000008c000000| PB 0x000000008c000000| Complete 
| 193|0x000000008c100000, 0x000000008c200000, 0x000000008c200000|100%| E|CS|TAMS 0x000000008c100000| PB 0x000000008c100000| Complete 
| 194|0x000000008c200000, 0x000000008c300000, 0x000000008c300000|100%| E|CS|TAMS 0x000000008c200000| PB 0x000000008c200000| Complete 
| 195|0x000000008c300000, 0x000000008c400000, 0x000000008c400000|100%| E|CS|TAMS 0x000000008c300000| PB 0x000000008c300000| Complete 
| 219|0x000000008db00000, 0x000000008dc00000, 0x000000008dc00000|100%| E|CS|TAMS 0x000000008db00000| PB 0x000000008db00000| Complete 

Card table byte_map: [0x000002b916e40000,0x000002b917240000] _byte_map_base: 0x000002b916a40000

Marking Bits: (CMBitMap*) 0x000002b9040c5cc0
 Bits: [0x000002b917240000, 0x000002b919240000)

Polling page: 0x000002b902040000

Metaspace:

Usage:
  Non-class:     38.77 MB used.
      Class:      5.73 MB used.
       Both:     44.50 MB used.

Virtual space:
  Non-class space:       64.00 MB reserved,      39.25 MB ( 61%) committed,  1 nodes.
      Class space:        1.00 GB reserved,       6.19 MB ( <1%) committed,  1 nodes.
             Both:        1.06 GB reserved,      45.44 MB (  4%) committed. 

Chunk freelists:
   Non-Class:  7.98 MB
       Class:  9.73 MB
        Both:  17.72 MB

MaxMetaspaceSize: unlimited
CompressedClassSpaceSize: 1.00 GB
Initial GC threshold: 21.00 MB
Current GC threshold: 58.75 MB
CDS: off
 - commit_granule_bytes: 65536.
 - commit_granule_words: 8192.
 - virtual_space_node_default_size: 8388608.
 - enlarge_chunks_in_place: 1.
 - use_allocation_guard: 0.


Internal statistics:

num_allocs_failed_limit: 6.
num_arena_births: 1636.
num_arena_deaths: 0.
num_vsnodes_births: 2.
num_vsnodes_deaths: 0.
num_space_committed: 727.
num_space_uncommitted: 0.
num_chunks_returned_to_freelist: 6.
num_chunks_taken_from_freelist: 3157.
num_chunk_merges: 6.
num_chunk_splits: 2057.
num_chunks_enlarged: 1294.
num_inconsistent_stats: 0.

CodeHeap 'non-profiled nmethods': size=119168Kb used=2002Kb max_used=2002Kb free=117165Kb
 bounds [0x000002b90ed60000, 0x000002b90efd0000, 0x000002b9161c0000]
CodeHeap 'profiled nmethods': size=119104Kb used=7965Kb max_used=7965Kb free=111138Kb
 bounds [0x000002b9071c0000, 0x000002b907990000, 0x000002b90e610000]
CodeHeap 'non-nmethods': size=7488Kb used=3597Kb max_used=3627Kb free=3890Kb
 bounds [0x000002b90e610000, 0x000002b90e9a0000, 0x000002b90ed60000]
 total_blobs=4685 nmethods=3983 adapters=603
 compilation: enabled
              stopped_count=0, restarted_count=0
 full_count=0

Compilation events (20 events):
Event: 3.717 Thread 0x000002b91c4845c0 nmethod 4395 0x000002b907978a10 code [0x000002b907978ba0, 0x000002b907978cf8]
Event: 3.717 Thread 0x000002b91c483ef0 nmethod 4394 0x000002b907978d90 code [0x000002b907978f40, 0x000002b907979088]
Event: 3.717 Thread 0x000002b91c486100 nmethod 4392 0x000002b907979190 code [0x000002b907979340, 0x000002b907979520]
Event: 3.717 Thread 0x000002b91c4845c0 4396       3       java.io.DataInputStream::readLong (20 bytes)
Event: 3.717 Thread 0x000002b91c483ef0 4397       3       jdk.internal.util.ByteArray::getLong (9 bytes)
Event: 3.717 Thread 0x000002b91c486100 4398       3       java.lang.invoke.VarHandleGuards::guard_LI_J (78 bytes)
Event: 3.718 Thread 0x000002b91c4867d0 nmethod 4393 0x000002b907979610 code [0x000002b9079798a0, 0x000002b90797a4b0]
Event: 3.718 Thread 0x000002b91c4867d0 4399       3       java.lang.invoke.VarHandleByteArrayAsLongs$ArrayHandle::get (36 bytes)
Event: 3.718 Thread 0x000002b91c4845c0 nmethod 4396 0x000002b90797a990 code [0x000002b90797aba0, 0x000002b90797b1a0]
Event: 3.718 Thread 0x000002b91c483ef0 nmethod 4397 0x000002b90797b410 code [0x000002b90797b600, 0x000002b90797bb28]
Event: 3.718 Thread 0x000002b91c4867d0 nmethod 4399 0x000002b90797bd90 code [0x000002b90797bf60, 0x000002b90797c310]
Event: 3.718 Thread 0x000002b91c4867d0 4402       3       org.gradle.cache.internal.btree.BlockPointer::pos (56 bytes)
Event: 3.718 Thread 0x000002b91c4845c0 4401       3       com.google.common.io.CountingInputStream::read (33 bytes)
Event: 3.718 Thread 0x000002b91c483ef0 4403       3       org.gradle.cache.internal.btree.BlockPointer::<init> (10 bytes)
Event: 3.718 Thread 0x000002b91c483ef0 nmethod 4403 0x000002b90797c490 code [0x000002b90797c640, 0x000002b90797c7a8]
Event: 3.718 Thread 0x000002b91c483ef0 4404       3       org.gradle.cache.internal.btree.BTreePersistentIndexedCache$IndexEntry::<init> (5 bytes)
Event: 3.718 Thread 0x000002b91c4845c0 nmethod 4401 0x000002b90797c890 code [0x000002b90797ca40, 0x000002b90797cc58]
Event: 3.718 Thread 0x000002b91c4845c0 4405       3       org.gradle.cache.internal.btree.BTreePersistentIndexedCache$IndexEntry::<init> (5 bytes)
Event: 3.718 Thread 0x000002b91c483ef0 nmethod 4404 0x000002b90797cd90 code [0x000002b90797cf40, 0x000002b90797d108]
Event: 4.732 Thread 0x000002b91c4845c0 nmethod 4405 0x000002b90797d210 code [0x000002b90797d3c0, 0x000002b90797d528]

GC Heap History (18 events):
Event: 0.284 GC heap before
{Heap before GC invocations=0 (full 0):
 garbage-first heap   total 225280K, used 22528K [0x0000000080000000, 0x0000000100000000)
  region size 1024K, 23 young (23552K), 0 survivors (0K)
 Metaspace       used 7996K, committed 8128K, reserved 1114112K
  class space    used 712K, committed 768K, reserved 1048576K
}
Event: 0.286 GC heap after
{Heap after GC invocations=1 (full 0):
 garbage-first heap   total 225280K, used 2214K [0x0000000080000000, 0x0000000100000000)
  region size 1024K, 3 young (3072K), 3 survivors (3072K)
 Metaspace       used 7996K, committed 8128K, reserved 1114112K
  class space    used 712K, committed 768K, reserved 1048576K
}
Event: 0.618 GC heap before
{Heap before GC invocations=1 (full 0):
 garbage-first heap   total 225280K, used 41126K [0x0000000080000000, 0x0000000100000000)
  region size 1024K, 39 young (39936K), 3 survivors (3072K)
 Metaspace       used 12263K, committed 12480K, reserved 1114112K
  class space    used 1287K, committed 1408K, reserved 1048576K
}
Event: 0.622 GC heap after
{Heap after GC invocations=2 (full 0):
 garbage-first heap   total 225280K, used 10706K [0x0000000080000000, 0x0000000100000000)
  region size 1024K, 5 young (5120K), 5 survivors (5120K)
 Metaspace       used 12263K, committed 12480K, reserved 1114112K
  class space    used 1287K, committed 1408K, reserved 1048576K
}
Event: 0.945 GC heap before
{Heap before GC invocations=2 (full 0):
 garbage-first heap   total 225280K, used 62930K [0x0000000080000000, 0x0000000100000000)
  region size 1024K, 54 young (55296K), 5 survivors (5120K)
 Metaspace       used 14950K, committed 15232K, reserved 1114112K
  class space    used 1633K, committed 1792K, reserved 1048576K
}
Event: 0.950 GC heap after
{Heap after GC invocations=3 (full 0):
 garbage-first heap   total 225280K, used 17890K [0x0000000080000000, 0x0000000100000000)
  region size 1024K, 6 young (6144K), 6 survivors (6144K)
 Metaspace       used 14950K, committed 15232K, reserved 1114112K
  class space    used 1633K, committed 1792K, reserved 1048576K
}
Event: 1.287 GC heap before
{Heap before GC invocations=3 (full 0):
 garbage-first heap   total 225280K, used 41442K [0x0000000080000000, 0x0000000100000000)
  region size 1024K, 30 young (30720K), 6 survivors (6144K)
 Metaspace       used 21167K, committed 21504K, reserved 1114112K
  class space    used 2432K, committed 2624K, reserved 1048576K
}
Event: 1.290 GC heap after
{Heap after GC invocations=4 (full 0):
 garbage-first heap   total 225280K, used 19900K [0x0000000080000000, 0x0000000100000000)
  region size 1024K, 8 young (8192K), 8 survivors (8192K)
 Metaspace       used 21167K, committed 21504K, reserved 1114112K
  class space    used 2432K, committed 2624K, reserved 1048576K
}
Event: 1.909 GC heap before
{Heap before GC invocations=5 (full 0):
 garbage-first heap   total 68608K, used 67004K [0x0000000080000000, 0x0000000100000000)
  region size 1024K, 55 young (56320K), 8 survivors (8192K)
 Metaspace       used 28801K, committed 29376K, reserved 1114112K
  class space    used 3617K, committed 3904K, reserved 1048576K
}
Event: 1.914 GC heap after
{Heap after GC invocations=6 (full 0):
 garbage-first heap   total 79872K, used 23081K [0x0000000080000000, 0x0000000100000000)
  region size 1024K, 11 young (11264K), 11 survivors (11264K)
 Metaspace       used 28801K, committed 29376K, reserved 1114112K
  class space    used 3617K, committed 3904K, reserved 1048576K
}
Event: 2.551 GC heap before
{Heap before GC invocations=6 (full 0):
 garbage-first heap   total 79872K, used 58921K [0x0000000080000000, 0x0000000100000000)
  region size 1024K, 46 young (47104K), 11 survivors (11264K)
 Metaspace       used 33136K, committed 33920K, reserved 1114112K
  class space    used 4348K, committed 4736K, reserved 1048576K
}
Event: 2.556 GC heap after
{Heap after GC invocations=7 (full 0):
 garbage-first heap   total 79872K, used 25042K [0x0000000080000000, 0x0000000100000000)
  region size 1024K, 6 young (6144K), 6 survivors (6144K)
 Metaspace       used 33136K, committed 33920K, reserved 1114112K
  class space    used 4348K, committed 4736K, reserved 1048576K
}
Event: 2.791 GC heap before
{Heap before GC invocations=7 (full 0):
 garbage-first heap   total 79872K, used 39378K [0x0000000080000000, 0x0000000100000000)
  region size 1024K, 21 young (21504K), 6 survivors (6144K)
 Metaspace       used 35182K, committed 35968K, reserved 1114112K
  class space    used 4669K, committed 5056K, reserved 1048576K
}
Event: 2.794 GC heap after
{Heap after GC invocations=8 (full 0):
 garbage-first heap   total 79872K, used 26084K [0x0000000080000000, 0x0000000100000000)
  region size 1024K, 4 young (4096K), 4 survivors (4096K)
 Metaspace       used 35182K, committed 35968K, reserved 1114112K
  class space    used 4669K, committed 5056K, reserved 1048576K
}
Event: 3.367 GC heap before
{Heap before GC invocations=9 (full 0):
 garbage-first heap   total 79872K, used 66020K [0x0000000080000000, 0x0000000100000000)
  region size 1024K, 44 young (45056K), 4 survivors (4096K)
 Metaspace       used 42461K, committed 43392K, reserved 1114112K
  class space    used 5499K, committed 5952K, reserved 1048576K
}
Event: 3.370 GC heap after
{Heap after GC invocations=10 (full 0):
 garbage-first heap   total 79872K, used 30168K [0x0000000080000000, 0x0000000100000000)
  region size 1024K, 6 young (6144K), 6 survivors (6144K)
 Metaspace       used 42461K, committed 43392K, reserved 1114112K
  class space    used 5499K, committed 5952K, reserved 1048576K
}
Event: 3.635 GC heap before
{Heap before GC invocations=10 (full 0):
 garbage-first heap   total 79872K, used 68056K [0x0000000080000000, 0x0000000100000000)
  region size 1024K, 42 young (43008K), 6 survivors (6144K)
 Metaspace       used 44946K, committed 45888K, reserved 1114112K
  class space    used 5759K, committed 6208K, reserved 1048576K
}
Event: 3.639 GC heap after
{Heap after GC invocations=11 (full 0):
 garbage-first heap   total 79872K, used 32665K [0x0000000080000000, 0x0000000100000000)
  region size 1024K, 3 young (3072K), 3 survivors (3072K)
 Metaspace       used 44946K, committed 45888K, reserved 1114112K
  class space    used 5759K, committed 6208K, reserved 1048576K
}

Dll operation events (3 events):
Event: 0.005 Loaded shared library C:\Program Files\Android\Android Studio\jbr\bin\java.dll
Event: 0.010 Loaded shared library C:\Program Files\Android\Android Studio\jbr\bin\zip.dll
Event: 0.330 Loaded shared library C:\Program Files\Android\Android Studio\jbr\bin\verify.dll

Deoptimization events (20 events):
Event: 3.714 Thread 0x000002b9223a6370 Uncommon trap: trap_request=0xffffffc6 fr.pc=0x000002b90edc7618 relative=0x00000000000014f8
Event: 3.714 Thread 0x000002b9223a6370 Uncommon trap: reason=bimorphic_or_optimized_type_check action=maybe_recompile pc=0x000002b90edc7618 method=java.io.DataInputStream.readFully([BII)V @ 30 c2
Event: 3.714 Thread 0x000002b9223a6370 DEOPT PACKING pc=0x000002b90edc7618 sp=0x000000dd78efe0a0
Event: 3.714 Thread 0x000002b9223a6370 DEOPT UNPACKING pc=0x000002b90e6646a2 sp=0x000000dd78efe0a8 mode 2
Event: 3.714 Thread 0x000002b9223a6370 Uncommon trap: trap_request=0xffffffc6 fr.pc=0x000002b90edc7618 relative=0x00000000000014f8
Event: 3.714 Thread 0x000002b9223a6370 Uncommon trap: reason=bimorphic_or_optimized_type_check action=maybe_recompile pc=0x000002b90edc7618 method=java.io.DataInputStream.readFully([BII)V @ 30 c2
Event: 3.714 Thread 0x000002b9223a6370 DEOPT PACKING pc=0x000002b90edc7618 sp=0x000000dd78efe030
Event: 3.714 Thread 0x000002b9223a6370 DEOPT UNPACKING pc=0x000002b90e6646a2 sp=0x000000dd78efe018 mode 2
Event: 3.714 Thread 0x000002b9223a6370 Uncommon trap: trap_request=0xffffffc6 fr.pc=0x000002b90edc7618 relative=0x00000000000014f8
Event: 3.714 Thread 0x000002b9223a6370 Uncommon trap: reason=bimorphic_or_optimized_type_check action=maybe_recompile pc=0x000002b90edc7618 method=java.io.DataInputStream.readFully([BII)V @ 30 c2
Event: 3.714 Thread 0x000002b9223a6370 DEOPT PACKING pc=0x000002b90edc7618 sp=0x000000dd78efe030
Event: 3.714 Thread 0x000002b9223a6370 DEOPT UNPACKING pc=0x000002b90e6646a2 sp=0x000000dd78efe018 mode 2
Event: 3.718 Thread 0x000002b9223a6370 Uncommon trap: trap_request=0xffffffc6 fr.pc=0x000002b90ed7edc4 relative=0x0000000000000b44
Event: 3.718 Thread 0x000002b9223a6370 Uncommon trap: reason=bimorphic_or_optimized_type_check action=maybe_recompile pc=0x000002b90ed7edc4 method=java.io.BufferedInputStream.implRead([BII)I @ 100 c2
Event: 3.990 Thread 0x000002b92216c590 Uncommon trap: trap_request=0xffffffc6 fr.pc=0x000002b90ef34f08 relative=0x0000000000000268
Event: 3.990 Thread 0x000002b92216c590 Uncommon trap: reason=bimorphic_or_optimized_type_check action=maybe_recompile pc=0x000002b90ef34f08 method=java.util.stream.Sink$ChainedReference.cancellationRequested()Z @ 4 c2
Event: 3.990 Thread 0x000002b92216c590 DEOPT PACKING pc=0x000002b90ef34f08 sp=0x000000dd77cfe990
Event: 4.732 Thread 0x000002b9223a6370 DEOPT PACKING pc=0x000002b90ed7edc4 sp=0x000000dd78efdfa0
Event: 4.732 Thread 0x000002b9223a6370 DEOPT UNPACKING pc=0x000002b90e6646a2 sp=0x000000dd78efdf68 mode 2
Event: 4.732 Thread 0x000002b92216c590 DEOPT UNPACKING pc=0x000002b90e6646a2 sp=0x000000dd77cfe8c0 mode 2

Classes loaded (20 events):
Event: 3.343 Loading class java/util/function/BooleanSupplier
Event: 3.343 Loading class java/util/function/BooleanSupplier done
Event: 3.343 Loading class jdk/internal/jimage/ImageReader$Resource
Event: 3.343 Loading class jdk/internal/jimage/ImageReader$Resource done
Event: 3.394 Loading class java/util/WeakHashMap$KeyIterator
Event: 3.394 Loading class java/util/WeakHashMap$HashIterator
Event: 3.394 Loading class java/util/WeakHashMap$HashIterator done
Event: 3.394 Loading class java/util/WeakHashMap$KeyIterator done
Event: 3.427 Loading class sun/nio/fs/WindowsPath$1
Event: 3.427 Loading class sun/nio/fs/WindowsPath$1 done
Event: 3.427 Loading class sun/nio/fs/WindowsException
Event: 3.428 Loading class sun/nio/fs/WindowsException done
Event: 3.460 Loading class java/util/Collections$SynchronizedRandomAccessList
Event: 3.460 Loading class java/util/Collections$SynchronizedList
Event: 3.460 Loading class java/util/Collections$SynchronizedList done
Event: 3.460 Loading class java/util/Collections$SynchronizedRandomAccessList done
Event: 3.474 Loading class java/lang/invoke/BoundMethodHandle$Species_LLLLLLLLLLLLLLLLLLLLLLLLL
Event: 3.474 Loading class java/lang/invoke/BoundMethodHandle$Species_LLLLLLLLLLLLLLLLLLLLLLLLL done
Event: 3.475 Loading class java/lang/invoke/BoundMethodHandle$Species_LLLLLLLLLLLLLLLLLLLLLLLLLL
Event: 3.475 Loading class java/lang/invoke/BoundMethodHandle$Species_LLLLLLLLLLLLLLLLLLLLLLLLLL done

Classes unloaded (0 events):
No events

Classes redefined (0 events):
No events

Internal exceptions (20 events):
Event: 3.398 Thread 0x000002b9221fbe50 Exception <a 'java/lang/ClassNotFoundException'{0x0000000084200d68}: org/gradle/internal/extensibility/DefaultExtraPropertiesExtensionBeanInfo> (0x0000000084200d68) 
thrown [s\src\hotspot\share\classfile\systemDictionary.cpp, line 312]
Event: 3.399 Thread 0x000002b9221fbe50 Exception <a 'java/lang/ClassNotFoundException'{0x0000000084209550}: groovy/lang/GroovyObjectSupportBeanInfo> (0x0000000084209550) 
thrown [s\src\hotspot\share\classfile\systemDictionary.cpp, line 312]
Event: 3.399 Thread 0x000002b9221fbe50 Exception <a 'java/lang/ClassNotFoundException'{0x0000000084211d40}: groovy/lang/GroovyObjectSupportCustomizer> (0x0000000084211d40) 
thrown [s\src\hotspot\share\classfile\systemDictionary.cpp, line 312]
Event: 3.401 Thread 0x000002b9221fbe50 Exception <a 'java/lang/ClassNotFoundException'{0x000000008422c180}: org/gradle/internal/extensibility/DefaultExtraPropertiesExtensionCustomizer> (0x000000008422c180) 
thrown [s\src\hotspot\share\classfile\systemDictionary.cpp, line 312]
Event: 3.405 Thread 0x000002b9221fbe50 Exception <a 'java/lang/IncompatibleClassChangeError'{0x0000000084247590}: Found class java.lang.Object, but interface was expected> (0x0000000084247590) 
thrown [s\src\hotspot\share\interpreter\linkResolver.cpp, line 851]
Event: 3.428 Thread 0x000002b9221fbe50 Exception <a 'sun/nio/fs/WindowsException'{0x000000008413d570}> (0x000000008413d570) 
thrown [s\src\hotspot\share\prims\jni.cpp, line 535]
Event: 3.428 Thread 0x000002b9221fbe50 Exception <a 'sun/nio/fs/WindowsException'{0x000000008413ea98}> (0x000000008413ea98) 
thrown [s\src\hotspot\share\prims\jni.cpp, line 535]
Event: 3.429 Thread 0x000002b9221fbe50 Exception <a 'sun/nio/fs/WindowsException'{0x000000008413ff68}> (0x000000008413ff68) 
thrown [s\src\hotspot\share\prims\jni.cpp, line 535]
Event: 3.429 Thread 0x000002b9221fbe50 Exception <a 'sun/nio/fs/WindowsException'{0x0000000084141060}> (0x0000000084141060) 
thrown [s\src\hotspot\share\prims\jni.cpp, line 535]
Event: 3.452 Thread 0x000002b9221fbe50 Exception <a 'java/lang/NoSuchMethodError'{0x000000008407af60}: 'java.lang.Object java.lang.invoke.Invokers$Holder.invoker(java.lang.Object, java.lang.Object, java.lang.Object, java.lang.Object, java.lang.Object, java.lang.Object)'> (0x000000008407af60) 
thrown [s\src\hotspot\share\interpreter\linkResolver.cpp, line 784]
Event: 3.471 Thread 0x000002b9221fbe50 Exception <a 'java/lang/NoSuchMethodError'{0x0000000083f97ef0}: 'java.lang.Object java.lang.invoke.DirectMethodHandle$Holder.invokeSpecial(java.lang.Object, java.lang.Object, java.lang.Object, java.lang.Object, java.lang.Object, java.lang.Object, java.lang.Object, java.lang.Object, java.lang.Object, java.lang.Object, java.lang.Object, java.lang.Object, java.lang.Object, java.lang.Object, java.lang.Object, java.lang.Object, java.lang.Object, java.lang.Object, java.lang.Object, java.lang.Object, java.lang.Ob
Event: 3.471 Thread 0x000002b9221fbe50 Exception <a 'java/lang/NoSuchMethodError'{0x0000000083f9dfc8}: 'java.lang.Object java.lang.invoke.DelegatingMethodHandle$Holder.reinvoke_L(java.lang.Object, java.lang.Object, java.lang.Object, java.lang.Object, java.lang.Object, java.lang.Object, java.lang.Object, java.lang.Object, java.lang.Object, java.lang.Object, java.lang.Object, java.lang.Object, java.lang.Object, java.lang.Object, java.lang.Object, java.lang.Object, java.lang.Object, java.lang.Object, java.lang.Object, java.lang.Object, java.lang.O
Event: 3.471 Thread 0x000002b9221fbe50 Exception <a 'java/lang/NoSuchMethodError'{0x0000000083fa91b0}: 'java.lang.Object java.lang.invoke.Invokers$Holder.invoker(java.lang.Object, java.lang.Object, java.lang.Object, java.lang.Object, java.lang.Object, java.lang.Object, java.lang.Object, java.lang.Object, java.lang.Object, java.lang.Object, java.lang.Object, java.lang.Object, java.lang.Object, java.lang.Object, java.lang.Object, java.lang.Object, java.lang.Object, java.lang.Object, java.lang.Object, java.lang.Object, java.lang.Object, java.lang.
Event: 3.471 Thread 0x000002b9221fbe50 Exception <a 'java/lang/NoSuchMethodError'{0x0000000083fafb38}: 'java.lang.Object java.lang.invoke.DelegatingMethodHandle$Holder.delegate(java.lang.Object, java.lang.Object, java.lang.Object, java.lang.Object, java.lang.Object, java.lang.Object, java.lang.Object, java.lang.Object, java.lang.Object, java.lang.Object, java.lang.Object, java.lang.Object, java.lang.Object, java.lang.Object, java.lang.Object, java.lang.Object, java.lang.Object, java.lang.Object, java.lang.Object, java.lang.Object, java.lang.Obj
Event: 3.475 Thread 0x000002b9221fbe50 Exception <a 'java/lang/NoSuchMethodError'{0x0000000083e84d20}: 'java.lang.Object java.lang.invoke.DirectMethodHandle$Holder.invokeStatic(java.lang.Object, java.lang.Object, java.lang.Object, java.lang.Object, java.lang.Object, java.lang.Object, java.lang.Object, java.lang.Object, java.lang.Object, java.lang.Object, java.lang.Object, java.lang.Object, java.lang.Object, java.lang.Object, java.lang.Object, java.lang.Object, java.lang.Object, java.lang.Object, java.lang.Object, java.lang.Object, java.lang.Obj
Event: 3.476 Thread 0x000002b9221fbe50 Exception <a 'java/lang/NoSuchMethodError'{0x0000000083eba1c8}: 'java.lang.Object java.lang.invoke.DirectMethodHandle$Holder.invokeStatic(java.lang.Object, java.lang.Object, java.lang.Object, java.lang.Object, java.lang.Object, java.lang.Object, java.lang.Object, java.lang.Object, java.lang.Object, java.lang.Object, java.lang.Object, java.lang.Object, java.lang.Object, java.lang.Object, java.lang.Object, java.lang.Object, java.lang.Object, java.lang.Object, java.lang.Object, java.lang.Object, java.lang.Obj
Event: 3.682 Thread 0x000002b9221fbe50 Exception <a 'java/lang/IncompatibleClassChangeError'{0x0000000084229ac8}: Found class java.lang.Object, but interface was expected> (0x0000000084229ac8) 
thrown [s\src\hotspot\share\interpreter\linkResolver.cpp, line 851]
Event: 3.696 Thread 0x000002b9221fbe50 Exception <a 'java/lang/NoSuchMethodError'{0x00000000842dff60}: 'java.lang.Object java.lang.invoke.DirectMethodHandle$Holder.newInvokeSpecial(java.lang.Object, java.lang.Object, long)'> (0x00000000842dff60) 
thrown [s\src\hotspot\share\interpreter\linkResolver.cpp, line 784]
Event: 3.696 Thread 0x000002b9221fbe50 Exception <a 'java/lang/NoSuchMethodError'{0x00000000842e45f8}: 'java.lang.Object java.lang.invoke.Invokers$Holder.linkToTargetMethod(java.lang.Object, long, java.lang.Object)'> (0x00000000842e45f8) 
thrown [s\src\hotspot\share\interpreter\linkResolver.cpp, line 784]
Event: 3.714 Thread 0x000002b9223a6370 Implicit null exception at 0x000002b90ee075cf to 0x000002b90ee0794c

ZGC Phase Switch (0 events):
No events

VM Operations (20 events):
Event: 3.292 Executing VM operation: HandshakeAllThreads (Deoptimize) done
Event: 3.292 Executing VM operation: HandshakeAllThreads (Deoptimize)
Event: 3.292 Executing VM operation: HandshakeAllThreads (Deoptimize) done
Event: 3.297 Executing VM operation: HandshakeAllThreads (Deoptimize)
Event: 3.297 Executing VM operation: HandshakeAllThreads (Deoptimize) done
Event: 3.322 Executing VM operation: ICBufferFull
Event: 3.322 Executing VM operation: ICBufferFull done
Event: 3.342 Executing VM operation: HandshakeAllThreads (Deoptimize)
Event: 3.342 Executing VM operation: HandshakeAllThreads (Deoptimize) done
Event: 3.367 Executing VM operation: G1CollectForAllocation (G1 Evacuation Pause)
Event: 3.370 Executing VM operation: G1CollectForAllocation (G1 Evacuation Pause) done
Event: 3.501 Executing VM operation: HandshakeAllThreads (Deoptimize)
Event: 3.501 Executing VM operation: HandshakeAllThreads (Deoptimize) done
Event: 3.635 Executing VM operation: G1CollectForAllocation (G1 Evacuation Pause)
Event: 3.639 Executing VM operation: G1CollectForAllocation (G1 Evacuation Pause) done
Event: 3.685 Executing VM operation: HandshakeAllThreads (Deoptimize)
Event: 3.685 Executing VM operation: HandshakeAllThreads (Deoptimize) done
Event: 3.712 Executing VM operation: HandshakeAllThreads (Deoptimize)
Event: 3.712 Executing VM operation: HandshakeAllThreads (Deoptimize) done
Event: 4.717 Executing VM operation: Cleanup

Memory protections (0 events):
No events

Nmethod flushes (20 events):
Event: 2.804 Thread 0x000002b91c402140 flushing  nmethod 0x000002b90739f510
Event: 2.804 Thread 0x000002b91c402140 flushing  nmethod 0x000002b90739fe90
Event: 2.804 Thread 0x000002b91c402140 flushing  nmethod 0x000002b9073a2310
Event: 2.804 Thread 0x000002b91c402140 flushing  nmethod 0x000002b9073a4c90
Event: 2.804 Thread 0x000002b91c402140 flushing  nmethod 0x000002b9073a8210
Event: 2.804 Thread 0x000002b91c402140 flushing  nmethod 0x000002b90758c610
Event: 2.804 Thread 0x000002b91c402140 flushing  nmethod 0x000002b90758ca10
Event: 2.804 Thread 0x000002b91c402140 flushing  nmethod 0x000002b90758d590
Event: 2.804 Thread 0x000002b91c402140 flushing  nmethod 0x000002b907590310
Event: 2.804 Thread 0x000002b91c402140 flushing  nmethod 0x000002b9075d5910
Event: 2.804 Thread 0x000002b91c402140 flushing  nmethod 0x000002b9074ea110
Event: 2.804 Thread 0x000002b91c402140 flushing  nmethod 0x000002b907536110
Event: 2.804 Thread 0x000002b91c402140 flushing  nmethod 0x000002b907537010
Event: 2.804 Thread 0x000002b91c402140 flushing  nmethod 0x000002b907537c10
Event: 2.804 Thread 0x000002b91c402140 flushing  nmethod 0x000002b907538f90
Event: 2.804 Thread 0x000002b91c402140 flushing  nmethod 0x000002b907539c10
Event: 2.804 Thread 0x000002b91c402140 flushing  nmethod 0x000002b90753be90
Event: 2.804 Thread 0x000002b91c402140 flushing  nmethod 0x000002b907540210
Event: 2.804 Thread 0x000002b91c402140 flushing  nmethod 0x000002b9075df890
Event: 2.804 Thread 0x000002b91c402140 flushing  nmethod 0x000002b9075e0110

Events (20 events):
Event: 0.954 Loaded shared library C:\Program Files\Android\Android Studio\jbr\bin\management_ext.dll
Event: 0.977 Thread 0x000002b901c69960 Thread added: 0x000002b92216c590
Event: 1.043 Loaded shared library C:\Program Files\Android\Android Studio\jbr\bin\extnet.dll
Event: 1.122 Thread 0x000002b901c69960 Thread added: 0x000002b92229d950
Event: 1.171 Thread 0x000002b901c69960 Thread added: 0x000002b9222926f0
Event: 1.198 Thread 0x000002b92229d950 Thread added: 0x000002b922393340
Event: 1.200 Thread 0x000002b922393340 Thread added: 0x000002b922478d40
Event: 1.229 Thread 0x000002b922393340 Thread added: 0x000002b922200ad0
Event: 1.235 Thread 0x000002b922393340 Thread added: 0x000002b9221fbe50
Event: 1.243 Thread 0x000002b9221fbe50 Thread added: 0x000002b9223a7db0
Event: 1.246 Thread 0x000002b9221fbe50 Thread added: 0x000002b9223a8440
Event: 1.248 Thread 0x000002b9221fbe50 Thread added: 0x000002b9223a7720
Event: 1.533 Thread 0x000002b9221fbe50 Thread added: 0x000002b9223a7090
Event: 1.541 Thread 0x000002b9221fbe50 Thread added: 0x000002b9223a4fc0
Event: 1.569 Thread 0x000002b9221fbe50 Thread added: 0x000002b9223a6370
Event: 2.459 Thread 0x000002b9221fbe50 Thread added: 0x000002b9223a5650
Event: 2.474 Thread 0x000002b9221fbe50 Thread added: 0x000002b9223a5ce0
Event: 2.680 Thread 0x000002b9221fbe50 Thread added: 0x000002b9223a6a00
Event: 2.684 Thread 0x000002b9221fbe50 Thread added: 0x000002b9256f8ac0
Event: 3.351 Thread 0x000002b91c4867d0 Thread added: 0x000002b91c486ea0


Dynamic libraries:
0x00007ff6eab30000 - 0x00007ff6eab3a000 	C:\Program Files\Android\Android Studio\jbr\bin\java.exe
0x00007fff38280000 - 0x00007fff384e7000 	C:\WINDOWS\SYSTEM32\ntdll.dll
0x00007fff36a10000 - 0x00007fff36ad9000 	C:\WINDOWS\System32\KERNEL32.DLL
0x00007fff355d0000 - 0x00007fff359bf000 	C:\WINDOWS\System32\KERNELBASE.dll
0x00007fff35480000 - 0x00007fff355cb000 	C:\WINDOWS\System32\ucrtbase.dll
0x00007ffef26c0000 - 0x00007ffef26d8000 	C:\Program Files\Android\Android Studio\jbr\bin\jli.dll
0x00007fff24b00000 - 0x00007fff24b1b000 	C:\Program Files\Android\Android Studio\jbr\bin\VCRUNTIME140.dll
0x00007fff38060000 - 0x00007fff38225000 	C:\WINDOWS\System32\USER32.dll
0x00007fff23ca0000 - 0x00007fff23f33000 	C:\WINDOWS\WinSxS\amd64_microsoft.windows.common-controls_6595b64144ccf1df_6.0.26100.7309_none_3e05feeae336a044\COMCTL32.dll
0x00007fff35e70000 - 0x00007fff35e97000 	C:\WINDOWS\System32\win32u.dll
0x00007fff36b30000 - 0x00007fff36b5b000 	C:\WINDOWS\System32\GDI32.dll
0x00007fff37ea0000 - 0x00007fff37f49000 	C:\WINDOWS\System32\msvcrt.dll
0x00007fff35bd0000 - 0x00007fff35cfc000 	C:\WINDOWS\System32\gdi32full.dll
0x00007fff35a60000 - 0x00007fff35b03000 	C:\WINDOWS\System32\msvcp_win.dll
0x00007fff36520000 - 0x00007fff36551000 	C:\WINDOWS\System32\IMM32.DLL
0x00007fff32370000 - 0x00007fff3237c000 	C:\Program Files\Android\Android Studio\jbr\bin\vcruntime140_1.dll
0x00007ffee6250000 - 0x00007ffee62dd000 	C:\Program Files\Android\Android Studio\jbr\bin\msvcp140.dll
0x00007ffee2850000 - 0x00007ffee34db000 	C:\Program Files\Android\Android Studio\jbr\bin\server\jvm.dll
0x00007fff37380000 - 0x00007fff37434000 	C:\WINDOWS\System32\ADVAPI32.dll
0x00007fff36790000 - 0x00007fff36836000 	C:\WINDOWS\System32\sechost.dll
0x00007fff36670000 - 0x00007fff36788000 	C:\WINDOWS\System32\RPCRT4.dll
0x00007fff37f70000 - 0x00007fff37fe4000 	C:\WINDOWS\System32\WS2_32.dll
0x00007fff35250000 - 0x00007fff352ae000 	C:\WINDOWS\SYSTEM32\POWRPROF.dll
0x00007fff280a0000 - 0x00007fff280ab000 	C:\WINDOWS\SYSTEM32\VERSION.dll
0x00007fff28120000 - 0x00007fff28155000 	C:\WINDOWS\SYSTEM32\WINMM.dll
0x00007fff35230000 - 0x00007fff35244000 	C:\WINDOWS\SYSTEM32\UMPDC.dll
0x00007fff34180000 - 0x00007fff3419b000 	C:\WINDOWS\SYSTEM32\kernel.appcore.dll
0x00007fff30470000 - 0x00007fff3047a000 	C:\Program Files\Android\Android Studio\jbr\bin\jimage.dll
0x00007fff2da80000 - 0x00007fff2dcc2000 	C:\WINDOWS\SYSTEM32\DBGHELP.DLL
0x00007fff36b60000 - 0x00007fff36ee5000 	C:\WINDOWS\System32\combase.dll
0x00007fff36340000 - 0x00007fff36416000 	C:\WINDOWS\System32\OLEAUT32.dll
0x00007fff1c840000 - 0x00007fff1c87c000 	C:\WINDOWS\SYSTEM32\dbgcore.DLL
0x00007fff353d0000 - 0x00007fff35475000 	C:\WINDOWS\System32\bcryptPrimitives.dll
0x00007fff09b30000 - 0x00007fff09b3e000 	C:\Program Files\Android\Android Studio\jbr\bin\instrument.dll
0x00007fff24ac0000 - 0x00007fff24ae0000 	C:\Program Files\Android\Android Studio\jbr\bin\java.dll
0x00007fff1f8b0000 - 0x00007fff1f8c8000 	C:\Program Files\Android\Android Studio\jbr\bin\zip.dll
0x00007fff37740000 - 0x00007fff37e93000 	C:\WINDOWS\System32\SHELL32.dll
0x00007fff35d00000 - 0x00007fff35e6a000 	C:\WINDOWS\System32\wintypes.dll
0x00007fff33010000 - 0x00007fff3386e000 	C:\WINDOWS\SYSTEM32\windows.storage.dll
0x00007fff36420000 - 0x00007fff36515000 	C:\WINDOWS\System32\SHCORE.dll
0x00007fff37ff0000 - 0x00007fff38056000 	C:\WINDOWS\System32\shlwapi.dll
0x00007fff352f0000 - 0x00007fff35319000 	C:\WINDOWS\SYSTEM32\profapi.dll
0x00007fff1c970000 - 0x00007fff1c980000 	C:\Program Files\Android\Android Studio\jbr\bin\net.dll
0x00007fff2d440000 - 0x00007fff2d568000 	C:\WINDOWS\SYSTEM32\WINHTTP.dll
0x00007fff346f0000 - 0x00007fff3475b000 	C:\WINDOWS\system32\mswsock.dll
0x00007fff174a0000 - 0x00007fff174b6000 	C:\Program Files\Android\Android Studio\jbr\bin\nio.dll
0x00007fff172c0000 - 0x00007fff172d0000 	C:\Program Files\Android\Android Studio\jbr\bin\verify.dll
0x00007ffe5d2c0000 - 0x00007ffe5d2e7000 	C:\Users\Haqii\.gradle\native\1def1411415f61bf3af743bc5b6707747c0891f09f0c88961ee8f79bc544acac\windows-amd64\native-platform.dll
0x00007fff20dd0000 - 0x00007fff20e48000 	C:\Users\Haqii\.gradle\native\0.2.7\x86_64-windows-gnu\gradle-fileevents.dll
0x00007fff172f0000 - 0x00007fff172f9000 	C:\Program Files\Android\Android Studio\jbr\bin\management.dll
0x00007fff172e0000 - 0x00007fff172eb000 	C:\Program Files\Android\Android Studio\jbr\bin\management_ext.dll
0x00007fff36020000 - 0x00007fff36028000 	C:\WINDOWS\System32\PSAPI.DLL
0x00007fff33b90000 - 0x00007fff33bc4000 	C:\WINDOWS\SYSTEM32\IPHLPAPI.DLL
0x00007fff37730000 - 0x00007fff3773a000 	C:\WINDOWS\System32\NSI.dll
0x00007fff1c960000 - 0x00007fff1c969000 	C:\Program Files\Android\Android Studio\jbr\bin\extnet.dll
0x00007fff349b0000 - 0x00007fff349cb000 	C:\WINDOWS\SYSTEM32\CRYPTSP.dll
0x00007fff340e0000 - 0x00007fff3411a000 	C:\WINDOWS\system32\rsaenh.dll
0x00007fff347a0000 - 0x00007fff347cb000 	C:\WINDOWS\SYSTEM32\USERENV.dll
0x00007fff352c0000 - 0x00007fff352ea000 	C:\WINDOWS\SYSTEM32\bcrypt.dll
0x00007fff349d0000 - 0x00007fff349dc000 	C:\WINDOWS\SYSTEM32\CRYPTBASE.dll
0x00007ffec7a90000 - 0x00007ffec7a98000 	C:\WINDOWS\system32\wshunix.dll

dbghelp: loaded successfully - version: 4.0.5 - missing functions: none
symbol engine: initialized successfully - sym options: 0x614 - pdb path: .;C:\Program Files\Android\Android Studio\jbr\bin;C:\WINDOWS\SYSTEM32;C:\WINDOWS\WinSxS\amd64_microsoft.windows.common-controls_6595b64144ccf1df_6.0.26100.7309_none_3e05feeae336a044;C:\Program Files\Android\Android Studio\jbr\bin\server;C:\Users\Haqii\.gradle\native\1def1411415f61bf3af743bc5b6707747c0891f09f0c88961ee8f79bc544acac\windows-amd64;C:\Users\Haqii\.gradle\native\0.2.7\x86_64-windows-gnu

VM Arguments:
jvm_args: --add-opens=java.base/java.lang=ALL-UNNAMED --add-opens=java.base/java.lang.invoke=ALL-UNNAMED --add-opens=java.base/java.util=ALL-UNNAMED --add-opens=java.prefs/java.util.prefs=ALL-UNNAMED --add-exports=jdk.compiler/com.sun.tools.javac.api=ALL-UNNAMED --add-exports=jdk.compiler/com.sun.tools.javac.util=ALL-UNNAMED --add-opens=java.base/java.util=ALL-UNNAMED --add-opens=java.prefs/java.util.prefs=ALL-UNNAMED --add-opens=java.base/java.nio.charset=ALL-UNNAMED --add-opens=java.base/java.net=ALL-UNNAMED --add-opens=java.base/java.util.concurrent.atomic=ALL-UNNAMED --add-opens=java.xml/javax.xml.namespace=ALL-UNNAMED -Xmx2048m -Dfile.encoding=UTF-8 -Duser.country=ID -Duser.language=en -Duser.variant -javaagent:C:\Users\Haqii\.gradle\wrapper\dists\gradle-8.13-bin\5xuhj0ry160q40clulazy9h7d\gradle-8.13\lib\agents\gradle-instrumentation-agent-8.13.jar 
java_command: org.gradle.launcher.daemon.bootstrap.GradleDaemon 8.13
java_class_path (initial): C:\Users\Haqii\.gradle\wrapper\dists\gradle-8.13-bin\5xuhj0ry160q40clulazy9h7d\gradle-8.13\lib\gradle-daemon-main-8.13.jar
Launcher Type: SUN_STANDARD

[Global flags]
     intx CICompilerCount                          = 12                                        {product} {ergonomic}
     uint ConcGCThreads                            = 3                                         {product} {ergonomic}
     uint G1ConcRefinementThreads                  = 13                                        {product} {ergonomic}
   size_t G1HeapRegionSize                         = 1048576                                   {product} {ergonomic}
    uintx GCDrainStackTargetSize                   = 64                                        {product} {ergonomic}
   size_t InitialHeapSize                          = 230686720                                 {product} {ergonomic}
   size_t MarkStackSize                            = 4194304                                   {product} {ergonomic}
   size_t MaxHeapSize                              = 2147483648                                {product} {command line}
   size_t MaxNewSize                               = 1287651328                                {product} {ergonomic}
   size_t MinHeapDeltaBytes                        = 1048576                                   {product} {ergonomic}
   size_t MinHeapSize                              = 8388608                                   {product} {ergonomic}
    uintx NonNMethodCodeHeapSize                   = 7602480                                {pd product} {ergonomic}
    uintx NonProfiledCodeHeapSize                  = 122027880                              {pd product} {ergonomic}
    uintx ProfiledCodeHeapSize                     = 122027880                              {pd product} {ergonomic}
    uintx ReservedCodeCacheSize                    = 251658240                              {pd product} {ergonomic}
     bool SegmentedCodeCache                       = true                                      {product} {ergonomic}
   size_t SoftMaxHeapSize                          = 2147483648                             {manageable} {ergonomic}
     bool UseCompressedOops                        = true                           {product lp64_product} {ergonomic}
     bool UseG1GC                                  = true                                      {product} {ergonomic}
     bool UseLargePagesIndividualAllocation        = false                                  {pd product} {ergonomic}

Logging:
Log output configuration:
 #0: stdout all=warning uptime,level,tags foldmultilines=false
 #1: stderr all=off uptime,level,tags foldmultilines=false

Environment Variables:
PATH=C:\Program Files\Common Files\Oracle\Java\javapath;C:\Program Files (x86)\Common Files\Oracle\Java\java8path;C:\Program Files (x86)\Common Files\Oracle\Java\javapath;C:\WINDOWS\system32;C:\WINDOWS;C:\WINDOWS\System32\Wbem;C:\WINDOWS\System32\WindowsPowerShell\v1.0\;C:\WINDOWS\System32\OpenSSH\;C:\xampp\php;C:\ProgramData\ComposerSetup\bin;C:\Program Files\Git\cmd;C:\Program Files\dotnet\;C:\ProgramData\chocolatey\bin;C:\Program Files\nodejs\;C:\Program Files\Common Files\Oracle\Java\javapath;C:\Windows\system32;C:\Windows;C:\Windows\System32\Wbem;C:\Windows\System32\WindowsPowerShell\v1.0\;C:\Windows\System32\OpenSSH\;C:\xampp\php;C:\ProgramData\ComposerSetup\bin;C:\Program Files\nodejs\;C:\Program Files\Git\cmd;C:\Program Files\dotnet\;C:\ProgramData\chocolatey\bin;c:\Users\Haqii\AppData\Local\Programs\cursor\resources\app\codeBin;C:\Users\Haqii\AppData\Local\Programs\Python\Launcher\;C:\Users\Haqii\AppData\Local\Microsoft\WindowsApps;C:\Users\Haqii\AppData\Local\Programs\Microsoft VS Code\bin;C:\Users\Haqii\AppData\Roaming\Composer\vendor\bin;C:\msys64\ucrt64\bin;C:\Users\Haqii\AppData\Local\spicetify;C:\Users\Haqii\.deno\bin;C:\Android\cmdline-tools\latest\bin;C:\Android\platform-tools;C:\Android\emulator;C:\Users\Haqii\AppData\Roaming\npm;C:\Users\Haqii\AppData\Local\Microsoft\WindowsApps;C:\laragon\bin\php\php-8.3.26-Win32-vs16-x64;C:\laragon\bin\composer;
USERNAME=Haqii
OS=Windows_NT
PROCESSOR_IDENTIFIER=AMD64 Family 25 Model 68 Stepping 1, AuthenticAMD
TMP=C:\Users\Haqii\AppData\Local\Temp
TEMP=C:\Users\Haqii\AppData\Local\Temp




Periodic native trim disabled

JNI global refs:
JNI global refs: 32, weak refs: 2

JNI global refs memory usage: 835, weak refs: 833

Process memory usage:
Resident Set Size: 270904K (1% of 14415488K total physical memory with 1245412K free physical memory)

OOME stack traces (most recent first):
Classloader memory used:
Loader org.gradle.internal.classloader.VisitableURLClassLoader                         : 21845K
Loader bootstrap                                                                       : 20249K
Loader org.gradle.initialization.MixInLegacyTypesClassLoader                           : 2731K
Loader jdk.internal.loader.ClassLoaders$PlatformClassLoader                            : 511K
Loader jdk.internal.loader.ClassLoaders$AppClassLoader                                 : 235K

Classes loaded by more than one classloader:
Class org.gradle.internal.classloader.FilteringClassLoader                            : loaded 2 times (x 101B)
Class org.gradle.internal.classloader.ClassLoaderHierarchy                            : loaded 2 times (x 66B)
Class org.gradle.api.internal.classpath.ManifestUtil                                  : loaded 2 times (x 67B)
Class org.gradle.internal.classloader.DefaultClassLoaderFactory                       : loaded 2 times (x 78B)
Class org.gradle.internal.classloader.ClassLoaderVisitor                              : loaded 2 times (x 72B)
Class org.gradle.api.internal.classpath.EffectiveClassPath                            : loaded 2 times (x 86B)
Class org.gradle.api.internal.DefaultClassPathProvider                                : loaded 2 times (x 72B)
Class [Lorg.gradle.api.internal.ClassPathProvider;                                    : loaded 2 times (x 65B)
Class org.gradle.api.internal.ClassPathProvider                                       : loaded 2 times (x 66B)
Class org.gradle.internal.service.UnknownServiceException                             : loaded 2 times (x 79B)
Class org.gradle.internal.classpath.TransformedClassPath                              : loaded 2 times (x 92B)
Class org.gradle.internal.classloader.InstrumentingClassLoader                        : loaded 2 times (x 66B)
Class org.gradle.internal.service.ServiceLocator                                      : loaded 2 times (x 66B)
Class org.gradle.internal.InternalTransformer                                         : loaded 2 times (x 66B)
Class org.gradle.internal.classloader.ClasspathUtil$1                                 : loaded 2 times (x 72B)
Class org.gradle.api.internal.classpath.DefaultModuleRegistry$DefaultModule           : loaded 2 times (x 82B)
Class org.gradle.api.internal.classpath.Module                                        : loaded 2 times (x 66B)
Class org.gradle.api.internal.classpath.UnknownModuleException                        : loaded 2 times (x 78B)
Class org.gradle.api.internal.DefaultClassPathRegistry                                : loaded 2 times (x 72B)
Class org.gradle.api.internal.ClassPathRegistry                                       : loaded 2 times (x 66B)
Class org.gradle.internal.classpath.DefaultClassPath$ImmutableUniqueList              : loaded 2 times (x 195B)
Class org.gradle.internal.classpath.ClassPath                                         : loaded 2 times (x 66B)
Class org.gradle.api.UncheckedIOException                                             : loaded 2 times (x 78B)
Class org.gradle.internal.installation.GradleInstallation$1                           : loaded 2 times (x 71B)
Class org.gradle.api.internal.classpath.ModuleRegistry                                : loaded 2 times (x 66B)
Class org.gradle.api.internal.classpath.DefaultModuleRegistry                         : loaded 2 times (x 82B)
Class org.gradle.internal.service.ServiceLookupException                              : loaded 2 times (x 78B)
Class org.gradle.internal.classloader.ClassLoaderFactory                              : loaded 2 times (x 66B)
Class org.gradle.internal.service.CachingServiceLocator                               : loaded 2 times (x 78B)
Class org.gradle.internal.classloader.ClasspathUtil                                   : loaded 2 times (x 67B)
Class org.gradle.api.specs.Spec                                                       : loaded 2 times (x 66B)
Class org.gradle.internal.classloader.VisitableURLClassLoader$InstrumentingVisitableURLClassLoader: loaded 2 times (x 119B)
Class org.gradle.internal.classloader.VisitableURLClassLoader$Spec                    : loaded 2 times (x 70B)
Class org.gradle.internal.classpath.DefaultClassPath                                  : loaded 2 times (x 86B)
Class org.gradle.internal.classloader.ClassLoaderSpec                                 : loaded 2 times (x 67B)
Class org.gradle.internal.classloader.VisitableURLClassLoader                         : loaded 2 times (x 113B)
Class org.gradle.internal.Cast                                                        : loaded 2 times (x 67B)
Class org.gradle.api.Action                                                           : loaded 2 times (x 66B)
Class org.gradle.internal.classpath.DefaultClassPath$ImmutableUniqueList$Builder      : loaded 2 times (x 71B)
Class org.gradle.api.GradleException                                                  : loaded 2 times (x 78B)
Class org.gradle.internal.IoActions                                                   : loaded 2 times (x 67B)
Class org.gradle.internal.classloader.SystemClassLoaderSpec                           : loaded 2 times (x 67B)
Class org.gradle.api.internal.classpath.GlobalCacheRootsProvider                      : loaded 2 times (x 66B)
Class org.gradle.internal.installation.CurrentGradleInstallationLocator               : loaded 2 times (x 67B)
Class org.gradle.internal.service.DefaultServiceLocator                               : loaded 2 times (x 79B)
Class org.gradle.internal.installation.CurrentGradleInstallation                      : loaded 2 times (x 69B)
Class org.gradle.util.internal.GUtil                                                  : loaded 2 times (x 67B)
Class org.gradle.internal.installation.GradleInstallation                             : loaded 2 times (x 71B)

---------------  S Y S T E M  ---------------

OS:
 Windows 11 , 64 bit Build 26100 (10.0.26100.7309)
OS uptime: 0 days 0:15 hours

CPU: total 16 (initial active 16) (16 cores per cpu, 2 threads per core) family 25 model 68 stepping 1 microcode 0xa404102, cx8, cmov, fxsr, ht, mmx, 3dnowpref, sse, sse2, sse3, ssse3, sse4a, sse4.1, sse4.2, popcnt, lzcnt, tsc, tscinvbit, avx, avx2, aes, erms, clmul, bmi1, bmi2, adx, sha, fma, vzeroupper, clflush, clflushopt, rdtscp, rdpid, fsrm, f16c, pku, cet_ss
Processor Information for processor 0
  Max Mhz: 3201, Current Mhz: 2560, Mhz Limit: 3201
Processor Information for processor 1
  Max Mhz: 3201, Current Mhz: 2560, Mhz Limit: 3201
Processor Information for processor 2
  Max Mhz: 3201, Current Mhz: 2560, Mhz Limit: 3201
Processor Information for processor 3
  Max Mhz: 3201, Current Mhz: 3201, Mhz Limit: 3201
Processor Information for processor 4
  Max Mhz: 3201, Current Mhz: 2560, Mhz Limit: 3201
Processor Information for processor 5
  Max Mhz: 3201, Current Mhz: 2560, Mhz Limit: 3201
Processor Information for processor 6
  Max Mhz: 3201, Current Mhz: 3201, Mhz Limit: 3201
Processor Information for processor 7
  Max Mhz: 3201, Current Mhz: 3201, Mhz Limit: 3201
Processor Information for processor 8
  Max Mhz: 3201, Current Mhz: 2560, Mhz Limit: 3201
Processor Information for processor 9
  Max Mhz: 3201, Current Mhz: 2560, Mhz Limit: 3201
Processor Information for processor 10
  Max Mhz: 3201, Current Mhz: 2560, Mhz Limit: 3201
Processor Information for processor 11
  Max Mhz: 3201, Current Mhz: 3201, Mhz Limit: 3201
Processor Information for processor 12
  Max Mhz: 3201, Current Mhz: 2560, Mhz Limit: 3201
Processor Information for processor 13
  Max Mhz: 3201, Current Mhz: 2560, Mhz Limit: 3201
Processor Information for processor 14
  Max Mhz: 3201, Current Mhz: 2560, Mhz Limit: 3201
Processor Information for processor 15
  Max Mhz: 3201, Current Mhz: 3201, Mhz Limit: 3201

Memory: 4k page, system-wide physical 14077M (1216M free)
TotalPageFile size 27389M (AvailPageFile size 11M)
current process WorkingSet (physical memory assigned to process): 265M, peak: 265M
current process commit charge ("private bytes"): 311M, peak: 361M

vm_info: OpenJDK 64-Bit Server VM (21.0.6+-13391695-b895.109) for windows-amd64 JRE (21.0.6+-13391695-b895.109), built on 2025-04-22T21:19:17Z by "builder" with MS VC++ 16.10 / 16.11 (VS2019)

END.
