#
# There is insufficient memory for the Java Runtime Environment to continue.
# Native memory allocation (malloc) failed to allocate 2212160 bytes. Error detail: Chunk::new
# Possible reasons:
#   The system is out of physical RAM or swap space
#   This process is running with CompressedOops enabled, and the Java Heap may be blocking the growth of the native heap
# Possible solutions:
#   Reduce memory load on the system
#   Increase physical memory or swap space
#   Check if swap backing store is full
#   Decrease Java heap size (-Xmx/-Xms)
#   Decrease number of Java threads
#   Decrease Java thread stack sizes (-Xss)
#   Set larger code cache with -XX:ReservedCodeCacheSize=
#   JVM is running with Zero Based Compressed Oops mode in which the Java heap is
#     placed in the first 32GB address space. The Java Heap base address is the
#     maximum limit for the native heap growth. Please use -XX:HeapBaseMinAddress
#     to set the Java Heap base and to place the Java Heap above 32GB virtual address.
# This output file may be truncated or incomplete.
#
#  Out of Memory Error (arena.cpp:149), pid=20940, tid=23440
#
# JRE version: Java(TM) SE Runtime Environment (23.0.1+11) (build 23.0.1+11-39)
# Java VM: Java HotSpot(TM) 64-Bit Server VM (23.0.1+11-39, mixed mode, sharing, tiered, compressed oops, compressed class ptrs, g1 gc, windows-amd64)
# No core dump will be written. Minidumps are not enabled by default on client versions of Windows
#

---------------  S U M M A R Y ------------

Command Line: -DkotlinLanguageServer.version=1.3.13 org.javacs.kt.MainKt

Host: AMD Ryzen 7 7735HS with Radeon Graphics        , 16 cores, 13G,  Windows 11 , 64 bit Build 26100 (10.0.26100.7019)
Time: Wed Dec 10 10:17:03 2025 SE Asia Standard Time elapsed time: 37.110344 seconds (0d 0h 0m 37s)

---------------  T H R E A D  ---------------

Current thread (0x00000194ff01a0b0):  JavaThread "C2 CompilerThread0" daemon [_thread_in_native, id=23440, stack(0x0000007639800000,0x0000007639900000) (1024K)]


Current CompileTask:
C2:37110 19950       4       org.jetbrains.kotlin.resolve.calls.CallResolver::doResolveCallOrGetCachedResults (378 bytes)

Stack: [0x0000007639800000,0x0000007639900000]
Native frames: (J=compiled Java code, j=interpreted, Vv=VM code, C=native code)
V  [jvm.dll+0x6e08b9]  (no source info available)
V  [jvm.dll+0x87dc83]  (no source info available)
V  [jvm.dll+0x88010e]  (no source info available)
V  [jvm.dll+0x8807e3]  (no source info available)
V  [jvm.dll+0x27aee6]  (no source info available)
V  [jvm.dll+0xbc06f]  (no source info available)
V  [jvm.dll+0xbc2cb]  (no source info available)
V  [jvm.dll+0x3b3a9c]  (no source info available)
V  [jvm.dll+0x38a42b]  (no source info available)
V  [jvm.dll+0x38989a]  (no source info available)
V  [jvm.dll+0x244aa1]  (no source info available)
V  [jvm.dll+0x243dff]  (no source info available)
V  [jvm.dll+0x1c33a0]  (no source info available)
V  [jvm.dll+0x253cf1]  (no source info available)
V  [jvm.dll+0x251faa]  (no source info available)
V  [jvm.dll+0x3ee036]  (no source info available)
V  [jvm.dll+0x824f8b]  (no source info available)
V  [jvm.dll+0x6df065]  (no source info available)
C  [ucrtbase.dll+0x37b0]  (no source info available)
C  [KERNEL32.DLL+0x2e8d7]  (no source info available)
C  [ntdll.dll+0x8c53c]  (no source info available)

Lock stack of current Java thread (top to bottom):


---------------  P R O C E S S  ---------------

Threads class SMR info:
_java_thread_list=0x0000019480c51970, length=20, elements={
0x00000194b9b31010, 0x00000194b9b33790, 0x00000194b9b33f30, 0x00000194b9b36940,
0x00000194b9b5d580, 0x00000194b9b5dbf0, 0x00000194ff01a0b0, 0x00000194ff021750,
0x00000194ff1bc6c0, 0x00000194ff1c1560, 0x000001948c6c1e50, 0x0000019480104370,
0x000001948ac899f0, 0x00000194899a97c0, 0x0000019480e7a650, 0x00000194899a9e50,
0x00000194899aab70, 0x000001948f47f1e0, 0x00000194898ab620, 0x000001948b83cca0
}

Java Threads: ( => current thread )
  0x00000194b9b31010 JavaThread "Reference Handler"          daemon [_thread_blocked, id=4016, stack(0x0000007639200000,0x0000007639300000) (1024K)]
  0x00000194b9b33790 JavaThread "Finalizer"                  daemon [_thread_blocked, id=9924, stack(0x0000007639300000,0x0000007639400000) (1024K)]
  0x00000194b9b33f30 JavaThread "Signal Dispatcher"          daemon [_thread_blocked, id=18020, stack(0x0000007639400000,0x0000007639500000) (1024K)]
  0x00000194b9b36940 JavaThread "Attach Listener"            daemon [_thread_blocked, id=12448, stack(0x0000007639500000,0x0000007639600000) (1024K)]
  0x00000194b9b5d580 JavaThread "Service Thread"             daemon [_thread_blocked, id=13256, stack(0x0000007639600000,0x0000007639700000) (1024K)]
  0x00000194b9b5dbf0 JavaThread "Monitor Deflation Thread"   daemon [_thread_blocked, id=13184, stack(0x0000007639700000,0x0000007639800000) (1024K)]
=>0x00000194ff01a0b0 JavaThread "C2 CompilerThread0"         daemon [_thread_in_native, id=23440, stack(0x0000007639800000,0x0000007639900000) (1024K)]
  0x00000194ff021750 JavaThread "C1 CompilerThread0"         daemon [_thread_blocked, id=12932, stack(0x0000007639900000,0x0000007639a00000) (1024K)]
  0x00000194ff1bc6c0 JavaThread "Notification Thread"        daemon [_thread_blocked, id=21744, stack(0x0000007639b00000,0x0000007639c00000) (1024K)]
  0x00000194ff1c1560 JavaThread "Common-Cleaner"             daemon [_thread_blocked, id=7216, stack(0x0000007639c00000,0x0000007639d00000) (1024K)]
  0x000001948c6c1e50 JavaThread "client"                            [_thread_in_native, id=3200, stack(0x000000763b100000,0x000000763b200000) (1024K)]
  0x0000019480104370 JavaThread "DestroyJavaVM"                     [_thread_blocked, id=11916, stack(0x0000007638a00000,0x0000007638b00000) (1024K)]
  0x000001948ac899f0 JavaThread "async0"                            [_thread_blocked, id=7088, stack(0x000000763b000000,0x000000763b100000) (1024K)]
  0x00000194899a97c0 JavaThread "async1"                            [_thread_blocked, id=22812, stack(0x0000007639e00000,0x0000007639f00000) (1024K)]
  0x0000019480e7a650 JavaThread "C2 CompilerThread1"         daemon [_thread_in_native, id=22980, stack(0x000000763ae00000,0x000000763af00000) (1024K)]
  0x00000194899a9e50 JavaThread "debounce0"                         [_thread_in_Java, id=12588, stack(0x000000763b300000,0x000000763b400000) (1024K)]
  0x00000194899aab70 JavaThread "async2"                            [_thread_blocked, id=21844, stack(0x000000763b400000,0x000000763b500000) (1024K)]
  0x000001948f47f1e0 JavaThread "C2 CompilerThread2"         daemon [_thread_in_native, id=15976, stack(0x000000763af00000,0x000000763b000000) (1024K)]
  0x00000194898ab620 JavaThread "async3"                            [_thread_blocked, id=23068, stack(0x000000763b200000,0x000000763b300000) (1024K)]
  0x000001948b83cca0 JavaThread "C1 CompilerThread1"         daemon [_thread_blocked, id=1656, stack(0x0000007638700000,0x0000007638800000) (1024K)]
Total: 20

Other Threads:
  0x00000194b9b169d0 VMThread "VM Thread"                           [id=19648, stack(0x0000007639100000,0x0000007639200000) (1024K)]
  0x00000194b9b042c0 WatcherThread "VM Periodic Task Thread"        [id=21720, stack(0x0000007639000000,0x0000007639100000) (1024K)]
  0x000001949a887bf0 WorkerThread "GC Thread#0"                     [id=11308, stack(0x0000007638b00000,0x0000007638c00000) (1024K)]
  0x00000194ffba1520 WorkerThread "GC Thread#1"                     [id=7080, stack(0x000000763a000000,0x000000763a100000) (1024K)]
  0x00000194ffba18d0 WorkerThread "GC Thread#2"                     [id=22720, stack(0x000000763a100000,0x000000763a200000) (1024K)]
  0x00000194ffba2090 WorkerThread "GC Thread#3"                     [id=20816, stack(0x000000763a200000,0x000000763a300000) (1024K)]
  0x00000194ffae8220 WorkerThread "GC Thread#4"                     [id=22940, stack(0x000000763a300000,0x000000763a400000) (1024K)]
  0x00000194ffb47ee0 WorkerThread "GC Thread#5"                     [id=16524, stack(0x000000763a400000,0x000000763a500000) (1024K)]
  0x00000194ffb492a0 WorkerThread "GC Thread#6"                     [id=7120, stack(0x000000763a500000,0x000000763a600000) (1024K)]
  0x00000194ffb49650 WorkerThread "GC Thread#7"                     [id=13168, stack(0x000000763a600000,0x000000763a700000) (1024K)]
  0x00000194802bd4e0 WorkerThread "GC Thread#8"                     [id=6708, stack(0x000000763a700000,0x000000763a800000) (1024K)]
  0x00000194802bdff0 WorkerThread "GC Thread#9"                     [id=18604, stack(0x000000763a800000,0x000000763a900000) (1024K)]
  0x000001948098bac0 WorkerThread "GC Thread#10"                    [id=17540, stack(0x000000763a900000,0x000000763aa00000) (1024K)]
  0x000001948098eab0 WorkerThread "GC Thread#11"                    [id=7780, stack(0x000000763aa00000,0x000000763ab00000) (1024K)]
  0x000001948098c220 WorkerThread "GC Thread#12"                    [id=9344, stack(0x000000763ab00000,0x000000763ac00000) (1024K)]
  0x000001949a89af50 ConcurrentGCThread "G1 Main Marker"            [id=1564, stack(0x0000007638c00000,0x0000007638d00000) (1024K)]
  0x000001949a89db90 WorkerThread "G1 Conc#0"                       [id=10744, stack(0x0000007638d00000,0x0000007638e00000) (1024K)]
  0x000001948098c980 WorkerThread "G1 Conc#1"                       [id=9976, stack(0x000000763ac00000,0x000000763ad00000) (1024K)]
  0x000001948098afb0 WorkerThread "G1 Conc#2"                       [id=8364, stack(0x000000763ad00000,0x000000763ae00000) (1024K)]
  0x00000194b99d9190 ConcurrentGCThread "G1 Refine#0"               [id=16344, stack(0x0000007638e00000,0x0000007638f00000) (1024K)]
  0x00000194b99d96d0 ConcurrentGCThread "G1 Service"                [id=484, stack(0x0000007638f00000,0x0000007639000000) (1024K)]
Total: 21

Threads with active compile tasks:
C2 CompilerThread0  37644 19950       4       org.jetbrains.kotlin.resolve.calls.CallResolver::doResolveCallOrGetCachedResults (378 bytes)
C2 CompilerThread1  37644 20015       4       org.jetbrains.kotlin.types.AbstractTypeChecker::collectAllSupertypesWithGivenTypeConstructor (481 bytes)
C2 CompilerThread2  37644 20010       4       org.jetbrains.kotlin.resolve.calls.inference.components.NewTypeSubstitutor::substituteParametrizedType (443 bytes)
Total: 3

VM state: not at safepoint (normal execution)

VM Mutex/Monitor currently owned by a thread: None

Heap address: 0x0000000724000000, size: 3520 MB, Compressed Oops mode: Zero based, Oop shift amount: 3

CDS archive(s) mapped at: [0x00000194ba000000-0x00000194bad70000-0x00000194bad70000), size 14090240, SharedBaseAddress: 0x00000194ba000000, ArchiveRelocationMode: 1.
Compressed class space mapped at: 0x00000194bb000000-0x00000194fb000000, reserved size: 1073741824
Narrow klass base: 0x00000194ba000000, Narrow klass shift: 0, Narrow klass range: 0x41000000

GC Precious Log:
 CardTable entry size: 512
 Card Set container configuration: InlinePtr #cards 4 size 8 Array Of Cards #cards 16 size 48 Howl #buckets 8 coarsen threshold 3686 Howl Bitmap #cards 512 size 80 coarsen threshold 460 Card regions per heap region 1 cards per card region 4096
 CPUs: 16 total, 16 available
 Memory: 14077M
 Large Page Support: Disabled
 NUMA Support: Disabled
 Compressed Oops: Enabled (Zero based)
 Heap Region Size: 2M
 Heap Min Capacity: 8M
 Heap Initial Capacity: 220M
 Heap Max Capacity: 3520M
 Pre-touch: Disabled
 Parallel Workers: 13
 Concurrent Workers: 3
 Concurrent Refinement Workers: 13
 Periodic GC: Disabled

Heap:
 garbage-first heap   total reserved 3604480K, committed 409600K, used 249075K [0x0000000724000000, 0x0000000800000000)
  region size 2048K, 9 young (18432K), 5 survivors (10240K)
 Metaspace       used 79808K, committed 80896K, reserved 1179648K
  class space    used 9099K, committed 9600K, reserved 1048576K

Heap Regions: E=young(eden), S=young(survivor), O=old, HS=humongous(starts), HC=humongous(continues), CS=collection set, F=free, TAMS=top-at-mark-start, PB=parsable bottom
|   0|0x0000000724000000, 0x0000000724200000, 0x0000000724200000|100%|HS|  |TAMS 0x0000000724000000| PB 0x0000000724000000| Complete |  0
|   1|0x0000000724200000, 0x0000000724400000, 0x0000000724400000|100%|HC|  |TAMS 0x0000000724200000| PB 0x0000000724200000| Complete |  0
|   2|0x0000000724400000, 0x0000000724600000, 0x0000000724600000|100%| O|  |TAMS 0x0000000724400000| PB 0x0000000724400000| Untracked |  0
|   3|0x0000000724600000, 0x0000000724800000, 0x0000000724800000|100%| O|  |TAMS 0x0000000724600000| PB 0x0000000724600000| Untracked |  0
|   4|0x0000000724800000, 0x0000000724a00000, 0x0000000724a00000|100%| O|  |TAMS 0x0000000724800000| PB 0x0000000724800000| Untracked |  0
|   5|0x0000000724a00000, 0x0000000724c00000, 0x0000000724c00000|100%| O|  |TAMS 0x0000000724a00000| PB 0x0000000724a00000| Untracked |  0
|   6|0x0000000724c00000, 0x0000000724e00000, 0x0000000724e00000|100%| O|  |TAMS 0x0000000724c00000| PB 0x0000000724c00000| Untracked |  0
|   7|0x0000000724e00000, 0x0000000725000000, 0x0000000725000000|100%| O|  |TAMS 0x0000000724e00000| PB 0x0000000724e00000| Untracked |  0
|   8|0x0000000725000000, 0x0000000725200000, 0x0000000725200000|100%| O|  |TAMS 0x0000000725000000| PB 0x0000000725000000| Untracked |  0
|   9|0x0000000725200000, 0x0000000725400000, 0x0000000725400000|100%| O|  |TAMS 0x0000000725200000| PB 0x0000000725200000| Untracked |  0
|  10|0x0000000725400000, 0x0000000725600000, 0x0000000725600000|100%| O|  |TAMS 0x0000000725400000| PB 0x0000000725400000| Untracked |  0
|  11|0x0000000725600000, 0x0000000725800000, 0x0000000725800000|100%| O|  |TAMS 0x0000000725600000| PB 0x0000000725600000| Untracked |  0
|  12|0x0000000725800000, 0x0000000725a00000, 0x0000000725a00000|100%| O|  |TAMS 0x0000000725800000| PB 0x0000000725800000| Untracked |  0
|  13|0x0000000725a00000, 0x0000000725c00000, 0x0000000725c00000|100%| O|  |TAMS 0x0000000725a00000| PB 0x0000000725a00000| Untracked |  0
|  14|0x0000000725c00000, 0x0000000725e00000, 0x0000000725e00000|100%| O|  |TAMS 0x0000000725c00000| PB 0x0000000725c00000| Untracked |  0
|  15|0x0000000725e00000, 0x0000000726000000, 0x0000000726000000|100%| O|  |TAMS 0x0000000725e00000| PB 0x0000000725e00000| Untracked |  0
|  16|0x0000000726000000, 0x0000000726200000, 0x0000000726200000|100%| O|  |TAMS 0x0000000726000000| PB 0x0000000726000000| Untracked |  0
|  17|0x0000000726200000, 0x0000000726400000, 0x0000000726400000|100%| O|  |TAMS 0x0000000726200000| PB 0x0000000726200000| Untracked |  0
|  18|0x0000000726400000, 0x0000000726600000, 0x0000000726600000|100%| O|  |TAMS 0x0000000726400000| PB 0x0000000726400000| Untracked |  0
|  19|0x0000000726600000, 0x0000000726800000, 0x0000000726800000|100%| O|Cm|TAMS 0x0000000726600000| PB 0x0000000726600000| Complete |  0
|  20|0x0000000726800000, 0x0000000726a00000, 0x0000000726a00000|100%|HS|  |TAMS 0x0000000726800000| PB 0x0000000726800000| Complete |  0
|  21|0x0000000726a00000, 0x0000000726c00000, 0x0000000726c00000|100%| O|  |TAMS 0x0000000726a00000| PB 0x0000000726a00000| Untracked |  0
|  22|0x0000000726c00000, 0x0000000726e00000, 0x0000000726e00000|100%| O|  |TAMS 0x0000000726c00000| PB 0x0000000726c00000| Untracked |  0
|  23|0x0000000726e00000, 0x0000000727000000, 0x0000000727000000|100%| O|  |TAMS 0x0000000726e00000| PB 0x0000000726e00000| Untracked |  0
|  24|0x0000000727000000, 0x0000000727200000, 0x0000000727200000|100%| O|  |TAMS 0x0000000727000000| PB 0x0000000727000000| Untracked |  0
|  25|0x0000000727200000, 0x0000000727400000, 0x0000000727400000|100%| O|  |TAMS 0x0000000727200000| PB 0x0000000727200000| Untracked |  0
|  26|0x0000000727400000, 0x0000000727600000, 0x0000000727600000|100%| O|  |TAMS 0x0000000727400000| PB 0x0000000727400000| Untracked |  0
|  27|0x0000000727600000, 0x0000000727800000, 0x0000000727800000|100%| O|  |TAMS 0x0000000727600000| PB 0x0000000727600000| Untracked |  0
|  28|0x0000000727800000, 0x0000000727a00000, 0x0000000727a00000|100%| O|  |TAMS 0x0000000727800000| PB 0x0000000727800000| Untracked |  0
|  29|0x0000000727a00000, 0x0000000727c00000, 0x0000000727c00000|100%| O|  |TAMS 0x0000000727a00000| PB 0x0000000727a00000| Untracked |  0
|  30|0x0000000727c00000, 0x0000000727e00000, 0x0000000727e00000|100%| O|  |TAMS 0x0000000727c00000| PB 0x0000000727c00000| Untracked |  0
|  31|0x0000000727e00000, 0x0000000728000000, 0x0000000728000000|100%| O|  |TAMS 0x0000000727e00000| PB 0x0000000727e00000| Untracked |  0
|  32|0x0000000728000000, 0x0000000728200000, 0x0000000728200000|100%| O|  |TAMS 0x0000000728000000| PB 0x0000000728000000| Untracked |  0
|  33|0x0000000728200000, 0x0000000728400000, 0x0000000728400000|100%| O|  |TAMS 0x0000000728200000| PB 0x0000000728200000| Untracked |  0
|  34|0x0000000728400000, 0x0000000728600000, 0x0000000728600000|100%| O|  |TAMS 0x0000000728400000| PB 0x0000000728400000| Untracked |  0
|  35|0x0000000728600000, 0x0000000728800000, 0x0000000728800000|100%| O|  |TAMS 0x0000000728600000| PB 0x0000000728600000| Untracked |  0
|  36|0x0000000728800000, 0x0000000728a00000, 0x0000000728a00000|100%| O|  |TAMS 0x0000000728800000| PB 0x0000000728800000| Untracked |  0
|  37|0x0000000728a00000, 0x0000000728c00000, 0x0000000728c00000|100%| O|  |TAMS 0x0000000728a00000| PB 0x0000000728a00000| Untracked |  0
|  38|0x0000000728c00000, 0x0000000728e00000, 0x0000000728e00000|100%| O|  |TAMS 0x0000000728c00000| PB 0x0000000728c00000| Untracked |  0
|  39|0x0000000728e00000, 0x0000000729000000, 0x0000000729000000|100%| O|  |TAMS 0x0000000728e00000| PB 0x0000000728e00000| Untracked |  0
|  40|0x0000000729000000, 0x0000000729200000, 0x0000000729200000|100%| O|  |TAMS 0x0000000729000000| PB 0x0000000729000000| Untracked |  0
|  41|0x0000000729200000, 0x0000000729400000, 0x0000000729400000|100%| O|  |TAMS 0x0000000729200000| PB 0x0000000729200000| Untracked |  0
|  42|0x0000000729400000, 0x0000000729600000, 0x0000000729600000|100%| O|  |TAMS 0x0000000729400000| PB 0x0000000729400000| Untracked |  0
|  43|0x0000000729600000, 0x0000000729800000, 0x0000000729800000|100%| O|  |TAMS 0x0000000729600000| PB 0x0000000729600000| Untracked |  0
|  44|0x0000000729800000, 0x0000000729a00000, 0x0000000729a00000|100%| O|  |TAMS 0x0000000729800000| PB 0x0000000729800000| Untracked |  0
|  45|0x0000000729a00000, 0x0000000729c00000, 0x0000000729c00000|100%| O|  |TAMS 0x0000000729a00000| PB 0x0000000729a00000| Untracked |  0
|  46|0x0000000729c00000, 0x0000000729e00000, 0x0000000729e00000|100%| O|  |TAMS 0x0000000729c00000| PB 0x0000000729c00000| Untracked |  0
|  47|0x0000000729e00000, 0x000000072a000000, 0x000000072a000000|100%| O|  |TAMS 0x0000000729e00000| PB 0x0000000729e00000| Untracked |  0
|  48|0x000000072a000000, 0x000000072a200000, 0x000000072a200000|100%| O|  |TAMS 0x000000072a000000| PB 0x000000072a000000| Untracked |  0
|  49|0x000000072a200000, 0x000000072a400000, 0x000000072a400000|100%| O|  |TAMS 0x000000072a200000| PB 0x000000072a200000| Untracked |  0
|  50|0x000000072a400000, 0x000000072a600000, 0x000000072a600000|100%| O|  |TAMS 0x000000072a400000| PB 0x000000072a400000| Untracked |  0
|  51|0x000000072a600000, 0x000000072a800000, 0x000000072a800000|100%|HS|  |TAMS 0x000000072a600000| PB 0x000000072a600000| Complete |  0
|  52|0x000000072a800000, 0x000000072aa00000, 0x000000072aa00000|100%| O|  |TAMS 0x000000072a800000| PB 0x000000072a800000| Untracked |  0
|  53|0x000000072aa00000, 0x000000072ac00000, 0x000000072ac00000|100%| O|  |TAMS 0x000000072aa00000| PB 0x000000072aa00000| Untracked |  0
|  54|0x000000072ac00000, 0x000000072ae00000, 0x000000072ae00000|100%| O|  |TAMS 0x000000072ac00000| PB 0x000000072ac00000| Untracked |  0
|  55|0x000000072ae00000, 0x000000072b000000, 0x000000072b000000|100%| O|  |TAMS 0x000000072ae00000| PB 0x000000072ae00000| Untracked |  0
|  56|0x000000072b000000, 0x000000072b200000, 0x000000072b200000|100%| O|  |TAMS 0x000000072b000000| PB 0x000000072b000000| Untracked |  0
|  57|0x000000072b200000, 0x000000072b400000, 0x000000072b400000|100%| O|  |TAMS 0x000000072b200000| PB 0x000000072b200000| Untracked |  0
|  58|0x000000072b400000, 0x000000072b600000, 0x000000072b600000|100%| O|  |TAMS 0x000000072b400000| PB 0x000000072b400000| Untracked |  0
|  59|0x000000072b600000, 0x000000072b800000, 0x000000072b800000|100%| O|  |TAMS 0x000000072b600000| PB 0x000000072b600000| Untracked |  0
|  60|0x000000072b800000, 0x000000072ba00000, 0x000000072ba00000|100%| O|  |TAMS 0x000000072b800000| PB 0x000000072b800000| Untracked |  0
|  61|0x000000072ba00000, 0x000000072bc00000, 0x000000072bc00000|100%| O|  |TAMS 0x000000072ba00000| PB 0x000000072ba00000| Untracked |  0
|  62|0x000000072bc00000, 0x000000072be00000, 0x000000072be00000|100%| O|  |TAMS 0x000000072bc00000| PB 0x000000072bc00000| Untracked |  0
|  63|0x000000072be00000, 0x000000072c000000, 0x000000072c000000|100%| O|  |TAMS 0x000000072be00000| PB 0x000000072be00000| Untracked |  0
|  64|0x000000072c000000, 0x000000072c200000, 0x000000072c200000|100%| O|  |TAMS 0x000000072c000000| PB 0x000000072c000000| Untracked |  0
|  65|0x000000072c200000, 0x000000072c400000, 0x000000072c400000|100%| O|  |TAMS 0x000000072c200000| PB 0x000000072c200000| Untracked |  0
|  66|0x000000072c400000, 0x000000072c600000, 0x000000072c600000|100%| O|  |TAMS 0x000000072c400000| PB 0x000000072c400000| Untracked |  0
|  67|0x000000072c600000, 0x000000072c800000, 0x000000072c800000|100%| O|  |TAMS 0x000000072c600000| PB 0x000000072c600000| Untracked |  0
|  68|0x000000072c800000, 0x000000072ca00000, 0x000000072ca00000|100%| O|  |TAMS 0x000000072c800000| PB 0x000000072c800000| Untracked |  0
|  69|0x000000072ca00000, 0x000000072cc00000, 0x000000072cc00000|100%| O|  |TAMS 0x000000072ca00000| PB 0x000000072ca00000| Untracked |  0
|  70|0x000000072cc00000, 0x000000072ce00000, 0x000000072ce00000|100%| O|  |TAMS 0x000000072cc00000| PB 0x000000072cc00000| Untracked |  0
|  71|0x000000072ce00000, 0x000000072d000000, 0x000000072d000000|100%| O|  |TAMS 0x000000072ce00000| PB 0x000000072ce00000| Untracked |  0
|  72|0x000000072d000000, 0x000000072d200000, 0x000000072d200000|100%| O|  |TAMS 0x000000072d000000| PB 0x000000072d000000| Untracked |  0
|  73|0x000000072d200000, 0x000000072d400000, 0x000000072d400000|100%| O|  |TAMS 0x000000072d200000| PB 0x000000072d200000| Untracked |  0
|  74|0x000000072d400000, 0x000000072d600000, 0x000000072d600000|100%| O|  |TAMS 0x000000072d400000| PB 0x000000072d400000| Untracked |  0
|  75|0x000000072d600000, 0x000000072d800000, 0x000000072d800000|100%| O|  |TAMS 0x000000072d600000| PB 0x000000072d600000| Untracked |  0
|  76|0x000000072d800000, 0x000000072da00000, 0x000000072da00000|100%| O|  |TAMS 0x000000072d800000| PB 0x000000072d800000| Untracked |  0
|  77|0x000000072da00000, 0x000000072dc00000, 0x000000072dc00000|100%| O|  |TAMS 0x000000072da00000| PB 0x000000072da00000| Untracked |  0
|  78|0x000000072dc00000, 0x000000072de00000, 0x000000072de00000|100%| O|  |TAMS 0x000000072dc00000| PB 0x000000072dc00000| Untracked |  0
|  79|0x000000072de00000, 0x000000072e000000, 0x000000072e000000|100%| O|  |TAMS 0x000000072de00000| PB 0x000000072de00000| Untracked |  0
|  80|0x000000072e000000, 0x000000072e200000, 0x000000072e200000|100%| O|  |TAMS 0x000000072e000000| PB 0x000000072e000000| Untracked |  0
|  81|0x000000072e200000, 0x000000072e400000, 0x000000072e400000|100%| O|  |TAMS 0x000000072e200000| PB 0x000000072e200000| Untracked |  0
|  82|0x000000072e400000, 0x000000072e600000, 0x000000072e600000|100%| O|  |TAMS 0x000000072e400000| PB 0x000000072e400000| Untracked |  0
|  83|0x000000072e600000, 0x000000072e800000, 0x000000072e800000|100%| O|  |TAMS 0x000000072e600000| PB 0x000000072e600000| Untracked |  0
|  84|0x000000072e800000, 0x000000072ea00000, 0x000000072ea00000|100%| O|  |TAMS 0x000000072e800000| PB 0x000000072e800000| Untracked |  0
|  85|0x000000072ea00000, 0x000000072ec00000, 0x000000072ec00000|100%| O|  |TAMS 0x000000072ea00000| PB 0x000000072ea00000| Untracked |  0
|  86|0x000000072ec00000, 0x000000072ee00000, 0x000000072ee00000|100%| O|  |TAMS 0x000000072ec00000| PB 0x000000072ec00000| Untracked |  0
|  87|0x000000072ee00000, 0x000000072f000000, 0x000000072f000000|100%| O|  |TAMS 0x000000072ee00000| PB 0x000000072ee00000| Untracked |  0
|  88|0x000000072f000000, 0x000000072f200000, 0x000000072f200000|100%| O|  |TAMS 0x000000072f000000| PB 0x000000072f000000| Untracked |  0
|  89|0x000000072f200000, 0x000000072f400000, 0x000000072f400000|100%| O|  |TAMS 0x000000072f200000| PB 0x000000072f200000| Untracked |  0
|  90|0x000000072f400000, 0x000000072f600000, 0x000000072f600000|100%| O|  |TAMS 0x000000072f400000| PB 0x000000072f400000| Untracked |  0
|  91|0x000000072f600000, 0x000000072f800000, 0x000000072f800000|100%| O|  |TAMS 0x000000072f600000| PB 0x000000072f600000| Untracked |  0
|  92|0x000000072f800000, 0x000000072fa00000, 0x000000072fa00000|100%| O|  |TAMS 0x000000072f800000| PB 0x000000072f800000| Untracked |  0
|  93|0x000000072fa00000, 0x000000072fc00000, 0x000000072fc00000|100%| O|  |TAMS 0x000000072fa00000| PB 0x000000072fa00000| Untracked |  0
|  94|0x000000072fc00000, 0x000000072fe00000, 0x000000072fe00000|100%| O|  |TAMS 0x000000072fc00000| PB 0x000000072fc00000| Untracked |  0
|  95|0x000000072fe00000, 0x0000000730000000, 0x0000000730000000|100%| O|  |TAMS 0x000000072fe00000| PB 0x000000072fe00000| Untracked |  0
|  96|0x0000000730000000, 0x0000000730200000, 0x0000000730200000|100%| O|  |TAMS 0x0000000730000000| PB 0x0000000730000000| Untracked |  0
|  97|0x0000000730200000, 0x0000000730400000, 0x0000000730400000|100%| O|  |TAMS 0x0000000730200000| PB 0x0000000730200000| Untracked |  0
|  98|0x0000000730400000, 0x0000000730600000, 0x0000000730600000|100%| O|  |TAMS 0x0000000730400000| PB 0x0000000730400000| Untracked |  0
|  99|0x0000000730600000, 0x0000000730800000, 0x0000000730800000|100%| O|  |TAMS 0x0000000730600000| PB 0x0000000730600000| Untracked |  0
| 100|0x0000000730800000, 0x0000000730a00000, 0x0000000730a00000|100%| O|Cm|TAMS 0x0000000730800000| PB 0x0000000730800000| Complete |  0
| 101|0x0000000730a00000, 0x0000000730c00000, 0x0000000730c00000|100%| O|Cm|TAMS 0x0000000730a00000| PB 0x0000000730a00000| Complete |  0
| 102|0x0000000730c00000, 0x0000000730e00000, 0x0000000730e00000|100%| O|  |TAMS 0x0000000730c00000| PB 0x0000000730c00000| Untracked |  0
| 103|0x0000000730e00000, 0x0000000731000000, 0x0000000731000000|100%| O|  |TAMS 0x0000000730e00000| PB 0x0000000730e00000| Untracked |  0
| 104|0x0000000731000000, 0x0000000731200000, 0x0000000731200000|100%| O|Cm|TAMS 0x0000000731000000| PB 0x0000000731000000| Complete |  0
| 105|0x0000000731200000, 0x0000000731400000, 0x0000000731400000|100%| O|  |TAMS 0x0000000731200000| PB 0x0000000731200000| Untracked |  0
| 106|0x0000000731400000, 0x0000000731600000, 0x0000000731600000|100%| O|  |TAMS 0x0000000731400000| PB 0x0000000731400000| Untracked |  0
| 107|0x0000000731600000, 0x0000000731800000, 0x0000000731800000|100%| O|  |TAMS 0x0000000731600000| PB 0x0000000731600000| Untracked |  0
| 108|0x0000000731800000, 0x0000000731a00000, 0x0000000731a00000|100%| O|  |TAMS 0x0000000731800000| PB 0x0000000731800000| Untracked |  0
| 109|0x0000000731a00000, 0x0000000731c00000, 0x0000000731c00000|100%| O|  |TAMS 0x0000000731a00000| PB 0x0000000731a00000| Untracked |  0
| 110|0x0000000731c00000, 0x0000000731e00000, 0x0000000731e00000|100%| O|  |TAMS 0x0000000731c00000| PB 0x0000000731c00000| Untracked |  0
| 111|0x0000000731e00000, 0x0000000732000000, 0x0000000732000000|100%| O|  |TAMS 0x0000000731e00000| PB 0x0000000731e00000| Untracked |  0
| 112|0x0000000732000000, 0x0000000732200000, 0x0000000732200000|100%| O|  |TAMS 0x0000000732000000| PB 0x0000000732000000| Untracked |  0
| 113|0x0000000732200000, 0x0000000732400000, 0x0000000732400000|100%| O|  |TAMS 0x0000000732200000| PB 0x0000000732200000| Untracked |  0
| 114|0x0000000732400000, 0x00000007324e3238, 0x0000000732600000| 44%| O|  |TAMS 0x0000000732400000| PB 0x0000000732400000| Untracked |  0
| 115|0x0000000732600000, 0x0000000732600000, 0x0000000732800000|  0%| F|  |TAMS 0x0000000732600000| PB 0x0000000732600000| Untracked |  0
| 116|0x0000000732800000, 0x0000000732800000, 0x0000000732a00000|  0%| F|  |TAMS 0x0000000732800000| PB 0x0000000732800000| Untracked |  0
| 117|0x0000000732a00000, 0x0000000732a00000, 0x0000000732c00000|  0%| F|  |TAMS 0x0000000732a00000| PB 0x0000000732a00000| Untracked |  0
| 118|0x0000000732c00000, 0x0000000732c00000, 0x0000000732e00000|  0%| F|  |TAMS 0x0000000732c00000| PB 0x0000000732c00000| Untracked |  0
| 119|0x0000000732e00000, 0x0000000732e00000, 0x0000000733000000|  0%| F|  |TAMS 0x0000000732e00000| PB 0x0000000732e00000| Untracked |  0
| 120|0x0000000733000000, 0x0000000733000000, 0x0000000733200000|  0%| F|  |TAMS 0x0000000733000000| PB 0x0000000733000000| Untracked |  0
| 121|0x0000000733200000, 0x0000000733200000, 0x0000000733400000|  0%| F|  |TAMS 0x0000000733200000| PB 0x0000000733200000| Untracked |  0
| 122|0x0000000733400000, 0x0000000733400000, 0x0000000733600000|  0%| F|  |TAMS 0x0000000733400000| PB 0x0000000733400000| Untracked |  0
| 123|0x0000000733600000, 0x0000000733600000, 0x0000000733800000|  0%| F|  |TAMS 0x0000000733600000| PB 0x0000000733600000| Untracked |  0
| 124|0x0000000733800000, 0x0000000733800000, 0x0000000733a00000|  0%| F|  |TAMS 0x0000000733800000| PB 0x0000000733800000| Untracked |  0
| 125|0x0000000733a00000, 0x0000000733a00000, 0x0000000733c00000|  0%| F|  |TAMS 0x0000000733a00000| PB 0x0000000733a00000| Untracked |  0
| 126|0x0000000733c00000, 0x0000000733c00000, 0x0000000733e00000|  0%| F|  |TAMS 0x0000000733c00000| PB 0x0000000733c00000| Untracked |  0
| 127|0x0000000733e00000, 0x0000000733e59d60, 0x0000000734000000| 17%| S|CS|TAMS 0x0000000733e00000| PB 0x0000000733e00000| Complete |  0
| 128|0x0000000734000000, 0x0000000734200000, 0x0000000734200000|100%| S|CS|TAMS 0x0000000734000000| PB 0x0000000734000000| Complete |  0
| 129|0x0000000734200000, 0x0000000734400000, 0x0000000734400000|100%| S|CS|TAMS 0x0000000734200000| PB 0x0000000734200000| Complete |  0
| 130|0x0000000734400000, 0x0000000734600000, 0x0000000734600000|100%| S|CS|TAMS 0x0000000734400000| PB 0x0000000734400000| Complete |  0
| 131|0x0000000734600000, 0x0000000734800000, 0x0000000734800000|100%| S|CS|TAMS 0x0000000734600000| PB 0x0000000734600000| Complete |  0
| 132|0x0000000734800000, 0x0000000734800000, 0x0000000734a00000|  0%| F|  |TAMS 0x0000000734800000| PB 0x0000000734800000| Untracked |  0
| 133|0x0000000734a00000, 0x0000000734a00000, 0x0000000734c00000|  0%| F|  |TAMS 0x0000000734a00000| PB 0x0000000734a00000| Untracked |  0
| 134|0x0000000734c00000, 0x0000000734c00000, 0x0000000734e00000|  0%| F|  |TAMS 0x0000000734c00000| PB 0x0000000734c00000| Untracked |  0
| 135|0x0000000734e00000, 0x0000000734e00000, 0x0000000735000000|  0%| F|  |TAMS 0x0000000734e00000| PB 0x0000000734e00000| Untracked |  0
| 136|0x0000000735000000, 0x0000000735000000, 0x0000000735200000|  0%| F|  |TAMS 0x0000000735000000| PB 0x0000000735000000| Untracked |  0
| 137|0x0000000735200000, 0x0000000735200000, 0x0000000735400000|  0%| F|  |TAMS 0x0000000735200000| PB 0x0000000735200000| Untracked |  0
| 138|0x0000000735400000, 0x0000000735400000, 0x0000000735600000|  0%| F|  |TAMS 0x0000000735400000| PB 0x0000000735400000| Untracked |  0
| 139|0x0000000735600000, 0x0000000735600000, 0x0000000735800000|  0%| F|  |TAMS 0x0000000735600000| PB 0x0000000735600000| Untracked |  0
| 140|0x0000000735800000, 0x0000000735800000, 0x0000000735a00000|  0%| F|  |TAMS 0x0000000735800000| PB 0x0000000735800000| Untracked |  0
| 141|0x0000000735a00000, 0x0000000735a00000, 0x0000000735c00000|  0%| F|  |TAMS 0x0000000735a00000| PB 0x0000000735a00000| Untracked |  0
| 142|0x0000000735c00000, 0x0000000735c00000, 0x0000000735e00000|  0%| F|  |TAMS 0x0000000735c00000| PB 0x0000000735c00000| Untracked |  0
| 143|0x0000000735e00000, 0x0000000735e00000, 0x0000000736000000|  0%| F|  |TAMS 0x0000000735e00000| PB 0x0000000735e00000| Untracked |  0
| 144|0x0000000736000000, 0x0000000736000000, 0x0000000736200000|  0%| F|  |TAMS 0x0000000736000000| PB 0x0000000736000000| Untracked |  0
| 145|0x0000000736200000, 0x0000000736200000, 0x0000000736400000|  0%| F|  |TAMS 0x0000000736200000| PB 0x0000000736200000| Untracked |  0
| 146|0x0000000736400000, 0x0000000736400000, 0x0000000736600000|  0%| F|  |TAMS 0x0000000736400000| PB 0x0000000736400000| Untracked |  0
| 147|0x0000000736600000, 0x0000000736600000, 0x0000000736800000|  0%| F|  |TAMS 0x0000000736600000| PB 0x0000000736600000| Untracked |  0
| 148|0x0000000736800000, 0x0000000736800000, 0x0000000736a00000|  0%| F|  |TAMS 0x0000000736800000| PB 0x0000000736800000| Untracked |  0
| 149|0x0000000736a00000, 0x0000000736a00000, 0x0000000736c00000|  0%| F|  |TAMS 0x0000000736a00000| PB 0x0000000736a00000| Untracked |  0
| 150|0x0000000736c00000, 0x0000000736c00000, 0x0000000736e00000|  0%| F|  |TAMS 0x0000000736c00000| PB 0x0000000736c00000| Untracked |  0
| 151|0x0000000736e00000, 0x0000000736e00000, 0x0000000737000000|  0%| F|  |TAMS 0x0000000736e00000| PB 0x0000000736e00000| Untracked |  0
| 152|0x0000000737000000, 0x0000000737000000, 0x0000000737200000|  0%| F|  |TAMS 0x0000000737000000| PB 0x0000000737000000| Untracked |  0
| 153|0x0000000737200000, 0x0000000737200000, 0x0000000737400000|  0%| F|  |TAMS 0x0000000737200000| PB 0x0000000737200000| Untracked |  0
| 154|0x0000000737400000, 0x0000000737400000, 0x0000000737600000|  0%| F|  |TAMS 0x0000000737400000| PB 0x0000000737400000| Untracked |  0
| 155|0x0000000737600000, 0x0000000737600000, 0x0000000737800000|  0%| F|  |TAMS 0x0000000737600000| PB 0x0000000737600000| Untracked |  0
| 156|0x0000000737800000, 0x0000000737800000, 0x0000000737a00000|  0%| F|  |TAMS 0x0000000737800000| PB 0x0000000737800000| Untracked |  0
| 157|0x0000000737a00000, 0x0000000737a00000, 0x0000000737c00000|  0%| F|  |TAMS 0x0000000737a00000| PB 0x0000000737a00000| Untracked |  0
| 158|0x0000000737c00000, 0x0000000737c00000, 0x0000000737e00000|  0%| F|  |TAMS 0x0000000737c00000| PB 0x0000000737c00000| Untracked |  0
| 159|0x0000000737e00000, 0x0000000737e00000, 0x0000000738000000|  0%| F|  |TAMS 0x0000000737e00000| PB 0x0000000737e00000| Untracked |  0
| 160|0x0000000738000000, 0x0000000738000000, 0x0000000738200000|  0%| F|  |TAMS 0x0000000738000000| PB 0x0000000738000000| Untracked |  0
| 161|0x0000000738200000, 0x0000000738200000, 0x0000000738400000|  0%| F|  |TAMS 0x0000000738200000| PB 0x0000000738200000| Untracked |  0
| 162|0x0000000738400000, 0x0000000738400000, 0x0000000738600000|  0%| F|  |TAMS 0x0000000738400000| PB 0x0000000738400000| Untracked |  0
| 163|0x0000000738600000, 0x0000000738600000, 0x0000000738800000|  0%| F|  |TAMS 0x0000000738600000| PB 0x0000000738600000| Untracked |  0
| 164|0x0000000738800000, 0x0000000738800000, 0x0000000738a00000|  0%| F|  |TAMS 0x0000000738800000| PB 0x0000000738800000| Untracked |  0
| 165|0x0000000738a00000, 0x0000000738a00000, 0x0000000738c00000|  0%| F|  |TAMS 0x0000000738a00000| PB 0x0000000738a00000| Untracked |  0
| 166|0x0000000738c00000, 0x0000000738c00000, 0x0000000738e00000|  0%| F|  |TAMS 0x0000000738c00000| PB 0x0000000738c00000| Untracked |  0
| 167|0x0000000738e00000, 0x0000000738e00000, 0x0000000739000000|  0%| F|  |TAMS 0x0000000738e00000| PB 0x0000000738e00000| Untracked |  0
| 168|0x0000000739000000, 0x0000000739000000, 0x0000000739200000|  0%| F|  |TAMS 0x0000000739000000| PB 0x0000000739000000| Untracked |  0
| 169|0x0000000739200000, 0x0000000739200000, 0x0000000739400000|  0%| F|  |TAMS 0x0000000739200000| PB 0x0000000739200000| Untracked |  0
| 170|0x0000000739400000, 0x0000000739400000, 0x0000000739600000|  0%| F|  |TAMS 0x0000000739400000| PB 0x0000000739400000| Untracked |  0
| 171|0x0000000739600000, 0x0000000739600000, 0x0000000739800000|  0%| F|  |TAMS 0x0000000739600000| PB 0x0000000739600000| Untracked |  0
| 172|0x0000000739800000, 0x0000000739a00000, 0x0000000739a00000|100%| E|CS|TAMS 0x0000000739800000| PB 0x0000000739800000| Complete |  0
| 173|0x0000000739a00000, 0x0000000739c00000, 0x0000000739c00000|100%| E|CS|TAMS 0x0000000739a00000| PB 0x0000000739a00000| Complete |  0
| 174|0x0000000739c00000, 0x0000000739c00000, 0x0000000739e00000|  0%| F|  |TAMS 0x0000000739c00000| PB 0x0000000739c00000| Untracked |  0
| 175|0x0000000739e00000, 0x0000000739e00000, 0x000000073a000000|  0%| F|  |TAMS 0x0000000739e00000| PB 0x0000000739e00000| Untracked |  0
| 176|0x000000073a000000, 0x000000073a000000, 0x000000073a200000|  0%| F|  |TAMS 0x000000073a000000| PB 0x000000073a000000| Untracked |  0
| 177|0x000000073a200000, 0x000000073a200000, 0x000000073a400000|  0%| F|  |TAMS 0x000000073a200000| PB 0x000000073a200000| Untracked |  0
| 178|0x000000073a400000, 0x000000073a400000, 0x000000073a600000|  0%| F|  |TAMS 0x000000073a400000| PB 0x000000073a400000| Untracked |  0
| 179|0x000000073a600000, 0x000000073a600000, 0x000000073a800000|  0%| F|  |TAMS 0x000000073a600000| PB 0x000000073a600000| Untracked |  0
| 180|0x000000073a800000, 0x000000073a800000, 0x000000073aa00000|  0%| F|  |TAMS 0x000000073a800000| PB 0x000000073a800000| Untracked |  0
| 181|0x000000073aa00000, 0x000000073aa00000, 0x000000073ac00000|  0%| F|  |TAMS 0x000000073aa00000| PB 0x000000073aa00000| Untracked |  0
| 182|0x000000073ac00000, 0x000000073ac00000, 0x000000073ae00000|  0%| F|  |TAMS 0x000000073ac00000| PB 0x000000073ac00000| Untracked |  0
| 183|0x000000073ae00000, 0x000000073ae00000, 0x000000073b000000|  0%| F|  |TAMS 0x000000073ae00000| PB 0x000000073ae00000| Untracked |  0
| 184|0x000000073b000000, 0x000000073b000000, 0x000000073b200000|  0%| F|  |TAMS 0x000000073b000000| PB 0x000000073b000000| Untracked |  0
| 185|0x000000073b200000, 0x000000073b200000, 0x000000073b400000|  0%| F|  |TAMS 0x000000073b200000| PB 0x000000073b200000| Untracked |  0
| 186|0x000000073b400000, 0x000000073b400000, 0x000000073b600000|  0%| F|  |TAMS 0x000000073b400000| PB 0x000000073b400000| Untracked |  0
| 187|0x000000073b600000, 0x000000073b600000, 0x000000073b800000|  0%| F|  |TAMS 0x000000073b600000| PB 0x000000073b600000| Untracked |  0
| 188|0x000000073b800000, 0x000000073b800000, 0x000000073ba00000|  0%| F|  |TAMS 0x000000073b800000| PB 0x000000073b800000| Untracked |  0
| 189|0x000000073ba00000, 0x000000073ba00000, 0x000000073bc00000|  0%| F|  |TAMS 0x000000073ba00000| PB 0x000000073ba00000| Untracked |  0
| 190|0x000000073bc00000, 0x000000073bc00000, 0x000000073be00000|  0%| F|  |TAMS 0x000000073bc00000| PB 0x000000073bc00000| Untracked |  0
| 191|0x000000073be00000, 0x000000073be00000, 0x000000073c000000|  0%| F|  |TAMS 0x000000073be00000| PB 0x000000073be00000| Untracked |  0
| 192|0x000000073c000000, 0x000000073c000000, 0x000000073c200000|  0%| F|  |TAMS 0x000000073c000000| PB 0x000000073c000000| Untracked |  0
| 193|0x000000073c200000, 0x000000073c200000, 0x000000073c400000|  0%| F|  |TAMS 0x000000073c200000| PB 0x000000073c200000| Untracked |  0
| 194|0x000000073c400000, 0x000000073c400000, 0x000000073c600000|  0%| F|  |TAMS 0x000000073c400000| PB 0x000000073c400000| Untracked |  0
| 195|0x000000073c600000, 0x000000073c600000, 0x000000073c800000|  0%| F|  |TAMS 0x000000073c600000| PB 0x000000073c600000| Untracked |  0
| 196|0x000000073c800000, 0x000000073c800000, 0x000000073ca00000|  0%| F|  |TAMS 0x000000073c800000| PB 0x000000073c800000| Untracked |  0
| 197|0x000000073ca00000, 0x000000073cb00000, 0x000000073cc00000| 50%| E|  |TAMS 0x000000073ca00000| PB 0x000000073ca00000| Complete |  0
| 198|0x000000073cc00000, 0x000000073ce00000, 0x000000073ce00000|100%| E|CS|TAMS 0x000000073cc00000| PB 0x000000073cc00000| Complete |  0
|1759|0x00000007ffe00000, 0x0000000800000000, 0x0000000800000000|100%| E|CS|TAMS 0x00000007ffe00000| PB 0x00000007ffe00000| Complete |  0

Card table byte_map: [0x00000194b2eb0000,0x00000194b3590000] _byte_map_base: 0x00000194af590000

Marking Bits: (CMBitMap*) 0x000001949a888300
 Bits: [0x00000194b3590000, 0x00000194b6c90000)

Polling page: 0x0000019498690000

Metaspace:

Usage:
  Non-class:     69.05 MB used.
      Class:      8.89 MB used.
       Both:     77.94 MB used.

Virtual space:
  Non-class space:      128.00 MB reserved,      69.62 MB ( 54%) committed,  2 nodes.
      Class space:        1.00 GB reserved,       9.38 MB ( <1%) committed,  1 nodes.
             Both:        1.12 GB reserved,      79.00 MB (  7%) committed. 

Chunk freelists:
   Non-Class:  10.17 MB
       Class:  6.47 MB
        Both:  16.63 MB

MaxMetaspaceSize: unlimited
CompressedClassSpaceSize: 1.00 GB
Initial GC threshold: 21.00 MB
Current GC threshold: 131.69 MB
CDS: on
 - commit_granule_bytes: 65536.
 - commit_granule_words: 8192.
 - virtual_space_node_default_size: 8388608.
 - enlarge_chunks_in_place: 1.
 - use_allocation_guard: 0.


Internal statistics:

num_allocs_failed_limit: 8.
num_arena_births: 1670.
num_arena_deaths: 0.
num_vsnodes_births: 3.
num_vsnodes_deaths: 0.
num_space_committed: 1262.
num_space_uncommitted: 0.
num_chunks_returned_to_freelist: 8.
num_chunks_taken_from_freelist: 4725.
num_chunk_merges: 8.
num_chunk_splits: 3449.
num_chunks_enlarged: 2578.
num_inconsistent_stats: 0.

CodeHeap 'non-profiled nmethods': size=119232Kb used=8764Kb max_used=8850Kb free=110467Kb
 bounds [0x00000194aaae0000, 0x00000194ab390000, 0x00000194b1f50000]
CodeHeap 'profiled nmethods': size=119104Kb used=34973Kb max_used=36616Kb free=84130Kb
 bounds [0x00000194a2f50000, 0x00000194a5320000, 0x00000194aa3a0000]
CodeHeap 'non-nmethods': size=7424Kb used=2313Kb max_used=3548Kb free=5110Kb
 bounds [0x00000194aa3a0000, 0x00000194aa730000, 0x00000194aaae0000]
CodeCache: size=245760Kb, used=46050Kb, max_used=49014Kb, free=199707Kb
 total_blobs=15840, nmethods=15062, adapters=678, full_count=0
Compilation: enabled, stopped_count=0, restarted_count=0

Compilation events (20 events):
Event: 36.076 Thread 0x000001948f47f1e0 19977       4       org.jetbrains.kotlin.resolve.calls.inference.components.ConstraintInjector$TypeCheckerStateForConstraintInjector$addNewIncorporatedConstraint$2::invoke (9 bytes)
Event: 36.077 Thread 0x000001948f47f1e0 nmethod 19977 0x00000194aaca6208 code [0x00000194aaca6340, 0x00000194aaca6548]
Event: 36.078 Thread 0x000001948f47f1e0 19978       4       org.jetbrains.kotlin.resolve.calls.inference.components.ConstraintInjector$TypeCheckerStateForConstraintInjector::isCapturedTypeFromSubtyping (131 bytes)
Event: 36.078 Thread 0x000001948f47f1e0 nmethod 19978 0x00000194aaecf788 code [0x00000194aaecf8a0, 0x00000194aaecf9c8]
Event: 36.078 Thread 0x000001948f47f1e0 19999       4       org.jetbrains.kotlin.resolve.calls.inference.components.VariableFixationFinder::isSelfTypeConstraint (52 bytes)
Event: 36.078 Thread 0x000001948b83cca0 20003       3       org.jetbrains.kotlin.psi.KtClassOrObject::hasExplicitPrimaryConstructor (13 bytes)
Event: 36.079 Thread 0x000001948b83cca0 nmethod 20003 0x00000194a358a908 code [0x00000194a358aa40, 0x00000194a358ae08]
Event: 36.081 Thread 0x000001948b83cca0 20004       1       org.jetbrains.kotlin.contracts.model.structure.AbstractESValue::getEffects (5 bytes)
Event: 36.082 Thread 0x000001948b83cca0 nmethod 20004 0x00000194aaf82208 code [0x00000194aaf82320, 0x00000194aaf823f0]
Event: 36.085 Thread 0x0000019480e7a650 nmethod 19897 0x00000194ab384188 code [0x00000194ab384920, 0x00000194ab38a850]
Event: 36.086 Thread 0x0000019480e7a650 19972       4       org.jetbrains.kotlin.resolve.calls.components.CheckExplicitReceiverKindConsistency::process (355 bytes)
Event: 36.086 Thread 0x000001948f47f1e0 nmethod 19999 0x00000194ab25c888 code [0x00000194ab25ca20, 0x00000194ab25cf38]
Event: 36.086 Thread 0x000001948f47f1e0 19951       4       org.jetbrains.kotlin.resolve.calls.model.SingleCallResolutionResult::<init> (32 bytes)
Event: 36.086 Thread 0x000001948b83cca0 20005       3       org.jetbrains.kotlin.contracts.ESVariableWithDataFlowValue::equals (6 bytes)
Event: 36.086 Thread 0x00000194ff021750 20006       3       org.jetbrains.kotlin.contracts.ESDataFlowValue::dataFlowEquals (35 bytes)
Event: 36.087 Thread 0x00000194ff021750 nmethod 20006 0x00000194a3a33108 code [0x00000194a3a33280, 0x00000194a3a338f0]
Event: 36.087 Thread 0x000001948b83cca0 nmethod 20005 0x00000194a3f88888 code [0x00000194a3f889e0, 0x00000194a3f89048]
Event: 36.097 Thread 0x000001948b83cca0 20009       3       kotlin.collections.MapsKt__MapsKt::toMap (26 bytes)
Event: 36.097 Thread 0x00000194ff021750 20008       3       kotlin.collections.MapsKt__MapsKt::mapOf (37 bytes)
Event: 37.102 Thread 0x00000194ff021750 nmethod 20008 0x00000194a31bd208 code [0x00000194a31bd420, 0x00000194a31bdcb0]

GC Heap History (20 events):
Event: 24.631 GC heap before
{Heap before GC invocations=70 (full 0):
 garbage-first heap   total reserved 3604480K, committed 239616K, used 213910K [0x0000000724000000, 0x0000000800000000)
  region size 2048K, 37 young (75776K), 3 survivors (6144K)
 Metaspace       used 77674K, committed 78720K, reserved 1179648K
  class space    used 8995K, committed 9472K, reserved 1048576K
}
Event: 24.639 GC heap after
{Heap after GC invocations=71 (full 0):
 garbage-first heap   total reserved 3604480K, committed 327680K, used 154159K [0x0000000724000000, 0x0000000800000000)
  region size 2048K, 5 young (10240K), 5 survivors (10240K)
 Metaspace       used 77674K, committed 78720K, reserved 1179648K
  class space    used 8995K, committed 9472K, reserved 1048576K
}
Event: 26.979 GC heap before
{Heap before GC invocations=71 (full 0):
 garbage-first heap   total reserved 3604480K, committed 327680K, used 254511K [0x0000000724000000, 0x0000000800000000)
  region size 2048K, 54 young (110592K), 5 survivors (10240K)
 Metaspace       used 78072K, committed 79104K, reserved 1179648K
  class space    used 9002K, committed 9472K, reserved 1048576K
}
Event: 26.986 GC heap after
{Heap after GC invocations=72 (full 0):
 garbage-first heap   total reserved 3604480K, committed 327680K, used 165015K [0x0000000724000000, 0x0000000800000000)
  region size 2048K, 7 young (14336K), 7 survivors (14336K)
 Metaspace       used 78072K, committed 79104K, reserved 1179648K
  class space    used 9002K, committed 9472K, reserved 1048576K
}
Event: 27.877 GC heap before
{Heap before GC invocations=72 (full 0):
 garbage-first heap   total reserved 3604480K, committed 327680K, used 263319K [0x0000000724000000, 0x0000000800000000)
  region size 2048K, 54 young (110592K), 7 survivors (14336K)
 Metaspace       used 78675K, committed 79744K, reserved 1179648K
  class space    used 9077K, committed 9600K, reserved 1048576K
}
Event: 27.886 GC heap after
{Heap after GC invocations=73 (full 0):
 garbage-first heap   total reserved 3604480K, committed 327680K, used 180084K [0x0000000724000000, 0x0000000800000000)
  region size 2048K, 7 young (14336K), 7 survivors (14336K)
 Metaspace       used 78675K, committed 79744K, reserved 1179648K
  class space    used 9077K, committed 9600K, reserved 1048576K
}
Event: 28.016 GC heap before
{Heap before GC invocations=73 (full 0):
 garbage-first heap   total reserved 3604480K, committed 327680K, used 216948K [0x0000000724000000, 0x0000000800000000)
  region size 2048K, 26 young (53248K), 7 survivors (14336K)
 Metaspace       used 78763K, committed 79808K, reserved 1179648K
  class space    used 9078K, committed 9600K, reserved 1048576K
}
Event: 28.021 GC heap after
{Heap after GC invocations=74 (full 0):
 garbage-first heap   total reserved 3604480K, committed 327680K, used 183259K [0x0000000724000000, 0x0000000800000000)
  region size 2048K, 3 young (6144K), 3 survivors (6144K)
 Metaspace       used 78763K, committed 79808K, reserved 1179648K
  class space    used 9078K, committed 9600K, reserved 1048576K
}
Event: 28.341 GC heap before
{Heap before GC invocations=75 (full 0):
 garbage-first heap   total reserved 3604480K, committed 327680K, used 281563K [0x0000000724000000, 0x0000000800000000)
  region size 2048K, 49 young (100352K), 3 survivors (6144K)
 Metaspace       used 79040K, committed 80128K, reserved 1179648K
  class space    used 9079K, committed 9600K, reserved 1048576K
}
Event: 28.346 GC heap after
{Heap after GC invocations=76 (full 0):
 garbage-first heap   total reserved 3604480K, committed 327680K, used 194408K [0x0000000724000000, 0x0000000800000000)
  region size 2048K, 7 young (14336K), 7 survivors (14336K)
 Metaspace       used 79040K, committed 80128K, reserved 1179648K
  class space    used 9079K, committed 9600K, reserved 1048576K
}
Event: 28.653 GC heap before
{Heap before GC invocations=76 (full 0):
 garbage-first heap   total reserved 3604480K, committed 327680K, used 288616K [0x0000000724000000, 0x0000000800000000)
  region size 2048K, 51 young (104448K), 7 survivors (14336K)
 Metaspace       used 79147K, committed 80256K, reserved 1179648K
  class space    used 9089K, committed 9600K, reserved 1048576K
}
Event: 28.663 GC heap after
{Heap after GC invocations=77 (full 0):
 garbage-first heap   total reserved 3604480K, committed 327680K, used 208795K [0x0000000724000000, 0x0000000800000000)
  region size 2048K, 7 young (14336K), 7 survivors (14336K)
 Metaspace       used 79147K, committed 80256K, reserved 1179648K
  class space    used 9089K, committed 9600K, reserved 1048576K
}
Event: 28.733 GC heap before
{Heap before GC invocations=77 (full 0):
 garbage-first heap   total reserved 3604480K, committed 327680K, used 229275K [0x0000000724000000, 0x0000000800000000)
  region size 2048K, 18 young (36864K), 7 survivors (14336K)
 Metaspace       used 79187K, committed 80256K, reserved 1179648K
  class space    used 9089K, committed 9600K, reserved 1048576K
}
Event: 28.737 GC heap after
{Heap after GC invocations=78 (full 0):
 garbage-first heap   total reserved 3604480K, committed 327680K, used 211632K [0x0000000724000000, 0x0000000800000000)
  region size 2048K, 2 young (4096K), 2 survivors (4096K)
 Metaspace       used 79187K, committed 80256K, reserved 1179648K
  class space    used 9089K, committed 9600K, reserved 1048576K
}
Event: 30.244 GC heap before
{Heap before GC invocations=79 (full 0):
 garbage-first heap   total reserved 3604480K, committed 358400K, used 297648K [0x0000000724000000, 0x0000000800000000)
  region size 2048K, 42 young (86016K), 2 survivors (4096K)
 Metaspace       used 79487K, committed 80576K, reserved 1179648K
  class space    used 9090K, committed 9600K, reserved 1048576K
}
Event: 30.249 GC heap after
{Heap after GC invocations=80 (full 0):
 garbage-first heap   total reserved 3604480K, committed 358400K, used 223213K [0x0000000724000000, 0x0000000800000000)
  region size 2048K, 6 young (12288K), 6 survivors (12288K)
 Metaspace       used 79487K, committed 80576K, reserved 1179648K
  class space    used 9090K, committed 9600K, reserved 1048576K
}
Event: 33.922 GC heap before
{Heap before GC invocations=80 (full 0):
 garbage-first heap   total reserved 3604480K, committed 358400K, used 323565K [0x0000000724000000, 0x0000000800000000)
  region size 2048K, 53 young (108544K), 6 survivors (12288K)
 Metaspace       used 79615K, committed 80704K, reserved 1179648K
  class space    used 9098K, committed 9600K, reserved 1048576K
}
Event: 33.934 GC heap after
{Heap after GC invocations=81 (full 0):
 garbage-first heap   total reserved 3604480K, committed 358400K, used 234332K [0x0000000724000000, 0x0000000800000000)
  region size 2048K, 7 young (14336K), 7 survivors (14336K)
 Metaspace       used 79615K, committed 80704K, reserved 1179648K
  class space    used 9098K, committed 9600K, reserved 1048576K
}
Event: 35.977 GC heap before
{Heap before GC invocations=81 (full 0):
 garbage-first heap   total reserved 3604480K, committed 358400K, used 322396K [0x0000000724000000, 0x0000000800000000)
  region size 2048K, 50 young (102400K), 7 survivors (14336K)
 Metaspace       used 79794K, committed 80896K, reserved 1179648K
  class space    used 9098K, committed 9600K, reserved 1048576K
}
Event: 35.986 GC heap after
{Heap after GC invocations=82 (full 0):
 garbage-first heap   total reserved 3604480K, committed 358400K, used 242931K [0x0000000724000000, 0x0000000800000000)
  region size 2048K, 5 young (10240K), 5 survivors (10240K)
 Metaspace       used 79794K, committed 80896K, reserved 1179648K
  class space    used 9098K, committed 9600K, reserved 1048576K
}

Dll operation events (8 events):
Event: 0.010 Loaded shared library C:\Program Files\Java\jdk-23\bin\java.dll
Event: 0.043 Loaded shared library C:\Program Files\Java\jdk-23\bin\jsvml.dll
Event: 0.093 Loaded shared library C:\Program Files\Java\jdk-23\bin\net.dll
Event: 0.095 Loaded shared library C:\Program Files\Java\jdk-23\bin\nio.dll
Event: 0.107 Loaded shared library C:\Program Files\Java\jdk-23\bin\zip.dll
Event: 0.203 Loaded shared library C:\Program Files\Java\jdk-23\bin\jimage.dll
Event: 1.431 Loaded shared library C:\Program Files\Java\jdk-23\bin\verify.dll
Event: 3.047 Loaded shared library C:\Users\Haqii\AppData\Local\Temp\sqlite-3.41.2.1-7bcf4796-f2bf-4763-bc90-7dc58d24a4bd-sqlitejdbc.dll

Deoptimization events (20 events):
Event: 34.701 Thread 0x00000194899a9e50 Uncommon trap: trap_request=0xffffffde fr.pc=0x00000194ab1e137c relative=0x00000000000020bc
Event: 34.701 Thread 0x00000194899a9e50 Uncommon trap: reason=class_check action=maybe_recompile pc=0x00000194ab1e137c method=org.jetbrains.kotlin.resolve.calls.inference.model.MutableConstraintStorage.getHasContradiction()Z @ 41 c2
Event: 34.701 Thread 0x00000194899a9e50 DEOPT PACKING pc=0x00000194ab1e137c sp=0x000000763b3f4a20
Event: 34.701 Thread 0x00000194899a9e50 DEOPT UNPACKING pc=0x00000194aa3f4402 sp=0x000000763b3f4880 mode 2
Event: 34.701 Thread 0x00000194899a9e50 Uncommon trap: trap_request=0xffffffde fr.pc=0x00000194ab1e137c relative=0x00000000000020bc
Event: 34.701 Thread 0x00000194899a9e50 Uncommon trap: reason=class_check action=maybe_recompile pc=0x00000194ab1e137c method=org.jetbrains.kotlin.resolve.calls.inference.model.MutableConstraintStorage.getHasContradiction()Z @ 41 c2
Event: 34.701 Thread 0x00000194899a9e50 DEOPT PACKING pc=0x00000194ab1e137c sp=0x000000763b3f4a20
Event: 34.701 Thread 0x00000194899a9e50 DEOPT UNPACKING pc=0x00000194aa3f4402 sp=0x000000763b3f4880 mode 2
Event: 34.701 Thread 0x00000194899a9e50 Uncommon trap: trap_request=0xffffffde fr.pc=0x00000194aae7b4cc relative=0x000000000000026c
Event: 34.701 Thread 0x00000194899a9e50 Uncommon trap: reason=class_check action=maybe_recompile pc=0x00000194aae7b4cc method=org.jetbrains.kotlin.resolve.calls.inference.model.MutableConstraintStorage.getHasContradiction()Z @ 41 c2
Event: 34.701 Thread 0x00000194899a9e50 DEOPT PACKING pc=0x00000194aae7b4cc sp=0x000000763b3f4d60
Event: 34.701 Thread 0x00000194899a9e50 DEOPT UNPACKING pc=0x00000194aa3f4402 sp=0x000000763b3f4c70 mode 2
Event: 34.701 Thread 0x00000194899a9e50 Uncommon trap: trap_request=0xffffffde fr.pc=0x00000194ab1e0fa4 relative=0x0000000000001ce4
Event: 34.701 Thread 0x00000194899a9e50 Uncommon trap: reason=class_check action=maybe_recompile pc=0x00000194ab1e0fa4 method=org.jetbrains.kotlin.resolve.calls.inference.model.MutableConstraintStorage.getHasContradiction()Z @ 41 c2
Event: 34.701 Thread 0x00000194899a9e50 DEOPT PACKING pc=0x00000194ab1e0fa4 sp=0x000000763b3f4bb0
Event: 34.701 Thread 0x00000194899a9e50 DEOPT UNPACKING pc=0x00000194aa3f4402 sp=0x000000763b3f4a30 mode 2
Event: 34.713 Thread 0x00000194899a9e50 Uncommon trap: trap_request=0xfffffff4 fr.pc=0x00000194ab0eef60 relative=0x0000000000000b40
Event: 34.713 Thread 0x00000194899a9e50 Uncommon trap: reason=null_check action=make_not_entrant pc=0x00000194ab0eef60 method=org.jetbrains.kotlin.builtins.KotlinBuiltIns.getPrimitiveType(Lorg/jetbrains/kotlin/descriptors/DeclarationDescriptor;)Lorg/jetbrains/kotlin/builtins/PrimitiveType; @ 38
Event: 34.713 Thread 0x00000194899a9e50 DEOPT PACKING pc=0x00000194ab0eef60 sp=0x000000763b3f5470
Event: 34.713 Thread 0x00000194899a9e50 DEOPT UNPACKING pc=0x00000194aa3f4402 sp=0x000000763b3f5428 mode 2

Classes loaded (20 events):
Event: 12.410 Loading class java/util/stream/SortedOps$AbstractRefSortingSink done
Event: 12.410 Loading class java/util/stream/SortedOps$RefSortingSink done
Event: 13.534 Loading class java/util/RegularEnumSet$EnumSetIterator
Event: 13.534 Loading class java/util/RegularEnumSet$EnumSetIterator done
Event: 22.358 Loading class java/util/function/IntBinaryOperator
Event: 22.358 Loading class java/util/function/IntBinaryOperator done
Event: 22.554 Loading class java/util/concurrent/CompletableFuture$AsyncRun
Event: 22.554 Loading class java/util/concurrent/CompletableFuture$AsyncRun done
Event: 22.663 Loading class java/util/concurrent/locks/ReentrantReadWriteLock$Sync$HoldCounter
Event: 22.663 Loading class java/util/concurrent/locks/ReentrantReadWriteLock$Sync$HoldCounter done
Event: 23.398 Loading class java/util/concurrent/ConcurrentLinkedQueue$Itr
Event: 23.398 Loading class java/util/concurrent/ConcurrentLinkedQueue$Itr done
Event: 27.086 Loading class java/util/EnumMap$EntrySet
Event: 27.086 Loading class java/util/EnumMap$EntrySet done
Event: 27.086 Loading class java/util/EnumMap$EntryIterator
Event: 27.086 Loading class java/util/EnumMap$EnumMapIterator
Event: 27.086 Loading class java/util/EnumMap$EnumMapIterator done
Event: 27.086 Loading class java/util/EnumMap$EntryIterator done
Event: 27.086 Loading class java/util/EnumMap$EntryIterator$Entry
Event: 27.086 Loading class java/util/EnumMap$EntryIterator$Entry done

Classes unloaded (0 events):
No events

Classes redefined (0 events):
No events

Internal exceptions (20 events):
Event: 16.337 Thread 0x00000194899aab70 Exception <a 'java/lang/NoSuchMethodError'{0x000000072a008178}: 'java.lang.Object java.lang.invoke.DirectMethodHandle$Holder.newInvokeSpecial(java.lang.Object, java.lang.Object, java.lang.Object, java.lang.Object, java.lang.Object, java.lang.Object, java.lang.Object, java.lang.Object, int)'> (0x000000072a008178) 
thrown [s\open\src\hotspot\share\interpreter\linkResolver.cpp, line 796]
Event: 16.338 Thread 0x00000194899aab70 Exception <a 'java/lang/NoSuchMethodError'{0x000000072a00cb70}: 'java.lang.Object java.lang.invoke.DirectMethodHandle$Holder.invokeSpecial(java.lang.Object, java.lang.Object, java.lang.Object, java.lang.Object, java.lang.Object, java.lang.Object, java.lang.Object, java.lang.Object, java.lang.Object, int)'> (0x000000072a00cb70) 
thrown [s\open\src\hotspot\share\interpreter\linkResolver.cpp, line 796]
Event: 16.338 Thread 0x00000194899aab70 Exception <a 'java/lang/NoSuchMethodError'{0x000000072a011010}: 'java.lang.Object java.lang.invoke.Invokers$Holder.linkToTargetMethod(java.lang.Object, java.lang.Object, java.lang.Object, java.lang.Object, java.lang.Object, java.lang.Object, java.lang.Object, int, java.lang.Object)'> (0x000000072a011010) 
thrown [s\open\src\hotspot\share\interpreter\linkResolver.cpp, line 796]
Event: 16.616 Thread 0x00000194899aab70 Exception <a 'java/lang/NoSuchMethodError'{0x000000072bd32650}: 'java.lang.Object java.lang.invoke.DirectMethodHandle$Holder.newInvokeSpecial(java.lang.Object, java.lang.Object, java.lang.Object, java.lang.Object, int, int)'> (0x000000072bd32650) 
thrown [s\open\src\hotspot\share\interpreter\linkResolver.cpp, line 796]
Event: 17.319 Thread 0x00000194899aab70 Implicit null exception at 0x00000194ab08f0fd to 0x00000194ab08f360
Event: 22.359 Thread 0x00000194899aab70 Exception <a 'java/lang/NoSuchMethodError'{0x000000072d0a5c88}: 'int java.lang.invoke.DirectMethodHandle$Holder.invokeStatic(java.lang.Object, java.lang.Object, int, java.lang.Object)'> (0x000000072d0a5c88) 
thrown [s\open\src\hotspot\share\interpreter\linkResolver.cpp, line 796]
Event: 22.365 Thread 0x00000194899aab70 Exception <a 'java/lang/IncompatibleClassChangeError'{0x000000072d10be80}: Found class java.lang.Object, but interface was expected> (0x000000072d10be80) 
thrown [s\open\src\hotspot\share\interpreter\linkResolver.cpp, line 863]
Event: 22.365 Thread 0x00000194899aab70 Exception <a 'java/lang/NoSuchMethodError'{0x000000072d10ec98}: 'int java.lang.invoke.DirectMethodHandle$Holder.invokeSpecialIFC(java.lang.Object, java.lang.Object, java.lang.Object)'> (0x000000072d10ec98) 
thrown [s\open\src\hotspot\share\interpreter\linkResolver.cpp, line 796]
Event: 22.606 Thread 0x00000194899a9e50 Implicit null exception at 0x00000194ab0478fb to 0x00000194ab04b03c
Event: 22.686 Thread 0x00000194899a9e50 Implicit null exception at 0x00000194ab05c647 to 0x00000194ab05e550
Event: 23.340 Thread 0x00000194898ab620 Exception <a 'java/lang/NoSuchMethodError'{0x0000000732616200}: 'java.lang.Object java.lang.invoke.DirectMethodHandle$Holder.invokeStatic(java.lang.Object, java.lang.Object, java.lang.Object, java.lang.Object, long, java.lang.Object)'> (0x0000000732616200) 
thrown [s\open\src\hotspot\share\interpreter\linkResolver.cpp, line 796]
Event: 23.340 Thread 0x00000194898ab620 Exception <a 'java/lang/NoSuchMethodError'{0x000000073261d470}: 'java.lang.Object java.lang.invoke.DirectMethodHandle$Holder.newInvokeSpecial(java.lang.Object, java.lang.Object, java.lang.Object, java.lang.Object, long)'> (0x000000073261d470) 
thrown [s\open\src\hotspot\share\interpreter\linkResolver.cpp, line 796]
Event: 23.341 Thread 0x00000194898ab620 Exception <a 'java/lang/NoSuchMethodError'{0x0000000732621180}: 'java.lang.Object java.lang.invoke.DirectMethodHandle$Holder.invokeSpecial(java.lang.Object, java.lang.Object, java.lang.Object, java.lang.Object, java.lang.Object, long)'> (0x0000000732621180) 
thrown [s\open\src\hotspot\share\interpreter\linkResolver.cpp, line 796]
Event: 23.341 Thread 0x00000194898ab620 Exception <a 'java/lang/NoSuchMethodError'{0x0000000732624910}: 'java.lang.Object java.lang.invoke.Invokers$Holder.linkToTargetMethod(java.lang.Object, java.lang.Object, java.lang.Object, long, java.lang.Object)'> (0x0000000732624910) 
thrown [s\open\src\hotspot\share\interpreter\linkResolver.cpp, line 796]
Event: 24.821 Thread 0x00000194899a9e50 Implicit null exception at 0x00000194aaf7e9c9 to 0x00000194aaf7ea8d
Event: 26.184 Thread 0x00000194899a9e50 Implicit null exception at 0x00000194aafe18bd to 0x00000194aafe19d8
Event: 27.689 Thread 0x00000194899a9e50 Implicit null exception at 0x00000194ab07371f to 0x00000194ab073f28
Event: 27.781 Thread 0x00000194899a9e50 Implicit null exception at 0x00000194aaf6b5a0 to 0x00000194aaf6b85c
Event: 27.841 Thread 0x00000194899a9e50 Exception <a 'java/lang/NoSuchMethodError'{0x0000000732b3f240}: 'java.lang.Object java.lang.invoke.DirectMethodHandle$Holder.invokeStatic(java.lang.Object, int, int, java.lang.Object)'> (0x0000000732b3f240) 
thrown [s\open\src\hotspot\share\interpreter\linkResolver.cpp, line 796]
Event: 34.713 Thread 0x00000194899a9e50 Implicit null exception at 0x00000194ab0eebdc to 0x00000194ab0eef50

VM Operations (20 events):
Event: 28.583 Executing VM operation: HandshakeAllThreads (Deoptimize) done
Event: 28.653 Executing VM operation: G1CollectForAllocation (G1 Evacuation Pause)
Event: 28.663 Executing VM operation: G1CollectForAllocation (G1 Evacuation Pause) done
Event: 28.733 Executing VM operation: G1TryInitiateConcMark (G1 Humongous Allocation)
Event: 28.737 Executing VM operation: G1TryInitiateConcMark (G1 Humongous Allocation) done
Event: 28.882 Executing VM operation: G1PauseRemark
Event: 28.894 Executing VM operation: G1PauseRemark done
Event: 28.930 Executing VM operation: G1PauseCleanup
Event: 28.930 Executing VM operation: G1PauseCleanup done
Event: 30.244 Executing VM operation: G1CollectForAllocation (G1 Evacuation Pause)
Event: 30.249 Executing VM operation: G1CollectForAllocation (G1 Evacuation Pause) done
Event: 31.443 Executing VM operation: HandshakeAllThreads (Deoptimize)
Event: 31.443 Executing VM operation: HandshakeAllThreads (Deoptimize) done
Event: 31.446 Executing VM operation: HandshakeAllThreads (Deoptimize)
Event: 31.446 Executing VM operation: HandshakeAllThreads (Deoptimize) done
Event: 33.922 Executing VM operation: G1CollectForAllocation (G1 Evacuation Pause)
Event: 33.935 Executing VM operation: G1CollectForAllocation (G1 Evacuation Pause) done
Event: 35.977 Executing VM operation: G1CollectForAllocation (G1 Evacuation Pause)
Event: 35.987 Executing VM operation: G1CollectForAllocation (G1 Evacuation Pause) done
Event: 36.197 Executing VM operation: G1PauseRemark

Memory protections (0 events):
No events

Nmethod flushes (20 events):
Event: 28.891 Thread 0x00000194b9b169d0 flushing  nmethod 0x00000194a3f8c708
Event: 28.891 Thread 0x00000194b9b169d0 flushing  nmethod 0x00000194a4005b88
Event: 28.891 Thread 0x00000194b9b169d0 flushing  nmethod 0x00000194a4322088
Event: 28.891 Thread 0x00000194b9b169d0 flushing  nmethod 0x00000194a4323208
Event: 28.891 Thread 0x00000194b9b169d0 flushing  nmethod 0x00000194a4325688
Event: 28.891 Thread 0x00000194b9b169d0 flushing  nmethod 0x00000194a4326908
Event: 28.891 Thread 0x00000194b9b169d0 flushing  nmethod 0x00000194a4329e08
Event: 28.891 Thread 0x00000194b9b169d0 flushing  nmethod 0x00000194a4417f08
Event: 28.891 Thread 0x00000194b9b169d0 flushing  nmethod 0x00000194a441bb88
Event: 28.891 Thread 0x00000194b9b169d0 flushing  nmethod 0x00000194a441ca88
Event: 28.891 Thread 0x00000194b9b169d0 flushing  nmethod 0x00000194a441e608
Event: 28.891 Thread 0x00000194b9b169d0 flushing  nmethod 0x00000194a441fa88
Event: 28.891 Thread 0x00000194b9b169d0 flushing  nmethod 0x00000194a4424708
Event: 28.891 Thread 0x00000194b9b169d0 flushing  nmethod 0x00000194a44bd388
Event: 28.891 Thread 0x00000194b9b169d0 flushing  nmethod 0x00000194a44c2b08
Event: 28.891 Thread 0x00000194b9b169d0 flushing  nmethod 0x00000194a44f9d08
Event: 28.891 Thread 0x00000194b9b169d0 flushing  nmethod 0x00000194a46ac688
Event: 28.891 Thread 0x00000194b9b169d0 flushing  nmethod 0x00000194a4849d88
Event: 28.891 Thread 0x00000194b9b169d0 flushing  nmethod 0x00000194a4d7a508
Event: 28.891 Thread 0x00000194b9b169d0 flushing  nmethod 0x00000194a4e1f088

Events (20 events):
Event: 11.175 Thread 0x0000019480e77d70 Thread added: 0x000001948db09c80
Event: 11.972 Thread 0x000001948db05860 Thread exited: 0x000001948db05860
Event: 18.102 Thread 0x000001948db04ac0 Thread exited: 0x000001948db04ac0
Event: 18.961 Thread 0x000001948db043f0 Thread exited: 0x000001948db043f0
Event: 20.507 Thread 0x0000019480e77d70 Thread added: 0x000001948f479950
Event: 21.277 Thread 0x000001948f479950 Thread exited: 0x000001948f479950
Event: 22.403 Thread 0x0000019480e78b10 Thread added: 0x000001948f47f1e0
Event: 22.554 Thread 0x00000194899aab70 Thread added: 0x00000194898ab620
Event: 30.191 Thread 0x0000019480e77d70 Thread exited: 0x0000019480e77d70
Event: 30.191 Thread 0x000001948db09c80 Thread exited: 0x000001948db09c80
Event: 30.193 Thread 0x0000019480e78b10 Thread exited: 0x0000019480e78b10
Event: 30.198 Thread 0x00000194ff021750 Thread added: 0x000001948db09c80
Event: 30.198 Thread 0x00000194ff021750 Thread added: 0x000001948db08140
Event: 31.340 Thread 0x000001948db09c80 Thread exited: 0x000001948db09c80
Event: 31.340 Thread 0x000001948db08140 Thread exited: 0x000001948db08140
Event: 31.637 Thread 0x00000194ff021750 Thread added: 0x0000019480e77d70
Event: 32.772 Thread 0x0000019480e77d70 Thread exited: 0x0000019480e77d70
Event: 34.352 Thread 0x000001948f47f1e0 Thread added: 0x000001948b83cca0
Event: 34.352 Thread 0x000001948f47f1e0 Thread added: 0x000001948b83e7e0
Event: 35.971 Thread 0x000001948b83e7e0 Thread exited: 0x000001948b83e7e0


Dynamic libraries:
0x00007ff6ec6e0000 - 0x00007ff6ec6f0000 	C:\Program Files\Java\jdk-23\bin\java.exe
0x00007ffc23ee0000 - 0x00007ffc24148000 	C:\WINDOWS\SYSTEM32\ntdll.dll
0x00007ffc21e70000 - 0x00007ffc21f39000 	C:\WINDOWS\System32\KERNEL32.DLL
0x00007ffc21290000 - 0x00007ffc21688000 	C:\WINDOWS\System32\KERNELBASE.dll
0x00007ffc21740000 - 0x00007ffc2188b000 	C:\WINDOWS\System32\ucrtbase.dll
0x00007ffbd3cc0000 - 0x00007ffbd3cdb000 	C:\Program Files\Java\jdk-23\bin\VCRUNTIME140.dll
0x00007ffbd3ce0000 - 0x00007ffbd3cf7000 	C:\Program Files\Java\jdk-23\bin\jli.dll
0x00007ffc234a0000 - 0x00007ffc23667000 	C:\WINDOWS\System32\USER32.dll
0x00007ffc0ffe0000 - 0x00007ffc10274000 	C:\WINDOWS\WinSxS\amd64_microsoft.windows.common-controls_6595b64144ccf1df_6.0.26100.7019_none_3e06ffa0e335b8a8\COMCTL32.dll
0x00007ffc21030000 - 0x00007ffc21057000 	C:\WINDOWS\System32\win32u.dll
0x00007ffc23910000 - 0x00007ffc239b9000 	C:\WINDOWS\System32\msvcrt.dll
0x00007ffc22bb0000 - 0x00007ffc22bdb000 	C:\WINDOWS\System32\GDI32.dll
0x00007ffc21890000 - 0x00007ffc219bc000 	C:\WINDOWS\System32\gdi32full.dll
0x00007ffc219c0000 - 0x00007ffc21a63000 	C:\WINDOWS\System32\msvcp_win.dll
0x00007ffc23e60000 - 0x00007ffc23e91000 	C:\WINDOWS\System32\IMM32.DLL
0x00007ffbfcb90000 - 0x00007ffbfcb9c000 	C:\Program Files\Java\jdk-23\bin\vcruntime140_1.dll
0x00007ffbd1ac0000 - 0x00007ffbd1b4e000 	C:\Program Files\Java\jdk-23\bin\msvcp140.dll
0x00007ffb376c0000 - 0x00007ffb3840f000 	C:\Program Files\Java\jdk-23\bin\server\jvm.dll
0x00007ffc228c0000 - 0x00007ffc22974000 	C:\WINDOWS\System32\ADVAPI32.dll
0x00007ffc22c40000 - 0x00007ffc22ce6000 	C:\WINDOWS\System32\sechost.dll
0x00007ffc226a0000 - 0x00007ffc227b8000 	C:\WINDOWS\System32\RPCRT4.dll
0x00007ffc23890000 - 0x00007ffc23904000 	C:\WINDOWS\System32\WS2_32.dll
0x00007ffc20eb0000 - 0x00007ffc20f0e000 	C:\WINDOWS\SYSTEM32\POWRPROF.dll
0x00007ffc14010000 - 0x00007ffc14045000 	C:\WINDOWS\SYSTEM32\WINMM.dll
0x00007ffc13dc0000 - 0x00007ffc13dcb000 	C:\WINDOWS\SYSTEM32\VERSION.dll
0x00007ffc20e90000 - 0x00007ffc20ea4000 	C:\WINDOWS\SYSTEM32\UMPDC.dll
0x00007ffc1fdf0000 - 0x00007ffc1fe0b000 	C:\WINDOWS\SYSTEM32\kernel.appcore.dll
0x00007ffbf6450000 - 0x00007ffbf645a000 	C:\Program Files\Java\jdk-23\bin\jimage.dll
0x00007ffc1a8e0000 - 0x00007ffc1ab22000 	C:\WINDOWS\SYSTEM32\DBGHELP.DLL
0x00007ffc22210000 - 0x00007ffc2259b000 	C:\WINDOWS\System32\combase.dll
0x00007ffc225b0000 - 0x00007ffc22687000 	C:\WINDOWS\System32\OLEAUT32.dll
0x00007ffc0a390000 - 0x00007ffc0a3cc000 	C:\WINDOWS\SYSTEM32\dbgcore.DLL
0x00007ffc21690000 - 0x00007ffc21735000 	C:\WINDOWS\System32\bcryptPrimitives.dll
0x00007ffbd3ba0000 - 0x00007ffbd3bbe000 	C:\Program Files\Java\jdk-23\bin\java.dll
0x00007ffc22a10000 - 0x00007ffc22ba7000 	C:\WINDOWS\System32\ole32.dll
0x00007ffc22d40000 - 0x00007ffc2348f000 	C:\WINDOWS\System32\SHELL32.dll
0x00007ffc21060000 - 0x00007ffc211cb000 	C:\WINDOWS\System32\wintypes.dll
0x00007ffc1ec90000 - 0x00007ffc1f4ed000 	C:\WINDOWS\SYSTEM32\windows.storage.dll
0x00007ffc227c0000 - 0x00007ffc228b2000 	C:\WINDOWS\System32\SHCORE.dll
0x00007ffc21f40000 - 0x00007ffc21fa7000 	C:\WINDOWS\System32\shlwapi.dll
0x00007ffc20f50000 - 0x00007ffc20f79000 	C:\WINDOWS\SYSTEM32\profapi.dll
0x00007ffbcc090000 - 0x00007ffbcc167000 	C:\Program Files\Java\jdk-23\bin\jsvml.dll
0x00007ffbdc430000 - 0x00007ffbdc440000 	C:\Program Files\Java\jdk-23\bin\net.dll
0x00007ffc20360000 - 0x00007ffc203cb000 	C:\WINDOWS\system32\mswsock.dll
0x00007ffbd2440000 - 0x00007ffbd2456000 	C:\Program Files\Java\jdk-23\bin\nio.dll
0x00007ffbd0980000 - 0x00007ffbd0997000 	C:\Program Files\Java\jdk-23\bin\zip.dll
0x00007ffc20630000 - 0x00007ffc2064b000 	C:\WINDOWS\SYSTEM32\CRYPTSP.dll
0x00007ffc1fd50000 - 0x00007ffc1fd8a000 	C:\WINDOWS\system32\rsaenh.dll
0x00007ffc20410000 - 0x00007ffc2043b000 	C:\WINDOWS\SYSTEM32\USERENV.dll
0x00007ffc20f20000 - 0x00007ffc20f4a000 	C:\WINDOWS\SYSTEM32\bcrypt.dll
0x00007ffc20620000 - 0x00007ffc2062c000 	C:\WINDOWS\SYSTEM32\CRYPTBASE.dll
0x00007ffc1f800000 - 0x00007ffc1f834000 	C:\WINDOWS\SYSTEM32\IPHLPAPI.DLL
0x00007ffc239c0000 - 0x00007ffc239ca000 	C:\WINDOWS\System32\NSI.dll
0x00007ffbdc200000 - 0x00007ffbdc210000 	C:\Program Files\Java\jdk-23\bin\verify.dll
0x00007ffbaf380000 - 0x00007ffbaf469000 	C:\Users\Haqii\AppData\Local\Temp\sqlite-3.41.2.1-7bcf4796-f2bf-4763-bc90-7dc58d24a4bd-sqlitejdbc.dll

dbghelp: loaded successfully - version: 4.0.5 - missing functions: none
symbol engine: initialized successfully - sym options: 0x614 - pdb path: .;C:\Program Files\Java\jdk-23\bin;C:\WINDOWS\SYSTEM32;C:\WINDOWS\WinSxS\amd64_microsoft.windows.common-controls_6595b64144ccf1df_6.0.26100.7019_none_3e06ffa0e335b8a8;C:\Program Files\Java\jdk-23\bin\server;C:\Users\Haqii\AppData\Local\Temp

VM Arguments:
jvm_args: -DkotlinLanguageServer.version=1.3.13 
java_command: org.javacs.kt.MainKt
java_class_path (initial): c:\Users\Haqii\AppData\Roaming\Code\User\globalStorage\fwcd.kotlin\langServerInstall\server\lib\server-1.3.13.jar;c:\Users\Haqii\AppData\Roaming\Code\User\globalStorage\fwcd.kotlin\langServerInstall\server\lib\shared-1.3.13.jar;c:\Users\Haqii\AppData\Roaming\Code\User\globalStorage\fwcd.kotlin\langServerInstall\server\lib\kotlin-scripting-jvm-host-unshaded-2.1.0.jar;c:\Users\Haqii\AppData\Roaming\Code\User\globalStorage\fwcd.kotlin\langServerInstall\server\lib\kotlin-scripting-compiler-2.1.0.jar;c:\Users\Haqii\AppData\Roaming\Code\User\globalStorage\fwcd.kotlin\langServerInstall\server\lib\ktfmt-b5d31d1.jar;c:\Users\Haqii\AppData\Roaming\Code\User\globalStorage\fwcd.kotlin\langServerInstall\server\lib\kotlin-compiler-2.1.0.jar;c:\Users\Haqii\AppData\Roaming\Code\User\globalStorage\fwcd.kotlin\langServerInstall\server\lib\exposed-dao-0.37.3.jar;c:\Users\Haqii\AppData\Roaming\Code\User\globalStorage\fwcd.kotlin\langServerInstall\server\lib\exposed-jdbc-0.37.3.jar;c:\Users\Haqii\AppData\Roaming\Code\User\globalStorage\fwcd.kotlin\langServerInstall\server\lib\exposed-core-0.37.3.jar;c:\Users\Haqii\AppData\Roaming\Code\User\globalStorage\fwcd.kotlin\langServerInstall\server\lib\kotlin-scripting-compiler-impl-2.1.0.jar;c:\Users\Haqii\AppData\Roaming\Code\User\globalStorage\fwcd.kotlin\langServerInstall\server\lib\kotlin-reflect-2.1.0.jar;c:\Users\Haqii\AppData\Roaming\Code\User\globalStorage\fwcd.kotlin\langServerInstall\server\lib\kotlin-scripting-jvm-2.1.0.jar;c:\Users\Haqii\AppData\Roaming\Code\User\globalStorage\fwcd.kotlin\langServerInstall\server\lib\kotlin-scripting-common-2.1.0.jar;c:\Users\Haqii\AppData\Roaming\Code\User\globalStorage\fwcd.kotlin\langServerInstall\server\lib\kotlinx-coroutines-core-jvm-1.6.4.jar;c:\Users\Haqii\AppData\Roaming\Code\User\globalStorage\fwcd.kotlin\langServerInstall\server\lib\kotlin-stdlib-jdk8-2.1.0.jar;c:\Users\Haqii\AppData\Roaming\Code\User\globalStorage\fwcd.kotlin\langServerInstall\server\lib\kotlin-stdlib-jdk7-2.1.0.jar;c:\Users\Haqii\AppData\Roaming\Code\User\globalStorage\fwcd.kotlin\langServerInstall\server\lib\kotlin-stdlib-2.1.0.jar;c:\Users\Haqii\AppData\Roaming\Code\User\globalStorage\fwcd.kotlin\langServerInstall\server\lib\org.eclipse.lsp4j-0.21.2.jar;c:\Users\Haqii\AppData\Roaming\Code\User\globalStorage\fwcd.kotlin\langServerInstall\server\lib\org.eclipse.lsp4j.jsonrpc-0.21.2.jar;c:\Users\Haqii\AppData\Roaming\Code\User\globalStorage\fwcd.kotlin\langServerInstall\server\lib\kotlin-sam-with-receiver-compiler-plugin-2.1.0.jar;c:\Users\Haqii\AppData\Roaming\Code\User\globalStorage\fwcd.kotlin\langServerInstall\server\lib\fernflower-1.0.jar;c:\Users\Haqii\AppData\Roaming\Code\User\globalStorage\fwcd.kotlin\langServerInstall\server\lib\h2-1.4.200.jar;c:\Users\Haqii\AppData\Roaming\Code\User\globalStorage\fwcd.kotlin\langServerInstall\server\lib\jcommander-1.78.jar;c:\Users\Haqii\AppData\Roaming\Code\User\globalStorage\fwcd.kotlin\langServerInstall\server\lib\sqlite-jdbc-3.41.2.1.jar;c:\Users\Haqii\AppData\Roaming\Code\User\globalStorage\fwcd.kotlin\langServerInstall\server\lib\google-java-format-1.8.jar;c:\Users\Haqii\AppData\Roaming\Code\User\globalStorage\fwcd.kotlin\langServerInstall\server\lib\guava-33.3.0-jre.jar;c:\Users\Haqii\AppData\Roaming\Code\User\globalStorage\fwcd.kotlin\langServerInstall\server\lib\annotations-13.0.jar;c:\Users\Haqii\AppData\Roaming\Code\User\globalStorage\fwcd.kotlin\langServerInstall\server\lib\gson-2.10.1.jar;c:\Users\Haqii\AppData\Roaming\Code\User\globalStorage\fwcd.kotlin\langServerInstall\server\lib\kotlin-script-runtime-2.1.0.jar;c:\Users\Haqii\AppData\Roaming\Code\User\globalStorage\fwcd.kotlin\langServerInstall\server\lib\trove4j-1.0.20200330.jar;c:\Users\Haqii\AppData\Roaming\Code\User\globalStorage\fwcd.kotlin\langServerInstall\server\lib\jline-3.24.1.jar;c:\Users\Haqii\AppData\Roaming\Code\User\globalStorage\fwcd.kotlin\langServerInstall\server\lib\slf4j-api-1.7.25.jar;c:\Users\Haqii\AppData\Roaming\Code\User\globalStorage\fwcd.kotlin\langServerInstall\server\lib\jna-4.2.2.jar;c:\Users\Haqii\AppData\Roaming\Code\User\globalStorage\fwcd.kotlin\langServerInstall\server\lib\failureaccess-1.0.2.jar;c:\Users\Haqii\AppData\Roaming\Code\User\globalStorage\fwcd.kotlin\langServerInstall\server\lib\listenablefuture-9999.0-empty-to-avoid-conflict-with-guava.jar;c:\Users\Haqii\AppData\Roaming\Code\User\globalStorage\fwcd.kotlin\langServerInstall\server\lib\jsr305-3.0.2.jar;c:\Users\Haqii\AppData\Roaming\Code\User\globalStorage\fwcd.kotlin\langServerInstall\server\lib\checker-qual-3.43.0.jar;c:\Users\Haqii\AppData\Roaming\Code\User\globalStorage\fwcd.kotlin\langServerInstall\server\lib\error_prone_annotations-2.28.0.jar
Launcher Type: SUN_STANDARD

[Global flags]
     intx CICompilerCount                          = 12                                        {product} {ergonomic}
     uint ConcGCThreads                            = 3                                         {product} {ergonomic}
     uint G1ConcRefinementThreads                  = 13                                        {product} {ergonomic}
   size_t G1HeapRegionSize                         = 2097152                                   {product} {ergonomic}
   size_t InitialHeapSize                          = 230686720                                 {product} {ergonomic}
   size_t MarkStackSize                            = 4194304                                   {product} {ergonomic}
   size_t MarkStackSizeMax                         = 536870912                                 {product} {ergonomic}
   size_t MaxHeapSize                              = 3690987520                                {product} {ergonomic}
   size_t MaxNewSize                               = 2214592512                                {product} {ergonomic}
   size_t MinHeapDeltaBytes                        = 2097152                                   {product} {ergonomic}
   size_t MinHeapSize                              = 8388608                                   {product} {ergonomic}
    uintx NonNMethodCodeHeapSize                   = 7602176                                {pd product} {ergonomic}
    uintx NonProfiledCodeHeapSize                  = 122093568                              {pd product} {ergonomic}
    uintx ProfiledCodeHeapSize                     = 121962496                              {pd product} {ergonomic}
    uintx ReservedCodeCacheSize                    = 251658240                              {pd product} {ergonomic}
     bool SegmentedCodeCache                       = true                                      {product} {ergonomic}
   size_t SoftMaxHeapSize                          = 3690987520                             {manageable} {ergonomic}
     bool UseCompressedOops                        = true                           {product lp64_product} {ergonomic}
     bool UseG1GC                                  = true                                      {product} {ergonomic}
     bool UseLargePagesIndividualAllocation        = false                                  {pd product} {ergonomic}

Logging:
Log output configuration:
 #0: stdout all=warning uptime,level,tags foldmultilines=false
 #1: stderr all=off uptime,level,tags foldmultilines=false

Environment Variables:
CLASSPATH=c:\Users\Haqii\AppData\Roaming\Code\User\globalStorage\fwcd.kotlin\langServerInstall\server\lib\server-1.3.13.jar;c:\Users\Haqii\AppData\Roaming\Code\User\globalStorage\fwcd.kotlin\langServerInstall\server\lib\shared-1.3.13.jar;c:\Users\Haqii\AppData\Roaming\Code\User\globalStorage\fwcd.kotlin\langServerInstall\server\lib\kotlin-scripting-jvm-host-unshaded-2.1.0.jar;c:\Users\Haqii\AppData\Roaming\Code\User\globalStorage\fwcd.kotlin\langServerInstall\server\lib\kotlin-scripting-compiler-2.1.0.jar;c:\Users\Haqii\AppData\Roaming\Code\User\globalStorage\fwcd.kotlin\langServerInstall\server\lib\ktfmt-b5d31d1.jar;c:\Users\Haqii\AppData\Roaming\Code\User\globalStorage\fwcd.kotlin\langServerInstall\server\lib\kotlin-compiler-2.1.0.jar;c:\Users\Haqii\AppData\Roaming\Code\User\globalStorage\fwcd.kotlin\langServerInstall\server\lib\exposed-dao-0.37.3.jar;c:\Users\Haqii\AppData\Roaming\Code\User\globalStorage\fwcd.kotlin\langServerInstall\server\lib\exposed-jdbc-0.37.3.jar;c:\Users\Haqii\AppData\Roaming\Code\User\globalStorage\fwcd.kotlin\langServerInstall\server\lib\exposed-core-0.37.3.jar;c:\Users\Haqii\AppData\Roaming\Code\User\globalStorage\fwcd.kotlin\langServerInstall\server\lib\kotlin-scripting-compiler-impl-2.1.0.jar;c:\Users\Haqii\AppData\Roaming\Code\User\globalStorage\fwcd.kotlin\langServerInstall\server\lib\kotlin-reflect-2.1.0.jar;c:\Users\Haqii\AppData\Roaming\Code\User\globalStorage\fwcd.kotlin\langServerInstall\server\lib\kotlin-scripting-jvm-2.1.0.jar;c:\Users\Haqii\AppData\Roaming\Code\User\globalStorage\fwcd.kotlin\langServerInstall\server\lib\kotlin-scripting-common-2.1.0.jar;c:\Users\Haqii\AppData\Roaming\Code\User\globalStorage\fwcd.kotlin\langServerInstall\server\lib\kotlinx-coroutines-core-jvm-1.6.4.jar;c:\Users\Haqii\AppData\Roaming\Code\User\globalStorage\fwcd.kotlin\langServerInstall\server\lib\kotlin-stdlib-jdk8-2.1.0.jar;c:\Users\Haqii\AppData\Roaming\Code\User\globalStorage\fwcd.kotlin\langServerInstall\server\lib\kotlin-stdlib-jdk7-2.1.0.jar;c:\Users\Haqii\AppData\Roaming\Code\User\globalStorage\fwcd.kotlin\langServerInstall\server\lib\kotlin-stdlib-2.1.0.jar;c:\Users\Haqii\AppData\Roaming\Code\User\globalStorage\fwcd.kotlin\langServerInstall\server\lib\org.eclipse.lsp4j-0.21.2.jar;c:\Users\Haqii\AppData\Roaming\Code\User\globalStorage\fwcd.kotlin\langServerInstall\server\lib\org.eclipse.lsp4j.jsonrpc-0.21.2.jar;c:\Users\Haqii\AppData\Roaming\Code\User\globalStorage\fwcd.kotlin\langServerInstall\server\lib\kotlin-sam-with-receiver-compiler-plugin-2.1.0.jar;c:\Users\Haqii\AppData\Roaming\Code\User\globalStorage\fwcd.kotlin\langServerInstall\server\lib\fernflower-1.0.jar;c:\Users\Haqii\AppData\Roaming\Code\User\globalStorage\fwcd.kotlin\langServerInstall\server\lib\h2-1.4.200.jar;c:\Users\Haqii\AppData\Roaming\Code\User\globalStorage\fwcd.kotlin\langServerInstall\server\lib\jcommander-1.78.jar;c:\Users\Haqii\AppData\Roaming\Code\User\globalStorage\fwcd.kotlin\langServerInstall\server\lib\sqlite-jdbc-3.41.2.1.jar;c:\Users\Haqii\AppData\Roaming\Code\User\globalStorage\fwcd.kotlin\langServerInstall\server\lib\google-java-format-1.8.jar;c:\Users\Haqii\AppData\Roaming\Code\User\globalStorage\fwcd.kotlin\langServerInstall\server\lib\guava-33.3.0-jre.jar;c:\Users\Haqii\AppData\Roaming\Code\User\globalStorage\fwcd.kotlin\langServerInstall\server\lib\annotations-13.0.jar;c:\Users\Haqii\AppData\Roaming\Code\User\globalStorage\fwcd.kotlin\langServerInstall\server\lib\gson-2.10.1.jar;c:\Users\Haqii\AppData\Roaming\Code\User\globalStorage\fwcd.kotlin\langServerInstall\server\lib\kotlin-script-runtime-2.1.0.jar;c:\Users\Haqii\AppData\Roaming\Code\User\globalStorage\fwcd.kotlin\langServerInstall\server\lib\trove4j-1.0.20200330.jar;c:\Users\Haqii\AppData\Roaming\Code\User\globalStorage\fwcd.kotlin\langServerInstall\server\lib\jline-3.24.1.jar;c:\Users\Haqii\AppData\Roaming\Code\User\globalStorage\fwcd.kotlin\langServerInstall\server\lib\slf4j-api-1.7.25.jar;c:\Users\Haqii\AppData\Roaming\Code\User\globalStorage\fwcd.kotlin\langServerInstall\server\lib\jna-4.2.2.jar;c:\Users\Haqii\AppData\Roaming\Code\User\globalStorage\fwcd.kotlin\langServerInstall\server\lib\failureaccess-1.0.2.jar;c:\Users\Haqii\AppData\Roaming\Code\User\globalStorage\fwcd.kotlin\langServerInstall\server\lib\listenablefuture-9999.0-empty-to-avoid-conflict-with-guava.jar;c:\Users\Haqii\AppData\Roaming\Code\User\globalStorage\fwcd.kotlin\langServerInstall\server\lib\jsr305-3.0.2.jar;c:\Users\Haqii\AppData\Roaming\Code\User\globalStorage\fwcd.kotlin\langServerInstall\server\lib\checker-qual-3.43.0.jar;c:\Users\Haqii\AppData\Roaming\Code\User\globalStorage\fwcd.kotlin\langServerInstall\server\lib\error_prone_annotations-2.28.0.jar
PATH=C:\Program Files\Common Files\Oracle\Java\javapath;C:\Program Files (x86)\Common Files\Oracle\Java\java8path;C:\Program Files (x86)\Common Files\Oracle\Java\javapath;C:\WINDOWS\system32;C:\WINDOWS;C:\WINDOWS\System32\Wbem;C:\WINDOWS\System32\WindowsPowerShell\v1.0\;C:\WINDOWS\System32\OpenSSH\;C:\xampp\php;C:\ProgramData\ComposerSetup\bin;C:\Program Files\Git\cmd;C:\Program Files\dotnet\;C:\ProgramData\chocolatey\bin;C:\Program Files\Neovim\bin;C:\Program Files\nodejs\;C:\Program Files\Common Files\Oracle\Java\javapath;C:\Windows\system32;C:\Windows;C:\Windows\System32\Wbem;C:\Windows\System32\WindowsPowerShell\v1.0\;C:\Windows\System32\OpenSSH\;C:\xampp\php;C:\ProgramData\ComposerSetup\bin;C:\Program Files\nodejs\;C:\Program Files\Git\cmd;C:\Program Files\dotnet\;C:\ProgramData\chocolatey\bin;c:\Users\Haqii\AppData\Local\Programs\cursor\resources\app\codeBin;C:\Users\Haqii\AppData\Local\Programs\Python\Launcher\;C:\Users\Haqii\AppData\Local\Microsoft\WindowsApps;C:\Users\Haqii\AppData\Local\Programs\Microsoft VS Code\bin;C:\Users\Haqii\AppData\Roaming\Composer\vendor\bin;C:\msys64\ucrt64\bin;C:\Users\Haqii\AppData\Local\spicetify;C:\Users\Haqii\.deno\bin;C:\Android\cmdline-tools\latest\bin;C:\Android\platform-tools;C:\Android\emulator;C:\Users\Haqii\AppData\Roaming\npm;C:\Users\Haqii\AppData\Local\Microsoft\WindowsApps;C:\laragon\bin\php\php-8.3.26-Win32-vs16-x64;C:\laragon\bin\composer;
USERNAME=Haqii
OS=Windows_NT
PROCESSOR_IDENTIFIER=AMD64 Family 25 Model 68 Stepping 1, AuthenticAMD
TMP=C:\Users\Haqii\AppData\Local\Temp
TEMP=C:\Users\Haqii\AppData\Local\Temp




Periodic native trim disabled

---------------  S Y S T E M  ---------------

OS:
 Windows 11 , 64 bit Build 26100 (10.0.26100.7019)
OS uptime: 0 days 3:37 hours

CPU: total 16 (initial active 16) (16 cores per cpu, 2 threads per core) family 25 model 68 stepping 1 microcode 0xa404102, cx8, cmov, fxsr, ht, mmx, 3dnowpref, sse, sse2, sse3, ssse3, sse4a, sse4.1, sse4.2, popcnt, lzcnt, tsc, tscinvbit, avx, avx2, aes, erms, clmul, bmi1, bmi2, adx, sha, fma, vzeroupper, clflush, clflushopt, rdtscp, rdpid, fsrm, f16c, pku, cet_ss
Processor Information for processor 0
  Max Mhz: 3201, Current Mhz: 1804, Mhz Limit: 3201
Processor Information for processor 1
  Max Mhz: 3201, Current Mhz: 3201, Mhz Limit: 3201
Processor Information for processor 2
  Max Mhz: 3201, Current Mhz: 3201, Mhz Limit: 3201
Processor Information for processor 3
  Max Mhz: 3201, Current Mhz: 2502, Mhz Limit: 3201
Processor Information for processor 4
  Max Mhz: 3201, Current Mhz: 3201, Mhz Limit: 3201
Processor Information for processor 5
  Max Mhz: 3201, Current Mhz: 3201, Mhz Limit: 3201
Processor Information for processor 6
  Max Mhz: 3201, Current Mhz: 1804, Mhz Limit: 3201
Processor Information for processor 7
  Max Mhz: 3201, Current Mhz: 3201, Mhz Limit: 3201
Processor Information for processor 8
  Max Mhz: 3201, Current Mhz: 3201, Mhz Limit: 3201
Processor Information for processor 9
  Max Mhz: 3201, Current Mhz: 3201, Mhz Limit: 3201
Processor Information for processor 10
  Max Mhz: 3201, Current Mhz: 3201, Mhz Limit: 3201
Processor Information for processor 11
  Max Mhz: 3201, Current Mhz: 3201, Mhz Limit: 3201
Processor Information for processor 12
  Max Mhz: 3201, Current Mhz: 3201, Mhz Limit: 3201
Processor Information for processor 13
  Max Mhz: 3201, Current Mhz: 1804, Mhz Limit: 3201
Processor Information for processor 14
  Max Mhz: 3201, Current Mhz: 2502, Mhz Limit: 3201
Processor Information for processor 15
  Max Mhz: 3201, Current Mhz: 2502, Mhz Limit: 3201

Memory: 4k page, system-wide physical 14077M (2474M free)
TotalPageFile size 27389M (AvailPageFile size 2156M)
current process WorkingSet (physical memory assigned to process): 634M, peak: 648M
current process commit charge ("private bytes"): 734M, peak: 734M

vm_info: Java HotSpot(TM) 64-Bit Server VM (23.0.1+11-39) for windows-amd64 JRE (23.0.1+11-39), built on 2024-09-30T07:20:43Z with MS VC++ 17.6 (VS2022)

END.
