#
# There is insufficient memory for the Java Runtime Environment to continue.
# Native memory allocation (malloc) failed to allocate 2415968 bytes. Error detail: Chunk::new
# Possible reasons:
#   The system is out of physical RAM or swap space
#   This process is running with CompressedOops enabled, and the Java Heap may be blocking the growth of the native heap
# Possible solutions:
#   Reduce memory load on the system
#   Increase physical memory or swap space
#   Check if swap backing store is full
#   Decrease Java heap size (-Xmx/-Xms)
#   Decrease number of Java threads
#   Decrease Java thread stack sizes (-Xss)
#   Set larger code cache with -XX:ReservedCodeCacheSize=
#   JVM is running with Unscaled Compressed Oops mode in which the Java heap is
#     placed in the first 4GB address space. The Java Heap base address is the
#     maximum limit for the native heap growth. Please use -XX:HeapBaseMinAddress
#     to set the Java Heap base and to place the Java Heap above 4GB virtual address.
# This output file may be truncated or incomplete.
#
#  Out of Memory Error (arena.cpp:168), pid=8776, tid=3488
#
# JRE version: OpenJDK Runtime Environment Temurin-21.0.8+9 (21.0.8+9) (build 21.0.8+9-LTS)
# Java VM: OpenJDK 64-Bit Server VM Temurin-21.0.8+9 (21.0.8+9-LTS, mixed mode, sharing, tiered, compressed oops, compressed class ptrs, parallel gc, windows-amd64)
# No core dump will be written. Minidumps are not enabled by default on client versions of Windows
#

---------------  S U M M A R Y ------------

Command Line: --add-modules=ALL-SYSTEM --add-opens=java.base/java.util=ALL-UNNAMED --add-opens=java.base/java.lang=ALL-UNNAMED --add-opens=java.base/sun.nio.fs=ALL-UNNAMED -Declipse.application=org.eclipse.jdt.ls.core.id1 -Dosgi.bundles.defaultStartLevel=4 -Declipse.product=org.eclipse.jdt.ls.core.product -Djava.import.generatesMetadataFilesAtProjectRoot=false -DDetectVMInstallationsJob.disabled=true -Dfile.encoding=utf8 -XX:+UseParallelGC -XX:GCTimeRatio=4 -XX:AdaptiveSizePolicyWeight=90 -Dsun.zip.disableMemoryMapping=true -Xmx2G -Xms100m -Xlog:disable -javaagent:c:\Users\Haqii\.vscode\extensions\redhat.java-1.47.0-win32-x64\lombok\lombok-1.18.39-4050.jar -XX:+HeapDumpOnOutOfMemoryError -XX:HeapDumpPath=c:\Users\Haqii\AppData\Roaming\Code\User\workspaceStorage\3dc9cd43f3ba78d4e4c793072e614d38\redhat.java -Daether.dependencyCollector.impl=bf c:\Users\Haqii\.vscode\extensions\redhat.java-1.47.0-win32-x64\server\plugins\org.eclipse.equinox.launcher_1.7.100.v20251014-1222.jar -configuration c:\Users\Haqii\AppData\Roaming\Code\User\globalStorage\redhat.java\1.47.0\config_win -data c:\Users\Haqii\AppData\Roaming\Code\User\workspaceStorage\3dc9cd43f3ba78d4e4c793072e614d38\redhat.java\jdt_ws --pipe=\\.\pipe\lsp-b512405fc48e27269e33fbcb6911143c-sock

Host: AMD Ryzen 7 7735HS with Radeon Graphics        , 16 cores, 13G,  Windows 11 , 64 bit Build 26100 (10.0.26100.6725)
Time: Wed Nov 12 07:41:01 2025 SE Asia Standard Time elapsed time: 8.498571 seconds (0d 0h 0m 8s)

---------------  T H R E A D  ---------------

Current thread (0x000002887851d510):  JavaThread "C2 CompilerThread0" daemon [_thread_in_native, id=3488, stack(0x000000a481800000,0x000000a481900000) (1024K)]


Current CompileTask:
C2:8498 4189       4       org.lombokweb.asm.ClassReader::readMethod (1070 bytes)

Stack: [0x000000a481800000,0x000000a481900000]
Native frames: (J=compiled Java code, j=interpreted, Vv=VM code, C=native code)
V  [jvm.dll+0x6d2449]
V  [jvm.dll+0x8ae341]
V  [jvm.dll+0x8b08be]
V  [jvm.dll+0x8b0fa3]
V  [jvm.dll+0x280c96]
V  [jvm.dll+0xc581d]
V  [jvm.dll+0xc5d53]
V  [jvm.dll+0x3b919c]
V  [jvm.dll+0x1e1409]
V  [jvm.dll+0x249022]
V  [jvm.dll+0x2484af]
V  [jvm.dll+0x1c89ee]
V  [jvm.dll+0x257d4d]
V  [jvm.dll+0x2562ea]
V  [jvm.dll+0x3f2d16]
V  [jvm.dll+0x857e6b]
V  [jvm.dll+0x6d0b0d]
C  [ucrtbase.dll+0x37b0]
C  [KERNEL32.DLL+0x2e8d7]
C  [ntdll.dll+0x8c53c]


---------------  P R O C E S S  ---------------

Threads class SMR info:
_java_thread_list=0x000002886085eb10, length=48, elements={
0x000002886079e340, 0x0000028860843320, 0x000002886074d4c0, 0x0000028860849140,
0x000002886084bf20, 0x000002886084d690, 0x0000028860852f50, 0x000002887851d510,
0x000002886085b400, 0x000002886080c160, 0x0000028878637860, 0x00000288786422a0,
0x0000028878836840, 0x000002887e04d500, 0x000002887e7f8c90, 0x000002887e9a42b0,
0x000002887e7f7a30, 0x000002887e7f8090, 0x000002887f226540, 0x000002887ee4b6b0,
0x000002887ee49c70, 0x000002887ee4a990, 0x000002887ee4a300, 0x000002887ee4b020,
0x000002887efa3e60, 0x000002887ee4c3d0, 0x000002887ee4ca60, 0x000002887ee4d0f0,
0x0000028843681f00, 0x0000028843685380, 0x0000028843682590, 0x0000028843685a10,
0x0000028843682c20, 0x0000028843684660, 0x00000288436860a0, 0x0000028843686730,
0x0000028843684cf0, 0x00000288436832b0, 0x0000028843686dc0, 0x0000028843683fd0,
0x0000028843683940, 0x0000028843689520, 0x0000028843687450, 0x0000028843688800,
0x0000028843687ae0, 0x0000028843688170, 0x0000028843688e90, 0x000002887e10c270
}

Java Threads: ( => current thread )
  0x000002886079e340 JavaThread "main"                              [_thread_in_vm, id=23036, stack(0x000000a480e00000,0x000000a480f00000) (1024K)]
  0x0000028860843320 JavaThread "Reference Handler"          daemon [_thread_blocked, id=5860, stack(0x000000a481200000,0x000000a481300000) (1024K)]
  0x000002886074d4c0 JavaThread "Finalizer"                  daemon [_thread_blocked, id=18484, stack(0x000000a481300000,0x000000a481400000) (1024K)]
  0x0000028860849140 JavaThread "Signal Dispatcher"          daemon [_thread_blocked, id=6076, stack(0x000000a481400000,0x000000a481500000) (1024K)]
  0x000002886084bf20 JavaThread "Attach Listener"            daemon [_thread_blocked, id=23244, stack(0x000000a481500000,0x000000a481600000) (1024K)]
  0x000002886084d690 JavaThread "Service Thread"             daemon [_thread_blocked, id=7288, stack(0x000000a481600000,0x000000a481700000) (1024K)]
  0x0000028860852f50 JavaThread "Monitor Deflation Thread"   daemon [_thread_blocked, id=17528, stack(0x000000a481700000,0x000000a481800000) (1024K)]
=>0x000002887851d510 JavaThread "C2 CompilerThread0"         daemon [_thread_in_native, id=3488, stack(0x000000a481800000,0x000000a481900000) (1024K)]
  0x000002886085b400 JavaThread "C1 CompilerThread0"         daemon [_thread_blocked, id=20544, stack(0x000000a481900000,0x000000a481a00000) (1024K)]
  0x000002886080c160 JavaThread "Common-Cleaner"             daemon [_thread_blocked, id=18960, stack(0x000000a481a00000,0x000000a481b00000) (1024K)]
  0x0000028878637860 JavaThread "C1 CompilerThread1"         daemon [_thread_in_native, id=12016, stack(0x000000a481b00000,0x000000a481c00000) (1024K)]
  0x00000288786422a0 JavaThread "C1 CompilerThread2"         daemon [_thread_in_native, id=16736, stack(0x000000a481c00000,0x000000a481d00000) (1024K)]
  0x0000028878836840 JavaThread "C1 CompilerThread3"         daemon [_thread_blocked, id=22928, stack(0x000000a481e00000,0x000000a481f00000) (1024K)]
  0x000002887e04d500 JavaThread "Notification Thread"        daemon [_thread_blocked, id=16952, stack(0x000000a481f00000,0x000000a482000000) (1024K)]
  0x000002887e7f8c90 JavaThread "Active Thread: Equinox Container: 85cb691e-7e57-4fee-b6bd-80c357f8f29d"        [_thread_blocked, id=18472, stack(0x000000a482600000,0x000000a482700000) (1024K)]
  0x000002887e9a42b0 JavaThread "Refresh Thread: Equinox Container: 85cb691e-7e57-4fee-b6bd-80c357f8f29d" daemon [_thread_blocked, id=22632, stack(0x000000a482800000,0x000000a482900000) (1024K)]
  0x000002887e7f7a30 JavaThread "Framework Event Dispatcher: Equinox Container: 85cb691e-7e57-4fee-b6bd-80c357f8f29d" daemon [_thread_blocked, id=17548, stack(0x000000a482900000,0x000000a482a00000) (1024K)]
  0x000002887e7f8090 JavaThread "Start Level: Equinox Container: 85cb691e-7e57-4fee-b6bd-80c357f8f29d" daemon [_thread_blocked, id=14296, stack(0x000000a482a00000,0x000000a482b00000) (1024K)]
  0x000002887f226540 JavaThread "Bundle File Closer"         daemon [_thread_blocked, id=16584, stack(0x000000a482e00000,0x000000a482f00000) (1024K)]
  0x000002887ee4b6b0 JavaThread "SCR Component Actor"        daemon [_thread_blocked, id=9236, stack(0x000000a481d00000,0x000000a481e00000) (1024K)]
  0x000002887ee49c70 JavaThread "Worker-JM"                         [_thread_blocked, id=6612, stack(0x000000a483000000,0x000000a483100000) (1024K)]
  0x000002887ee4a990 JavaThread "JNA Cleaner"                daemon [_thread_blocked, id=21192, stack(0x000000a483300000,0x000000a483400000) (1024K)]
  0x000002887ee4a300 JavaThread "Worker-0: Repository registry initialization"        [_thread_in_Java, id=12108, stack(0x000000a483400000,0x000000a483500000) (1024K)]
  0x000002887ee4b020 JavaThread "Worker-1: Updating Maven Dependencies"        [_thread_blocked, id=19768, stack(0x000000a483500000,0x000000a483600000) (1024K)]
  0x000002887efa3e60 JavaThread "C2 CompilerThread1"         daemon [_thread_in_native, id=2492, stack(0x000000a482f00000,0x000000a483000000) (1024K)]
  0x000002887ee4c3d0 JavaThread "Worker-2: Initialize After Load"        [_thread_blocked, id=23060, stack(0x000000a483600000,0x000000a483700000) (1024K)]
  0x000002887ee4ca60 JavaThread "Worker-3"                          [_thread_blocked, id=20596, stack(0x000000a483700000,0x000000a483800000) (1024K)]
  0x000002887ee4d0f0 JavaThread "Java indexing"              daemon [_thread_blocked, id=2244, stack(0x000000a483800000,0x000000a483900000) (1024K)]
  0x0000028843681f00 JavaThread "Worker-4"                          [_thread_blocked, id=20828, stack(0x000000a483b00000,0x000000a483c00000) (1024K)]
  0x0000028843685380 JavaThread "Worker-5"                          [_thread_blocked, id=6364, stack(0x000000a483c00000,0x000000a483d00000) (1024K)]
  0x0000028843682590 JavaThread "Thread-1"                   daemon [_thread_in_native, id=19396, stack(0x000000a483d00000,0x000000a483e00000) (1024K)]
  0x0000028843685a10 JavaThread "Thread-2"                   daemon [_thread_in_native, id=16992, stack(0x000000a483e00000,0x000000a483f00000) (1024K)]
  0x0000028843682c20 JavaThread "Thread-3"                   daemon [_thread_in_native, id=17140, stack(0x000000a483f00000,0x000000a484000000) (1024K)]
  0x0000028843684660 JavaThread "Thread-4"                   daemon [_thread_in_native, id=19544, stack(0x000000a484000000,0x000000a484100000) (1024K)]
  0x00000288436860a0 JavaThread "Thread-5"                   daemon [_thread_in_native, id=14344, stack(0x000000a484100000,0x000000a484200000) (1024K)]
  0x0000028843686730 JavaThread "Thread-6"                   daemon [_thread_in_native, id=10120, stack(0x000000a484200000,0x000000a484300000) (1024K)]
  0x0000028843684cf0 JavaThread "Thread-7"                   daemon [_thread_in_native, id=19504, stack(0x000000a484300000,0x000000a484400000) (1024K)]
  0x00000288436832b0 JavaThread "Thread-8"                   daemon [_thread_in_native, id=12188, stack(0x000000a484400000,0x000000a484500000) (1024K)]
  0x0000028843686dc0 JavaThread "Thread-9"                   daemon [_thread_in_native, id=22280, stack(0x000000a484500000,0x000000a484600000) (1024K)]
  0x0000028843683fd0 JavaThread "Thread-10"                  daemon [_thread_in_native, id=7928, stack(0x000000a484600000,0x000000a484700000) (1024K)]
  0x0000028843683940 JavaThread "Thread-11"                  daemon [_thread_in_native, id=22876, stack(0x000000a484700000,0x000000a484800000) (1024K)]
  0x0000028843689520 JavaThread "Thread-12"                  daemon [_thread_in_native, id=11504, stack(0x000000a484800000,0x000000a484900000) (1024K)]
  0x0000028843687450 JavaThread "Thread-13"                  daemon [_thread_in_native, id=19132, stack(0x000000a484900000,0x000000a484a00000) (1024K)]
  0x0000028843688800 JavaThread "Thread-14"                  daemon [_thread_in_native, id=11496, stack(0x000000a484a00000,0x000000a484b00000) (1024K)]
  0x0000028843687ae0 JavaThread "Thread-15"                  daemon [_thread_in_native, id=14616, stack(0x000000a484b00000,0x000000a484c00000) (1024K)]
  0x0000028843688170 JavaThread "Thread-16"                  daemon [_thread_in_native, id=17652, stack(0x000000a484c00000,0x000000a484d00000) (1024K)]
  0x0000028843688e90 JavaThread "Thread-17"                  daemon [_thread_in_native, id=13568, stack(0x000000a484d00000,0x000000a484e00000) (1024K)]
  0x000002887e10c270 JavaThread "pool-2-thread-1"                   [_thread_blocked, id=22772, stack(0x000000a484e00000,0x000000a484f00000) (1024K)]
Total: 48

Other Threads:
  0x0000028860734060 VMThread "VM Thread"                           [id=5844, stack(0x000000a481100000,0x000000a481200000) (1024K)]
  0x000002886062ca00 WatcherThread "VM Periodic Task Thread"        [id=8272, stack(0x000000a481000000,0x000000a481100000) (1024K)]
  0x00000288607bd6b0 WorkerThread "GC Thread#0"                     [id=9508, stack(0x000000a480f00000,0x000000a481000000) (1024K)]
  0x000002887e512180 WorkerThread "GC Thread#1"                     [id=16880, stack(0x000000a482000000,0x000000a482100000) (1024K)]
  0x000002887e512520 WorkerThread "GC Thread#2"                     [id=10976, stack(0x000000a482100000,0x000000a482200000) (1024K)]
  0x000002887e62c990 WorkerThread "GC Thread#3"                     [id=19472, stack(0x000000a482200000,0x000000a482300000) (1024K)]
  0x000002887e62cd30 WorkerThread "GC Thread#4"                     [id=17984, stack(0x000000a482300000,0x000000a482400000) (1024K)]
  0x000002887e62d0d0 WorkerThread "GC Thread#5"                     [id=15192, stack(0x000000a482400000,0x000000a482500000) (1024K)]
  0x000002887e62d880 WorkerThread "GC Thread#6"                     [id=6748, stack(0x000000a482500000,0x000000a482600000) (1024K)]
  0x000002887e7e7b20 WorkerThread "GC Thread#7"                     [id=7284, stack(0x000000a482700000,0x000000a482800000) (1024K)]
  0x000002887ef2d8e0 WorkerThread "GC Thread#8"                     [id=9412, stack(0x000000a482b00000,0x000000a482c00000) (1024K)]
  0x000002887eeefca0 WorkerThread "GC Thread#9"                     [id=19432, stack(0x000000a482c00000,0x000000a482d00000) (1024K)]
  0x000002887eeef560 WorkerThread "GC Thread#10"                    [id=16044, stack(0x000000a482d00000,0x000000a482e00000) (1024K)]
  0x000002887eef0780 WorkerThread "GC Thread#11"                    [id=20496, stack(0x000000a483100000,0x000000a483200000) (1024K)]
  0x000002887eef0b20 WorkerThread "GC Thread#12"                    [id=17492, stack(0x000000a483200000,0x000000a483300000) (1024K)]
Total: 15

Threads with active compile tasks:
C2 CompilerThread0  8518 4189       4       org.lombokweb.asm.ClassReader::readMethod (1070 bytes)
C2 CompilerThread1  8518 4499       4       java.util.Collections$UnmodifiableCollection::contains (11 bytes)
Total: 2

VM state: not at safepoint (normal execution)

VM Mutex/Monitor currently owned by a thread: None

Heap address: 0x0000000080000000, size: 2048 MB, Compressed Oops mode: 32-bit

CDS archive(s) mapped at: [0x0000028800000000-0x0000028800ba0000-0x0000028800ba0000), size 12189696, SharedBaseAddress: 0x0000028800000000, ArchiveRelocationMode: 1.
Compressed class space mapped at: 0x0000028801000000-0x0000028841000000, reserved size: 1073741824
Narrow klass base: 0x0000028800000000, Narrow klass shift: 0, Narrow klass range: 0x100000000

GC Precious Log:
 CardTable entry size: 512
 CPUs: 16 total, 16 available
 Memory: 14077M
 Large Page Support: Disabled
 NUMA Support: Disabled
 Compressed Oops: Enabled (32-bit)
 Alignments: Space 512K, Generation 512K, Heap 2M
 Heap Min Capacity: 100M
 Heap Initial Capacity: 100M
 Heap Max Capacity: 2G
 Pre-touch: Disabled
 Parallel Workers: 13

Heap:
 PSYoungGen      total 24064K, used 12283K [0x00000000d5580000, 0x00000000d7300000, 0x0000000100000000)
  eden space 22016K, 48% used [0x00000000d5580000,0x00000000d5fded00,0x00000000d6b00000)
  from space 2048K, 81% used [0x00000000d7100000,0x00000000d72a0000,0x00000000d7300000)
  to   space 2048K, 0% used [0x00000000d6f00000,0x00000000d6f00000,0x00000000d7100000)
 ParOldGen       total 68608K, used 19244K [0x0000000080000000, 0x0000000084300000, 0x00000000d5580000)
  object space 68608K, 28% used [0x0000000080000000,0x00000000812cb010,0x0000000084300000)
 Metaspace       used 37466K, committed 38528K, reserved 1114112K
  class space    used 3952K, committed 4416K, reserved 1048576K

Card table byte_map: [0x0000028860140000,0x0000028860550000] _byte_map_base: 0x000002885fd40000

Marking Bits: (ParMarkBitMap*) 0x00007ff91669a340
 Begin Bits: [0x0000028872c40000, 0x0000028874c40000)
 End Bits:   [0x0000028874c40000, 0x0000028876c40000)

Polling page: 0x000002885e5c0000

Metaspace:

Usage:
  Non-class:     32.73 MB used.
      Class:      3.86 MB used.
       Both:     36.59 MB used.

Virtual space:
  Non-class space:       64.00 MB reserved,      33.31 MB ( 52%) committed,  1 nodes.
      Class space:        1.00 GB reserved,       4.31 MB ( <1%) committed,  1 nodes.
             Both:        1.06 GB reserved,      37.62 MB (  3%) committed. 

Chunk freelists:
   Non-Class:  14.70 MB
       Class:  11.54 MB
        Both:  26.24 MB

MaxMetaspaceSize: unlimited
CompressedClassSpaceSize: 1.00 GB
Initial GC threshold: 21.00 MB
Current GC threshold: 58.38 MB
CDS: on
 - commit_granule_bytes: 65536.
 - commit_granule_words: 8192.
 - virtual_space_node_default_size: 8388608.
 - enlarge_chunks_in_place: 1.
 - use_allocation_guard: 0.


Internal statistics:

num_allocs_failed_limit: 8.
num_arena_births: 748.
num_arena_deaths: 14.
num_vsnodes_births: 2.
num_vsnodes_deaths: 0.
num_space_committed: 602.
num_space_uncommitted: 0.
num_chunks_returned_to_freelist: 22.
num_chunks_taken_from_freelist: 2418.
num_chunk_merges: 9.
num_chunk_splits: 1480.
num_chunks_enlarged: 829.
num_inconsistent_stats: 0.

CodeHeap 'non-profiled nmethods': size=119168Kb used=1738Kb max_used=2084Kb free=117429Kb
 bounds [0x000002886b530000, 0x000002886b7a0000, 0x0000028872990000]
CodeHeap 'profiled nmethods': size=119104Kb used=9344Kb max_used=10403Kb free=109760Kb
 bounds [0x0000028863990000, 0x00000288643c0000, 0x000002886ade0000]
CodeHeap 'non-nmethods': size=7488Kb used=3050Kb max_used=3102Kb free=4437Kb
 bounds [0x000002886ade0000, 0x000002886b0f0000, 0x000002886b530000]
CodeCache: size=245760Kb, used=14132Kb, max_used=15589Kb, free=231626Kb
 total_blobs=5185, nmethods=4526, adapters=562, full_count=0
Compilation: enabled, stopped_count=0, restarted_count=0

Compilation events (20 events):
Event: 7.482 Thread 0x00000288786422a0 5163       2       java.util.regex.Pattern::atom (422 bytes)
Event: 7.482 Thread 0x000002887efa3e60 4934       4       java.lang.AbstractStringBuilder::append (45 bytes)
Event: 7.483 Thread 0x00000288786422a0 nmethod 5163 0x0000028863d2d790 code [0x0000028863d2da20, 0x0000028863d2e320]
Event: 7.498 Thread 0x000002886085b400 5164       2       java.util.regex.Pattern$$Lambda/0x0000028801067ff0::is (5 bytes)
Event: 7.498 Thread 0x0000028878836840 5165       2       java.util.regex.Pattern::lambda$DOT$11 (34 bytes)
Event: 7.499 Thread 0x000002886085b400 nmethod 5164 0x0000028863bb3510 code [0x0000028863bb36a0, 0x0000028863bb37f0]
Event: 7.499 Thread 0x0000028878836840 nmethod 5165 0x0000028863bb3010 code [0x0000028863bb31a0, 0x0000028863bb32c8]
Event: 7.513 Thread 0x0000028878836840 5166       2       java.util.regex.Pattern$CharProperty::<init> (10 bytes)
Event: 7.513 Thread 0x0000028878836840 nmethod 5166 0x0000028863d66610 code [0x0000028863d667a0, 0x0000028863d668d8]
Event: 7.559 Thread 0x0000028878836840 5167       2       java.util.regex.Pattern$SliceNode::<init> (10 bytes)
Event: 7.559 Thread 0x00000288786422a0 5168       2       java.util.regex.Pattern$Slice::<init> (6 bytes)
Event: 7.560 Thread 0x00000288786422a0 nmethod 5168 0x0000028863d66290 code [0x0000028863d66420, 0x0000028863d66558]
Event: 7.560 Thread 0x0000028878836840 nmethod 5167 0x0000028863d65f10 code [0x0000028863d660a0, 0x0000028863d661d8]
Event: 7.575 Thread 0x0000028878637860 5170       2       java.util.regex.Pattern::newSlice (181 bytes)
Event: 7.575 Thread 0x0000028878836840 5169       3       java.util.regex.Pattern::append (43 bytes)
Event: 7.575 Thread 0x000002886085b400 5172       2       java.util.regex.Pattern$SliceNode::study (37 bytes)
Event: 7.575 Thread 0x00000288786422a0 5171       2       java.util.regex.Pattern$CharProperty::study (29 bytes)
Event: 7.576 Thread 0x00000288786422a0 nmethod 5171 0x0000028863d65b10 code [0x0000028863d65cc0, 0x0000028863d65e10]
Event: 7.576 Thread 0x00000288786422a0 5173       2       org.eclipse.core.internal.jobs.JobListeners::getJobListenerTimeout (4 bytes)
Event: 7.576 Thread 0x000002886085b400 nmethod 5172 0x0000028863d65610 code [0x0000028863d657c0, 0x0000028863d65918]

GC Heap History (20 events):
Event: 5.557 GC heap before
{Heap before GC invocations=7 (full 0):
 PSYoungGen      total 30720K, used 26787K [0x00000000d5580000, 0x00000000d7a80000, 0x0000000100000000)
  eden space 24576K, 85% used [0x00000000d5580000,0x00000000d6a1d2b0,0x00000000d6d80000)
  from space 6144K, 92% used [0x00000000d7480000,0x00000000d7a0ba18,0x00000000d7a80000)
  to   space 6144K, 0% used [0x00000000d6e80000,0x00000000d6e80000,0x00000000d7480000)
 ParOldGen       total 68608K, used 8434K [0x0000000080000000, 0x0000000084300000, 0x00000000d5580000)
  object space 68608K, 12% used [0x0000000080000000,0x000000008083ca28,0x0000000084300000)
 Metaspace       used 20734K, committed 21504K, reserved 1114112K
  class space    used 2185K, committed 2560K, reserved 1048576K
}
Event: 5.561 GC heap after
{Heap after GC invocations=7 (full 0):
 PSYoungGen      total 29696K, used 5118K [0x00000000d5580000, 0x00000000d7880000, 0x0000000100000000)
  eden space 24576K, 0% used [0x00000000d5580000,0x00000000d5580000,0x00000000d6d80000)
  from space 5120K, 99% used [0x00000000d6e80000,0x00000000d737fb18,0x00000000d7380000)
  to   space 5120K, 0% used [0x00000000d7380000,0x00000000d7380000,0x00000000d7880000)
 ParOldGen       total 68608K, used 9806K [0x0000000080000000, 0x0000000084300000, 0x00000000d5580000)
  object space 68608K, 14% used [0x0000000080000000,0x0000000080993ab0,0x0000000084300000)
 Metaspace       used 20734K, committed 21504K, reserved 1114112K
  class space    used 2185K, committed 2560K, reserved 1048576K
}
Event: 5.561 GC heap before
{Heap before GC invocations=8 (full 1):
 PSYoungGen      total 29696K, used 5118K [0x00000000d5580000, 0x00000000d7880000, 0x0000000100000000)
  eden space 24576K, 0% used [0x00000000d5580000,0x00000000d5580000,0x00000000d6d80000)
  from space 5120K, 99% used [0x00000000d6e80000,0x00000000d737fb18,0x00000000d7380000)
  to   space 5120K, 0% used [0x00000000d7380000,0x00000000d7380000,0x00000000d7880000)
 ParOldGen       total 68608K, used 9806K [0x0000000080000000, 0x0000000084300000, 0x00000000d5580000)
  object space 68608K, 14% used [0x0000000080000000,0x0000000080993ab0,0x0000000084300000)
 Metaspace       used 20734K, committed 21504K, reserved 1114112K
  class space    used 2185K, committed 2560K, reserved 1048576K
}
Event: 5.590 GC heap after
{Heap after GC invocations=8 (full 1):
 PSYoungGen      total 29696K, used 0K [0x00000000d5580000, 0x00000000d7880000, 0x0000000100000000)
  eden space 24576K, 0% used [0x00000000d5580000,0x00000000d5580000,0x00000000d6d80000)
  from space 5120K, 0% used [0x00000000d6e80000,0x00000000d6e80000,0x00000000d7380000)
  to   space 5120K, 0% used [0x00000000d7380000,0x00000000d7380000,0x00000000d7880000)
 ParOldGen       total 68608K, used 14321K [0x0000000080000000, 0x0000000084300000, 0x00000000d5580000)
  object space 68608K, 20% used [0x0000000080000000,0x0000000080dfc5d8,0x0000000084300000)
 Metaspace       used 20722K, committed 21504K, reserved 1114112K
  class space    used 2181K, committed 2560K, reserved 1048576K
}
Event: 5.755 GC heap before
{Heap before GC invocations=9 (full 1):
 PSYoungGen      total 29696K, used 24576K [0x00000000d5580000, 0x00000000d7880000, 0x0000000100000000)
  eden space 24576K, 100% used [0x00000000d5580000,0x00000000d6d80000,0x00000000d6d80000)
  from space 5120K, 0% used [0x00000000d6e80000,0x00000000d6e80000,0x00000000d7380000)
  to   space 5120K, 0% used [0x00000000d7380000,0x00000000d7380000,0x00000000d7880000)
 ParOldGen       total 68608K, used 14321K [0x0000000080000000, 0x0000000084300000, 0x00000000d5580000)
  object space 68608K, 20% used [0x0000000080000000,0x0000000080dfc5d8,0x0000000084300000)
 Metaspace       used 23246K, committed 24064K, reserved 1114112K
  class space    used 2347K, committed 2688K, reserved 1048576K
}
Event: 5.756 GC heap after
{Heap after GC invocations=9 (full 1):
 PSYoungGen      total 25088K, used 771K [0x00000000d5580000, 0x00000000d7480000, 0x0000000100000000)
  eden space 24064K, 0% used [0x00000000d5580000,0x00000000d5580000,0x00000000d6d00000)
  from space 1024K, 75% used [0x00000000d7380000,0x00000000d7440ff0,0x00000000d7480000)
  to   space 2560K, 0% used [0x00000000d6f80000,0x00000000d6f80000,0x00000000d7200000)
 ParOldGen       total 68608K, used 14329K [0x0000000080000000, 0x0000000084300000, 0x00000000d5580000)
  object space 68608K, 20% used [0x0000000080000000,0x0000000080dfe5d8,0x0000000084300000)
 Metaspace       used 23246K, committed 24064K, reserved 1114112K
  class space    used 2347K, committed 2688K, reserved 1048576K
}
Event: 6.917 GC heap before
{Heap before GC invocations=10 (full 1):
 PSYoungGen      total 25088K, used 24834K [0x00000000d5580000, 0x00000000d7480000, 0x0000000100000000)
  eden space 24064K, 99% used [0x00000000d5580000,0x00000000d6cffb50,0x00000000d6d00000)
  from space 1024K, 75% used [0x00000000d7380000,0x00000000d7440ff0,0x00000000d7480000)
  to   space 2560K, 0% used [0x00000000d6f80000,0x00000000d6f80000,0x00000000d7200000)
 ParOldGen       total 68608K, used 14329K [0x0000000080000000, 0x0000000084300000, 0x00000000d5580000)
  object space 68608K, 20% used [0x0000000080000000,0x0000000080dfe5d8,0x0000000084300000)
 Metaspace       used 26796K, committed 27648K, reserved 1114112K
  class space    used 2653K, committed 3008K, reserved 1048576K
}
Event: 6.918 GC heap after
{Heap after GC invocations=10 (full 1):
 PSYoungGen      total 26112K, used 1137K [0x00000000d5580000, 0x00000000d7400000, 0x0000000100000000)
  eden space 23552K, 0% used [0x00000000d5580000,0x00000000d5580000,0x00000000d6c80000)
  from space 2560K, 44% used [0x00000000d6f80000,0x00000000d709c440,0x00000000d7200000)
  to   space 1536K, 0% used [0x00000000d7280000,0x00000000d7280000,0x00000000d7400000)
 ParOldGen       total 68608K, used 14337K [0x0000000080000000, 0x0000000084300000, 0x00000000d5580000)
  object space 68608K, 20% used [0x0000000080000000,0x0000000080e005d8,0x0000000084300000)
 Metaspace       used 26796K, committed 27648K, reserved 1114112K
  class space    used 2653K, committed 3008K, reserved 1048576K
}
Event: 7.000 GC heap before
{Heap before GC invocations=11 (full 1):
 PSYoungGen      total 26112K, used 24689K [0x00000000d5580000, 0x00000000d7400000, 0x0000000100000000)
  eden space 23552K, 100% used [0x00000000d5580000,0x00000000d6c80000,0x00000000d6c80000)
  from space 2560K, 44% used [0x00000000d6f80000,0x00000000d709c440,0x00000000d7200000)
  to   space 1536K, 0% used [0x00000000d7280000,0x00000000d7280000,0x00000000d7400000)
 ParOldGen       total 68608K, used 14337K [0x0000000080000000, 0x0000000084300000, 0x00000000d5580000)
  object space 68608K, 20% used [0x0000000080000000,0x0000000080e005d8,0x0000000084300000)
 Metaspace       used 28265K, committed 29184K, reserved 1114112K
  class space    used 2806K, committed 3200K, reserved 1048576K
}
Event: 7.002 GC heap after
{Heap after GC invocations=11 (full 1):
 PSYoungGen      total 24576K, used 1284K [0x00000000d5580000, 0x00000000d7400000, 0x0000000100000000)
  eden space 23040K, 0% used [0x00000000d5580000,0x00000000d5580000,0x00000000d6c00000)
  from space 1536K, 83% used [0x00000000d7280000,0x00000000d73c1380,0x00000000d7400000)
  to   space 1536K, 0% used [0x00000000d7100000,0x00000000d7100000,0x00000000d7280000)
 ParOldGen       total 68608K, used 16431K [0x0000000080000000, 0x0000000084300000, 0x00000000d5580000)
  object space 68608K, 23% used [0x0000000080000000,0x000000008100bf40,0x0000000084300000)
 Metaspace       used 28265K, committed 29184K, reserved 1114112K
  class space    used 2806K, committed 3200K, reserved 1048576K
}
Event: 7.158 GC heap before
{Heap before GC invocations=12 (full 1):
 PSYoungGen      total 24576K, used 24324K [0x00000000d5580000, 0x00000000d7400000, 0x0000000100000000)
  eden space 23040K, 100% used [0x00000000d5580000,0x00000000d6c00000,0x00000000d6c00000)
  from space 1536K, 83% used [0x00000000d7280000,0x00000000d73c1380,0x00000000d7400000)
  to   space 1536K, 0% used [0x00000000d7100000,0x00000000d7100000,0x00000000d7280000)
 ParOldGen       total 68608K, used 16431K [0x0000000080000000, 0x0000000084300000, 0x00000000d5580000)
  object space 68608K, 23% used [0x0000000080000000,0x000000008100bf40,0x0000000084300000)
 Metaspace       used 31207K, committed 32192K, reserved 1114112K
  class space    used 3163K, committed 3584K, reserved 1048576K
}
Event: 7.160 GC heap after
{Heap after GC invocations=12 (full 1):
 PSYoungGen      total 24064K, used 1489K [0x00000000d5580000, 0x00000000d7300000, 0x0000000100000000)
  eden space 22528K, 0% used [0x00000000d5580000,0x00000000d5580000,0x00000000d6b80000)
  from space 1536K, 96% used [0x00000000d7100000,0x00000000d72746e8,0x00000000d7280000)
  to   space 512K, 0% used [0x00000000d7280000,0x00000000d7280000,0x00000000d7300000)
 ParOldGen       total 68608K, used 17087K [0x0000000080000000, 0x0000000084300000, 0x00000000d5580000)
  object space 68608K, 24% used [0x0000000080000000,0x00000000810afff8,0x0000000084300000)
 Metaspace       used 31207K, committed 32192K, reserved 1114112K
  class space    used 3163K, committed 3584K, reserved 1048576K
}
Event: 7.289 GC heap before
{Heap before GC invocations=13 (full 1):
 PSYoungGen      total 24064K, used 24017K [0x00000000d5580000, 0x00000000d7300000, 0x0000000100000000)
  eden space 22528K, 100% used [0x00000000d5580000,0x00000000d6b80000,0x00000000d6b80000)
  from space 1536K, 96% used [0x00000000d7100000,0x00000000d72746e8,0x00000000d7280000)
  to   space 512K, 0% used [0x00000000d7280000,0x00000000d7280000,0x00000000d7300000)
 ParOldGen       total 68608K, used 17087K [0x0000000080000000, 0x0000000084300000, 0x00000000d5580000)
  object space 68608K, 24% used [0x0000000080000000,0x00000000810afff8,0x0000000084300000)
 Metaspace       used 33317K, committed 34304K, reserved 1114112K
  class space    used 3431K, committed 3840K, reserved 1048576K
}
Event: 7.290 GC heap after
{Heap after GC invocations=13 (full 1):
 PSYoungGen      total 22528K, used 512K [0x00000000d5580000, 0x00000000d7300000, 0x0000000100000000)
  eden space 22016K, 0% used [0x00000000d5580000,0x00000000d5580000,0x00000000d6b00000)
  from space 512K, 100% used [0x00000000d7280000,0x00000000d7300000,0x00000000d7300000)
  to   space 2560K, 0% used [0x00000000d6e00000,0x00000000d6e00000,0x00000000d7080000)
 ParOldGen       total 68608K, used 18587K [0x0000000080000000, 0x0000000084300000, 0x00000000d5580000)
  object space 68608K, 27% used [0x0000000080000000,0x0000000081226cd8,0x0000000084300000)
 Metaspace       used 33317K, committed 34304K, reserved 1114112K
  class space    used 3431K, committed 3840K, reserved 1048576K
}
Event: 7.337 GC heap before
{Heap before GC invocations=14 (full 1):
 PSYoungGen      total 22528K, used 16519K [0x00000000d5580000, 0x00000000d7300000, 0x0000000100000000)
  eden space 22016K, 72% used [0x00000000d5580000,0x00000000d6521dc0,0x00000000d6b00000)
  from space 512K, 100% used [0x00000000d7280000,0x00000000d7300000,0x00000000d7300000)
  to   space 2560K, 0% used [0x00000000d6e00000,0x00000000d6e00000,0x00000000d7080000)
 ParOldGen       total 68608K, used 18587K [0x0000000080000000, 0x0000000084300000, 0x00000000d5580000)
  object space 68608K, 27% used [0x0000000080000000,0x0000000081226cd8,0x0000000084300000)
 Metaspace       used 34855K, committed 35840K, reserved 1114112K
  class space    used 3604K, committed 4032K, reserved 1048576K
}
Event: 7.338 GC heap after
{Heap after GC invocations=14 (full 1):
 PSYoungGen      total 24576K, used 1425K [0x00000000d5580000, 0x00000000d7300000, 0x0000000100000000)
  eden space 22016K, 0% used [0x00000000d5580000,0x00000000d5580000,0x00000000d6b00000)
  from space 2560K, 55% used [0x00000000d6e00000,0x00000000d6f647a8,0x00000000d7080000)
  to   space 2048K, 0% used [0x00000000d7100000,0x00000000d7100000,0x00000000d7300000)
 ParOldGen       total 68608K, used 19066K [0x0000000080000000, 0x0000000084300000, 0x00000000d5580000)
  object space 68608K, 27% used [0x0000000080000000,0x000000008129ea50,0x0000000084300000)
 Metaspace       used 34855K, committed 35840K, reserved 1114112K
  class space    used 3604K, committed 4032K, reserved 1048576K
}
Event: 7.338 GC heap before
{Heap before GC invocations=15 (full 2):
 PSYoungGen      total 24576K, used 1425K [0x00000000d5580000, 0x00000000d7300000, 0x0000000100000000)
  eden space 22016K, 0% used [0x00000000d5580000,0x00000000d5580000,0x00000000d6b00000)
  from space 2560K, 55% used [0x00000000d6e00000,0x00000000d6f647a8,0x00000000d7080000)
  to   space 2048K, 0% used [0x00000000d7100000,0x00000000d7100000,0x00000000d7300000)
 ParOldGen       total 68608K, used 19066K [0x0000000080000000, 0x0000000084300000, 0x00000000d5580000)
  object space 68608K, 27% used [0x0000000080000000,0x000000008129ea50,0x0000000084300000)
 Metaspace       used 34855K, committed 35840K, reserved 1114112K
  class space    used 3604K, committed 4032K, reserved 1048576K
}
Event: 7.365 GC heap after
{Heap after GC invocations=15 (full 2):
 PSYoungGen      total 24576K, used 0K [0x00000000d5580000, 0x00000000d7300000, 0x0000000100000000)
  eden space 22016K, 0% used [0x00000000d5580000,0x00000000d5580000,0x00000000d6b00000)
  from space 2560K, 0% used [0x00000000d6e00000,0x00000000d6e00000,0x00000000d7080000)
  to   space 2048K, 0% used [0x00000000d7100000,0x00000000d7100000,0x00000000d7300000)
 ParOldGen       total 68608K, used 19236K [0x0000000080000000, 0x0000000084300000, 0x00000000d5580000)
  object space 68608K, 28% used [0x0000000080000000,0x00000000812c9010,0x0000000084300000)
 Metaspace       used 34855K, committed 35840K, reserved 1114112K
  class space    used 3604K, committed 4032K, reserved 1048576K
}
Event: 7.417 GC heap before
{Heap before GC invocations=16 (full 2):
 PSYoungGen      total 24576K, used 22016K [0x00000000d5580000, 0x00000000d7300000, 0x0000000100000000)
  eden space 22016K, 100% used [0x00000000d5580000,0x00000000d6b00000,0x00000000d6b00000)
  from space 2560K, 0% used [0x00000000d6e00000,0x00000000d6e00000,0x00000000d7080000)
  to   space 2048K, 0% used [0x00000000d7100000,0x00000000d7100000,0x00000000d7300000)
 ParOldGen       total 68608K, used 19236K [0x0000000080000000, 0x0000000084300000, 0x00000000d5580000)
  object space 68608K, 28% used [0x0000000080000000,0x00000000812c9010,0x0000000084300000)
 Metaspace       used 36273K, committed 37312K, reserved 1114112K
  class space    used 3791K, committed 4224K, reserved 1048576K
}
Event: 7.418 GC heap after
{Heap after GC invocations=16 (full 2):
 PSYoungGen      total 24064K, used 1664K [0x00000000d5580000, 0x00000000d7300000, 0x0000000100000000)
  eden space 22016K, 0% used [0x00000000d5580000,0x00000000d5580000,0x00000000d6b00000)
  from space 2048K, 81% used [0x00000000d7100000,0x00000000d72a0000,0x00000000d7300000)
  to   space 2048K, 0% used [0x00000000d6f00000,0x00000000d6f00000,0x00000000d7100000)
 ParOldGen       total 68608K, used 19244K [0x0000000080000000, 0x0000000084300000, 0x00000000d5580000)
  object space 68608K, 28% used [0x0000000080000000,0x00000000812cb010,0x0000000084300000)
 Metaspace       used 36273K, committed 37312K, reserved 1114112K
  class space    used 3791K, committed 4224K, reserved 1048576K
}

Dll operation events (10 events):
Event: 0.009 Loaded shared library c:\Users\Haqii\.vscode\extensions\redhat.java-1.47.0-win32-x64\jre\21.0.8-win32-x86_64\bin\java.dll
Event: 0.065 Loaded shared library c:\Users\Haqii\.vscode\extensions\redhat.java-1.47.0-win32-x64\jre\21.0.8-win32-x86_64\bin\zip.dll
Event: 0.082 Loaded shared library C:\Users\Haqii\.vscode\extensions\redhat.java-1.47.0-win32-x64\jre\21.0.8-win32-x86_64\bin\instrument.dll
Event: 0.086 Loaded shared library C:\Users\Haqii\.vscode\extensions\redhat.java-1.47.0-win32-x64\jre\21.0.8-win32-x86_64\bin\net.dll
Event: 0.088 Loaded shared library C:\Users\Haqii\.vscode\extensions\redhat.java-1.47.0-win32-x64\jre\21.0.8-win32-x86_64\bin\nio.dll
Event: 0.091 Loaded shared library C:\Users\Haqii\.vscode\extensions\redhat.java-1.47.0-win32-x64\jre\21.0.8-win32-x86_64\bin\zip.dll
Event: 0.105 Loaded shared library C:\Users\Haqii\.vscode\extensions\redhat.java-1.47.0-win32-x64\jre\21.0.8-win32-x86_64\bin\jimage.dll
Event: 0.161 Loaded shared library c:\Users\Haqii\.vscode\extensions\redhat.java-1.47.0-win32-x64\jre\21.0.8-win32-x86_64\bin\verify.dll
Event: 0.994 Loaded shared library C:\Users\Haqii\AppData\Roaming\Code\User\globalStorage\redhat.java\1.47.0\config_win\org.eclipse.equinox.launcher\org.eclipse.equinox.launcher.win32.win32.x86_64_1.2.1400.v20250801-0854\eclipse_11916.dll
Event: 4.015 Loaded shared library C:\Users\Haqii\AppData\Local\Temp\jna-69495192\jna705231932168084057.dll

Deoptimization events (20 events):
Event: 7.294 Thread 0x000002887e7f8090 DEOPT PACKING pc=0x000002886b70e790 sp=0x000000a482afe2c0
Event: 7.294 Thread 0x000002887ee4c3d0 DEOPT PACKING pc=0x000002886b70e790 sp=0x000000a4836fe600
Event: 7.294 Thread 0x000002887e7f8090 DEOPT UNPACKING pc=0x000002886ae33aa2 sp=0x000000a482afe238 mode 2
Event: 7.294 Thread 0x000002887ee4c3d0 DEOPT UNPACKING pc=0x000002886ae33aa2 sp=0x000000a4836fe578 mode 2
Event: 7.371 Thread 0x000002887ee4c3d0 DEOPT PACKING pc=0x00000288639f14b1 sp=0x000000a4836fdba0
Event: 7.371 Thread 0x000002887ee4c3d0 DEOPT UNPACKING pc=0x000002886ae34242 sp=0x000000a4836fd088 mode 0
Event: 7.376 Thread 0x000002887ee4c3d0 DEOPT PACKING pc=0x00000288639f04ee sp=0x000000a4836fdb30
Event: 7.376 Thread 0x000002887ee4c3d0 DEOPT UNPACKING pc=0x000002886ae34242 sp=0x000000a4836fd018 mode 0
Event: 7.390 Thread 0x000002886079e340 Uncommon trap: trap_request=0xffffff45 fr.pc=0x000002886b5cadac relative=0x00000000000015cc
Event: 7.390 Thread 0x000002886079e340 Uncommon trap: reason=unstable_if action=reinterpret pc=0x000002886b5cadac method=jdk.internal.jimage.ImageLocation.verifyName(Ljava/lang/String;Ljava/lang/String;IIIIIILjdk/internal/jimage/ImageStrings;)Z @ 2 c2
Event: 7.390 Thread 0x000002886079e340 DEOPT PACKING pc=0x000002886b5cadac sp=0x000000a480ef8a00
Event: 7.390 Thread 0x000002886079e340 DEOPT UNPACKING pc=0x000002886ae33aa2 sp=0x000000a480ef88d8 mode 2
Event: 7.395 Thread 0x0000028843681f00 Uncommon trap: trap_request=0xffffff45 fr.pc=0x000002886b6254b8 relative=0x0000000000000558
Event: 7.395 Thread 0x0000028843681f00 Uncommon trap: reason=unstable_if action=reinterpret pc=0x000002886b6254b8 method=java.util.Properties$LineReader.readLine()I @ 318 c2
Event: 7.395 Thread 0x0000028843681f00 DEOPT PACKING pc=0x000002886b6254b8 sp=0x000000a483bfee40
Event: 7.395 Thread 0x0000028843681f00 DEOPT UNPACKING pc=0x000002886ae33aa2 sp=0x000000a483bfede8 mode 2
Event: 7.406 Thread 0x000002887ee4ca60 DEOPT PACKING pc=0x0000028863b70acb sp=0x000000a4837feda0
Event: 7.406 Thread 0x000002887ee4ca60 DEOPT UNPACKING pc=0x000002886ae34242 sp=0x000000a4837fe298 mode 0
Event: 7.407 Thread 0x000002887ee4ca60 DEOPT PACKING pc=0x0000028863b70acb sp=0x000000a4837feda0
Event: 7.407 Thread 0x000002887ee4ca60 DEOPT UNPACKING pc=0x000002886ae34242 sp=0x000000a4837fe298 mode 0

Classes loaded (20 events):
Event: 7.424 Loading class sun/nio/ch/PendingIoCache
Event: 7.424 Loading class sun/nio/ch/PendingIoCache done
Event: 7.439 Loading class jdk/internal/event/ThreadSleepEvent
Event: 7.439 Loading class jdk/internal/event/ThreadSleepEvent done
Event: 7.440 Loading class java/lang/reflect/Executable$ParameterData
Event: 7.441 Loading class java/lang/reflect/Executable$ParameterData done
Event: 7.441 Loading class sun/reflect/generics/scope/ConstructorScope
Event: 7.441 Loading class sun/reflect/generics/scope/ConstructorScope done
Event: 7.441 Loading class sun/reflect/generics/repository/ConstructorRepository
Event: 7.441 Loading class sun/reflect/generics/repository/ConstructorRepository done
Event: 7.441 Loading class sun/reflect/generics/tree/VoidDescriptor
Event: 7.441 Loading class sun/reflect/generics/tree/VoidDescriptor done
Event: 7.441 Loading class sun/reflect/generics/tree/MethodTypeSignature
Event: 7.441 Loading class sun/reflect/generics/tree/MethodTypeSignature done
Event: 7.461 Loading class java/util/concurrent/CompletableFuture
Event: 7.462 Loading class java/util/concurrent/CompletableFuture done
Event: 7.469 Loading class sun/reflect/generics/scope/MethodScope
Event: 7.469 Loading class sun/reflect/generics/scope/MethodScope done
Event: 7.469 Loading class sun/reflect/generics/repository/MethodRepository
Event: 7.469 Loading class sun/reflect/generics/repository/MethodRepository done

Classes unloaded (7 events):
Event: 5.565 Thread 0x0000028860734060 Unloading class 0x00000288011aec00 'java/lang/invoke/LambdaForm$MH+0x00000288011aec00'
Event: 5.565 Thread 0x0000028860734060 Unloading class 0x00000288011ae800 'java/lang/invoke/LambdaForm$MH+0x00000288011ae800'
Event: 5.565 Thread 0x0000028860734060 Unloading class 0x00000288011ae400 'java/lang/invoke/LambdaForm$MH+0x00000288011ae400'
Event: 5.565 Thread 0x0000028860734060 Unloading class 0x00000288011ae000 'java/lang/invoke/LambdaForm$MH+0x00000288011ae000'
Event: 5.565 Thread 0x0000028860734060 Unloading class 0x00000288011adc00 'java/lang/invoke/LambdaForm$BMH+0x00000288011adc00'
Event: 5.565 Thread 0x0000028860734060 Unloading class 0x00000288011ad800 'java/lang/invoke/LambdaForm$DMH+0x00000288011ad800'
Event: 5.565 Thread 0x0000028860734060 Unloading class 0x00000288011ac400 'java/lang/invoke/LambdaForm$DMH+0x00000288011ac400'

Classes redefined (0 events):
No events

Internal exceptions (20 events):
Event: 6.884 Thread 0x000002887ee4b020 Exception <a 'java/lang/NoSuchMethodError'{0x00000000d6836bc0}: 'java.lang.Object java.lang.invoke.DirectMethodHandle$Holder.invokeStatic(java.lang.Object, int, java.lang.Object, java.lang.Object)'> (0x00000000d6836bc0) 
thrown [s\src\hotspot\share\interpreter\linkResolver.cpp, line 773]
Event: 6.884 Thread 0x000002887ee4b020 Exception <a 'java/lang/NoSuchMethodError'{0x00000000d6845988}: 'java.lang.Object java.lang.invoke.DelegatingMethodHandle$Holder.delegate(java.lang.Object, int, java.lang.Object, java.lang.Object)'> (0x00000000d6845988) 
thrown [s\src\hotspot\share\interpreter\linkResolver.cpp, line 773]
Event: 6.886 Thread 0x000002887ee4b020 Exception <a 'java/lang/NoSuchMethodError'{0x00000000d6859e98}: 'int java.lang.invoke.Invokers$Holder.linkToTargetMethod(java.lang.Object, java.lang.Object, java.lang.Object)'> (0x00000000d6859e98) 
thrown [s\src\hotspot\share\interpreter\linkResolver.cpp, line 773]
Event: 6.909 Thread 0x000002887ee4a300 Exception <a 'java/lang/NoSuchMethodError'{0x00000000d6c0b510}: 'java.lang.Object java.lang.invoke.DirectMethodHandle$Holder.invokeSpecialIFC(java.lang.Object, java.lang.Object, java.lang.Object, java.lang.Object)'> (0x00000000d6c0b510) 
thrown [s\src\hotspot\share\interpreter\linkResolver.cpp, line 773]
Event: 6.954 Thread 0x000002887e7f8090 Exception <a 'java/lang/NoSuchMethodError'{0x00000000d64f8150}: 'java.lang.Object java.lang.invoke.DirectMethodHandle$Holder.newInvokeSpecial(java.lang.Object, int, java.lang.Object, java.lang.Object)'> (0x00000000d64f8150) 
thrown [s\src\hotspot\share\interpreter\linkResolver.cpp, line 773]
Event: 7.074 Thread 0x000002887e7f8090 Exception <a 'java/lang/ClassNotFoundException'{0x00000000d5f4d688}: com/sun/org/apache/xerces/internal/impl/msg/spi/DOMMessagesProvider> (0x00000000d5f4d688) 
thrown [s\src\hotspot\share\classfile\systemDictionary.cpp, line 312]
Event: 7.075 Thread 0x000002887e7f8090 Exception <a 'java/lang/ClassNotFoundException'{0x00000000d5f5eda0}: com/sun/org/apache/xerces/internal/impl/msg/spi/XMLSerializerMessagesProvider> (0x00000000d5f5eda0) 
thrown [s\src\hotspot\share\classfile\systemDictionary.cpp, line 312]
Event: 7.076 Thread 0x000002887e7f8090 Exception <a 'java/lang/ClassNotFoundException'{0x00000000d5f6c070}: com/sun/org/apache/xerces/internal/impl/msg/spi/XMLMessagesProvider> (0x00000000d5f6c070) 
thrown [s\src\hotspot\share\classfile\systemDictionary.cpp, line 312]
Event: 7.140 Thread 0x000002887ee4a300 Exception <a 'java/lang/NoClassDefFoundError'{0x00000000d68ccd78}: javax/enterprise/inject/Typed> (0x00000000d68ccd78) 
thrown [s\src\hotspot\share\classfile\systemDictionary.cpp, line 301]
Event: 7.180 Thread 0x000002887e7f8090 Exception <a 'java/lang/ClassNotFoundException'{0x00000000d591c188}: com/sun/org/apache/xml/internal/serializer/spi/XMLEntitiesProvider> (0x00000000d591c188) 
thrown [s\src\hotspot\share\classfile\systemDictionary.cpp, line 312]
Event: 7.249 Thread 0x000002887e7f8090 Exception <a 'java/io/FileNotFoundException'{0x00000000d64cf968}> (0x00000000d64cf968) 
thrown [s\src\hotspot\share\prims\jni.cpp, line 520]
Event: 7.267 Thread 0x000002887e7f8090 Exception <a 'java/lang/UnsatisfiedLinkError'{0x00000000d6781c28}: The specified procedure could not be found.
> (0x00000000d6781c28) 
thrown [s\src\hotspot\share\prims\jni.cpp, line 539]
Event: 7.270 Thread 0x000002887e7f8090 Exception <a 'java/io/FileNotFoundException'{0x00000000d6833820}> (0x00000000d6833820) 
thrown [s\src\hotspot\share\prims\jni.cpp, line 520]
Event: 7.278 Thread 0x000002887e7f8090 Exception <a 'java/io/FileNotFoundException'{0x00000000d69bbd48}> (0x00000000d69bbd48) 
thrown [s\src\hotspot\share\prims\jni.cpp, line 520]
Event: 7.282 Thread 0x000002887e7f8090 Exception <a 'java/lang/UnsatisfiedLinkError'{0x00000000d6a2b940}: The specified procedure could not be found.
> (0x00000000d6a2b940) 
thrown [s\src\hotspot\share\prims\jni.cpp, line 539]
Event: 7.321 Thread 0x000002887ee4ca60 Exception <a 'java/lang/NoSuchMethodError'{0x00000000d5e24fe0}: 'void java.lang.invoke.DirectMethodHandle$Holder.invokeStaticInit(java.lang.Object, java.lang.Object, java.lang.Object, java.lang.Object)'> (0x00000000d5e24fe0) 
thrown [s\src\hotspot\share\interpreter\linkResolver.cpp, line 773]
Event: 7.408 Thread 0x000002886079e340 Exception <a 'java/lang/NoSuchMethodError'{0x00000000d68cb850}: 'java.lang.Object java.lang.invoke.DirectMethodHandle$Holder.invokeStatic(java.lang.Object, long, java.lang.Object)'> (0x00000000d68cb850) 
thrown [s\src\hotspot\share\interpreter\linkResolver.cpp, line 773]
Event: 7.409 Thread 0x000002886079e340 Exception <a 'java/lang/NoSuchMethodError'{0x00000000d68ceeb8}: 'java.lang.Object java.lang.invoke.DirectMethodHandle$Holder.invokeStaticInit(java.lang.Object, long, java.lang.Object)'> (0x00000000d68ceeb8) 
thrown [s\src\hotspot\share\interpreter\linkResolver.cpp, line 773]
Event: 7.409 Thread 0x000002886079e340 Exception <a 'java/lang/NoSuchMethodError'{0x00000000d6929538}: 'java.lang.Object java.lang.invoke.DirectMethodHandle$Holder.newInvokeSpecial(java.lang.Object, long)'> (0x00000000d6929538) 
thrown [s\src\hotspot\share\interpreter\linkResolver.cpp, line 773]
Event: 7.421 Thread 0x000002887ee4c3d0 Exception <a 'java/io/FileNotFoundException'{0x00000000d55fc0e8}> (0x00000000d55fc0e8) 
thrown [s\src\hotspot\share\prims\jni.cpp, line 520]

ZGC Phase Switch (0 events):
No events

VM Operations (20 events):
Event: 7.103 Executing VM operation: HandshakeAllThreads (Deoptimize) done
Event: 7.133 Executing VM operation: HandshakeAllThreads (Deoptimize)
Event: 7.133 Executing VM operation: HandshakeAllThreads (Deoptimize) done
Event: 7.158 Executing VM operation: ParallelGCFailedAllocation (Allocation Failure)
Event: 7.160 Executing VM operation: ParallelGCFailedAllocation (Allocation Failure) done
Event: 7.201 Executing VM operation: HandshakeAllThreads (Deoptimize)
Event: 7.201 Executing VM operation: HandshakeAllThreads (Deoptimize) done
Event: 7.261 Executing VM operation: HandshakeAllThreads (Deoptimize)
Event: 7.262 Executing VM operation: HandshakeAllThreads (Deoptimize) done
Event: 7.288 Executing VM operation: ParallelGCFailedAllocation (Allocation Failure)
Event: 7.290 Executing VM operation: ParallelGCFailedAllocation (Allocation Failure) done
Event: 7.337 Executing VM operation: CollectForMetadataAllocation (Metadata GC Threshold)
Event: 7.365 Executing VM operation: CollectForMetadataAllocation (Metadata GC Threshold) done
Event: 7.365 Executing VM operation: CollectForMetadataAllocation (Metadata GC Threshold)
Event: 7.366 Executing VM operation: CollectForMetadataAllocation (Metadata GC Threshold) done
Event: 7.417 Executing VM operation: ParallelGCFailedAllocation (Allocation Failure)
Event: 7.418 Executing VM operation: ParallelGCFailedAllocation (Allocation Failure) done
Event: 7.456 Executing VM operation: HandshakeAllThreads (Deoptimize)
Event: 7.456 Executing VM operation: HandshakeAllThreads (Deoptimize) done
Event: 8.456 Executing VM operation: Cleanup

Memory protections (0 events):
No events

Nmethod flushes (20 events):
Event: 7.354 Thread 0x0000028860734060 flushing  nmethod 0x0000028864073090
Event: 7.354 Thread 0x0000028860734060 flushing  nmethod 0x0000028864073990
Event: 7.354 Thread 0x0000028860734060 flushing  nmethod 0x0000028864074190
Event: 7.354 Thread 0x0000028860734060 flushing  nmethod 0x0000028864075910
Event: 7.354 Thread 0x0000028860734060 flushing  nmethod 0x0000028864076090
Event: 7.354 Thread 0x0000028860734060 flushing  nmethod 0x0000028864077610
Event: 7.354 Thread 0x0000028860734060 flushing  nmethod 0x0000028864077b10
Event: 7.354 Thread 0x0000028860734060 flushing  nmethod 0x0000028864078410
Event: 7.354 Thread 0x0000028860734060 flushing  nmethod 0x0000028864078c90
Event: 7.354 Thread 0x0000028860734060 flushing  nmethod 0x0000028864079810
Event: 7.354 Thread 0x0000028860734060 flushing  nmethod 0x000002886407b290
Event: 7.354 Thread 0x0000028860734060 flushing  nmethod 0x000002886407bc10
Event: 7.354 Thread 0x0000028860734060 flushing  nmethod 0x000002886407cd10
Event: 7.354 Thread 0x0000028860734060 flushing  nmethod 0x00000288640db090
Event: 7.354 Thread 0x0000028860734060 flushing  nmethod 0x00000288640e1790
Event: 7.354 Thread 0x0000028860734060 flushing  nmethod 0x00000288640ebb90
Event: 7.354 Thread 0x0000028860734060 flushing  nmethod 0x00000288640f1690
Event: 7.354 Thread 0x0000028860734060 flushing  nmethod 0x0000028864140810
Event: 7.354 Thread 0x0000028860734060 flushing  nmethod 0x000002886416e190
Event: 7.354 Thread 0x0000028860734060 flushing  nmethod 0x000002886418a490

Events (20 events):
Event: 7.306 Thread 0x000002887ee4ca60 Thread added: 0x0000028843681f00
Event: 7.392 Thread 0x0000028843681f00 Thread added: 0x0000028843685380
Event: 7.422 Thread 0x000002886079e340 Thread added: 0x0000028843682590
Event: 7.422 Thread 0x000002886079e340 Thread added: 0x0000028843685a10
Event: 7.422 Thread 0x000002886079e340 Thread added: 0x0000028843682c20
Event: 7.422 Thread 0x000002886079e340 Thread added: 0x0000028843684660
Event: 7.422 Thread 0x000002886079e340 Thread added: 0x00000288436860a0
Event: 7.423 Thread 0x000002886079e340 Thread added: 0x0000028843686730
Event: 7.423 Thread 0x000002886079e340 Thread added: 0x0000028843684cf0
Event: 7.423 Thread 0x000002886079e340 Thread added: 0x00000288436832b0
Event: 7.423 Thread 0x000002886079e340 Thread added: 0x0000028843686dc0
Event: 7.423 Thread 0x000002886079e340 Thread added: 0x0000028843683fd0
Event: 7.423 Thread 0x000002886079e340 Thread added: 0x0000028843683940
Event: 7.423 Thread 0x000002886079e340 Thread added: 0x0000028843689520
Event: 7.423 Thread 0x000002886079e340 Thread added: 0x0000028843687450
Event: 7.423 Thread 0x000002886079e340 Thread added: 0x0000028843688800
Event: 7.423 Thread 0x000002886079e340 Thread added: 0x0000028843687ae0
Event: 7.424 Thread 0x000002886079e340 Thread added: 0x0000028843688170
Event: 7.424 Thread 0x000002886079e340 Thread added: 0x0000028843688e90
Event: 7.455 Thread 0x000002886079e340 Thread added: 0x000002887e10c270


Dynamic libraries:
0x00007ff6dc750000 - 0x00007ff6dc75e000 	c:\Users\Haqii\.vscode\extensions\redhat.java-1.47.0-win32-x64\jre\21.0.8-win32-x86_64\bin\java.exe
0x00007ff9d3ac0000 - 0x00007ff9d3d28000 	C:\WINDOWS\SYSTEM32\ntdll.dll
0x00007ff9d3310000 - 0x00007ff9d33d9000 	C:\WINDOWS\System32\KERNEL32.DLL
0x00007ff9d0f10000 - 0x00007ff9d1302000 	C:\WINDOWS\System32\KERNELBASE.dll
0x00007ff9d0dc0000 - 0x00007ff9d0f0b000 	C:\WINDOWS\System32\ucrtbase.dll
0x00007ff9b94f0000 - 0x00007ff9b9508000 	c:\Users\Haqii\.vscode\extensions\redhat.java-1.47.0-win32-x64\jre\21.0.8-win32-x86_64\bin\jli.dll
0x00007ff9b8510000 - 0x00007ff9b852e000 	c:\Users\Haqii\.vscode\extensions\redhat.java-1.47.0-win32-x64\jre\21.0.8-win32-x86_64\bin\VCRUNTIME140.dll
0x00007ff9d35e0000 - 0x00007ff9d37a5000 	C:\WINDOWS\System32\USER32.dll
0x00007ff9d13b0000 - 0x00007ff9d13d7000 	C:\WINDOWS\System32\win32u.dll
0x00007ff9c0a70000 - 0x00007ff9c0d03000 	C:\WINDOWS\WinSxS\amd64_microsoft.windows.common-controls_6595b64144ccf1df_6.0.26100.6899_none_3e0efeeae32e88c1\COMCTL32.dll
0x00007ff9d34a0000 - 0x00007ff9d34cb000 	C:\WINDOWS\System32\GDI32.dll
0x00007ff9d37b0000 - 0x00007ff9d3859000 	C:\WINDOWS\System32\msvcrt.dll
0x00007ff9d1490000 - 0x00007ff9d15bd000 	C:\WINDOWS\System32\gdi32full.dll
0x00007ff9d13e0000 - 0x00007ff9d1483000 	C:\WINDOWS\System32\msvcp_win.dll
0x00007ff9d3170000 - 0x00007ff9d319f000 	C:\WINDOWS\System32\IMM32.DLL
0x00007ff9bc660000 - 0x00007ff9bc66c000 	c:\Users\Haqii\.vscode\extensions\redhat.java-1.47.0-win32-x64\jre\21.0.8-win32-x86_64\bin\vcruntime140_1.dll
0x00007ff98ce90000 - 0x00007ff98cf1d000 	c:\Users\Haqii\.vscode\extensions\redhat.java-1.47.0-win32-x64\jre\21.0.8-win32-x86_64\bin\msvcp140.dll
0x00007ff9159e0000 - 0x00007ff916777000 	c:\Users\Haqii\.vscode\extensions\redhat.java-1.47.0-win32-x64\jre\21.0.8-win32-x86_64\bin\server\jvm.dll
0x00007ff9d29c0000 - 0x00007ff9d2a74000 	C:\WINDOWS\System32\ADVAPI32.dll
0x00007ff9d2800000 - 0x00007ff9d28a6000 	C:\WINDOWS\System32\sechost.dll
0x00007ff9d1890000 - 0x00007ff9d19a8000 	C:\WINDOWS\System32\RPCRT4.dll
0x00007ff9d2940000 - 0x00007ff9d29b4000 	C:\WINDOWS\System32\WS2_32.dll
0x00007ff9d0ad0000 - 0x00007ff9d0b2e000 	C:\WINDOWS\SYSTEM32\POWRPROF.dll
0x00007ff9c50e0000 - 0x00007ff9c5115000 	C:\WINDOWS\SYSTEM32\WINMM.dll
0x00007ff9ca0f0000 - 0x00007ff9ca0fb000 	C:\WINDOWS\SYSTEM32\VERSION.dll
0x00007ff9d0ab0000 - 0x00007ff9d0ac4000 	C:\WINDOWS\SYSTEM32\UMPDC.dll
0x00007ff9cfa20000 - 0x00007ff9cfa3b000 	C:\WINDOWS\SYSTEM32\kernel.appcore.dll
0x00007ff9bb650000 - 0x00007ff9bb65a000 	c:\Users\Haqii\.vscode\extensions\redhat.java-1.47.0-win32-x64\jre\21.0.8-win32-x86_64\bin\jimage.dll
0x00007ff9ce050000 - 0x00007ff9ce292000 	C:\WINDOWS\SYSTEM32\DBGHELP.DLL
0x00007ff9d1d00000 - 0x00007ff9d207b000 	C:\WINDOWS\System32\combase.dll
0x00007ff9d31b0000 - 0x00007ff9d3287000 	C:\WINDOWS\System32\OLEAUT32.dll
0x00007ff9ba550000 - 0x00007ff9ba58c000 	C:\WINDOWS\SYSTEM32\dbgcore.DLL
0x00007ff9d1310000 - 0x00007ff9d13a8000 	C:\WINDOWS\System32\bcryptPrimitives.dll
0x00007ff9cb420000 - 0x00007ff9cb42f000 	c:\Users\Haqii\.vscode\extensions\redhat.java-1.47.0-win32-x64\jre\21.0.8-win32-x86_64\bin\instrument.dll
0x00007ff9b4c00000 - 0x00007ff9b4c1f000 	c:\Users\Haqii\.vscode\extensions\redhat.java-1.47.0-win32-x64\jre\21.0.8-win32-x86_64\bin\java.dll
0x00007ff9d20b0000 - 0x00007ff9d27fd000 	C:\WINDOWS\System32\SHELL32.dll
0x00007ff9d0c50000 - 0x00007ff9d0dbb000 	C:\WINDOWS\System32\wintypes.dll
0x00007ff9ce8e0000 - 0x00007ff9cf13d000 	C:\WINDOWS\SYSTEM32\windows.storage.dll
0x00007ff9d34d0000 - 0x00007ff9d35c2000 	C:\WINDOWS\System32\SHCORE.dll
0x00007ff9d1c90000 - 0x00007ff9d1cf2000 	C:\WINDOWS\System32\shlwapi.dll
0x00007ff9d0b70000 - 0x00007ff9d0b99000 	C:\WINDOWS\SYSTEM32\profapi.dll
0x00007ff9b98c0000 - 0x00007ff9b98d8000 	c:\Users\Haqii\.vscode\extensions\redhat.java-1.47.0-win32-x64\jre\21.0.8-win32-x86_64\bin\zip.dll
0x00007ff9bb320000 - 0x00007ff9bb330000 	C:\Users\Haqii\.vscode\extensions\redhat.java-1.47.0-win32-x64\jre\21.0.8-win32-x86_64\bin\net.dll
0x00007ff9c5c80000 - 0x00007ff9c5d9f000 	C:\WINDOWS\SYSTEM32\WINHTTP.dll
0x00007ff9cff90000 - 0x00007ff9cfffb000 	C:\WINDOWS\system32\mswsock.dll
0x00007ff9aa290000 - 0x00007ff9aa2a6000 	C:\Users\Haqii\.vscode\extensions\redhat.java-1.47.0-win32-x64\jre\21.0.8-win32-x86_64\bin\nio.dll
0x00007ff9cb410000 - 0x00007ff9cb420000 	c:\Users\Haqii\.vscode\extensions\redhat.java-1.47.0-win32-x64\jre\21.0.8-win32-x86_64\bin\verify.dll
0x00007ff9bb6a0000 - 0x00007ff9bb6e4000 	C:\Users\Haqii\AppData\Roaming\Code\User\globalStorage\redhat.java\1.47.0\config_win\org.eclipse.equinox.launcher\org.eclipse.equinox.launcher.win32.win32.x86_64_1.2.1400.v20250801-0854\eclipse_11916.dll
0x00007ff9d38e0000 - 0x00007ff9d3a78000 	C:\WINDOWS\System32\ole32.dll
0x00007ff9d0240000 - 0x00007ff9d025b000 	C:\WINDOWS\SYSTEM32\CRYPTSP.dll
0x00007ff9cf980000 - 0x00007ff9cf9bb000 	C:\WINDOWS\system32\rsaenh.dll
0x00007ff9d0030000 - 0x00007ff9d005b000 	C:\WINDOWS\SYSTEM32\USERENV.dll
0x00007ff9d0b40000 - 0x00007ff9d0b66000 	C:\WINDOWS\SYSTEM32\bcrypt.dll
0x00007ff9d0260000 - 0x00007ff9d026c000 	C:\WINDOWS\SYSTEM32\CRYPTBASE.dll
0x00007ff9cf440000 - 0x00007ff9cf474000 	C:\WINDOWS\SYSTEM32\IPHLPAPI.DLL
0x00007ff9d2cd0000 - 0x00007ff9d2cda000 	C:\WINDOWS\System32\NSI.dll
0x00007ff9b96f0000 - 0x00007ff9b9739000 	C:\Users\Haqii\AppData\Local\Temp\jna-69495192\jna705231932168084057.dll
0x00007ff9d35d0000 - 0x00007ff9d35d8000 	C:\WINDOWS\System32\PSAPI.DLL
0x00007ff9c91f0000 - 0x00007ff9c920e000 	C:\WINDOWS\SYSTEM32\dhcpcsvc6.DLL
0x00007ff9c5460000 - 0x00007ff9c5483000 	C:\WINDOWS\SYSTEM32\dhcpcsvc.DLL

JVMTI agents:
c:\Users\Haqii\.vscode\extensions\redhat.java-1.47.0-win32-x64\lombok\lombok-1.18.39-4050.jar path:c:\Users\Haqii\.vscode\extensions\redhat.java-1.47.0-win32-x64\jre\21.0.8-win32-x86_64\bin\instrument.dll, loaded, initialized, instrumentlib options:none

dbghelp: loaded successfully - version: 4.0.5 - missing functions: none
symbol engine: initialized successfully - sym options: 0x614 - pdb path: .;c:\Users\Haqii\.vscode\extensions\redhat.java-1.47.0-win32-x64\jre\21.0.8-win32-x86_64\bin;C:\WINDOWS\SYSTEM32;C:\WINDOWS\WinSxS\amd64_microsoft.windows.common-controls_6595b64144ccf1df_6.0.26100.6899_none_3e0efeeae32e88c1;c:\Users\Haqii\.vscode\extensions\redhat.java-1.47.0-win32-x64\jre\21.0.8-win32-x86_64\bin\server;C:\Users\Haqii\AppData\Roaming\Code\User\globalStorage\redhat.java\1.47.0\config_win\org.eclipse.equinox.launcher\org.eclipse.equinox.launcher.win32.win32.x86_64_1.2.1400.v20250801-0854;C:\Users\Haqii\AppData\Local\Temp\jna-69495192

VM Arguments:
jvm_args: --add-modules=ALL-SYSTEM --add-opens=java.base/java.util=ALL-UNNAMED --add-opens=java.base/java.lang=ALL-UNNAMED --add-opens=java.base/sun.nio.fs=ALL-UNNAMED -Declipse.application=org.eclipse.jdt.ls.core.id1 -Dosgi.bundles.defaultStartLevel=4 -Declipse.product=org.eclipse.jdt.ls.core.product -Djava.import.generatesMetadataFilesAtProjectRoot=false -DDetectVMInstallationsJob.disabled=true -Dfile.encoding=utf8 -XX:+UseParallelGC -XX:GCTimeRatio=4 -XX:AdaptiveSizePolicyWeight=90 -Dsun.zip.disableMemoryMapping=true -Xmx2G -Xms100m -Xlog:disable -javaagent:c:\Users\Haqii\.vscode\extensions\redhat.java-1.47.0-win32-x64\lombok\lombok-1.18.39-4050.jar -XX:+HeapDumpOnOutOfMemoryError -XX:HeapDumpPath=c:\Users\Haqii\AppData\Roaming\Code\User\workspaceStorage\3dc9cd43f3ba78d4e4c793072e614d38\redhat.java -Daether.dependencyCollector.impl=bf 
java_command: c:\Users\Haqii\.vscode\extensions\redhat.java-1.47.0-win32-x64\server\plugins\org.eclipse.equinox.launcher_1.7.100.v20251014-1222.jar -configuration c:\Users\Haqii\AppData\Roaming\Code\User\globalStorage\redhat.java\1.47.0\config_win -data c:\Users\Haqii\AppData\Roaming\Code\User\workspaceStorage\3dc9cd43f3ba78d4e4c793072e614d38\redhat.java\jdt_ws --pipe=\\.\pipe\lsp-b512405fc48e27269e33fbcb6911143c-sock
java_class_path (initial): c:\Users\Haqii\.vscode\extensions\redhat.java-1.47.0-win32-x64\server\plugins\org.eclipse.equinox.launcher_1.7.100.v20251014-1222.jar
Launcher Type: SUN_STANDARD

[Global flags]
    uintx AdaptiveSizePolicyWeight                 = 90                                        {product} {command line}
     intx CICompilerCount                          = 12                                        {product} {ergonomic}
    uintx GCTimeRatio                              = 4                                         {product} {command line}
     bool HeapDumpOnOutOfMemoryError               = true                                   {manageable} {command line}
    ccstr HeapDumpPath                             = c:\Users\Haqii\AppData\Roaming\Code\User\workspaceStorage\3dc9cd43f3ba78d4e4c793072e614d38\redhat.java         {manageable} {command line}
   size_t InitialHeapSize                          = 104857600                                 {product} {command line}
   size_t MaxHeapSize                              = 2147483648                                {product} {command line}
   size_t MaxNewSize                               = 715653120                                 {product} {ergonomic}
   size_t MinHeapDeltaBytes                        = 524288                                    {product} {ergonomic}
   size_t MinHeapSize                              = 104857600                                 {product} {command line}
   size_t NewSize                                  = 34603008                                  {product} {ergonomic}
    uintx NonNMethodCodeHeapSize                   = 7602480                                {pd product} {ergonomic}
    uintx NonProfiledCodeHeapSize                  = 122027880                              {pd product} {ergonomic}
   size_t OldSize                                  = 70254592                                  {product} {ergonomic}
    uintx ProfiledCodeHeapSize                     = 122027880                              {pd product} {ergonomic}
    uintx ReservedCodeCacheSize                    = 251658240                              {pd product} {ergonomic}
     bool SegmentedCodeCache                       = true                                      {product} {ergonomic}
   size_t SoftMaxHeapSize                          = 2147483648                             {manageable} {ergonomic}
     bool UseCompressedOops                        = true                           {product lp64_product} {ergonomic}
     bool UseLargePagesIndividualAllocation        = false                                  {pd product} {ergonomic}
     bool UseParallelGC                            = true                                      {product} {command line}

Logging:
Log output configuration:
 #0: stdout all=off uptime,level,tags foldmultilines=false
 #1: stderr all=off uptime,level,tags foldmultilines=false

Environment Variables:
PATH=C:\Program Files\Common Files\Oracle\Java\javapath;C:\Program Files (x86)\Common Files\Oracle\Java\java8path;C:\Program Files (x86)\Common Files\Oracle\Java\javapath;C:\WINDOWS\system32;C:\WINDOWS;C:\WINDOWS\System32\Wbem;C:\WINDOWS\System32\WindowsPowerShell\v1.0\;C:\WINDOWS\System32\OpenSSH\;C:\xampp\php;C:\ProgramData\ComposerSetup\bin;C:\Program Files\Git\cmd;C:\Program Files\dotnet\;C:\ProgramData\chocolatey\bin;C:\Program Files\Neovim\bin;C:\Program Files\nodejs\;C:\Program Files\Common Files\Oracle\Java\javapath;C:\Windows\system32;C:\Windows;C:\Windows\System32\Wbem;C:\Windows\System32\WindowsPowerShell\v1.0\;C:\Windows\System32\OpenSSH\;C:\xampp\php;C:\ProgramData\ComposerSetup\bin;C:\Program Files\nodejs\;C:\Program Files\Git\cmd;C:\Program Files\dotnet\;C:\ProgramData\chocolatey\bin;c:\Users\Haqii\AppData\Local\Programs\cursor\resources\app\codeBin;C:\Users\Haqii\AppData\Local\Programs\Python\Launcher\;C:\Users\Haqii\AppData\Local\Microsoft\WindowsApps;C:\Users\Haqii\AppData\Local\Programs\Microsoft VS Code\bin;C:\Users\Haqii\AppData\Roaming\Composer\vendor\bin;C:\msys64\ucrt64\bin;C:\Users\Haqii\AppData\Local\spicetify;C:\Users\Haqii\.deno\bin;C:\Android\cmdline-tools\latest\bin;C:\Android\platform-tools;C:\Android\emulator;C:\Users\Haqii\AppData\Roaming\npm;C:\Users\Haqii\AppData\Local\Microsoft\WindowsApps
USERNAME=Haqii
OS=Windows_NT
PROCESSOR_IDENTIFIER=AMD64 Family 25 Model 68 Stepping 1, AuthenticAMD
TMP=C:\Users\Haqii\AppData\Local\Temp
TEMP=C:\Users\Haqii\AppData\Local\Temp




Periodic native trim disabled

---------------  S Y S T E M  ---------------

OS:
 Windows 11 , 64 bit Build 26100 (10.0.26100.6725)
OS uptime: 0 days 0:39 hours

CPU: total 16 (initial active 16) (16 cores per cpu, 2 threads per core) family 25 model 68 stepping 1 microcode 0xa404102, cx8, cmov, fxsr, ht, mmx, 3dnowpref, sse, sse2, sse3, ssse3, sse4a, sse4.1, sse4.2, popcnt, lzcnt, tsc, tscinvbit, avx, avx2, aes, erms, clmul, bmi1, bmi2, adx, sha, fma, vzeroupper, clflush, clflushopt, rdtscp, rdpid, fsrm, f16c, pku, cet_ss
Processor Information for processor 0
  Max Mhz: 3201, Current Mhz: 3201, Mhz Limit: 3201
Processor Information for processor 1
  Max Mhz: 3201, Current Mhz: 1804, Mhz Limit: 3201
Processor Information for processor 2
  Max Mhz: 3201, Current Mhz: 3201, Mhz Limit: 3201
Processor Information for processor 3
  Max Mhz: 3201, Current Mhz: 1804, Mhz Limit: 3201
Processor Information for processor 4
  Max Mhz: 3201, Current Mhz: 3201, Mhz Limit: 3201
Processor Information for processor 5
  Max Mhz: 3201, Current Mhz: 3201, Mhz Limit: 3201
Processor Information for processor 6
  Max Mhz: 3201, Current Mhz: 1804, Mhz Limit: 3201
Processor Information for processor 7
  Max Mhz: 3201, Current Mhz: 3201, Mhz Limit: 3201
Processor Information for processor 8
  Max Mhz: 3201, Current Mhz: 1804, Mhz Limit: 3201
Processor Information for processor 9
  Max Mhz: 3201, Current Mhz: 3201, Mhz Limit: 3201
Processor Information for processor 10
  Max Mhz: 3201, Current Mhz: 1804, Mhz Limit: 3201
Processor Information for processor 11
  Max Mhz: 3201, Current Mhz: 3201, Mhz Limit: 3201
Processor Information for processor 12
  Max Mhz: 3201, Current Mhz: 3201, Mhz Limit: 3201
Processor Information for processor 13
  Max Mhz: 3201, Current Mhz: 3201, Mhz Limit: 3201
Processor Information for processor 14
  Max Mhz: 3201, Current Mhz: 1804, Mhz Limit: 3201
Processor Information for processor 15
  Max Mhz: 3201, Current Mhz: 3201, Mhz Limit: 3201

Memory: 4k page, system-wide physical 14077M (460M free)
TotalPageFile size 27389M (AvailPageFile size 10M)
current process WorkingSet (physical memory assigned to process): 213M, peak: 220M
current process commit charge ("private bytes"): 354M, peak: 360M

vm_info: OpenJDK 64-Bit Server VM (21.0.8+9-LTS) for windows-amd64 JRE (21.0.8+9-LTS), built on 2025-07-15T00:00:00Z by "admin" with MS VC++ 17.7 (VS2022)

END.
