#
# There is insufficient memory for the Java Runtime Environment to continue.
# Native memory allocation (malloc) failed to allocate 1417168 bytes. Error detail: Chunk::new
# Possible reasons:
#   The system is out of physical RAM or swap space
#   This process is running with CompressedOops enabled, and the Java Heap may be blocking the growth of the native heap
# Possible solutions:
#   Reduce memory load on the system
#   Increase physical memory or swap space
#   Check if swap backing store is full
#   Decrease Java heap size (-Xmx/-Xms)
#   Decrease number of Java threads
#   Decrease Java thread stack sizes (-Xss)
#   Set larger code cache with -XX:ReservedCodeCacheSize=
#   JVM is running with Unscaled Compressed Oops mode in which the Java heap is
#     placed in the first 4GB address space. The Java Heap base address is the
#     maximum limit for the native heap growth. Please use -XX:HeapBaseMinAddress
#     to set the Java Heap base and to place the Java Heap above 4GB virtual address.
# This output file may be truncated or incomplete.
#
#  Out of Memory Error (arena.cpp:168), pid=7284, tid=5960
#
# JRE version: OpenJDK Runtime Environment Temurin-21.0.8+9 (21.0.8+9) (build 21.0.8+9-LTS)
# Java VM: OpenJDK 64-Bit Server VM Temurin-21.0.8+9 (21.0.8+9-LTS, mixed mode, sharing, tiered, compressed oops, compressed class ptrs, parallel gc, windows-amd64)
# No core dump will be written. Minidumps are not enabled by default on client versions of Windows
#

---------------  S U M M A R Y ------------

Command Line: --add-modules=ALL-SYSTEM --add-opens=java.base/java.util=ALL-UNNAMED --add-opens=java.base/java.lang=ALL-UNNAMED --add-opens=java.base/sun.nio.fs=ALL-UNNAMED -Declipse.application=org.eclipse.jdt.ls.core.id1 -Dosgi.bundles.defaultStartLevel=4 -Declipse.product=org.eclipse.jdt.ls.core.product -Djava.import.generatesMetadataFilesAtProjectRoot=false -DDetectVMInstallationsJob.disabled=true -Dfile.encoding=utf8 -XX:+UseParallelGC -XX:GCTimeRatio=4 -XX:AdaptiveSizePolicyWeight=90 -Dsun.zip.disableMemoryMapping=true -Xmx2G -Xms100m -Xlog:disable -javaagent:c:\Users\Haqii\.vscode\extensions\redhat.java-1.47.0-win32-x64\lombok\lombok-1.18.39-4050.jar -XX:+HeapDumpOnOutOfMemoryError -XX:HeapDumpPath=c:\Users\Haqii\AppData\Roaming\Code\User\workspaceStorage\3dc9cd43f3ba78d4e4c793072e614d38\redhat.java -Daether.dependencyCollector.impl=bf c:\Users\Haqii\.vscode\extensions\redhat.java-1.47.0-win32-x64\server\plugins\org.eclipse.equinox.launcher_1.7.100.v20251014-1222.jar -configuration c:\Users\Haqii\AppData\Roaming\Code\User\globalStorage\redhat.java\1.47.0\config_win -data c:\Users\Haqii\AppData\Roaming\Code\User\workspaceStorage\3dc9cd43f3ba78d4e4c793072e614d38\redhat.java\jdt_ws --pipe=\\.\pipe\lsp-bed03d70112d4c030d5e271795c844ad-sock

Host: AMD Ryzen 7 7735HS with Radeon Graphics        , 16 cores, 13G,  Windows 11 , 64 bit Build 26100 (10.0.26100.6725)
Time: Wed Nov 12 07:41:42 2025 SE Asia Standard Time elapsed time: 17.706379 seconds (0d 0h 0m 17s)

---------------  T H R E A D  ---------------

Current thread (0x000001db723b51d0):  JavaThread "C2 CompilerThread0" daemon [_thread_in_native, id=5960, stack(0x000000d6a2b00000,0x000000d6a2c00000) (1024K)]


Current CompileTask:
C2:17706 8131       4       java.lang.invoke.MethodType::makeImpl (109 bytes)

Stack: [0x000000d6a2b00000,0x000000d6a2c00000]
Native frames: (J=compiled Java code, j=interpreted, Vv=VM code, C=native code)
V  [jvm.dll+0x6d2449]
V  [jvm.dll+0x8ae341]
V  [jvm.dll+0x8b08be]
V  [jvm.dll+0x8b0fa3]
V  [jvm.dll+0x280c96]
V  [jvm.dll+0xc581d]
V  [jvm.dll+0xc5d53]
V  [jvm.dll+0x3b919c]
V  [jvm.dll+0x1e1409]
V  [jvm.dll+0x249022]
V  [jvm.dll+0x2484af]
V  [jvm.dll+0x1c89ee]
V  [jvm.dll+0x257d4d]
V  [jvm.dll+0x2562ea]
V  [jvm.dll+0x3f2d16]
V  [jvm.dll+0x857e6b]
V  [jvm.dll+0x6d0b0d]
C  [ucrtbase.dll+0x37b0]
C  [KERNEL32.DLL+0x2e8d7]
C  [ntdll.dll+0x8c53c]


---------------  P R O C E S S  ---------------

Threads class SMR info:
_java_thread_list=0x000001db7d789770, length=55, elements={
0x000001db193dc460, 0x000001db1938e120, 0x000001db723a5cc0, 0x000001db723a7340,
0x000001db723a9b00, 0x000001db723ac560, 0x000001db723acfb0, 0x000001db723b51d0,
0x000001db723dc590, 0x000001db724c2010, 0x000001db723de0d0, 0x000001db780f1db0,
0x000001db788faef0, 0x000001db780bcf10, 0x000001db7886f6a0, 0x000001db788700d0,
0x000001db78eea450, 0x000001db78b9b290, 0x000001db791305a0, 0x000001db79132670,
0x000001db79130c30, 0x000001db79132d00, 0x000001db791312c0, 0x000001db79131950,
0x000001db7912f880, 0x000001db7912ff10, 0x000001db7bf8fcd0, 0x000001db7bf8e920,
0x000001db7bf90360, 0x000001db7bf909f0, 0x000001db7bf91080, 0x000001db7bf8dc00,
0x000001db7bf91710, 0x000001db7bf8e290, 0x000001db7bf91da0, 0x000001db7bf92430,
0x000001db7bf8efb0, 0x000001db7bf92ac0, 0x000001db7bf8f640, 0x000001db7bf93150,
0x000001db7bf937e0, 0x000001db7bf93e70, 0x000001db7bf94500, 0x000001db7bf94b90,
0x000001db7bf95220, 0x000001db7d486a80, 0x000001db7d487110, 0x000001db7d488b50,
0x000001db7d4877a0, 0x000001db7d4856d0, 0x000001db7d48a590, 0x000001db7d48ac20,
0x000001db7d48b940, 0x000001db7d48b2b0, 0x000001db7d489f00
}

Java Threads: ( => current thread )
  0x000001db193dc460 JavaThread "main"                              [_thread_blocked, id=20828, stack(0x000000d6a2000000,0x000000d6a2100000) (1024K)]
  0x000001db1938e120 JavaThread "Reference Handler"          daemon [_thread_blocked, id=7532, stack(0x000000d6a2500000,0x000000d6a2600000) (1024K)]
  0x000001db723a5cc0 JavaThread "Finalizer"                  daemon [_thread_blocked, id=22076, stack(0x000000d6a2600000,0x000000d6a2700000) (1024K)]
  0x000001db723a7340 JavaThread "Signal Dispatcher"          daemon [_thread_blocked, id=16820, stack(0x000000d6a2700000,0x000000d6a2800000) (1024K)]
  0x000001db723a9b00 JavaThread "Attach Listener"            daemon [_thread_blocked, id=21256, stack(0x000000d6a2800000,0x000000d6a2900000) (1024K)]
  0x000001db723ac560 JavaThread "Service Thread"             daemon [_thread_blocked, id=11064, stack(0x000000d6a2900000,0x000000d6a2a00000) (1024K)]
  0x000001db723acfb0 JavaThread "Monitor Deflation Thread"   daemon [_thread_blocked, id=23540, stack(0x000000d6a2a00000,0x000000d6a2b00000) (1024K)]
=>0x000001db723b51d0 JavaThread "C2 CompilerThread0"         daemon [_thread_in_native, id=5960, stack(0x000000d6a2b00000,0x000000d6a2c00000) (1024K)]
  0x000001db723dc590 JavaThread "C1 CompilerThread0"         daemon [_thread_blocked, id=3952, stack(0x000000d6a2c00000,0x000000d6a2d00000) (1024K)]
  0x000001db724c2010 JavaThread "Common-Cleaner"             daemon [_thread_blocked, id=3540, stack(0x000000d6a2d00000,0x000000d6a2e00000) (1024K)]
  0x000001db723de0d0 JavaThread "C1 CompilerThread1"         daemon [_thread_blocked, id=11932, stack(0x000000d6a2e00000,0x000000d6a2f00000) (1024K)]
  0x000001db780f1db0 JavaThread "Notification Thread"        daemon [_thread_blocked, id=20016, stack(0x000000d6a3200000,0x000000d6a3300000) (1024K)]
  0x000001db788faef0 JavaThread "Active Thread: Equinox Container: 87606a99-d26a-453c-a0d2-3b19a91e9a81"        [_thread_blocked, id=7768, stack(0x000000d6a3b00000,0x000000d6a3c00000) (1024K)]
  0x000001db780bcf10 JavaThread "Refresh Thread: Equinox Container: 87606a99-d26a-453c-a0d2-3b19a91e9a81" daemon [_thread_blocked, id=19148, stack(0x000000d6a3c00000,0x000000d6a3d00000) (1024K)]
  0x000001db7886f6a0 JavaThread "Framework Event Dispatcher: Equinox Container: 87606a99-d26a-453c-a0d2-3b19a91e9a81" daemon [_thread_blocked, id=21332, stack(0x000000d6a3d00000,0x000000d6a3e00000) (1024K)]
  0x000001db788700d0 JavaThread "Start Level: Equinox Container: 87606a99-d26a-453c-a0d2-3b19a91e9a81" daemon [_thread_blocked, id=6392, stack(0x000000d6a3e00000,0x000000d6a3f00000) (1024K)]
  0x000001db78eea450 JavaThread "Bundle File Closer"         daemon [_thread_blocked, id=11664, stack(0x000000d6a4200000,0x000000d6a4300000) (1024K)]
  0x000001db78b9b290 JavaThread "SCR Component Actor"        daemon [_thread_blocked, id=23008, stack(0x000000d6a4300000,0x000000d6a4400000) (1024K)]
  0x000001db791305a0 JavaThread "Worker-JM"                         [_thread_blocked, id=18712, stack(0x000000d6a4500000,0x000000d6a4600000) (1024K)]
  0x000001db79132670 JavaThread "JNA Cleaner"                daemon [_thread_blocked, id=14516, stack(0x000000d6a4700000,0x000000d6a4800000) (1024K)]
  0x000001db79130c30 JavaThread "Worker-0"                          [_thread_blocked, id=4496, stack(0x000000d6a4900000,0x000000d6a4a00000) (1024K)]
  0x000001db79132d00 JavaThread "Worker-1"                          [_thread_blocked, id=3300, stack(0x000000d6a4a00000,0x000000d6a4b00000) (1024K)]
  0x000001db791312c0 JavaThread "Java indexing"              daemon [_thread_blocked, id=16136, stack(0x000000d6a4c00000,0x000000d6a4d00000) (1024K)]
  0x000001db79131950 JavaThread "Worker-2"                          [_thread_blocked, id=16092, stack(0x000000d6a4f00000,0x000000d6a5000000) (1024K)]
  0x000001db7912f880 JavaThread "Worker-3: Initialize Workspace"        [_thread_blocked, id=13712, stack(0x000000d6a5100000,0x000000d6a5200000) (1024K)]
  0x000001db7912ff10 JavaThread "Thread-1"                   daemon [_thread_in_native, id=11900, stack(0x000000d6a5200000,0x000000d6a5300000) (1024K)]
  0x000001db7bf8fcd0 JavaThread "Thread-2"                   daemon [_thread_in_native, id=18168, stack(0x000000d6a5300000,0x000000d6a5400000) (1024K)]
  0x000001db7bf8e920 JavaThread "Thread-3"                   daemon [_thread_in_native, id=16388, stack(0x000000d6a5400000,0x000000d6a5500000) (1024K)]
  0x000001db7bf90360 JavaThread "Thread-4"                   daemon [_thread_in_native, id=11420, stack(0x000000d6a5500000,0x000000d6a5600000) (1024K)]
  0x000001db7bf909f0 JavaThread "Thread-5"                   daemon [_thread_in_native, id=16424, stack(0x000000d6a5600000,0x000000d6a5700000) (1024K)]
  0x000001db7bf91080 JavaThread "Thread-6"                   daemon [_thread_in_native, id=16456, stack(0x000000d6a5700000,0x000000d6a5800000) (1024K)]
  0x000001db7bf8dc00 JavaThread "Thread-7"                   daemon [_thread_in_native, id=16460, stack(0x000000d6a5800000,0x000000d6a5900000) (1024K)]
  0x000001db7bf91710 JavaThread "Thread-8"                   daemon [_thread_in_native, id=16532, stack(0x000000d6a5900000,0x000000d6a5a00000) (1024K)]
  0x000001db7bf8e290 JavaThread "Thread-9"                   daemon [_thread_in_native, id=16612, stack(0x000000d6a5a00000,0x000000d6a5b00000) (1024K)]
  0x000001db7bf91da0 JavaThread "Thread-10"                  daemon [_thread_in_native, id=16604, stack(0x000000d6a5b00000,0x000000d6a5c00000) (1024K)]
  0x000001db7bf92430 JavaThread "Thread-11"                  daemon [_thread_in_native, id=16600, stack(0x000000d6a5c00000,0x000000d6a5d00000) (1024K)]
  0x000001db7bf8efb0 JavaThread "Thread-12"                  daemon [_thread_in_native, id=16608, stack(0x000000d6a5d00000,0x000000d6a5e00000) (1024K)]
  0x000001db7bf92ac0 JavaThread "Thread-13"                  daemon [_thread_in_native, id=16620, stack(0x000000d6a5e00000,0x000000d6a5f00000) (1024K)]
  0x000001db7bf8f640 JavaThread "Thread-14"                  daemon [_thread_in_native, id=12860, stack(0x000000d6a5f00000,0x000000d6a6000000) (1024K)]
  0x000001db7bf93150 JavaThread "Thread-15"                  daemon [_thread_in_native, id=14180, stack(0x000000d6a6000000,0x000000d6a6100000) (1024K)]
  0x000001db7bf937e0 JavaThread "Thread-16"                  daemon [_thread_in_native, id=14292, stack(0x000000d6a6100000,0x000000d6a6200000) (1024K)]
  0x000001db7bf93e70 JavaThread "Thread-17"                  daemon [_thread_in_native, id=14188, stack(0x000000d6a6200000,0x000000d6a6300000) (1024K)]
  0x000001db7bf94500 JavaThread "pool-2-thread-1"                   [_thread_blocked, id=16616, stack(0x000000d6a6300000,0x000000d6a6400000) (1024K)]
  0x000001db7bf94b90 JavaThread "WorkspaceEventsHandler"            [_thread_blocked, id=2104, stack(0x000000d6a6400000,0x000000d6a6500000) (1024K)]
  0x000001db7bf95220 JavaThread "pool-1-thread-1"                   [_thread_blocked, id=16944, stack(0x000000d6a6500000,0x000000d6a6600000) (1024K)]
  0x000001db7d486a80 JavaThread "Worker-4"                          [_thread_blocked, id=21292, stack(0x000000d6a6600000,0x000000d6a6700000) (1024K)]
  0x000001db7d487110 JavaThread "ForkJoinPool.commonPool-worker-1" daemon [_thread_blocked, id=20840, stack(0x000000d6a6700000,0x000000d6a6800000) (1024K)]
  0x000001db7d488b50 JavaThread "ForkJoinPool.commonPool-worker-2" daemon [_thread_blocked, id=19296, stack(0x000000d6a6800000,0x000000d6a6900000) (1024K)]
  0x000001db7d4877a0 JavaThread "Timer-0"                           [_thread_blocked, id=13996, stack(0x000000d6a6900000,0x000000d6a6a00000) (1024K)]
  0x000001db7d4856d0 JavaThread "Timer-1"                           [_thread_blocked, id=9476, stack(0x000000d6a3000000,0x000000d6a3100000) (1024K)]
  0x000001db7d48a590 JavaThread "Timer-2"                           [_thread_blocked, id=21140, stack(0x000000d6a3300000,0x000000d6a3400000) (1024K)]
  0x000001db7d48ac20 JavaThread "Timer-3"                           [_thread_blocked, id=20704, stack(0x000000d6a6c00000,0x000000d6a6d00000) (1024K)]
  0x000001db7d48b940 JavaThread "Timer-4"                           [_thread_blocked, id=2828, stack(0x000000d6a6d00000,0x000000d6a6e00000) (1024K)]
  0x000001db7d48b2b0 JavaThread "Connection worker"                 [_thread_in_native, id=15452, stack(0x000000d6a6e00000,0x000000d6a6f00000) (1024K)]
  0x000001db7d489f00 JavaThread "pool-3-thread-1"                   [_thread_blocked, id=21988, stack(0x000000d6a4600000,0x000000d6a4700000) (1024K)]
Total: 55

Other Threads:
  0x000001db19374070 VMThread "VM Thread"                           [id=23296, stack(0x000000d6a2400000,0x000000d6a2500000) (1024K)]
  0x000001db1926ca00 WatcherThread "VM Periodic Task Thread"        [id=22984, stack(0x000000d6a2300000,0x000000d6a2400000) (1024K)]
  0x000001db193faa20 WorkerThread "GC Thread#0"                     [id=3620, stack(0x000000d6a2200000,0x000000d6a2300000) (1024K)]
  0x000001db7864c710 WorkerThread "GC Thread#1"                     [id=17504, stack(0x000000d6a3400000,0x000000d6a3500000) (1024K)]
  0x000001db7864bfd0 WorkerThread "GC Thread#2"                     [id=17220, stack(0x000000d6a3500000,0x000000d6a3600000) (1024K)]
  0x000001db7864adb0 WorkerThread "GC Thread#3"                     [id=17248, stack(0x000000d6a3600000,0x000000d6a3700000) (1024K)]
  0x000001db7864b890 WorkerThread "GC Thread#4"                     [id=9584, stack(0x000000d6a3700000,0x000000d6a3800000) (1024K)]
  0x000001db7864c370 WorkerThread "GC Thread#5"                     [id=22416, stack(0x000000d6a3800000,0x000000d6a3900000) (1024K)]
  0x000001db7864b150 WorkerThread "GC Thread#6"                     [id=18764, stack(0x000000d6a3900000,0x000000d6a3a00000) (1024K)]
  0x000001db7864b4f0 WorkerThread "GC Thread#7"                     [id=15948, stack(0x000000d6a3a00000,0x000000d6a3b00000) (1024K)]
  0x000001db78b98410 WorkerThread "GC Thread#8"                     [id=23492, stack(0x000000d6a3f00000,0x000000d6a4000000) (1024K)]
  0x000001db78b96ab0 WorkerThread "GC Thread#9"                     [id=9668, stack(0x000000d6a4000000,0x000000d6a4100000) (1024K)]
  0x000001db78b971f0 WorkerThread "GC Thread#10"                    [id=7088, stack(0x000000d6a4100000,0x000000d6a4200000) (1024K)]
  0x000001db78b97590 WorkerThread "GC Thread#11"                    [id=3536, stack(0x000000d6a4400000,0x000000d6a4500000) (1024K)]
  0x000001db78b98070 WorkerThread "GC Thread#12"                    [id=20940, stack(0x000000d6a4800000,0x000000d6a4900000) (1024K)]
Total: 15

Threads with active compile tasks:
C2 CompilerThread0  17732 8131       4       java.lang.invoke.MethodType::makeImpl (109 bytes)
Total: 1

VM state: not at safepoint (normal execution)

VM Mutex/Monitor currently owned by a thread: None

Heap address: 0x0000000080000000, size: 2048 MB, Compressed Oops mode: 32-bit

CDS archive(s) mapped at: [0x000001db30000000-0x000001db30ba0000-0x000001db30ba0000), size 12189696, SharedBaseAddress: 0x000001db30000000, ArchiveRelocationMode: 1.
Compressed class space mapped at: 0x000001db31000000-0x000001db71000000, reserved size: 1073741824
Narrow klass base: 0x000001db30000000, Narrow klass shift: 0, Narrow klass range: 0x100000000

GC Precious Log:
 CardTable entry size: 512
 CPUs: 16 total, 16 available
 Memory: 14077M
 Large Page Support: Disabled
 NUMA Support: Disabled
 Compressed Oops: Enabled (32-bit)
 Alignments: Space 512K, Generation 512K, Heap 2M
 Heap Min Capacity: 100M
 Heap Initial Capacity: 100M
 Heap Max Capacity: 2G
 Pre-touch: Disabled
 Parallel Workers: 13

Heap:
 PSYoungGen      total 13312K, used 7704K [0x00000000d5580000, 0x00000000d6400000, 0x0000000100000000)
  eden space 12288K, 57% used [0x00000000d5580000,0x00000000d5c6e088,0x00000000d6180000)
  from space 1024K, 59% used [0x00000000d6280000,0x00000000d6318000,0x00000000d6380000)
  to   space 512K, 0% used [0x00000000d6380000,0x00000000d6380000,0x00000000d6400000)
 ParOldGen       total 68608K, used 43602K [0x0000000080000000, 0x0000000084300000, 0x00000000d5580000)
  object space 68608K, 63% used [0x0000000080000000,0x0000000082a94a40,0x0000000084300000)
 Metaspace       used 63080K, committed 64448K, reserved 1114112K
  class space    used 7960K, committed 8576K, reserved 1048576K

Card table byte_map: [0x000001db18d80000,0x000001db19190000] _byte_map_base: 0x000001db18980000

Marking Bits: (ParMarkBitMap*) 0x00007ff91669a340
 Begin Bits: [0x000001db2b880000, 0x000001db2d880000)
 End Bits:   [0x000001db2d880000, 0x000001db2f880000)

Polling page: 0x000001db171f0000

Metaspace:

Usage:
  Non-class:     53.83 MB used.
      Class:      7.77 MB used.
       Both:     61.60 MB used.

Virtual space:
  Non-class space:       64.00 MB reserved,      54.56 MB ( 85%) committed,  1 nodes.
      Class space:        1.00 GB reserved,       8.38 MB ( <1%) committed,  1 nodes.
             Both:        1.06 GB reserved,      62.94 MB (  6%) committed. 

Chunk freelists:
   Non-Class:  9.33 MB
       Class:  7.67 MB
        Both:  17.00 MB

MaxMetaspaceSize: unlimited
CompressedClassSpaceSize: 1.00 GB
Initial GC threshold: 21.00 MB
Current GC threshold: 97.31 MB
CDS: on
 - commit_granule_bytes: 65536.
 - commit_granule_words: 8192.
 - virtual_space_node_default_size: 8388608.
 - enlarge_chunks_in_place: 1.
 - use_allocation_guard: 0.


Internal statistics:

num_allocs_failed_limit: 9.
num_arena_births: 1206.
num_arena_deaths: 14.
num_vsnodes_births: 2.
num_vsnodes_deaths: 0.
num_space_committed: 1007.
num_space_uncommitted: 0.
num_chunks_returned_to_freelist: 23.
num_chunks_taken_from_freelist: 3898.
num_chunk_merges: 15.
num_chunk_splits: 2567.
num_chunks_enlarged: 1646.
num_inconsistent_stats: 0.

CodeHeap 'non-profiled nmethods': size=119168Kb used=5185Kb max_used=5185Kb free=113983Kb
 bounds [0x000001db24170000, 0x000001db24690000, 0x000001db2b5d0000]
CodeHeap 'profiled nmethods': size=119104Kb used=15334Kb max_used=15684Kb free=103769Kb
 bounds [0x000001db1c5d0000, 0x000001db1d530000, 0x000001db23a20000]
CodeHeap 'non-nmethods': size=7488Kb used=1957Kb max_used=3138Kb free=5530Kb
 bounds [0x000001db23a20000, 0x000001db23d40000, 0x000001db24170000]
CodeCache: size=245760Kb, used=22476Kb, max_used=24007Kb, free=223282Kb
 total_blobs=8155, nmethods=7461, adapters=599, full_count=0
Compilation: enabled, stopped_count=0, restarted_count=0

Compilation events (20 events):
Event: 16.692 Thread 0x000001db723dc590 nmethod 8253 0x000001db2467f810 code [0x000001db2467f9a0, 0x000001db2467fa68]
Event: 16.692 Thread 0x000001db723dc590 8254       1       jdk.internal.event.DeserializationEvent::shouldCommit (2 bytes)
Event: 16.692 Thread 0x000001db723dc590 nmethod 8254 0x000001db2467fb10 code [0x000001db2467fca0, 0x000001db2467fd68]
Event: 16.692 Thread 0x000001db723dc590 8255       1       java.io.ObjectStreamClass::getPrimDataSize (5 bytes)
Event: 16.692 Thread 0x000001db723de0d0 nmethod 8251 0x000001db1ceddb10 code [0x000001db1cedddc0, 0x000001db1cedea60]
Event: 16.692 Thread 0x000001db723dc590 nmethod 8255 0x000001db2467fe10 code [0x000001db2467ffa0, 0x000001db24680068]
Event: 16.692 Thread 0x000001db723de0d0 8256       1       java.io.ObjectStreamClass::getNumObjFields (5 bytes)
Event: 16.692 Thread 0x000001db723dc590 8257       3       java.io.ClassCache::get (56 bytes)
Event: 16.692 Thread 0x000001db723de0d0 nmethod 8256 0x000001db24680110 code [0x000001db246802a0, 0x000001db24680368]
Event: 16.693 Thread 0x000001db723de0d0 8258       3       java.io.ClassCache::processQueue (32 bytes)
Event: 16.693 Thread 0x000001db723de0d0 nmethod 8258 0x000001db1cedcf90 code [0x000001db1cedd1a0, 0x000001db1cedd750]
Event: 16.693 Thread 0x000001db723dc590 nmethod 8257 0x000001db1ce39510 code [0x000001db1ce397a0, 0x000001db1ce3a3f0]
Event: 16.713 Thread 0x000001db723dc590 8259       3       java.io.ObjectInputStream$HandleTable::assign (48 bytes)
Event: 16.713 Thread 0x000001db723de0d0 8260       3       java.io.ObjectInputStream$HandleTable::finish (111 bytes)
Event: 16.714 Thread 0x000001db723dc590 nmethod 8259 0x000001db1cdca290 code [0x000001db1cdca460, 0x000001db1cdca790]
Event: 16.714 Thread 0x000001db723de0d0 nmethod 8260 0x000001db1cdc9890 code [0x000001db1cdc9a80, 0x000001db1cdca000]
Event: 17.222 Thread 0x000001db723de0d0 8261       3       java.util.concurrent.atomic.AtomicReference::getAndSet (9 bytes)
Event: 17.222 Thread 0x000001db723dc590 8262       3       java.util.TaskQueue::isEmpty (13 bytes)
Event: 17.222 Thread 0x000001db723dc590 nmethod 8262 0x000001db1c89e090 code [0x000001db1c89e220, 0x000001db1c89e380]
Event: 17.223 Thread 0x000001db723de0d0 nmethod 8261 0x000001db1ce38290 code [0x000001db1ce38520, 0x000001db1ce39138]

GC Heap History (20 events):
Event: 15.744 GC heap before
{Heap before GC invocations=61 (full 3):
 PSYoungGen      total 13312K, used 13306K [0x00000000d5580000, 0x00000000d6600000, 0x0000000100000000)
  eden space 12288K, 100% used [0x00000000d5580000,0x00000000d6180000,0x00000000d6180000)
  from space 1024K, 99% used [0x00000000d6400000,0x00000000d64feac0,0x00000000d6500000)
  to   space 1024K, 0% used [0x00000000d6500000,0x00000000d6500000,0x00000000d6600000)
 ParOldGen       total 68608K, used 41597K [0x0000000080000000, 0x0000000084300000, 0x00000000d5580000)
  object space 68608K, 60% used [0x0000000080000000,0x000000008289f610,0x0000000084300000)
 Metaspace       used 60102K, committed 61376K, reserved 1114112K
  class space    used 7495K, committed 8064K, reserved 1048576K
}
Event: 15.745 GC heap after
{Heap after GC invocations=61 (full 3):
 PSYoungGen      total 12800K, used 384K [0x00000000d5580000, 0x00000000d6580000, 0x0000000100000000)
  eden space 12288K, 0% used [0x00000000d5580000,0x00000000d5580000,0x00000000d6180000)
  from space 512K, 75% used [0x00000000d6500000,0x00000000d6560000,0x00000000d6580000)
  to   space 1024K, 0% used [0x00000000d6380000,0x00000000d6380000,0x00000000d6480000)
 ParOldGen       total 68608K, used 41653K [0x0000000080000000, 0x0000000084300000, 0x00000000d5580000)
  object space 68608K, 60% used [0x0000000080000000,0x00000000828ad610,0x0000000084300000)
 Metaspace       used 60102K, committed 61376K, reserved 1114112K
  class space    used 7495K, committed 8064K, reserved 1048576K
}
Event: 15.818 GC heap before
{Heap before GC invocations=62 (full 3):
 PSYoungGen      total 12800K, used 12672K [0x00000000d5580000, 0x00000000d6580000, 0x0000000100000000)
  eden space 12288K, 100% used [0x00000000d5580000,0x00000000d6180000,0x00000000d6180000)
  from space 512K, 75% used [0x00000000d6500000,0x00000000d6560000,0x00000000d6580000)
  to   space 1024K, 0% used [0x00000000d6380000,0x00000000d6380000,0x00000000d6480000)
 ParOldGen       total 68608K, used 41653K [0x0000000080000000, 0x0000000084300000, 0x00000000d5580000)
  object space 68608K, 60% used [0x0000000080000000,0x00000000828ad610,0x0000000084300000)
 Metaspace       used 60102K, committed 61376K, reserved 1114112K
  class space    used 7495K, committed 8064K, reserved 1048576K
}
Event: 15.818 GC heap after
{Heap after GC invocations=62 (full 3):
 PSYoungGen      total 13312K, used 1022K [0x00000000d5580000, 0x00000000d6580000, 0x0000000100000000)
  eden space 12288K, 0% used [0x00000000d5580000,0x00000000d5580000,0x00000000d6180000)
  from space 1024K, 99% used [0x00000000d6380000,0x00000000d647fa50,0x00000000d6480000)
  to   space 1024K, 0% used [0x00000000d6480000,0x00000000d6480000,0x00000000d6580000)
 ParOldGen       total 68608K, used 41916K [0x0000000080000000, 0x0000000084300000, 0x00000000d5580000)
  object space 68608K, 61% used [0x0000000080000000,0x00000000828ef3a8,0x0000000084300000)
 Metaspace       used 60102K, committed 61376K, reserved 1114112K
  class space    used 7495K, committed 8064K, reserved 1048576K
}
Event: 15.886 GC heap before
{Heap before GC invocations=63 (full 3):
 PSYoungGen      total 13312K, used 13305K [0x00000000d5580000, 0x00000000d6580000, 0x0000000100000000)
  eden space 12288K, 99% used [0x00000000d5580000,0x00000000d617eb58,0x00000000d6180000)
  from space 1024K, 99% used [0x00000000d6380000,0x00000000d647fa50,0x00000000d6480000)
  to   space 1024K, 0% used [0x00000000d6480000,0x00000000d6480000,0x00000000d6580000)
 ParOldGen       total 68608K, used 41916K [0x0000000080000000, 0x0000000084300000, 0x00000000d5580000)
  object space 68608K, 61% used [0x0000000080000000,0x00000000828ef3a8,0x0000000084300000)
 Metaspace       used 60103K, committed 61376K, reserved 1114112K
  class space    used 7495K, committed 8064K, reserved 1048576K
}
Event: 15.886 GC heap after
{Heap after GC invocations=63 (full 3):
 PSYoungGen      total 13312K, used 522K [0x00000000d5580000, 0x00000000d6580000, 0x0000000100000000)
  eden space 12288K, 0% used [0x00000000d5580000,0x00000000d5580000,0x00000000d6180000)
  from space 1024K, 51% used [0x00000000d6480000,0x00000000d65029c0,0x00000000d6580000)
  to   space 1024K, 0% used [0x00000000d6380000,0x00000000d6380000,0x00000000d6480000)
 ParOldGen       total 68608K, used 42020K [0x0000000080000000, 0x0000000084300000, 0x00000000d5580000)
  object space 68608K, 61% used [0x0000000080000000,0x00000000829093a8,0x0000000084300000)
 Metaspace       used 60103K, committed 61376K, reserved 1114112K
  class space    used 7495K, committed 8064K, reserved 1048576K
}
Event: 15.942 GC heap before
{Heap before GC invocations=64 (full 3):
 PSYoungGen      total 13312K, used 12810K [0x00000000d5580000, 0x00000000d6580000, 0x0000000100000000)
  eden space 12288K, 100% used [0x00000000d5580000,0x00000000d6180000,0x00000000d6180000)
  from space 1024K, 51% used [0x00000000d6480000,0x00000000d65029c0,0x00000000d6580000)
  to   space 1024K, 0% used [0x00000000d6380000,0x00000000d6380000,0x00000000d6480000)
 ParOldGen       total 68608K, used 42020K [0x0000000080000000, 0x0000000084300000, 0x00000000d5580000)
  object space 68608K, 61% used [0x0000000080000000,0x00000000829093a8,0x0000000084300000)
 Metaspace       used 60103K, committed 61376K, reserved 1114112K
  class space    used 7495K, committed 8064K, reserved 1048576K
}
Event: 15.943 GC heap after
{Heap after GC invocations=64 (full 3):
 PSYoungGen      total 13312K, used 1019K [0x00000000d5580000, 0x00000000d6500000, 0x0000000100000000)
  eden space 12288K, 0% used [0x00000000d5580000,0x00000000d5580000,0x00000000d6180000)
  from space 1024K, 99% used [0x00000000d6380000,0x00000000d647eef0,0x00000000d6480000)
  to   space 512K, 0% used [0x00000000d6480000,0x00000000d6480000,0x00000000d6500000)
 ParOldGen       total 68608K, used 42373K [0x0000000080000000, 0x0000000084300000, 0x00000000d5580000)
  object space 68608K, 61% used [0x0000000080000000,0x0000000082961540,0x0000000084300000)
 Metaspace       used 60103K, committed 61376K, reserved 1114112K
  class space    used 7495K, committed 8064K, reserved 1048576K
}
Event: 16.005 GC heap before
{Heap before GC invocations=65 (full 3):
 PSYoungGen      total 13312K, used 13307K [0x00000000d5580000, 0x00000000d6500000, 0x0000000100000000)
  eden space 12288K, 100% used [0x00000000d5580000,0x00000000d6180000,0x00000000d6180000)
  from space 1024K, 99% used [0x00000000d6380000,0x00000000d647eef0,0x00000000d6480000)
  to   space 512K, 0% used [0x00000000d6480000,0x00000000d6480000,0x00000000d6500000)
 ParOldGen       total 68608K, used 42373K [0x0000000080000000, 0x0000000084300000, 0x00000000d5580000)
  object space 68608K, 61% used [0x0000000080000000,0x0000000082961540,0x0000000084300000)
 Metaspace       used 60103K, committed 61376K, reserved 1114112K
  class space    used 7495K, committed 8064K, reserved 1048576K
}
Event: 16.006 GC heap after
{Heap after GC invocations=65 (full 3):
 PSYoungGen      total 12800K, used 490K [0x00000000d5580000, 0x00000000d6500000, 0x0000000100000000)
  eden space 12288K, 0% used [0x00000000d5580000,0x00000000d5580000,0x00000000d6180000)
  from space 512K, 95% used [0x00000000d6480000,0x00000000d64fa9a0,0x00000000d6500000)
  to   space 1024K, 0% used [0x00000000d6300000,0x00000000d6300000,0x00000000d6400000)
 ParOldGen       total 68608K, used 42453K [0x0000000080000000, 0x0000000084300000, 0x00000000d5580000)
  object space 68608K, 61% used [0x0000000080000000,0x0000000082975540,0x0000000084300000)
 Metaspace       used 60103K, committed 61376K, reserved 1114112K
  class space    used 7495K, committed 8064K, reserved 1048576K
}
Event: 16.056 GC heap before
{Heap before GC invocations=66 (full 3):
 PSYoungGen      total 12800K, used 12778K [0x00000000d5580000, 0x00000000d6500000, 0x0000000100000000)
  eden space 12288K, 100% used [0x00000000d5580000,0x00000000d6180000,0x00000000d6180000)
  from space 512K, 95% used [0x00000000d6480000,0x00000000d64fa9a0,0x00000000d6500000)
  to   space 1024K, 0% used [0x00000000d6300000,0x00000000d6300000,0x00000000d6400000)
 ParOldGen       total 68608K, used 42453K [0x0000000080000000, 0x0000000084300000, 0x00000000d5580000)
  object space 68608K, 61% used [0x0000000080000000,0x0000000082975540,0x0000000084300000)
 Metaspace       used 60103K, committed 61376K, reserved 1114112K
  class space    used 7495K, committed 8064K, reserved 1048576K
}
Event: 16.057 GC heap after
{Heap after GC invocations=66 (full 3):
 PSYoungGen      total 13312K, used 1009K [0x00000000d5580000, 0x00000000d6500000, 0x0000000100000000)
  eden space 12288K, 0% used [0x00000000d5580000,0x00000000d5580000,0x00000000d6180000)
  from space 1024K, 98% used [0x00000000d6300000,0x00000000d63fc5d0,0x00000000d6400000)
  to   space 1024K, 0% used [0x00000000d6400000,0x00000000d6400000,0x00000000d6500000)
 ParOldGen       total 68608K, used 42731K [0x0000000080000000, 0x0000000084300000, 0x00000000d5580000)
  object space 68608K, 62% used [0x0000000080000000,0x00000000829bac78,0x0000000084300000)
 Metaspace       used 60103K, committed 61376K, reserved 1114112K
  class space    used 7495K, committed 8064K, reserved 1048576K
}
Event: 16.114 GC heap before
{Heap before GC invocations=67 (full 3):
 PSYoungGen      total 13312K, used 13297K [0x00000000d5580000, 0x00000000d6500000, 0x0000000100000000)
  eden space 12288K, 100% used [0x00000000d5580000,0x00000000d6180000,0x00000000d6180000)
  from space 1024K, 98% used [0x00000000d6300000,0x00000000d63fc5d0,0x00000000d6400000)
  to   space 1024K, 0% used [0x00000000d6400000,0x00000000d6400000,0x00000000d6500000)
 ParOldGen       total 68608K, used 42731K [0x0000000080000000, 0x0000000084300000, 0x00000000d5580000)
  object space 68608K, 62% used [0x0000000080000000,0x00000000829bac78,0x0000000084300000)
 Metaspace       used 60103K, committed 61376K, reserved 1114112K
  class space    used 7495K, committed 8064K, reserved 1048576K
}
Event: 16.115 GC heap after
{Heap after GC invocations=67 (full 3):
 PSYoungGen      total 12800K, used 480K [0x00000000d5580000, 0x00000000d6480000, 0x0000000100000000)
  eden space 12288K, 0% used [0x00000000d5580000,0x00000000d5580000,0x00000000d6180000)
  from space 512K, 93% used [0x00000000d6400000,0x00000000d6478000,0x00000000d6480000)
  to   space 1024K, 0% used [0x00000000d6280000,0x00000000d6280000,0x00000000d6380000)
 ParOldGen       total 68608K, used 42819K [0x0000000080000000, 0x0000000084300000, 0x00000000d5580000)
  object space 68608K, 62% used [0x0000000080000000,0x00000000829d0c78,0x0000000084300000)
 Metaspace       used 60103K, committed 61376K, reserved 1114112K
  class space    used 7495K, committed 8064K, reserved 1048576K
}
Event: 16.162 GC heap before
{Heap before GC invocations=68 (full 3):
 PSYoungGen      total 12800K, used 12768K [0x00000000d5580000, 0x00000000d6480000, 0x0000000100000000)
  eden space 12288K, 100% used [0x00000000d5580000,0x00000000d6180000,0x00000000d6180000)
  from space 512K, 93% used [0x00000000d6400000,0x00000000d6478000,0x00000000d6480000)
  to   space 1024K, 0% used [0x00000000d6280000,0x00000000d6280000,0x00000000d6380000)
 ParOldGen       total 68608K, used 42819K [0x0000000080000000, 0x0000000084300000, 0x00000000d5580000)
  object space 68608K, 62% used [0x0000000080000000,0x00000000829d0c78,0x0000000084300000)
 Metaspace       used 60103K, committed 61376K, reserved 1114112K
  class space    used 7495K, committed 8064K, reserved 1048576K
}
Event: 16.162 GC heap after
{Heap after GC invocations=68 (full 3):
 PSYoungGen      total 13312K, used 945K [0x00000000d5580000, 0x00000000d6480000, 0x0000000100000000)
  eden space 12288K, 0% used [0x00000000d5580000,0x00000000d5580000,0x00000000d6180000)
  from space 1024K, 92% used [0x00000000d6280000,0x00000000d636c6e0,0x00000000d6380000)
  to   space 1024K, 0% used [0x00000000d6380000,0x00000000d6380000,0x00000000d6480000)
 ParOldGen       total 68608K, used 43147K [0x0000000080000000, 0x0000000084300000, 0x00000000d5580000)
  object space 68608K, 62% used [0x0000000080000000,0x0000000082a22d10,0x0000000084300000)
 Metaspace       used 60103K, committed 61376K, reserved 1114112K
  class space    used 7495K, committed 8064K, reserved 1048576K
}
Event: 16.280 GC heap before
{Heap before GC invocations=69 (full 3):
 PSYoungGen      total 13312K, used 13233K [0x00000000d5580000, 0x00000000d6480000, 0x0000000100000000)
  eden space 12288K, 100% used [0x00000000d5580000,0x00000000d6180000,0x00000000d6180000)
  from space 1024K, 92% used [0x00000000d6280000,0x00000000d636c6e0,0x00000000d6380000)
  to   space 1024K, 0% used [0x00000000d6380000,0x00000000d6380000,0x00000000d6480000)
 ParOldGen       total 68608K, used 43147K [0x0000000080000000, 0x0000000084300000, 0x00000000d5580000)
  object space 68608K, 62% used [0x0000000080000000,0x0000000082a22d10,0x0000000084300000)
 Metaspace       used 60934K, committed 62272K, reserved 1114112K
  class space    used 7619K, committed 8192K, reserved 1048576K
}
Event: 16.281 GC heap after
{Heap after GC invocations=69 (full 3):
 PSYoungGen      total 13312K, used 512K [0x00000000d5580000, 0x00000000d6480000, 0x0000000100000000)
  eden space 12288K, 0% used [0x00000000d5580000,0x00000000d5580000,0x00000000d6180000)
  from space 1024K, 50% used [0x00000000d6380000,0x00000000d6400010,0x00000000d6480000)
  to   space 1024K, 0% used [0x00000000d6280000,0x00000000d6280000,0x00000000d6380000)
 ParOldGen       total 68608K, used 43227K [0x0000000080000000, 0x0000000084300000, 0x00000000d5580000)
  object space 68608K, 63% used [0x0000000080000000,0x0000000082a36d10,0x0000000084300000)
 Metaspace       used 60934K, committed 62272K, reserved 1114112K
  class space    used 7619K, committed 8192K, reserved 1048576K
}
Event: 16.422 GC heap before
{Heap before GC invocations=70 (full 3):
 PSYoungGen      total 13312K, used 12800K [0x00000000d5580000, 0x00000000d6480000, 0x0000000100000000)
  eden space 12288K, 100% used [0x00000000d5580000,0x00000000d6180000,0x00000000d6180000)
  from space 1024K, 50% used [0x00000000d6380000,0x00000000d6400010,0x00000000d6480000)
  to   space 1024K, 0% used [0x00000000d6280000,0x00000000d6280000,0x00000000d6380000)
 ParOldGen       total 68608K, used 43227K [0x0000000080000000, 0x0000000084300000, 0x00000000d5580000)
  object space 68608K, 63% used [0x0000000080000000,0x0000000082a36d10,0x0000000084300000)
 Metaspace       used 62145K, committed 63488K, reserved 1114112K
  class space    used 7828K, committed 8448K, reserved 1048576K
}
Event: 16.424 GC heap after
{Heap after GC invocations=70 (full 3):
 PSYoungGen      total 13312K, used 608K [0x00000000d5580000, 0x00000000d6400000, 0x0000000100000000)
  eden space 12288K, 0% used [0x00000000d5580000,0x00000000d5580000,0x00000000d6180000)
  from space 1024K, 59% used [0x00000000d6280000,0x00000000d6318000,0x00000000d6380000)
  to   space 512K, 0% used [0x00000000d6380000,0x00000000d6380000,0x00000000d6400000)
 ParOldGen       total 68608K, used 43602K [0x0000000080000000, 0x0000000084300000, 0x00000000d5580000)
  object space 68608K, 63% used [0x0000000080000000,0x0000000082a94a40,0x0000000084300000)
 Metaspace       used 62145K, committed 63488K, reserved 1114112K
  class space    used 7828K, committed 8448K, reserved 1048576K
}

Dll operation events (15 events):
Event: 0.091 Loaded shared library c:\Users\Haqii\.vscode\extensions\redhat.java-1.47.0-win32-x64\jre\21.0.8-win32-x86_64\bin\java.dll
Event: 0.192 Loaded shared library c:\Users\Haqii\.vscode\extensions\redhat.java-1.47.0-win32-x64\jre\21.0.8-win32-x86_64\bin\zip.dll
Event: 0.222 Loaded shared library C:\Users\Haqii\.vscode\extensions\redhat.java-1.47.0-win32-x64\jre\21.0.8-win32-x86_64\bin\instrument.dll
Event: 0.228 Loaded shared library C:\Users\Haqii\.vscode\extensions\redhat.java-1.47.0-win32-x64\jre\21.0.8-win32-x86_64\bin\net.dll
Event: 0.233 Loaded shared library C:\Users\Haqii\.vscode\extensions\redhat.java-1.47.0-win32-x64\jre\21.0.8-win32-x86_64\bin\nio.dll
Event: 0.238 Loaded shared library C:\Users\Haqii\.vscode\extensions\redhat.java-1.47.0-win32-x64\jre\21.0.8-win32-x86_64\bin\zip.dll
Event: 0.266 Loaded shared library C:\Users\Haqii\.vscode\extensions\redhat.java-1.47.0-win32-x64\jre\21.0.8-win32-x86_64\bin\jimage.dll
Event: 0.343 Loaded shared library c:\Users\Haqii\.vscode\extensions\redhat.java-1.47.0-win32-x64\jre\21.0.8-win32-x86_64\bin\verify.dll
Event: 2.138 Loaded shared library C:\Users\Haqii\AppData\Roaming\Code\User\globalStorage\redhat.java\1.47.0\config_win\org.eclipse.equinox.launcher\org.eclipse.equinox.launcher.win32.win32.x86_64_1.2.1400.v20250801-0854\eclipse_11916.dll
Event: 3.477 Loaded shared library C:\Users\Haqii\AppData\Local\Temp\jna-69495192\jna3364598470754543051.dll
Event: 7.152 Loaded shared library C:\Users\Haqii\.gradle\native\1def1411415f61bf3af743bc5b6707747c0891f09f0c88961ee8f79bc544acac\windows-amd64\native-platform.dll
Event: 7.946 Loaded shared library C:\Users\Haqii\.vscode\extensions\redhat.java-1.47.0-win32-x64\jre\21.0.8-win32-x86_64\bin\management.dll
Event: 7.948 Loaded shared library C:\Users\Haqii\.vscode\extensions\redhat.java-1.47.0-win32-x64\jre\21.0.8-win32-x86_64\bin\management_ext.dll
Event: 16.254 Loaded shared library C:\Users\Haqii\.vscode\extensions\redhat.java-1.47.0-win32-x64\jre\21.0.8-win32-x86_64\bin\extnet.dll
Event: 16.479 Loaded shared library C:\Users\Haqii\.vscode\extensions\redhat.java-1.47.0-win32-x64\jre\21.0.8-win32-x86_64\bin\sunmscapi.dll

Deoptimization events (20 events):
Event: 16.593 Thread 0x000001db7d48b2b0 Uncommon trap: trap_request=0xffffffc6 fr.pc=0x000001db2444f0b4 relative=0x0000000000000634
Event: 16.593 Thread 0x000001db7d48b2b0 Uncommon trap: reason=bimorphic_or_optimized_type_check action=maybe_recompile pc=0x000001db2444f0b4 method=java.util.HashMap.removeNode(ILjava/lang/Object;Ljava/lang/Object;ZZ)Ljava/util/HashMap$Node; @ 68 c2
Event: 16.594 Thread 0x000001db7d48b2b0 DEOPT PACKING pc=0x000001db2444f0b4 sp=0x000000d6a6efdd10
Event: 16.594 Thread 0x000001db7d48b2b0 DEOPT UNPACKING pc=0x000001db23a73aa2 sp=0x000000d6a6efdc18 mode 2
Event: 16.686 Thread 0x000001db7d48b2b0 Uncommon trap: trap_request=0xffffffc6 fr.pc=0x000001db2444f0b4 relative=0x0000000000000634
Event: 16.686 Thread 0x000001db7d48b2b0 Uncommon trap: reason=bimorphic_or_optimized_type_check action=maybe_recompile pc=0x000001db2444f0b4 method=java.util.HashMap.removeNode(ILjava/lang/Object;Ljava/lang/Object;ZZ)Ljava/util/HashMap$Node; @ 68 c2
Event: 16.686 Thread 0x000001db7d48b2b0 DEOPT PACKING pc=0x000001db2444f0b4 sp=0x000000d6a6efdd10
Event: 16.686 Thread 0x000001db7d48b2b0 DEOPT UNPACKING pc=0x000001db23a73aa2 sp=0x000000d6a6efdc18 mode 2
Event: 16.688 Thread 0x000001db7d48b2b0 Uncommon trap: trap_request=0xffffffc6 fr.pc=0x000001db2444db6c relative=0x00000000000005ec
Event: 16.688 Thread 0x000001db7d48b2b0 Uncommon trap: reason=bimorphic_or_optimized_type_check action=maybe_recompile pc=0x000001db2444db6c method=java.util.HashMap.removeNode(ILjava/lang/Object;Ljava/lang/Object;ZZ)Ljava/util/HashMap$Node; @ 68 c2
Event: 16.688 Thread 0x000001db7d48b2b0 DEOPT PACKING pc=0x000001db2444db6c sp=0x000000d6a6efdc70
Event: 16.688 Thread 0x000001db7d48b2b0 DEOPT UNPACKING pc=0x000001db23a73aa2 sp=0x000000d6a6efdc18 mode 2
Event: 16.694 Thread 0x000001db7d48b2b0 Uncommon trap: trap_request=0xffffffde fr.pc=0x000001db2461ef54 relative=0x0000000000000614
Event: 16.694 Thread 0x000001db7d48b2b0 Uncommon trap: reason=class_check action=maybe_recompile pc=0x000001db2461ef54 method=java.util.Collections$SetFromMap.remove(Ljava/lang/Object;)Z @ 5 c2
Event: 16.694 Thread 0x000001db7d48b2b0 DEOPT PACKING pc=0x000001db2461ef54 sp=0x000000d6a6efe0d0
Event: 16.694 Thread 0x000001db7d48b2b0 DEOPT UNPACKING pc=0x000001db23a73aa2 sp=0x000000d6a6efe0c8 mode 2
Event: 16.725 Thread 0x000001db7d48b2b0 Uncommon trap: trap_request=0xffffffde fr.pc=0x000001db2461ef54 relative=0x0000000000000614
Event: 16.725 Thread 0x000001db7d48b2b0 Uncommon trap: reason=class_check action=maybe_recompile pc=0x000001db2461ef54 method=java.util.Collections$SetFromMap.remove(Ljava/lang/Object;)Z @ 5 c2
Event: 16.725 Thread 0x000001db7d48b2b0 DEOPT PACKING pc=0x000001db2461ef54 sp=0x000000d6a6efe0d0
Event: 16.725 Thread 0x000001db7d48b2b0 DEOPT UNPACKING pc=0x000001db23a73aa2 sp=0x000000d6a6efe0c8 mode 2

Classes loaded (20 events):
Event: 16.511 Loading class java/nio/channels/spi/AbstractSelectionKey done
Event: 16.511 Loading class sun/nio/ch/SelectionKeyImpl done
Event: 16.511 Loading class java/lang/invoke/ConstantBootstraps
Event: 16.511 Loading class java/lang/invoke/ConstantBootstraps done
Event: 16.530 Loading class java/io/ObjectStreamClass$1
Event: 16.530 Loading class java/io/ObjectStreamClass$1 done
Event: 16.530 Loading class java/io/ObjectStreamClass$MemberSignature
Event: 16.530 Loading class java/io/ObjectStreamClass$MemberSignature done
Event: 16.530 Loading class java/io/ObjectStreamClass$3
Event: 16.531 Loading class java/io/ObjectStreamClass$3 done
Event: 16.531 Loading class java/io/ObjectStreamClass$4
Event: 16.531 Loading class java/io/ObjectStreamClass$4 done
Event: 16.533 Loading class java/io/ObjectStreamClass$5
Event: 16.533 Loading class java/io/ObjectStreamClass$5 done
Event: 16.550 Loading class java/nio/channels/spi/AbstractSelector$1
Event: 16.550 Loading class java/nio/channels/spi/AbstractSelector$1 done
Event: 16.562 Loading class java/util/concurrent/Executors$AutoShutdownDelegatedExecutorService
Event: 16.562 Loading class java/util/concurrent/Executors$AutoShutdownDelegatedExecutorService done
Event: 16.567 Loading class java/lang/UnsupportedClassVersionError
Event: 16.567 Loading class java/lang/UnsupportedClassVersionError done

Classes unloaded (7 events):
Event: 3.947 Thread 0x000001db19374070 Unloading class 0x000001db311acc00 'java/lang/invoke/LambdaForm$MH+0x000001db311acc00'
Event: 3.947 Thread 0x000001db19374070 Unloading class 0x000001db311ac800 'java/lang/invoke/LambdaForm$MH+0x000001db311ac800'
Event: 3.947 Thread 0x000001db19374070 Unloading class 0x000001db311ac400 'java/lang/invoke/LambdaForm$MH+0x000001db311ac400'
Event: 3.947 Thread 0x000001db19374070 Unloading class 0x000001db311ac000 'java/lang/invoke/LambdaForm$MH+0x000001db311ac000'
Event: 3.947 Thread 0x000001db19374070 Unloading class 0x000001db311abc00 'java/lang/invoke/LambdaForm$BMH+0x000001db311abc00'
Event: 3.947 Thread 0x000001db19374070 Unloading class 0x000001db311ab800 'java/lang/invoke/LambdaForm$DMH+0x000001db311ab800'
Event: 3.947 Thread 0x000001db19374070 Unloading class 0x000001db311aa400 'java/lang/invoke/LambdaForm$DMH+0x000001db311aa400'

Classes redefined (0 events):
No events

Internal exceptions (20 events):
Event: 16.335 Thread 0x000001db7d48b2b0 Exception <a 'java/lang/NoSuchMethodError'{0x00000000d5af5b88}: 'java.lang.Object java.lang.invoke.DirectMethodHandle$Holder.newInvokeSpecial(java.lang.Object, java.lang.Object, java.lang.Object, java.lang.Object, java.lang.Object, java.lang.Object, java.lang.Object, java.lang.Object, java.lang.Object, java.lang.Object, java.lang.Object, java.lang.Object, java.lang.Object, java.lang.Object, java.lang.Object, java.lang.Object, java.lang.Object, java.lang.Object, java.lang.Object, java.lang.Object, java.lang
Event: 16.335 Thread 0x000001db7d48b2b0 Exception <a 'java/lang/NoSuchMethodError'{0x00000000d5afbd80}: 'java.lang.Object java.lang.invoke.Invokers$Holder.linkToTargetMethod(java.lang.Object, java.lang.Object, java.lang.Object, java.lang.Object, java.lang.Object, java.lang.Object, java.lang.Object, java.lang.Object, java.lang.Object, java.lang.Object, java.lang.Object, java.lang.Object, java.lang.Object, java.lang.Object, java.lang.Object, java.lang.Object, java.lang.Object, java.lang.Object, java.lang.Object, java.lang.Object, java.lang.Object,
Event: 16.336 Thread 0x000001db7d48b2b0 Exception <a 'java/lang/NoSuchMethodError'{0x00000000d5b00f48}: 'java.lang.Object java.lang.invoke.DirectMethodHandle$Holder.invokeVirtual(java.lang.Object, java.lang.Object, java.lang.Object, java.lang.Object, java.lang.Object, java.lang.Object, java.lang.Object, java.lang.Object, java.lang.Object, java.lang.Object)'> (0x00000000d5b00f48) 
thrown [s\src\hotspot\share\interpreter\linkResolver.cpp, line 773]
Event: 16.351 Thread 0x000001db7d48b2b0 Exception <a 'java/lang/NoSuchMethodError'{0x00000000d5c9ef60}: 'java.lang.Object java.lang.invoke.DirectMethodHandle$Holder.invokeVirtual(java.lang.Object, java.lang.Object, java.lang.Object, java.lang.Object, java.lang.Object, java.lang.Object, java.lang.Object, java.lang.Object, java.lang.Object)'> (0x00000000d5c9ef60) 
thrown [s\src\hotspot\share\interpreter\linkResolver.cpp, line 773]
Event: 16.377 Thread 0x000001db7d48b2b0 Exception <a 'java/lang/NoSuchMethodError'{0x00000000d5ee1908}: 'java.lang.Object java.lang.invoke.DirectMethodHandle$Holder.invokeVirtual(java.lang.Object, java.lang.Object, java.lang.Object, java.lang.Object, java.lang.Object, java.lang.Object, java.lang.Object, java.lang.Object)'> (0x00000000d5ee1908) 
thrown [s\src\hotspot\share\interpreter\linkResolver.cpp, line 773]
Event: 16.383 Thread 0x000001db7d48b2b0 Exception <a 'java/lang/NoSuchMethodError'{0x00000000d5f593f0}: 'long java.lang.invoke.DirectMethodHandle$Holder.invokeVirtual(java.lang.Object, java.lang.Object)'> (0x00000000d5f593f0) 
thrown [s\src\hotspot\share\interpreter\linkResolver.cpp, line 773]
Event: 16.383 Thread 0x000001db7d48b2b0 Exception <a 'java/lang/NoSuchMethodError'{0x00000000d5f5c7f0}: 'long java.lang.invoke.DelegatingMethodHandle$Holder.reinvoke_L(java.lang.Object, java.lang.Object)'> (0x00000000d5f5c7f0) 
thrown [s\src\hotspot\share\interpreter\linkResolver.cpp, line 773]
Event: 16.531 Thread 0x000001db7d48b2b0 Exception <a 'java/lang/NoSuchMethodError'{0x00000000d5a402f8}: static Lorg/gradle/tooling/internal/provider/serialization/ClassLoaderDetails;.<clinit>()V> (0x00000000d5a402f8) 
thrown [s\src\hotspot\share\prims\jni.cpp, line 1111]
Event: 16.537 Thread 0x000001db7d48b2b0 Exception <a 'java/lang/NoSuchMethodError'{0x00000000d5a63aa0}: static Lorg/gradle/tooling/internal/provider/serialization/WellKnownClassLoaderRegistry$KnownClassLoaderSpec;.<clinit>()V> (0x00000000d5a63aa0) 
thrown [s\src\hotspot\share\prims\jni.cpp, line 1111]
Event: 16.538 Thread 0x000001db7d48b2b0 Exception <a 'java/lang/NoSuchMethodError'{0x00000000d5a65348}: static Lorg/gradle/internal/classloader/ClassLoaderSpec;.<clinit>()V> (0x00000000d5a65348) 
thrown [s\src\hotspot\share\prims\jni.cpp, line 1111]
Event: 16.541 Thread 0x000001db7d48b2b0 Exception <a 'java/lang/NoSuchMethodError'{0x00000000d5a820a0}: static Lorg/gradle/tooling/internal/provider/serialization/ClientOwnedClassLoaderSpec;.<clinit>()V> (0x00000000d5a820a0) 
thrown [s\src\hotspot\share\prims\jni.cpp, line 1111]
Event: 16.546 Thread 0x000001db7d48b2b0 Exception <a 'java/lang/NoSuchMethodError'{0x00000000d5aca078}: static [Ljava/lang/Object;.<clinit>()V> (0x00000000d5aca078) 
thrown [s\src\hotspot\share\prims\jni.cpp, line 1111]
Event: 16.569 Thread 0x000001db7d48b2b0 Exception <a 'java/lang/NoSuchMethodError'{0x00000000d5b47800}: static Lorg/gradle/internal/build/event/types/AbstractProgressEvent;.<clinit>()V> (0x00000000d5b47800) 
thrown [s\src\hotspot\share\prims\jni.cpp, line 1111]
Event: 16.570 Thread 0x000001db7d48b2b0 Exception <a 'java/lang/NoSuchMethodError'{0x00000000d5b55720}: static Lorg/gradle/internal/build/event/types/DefaultOperationStartedProgressEvent;.<clinit>()V> (0x00000000d5b55720) 
thrown [s\src\hotspot\share\prims\jni.cpp, line 1111]
Event: 16.572 Thread 0x000001db7d48b2b0 Exception <a 'java/lang/NoSuchMethodError'{0x00000000d5b6b6c0}: static Lorg/gradle/internal/build/event/types/DefaultOperationDescriptor;.<clinit>()V> (0x00000000d5b6b6c0) 
thrown [s\src\hotspot\share\prims\jni.cpp, line 1111]
Event: 16.573 Thread 0x000001db7d48b2b0 Exception <a 'java/lang/NoSuchMethodError'{0x00000000d5b79f30}: static Lorg/gradle/internal/operations/OperationIdentifier;.<clinit>()V> (0x00000000d5b79f30) 
thrown [s\src\hotspot\share\prims\jni.cpp, line 1111]
Event: 16.590 Thread 0x000001db7d48b2b0 Exception <a 'java/lang/NoSuchMethodError'{0x00000000d5bc5d90}: static Lorg/gradle/internal/build/event/types/DefaultOperationFinishedProgressEvent;.<clinit>()V> (0x00000000d5bc5d90) 
thrown [s\src\hotspot\share\prims\jni.cpp, line 1111]
Event: 16.592 Thread 0x000001db7d48b2b0 Exception <a 'java/lang/NoSuchMethodError'{0x00000000d5bdc958}: static Lorg/gradle/internal/build/event/types/AbstractResult;.<clinit>()V> (0x00000000d5bdc958) 
thrown [s\src\hotspot\share\prims\jni.cpp, line 1111]
Event: 16.593 Thread 0x000001db7d48b2b0 Exception <a 'java/lang/NoSuchMethodError'{0x00000000d5bea3c0}: static Lorg/gradle/internal/build/event/types/AbstractOperationResult;.<clinit>()V> (0x00000000d5bea3c0) 
thrown [s\src\hotspot\share\prims\jni.cpp, line 1111]
Event: 16.593 Thread 0x000001db7d48b2b0 Exception <a 'java/lang/NoSuchMethodError'{0x00000000d5bf83f0}: static Lorg/gradle/internal/build/event/types/DefaultSuccessResult;.<clinit>()V> (0x00000000d5bf83f0) 
thrown [s\src\hotspot\share\prims\jni.cpp, line 1111]

ZGC Phase Switch (0 events):
No events

VM Operations (20 events):
Event: 15.942 Executing VM operation: ParallelGCFailedAllocation (Allocation Failure)
Event: 15.943 Executing VM operation: ParallelGCFailedAllocation (Allocation Failure) done
Event: 16.005 Executing VM operation: ParallelGCFailedAllocation (Allocation Failure)
Event: 16.006 Executing VM operation: ParallelGCFailedAllocation (Allocation Failure) done
Event: 16.056 Executing VM operation: ParallelGCFailedAllocation (Allocation Failure)
Event: 16.057 Executing VM operation: ParallelGCFailedAllocation (Allocation Failure) done
Event: 16.114 Executing VM operation: ParallelGCFailedAllocation (Allocation Failure)
Event: 16.115 Executing VM operation: ParallelGCFailedAllocation (Allocation Failure) done
Event: 16.162 Executing VM operation: ParallelGCFailedAllocation (Allocation Failure)
Event: 16.162 Executing VM operation: ParallelGCFailedAllocation (Allocation Failure) done
Event: 16.280 Executing VM operation: ParallelGCFailedAllocation (Allocation Failure)
Event: 16.281 Executing VM operation: ParallelGCFailedAllocation (Allocation Failure) done
Event: 16.358 Executing VM operation: HandshakeAllThreads (Deoptimize)
Event: 16.358 Executing VM operation: HandshakeAllThreads (Deoptimize) done
Event: 16.422 Executing VM operation: ParallelGCFailedAllocation (Allocation Failure)
Event: 16.424 Executing VM operation: ParallelGCFailedAllocation (Allocation Failure) done
Event: 16.463 Executing VM operation: HandshakeAllThreads (Deoptimize)
Event: 16.463 Executing VM operation: HandshakeAllThreads (Deoptimize) done
Event: 17.463 Executing VM operation: Cleanup
Event: 17.463 Executing VM operation: Cleanup done

Memory protections (0 events):
No events

Nmethod flushes (20 events):
Event: 14.894 Thread 0x000001db19374070 flushing  nmethod 0x000001db1cf5ba90
Event: 14.894 Thread 0x000001db19374070 flushing  nmethod 0x000001db1cf5c790
Event: 14.894 Thread 0x000001db19374070 flushing  nmethod 0x000001db1cf5dc90
Event: 14.894 Thread 0x000001db19374070 flushing  nmethod 0x000001db1cf5f410
Event: 14.894 Thread 0x000001db19374070 flushing  nmethod 0x000001db1cf60510
Event: 14.894 Thread 0x000001db19374070 flushing  nmethod 0x000001db1cf62610
Event: 14.894 Thread 0x000001db19374070 flushing  nmethod 0x000001db1cf63410
Event: 14.894 Thread 0x000001db19374070 flushing  nmethod 0x000001db1cf64990
Event: 14.894 Thread 0x000001db19374070 flushing  nmethod 0x000001db1cf66c10
Event: 14.894 Thread 0x000001db19374070 flushing  nmethod 0x000001db1cf76a10
Event: 14.894 Thread 0x000001db19374070 flushing  nmethod 0x000001db1cf77410
Event: 14.894 Thread 0x000001db19374070 flushing  nmethod 0x000001db1cf78f10
Event: 14.894 Thread 0x000001db19374070 flushing  nmethod 0x000001db1cf79390
Event: 14.894 Thread 0x000001db19374070 flushing  nmethod 0x000001db1cf7ac90
Event: 14.894 Thread 0x000001db19374070 flushing  nmethod 0x000001db1cf7b010
Event: 14.894 Thread 0x000001db19374070 flushing  nmethod 0x000001db1cf7ba10
Event: 14.894 Thread 0x000001db19374070 flushing  nmethod 0x000001db1cf7e190
Event: 14.894 Thread 0x000001db19374070 flushing  nmethod 0x000001db1cf87490
Event: 14.894 Thread 0x000001db19374070 flushing  nmethod 0x000001db1cfb1990
Event: 14.894 Thread 0x000001db19374070 flushing  nmethod 0x000001db1cfcad90

Events (20 events):
Event: 10.042 Thread 0x000001db7d48ac20 Thread exited: 0x000001db7d48ac20
Event: 10.049 Thread 0x000001db7912f880 Thread added: 0x000001db7d48a590
Event: 12.164 Thread 0x000001db723dda00 Thread added: 0x000001db723de7a0
Event: 13.163 Thread 0x000001db723dd330 Thread added: 0x000001db723dee70
Event: 13.196 Thread 0x000001db723de0d0 Thread added: 0x000001db723df540
Event: 13.720 Thread 0x000001db723dc590 Thread added: 0x000001db723dbec0
Event: 14.191 Thread 0x000001db7912f880 Thread added: 0x000001db7d48ac20
Event: 14.196 Thread 0x000001db7912f880 Thread added: 0x000001db7d48b2b0
Event: 14.220 Thread 0x000001db7d48b2b0 Thread exited: 0x000001db7d48b2b0
Event: 14.221 Thread 0x000001db7912f880 Thread added: 0x000001db7d48b940
Event: 14.225 Thread 0x000001db7912f880 Thread added: 0x000001db7d48b2b0
Event: 14.929 Thread 0x000001db723dd330 Thread exited: 0x000001db723dd330
Event: 14.929 Thread 0x000001db723dbec0 Thread exited: 0x000001db723dbec0
Event: 15.680 Thread 0x000001db723dda00 Thread exited: 0x000001db723dda00
Event: 16.193 Thread 0x000001db723df540 Thread exited: 0x000001db723df540
Event: 16.193 Thread 0x000001db723dee70 Thread exited: 0x000001db723dee70
Event: 16.194 Thread 0x000001db723de7a0 Thread exited: 0x000001db723de7a0
Event: 16.331 Thread 0x000001db723de0d0 Thread added: 0x000001db784cb100
Event: 16.395 Thread 0x000001db7d48b2b0 Thread added: 0x000001db7d489f00
Event: 17.222 Thread 0x000001db784cb100 Thread exited: 0x000001db784cb100


Dynamic libraries:
0x00007ff6dc750000 - 0x00007ff6dc75e000 	c:\Users\Haqii\.vscode\extensions\redhat.java-1.47.0-win32-x64\jre\21.0.8-win32-x86_64\bin\java.exe
0x00007ff9d3ac0000 - 0x00007ff9d3d28000 	C:\WINDOWS\SYSTEM32\ntdll.dll
0x00007ff9d3310000 - 0x00007ff9d33d9000 	C:\WINDOWS\System32\KERNEL32.DLL
0x00007ff9d0f10000 - 0x00007ff9d1302000 	C:\WINDOWS\System32\KERNELBASE.dll
0x00007ff9d0dc0000 - 0x00007ff9d0f0b000 	C:\WINDOWS\System32\ucrtbase.dll
0x00007ff9b94f0000 - 0x00007ff9b9508000 	c:\Users\Haqii\.vscode\extensions\redhat.java-1.47.0-win32-x64\jre\21.0.8-win32-x86_64\bin\jli.dll
0x00007ff9d35e0000 - 0x00007ff9d37a5000 	C:\WINDOWS\System32\USER32.dll
0x00007ff9d13b0000 - 0x00007ff9d13d7000 	C:\WINDOWS\System32\win32u.dll
0x00007ff9d34a0000 - 0x00007ff9d34cb000 	C:\WINDOWS\System32\GDI32.dll
0x00007ff9d1490000 - 0x00007ff9d15bd000 	C:\WINDOWS\System32\gdi32full.dll
0x00007ff9d13e0000 - 0x00007ff9d1483000 	C:\WINDOWS\System32\msvcp_win.dll
0x00007ff9b8510000 - 0x00007ff9b852e000 	c:\Users\Haqii\.vscode\extensions\redhat.java-1.47.0-win32-x64\jre\21.0.8-win32-x86_64\bin\VCRUNTIME140.dll
0x00007ff9c0a70000 - 0x00007ff9c0d03000 	C:\WINDOWS\WinSxS\amd64_microsoft.windows.common-controls_6595b64144ccf1df_6.0.26100.6899_none_3e0efeeae32e88c1\COMCTL32.dll
0x00007ff9d37b0000 - 0x00007ff9d3859000 	C:\WINDOWS\System32\msvcrt.dll
0x00007ff9d3170000 - 0x00007ff9d319f000 	C:\WINDOWS\System32\IMM32.DLL
0x00007ff9bc660000 - 0x00007ff9bc66c000 	c:\Users\Haqii\.vscode\extensions\redhat.java-1.47.0-win32-x64\jre\21.0.8-win32-x86_64\bin\vcruntime140_1.dll
0x00007ff98ce90000 - 0x00007ff98cf1d000 	c:\Users\Haqii\.vscode\extensions\redhat.java-1.47.0-win32-x64\jre\21.0.8-win32-x86_64\bin\msvcp140.dll
0x00007ff9159e0000 - 0x00007ff916777000 	c:\Users\Haqii\.vscode\extensions\redhat.java-1.47.0-win32-x64\jre\21.0.8-win32-x86_64\bin\server\jvm.dll
0x00007ff9d29c0000 - 0x00007ff9d2a74000 	C:\WINDOWS\System32\ADVAPI32.dll
0x00007ff9d2800000 - 0x00007ff9d28a6000 	C:\WINDOWS\System32\sechost.dll
0x00007ff9d1890000 - 0x00007ff9d19a8000 	C:\WINDOWS\System32\RPCRT4.dll
0x00007ff9d2940000 - 0x00007ff9d29b4000 	C:\WINDOWS\System32\WS2_32.dll
0x00007ff9d0ad0000 - 0x00007ff9d0b2e000 	C:\WINDOWS\SYSTEM32\POWRPROF.dll
0x00007ff9c50e0000 - 0x00007ff9c5115000 	C:\WINDOWS\SYSTEM32\WINMM.dll
0x00007ff9ca0f0000 - 0x00007ff9ca0fb000 	C:\WINDOWS\SYSTEM32\VERSION.dll
0x00007ff9d0ab0000 - 0x00007ff9d0ac4000 	C:\WINDOWS\SYSTEM32\UMPDC.dll
0x00007ff9cfa20000 - 0x00007ff9cfa3b000 	C:\WINDOWS\SYSTEM32\kernel.appcore.dll
0x00007ff9bb650000 - 0x00007ff9bb65a000 	c:\Users\Haqii\.vscode\extensions\redhat.java-1.47.0-win32-x64\jre\21.0.8-win32-x86_64\bin\jimage.dll
0x00007ff9ce050000 - 0x00007ff9ce292000 	C:\WINDOWS\SYSTEM32\DBGHELP.DLL
0x00007ff9d1d00000 - 0x00007ff9d207b000 	C:\WINDOWS\System32\combase.dll
0x00007ff9d31b0000 - 0x00007ff9d3287000 	C:\WINDOWS\System32\OLEAUT32.dll
0x00007ff9ba550000 - 0x00007ff9ba58c000 	C:\WINDOWS\SYSTEM32\dbgcore.DLL
0x00007ff9d1310000 - 0x00007ff9d13a8000 	C:\WINDOWS\System32\bcryptPrimitives.dll
0x00007ff9cb420000 - 0x00007ff9cb42f000 	c:\Users\Haqii\.vscode\extensions\redhat.java-1.47.0-win32-x64\jre\21.0.8-win32-x86_64\bin\instrument.dll
0x00007ff9b4c00000 - 0x00007ff9b4c1f000 	c:\Users\Haqii\.vscode\extensions\redhat.java-1.47.0-win32-x64\jre\21.0.8-win32-x86_64\bin\java.dll
0x00007ff9d20b0000 - 0x00007ff9d27fd000 	C:\WINDOWS\System32\SHELL32.dll
0x00007ff9d0c50000 - 0x00007ff9d0dbb000 	C:\WINDOWS\System32\wintypes.dll
0x00007ff9ce8e0000 - 0x00007ff9cf13d000 	C:\WINDOWS\SYSTEM32\windows.storage.dll
0x00007ff9d34d0000 - 0x00007ff9d35c2000 	C:\WINDOWS\System32\SHCORE.dll
0x00007ff9d1c90000 - 0x00007ff9d1cf2000 	C:\WINDOWS\System32\shlwapi.dll
0x00007ff9d0b70000 - 0x00007ff9d0b99000 	C:\WINDOWS\SYSTEM32\profapi.dll
0x00007ff9b98c0000 - 0x00007ff9b98d8000 	c:\Users\Haqii\.vscode\extensions\redhat.java-1.47.0-win32-x64\jre\21.0.8-win32-x86_64\bin\zip.dll
0x00007ff9bb320000 - 0x00007ff9bb330000 	C:\Users\Haqii\.vscode\extensions\redhat.java-1.47.0-win32-x64\jre\21.0.8-win32-x86_64\bin\net.dll
0x00007ff9c5c80000 - 0x00007ff9c5d9f000 	C:\WINDOWS\SYSTEM32\WINHTTP.dll
0x00007ff9cff90000 - 0x00007ff9cfffb000 	C:\WINDOWS\system32\mswsock.dll
0x00007ff9aa290000 - 0x00007ff9aa2a6000 	C:\Users\Haqii\.vscode\extensions\redhat.java-1.47.0-win32-x64\jre\21.0.8-win32-x86_64\bin\nio.dll
0x00007ff9be140000 - 0x00007ff9be150000 	c:\Users\Haqii\.vscode\extensions\redhat.java-1.47.0-win32-x64\jre\21.0.8-win32-x86_64\bin\verify.dll
0x00007ff9be220000 - 0x00007ff9be264000 	C:\Users\Haqii\AppData\Roaming\Code\User\globalStorage\redhat.java\1.47.0\config_win\org.eclipse.equinox.launcher\org.eclipse.equinox.launcher.win32.win32.x86_64_1.2.1400.v20250801-0854\eclipse_11916.dll
0x00007ff9d38e0000 - 0x00007ff9d3a78000 	C:\WINDOWS\System32\ole32.dll
0x00007ff9d0240000 - 0x00007ff9d025b000 	C:\WINDOWS\SYSTEM32\CRYPTSP.dll
0x00007ff9cf980000 - 0x00007ff9cf9bb000 	C:\WINDOWS\system32\rsaenh.dll
0x00007ff9d0030000 - 0x00007ff9d005b000 	C:\WINDOWS\SYSTEM32\USERENV.dll
0x00007ff9d0b40000 - 0x00007ff9d0b66000 	C:\WINDOWS\SYSTEM32\bcrypt.dll
0x00007ff9d0260000 - 0x00007ff9d026c000 	C:\WINDOWS\SYSTEM32\CRYPTBASE.dll
0x00007ff9cf440000 - 0x00007ff9cf474000 	C:\WINDOWS\SYSTEM32\IPHLPAPI.DLL
0x00007ff9d2cd0000 - 0x00007ff9d2cda000 	C:\WINDOWS\System32\NSI.dll
0x00007ff9be1d0000 - 0x00007ff9be219000 	C:\Users\Haqii\AppData\Local\Temp\jna-69495192\jna3364598470754543051.dll
0x00007ff9d35d0000 - 0x00007ff9d35d8000 	C:\WINDOWS\System32\PSAPI.DLL
0x00007ff9c91f0000 - 0x00007ff9c920e000 	C:\WINDOWS\SYSTEM32\dhcpcsvc6.DLL
0x00007ff9c5460000 - 0x00007ff9c5483000 	C:\WINDOWS\SYSTEM32\dhcpcsvc.DLL
0x00007ff9add80000 - 0x00007ff9adda7000 	C:\Users\Haqii\.gradle\native\1def1411415f61bf3af743bc5b6707747c0891f09f0c88961ee8f79bc544acac\windows-amd64\native-platform.dll
0x00007ff9aff40000 - 0x00007ff9aff4a000 	C:\Users\Haqii\.vscode\extensions\redhat.java-1.47.0-win32-x64\jre\21.0.8-win32-x86_64\bin\management.dll
0x00007ff9aff30000 - 0x00007ff9aff3b000 	C:\Users\Haqii\.vscode\extensions\redhat.java-1.47.0-win32-x64\jre\21.0.8-win32-x86_64\bin\management_ext.dll
0x00007ff9af800000 - 0x00007ff9af809000 	C:\Users\Haqii\.vscode\extensions\redhat.java-1.47.0-win32-x64\jre\21.0.8-win32-x86_64\bin\extnet.dll
0x00007ff9af930000 - 0x00007ff9af93e000 	C:\Users\Haqii\.vscode\extensions\redhat.java-1.47.0-win32-x64\jre\21.0.8-win32-x86_64\bin\sunmscapi.dll
0x00007ff9d15c0000 - 0x00007ff9d1737000 	C:\WINDOWS\System32\CRYPT32.dll
0x00007ff9d0460000 - 0x00007ff9d0490000 	C:\WINDOWS\SYSTEM32\ncrypt.dll
0x00007ff9d0410000 - 0x00007ff9d044f000 	C:\WINDOWS\SYSTEM32\NTASN1.dll
0x00007ff964230000 - 0x00007ff964238000 	C:\WINDOWS\system32\wshunix.dll

JVMTI agents:
c:\Users\Haqii\.vscode\extensions\redhat.java-1.47.0-win32-x64\lombok\lombok-1.18.39-4050.jar path:c:\Users\Haqii\.vscode\extensions\redhat.java-1.47.0-win32-x64\jre\21.0.8-win32-x86_64\bin\instrument.dll, loaded, initialized, instrumentlib options:none

dbghelp: loaded successfully - version: 4.0.5 - missing functions: none
symbol engine: initialized successfully - sym options: 0x614 - pdb path: .;c:\Users\Haqii\.vscode\extensions\redhat.java-1.47.0-win32-x64\jre\21.0.8-win32-x86_64\bin;C:\WINDOWS\SYSTEM32;C:\WINDOWS\WinSxS\amd64_microsoft.windows.common-controls_6595b64144ccf1df_6.0.26100.6899_none_3e0efeeae32e88c1;c:\Users\Haqii\.vscode\extensions\redhat.java-1.47.0-win32-x64\jre\21.0.8-win32-x86_64\bin\server;C:\Users\Haqii\AppData\Roaming\Code\User\globalStorage\redhat.java\1.47.0\config_win\org.eclipse.equinox.launcher\org.eclipse.equinox.launcher.win32.win32.x86_64_1.2.1400.v20250801-0854;C:\Users\Haqii\AppData\Local\Temp\jna-69495192;C:\Users\Haqii\.gradle\native\1def1411415f61bf3af743bc5b6707747c0891f09f0c88961ee8f79bc544acac\windows-amd64

VM Arguments:
jvm_args: --add-modules=ALL-SYSTEM --add-opens=java.base/java.util=ALL-UNNAMED --add-opens=java.base/java.lang=ALL-UNNAMED --add-opens=java.base/sun.nio.fs=ALL-UNNAMED -Declipse.application=org.eclipse.jdt.ls.core.id1 -Dosgi.bundles.defaultStartLevel=4 -Declipse.product=org.eclipse.jdt.ls.core.product -Djava.import.generatesMetadataFilesAtProjectRoot=false -DDetectVMInstallationsJob.disabled=true -Dfile.encoding=utf8 -XX:+UseParallelGC -XX:GCTimeRatio=4 -XX:AdaptiveSizePolicyWeight=90 -Dsun.zip.disableMemoryMapping=true -Xmx2G -Xms100m -Xlog:disable -javaagent:c:\Users\Haqii\.vscode\extensions\redhat.java-1.47.0-win32-x64\lombok\lombok-1.18.39-4050.jar -XX:+HeapDumpOnOutOfMemoryError -XX:HeapDumpPath=c:\Users\Haqii\AppData\Roaming\Code\User\workspaceStorage\3dc9cd43f3ba78d4e4c793072e614d38\redhat.java -Daether.dependencyCollector.impl=bf 
java_command: c:\Users\Haqii\.vscode\extensions\redhat.java-1.47.0-win32-x64\server\plugins\org.eclipse.equinox.launcher_1.7.100.v20251014-1222.jar -configuration c:\Users\Haqii\AppData\Roaming\Code\User\globalStorage\redhat.java\1.47.0\config_win -data c:\Users\Haqii\AppData\Roaming\Code\User\workspaceStorage\3dc9cd43f3ba78d4e4c793072e614d38\redhat.java\jdt_ws --pipe=\\.\pipe\lsp-bed03d70112d4c030d5e271795c844ad-sock
java_class_path (initial): c:\Users\Haqii\.vscode\extensions\redhat.java-1.47.0-win32-x64\server\plugins\org.eclipse.equinox.launcher_1.7.100.v20251014-1222.jar
Launcher Type: SUN_STANDARD

[Global flags]
    uintx AdaptiveSizePolicyWeight                 = 90                                        {product} {command line}
     intx CICompilerCount                          = 12                                        {product} {ergonomic}
    uintx GCTimeRatio                              = 4                                         {product} {command line}
     bool HeapDumpOnOutOfMemoryError               = true                                   {manageable} {command line}
    ccstr HeapDumpPath                             = c:\Users\Haqii\AppData\Roaming\Code\User\workspaceStorage\3dc9cd43f3ba78d4e4c793072e614d38\redhat.java         {manageable} {command line}
   size_t InitialHeapSize                          = 104857600                                 {product} {command line}
   size_t MaxHeapSize                              = 2147483648                                {product} {command line}
   size_t MaxNewSize                               = 715653120                                 {product} {ergonomic}
   size_t MinHeapDeltaBytes                        = 524288                                    {product} {ergonomic}
   size_t MinHeapSize                              = 104857600                                 {product} {command line}
   size_t NewSize                                  = 34603008                                  {product} {ergonomic}
    uintx NonNMethodCodeHeapSize                   = 7602480                                {pd product} {ergonomic}
    uintx NonProfiledCodeHeapSize                  = 122027880                              {pd product} {ergonomic}
   size_t OldSize                                  = 70254592                                  {product} {ergonomic}
    uintx ProfiledCodeHeapSize                     = 122027880                              {pd product} {ergonomic}
    uintx ReservedCodeCacheSize                    = 251658240                              {pd product} {ergonomic}
     bool SegmentedCodeCache                       = true                                      {product} {ergonomic}
   size_t SoftMaxHeapSize                          = 2147483648                             {manageable} {ergonomic}
     bool UseCompressedOops                        = true                           {product lp64_product} {ergonomic}
     bool UseLargePagesIndividualAllocation        = false                                  {pd product} {ergonomic}
     bool UseParallelGC                            = true                                      {product} {command line}

Logging:
Log output configuration:
 #0: stdout all=off uptime,level,tags foldmultilines=false
 #1: stderr all=off uptime,level,tags foldmultilines=false

Environment Variables:
PATH=C:\Program Files\Common Files\Oracle\Java\javapath;C:\Program Files (x86)\Common Files\Oracle\Java\java8path;C:\Program Files (x86)\Common Files\Oracle\Java\javapath;C:\WINDOWS\system32;C:\WINDOWS;C:\WINDOWS\System32\Wbem;C:\WINDOWS\System32\WindowsPowerShell\v1.0\;C:\WINDOWS\System32\OpenSSH\;C:\xampp\php;C:\ProgramData\ComposerSetup\bin;C:\Program Files\Git\cmd;C:\Program Files\dotnet\;C:\ProgramData\chocolatey\bin;C:\Program Files\Neovim\bin;C:\Program Files\nodejs\;C:\Program Files\Common Files\Oracle\Java\javapath;C:\Windows\system32;C:\Windows;C:\Windows\System32\Wbem;C:\Windows\System32\WindowsPowerShell\v1.0\;C:\Windows\System32\OpenSSH\;C:\xampp\php;C:\ProgramData\ComposerSetup\bin;C:\Program Files\nodejs\;C:\Program Files\Git\cmd;C:\Program Files\dotnet\;C:\ProgramData\chocolatey\bin;c:\Users\Haqii\AppData\Local\Programs\cursor\resources\app\codeBin;C:\Users\Haqii\AppData\Local\Programs\Python\Launcher\;C:\Users\Haqii\AppData\Local\Microsoft\WindowsApps;C:\Users\Haqii\AppData\Local\Programs\Microsoft VS Code\bin;C:\Users\Haqii\AppData\Roaming\Composer\vendor\bin;C:\msys64\ucrt64\bin;C:\Users\Haqii\AppData\Local\spicetify;C:\Users\Haqii\.deno\bin;C:\Android\cmdline-tools\latest\bin;C:\Android\platform-tools;C:\Android\emulator;C:\Users\Haqii\AppData\Roaming\npm;C:\Users\Haqii\AppData\Local\Microsoft\WindowsApps
USERNAME=Haqii
OS=Windows_NT
PROCESSOR_IDENTIFIER=AMD64 Family 25 Model 68 Stepping 1, AuthenticAMD
TMP=C:\Users\Haqii\AppData\Local\Temp
TEMP=C:\Users\Haqii\AppData\Local\Temp




Periodic native trim disabled

---------------  S Y S T E M  ---------------

OS:
 Windows 11 , 64 bit Build 26100 (10.0.26100.6725)
OS uptime: 0 days 0:40 hours

CPU: total 16 (initial active 16) (16 cores per cpu, 2 threads per core) family 25 model 68 stepping 1 microcode 0xa404102, cx8, cmov, fxsr, ht, mmx, 3dnowpref, sse, sse2, sse3, ssse3, sse4a, sse4.1, sse4.2, popcnt, lzcnt, tsc, tscinvbit, avx, avx2, aes, erms, clmul, bmi1, bmi2, adx, sha, fma, vzeroupper, clflush, clflushopt, rdtscp, rdpid, fsrm, f16c, pku, cet_ss
Processor Information for processor 0
  Max Mhz: 3201, Current Mhz: 3201, Mhz Limit: 3201
Processor Information for processor 1
  Max Mhz: 3201, Current Mhz: 1804, Mhz Limit: 3201
Processor Information for processor 2
  Max Mhz: 3201, Current Mhz: 1804, Mhz Limit: 3201
Processor Information for processor 3
  Max Mhz: 3201, Current Mhz: 1804, Mhz Limit: 3201
Processor Information for processor 4
  Max Mhz: 3201, Current Mhz: 3201, Mhz Limit: 3201
Processor Information for processor 5
  Max Mhz: 3201, Current Mhz: 3201, Mhz Limit: 3201
Processor Information for processor 6
  Max Mhz: 3201, Current Mhz: 3201, Mhz Limit: 3201
Processor Information for processor 7
  Max Mhz: 3201, Current Mhz: 3201, Mhz Limit: 3201
Processor Information for processor 8
  Max Mhz: 3201, Current Mhz: 3201, Mhz Limit: 3201
Processor Information for processor 9
  Max Mhz: 3201, Current Mhz: 1804, Mhz Limit: 3201
Processor Information for processor 10
  Max Mhz: 3201, Current Mhz: 1804, Mhz Limit: 3201
Processor Information for processor 11
  Max Mhz: 3201, Current Mhz: 1804, Mhz Limit: 3201
Processor Information for processor 12
  Max Mhz: 3201, Current Mhz: 2502, Mhz Limit: 3201
Processor Information for processor 13
  Max Mhz: 3201, Current Mhz: 3201, Mhz Limit: 3201
Processor Information for processor 14
  Max Mhz: 3201, Current Mhz: 1804, Mhz Limit: 3201
Processor Information for processor 15
  Max Mhz: 3201, Current Mhz: 1804, Mhz Limit: 3201

Memory: 4k page, system-wide physical 14077M (859M free)
TotalPageFile size 27389M (AvailPageFile size 85M)
current process WorkingSet (physical memory assigned to process): 278M, peak: 293M
current process commit charge ("private bytes"): 393M, peak: 406M

vm_info: OpenJDK 64-Bit Server VM (21.0.8+9-LTS) for windows-amd64 JRE (21.0.8+9-LTS), built on 2025-07-15T00:00:00Z by "admin" with MS VC++ 17.7 (VS2022)

END.
