#
# There is insufficient memory for the Java Runtime Environment to continue.
# Native memory allocation (malloc) failed to allocate 1048576 bytes. Error detail: AllocateHeap
# Possible reasons:
#   The system is out of physical RAM or swap space
#   This process is running with CompressedOops enabled, and the Java Heap may be blocking the growth of the native heap
# Possible solutions:
#   Reduce memory load on the system
#   Increase physical memory or swap space
#   Check if swap backing store is full
#   Decrease Java heap size (-Xmx/-Xms)
#   Decrease number of Java threads
#   Decrease Java thread stack sizes (-Xss)
#   Set larger code cache with -XX:ReservedCodeCacheSize=
#   JVM is running with Unscaled Compressed Oops mode in which the Java heap is
#     placed in the first 4GB address space. The Java Heap base address is the
#     maximum limit for the native heap growth. Please use -XX:HeapBaseMinAddress
#     to set the Java Heap base and to place the Java Heap above 4GB virtual address.
# This output file may be truncated or incomplete.
#
#  Out of Memory Error (allocation.cpp:44), pid=7848, tid=18076
#
# JRE version: OpenJDK Runtime Environment Temurin-21.0.8+9 (21.0.8+9) (build 21.0.8+9-LTS)
# Java VM: OpenJDK 64-Bit Server VM Temurin-21.0.8+9 (21.0.8+9-LTS, mixed mode, sharing, tiered, compressed oops, compressed class ptrs, parallel gc, windows-amd64)
# No core dump will be written. Minidumps are not enabled by default on client versions of Windows
#

---------------  S U M M A R Y ------------

Command Line: --add-modules=ALL-SYSTEM --add-opens=java.base/java.util=ALL-UNNAMED --add-opens=java.base/java.lang=ALL-UNNAMED --add-opens=java.base/sun.nio.fs=ALL-UNNAMED -Declipse.application=org.eclipse.jdt.ls.core.id1 -Dosgi.bundles.defaultStartLevel=4 -Declipse.product=org.eclipse.jdt.ls.core.product -Djava.import.generatesMetadataFilesAtProjectRoot=false -DDetectVMInstallationsJob.disabled=true -Dfile.encoding=utf8 -XX:+UseParallelGC -XX:GCTimeRatio=4 -XX:AdaptiveSizePolicyWeight=90 -Dsun.zip.disableMemoryMapping=true -Xmx2G -Xms100m -Xlog:disable -javaagent:c:\Users\Haqii\.vscode\extensions\redhat.java-1.47.0-win32-x64\lombok\lombok-1.18.39-4050.jar -XX:+HeapDumpOnOutOfMemoryError -XX:HeapDumpPath=c:\Users\Haqii\AppData\Roaming\Code\User\workspaceStorage\3dc9cd43f3ba78d4e4c793072e614d38\redhat.java -Daether.dependencyCollector.impl=bf c:\Users\Haqii\.vscode\extensions\redhat.java-1.47.0-win32-x64\server\plugins\org.eclipse.equinox.launcher_1.7.100.v20251014-1222.jar -configuration c:\Users\Haqii\AppData\Roaming\Code\User\globalStorage\redhat.java\1.47.0\config_win -data c:\Users\Haqii\AppData\Roaming\Code\User\workspaceStorage\3dc9cd43f3ba78d4e4c793072e614d38\redhat.java\jdt_ws --pipe=\\.\pipe\lsp-f9f88668f22bb77520e9d6847f136fa3-sock

Host: AMD Ryzen 7 7735HS with Radeon Graphics        , 16 cores, 13G,  Windows 11 , 64 bit Build 26100 (10.0.26100.6725)
Time: Wed Nov 12 07:40:52 2025 SE Asia Standard Time elapsed time: 279.730397 seconds (0d 0h 4m 39s)

---------------  T H R E A D  ---------------

Current thread (0x000001d88e8d8c50):  JavaThread "Attach Listener" daemon [_thread_in_vm, id=18076, stack(0x00000013d7100000,0x00000013d7200000) (1024K)]

Stack: [0x00000013d7100000,0x00000013d7200000]
Native frames: (J=compiled Java code, j=interpreted, Vv=VM code, C=native code)
V  [jvm.dll+0x6d2449]
V  [jvm.dll+0x8ae341]
V  [jvm.dll+0x8b08be]
V  [jvm.dll+0x8b0fa3]
V  [jvm.dll+0x280c96]
V  [jvm.dll+0xc0347]
V  [jvm.dll+0x6d2cf9]
V  [jvm.dll+0x131116]
V  [jvm.dll+0x3f2d16]
V  [jvm.dll+0x857e6b]
V  [jvm.dll+0x6d0b0d]
C  [ucrtbase.dll+0x37b0]
C  [KERNEL32.DLL+0x2e8d7]
C  [ntdll.dll+0x8c53c]


---------------  P R O C E S S  ---------------

Threads class SMR info:
_java_thread_list=0x000001d8963f0500, length=52, elements={
0x000001d83373c460, 0x000001d88e8d3f50, 0x000001d88e8d7020, 0x000001d88e8d8000,
0x000001d88e8d8c50, 0x000001d88e8d98a0, 0x000001d88e8dc300, 0x000001d88e8df540,
0x000001d88e9566b0, 0x000001d8337aa190, 0x000001d88ec63900, 0x000001d8944b0690,
0x000001d88e9f0d20, 0x000001d894435ea0, 0x000001d8947467d0, 0x000001d8943e46c0,
0x000001d894953010, 0x000001d89478dfe0, 0x000001d89478ed00, 0x000001d89478d2c0,
0x000001d896788f40, 0x000001d89678ca50, 0x000001d89678a980, 0x000001d896789c60,
0x000001d8967895d0, 0x000001d89678bd30, 0x000001d89678d770, 0x000001d89678a2f0,
0x000001d89678e490, 0x000001d89678c3c0, 0x000001d89678d0e0, 0x000001d89678de00,
0x000001d89678eb20, 0x000001d89678b010, 0x000001d89678b6a0, 0x000001d89678f1b0,
0x000001d89678f840, 0x000001d89678fed0, 0x000001d896790560, 0x000001d897e959d0,
0x000001d897e97aa0, 0x000001d897e96d80, 0x000001d897e99b70, 0x000001d897e9a890,
0x000001d897e9c960, 0x000001d897e9cff0, 0x000001d89a4b5f50, 0x000001d89a4b8d40,
0x000001d89a4b7990, 0x000001d89a4b86b0, 0x000001d89a4b58c0, 0x000001d89a4b9a60
}

Java Threads: ( => current thread )
  0x000001d83373c460 JavaThread "main"                              [_thread_blocked, id=6320, stack(0x00000013d6900000,0x00000013d6a00000) (1024K)]
  0x000001d88e8d3f50 JavaThread "Reference Handler"          daemon [_thread_blocked, id=18204, stack(0x00000013d6e00000,0x00000013d6f00000) (1024K)]
  0x000001d88e8d7020 JavaThread "Finalizer"                  daemon [_thread_blocked, id=17496, stack(0x00000013d6f00000,0x00000013d7000000) (1024K)]
  0x000001d88e8d8000 JavaThread "Signal Dispatcher"          daemon [_thread_blocked, id=4660, stack(0x00000013d7000000,0x00000013d7100000) (1024K)]
=>0x000001d88e8d8c50 JavaThread "Attach Listener"            daemon [_thread_in_vm, id=18076, stack(0x00000013d7100000,0x00000013d7200000) (1024K)]
  0x000001d88e8d98a0 JavaThread "Service Thread"             daemon [_thread_blocked, id=22512, stack(0x00000013d7200000,0x00000013d7300000) (1024K)]
  0x000001d88e8dc300 JavaThread "Monitor Deflation Thread"   daemon [_thread_blocked, id=8576, stack(0x00000013d7300000,0x00000013d7400000) (1024K)]
  0x000001d88e8df540 JavaThread "C2 CompilerThread0"         daemon [_thread_blocked, id=16960, stack(0x00000013d7400000,0x00000013d7500000) (1024K)]
  0x000001d88e9566b0 JavaThread "C1 CompilerThread0"         daemon [_thread_blocked, id=20108, stack(0x00000013d7500000,0x00000013d7600000) (1024K)]
  0x000001d8337aa190 JavaThread "Common-Cleaner"             daemon [_thread_blocked, id=18332, stack(0x00000013d7600000,0x00000013d7700000) (1024K)]
  0x000001d88ec63900 JavaThread "Notification Thread"        daemon [_thread_blocked, id=6840, stack(0x00000013d7900000,0x00000013d7a00000) (1024K)]
  0x000001d8944b0690 JavaThread "Active Thread: Equinox Container: 7859e2ee-14e8-4f54-823d-7dbdbc247f27"        [_thread_blocked, id=6496, stack(0x00000013d8200000,0x00000013d8300000) (1024K)]
  0x000001d88e9f0d20 JavaThread "Refresh Thread: Equinox Container: 7859e2ee-14e8-4f54-823d-7dbdbc247f27" daemon [_thread_blocked, id=8128, stack(0x00000013d7a00000,0x00000013d7b00000) (1024K)]
  0x000001d894435ea0 JavaThread "Framework Event Dispatcher: Equinox Container: 7859e2ee-14e8-4f54-823d-7dbdbc247f27" daemon [_thread_blocked, id=23224, stack(0x00000013d7b00000,0x00000013d7c00000) (1024K)]
  0x000001d8947467d0 JavaThread "Start Level: Equinox Container: 7859e2ee-14e8-4f54-823d-7dbdbc247f27" daemon [_thread_blocked, id=8672, stack(0x00000013d7800000,0x00000013d7900000) (1024K)]
  0x000001d8943e46c0 JavaThread "Bundle File Closer"         daemon [_thread_blocked, id=22120, stack(0x00000013d8700000,0x00000013d8800000) (1024K)]
  0x000001d894953010 JavaThread "SCR Component Actor"        daemon [_thread_blocked, id=22956, stack(0x00000013d8800000,0x00000013d8900000) (1024K)]
  0x000001d89478dfe0 JavaThread "Worker-JM"                         [_thread_blocked, id=16836, stack(0x00000013d8d00000,0x00000013d8e00000) (1024K)]
  0x000001d89478ed00 JavaThread "JNA Cleaner"                daemon [_thread_blocked, id=21976, stack(0x00000013d8f00000,0x00000013d9000000) (1024K)]
  0x000001d89478d2c0 JavaThread "Java indexing"              daemon [_thread_blocked, id=12144, stack(0x00000013d8e00000,0x00000013d8f00000) (1024K)]
  0x000001d896788f40 JavaThread "Worker-3"                          [_thread_blocked, id=18452, stack(0x00000013d9700000,0x00000013d9800000) (1024K)]
  0x000001d89678ca50 JavaThread "Thread-1"                   daemon [_thread_in_native, id=9640, stack(0x00000013d9800000,0x00000013d9900000) (1024K)]
  0x000001d89678a980 JavaThread "Thread-2"                   daemon [_thread_in_native, id=3232, stack(0x00000013d9900000,0x00000013d9a00000) (1024K)]
  0x000001d896789c60 JavaThread "Thread-3"                   daemon [_thread_in_native, id=7956, stack(0x00000013d9a00000,0x00000013d9b00000) (1024K)]
  0x000001d8967895d0 JavaThread "Thread-4"                   daemon [_thread_in_native, id=18528, stack(0x00000013d9b00000,0x00000013d9c00000) (1024K)]
  0x000001d89678bd30 JavaThread "Thread-5"                   daemon [_thread_in_native, id=14604, stack(0x00000013d9c00000,0x00000013d9d00000) (1024K)]
  0x000001d89678d770 JavaThread "Thread-6"                   daemon [_thread_in_native, id=21016, stack(0x00000013d9d00000,0x00000013d9e00000) (1024K)]
  0x000001d89678a2f0 JavaThread "Thread-7"                   daemon [_thread_in_native, id=1920, stack(0x00000013d9e00000,0x00000013d9f00000) (1024K)]
  0x000001d89678e490 JavaThread "Thread-8"                   daemon [_thread_in_native, id=11840, stack(0x00000013d9f00000,0x00000013da000000) (1024K)]
  0x000001d89678c3c0 JavaThread "Thread-9"                   daemon [_thread_in_native, id=20704, stack(0x00000013da000000,0x00000013da100000) (1024K)]
  0x000001d89678d0e0 JavaThread "Thread-10"                  daemon [_thread_in_native, id=4892, stack(0x00000013da100000,0x00000013da200000) (1024K)]
  0x000001d89678de00 JavaThread "Thread-11"                  daemon [_thread_in_native, id=22384, stack(0x00000013da200000,0x00000013da300000) (1024K)]
  0x000001d89678eb20 JavaThread "Thread-12"                  daemon [_thread_in_native, id=5744, stack(0x00000013da300000,0x00000013da400000) (1024K)]
  0x000001d89678b010 JavaThread "Thread-13"                  daemon [_thread_in_native, id=23240, stack(0x00000013da400000,0x00000013da500000) (1024K)]
  0x000001d89678b6a0 JavaThread "Thread-14"                  daemon [_thread_in_native, id=20696, stack(0x00000013da500000,0x00000013da600000) (1024K)]
  0x000001d89678f1b0 JavaThread "Thread-15"                  daemon [_thread_in_native, id=21220, stack(0x00000013da600000,0x00000013da700000) (1024K)]
  0x000001d89678f840 JavaThread "Thread-16"                  daemon [_thread_in_native, id=15452, stack(0x00000013da700000,0x00000013da800000) (1024K)]
  0x000001d89678fed0 JavaThread "Thread-17"                  daemon [_thread_in_native, id=13972, stack(0x00000013da800000,0x00000013da900000) (1024K)]
  0x000001d896790560 JavaThread "pool-2-thread-1"                   [_thread_blocked, id=19844, stack(0x00000013da900000,0x00000013daa00000) (1024K)]
  0x000001d897e959d0 JavaThread "WorkspaceEventsHandler"            [_thread_blocked, id=11616, stack(0x00000013daa00000,0x00000013dab00000) (1024K)]
  0x000001d897e97aa0 JavaThread "pool-1-thread-1"                   [_thread_blocked, id=8804, stack(0x00000013dab00000,0x00000013dac00000) (1024K)]
  0x000001d897e96d80 JavaThread "Worker-4"                          [_thread_blocked, id=9144, stack(0x00000013dac00000,0x00000013dad00000) (1024K)]
  0x000001d897e99b70 JavaThread "ForkJoinPool.commonPool-worker-1" daemon [_thread_blocked, id=14764, stack(0x00000013dad00000,0x00000013dae00000) (1024K)]
  0x000001d897e9a890 JavaThread "Timer-0"                           [_thread_blocked, id=20680, stack(0x00000013daf00000,0x00000013db000000) (1024K)]
  0x000001d897e9c960 JavaThread "Timer-1"                           [_thread_blocked, id=8092, stack(0x00000013d8c00000,0x00000013d8d00000) (1024K)]
  0x000001d897e9cff0 JavaThread "Timer-2"                           [_thread_blocked, id=18372, stack(0x00000013d9200000,0x00000013d9300000) (1024K)]
  0x000001d89a4b5f50 JavaThread "Timer-3"                           [_thread_blocked, id=22712, stack(0x00000013db000000,0x00000013db100000) (1024K)]
  0x000001d89a4b8d40 JavaThread "Timer-4"                           [_thread_blocked, id=21628, stack(0x00000013db100000,0x00000013db200000) (1024K)]
  0x000001d89a4b7990 JavaThread "Timer-5"                           [_thread_blocked, id=5924, stack(0x00000013d8b00000,0x00000013d8c00000) (1024K)]
  0x000001d89a4b86b0 JavaThread "Timer-6"                           [_thread_blocked, id=4776, stack(0x00000013db700000,0x00000013db800000) (1024K)]
  0x000001d89a4b58c0 JavaThread "ForkJoinPool.commonPool-worker-3" daemon [_thread_blocked, id=19200, stack(0x00000013db800000,0x00000013db900000) (1024K)]
  0x000001d89a4b9a60 JavaThread "ForkJoinPool.commonPool-worker-6" daemon [_thread_blocked, id=16348, stack(0x00000013dbb00000,0x00000013dbc00000) (1024K)]
Total: 52

Other Threads:
  0x000001d88d1e4070 VMThread "VM Thread"                           [id=12720, stack(0x00000013d6d00000,0x00000013d6e00000) (1024K)]
  0x000001d88d0dca00 WatcherThread "VM Periodic Task Thread"        [id=12048, stack(0x00000013d6c00000,0x00000013d6d00000) (1024K)]
  0x000001d83375aa20 WorkerThread "GC Thread#0"                     [id=21436, stack(0x00000013d6b00000,0x00000013d6c00000) (1024K)]
  0x000001d89459f4d0 WorkerThread "GC Thread#1"                     [id=2284, stack(0x00000013d7c00000,0x00000013d7d00000) (1024K)]
  0x000001d8944bb300 WorkerThread "GC Thread#2"                     [id=22300, stack(0x00000013d7d00000,0x00000013d7e00000) (1024K)]
  0x000001d8944bb6a0 WorkerThread "GC Thread#3"                     [id=17848, stack(0x00000013d7e00000,0x00000013d7f00000) (1024K)]
  0x000001d8949b1150 WorkerThread "GC Thread#4"                     [id=12820, stack(0x00000013d7f00000,0x00000013d8000000) (1024K)]
  0x000001d8949b14f0 WorkerThread "GC Thread#5"                     [id=11780, stack(0x00000013d8000000,0x00000013d8100000) (1024K)]
  0x000001d8949b1890 WorkerThread "GC Thread#6"                     [id=5848, stack(0x00000013d8100000,0x00000013d8200000) (1024K)]
  0x000001d88e90b820 WorkerThread "GC Thread#7"                     [id=10936, stack(0x00000013d7700000,0x00000013d7800000) (1024K)]
  0x000001d88e926bc0 WorkerThread "GC Thread#8"                     [id=21800, stack(0x00000013d8400000,0x00000013d8500000) (1024K)]
  0x000001d88e927370 WorkerThread "GC Thread#9"                     [id=22896, stack(0x00000013d8500000,0x00000013d8600000) (1024K)]
  0x000001d8944647c0 WorkerThread "GC Thread#10"                    [id=7952, stack(0x00000013d8600000,0x00000013d8700000) (1024K)]
  0x000001d894463ce0 WorkerThread "GC Thread#11"                    [id=15364, stack(0x00000013d8900000,0x00000013d8a00000) (1024K)]
  0x000001d894465640 WorkerThread "GC Thread#12"                    [id=19320, stack(0x00000013d8a00000,0x00000013d8b00000) (1024K)]
Total: 15

Threads with active compile tasks:
Total: 0

VM state: not at safepoint (normal execution)

VM Mutex/Monitor currently owned by a thread: None

Heap address: 0x0000000080000000, size: 2048 MB, Compressed Oops mode: 32-bit

CDS archive(s) mapped at: [0x000001d84c000000-0x000001d84cba0000-0x000001d84cba0000), size 12189696, SharedBaseAddress: 0x000001d84c000000, ArchiveRelocationMode: 1.
Compressed class space mapped at: 0x000001d84d000000-0x000001d88d000000, reserved size: 1073741824
Narrow klass base: 0x000001d84c000000, Narrow klass shift: 0, Narrow klass range: 0x100000000

GC Precious Log:
 CardTable entry size: 512
 CPUs: 16 total, 16 available
 Memory: 14077M
 Large Page Support: Disabled
 NUMA Support: Disabled
 Compressed Oops: Enabled (32-bit)
 Alignments: Space 512K, Generation 512K, Heap 2M
 Heap Min Capacity: 100M
 Heap Initial Capacity: 100M
 Heap Max Capacity: 2G
 Pre-touch: Disabled
 Parallel Workers: 13

Heap:
 PSYoungGen      total 16384K, used 13579K [0x00000000d5580000, 0x00000000d6d80000, 0x0000000100000000)
  eden space 14336K, 80% used [0x00000000d5580000,0x00000000d60c35d8,0x00000000d6380000)
  from space 2048K, 99% used [0x00000000d6780000,0x00000000d697f680,0x00000000d6980000)
  to   space 4096K, 0% used [0x00000000d6380000,0x00000000d6380000,0x00000000d6780000)
 ParOldGen       total 68608K, used 58512K [0x0000000080000000, 0x0000000084300000, 0x00000000d5580000)
  object space 68608K, 85% used [0x0000000080000000,0x0000000083924328,0x0000000084300000)
 Metaspace       used 68431K, committed 69952K, reserved 1114112K
  class space    used 8514K, committed 9152K, reserved 1048576K

Card table byte_map: [0x000001d8474b0000,0x000001d8478c0000] _byte_map_base: 0x000001d8470b0000

Marking Bits: (ParMarkBitMap*) 0x00007ff91669a340
 Begin Bits: [0x000001d847b70000, 0x000001d849b70000)
 End Bits:   [0x000001d849b70000, 0x000001d84bb70000)

Polling page: 0x000001d8350c0000

Metaspace:

Usage:
  Non-class:     58.51 MB used.
      Class:      8.31 MB used.
       Both:     66.83 MB used.

Virtual space:
  Non-class space:       64.00 MB reserved,      59.38 MB ( 93%) committed,  1 nodes.
      Class space:        1.00 GB reserved,       8.94 MB ( <1%) committed,  1 nodes.
             Both:        1.06 GB reserved,      68.31 MB (  6%) committed. 

Chunk freelists:
   Non-Class:  4.58 MB
       Class:  7.10 MB
        Both:  11.68 MB

MaxMetaspaceSize: unlimited
CompressedClassSpaceSize: 1.00 GB
Initial GC threshold: 21.00 MB
Current GC threshold: 97.31 MB
CDS: on
 - commit_granule_bytes: 65536.
 - commit_granule_words: 8192.
 - virtual_space_node_default_size: 8388608.
 - enlarge_chunks_in_place: 1.
 - use_allocation_guard: 0.


Internal statistics:

num_allocs_failed_limit: 9.
num_arena_births: 1340.
num_arena_deaths: 44.
num_vsnodes_births: 2.
num_vsnodes_deaths: 0.
num_space_committed: 1093.
num_space_uncommitted: 0.
num_chunks_returned_to_freelist: 64.
num_chunks_taken_from_freelist: 4361.
num_chunk_merges: 15.
num_chunk_splits: 2817.
num_chunks_enlarged: 1790.
num_inconsistent_stats: 0.

CodeHeap 'non-profiled nmethods': size=119168Kb used=7713Kb max_used=7713Kb free=111454Kb
 bounds [0x000001d83fe70000, 0x000001d840600000, 0x000001d8472d0000]
CodeHeap 'profiled nmethods': size=119104Kb used=18794Kb max_used=18794Kb free=100309Kb
 bounds [0x000001d8382d0000, 0x000001d839530000, 0x000001d83f720000]
CodeHeap 'non-nmethods': size=7488Kb used=1406Kb max_used=3159Kb free=6081Kb
 bounds [0x000001d83f720000, 0x000001d83fa40000, 0x000001d83fe70000]
CodeCache: size=245760Kb, used=27913Kb, max_used=29666Kb, free=217844Kb
 total_blobs=9837, nmethods=9123, adapters=620, full_count=0
Compilation: enabled, stopped_count=0, restarted_count=0

Compilation events (20 events):
Event: 209.207 Thread 0x000001d88e9566b0 9915       1       org.eclipse.core.internal.jobs.InternalJob::setNext (6 bytes)
Event: 209.208 Thread 0x000001d88e9566b0 nmethod 9915 0x000001d8405f6f10 code [0x000001d8405f70a0, 0x000001d8405f7180]
Event: 209.208 Thread 0x000001d88e9566b0 9916   !   3       com.google.gson.Gson::toJson (179 bytes)
Event: 209.210 Thread 0x000001d88e9566b0 nmethod 9916 0x000001d839525b90 code [0x000001d839525ee0, 0x000001d8395271a0]
Event: 209.210 Thread 0x000001d88e9566b0 9917       1       org.eclipse.core.runtime.preferences.DefaultScope::getName (3 bytes)
Event: 209.210 Thread 0x000001d88e9566b0 nmethod 9917 0x000001d8405f7210 code [0x000001d8405f73a0, 0x000001d8405f7470]
Event: 209.211 Thread 0x000001d88e8df540 9918       4       java.util.ImmutableCollections$MapN::get (35 bytes)
Event: 209.211 Thread 0x000001d88e9566b0 9919       3       org.eclipse.jdt.internal.core.builder.ClasspathJrt::addRequired (90 bytes)
Event: 209.212 Thread 0x000001d88e9566b0 nmethod 9919 0x000001d839527b90 code [0x000001d839527dc0, 0x000001d839528518]
Event: 209.212 Thread 0x000001d88e9566b0 9924   !   3       org.eclipse.jdt.ls.core.internal.ConnectionStreamFactory$NamedPipeOutputStream::write (130 bytes)
Event: 209.212 Thread 0x000001d88e9566b0 nmethod 9924 0x000001d839528810 code [0x000001d839528a40, 0x000001d839529140]
Event: 209.212 Thread 0x000001d88e9566b0 9920       3       org.eclipse.jdt.internal.core.ModuleUpdater::getUpdates (14 bytes)
Event: 209.212 Thread 0x000001d88e9566b0 nmethod 9920 0x000001d839529410 code [0x000001d8395295c0, 0x000001d839529888]
Event: 209.212 Thread 0x000001d88e9566b0 9922       1       org.eclipse.core.internal.watson.ElementTree::getDataTree (5 bytes)
Event: 209.213 Thread 0x000001d88e9566b0 nmethod 9922 0x000001d8405f7510 code [0x000001d8405f76a0, 0x000001d8405f7768]
Event: 209.213 Thread 0x000001d88e9566b0 9921  s    3       org.eclipse.jdt.internal.core.JavaModelManager$PerProjectInfo::getResolvedClasspath (17 bytes)
Event: 209.213 Thread 0x000001d88e9566b0 nmethod 9921 0x000001d839529990 code [0x000001d839529b40, 0x000001d839529dc0]
Event: 209.213 Thread 0x000001d88e9566b0 9923       3       com.google.gson.stream.JsonWriter::setFormattingStyle (97 bytes)
Event: 209.213 Thread 0x000001d88e9566b0 nmethod 9923 0x000001d839529e90 code [0x000001d83952a0a0, 0x000001d83952a798]
Event: 209.217 Thread 0x000001d88e8df540 nmethod 9918 0x000001d8405f7810 code [0x000001d8405f7a00, 0x000001d8405f80d8]

GC Heap History (20 events):
Event: 118.909 GC heap before
{Heap before GC invocations=62 (full 3):
 PSYoungGen      total 19456K, used 19328K [0x00000000d5580000, 0x00000000d6a80000, 0x0000000100000000)
  eden space 18944K, 100% used [0x00000000d5580000,0x00000000d6800000,0x00000000d6800000)
  from space 512K, 75% used [0x00000000d6a00000,0x00000000d6a60010,0x00000000d6a80000)
  to   space 512K, 0% used [0x00000000d6980000,0x00000000d6980000,0x00000000d6a00000)
 ParOldGen       total 68608K, used 44220K [0x0000000080000000, 0x0000000084300000, 0x00000000d5580000)
  object space 68608K, 64% used [0x0000000080000000,0x0000000082b2f078,0x0000000084300000)
 Metaspace       used 65977K, committed 67520K, reserved 1114112K
  class space    used 8259K, committed 8896K, reserved 1048576K
}
Event: 118.911 GC heap after
{Heap after GC invocations=62 (full 3):
 PSYoungGen      total 19456K, used 488K [0x00000000d5580000, 0x00000000d6c00000, 0x0000000100000000)
  eden space 18944K, 0% used [0x00000000d5580000,0x00000000d5580000,0x00000000d6800000)
  from space 512K, 95% used [0x00000000d6980000,0x00000000d69fa1b8,0x00000000d6a00000)
  to   space 2048K, 0% used [0x00000000d6a00000,0x00000000d6a00000,0x00000000d6c00000)
 ParOldGen       total 68608K, used 45116K [0x0000000080000000, 0x0000000084300000, 0x00000000d5580000)
  object space 68608K, 65% used [0x0000000080000000,0x0000000082c0f088,0x0000000084300000)
 Metaspace       used 65977K, committed 67520K, reserved 1114112K
  class space    used 8259K, committed 8896K, reserved 1048576K
}
Event: 119.127 GC heap before
{Heap before GC invocations=63 (full 3):
 PSYoungGen      total 19456K, used 19432K [0x00000000d5580000, 0x00000000d6c00000, 0x0000000100000000)
  eden space 18944K, 100% used [0x00000000d5580000,0x00000000d6800000,0x00000000d6800000)
  from space 512K, 95% used [0x00000000d6980000,0x00000000d69fa1b8,0x00000000d6a00000)
  to   space 2048K, 0% used [0x00000000d6a00000,0x00000000d6a00000,0x00000000d6c00000)
 ParOldGen       total 68608K, used 45116K [0x0000000080000000, 0x0000000084300000, 0x00000000d5580000)
  object space 68608K, 65% used [0x0000000080000000,0x0000000082c0f088,0x0000000084300000)
 Metaspace       used 66754K, committed 68288K, reserved 1114112K
  class space    used 8318K, committed 8960K, reserved 1048576K
}
Event: 119.130 GC heap after
{Heap after GC invocations=63 (full 3):
 PSYoungGen      total 20480K, used 2016K [0x00000000d5580000, 0x00000000d6d00000, 0x0000000100000000)
  eden space 18432K, 0% used [0x00000000d5580000,0x00000000d5580000,0x00000000d6780000)
  from space 2048K, 98% used [0x00000000d6a00000,0x00000000d6bf8030,0x00000000d6c00000)
  to   space 2560K, 0% used [0x00000000d6780000,0x00000000d6780000,0x00000000d6a00000)
 ParOldGen       total 68608K, used 45607K [0x0000000080000000, 0x0000000084300000, 0x00000000d5580000)
  object space 68608K, 66% used [0x0000000080000000,0x0000000082c89dc8,0x0000000084300000)
 Metaspace       used 66754K, committed 68288K, reserved 1114112K
  class space    used 8318K, committed 8960K, reserved 1048576K
}
Event: 119.180 GC heap before
{Heap before GC invocations=64 (full 3):
 PSYoungGen      total 20480K, used 20448K [0x00000000d5580000, 0x00000000d6d00000, 0x0000000100000000)
  eden space 18432K, 100% used [0x00000000d5580000,0x00000000d6780000,0x00000000d6780000)
  from space 2048K, 98% used [0x00000000d6a00000,0x00000000d6bf8030,0x00000000d6c00000)
  to   space 2560K, 0% used [0x00000000d6780000,0x00000000d6780000,0x00000000d6a00000)
 ParOldGen       total 68608K, used 45607K [0x0000000080000000, 0x0000000084300000, 0x00000000d5580000)
  object space 68608K, 66% used [0x0000000080000000,0x0000000082c89dc8,0x0000000084300000)
 Metaspace       used 66756K, committed 68288K, reserved 1114112K
  class space    used 8318K, committed 8960K, reserved 1048576K
}
Event: 119.183 GC heap after
{Heap after GC invocations=64 (full 3):
 PSYoungGen      total 20480K, used 1760K [0x00000000d5580000, 0x00000000d6b80000, 0x0000000100000000)
  eden space 18432K, 0% used [0x00000000d5580000,0x00000000d5580000,0x00000000d6780000)
  from space 2048K, 85% used [0x00000000d6780000,0x00000000d6938010,0x00000000d6980000)
  to   space 2048K, 0% used [0x00000000d6980000,0x00000000d6980000,0x00000000d6b80000)
 ParOldGen       total 68608K, used 47364K [0x0000000080000000, 0x0000000084300000, 0x00000000d5580000)
  object space 68608K, 69% used [0x0000000080000000,0x0000000082e41150,0x0000000084300000)
 Metaspace       used 66756K, committed 68288K, reserved 1114112K
  class space    used 8318K, committed 8960K, reserved 1048576K
}
Event: 119.266 GC heap before
{Heap before GC invocations=65 (full 3):
 PSYoungGen      total 20480K, used 20192K [0x00000000d5580000, 0x00000000d6b80000, 0x0000000100000000)
  eden space 18432K, 100% used [0x00000000d5580000,0x00000000d6780000,0x00000000d6780000)
  from space 2048K, 85% used [0x00000000d6780000,0x00000000d6938010,0x00000000d6980000)
  to   space 2048K, 0% used [0x00000000d6980000,0x00000000d6980000,0x00000000d6b80000)
 ParOldGen       total 68608K, used 47364K [0x0000000080000000, 0x0000000084300000, 0x00000000d5580000)
  object space 68608K, 69% used [0x0000000080000000,0x0000000082e41150,0x0000000084300000)
 Metaspace       used 67151K, committed 68672K, reserved 1114112K
  class space    used 8377K, committed 9024K, reserved 1048576K
}
Event: 119.268 GC heap after
{Heap after GC invocations=65 (full 3):
 PSYoungGen      total 18432K, used 2018K [0x00000000d5580000, 0x00000000d6f80000, 0x0000000100000000)
  eden space 16384K, 0% used [0x00000000d5580000,0x00000000d5580000,0x00000000d6580000)
  from space 2048K, 98% used [0x00000000d6980000,0x00000000d6b78820,0x00000000d6b80000)
  to   space 4096K, 0% used [0x00000000d6580000,0x00000000d6580000,0x00000000d6980000)
 ParOldGen       total 68608K, used 49004K [0x0000000080000000, 0x0000000084300000, 0x00000000d5580000)
  object space 68608K, 71% used [0x0000000080000000,0x0000000082fdb150,0x0000000084300000)
 Metaspace       used 67151K, committed 68672K, reserved 1114112K
  class space    used 8377K, committed 9024K, reserved 1048576K
}
Event: 119.303 GC heap before
{Heap before GC invocations=66 (full 3):
 PSYoungGen      total 18432K, used 18402K [0x00000000d5580000, 0x00000000d6f80000, 0x0000000100000000)
  eden space 16384K, 100% used [0x00000000d5580000,0x00000000d6580000,0x00000000d6580000)
  from space 2048K, 98% used [0x00000000d6980000,0x00000000d6b78820,0x00000000d6b80000)
  to   space 4096K, 0% used [0x00000000d6580000,0x00000000d6580000,0x00000000d6980000)
 ParOldGen       total 68608K, used 49004K [0x0000000080000000, 0x0000000084300000, 0x00000000d5580000)
  object space 68608K, 71% used [0x0000000080000000,0x0000000082fdb150,0x0000000084300000)
 Metaspace       used 67163K, committed 68672K, reserved 1114112K
  class space    used 8377K, committed 9024K, reserved 1048576K
}
Event: 119.305 GC heap after
{Heap after GC invocations=66 (full 3):
 PSYoungGen      total 18432K, used 1728K [0x00000000d5580000, 0x00000000d6a80000, 0x0000000100000000)
  eden space 16384K, 0% used [0x00000000d5580000,0x00000000d5580000,0x00000000d6580000)
  from space 2048K, 84% used [0x00000000d6580000,0x00000000d6730000,0x00000000d6780000)
  to   space 2560K, 0% used [0x00000000d6800000,0x00000000d6800000,0x00000000d6a80000)
 ParOldGen       total 68608K, used 50978K [0x0000000080000000, 0x0000000084300000, 0x00000000d5580000)
  object space 68608K, 74% used [0x0000000080000000,0x00000000831c8aa0,0x0000000084300000)
 Metaspace       used 67163K, committed 68672K, reserved 1114112K
  class space    used 8377K, committed 9024K, reserved 1048576K
}
Event: 119.345 GC heap before
{Heap before GC invocations=67 (full 3):
 PSYoungGen      total 18432K, used 18112K [0x00000000d5580000, 0x00000000d6a80000, 0x0000000100000000)
  eden space 16384K, 100% used [0x00000000d5580000,0x00000000d6580000,0x00000000d6580000)
  from space 2048K, 84% used [0x00000000d6580000,0x00000000d6730000,0x00000000d6780000)
  to   space 2560K, 0% used [0x00000000d6800000,0x00000000d6800000,0x00000000d6a80000)
 ParOldGen       total 68608K, used 50978K [0x0000000080000000, 0x0000000084300000, 0x00000000d5580000)
  object space 68608K, 74% used [0x0000000080000000,0x00000000831c8aa0,0x0000000084300000)
 Metaspace       used 67164K, committed 68672K, reserved 1114112K
  class space    used 8377K, committed 9024K, reserved 1048576K
}
Event: 119.348 GC heap after
{Heap after GC invocations=67 (full 3):
 PSYoungGen      total 18432K, used 1700K [0x00000000d5580000, 0x00000000d6a00000, 0x0000000100000000)
  eden space 16384K, 0% used [0x00000000d5580000,0x00000000d5580000,0x00000000d6580000)
  from space 2048K, 83% used [0x00000000d6800000,0x00000000d69a9000,0x00000000d6a00000)
  to   space 2048K, 0% used [0x00000000d6580000,0x00000000d6580000,0x00000000d6780000)
 ParOldGen       total 68608K, used 52594K [0x0000000080000000, 0x0000000084300000, 0x00000000d5580000)
  object space 68608K, 76% used [0x0000000080000000,0x000000008335caa0,0x0000000084300000)
 Metaspace       used 67164K, committed 68672K, reserved 1114112K
  class space    used 8377K, committed 9024K, reserved 1048576K
}
Event: 119.376 GC heap before
{Heap before GC invocations=68 (full 3):
 PSYoungGen      total 18432K, used 18084K [0x00000000d5580000, 0x00000000d6a00000, 0x0000000100000000)
  eden space 16384K, 100% used [0x00000000d5580000,0x00000000d6580000,0x00000000d6580000)
  from space 2048K, 83% used [0x00000000d6800000,0x00000000d69a9000,0x00000000d6a00000)
  to   space 2048K, 0% used [0x00000000d6580000,0x00000000d6580000,0x00000000d6780000)
 ParOldGen       total 68608K, used 52594K [0x0000000080000000, 0x0000000084300000, 0x00000000d5580000)
  object space 68608K, 76% used [0x0000000080000000,0x000000008335caa0,0x0000000084300000)
 Metaspace       used 67165K, committed 68672K, reserved 1114112K
  class space    used 8377K, committed 9024K, reserved 1048576K
}
Event: 119.379 GC heap after
{Heap after GC invocations=68 (full 3):
 PSYoungGen      total 18432K, used 1568K [0x00000000d5580000, 0x00000000d6980000, 0x0000000100000000)
  eden space 16384K, 0% used [0x00000000d5580000,0x00000000d5580000,0x00000000d6580000)
  from space 2048K, 76% used [0x00000000d6580000,0x00000000d6708000,0x00000000d6780000)
  to   space 2048K, 0% used [0x00000000d6780000,0x00000000d6780000,0x00000000d6980000)
 ParOldGen       total 68608K, used 54088K [0x0000000080000000, 0x0000000084300000, 0x00000000d5580000)
  object space 68608K, 78% used [0x0000000080000000,0x00000000834d2118,0x0000000084300000)
 Metaspace       used 67165K, committed 68672K, reserved 1114112K
  class space    used 8377K, committed 9024K, reserved 1048576K
}
Event: 119.435 GC heap before
{Heap before GC invocations=69 (full 3):
 PSYoungGen      total 18432K, used 17952K [0x00000000d5580000, 0x00000000d6980000, 0x0000000100000000)
  eden space 16384K, 100% used [0x00000000d5580000,0x00000000d6580000,0x00000000d6580000)
  from space 2048K, 76% used [0x00000000d6580000,0x00000000d6708000,0x00000000d6780000)
  to   space 2048K, 0% used [0x00000000d6780000,0x00000000d6780000,0x00000000d6980000)
 ParOldGen       total 68608K, used 54088K [0x0000000080000000, 0x0000000084300000, 0x00000000d5580000)
  object space 68608K, 78% used [0x0000000080000000,0x00000000834d2118,0x0000000084300000)
 Metaspace       used 67197K, committed 68736K, reserved 1114112K
  class space    used 8380K, committed 9024K, reserved 1048576K
}
Event: 119.438 GC heap after
{Heap after GC invocations=69 (full 3):
 PSYoungGen      total 18432K, used 1728K [0x00000000d5580000, 0x00000000d6980000, 0x0000000100000000)
  eden space 16384K, 0% used [0x00000000d5580000,0x00000000d5580000,0x00000000d6580000)
  from space 2048K, 84% used [0x00000000d6780000,0x00000000d6930010,0x00000000d6980000)
  to   space 2048K, 0% used [0x00000000d6580000,0x00000000d6580000,0x00000000d6780000)
 ParOldGen       total 68608K, used 55424K [0x0000000080000000, 0x0000000084300000, 0x00000000d5580000)
  object space 68608K, 80% used [0x0000000080000000,0x0000000083620118,0x0000000084300000)
 Metaspace       used 67197K, committed 68736K, reserved 1114112K
  class space    used 8380K, committed 9024K, reserved 1048576K
}
Event: 119.482 GC heap before
{Heap before GC invocations=70 (full 3):
 PSYoungGen      total 18432K, used 18112K [0x00000000d5580000, 0x00000000d6980000, 0x0000000100000000)
  eden space 16384K, 100% used [0x00000000d5580000,0x00000000d6580000,0x00000000d6580000)
  from space 2048K, 84% used [0x00000000d6780000,0x00000000d6930010,0x00000000d6980000)
  to   space 2048K, 0% used [0x00000000d6580000,0x00000000d6580000,0x00000000d6780000)
 ParOldGen       total 68608K, used 55424K [0x0000000080000000, 0x0000000084300000, 0x00000000d5580000)
  object space 68608K, 80% used [0x0000000080000000,0x0000000083620118,0x0000000084300000)
 Metaspace       used 67216K, committed 68736K, reserved 1114112K
  class space    used 8380K, committed 9024K, reserved 1048576K
}
Event: 119.484 GC heap after
{Heap after GC invocations=70 (full 3):
 PSYoungGen      total 18432K, used 1560K [0x00000000d5580000, 0x00000000d6980000, 0x0000000100000000)
  eden space 16384K, 0% used [0x00000000d5580000,0x00000000d5580000,0x00000000d6580000)
  from space 2048K, 76% used [0x00000000d6580000,0x00000000d6706200,0x00000000d6780000)
  to   space 2048K, 0% used [0x00000000d6780000,0x00000000d6780000,0x00000000d6980000)
 ParOldGen       total 68608K, used 57112K [0x0000000080000000, 0x0000000084300000, 0x00000000d5580000)
  object space 68608K, 83% used [0x0000000080000000,0x00000000837c6128,0x0000000084300000)
 Metaspace       used 67216K, committed 68736K, reserved 1114112K
  class space    used 8380K, committed 9024K, reserved 1048576K
}
Event: 119.643 GC heap before
{Heap before GC invocations=71 (full 3):
 PSYoungGen      total 18432K, used 17944K [0x00000000d5580000, 0x00000000d6980000, 0x0000000100000000)
  eden space 16384K, 100% used [0x00000000d5580000,0x00000000d6580000,0x00000000d6580000)
  from space 2048K, 76% used [0x00000000d6580000,0x00000000d6706200,0x00000000d6780000)
  to   space 2048K, 0% used [0x00000000d6780000,0x00000000d6780000,0x00000000d6980000)
 ParOldGen       total 68608K, used 57112K [0x0000000080000000, 0x0000000084300000, 0x00000000d5580000)
  object space 68608K, 83% used [0x0000000080000000,0x00000000837c6128,0x0000000084300000)
 Metaspace       used 67679K, committed 69120K, reserved 1114112K
  class space    used 8419K, committed 9024K, reserved 1048576K
}
Event: 119.646 GC heap after
{Heap after GC invocations=71 (full 3):
 PSYoungGen      total 16384K, used 2045K [0x00000000d5580000, 0x00000000d6d80000, 0x0000000100000000)
  eden space 14336K, 0% used [0x00000000d5580000,0x00000000d5580000,0x00000000d6380000)
  from space 2048K, 99% used [0x00000000d6780000,0x00000000d697f680,0x00000000d6980000)
  to   space 4096K, 0% used [0x00000000d6380000,0x00000000d6380000,0x00000000d6780000)
 ParOldGen       total 68608K, used 58512K [0x0000000080000000, 0x0000000084300000, 0x00000000d5580000)
  object space 68608K, 85% used [0x0000000080000000,0x0000000083924328,0x0000000084300000)
 Metaspace       used 67679K, committed 69120K, reserved 1114112K
  class space    used 8419K, committed 9024K, reserved 1048576K
}

Dll operation events (15 events):
Event: 0.102 Loaded shared library c:\Users\Haqii\.vscode\extensions\redhat.java-1.47.0-win32-x64\jre\21.0.8-win32-x86_64\bin\java.dll
Event: 0.371 Loaded shared library c:\Users\Haqii\.vscode\extensions\redhat.java-1.47.0-win32-x64\jre\21.0.8-win32-x86_64\bin\zip.dll
Event: 0.487 Loaded shared library C:\Users\Haqii\.vscode\extensions\redhat.java-1.47.0-win32-x64\jre\21.0.8-win32-x86_64\bin\instrument.dll
Event: 0.493 Loaded shared library C:\Users\Haqii\.vscode\extensions\redhat.java-1.47.0-win32-x64\jre\21.0.8-win32-x86_64\bin\net.dll
Event: 0.496 Loaded shared library C:\Users\Haqii\.vscode\extensions\redhat.java-1.47.0-win32-x64\jre\21.0.8-win32-x86_64\bin\nio.dll
Event: 0.501 Loaded shared library C:\Users\Haqii\.vscode\extensions\redhat.java-1.47.0-win32-x64\jre\21.0.8-win32-x86_64\bin\zip.dll
Event: 0.561 Loaded shared library C:\Users\Haqii\.vscode\extensions\redhat.java-1.47.0-win32-x64\jre\21.0.8-win32-x86_64\bin\jimage.dll
Event: 0.761 Loaded shared library c:\Users\Haqii\.vscode\extensions\redhat.java-1.47.0-win32-x64\jre\21.0.8-win32-x86_64\bin\verify.dll
Event: 25.993 Loaded shared library C:\Users\Haqii\AppData\Roaming\Code\User\globalStorage\redhat.java\1.47.0\config_win\org.eclipse.equinox.launcher\org.eclipse.equinox.launcher.win32.win32.x86_64_1.2.1400.v20250801-0854\eclipse_11916.dll
Event: 45.676 Loaded shared library C:\Users\Haqii\AppData\Local\Temp\jna-69495192\jna5100766604442404452.dll
Event: 68.502 Loaded shared library C:\Users\Haqii\.gradle\native\1def1411415f61bf3af743bc5b6707747c0891f09f0c88961ee8f79bc544acac\windows-amd64\native-platform.dll
Event: 86.272 Loaded shared library C:\Users\Haqii\.vscode\extensions\redhat.java-1.47.0-win32-x64\jre\21.0.8-win32-x86_64\bin\management.dll
Event: 86.275 Loaded shared library C:\Users\Haqii\.vscode\extensions\redhat.java-1.47.0-win32-x64\jre\21.0.8-win32-x86_64\bin\management_ext.dll
Event: 88.921 Loaded shared library C:\Users\Haqii\.vscode\extensions\redhat.java-1.47.0-win32-x64\jre\21.0.8-win32-x86_64\bin\extnet.dll
Event: 91.514 Loaded shared library C:\Users\Haqii\.vscode\extensions\redhat.java-1.47.0-win32-x64\jre\21.0.8-win32-x86_64\bin\sunmscapi.dll

Deoptimization events (20 events):
Event: 171.493 Thread 0x000001d897e959d0 DEOPT PACKING pc=0x000001d83ffdae08 sp=0x00000013daafe330
Event: 171.493 Thread 0x000001d897e959d0 DEOPT UNPACKING pc=0x000001d83f773aa2 sp=0x00000013daafe270 mode 2
Event: 171.494 Thread 0x000001d897e959d0 DEOPT PACKING pc=0x000001d83937e3ce sp=0x00000013daafda10
Event: 171.494 Thread 0x000001d897e959d0 DEOPT UNPACKING pc=0x000001d83f774242 sp=0x00000013daafcf90 mode 0
Event: 205.369 Thread 0x000001d897e959d0 DEOPT PACKING pc=0x000001d8393776db sp=0x00000013daafe690
Event: 205.370 Thread 0x000001d897e959d0 DEOPT UNPACKING pc=0x000001d83f774242 sp=0x00000013daafdbb0 mode 0
Event: 205.377 Thread 0x000001d897e959d0 Uncommon trap: trap_request=0xffffffc6 fr.pc=0x000001d83ffdae08 relative=0x00000000000001e8
Event: 205.377 Thread 0x000001d897e959d0 Uncommon trap: reason=bimorphic_or_optimized_type_check action=maybe_recompile pc=0x000001d83ffdae08 method=java.util.Collections.eq(Ljava/lang/Object;Ljava/lang/Object;)Z @ 18 c2
Event: 205.377 Thread 0x000001d897e959d0 DEOPT PACKING pc=0x000001d83ffdae08 sp=0x00000013daafe230
Event: 205.377 Thread 0x000001d897e959d0 DEOPT UNPACKING pc=0x000001d83f773aa2 sp=0x00000013daafe170 mode 2
Event: 205.377 Thread 0x000001d897e959d0 Uncommon trap: trap_request=0xffffffc6 fr.pc=0x000001d83ffdae08 relative=0x00000000000001e8
Event: 205.377 Thread 0x000001d897e959d0 Uncommon trap: reason=bimorphic_or_optimized_type_check action=maybe_recompile pc=0x000001d83ffdae08 method=java.util.Collections.eq(Ljava/lang/Object;Ljava/lang/Object;)Z @ 18 c2
Event: 205.377 Thread 0x000001d897e959d0 DEOPT PACKING pc=0x000001d83ffdae08 sp=0x00000013daafe390
Event: 205.377 Thread 0x000001d897e959d0 DEOPT UNPACKING pc=0x000001d83f773aa2 sp=0x00000013daafe2d0 mode 2
Event: 209.046 Thread 0x000001d897e959d0 DEOPT PACKING pc=0x000001d8393776db sp=0x00000013daafea50
Event: 209.046 Thread 0x000001d897e959d0 DEOPT UNPACKING pc=0x000001d83f774242 sp=0x00000013daafdf80 mode 0
Event: 209.048 Thread 0x000001d897e959d0 DEOPT PACKING pc=0x000001d83937e3ce sp=0x00000013daafe460
Event: 209.048 Thread 0x000001d897e959d0 DEOPT UNPACKING pc=0x000001d83f774242 sp=0x00000013daafd9e0 mode 0
Event: 209.051 Thread 0x000001d897e959d0 DEOPT PACKING pc=0x000001d8393776db sp=0x00000013daafe7f0
Event: 209.051 Thread 0x000001d897e959d0 DEOPT UNPACKING pc=0x000001d83f774242 sp=0x00000013daafdd10 mode 0

Classes loaded (20 events):
Event: 119.014 Loading class jdk/internal/jrtfs/JrtPath
Event: 119.015 Loading class jdk/internal/jrtfs/JrtPath done
Event: 119.015 Loading class jdk/internal/jimage/ImageReader$Node
Event: 119.015 Loading class jdk/internal/jimage/ImageReader$Node done
Event: 119.020 Loading class java/nio/ByteBufferAsIntBufferL
Event: 119.020 Loading class java/nio/ByteBufferAsIntBufferL done
Event: 119.025 Loading class jdk/internal/jimage/ImageReader$Directory
Event: 119.025 Loading class jdk/internal/jimage/ImageReader$Directory done
Event: 119.236 Loading class java/nio/channels/Channels$ReadableByteChannelImpl
Event: 119.237 Loading class java/nio/channels/Channels$ReadableByteChannelImpl done
Event: 119.238 Loading class java/nio/channels/NonWritableChannelException
Event: 119.238 Loading class java/nio/channels/NonWritableChannelException done
Event: 119.598 Loading class java/util/stream/DistinctOps
Event: 119.599 Loading class java/util/stream/DistinctOps done
Event: 119.599 Loading class java/util/stream/DistinctOps$1
Event: 119.599 Loading class java/util/stream/DistinctOps$1 done
Event: 119.602 Loading class java/util/stream/DistinctOps$1$2
Event: 119.602 Loading class java/util/stream/DistinctOps$1$2 done
Event: 119.714 Loading class java/io/SequenceInputStream
Event: 119.714 Loading class java/io/SequenceInputStream done

Classes unloaded (20 events):
Event: 46.208 Thread 0x000001d88d1e4070 Unloading class 0x000001d84d1acc00 'java/lang/invoke/LambdaForm$MH+0x000001d84d1acc00'
Event: 46.208 Thread 0x000001d88d1e4070 Unloading class 0x000001d84d1ac800 'java/lang/invoke/LambdaForm$MH+0x000001d84d1ac800'
Event: 46.208 Thread 0x000001d88d1e4070 Unloading class 0x000001d84d1ac400 'java/lang/invoke/LambdaForm$BMH+0x000001d84d1ac400'
Event: 46.208 Thread 0x000001d88d1e4070 Unloading class 0x000001d84d1ac000 'java/lang/invoke/LambdaForm$DMH+0x000001d84d1ac000'
Event: 46.208 Thread 0x000001d88d1e4070 Unloading class 0x000001d84d1aac00 'java/lang/invoke/LambdaForm$DMH+0x000001d84d1aac00'
Event: 47.354 Thread 0x000001d88d1e4070 Unloading class 0x000001d84d3bdc00 'java/lang/invoke/LambdaForm$MH+0x000001d84d3bdc00'
Event: 47.354 Thread 0x000001d88d1e4070 Unloading class 0x000001d84d3bd000 'java/lang/invoke/LambdaForm$MH+0x000001d84d3bd000'
Event: 47.354 Thread 0x000001d88d1e4070 Unloading class 0x000001d84d3bc800 'java/lang/invoke/LambdaForm$MH+0x000001d84d3bc800'
Event: 47.354 Thread 0x000001d88d1e4070 Unloading class 0x000001d84d3bc000 'java/lang/invoke/LambdaForm$MH+0x000001d84d3bc000'
Event: 47.354 Thread 0x000001d88d1e4070 Unloading class 0x000001d84d3bbc00 'java/lang/invoke/LambdaForm$DMH+0x000001d84d3bbc00'
Event: 47.354 Thread 0x000001d88d1e4070 Unloading class 0x000001d84d3bb000 'java/lang/invoke/LambdaForm$MH+0x000001d84d3bb000'
Event: 47.354 Thread 0x000001d88d1e4070 Unloading class 0x000001d84d3b3800 'java/lang/invoke/LambdaForm$MH+0x000001d84d3b3800'
Event: 47.354 Thread 0x000001d88d1e4070 Unloading class 0x000001d84d3b3000 'java/lang/invoke/LambdaForm$MH+0x000001d84d3b3000'
Event: 47.354 Thread 0x000001d88d1e4070 Unloading class 0x000001d84d3b2800 'java/lang/invoke/LambdaForm$MH+0x000001d84d3b2800'
Event: 47.354 Thread 0x000001d88d1e4070 Unloading class 0x000001d84d3b2000 'java/lang/invoke/LambdaForm$MH+0x000001d84d3b2000'
Event: 47.354 Thread 0x000001d88d1e4070 Unloading class 0x000001d84d3b1800 'java/lang/invoke/LambdaForm$MH+0x000001d84d3b1800'
Event: 47.354 Thread 0x000001d88d1e4070 Unloading class 0x000001d84d3b1400 'java/lang/invoke/LambdaForm$MH+0x000001d84d3b1400'
Event: 47.354 Thread 0x000001d88d1e4070 Unloading class 0x000001d84d3b0800 'java/lang/invoke/LambdaForm$MH+0x000001d84d3b0800'
Event: 47.354 Thread 0x000001d88d1e4070 Unloading class 0x000001d84d3b0000 'java/lang/invoke/LambdaForm$MH+0x000001d84d3b0000'
Event: 47.354 Thread 0x000001d88d1e4070 Unloading class 0x000001d84d3acc00 'java/lang/invoke/LambdaForm$DMH+0x000001d84d3acc00'

Classes redefined (0 events):
No events

Internal exceptions (20 events):
Event: 119.007 Thread 0x000001d8947900b0 Exception <a 'java/lang/NoSuchMethodError'{0x00000000d574d348}: 'java.lang.Object java.lang.invoke.DelegatingMethodHandle$Holder.reinvoke_L(java.lang.Object, int, long, java.lang.Object, java.lang.Object, int, java.lang.Object)'> (0x00000000d574d348) 
thrown [s\src\hotspot\share\interpreter\linkResolver.cpp, line 773]
Event: 119.081 Thread 0x000001d8947900b0 Exception <a 'java/lang/NoSuchMethodError'{0x00000000d5cf3b88}: 'java.lang.Object java.lang.invoke.Invokers$Holder.invoke_MT(java.lang.Object, java.lang.Object, java.lang.Object, java.lang.Object, java.lang.Object, java.lang.Object, java.lang.Object, java.lang.Object, java.lang.Object, java.lang.Object)'> (0x00000000d5cf3b88) 
thrown [s\src\hotspot\share\interpreter\linkResolver.cpp, line 773]
Event: 119.578 Thread 0x000001d89a4ba0f0 Exception <a 'sun/nio/fs/WindowsException'{0x00000000d614b080}> (0x00000000d614b080) 
thrown [s\src\hotspot\share\prims\jni.cpp, line 520]
Event: 119.578 Thread 0x000001d89a4ba0f0 Exception <a 'sun/nio/fs/WindowsException'{0x00000000d614b960}> (0x00000000d614b960) 
thrown [s\src\hotspot\share\prims\jni.cpp, line 520]
Event: 119.578 Thread 0x000001d89a4ba0f0 Exception <a 'sun/nio/fs/WindowsException'{0x00000000d614c6a8}> (0x00000000d614c6a8) 
thrown [s\src\hotspot\share\prims\jni.cpp, line 520]
Event: 119.578 Thread 0x000001d89a4ba0f0 Exception <a 'sun/nio/fs/WindowsException'{0x00000000d614cf88}> (0x00000000d614cf88) 
thrown [s\src\hotspot\share\prims\jni.cpp, line 520]
Event: 119.582 Thread 0x000001d89a4ba0f0 Exception <a 'java/io/FileNotFoundException'{0x00000000d6166b68}> (0x00000000d6166b68) 
thrown [s\src\hotspot\share\prims\jni.cpp, line 520]
Event: 119.582 Thread 0x000001d89a4ba0f0 Exception <a 'java/io/FileNotFoundException'{0x00000000d6167b98}> (0x00000000d6167b98) 
thrown [s\src\hotspot\share\prims\jni.cpp, line 520]
Event: 119.593 Thread 0x000001d89a4ba0f0 Exception <a 'sun/nio/fs/WindowsException'{0x00000000d61d4ae0}> (0x00000000d61d4ae0) 
thrown [s\src\hotspot\share\prims\jni.cpp, line 520]
Event: 119.593 Thread 0x000001d89a4ba0f0 Exception <a 'sun/nio/fs/WindowsException'{0x00000000d61d53c0}> (0x00000000d61d53c0) 
thrown [s\src\hotspot\share\prims\jni.cpp, line 520]
Event: 119.638 Thread 0x000001d897e96d80 Exception <a 'sun/nio/fs/WindowsException'{0x00000000d64a12c8}> (0x00000000d64a12c8) 
thrown [s\src\hotspot\share\prims\jni.cpp, line 520]
Event: 119.638 Thread 0x000001d897e96d80 Exception <a 'sun/nio/fs/WindowsException'{0x00000000d64a4248}> (0x00000000d64a4248) 
thrown [s\src\hotspot\share\prims\jni.cpp, line 520]
Event: 119.639 Thread 0x000001d897e96d80 Exception <a 'sun/nio/fs/WindowsException'{0x00000000d64a4f28}> (0x00000000d64a4f28) 
thrown [s\src\hotspot\share\prims\jni.cpp, line 520]
Event: 119.639 Thread 0x000001d897e96d80 Exception <a 'sun/nio/fs/WindowsException'{0x00000000d64ab970}> (0x00000000d64ab970) 
thrown [s\src\hotspot\share\prims\jni.cpp, line 520]
Event: 119.640 Thread 0x000001d897e96d80 Exception <a 'sun/nio/fs/WindowsException'{0x00000000d64adc30}> (0x00000000d64adc30) 
thrown [s\src\hotspot\share\prims\jni.cpp, line 520]
Event: 119.640 Thread 0x000001d897e96d80 Exception <a 'sun/nio/fs/WindowsException'{0x00000000d64b5948}> (0x00000000d64b5948) 
thrown [s\src\hotspot\share\prims\jni.cpp, line 520]
Event: 119.742 Thread 0x000001d897e96d80 Exception <a 'java/io/FileNotFoundException'{0x00000000d5cf1ff8}> (0x00000000d5cf1ff8) 
thrown [s\src\hotspot\share\prims\jni.cpp, line 520]
Event: 119.742 Thread 0x000001d897e96d80 Exception <a 'java/io/FileNotFoundException'{0x00000000d5cf2fc0}> (0x00000000d5cf2fc0) 
thrown [s\src\hotspot\share\prims\jni.cpp, line 520]
Event: 119.747 Thread 0x000001d897e96d80 Exception <a 'java/lang/NoSuchMethodError'{0x00000000d5d1afc0}: 'java.lang.Object java.lang.invoke.DirectMethodHandle$Holder.invokeStatic(java.lang.Object, java.lang.Object, int, java.lang.Object)'> (0x00000000d5d1afc0) 
thrown [s\src\hotspot\share\interpreter\linkResolver.cpp, line 773]
Event: 171.533 Thread 0x000001d897e97aa0 Exception <a 'java/lang/IncompatibleClassChangeError'{0x00000000d5f01ba0}: Found class java.lang.Object, but interface was expected> (0x00000000d5f01ba0) 
thrown [s\src\hotspot\share\interpreter\linkResolver.cpp, line 840]

ZGC Phase Switch (0 events):
No events

VM Operations (20 events):
Event: 119.665 Executing VM operation: HandshakeAllThreads (Deoptimize)
Event: 119.665 Executing VM operation: HandshakeAllThreads (Deoptimize) done
Event: 120.468 Executing VM operation: HandshakeAllThreads (HandshakeForDeflation)
Event: 120.468 Executing VM operation: HandshakeAllThreads (HandshakeForDeflation) done
Event: 120.468 Executing VM operation: RendezvousGCThreads
Event: 120.468 Executing VM operation: RendezvousGCThreads done
Event: 121.469 Executing VM operation: Cleanup
Event: 121.469 Executing VM operation: Cleanup done
Event: 171.496 Executing VM operation: Cleanup
Event: 171.496 Executing VM operation: Cleanup done
Event: 172.497 Executing VM operation: Cleanup
Event: 172.497 Executing VM operation: Cleanup done
Event: 180.548 Executing VM operation: HandshakeAllThreads (HandshakeForDeflation)
Event: 180.549 Executing VM operation: HandshakeAllThreads (HandshakeForDeflation) done
Event: 180.549 Executing VM operation: RendezvousGCThreads
Event: 180.549 Executing VM operation: RendezvousGCThreads done
Event: 205.562 Executing VM operation: Cleanup
Event: 205.562 Executing VM operation: Cleanup done
Event: 209.564 Executing VM operation: Cleanup
Event: 209.564 Executing VM operation: Cleanup done

Memory protections (0 events):
No events

Nmethod flushes (20 events):
Event: 87.804 Thread 0x000001d88d1e4070 flushing  nmethod 0x000001d838c56590
Event: 87.804 Thread 0x000001d88d1e4070 flushing  nmethod 0x000001d838c57490
Event: 87.804 Thread 0x000001d88d1e4070 flushing  nmethod 0x000001d838c59790
Event: 87.804 Thread 0x000001d88d1e4070 flushing  nmethod 0x000001d838c6e410
Event: 87.804 Thread 0x000001d88d1e4070 flushing  nmethod 0x000001d838c77390
Event: 87.804 Thread 0x000001d88d1e4070 flushing  nmethod 0x000001d838c78c90
Event: 87.804 Thread 0x000001d88d1e4070 flushing osr nmethod 0x000001d838c87e10
Event: 87.804 Thread 0x000001d88d1e4070 flushing  nmethod 0x000001d838c8f490
Event: 87.804 Thread 0x000001d88d1e4070 flushing  nmethod 0x000001d838c8f990
Event: 87.804 Thread 0x000001d88d1e4070 flushing  nmethod 0x000001d838c90310
Event: 87.804 Thread 0x000001d88d1e4070 flushing  nmethod 0x000001d838c91010
Event: 87.804 Thread 0x000001d88d1e4070 flushing  nmethod 0x000001d838c92510
Event: 87.804 Thread 0x000001d88d1e4070 flushing  nmethod 0x000001d838c93c90
Event: 87.804 Thread 0x000001d88d1e4070 flushing  nmethod 0x000001d838c94e10
Event: 87.804 Thread 0x000001d88d1e4070 flushing  nmethod 0x000001d838c95f90
Event: 87.804 Thread 0x000001d88d1e4070 flushing  nmethod 0x000001d838c97e10
Event: 87.804 Thread 0x000001d88d1e4070 flushing  nmethod 0x000001d838c9a090
Event: 87.804 Thread 0x000001d88d1e4070 flushing  nmethod 0x000001d838caa790
Event: 87.804 Thread 0x000001d88d1e4070 flushing  nmethod 0x000001d838cbf310
Event: 87.804 Thread 0x000001d88d1e4070 flushing  nmethod 0x000001d838d02210

Events (20 events):
Event: 119.025 Thread 0x000001d895dc85e0 Thread exited: 0x000001d895dc85e0
Event: 119.040 Thread 0x000001d895dc9380 Thread added: 0x000001d895dc7840
Event: 119.040 Thread 0x000001d895dc9380 Thread added: 0x000001d895dc85e0
Event: 119.125 Thread 0x000001d88e9566b0 Thread added: 0x000001d8972c9ee0
Event: 119.141 Thread 0x000001d8972c9ee0 Thread added: 0x000001d8972c9810
Event: 120.674 Thread 0x000001d8972c9810 Thread exited: 0x000001d8972c9810
Event: 120.674 Thread 0x000001d8972c9ee0 Thread exited: 0x000001d8972c9ee0
Event: 120.674 Thread 0x000001d895dc5d00 Thread exited: 0x000001d895dc5d00
Event: 125.674 Thread 0x000001d895dc6aa0 Thread exited: 0x000001d895dc6aa0
Event: 125.674 Thread 0x000001d895dc7840 Thread exited: 0x000001d895dc7840
Event: 125.674 Thread 0x000001d895dc85e0 Thread exited: 0x000001d895dc85e0
Event: 130.117 Thread 0x000001d895dc9380 Thread exited: 0x000001d895dc9380
Event: 130.117 Thread 0x000001d895dc63d0 Thread exited: 0x000001d895dc63d0
Event: 159.202 Thread 0x000001d89a4b93d0 Thread exited: 0x000001d89a4b93d0
Event: 159.202 Thread 0x000001d89a4b65e0 Thread exited: 0x000001d89a4b65e0
Event: 159.205 Thread 0x000001d89a4b6c70 Thread exited: 0x000001d89a4b6c70
Event: 179.669 Thread 0x000001d89a4b8020 Thread exited: 0x000001d89a4b8020
Event: 180.723 Thread 0x000001d89478f390 Thread exited: 0x000001d89478f390
Event: 205.379 Thread 0x000001d8947900b0 Thread exited: 0x000001d8947900b0
Event: 239.670 Thread 0x000001d89a4ba0f0 Thread exited: 0x000001d89a4ba0f0


Dynamic libraries:
0x00007ff6dc750000 - 0x00007ff6dc75e000 	c:\Users\Haqii\.vscode\extensions\redhat.java-1.47.0-win32-x64\jre\21.0.8-win32-x86_64\bin\java.exe
0x00007ff9d3ac0000 - 0x00007ff9d3d28000 	C:\WINDOWS\SYSTEM32\ntdll.dll
0x00007ff9d3310000 - 0x00007ff9d33d9000 	C:\WINDOWS\System32\KERNEL32.DLL
0x00007ff9d0f10000 - 0x00007ff9d1302000 	C:\WINDOWS\System32\KERNELBASE.dll
0x00007ff9d0dc0000 - 0x00007ff9d0f0b000 	C:\WINDOWS\System32\ucrtbase.dll
0x00007ff9b94f0000 - 0x00007ff9b9508000 	c:\Users\Haqii\.vscode\extensions\redhat.java-1.47.0-win32-x64\jre\21.0.8-win32-x86_64\bin\jli.dll
0x00007ff9d35e0000 - 0x00007ff9d37a5000 	C:\WINDOWS\System32\USER32.dll
0x00007ff9d13b0000 - 0x00007ff9d13d7000 	C:\WINDOWS\System32\win32u.dll
0x00007ff9d34a0000 - 0x00007ff9d34cb000 	C:\WINDOWS\System32\GDI32.dll
0x00007ff9d1490000 - 0x00007ff9d15bd000 	C:\WINDOWS\System32\gdi32full.dll
0x00007ff9d13e0000 - 0x00007ff9d1483000 	C:\WINDOWS\System32\msvcp_win.dll
0x00007ff9b8510000 - 0x00007ff9b852e000 	c:\Users\Haqii\.vscode\extensions\redhat.java-1.47.0-win32-x64\jre\21.0.8-win32-x86_64\bin\VCRUNTIME140.dll
0x00007ff9c0a70000 - 0x00007ff9c0d03000 	C:\WINDOWS\WinSxS\amd64_microsoft.windows.common-controls_6595b64144ccf1df_6.0.26100.6899_none_3e0efeeae32e88c1\COMCTL32.dll
0x00007ff9d37b0000 - 0x00007ff9d3859000 	C:\WINDOWS\System32\msvcrt.dll
0x00007ff9d3170000 - 0x00007ff9d319f000 	C:\WINDOWS\System32\IMM32.DLL
0x00007ff9bc660000 - 0x00007ff9bc66c000 	c:\Users\Haqii\.vscode\extensions\redhat.java-1.47.0-win32-x64\jre\21.0.8-win32-x86_64\bin\vcruntime140_1.dll
0x00007ff98ce90000 - 0x00007ff98cf1d000 	c:\Users\Haqii\.vscode\extensions\redhat.java-1.47.0-win32-x64\jre\21.0.8-win32-x86_64\bin\msvcp140.dll
0x00007ff9159e0000 - 0x00007ff916777000 	c:\Users\Haqii\.vscode\extensions\redhat.java-1.47.0-win32-x64\jre\21.0.8-win32-x86_64\bin\server\jvm.dll
0x00007ff9d29c0000 - 0x00007ff9d2a74000 	C:\WINDOWS\System32\ADVAPI32.dll
0x00007ff9d2800000 - 0x00007ff9d28a6000 	C:\WINDOWS\System32\sechost.dll
0x00007ff9d1890000 - 0x00007ff9d19a8000 	C:\WINDOWS\System32\RPCRT4.dll
0x00007ff9d2940000 - 0x00007ff9d29b4000 	C:\WINDOWS\System32\WS2_32.dll
0x00007ff9d0ad0000 - 0x00007ff9d0b2e000 	C:\WINDOWS\SYSTEM32\POWRPROF.dll
0x00007ff9c50e0000 - 0x00007ff9c5115000 	C:\WINDOWS\SYSTEM32\WINMM.dll
0x00007ff9ca0f0000 - 0x00007ff9ca0fb000 	C:\WINDOWS\SYSTEM32\VERSION.dll
0x00007ff9d0ab0000 - 0x00007ff9d0ac4000 	C:\WINDOWS\SYSTEM32\UMPDC.dll
0x00007ff9cfa20000 - 0x00007ff9cfa3b000 	C:\WINDOWS\SYSTEM32\kernel.appcore.dll
0x00007ff9bb650000 - 0x00007ff9bb65a000 	c:\Users\Haqii\.vscode\extensions\redhat.java-1.47.0-win32-x64\jre\21.0.8-win32-x86_64\bin\jimage.dll
0x00007ff9ce050000 - 0x00007ff9ce292000 	C:\WINDOWS\SYSTEM32\DBGHELP.DLL
0x00007ff9d1d00000 - 0x00007ff9d207b000 	C:\WINDOWS\System32\combase.dll
0x00007ff9d31b0000 - 0x00007ff9d3287000 	C:\WINDOWS\System32\OLEAUT32.dll
0x00007ff9ba550000 - 0x00007ff9ba58c000 	C:\WINDOWS\SYSTEM32\dbgcore.DLL
0x00007ff9d1310000 - 0x00007ff9d13a8000 	C:\WINDOWS\System32\bcryptPrimitives.dll
0x00007ff9b0740000 - 0x00007ff9b074f000 	c:\Users\Haqii\.vscode\extensions\redhat.java-1.47.0-win32-x64\jre\21.0.8-win32-x86_64\bin\instrument.dll
0x00007ff9b4c00000 - 0x00007ff9b4c1f000 	c:\Users\Haqii\.vscode\extensions\redhat.java-1.47.0-win32-x64\jre\21.0.8-win32-x86_64\bin\java.dll
0x00007ff9d20b0000 - 0x00007ff9d27fd000 	C:\WINDOWS\System32\SHELL32.dll
0x00007ff9d0c50000 - 0x00007ff9d0dbb000 	C:\WINDOWS\System32\wintypes.dll
0x00007ff9ce8e0000 - 0x00007ff9cf13d000 	C:\WINDOWS\SYSTEM32\windows.storage.dll
0x00007ff9d34d0000 - 0x00007ff9d35c2000 	C:\WINDOWS\System32\SHCORE.dll
0x00007ff9d1c90000 - 0x00007ff9d1cf2000 	C:\WINDOWS\System32\shlwapi.dll
0x00007ff9d0b70000 - 0x00007ff9d0b99000 	C:\WINDOWS\SYSTEM32\profapi.dll
0x00007ff9b98c0000 - 0x00007ff9b98d8000 	c:\Users\Haqii\.vscode\extensions\redhat.java-1.47.0-win32-x64\jre\21.0.8-win32-x86_64\bin\zip.dll
0x00007ff9bb320000 - 0x00007ff9bb330000 	C:\Users\Haqii\.vscode\extensions\redhat.java-1.47.0-win32-x64\jre\21.0.8-win32-x86_64\bin\net.dll
0x00007ff9c5c80000 - 0x00007ff9c5d9f000 	C:\WINDOWS\SYSTEM32\WINHTTP.dll
0x00007ff9cff90000 - 0x00007ff9cfffb000 	C:\WINDOWS\system32\mswsock.dll
0x00007ff9aa290000 - 0x00007ff9aa2a6000 	C:\Users\Haqii\.vscode\extensions\redhat.java-1.47.0-win32-x64\jre\21.0.8-win32-x86_64\bin\nio.dll
0x00007ff9aff50000 - 0x00007ff9aff60000 	c:\Users\Haqii\.vscode\extensions\redhat.java-1.47.0-win32-x64\jre\21.0.8-win32-x86_64\bin\verify.dll
0x00007ff98cda0000 - 0x00007ff98cde4000 	C:\Users\Haqii\AppData\Roaming\Code\User\globalStorage\redhat.java\1.47.0\config_win\org.eclipse.equinox.launcher\org.eclipse.equinox.launcher.win32.win32.x86_64_1.2.1400.v20250801-0854\eclipse_11916.dll
0x00007ff9d38e0000 - 0x00007ff9d3a78000 	C:\WINDOWS\System32\ole32.dll
0x00007ff9d0240000 - 0x00007ff9d025b000 	C:\WINDOWS\SYSTEM32\CRYPTSP.dll
0x00007ff9cf980000 - 0x00007ff9cf9bb000 	C:\WINDOWS\system32\rsaenh.dll
0x00007ff9d0030000 - 0x00007ff9d005b000 	C:\WINDOWS\SYSTEM32\USERENV.dll
0x00007ff9d0b40000 - 0x00007ff9d0b66000 	C:\WINDOWS\SYSTEM32\bcrypt.dll
0x00007ff9d0260000 - 0x00007ff9d026c000 	C:\WINDOWS\SYSTEM32\CRYPTBASE.dll
0x00007ff9cf440000 - 0x00007ff9cf474000 	C:\WINDOWS\SYSTEM32\IPHLPAPI.DLL
0x00007ff9d2cd0000 - 0x00007ff9d2cda000 	C:\WINDOWS\System32\NSI.dll
0x00007ff9827c0000 - 0x00007ff982809000 	C:\Users\Haqii\AppData\Local\Temp\jna-69495192\jna5100766604442404452.dll
0x00007ff9d35d0000 - 0x00007ff9d35d8000 	C:\WINDOWS\System32\PSAPI.DLL
0x00007ff9c91f0000 - 0x00007ff9c920e000 	C:\WINDOWS\SYSTEM32\dhcpcsvc6.DLL
0x00007ff9c5460000 - 0x00007ff9c5483000 	C:\WINDOWS\SYSTEM32\dhcpcsvc.DLL
0x00007ff9add80000 - 0x00007ff9adda7000 	C:\Users\Haqii\.gradle\native\1def1411415f61bf3af743bc5b6707747c0891f09f0c88961ee8f79bc544acac\windows-amd64\native-platform.dll
0x00007ff9aff40000 - 0x00007ff9aff4a000 	C:\Users\Haqii\.vscode\extensions\redhat.java-1.47.0-win32-x64\jre\21.0.8-win32-x86_64\bin\management.dll
0x00007ff9aff30000 - 0x00007ff9aff3b000 	C:\Users\Haqii\.vscode\extensions\redhat.java-1.47.0-win32-x64\jre\21.0.8-win32-x86_64\bin\management_ext.dll
0x00007ff9af800000 - 0x00007ff9af809000 	C:\Users\Haqii\.vscode\extensions\redhat.java-1.47.0-win32-x64\jre\21.0.8-win32-x86_64\bin\extnet.dll
0x00007ff9af930000 - 0x00007ff9af93e000 	C:\Users\Haqii\.vscode\extensions\redhat.java-1.47.0-win32-x64\jre\21.0.8-win32-x86_64\bin\sunmscapi.dll
0x00007ff9d15c0000 - 0x00007ff9d1737000 	C:\WINDOWS\System32\CRYPT32.dll
0x00007ff9d0460000 - 0x00007ff9d0490000 	C:\WINDOWS\SYSTEM32\ncrypt.dll
0x00007ff9d0410000 - 0x00007ff9d044f000 	C:\WINDOWS\SYSTEM32\NTASN1.dll
0x00007ff964230000 - 0x00007ff964238000 	C:\WINDOWS\system32\wshunix.dll

JVMTI agents:
c:\Users\Haqii\.vscode\extensions\redhat.java-1.47.0-win32-x64\lombok\lombok-1.18.39-4050.jar path:c:\Users\Haqii\.vscode\extensions\redhat.java-1.47.0-win32-x64\jre\21.0.8-win32-x86_64\bin\instrument.dll, loaded, initialized, instrumentlib options:none

dbghelp: loaded successfully - version: 4.0.5 - missing functions: none
symbol engine: initialized successfully - sym options: 0x614 - pdb path: .;c:\Users\Haqii\.vscode\extensions\redhat.java-1.47.0-win32-x64\jre\21.0.8-win32-x86_64\bin;C:\WINDOWS\SYSTEM32;C:\WINDOWS\WinSxS\amd64_microsoft.windows.common-controls_6595b64144ccf1df_6.0.26100.6899_none_3e0efeeae32e88c1;c:\Users\Haqii\.vscode\extensions\redhat.java-1.47.0-win32-x64\jre\21.0.8-win32-x86_64\bin\server;C:\Users\Haqii\AppData\Roaming\Code\User\globalStorage\redhat.java\1.47.0\config_win\org.eclipse.equinox.launcher\org.eclipse.equinox.launcher.win32.win32.x86_64_1.2.1400.v20250801-0854;C:\Users\Haqii\AppData\Local\Temp\jna-69495192;C:\Users\Haqii\.gradle\native\1def1411415f61bf3af743bc5b6707747c0891f09f0c88961ee8f79bc544acac\windows-amd64

VM Arguments:
jvm_args: --add-modules=ALL-SYSTEM --add-opens=java.base/java.util=ALL-UNNAMED --add-opens=java.base/java.lang=ALL-UNNAMED --add-opens=java.base/sun.nio.fs=ALL-UNNAMED -Declipse.application=org.eclipse.jdt.ls.core.id1 -Dosgi.bundles.defaultStartLevel=4 -Declipse.product=org.eclipse.jdt.ls.core.product -Djava.import.generatesMetadataFilesAtProjectRoot=false -DDetectVMInstallationsJob.disabled=true -Dfile.encoding=utf8 -XX:+UseParallelGC -XX:GCTimeRatio=4 -XX:AdaptiveSizePolicyWeight=90 -Dsun.zip.disableMemoryMapping=true -Xmx2G -Xms100m -Xlog:disable -javaagent:c:\Users\Haqii\.vscode\extensions\redhat.java-1.47.0-win32-x64\lombok\lombok-1.18.39-4050.jar -XX:+HeapDumpOnOutOfMemoryError -XX:HeapDumpPath=c:\Users\Haqii\AppData\Roaming\Code\User\workspaceStorage\3dc9cd43f3ba78d4e4c793072e614d38\redhat.java -Daether.dependencyCollector.impl=bf 
java_command: c:\Users\Haqii\.vscode\extensions\redhat.java-1.47.0-win32-x64\server\plugins\org.eclipse.equinox.launcher_1.7.100.v20251014-1222.jar -configuration c:\Users\Haqii\AppData\Roaming\Code\User\globalStorage\redhat.java\1.47.0\config_win -data c:\Users\Haqii\AppData\Roaming\Code\User\workspaceStorage\3dc9cd43f3ba78d4e4c793072e614d38\redhat.java\jdt_ws --pipe=\\.\pipe\lsp-f9f88668f22bb77520e9d6847f136fa3-sock
java_class_path (initial): c:\Users\Haqii\.vscode\extensions\redhat.java-1.47.0-win32-x64\server\plugins\org.eclipse.equinox.launcher_1.7.100.v20251014-1222.jar
Launcher Type: SUN_STANDARD

[Global flags]
    uintx AdaptiveSizePolicyWeight                 = 90                                        {product} {command line}
     intx CICompilerCount                          = 12                                        {product} {ergonomic}
    uintx GCTimeRatio                              = 4                                         {product} {command line}
     bool HeapDumpOnOutOfMemoryError               = true                                   {manageable} {command line}
    ccstr HeapDumpPath                             = c:\Users\Haqii\AppData\Roaming\Code\User\workspaceStorage\3dc9cd43f3ba78d4e4c793072e614d38\redhat.java         {manageable} {command line}
   size_t InitialHeapSize                          = 104857600                                 {product} {command line}
   size_t MaxHeapSize                              = 2147483648                                {product} {command line}
   size_t MaxNewSize                               = 715653120                                 {product} {ergonomic}
   size_t MinHeapDeltaBytes                        = 524288                                    {product} {ergonomic}
   size_t MinHeapSize                              = 104857600                                 {product} {command line}
   size_t NewSize                                  = 34603008                                  {product} {ergonomic}
    uintx NonNMethodCodeHeapSize                   = 7602480                                {pd product} {ergonomic}
    uintx NonProfiledCodeHeapSize                  = 122027880                              {pd product} {ergonomic}
   size_t OldSize                                  = 70254592                                  {product} {ergonomic}
    uintx ProfiledCodeHeapSize                     = 122027880                              {pd product} {ergonomic}
    uintx ReservedCodeCacheSize                    = 251658240                              {pd product} {ergonomic}
     bool SegmentedCodeCache                       = true                                      {product} {ergonomic}
   size_t SoftMaxHeapSize                          = 2147483648                             {manageable} {ergonomic}
     bool UseCompressedOops                        = true                           {product lp64_product} {ergonomic}
     bool UseLargePagesIndividualAllocation        = false                                  {pd product} {ergonomic}
     bool UseParallelGC                            = true                                      {product} {command line}

Logging:
Log output configuration:
 #0: stdout all=off uptime,level,tags foldmultilines=false
 #1: stderr all=off uptime,level,tags foldmultilines=false

Environment Variables:
PATH=C:\Program Files\Common Files\Oracle\Java\javapath;C:\Program Files (x86)\Common Files\Oracle\Java\java8path;C:\Program Files (x86)\Common Files\Oracle\Java\javapath;C:\WINDOWS\system32;C:\WINDOWS;C:\WINDOWS\System32\Wbem;C:\WINDOWS\System32\WindowsPowerShell\v1.0\;C:\WINDOWS\System32\OpenSSH\;C:\xampp\php;C:\ProgramData\ComposerSetup\bin;C:\Program Files\Git\cmd;C:\Program Files\dotnet\;C:\ProgramData\chocolatey\bin;C:\Program Files\Neovim\bin;C:\Program Files\nodejs\;C:\Program Files\Common Files\Oracle\Java\javapath;C:\Windows\system32;C:\Windows;C:\Windows\System32\Wbem;C:\Windows\System32\WindowsPowerShell\v1.0\;C:\Windows\System32\OpenSSH\;C:\xampp\php;C:\ProgramData\ComposerSetup\bin;C:\Program Files\nodejs\;C:\Program Files\Git\cmd;C:\Program Files\dotnet\;C:\ProgramData\chocolatey\bin;c:\Users\Haqii\AppData\Local\Programs\cursor\resources\app\codeBin;C:\Users\Haqii\AppData\Local\Programs\Python\Launcher\;C:\Users\Haqii\AppData\Local\Microsoft\WindowsApps;C:\Users\Haqii\AppData\Local\Programs\Microsoft VS Code\bin;C:\Users\Haqii\AppData\Roaming\Composer\vendor\bin;C:\msys64\ucrt64\bin;C:\Users\Haqii\AppData\Local\spicetify;C:\Users\Haqii\.deno\bin;C:\Android\cmdline-tools\latest\bin;C:\Android\platform-tools;C:\Android\emulator;C:\Users\Haqii\AppData\Roaming\npm;C:\Users\Haqii\AppData\Local\Microsoft\WindowsApps
USERNAME=Haqii
OS=Windows_NT
PROCESSOR_IDENTIFIER=AMD64 Family 25 Model 68 Stepping 1, AuthenticAMD
TMP=C:\Users\Haqii\AppData\Local\Temp
TEMP=C:\Users\Haqii\AppData\Local\Temp




Periodic native trim disabled

---------------  S Y S T E M  ---------------

OS:
 Windows 11 , 64 bit Build 26100 (10.0.26100.6725)
OS uptime: 0 days 0:39 hours

CPU: total 16 (initial active 16) (16 cores per cpu, 2 threads per core) family 25 model 68 stepping 1 microcode 0xa404102, cx8, cmov, fxsr, ht, mmx, 3dnowpref, sse, sse2, sse3, ssse3, sse4a, sse4.1, sse4.2, popcnt, lzcnt, tsc, tscinvbit, avx, avx2, aes, erms, clmul, bmi1, bmi2, adx, sha, fma, vzeroupper, clflush, clflushopt, rdtscp, rdpid, fsrm, f16c, pku, cet_ss
Processor Information for processor 0
  Max Mhz: 3201, Current Mhz: 1804, Mhz Limit: 3201
Processor Information for processor 1
  Max Mhz: 3201, Current Mhz: 2502, Mhz Limit: 3201
Processor Information for processor 2
  Max Mhz: 3201, Current Mhz: 1804, Mhz Limit: 3201
Processor Information for processor 3
  Max Mhz: 3201, Current Mhz: 1804, Mhz Limit: 3201
Processor Information for processor 4
  Max Mhz: 3201, Current Mhz: 1804, Mhz Limit: 3201
Processor Information for processor 5
  Max Mhz: 3201, Current Mhz: 1804, Mhz Limit: 3201
Processor Information for processor 6
  Max Mhz: 3201, Current Mhz: 1804, Mhz Limit: 3201
Processor Information for processor 7
  Max Mhz: 3201, Current Mhz: 3201, Mhz Limit: 3201
Processor Information for processor 8
  Max Mhz: 3201, Current Mhz: 3201, Mhz Limit: 3201
Processor Information for processor 9
  Max Mhz: 3201, Current Mhz: 1804, Mhz Limit: 3201
Processor Information for processor 10
  Max Mhz: 3201, Current Mhz: 3201, Mhz Limit: 3201
Processor Information for processor 11
  Max Mhz: 3201, Current Mhz: 1804, Mhz Limit: 3201
Processor Information for processor 12
  Max Mhz: 3201, Current Mhz: 1804, Mhz Limit: 3201
Processor Information for processor 13
  Max Mhz: 3201, Current Mhz: 1804, Mhz Limit: 3201
Processor Information for processor 14
  Max Mhz: 3201, Current Mhz: 1804, Mhz Limit: 3201
Processor Information for processor 15
  Max Mhz: 3201, Current Mhz: 1804, Mhz Limit: 3201

Memory: 4k page, system-wide physical 14077M (504M free)
TotalPageFile size 27389M (AvailPageFile size 17M)
current process WorkingSet (physical memory assigned to process): 51M, peak: 316M
current process commit charge ("private bytes"): 382M, peak: 438M

vm_info: OpenJDK 64-Bit Server VM (21.0.8+9-LTS) for windows-amd64 JRE (21.0.8+9-LTS), built on 2025-07-15T00:00:00Z by "admin" with MS VC++ 17.7 (VS2022)

END.
