#
# There is insufficient memory for the Java Runtime Environment to continue.
# Native memory allocation (malloc) failed to allocate 1810896 bytes. Error detail: Chunk::new
# Possible reasons:
#   The system is out of physical RAM or swap space
#   This process is running with CompressedOops enabled, and the Java Heap may be blocking the growth of the native heap
# Possible solutions:
#   Reduce memory load on the system
#   Increase physical memory or swap space
#   Check if swap backing store is full
#   Decrease Java heap size (-Xmx/-Xms)
#   Decrease number of Java threads
#   Decrease Java thread stack sizes (-Xss)
#   Set larger code cache with -XX:ReservedCodeCacheSize=
#   JVM is running with Zero Based Compressed Oops mode in which the Java heap is
#     placed in the first 32GB address space. The Java Heap base address is the
#     maximum limit for the native heap growth. Please use -XX:HeapBaseMinAddress
#     to set the Java Heap base and to place the Java Heap above 32GB virtual address.
# This output file may be truncated or incomplete.
#
#  Out of Memory Error (arena.cpp:149), pid=3456, tid=21304
#
# JRE version: Java(TM) SE Runtime Environment (23.0.1+11) (build 23.0.1+11-39)
# Java VM: Java HotSpot(TM) 64-Bit Server VM (23.0.1+11-39, mixed mode, sharing, tiered, compressed oops, compressed class ptrs, g1 gc, windows-amd64)
# No core dump will be written. Minidumps are not enabled by default on client versions of Windows
#

---------------  S U M M A R Y ------------

Command Line: -DkotlinLanguageServer.version=1.3.13 org.javacs.kt.MainKt

Host: AMD Ryzen 7 7735HS with Radeon Graphics        , 16 cores, 15G,  Windows 11 , 64 bit Build 26100 (10.0.26100.6725)
Time: Wed Oct 15 08:40:49 2025 SE Asia Standard Time elapsed time: 18.170608 seconds (0d 0h 0m 18s)

---------------  T H R E A D  ---------------

Current thread (0x000002f009d644e0):  JavaThread "C2 CompilerThread1" daemon [_thread_in_native, id=21304, stack(0x000000f43e100000,0x000000f43e200000) (1024K)]


Current CompileTask:
C2:18170 18918       4       org.jetbrains.kotlin.cfg.pseudocodeTraverser.PseudocodeTraverserKt::collectDataFromSubgraph (497 bytes)

Stack: [0x000000f43e100000,0x000000f43e200000]
Native frames: (J=compiled Java code, j=interpreted, Vv=VM code, C=native code)
V  [jvm.dll+0x6e08b9]  (no source info available)
V  [jvm.dll+0x87dc83]  (no source info available)
V  [jvm.dll+0x88010e]  (no source info available)
V  [jvm.dll+0x8807e3]  (no source info available)
V  [jvm.dll+0x27aee6]  (no source info available)
V  [jvm.dll+0xbc06f]  (no source info available)
V  [jvm.dll+0xbc2cb]  (no source info available)
V  [jvm.dll+0x3b3a62]  (no source info available)
V  [jvm.dll+0x38a42b]  (no source info available)
V  [jvm.dll+0x38989a]  (no source info available)
V  [jvm.dll+0x244aa1]  (no source info available)
V  [jvm.dll+0x243dff]  (no source info available)
V  [jvm.dll+0x1c33a0]  (no source info available)
V  [jvm.dll+0x253cf1]  (no source info available)
V  [jvm.dll+0x251faa]  (no source info available)
V  [jvm.dll+0x3ee036]  (no source info available)
V  [jvm.dll+0x824f8b]  (no source info available)
V  [jvm.dll+0x6df065]  (no source info available)
C  [ucrtbase.dll+0x37b0]  (no source info available)
C  [KERNEL32.DLL+0x2e8d7]  (no source info available)
C  [ntdll.dll+0x8c53c]  (no source info available)

Lock stack of current Java thread (top to bottom):


---------------  P R O C E S S  ---------------

Threads class SMR info:
_java_thread_list=0x000002f00cb845f0, length=22, elements={
0x000002f036c1a380, 0x000002f036c1edf0, 0x000002f036c23070, 0x000002f036c23c00,
0x000002f036c26b20, 0x000002f036c28440, 0x000002f0377f8f30, 0x000002f03781a730,
0x000002f0378dba30, 0x000002f03799b950, 0x000002f0379a0a50, 0x000002f07d1e7200,
0x000002f07f4526b0, 0x000002f015833550, 0x000002f008d46560, 0x000002f009660560,
0x000002f009be4120, 0x000002f009d644e0, 0x000002f009662630, 0x000002f009661280,
0x000002f00ab18940, 0x000002f00a697070
}

Java Threads: ( => current thread )
  0x000002f036c1a380 JavaThread "Reference Handler"          daemon [_thread_blocked, id=24560, stack(0x000000f43c500000,0x000000f43c600000) (1024K)]
  0x000002f036c1edf0 JavaThread "Finalizer"                  daemon [_thread_blocked, id=23760, stack(0x000000f43c600000,0x000000f43c700000) (1024K)]
  0x000002f036c23070 JavaThread "Signal Dispatcher"          daemon [_thread_blocked, id=3960, stack(0x000000f43c700000,0x000000f43c800000) (1024K)]
  0x000002f036c23c00 JavaThread "Attach Listener"            daemon [_thread_blocked, id=21480, stack(0x000000f43c800000,0x000000f43c900000) (1024K)]
  0x000002f036c26b20 JavaThread "Service Thread"             daemon [_thread_blocked, id=22296, stack(0x000000f43c900000,0x000000f43ca00000) (1024K)]
  0x000002f036c28440 JavaThread "Monitor Deflation Thread"   daemon [_thread_blocked, id=20716, stack(0x000000f43ca00000,0x000000f43cb00000) (1024K)]
  0x000002f0377f8f30 JavaThread "C2 CompilerThread0"         daemon [_thread_in_native, id=5356, stack(0x000000f43cb00000,0x000000f43cc00000) (1024K)]
  0x000002f03781a730 JavaThread "C1 CompilerThread0"         daemon [_thread_blocked, id=6052, stack(0x000000f43cc00000,0x000000f43cd00000) (1024K)]
  0x000002f0378dba30 JavaThread "C1 CompilerThread1"         daemon [_thread_blocked, id=23624, stack(0x000000f43cd00000,0x000000f43ce00000) (1024K)]
  0x000002f03799b950 JavaThread "Notification Thread"        daemon [_thread_blocked, id=9660, stack(0x000000f43ce00000,0x000000f43cf00000) (1024K)]
  0x000002f0379a0a50 JavaThread "Common-Cleaner"             daemon [_thread_blocked, id=13636, stack(0x000000f43cf00000,0x000000f43d000000) (1024K)]
  0x000002f07d1e7200 JavaThread "C1 CompilerThread2"         daemon [_thread_blocked, id=19996, stack(0x000000f43d100000,0x000000f43d200000) (1024K)]
  0x000002f07f4526b0 JavaThread "client"                            [_thread_in_native, id=14996, stack(0x000000f43e300000,0x000000f43e400000) (1024K)]
  0x000002f015833550 JavaThread "DestroyJavaVM"                     [_thread_blocked, id=17772, stack(0x000000f43bd00000,0x000000f43be00000) (1024K)]
  0x000002f008d46560 JavaThread "async0"                            [_thread_blocked, id=2268, stack(0x000000f43e400000,0x000000f43e500000) (1024K)]
  0x000002f009660560 JavaThread "async1"                            [_thread_blocked, id=5280, stack(0x000000f43d000000,0x000000f43d100000) (1024K)]
  0x000002f009be4120 JavaThread "C1 CompilerThread3"         daemon [_thread_blocked, id=23012, stack(0x000000f43d200000,0x000000f43d300000) (1024K)]
=>0x000002f009d644e0 JavaThread "C2 CompilerThread1"         daemon [_thread_in_native, id=21304, stack(0x000000f43e100000,0x000000f43e200000) (1024K)]
  0x000002f009662630 JavaThread "debounce0"                         [_thread_blocked, id=18108, stack(0x000000f43e600000,0x000000f43e700000) (1024K)]
  0x000002f009661280 JavaThread "async2"                            [_thread_blocked, id=2820, stack(0x000000f43e700000,0x000000f43e800000) (1024K)]
  0x000002f00ab18940 JavaThread "async3"                            [_thread_in_Java, id=22696, stack(0x000000f43e800000,0x000000f43e900000) (1024K)]
  0x000002f00a697070 JavaThread "C2 CompilerThread2"         daemon [_thread_in_native, id=25064, stack(0x000000f43e200000,0x000000f43e300000) (1024K)]
Total: 22

Other Threads:
  0x000002f036c036e0 VMThread "VM Thread"                           [id=21588, stack(0x000000f43c400000,0x000000f43c500000) (1024K)]
  0x000002f036beda90 WatcherThread "VM Periodic Task Thread"        [id=17280, stack(0x000000f43c300000,0x000000f43c400000) (1024K)]
  0x000002f017c5f470 WorkerThread "GC Thread#0"                     [id=3496, stack(0x000000f43be00000,0x000000f43bf00000) (1024K)]
  0x000002f07d68ccb0 WorkerThread "GC Thread#1"                     [id=15844, stack(0x000000f43d300000,0x000000f43d400000) (1024K)]
  0x000002f07db440a0 WorkerThread "GC Thread#2"                     [id=15408, stack(0x000000f43d400000,0x000000f43d500000) (1024K)]
  0x000002f07db44450 WorkerThread "GC Thread#3"                     [id=4592, stack(0x000000f43d500000,0x000000f43d600000) (1024K)]
  0x000002f07db44800 WorkerThread "GC Thread#4"                     [id=12220, stack(0x000000f43d600000,0x000000f43d700000) (1024K)]
  0x000002f07d7feb70 WorkerThread "GC Thread#5"                     [id=6616, stack(0x000000f43d700000,0x000000f43d800000) (1024K)]
  0x000002f07db54b30 WorkerThread "GC Thread#6"                     [id=5284, stack(0x000000f43d800000,0x000000f43d900000) (1024K)]
  0x000002f07d6acd10 WorkerThread "GC Thread#7"                     [id=24456, stack(0x000000f43d900000,0x000000f43da00000) (1024K)]
  0x000002f07df03670 WorkerThread "GC Thread#8"                     [id=14208, stack(0x000000f43da00000,0x000000f43db00000) (1024K)]
  0x000002f07df04c90 WorkerThread "GC Thread#9"                     [id=13536, stack(0x000000f43db00000,0x000000f43dc00000) (1024K)]
  0x000002f07e4cb270 WorkerThread "GC Thread#10"                    [id=25480, stack(0x000000f43dc00000,0x000000f43dd00000) (1024K)]
  0x000002f07e4ca3b0 WorkerThread "GC Thread#11"                    [id=15960, stack(0x000000f43dd00000,0x000000f43de00000) (1024K)]
  0x000002f07e4cbd80 WorkerThread "GC Thread#12"                    [id=25204, stack(0x000000f43de00000,0x000000f43df00000) (1024K)]
  0x000002f017c744e0 ConcurrentGCThread "G1 Main Marker"            [id=21532, stack(0x000000f43bf00000,0x000000f43c000000) (1024K)]
  0x000002f017c74ff0 WorkerThread "G1 Conc#0"                       [id=15964, stack(0x000000f43c000000,0x000000f43c100000) (1024K)]
  0x000002f07e4c89e0 WorkerThread "G1 Conc#1"                       [id=1808, stack(0x000000f43df00000,0x000000f43e000000) (1024K)]
  0x000002f07e4cc130 WorkerThread "G1 Conc#2"                       [id=8428, stack(0x000000f43e000000,0x000000f43e100000) (1024K)]
  0x000002f017cae860 ConcurrentGCThread "G1 Refine#0"               [id=25552, stack(0x000000f43c100000,0x000000f43c200000) (1024K)]
  0x000002f036ac0460 ConcurrentGCThread "G1 Service"                [id=8784, stack(0x000000f43c200000,0x000000f43c300000) (1024K)]
Total: 21

Threads with active compile tasks:
C2 CompilerThread0  18232 18800       4       org.jetbrains.kotlin.resolve.calls.components.ResolutionPartsKt::resolveKotlinArgument (572 bytes)
C2 CompilerThread1  18232 18918       4       org.jetbrains.kotlin.cfg.pseudocodeTraverser.PseudocodeTraverserKt::collectDataFromSubgraph (497 bytes)
C2 CompilerThread2  18232 18869       4       org.jetbrains.kotlin.resolve.calls.smartcasts.IdentifierInfoKt::getIdForStableIdentifier (421 bytes)
Total: 3

VM state: not at safepoint (normal execution)

VM Mutex/Monitor currently owned by a thread: None

Heap address: 0x000000070c000000, size: 3904 MB, Compressed Oops mode: Zero based, Oop shift amount: 3

CDS archive(s) mapped at: [0x000002f038000000-0x000002f038d70000-0x000002f038d70000), size 14090240, SharedBaseAddress: 0x000002f038000000, ArchiveRelocationMode: 1.
Compressed class space mapped at: 0x000002f039000000-0x000002f079000000, reserved size: 1073741824
Narrow klass base: 0x000002f038000000, Narrow klass shift: 0, Narrow klass range: 0x41000000

GC Precious Log:
 CardTable entry size: 512
 Card Set container configuration: InlinePtr #cards 4 size 8 Array Of Cards #cards 16 size 48 Howl #buckets 8 coarsen threshold 3686 Howl Bitmap #cards 512 size 80 coarsen threshold 460 Card regions per heap region 1 cards per card region 4096
 CPUs: 16 total, 16 available
 Memory: 15613M
 Large Page Support: Disabled
 NUMA Support: Disabled
 Compressed Oops: Enabled (Zero based)
 Heap Region Size: 2M
 Heap Min Capacity: 8M
 Heap Initial Capacity: 244M
 Heap Max Capacity: 3904M
 Pre-touch: Disabled
 Parallel Workers: 13
 Concurrent Workers: 3
 Concurrent Refinement Workers: 13
 Periodic GC: Disabled

Heap:
 garbage-first heap   total reserved 3997696K, committed 397312K, used 267906K [0x000000070c000000, 0x0000000800000000)
  region size 2048K, 9 young (18432K), 2 survivors (4096K)
 Metaspace       used 79033K, committed 80064K, reserved 1179648K
  class space    used 9061K, committed 9536K, reserved 1048576K

Heap Regions: E=young(eden), S=young(survivor), O=old, HS=humongous(starts), HC=humongous(continues), CS=collection set, F=free, TAMS=top-at-mark-start, PB=parsable bottom
|   0|0x000000070c000000, 0x000000070c200000, 0x000000070c200000|100%|HS|  |TAMS 0x000000070c200000| PB 0x000000070c000000| Complete |  0
|   1|0x000000070c200000, 0x000000070c400000, 0x000000070c400000|100%|HC|  |TAMS 0x000000070c400000| PB 0x000000070c200000| Complete |  0
|   2|0x000000070c400000, 0x000000070c600000, 0x000000070c600000|100%| O|  |TAMS 0x000000070c600000| PB 0x000000070c400000| Untracked |  0
|   3|0x000000070c600000, 0x000000070c800000, 0x000000070c800000|100%| O|  |TAMS 0x000000070c800000| PB 0x000000070c600000| Untracked |  0
|   4|0x000000070c800000, 0x000000070ca00000, 0x000000070ca00000|100%| O|  |TAMS 0x000000070ca00000| PB 0x000000070c800000| Untracked |  0
|   5|0x000000070ca00000, 0x000000070cc00000, 0x000000070cc00000|100%| O|  |TAMS 0x000000070cc00000| PB 0x000000070ca00000| Untracked |  0
|   6|0x000000070cc00000, 0x000000070ce00000, 0x000000070ce00000|100%| O|  |TAMS 0x000000070ce00000| PB 0x000000070cc00000| Untracked |  0
|   7|0x000000070ce00000, 0x000000070d000000, 0x000000070d000000|100%| O|  |TAMS 0x000000070d000000| PB 0x000000070ce00000| Untracked |  0
|   8|0x000000070d000000, 0x000000070d200000, 0x000000070d200000|100%| O|  |TAMS 0x000000070d200000| PB 0x000000070d000000| Untracked |  0
|   9|0x000000070d200000, 0x000000070d400000, 0x000000070d400000|100%| O|  |TAMS 0x000000070d400000| PB 0x000000070d200000| Untracked |  0
|  10|0x000000070d400000, 0x000000070d600000, 0x000000070d600000|100%| O|  |TAMS 0x000000070d600000| PB 0x000000070d400000| Untracked |  0
|  11|0x000000070d600000, 0x000000070d800000, 0x000000070d800000|100%| O|  |TAMS 0x000000070d800000| PB 0x000000070d600000| Untracked |  0
|  12|0x000000070d800000, 0x000000070da00000, 0x000000070da00000|100%| O|  |TAMS 0x000000070da00000| PB 0x000000070d800000| Untracked |  0
|  13|0x000000070da00000, 0x000000070dc00000, 0x000000070dc00000|100%| O|  |TAMS 0x000000070dc00000| PB 0x000000070da00000| Untracked |  0
|  14|0x000000070dc00000, 0x000000070de00000, 0x000000070de00000|100%| O|  |TAMS 0x000000070de00000| PB 0x000000070dc00000| Untracked |  0
|  15|0x000000070de00000, 0x000000070e000000, 0x000000070e000000|100%| O|  |TAMS 0x000000070e000000| PB 0x000000070de00000| Untracked |  0
|  16|0x000000070e000000, 0x000000070e200000, 0x000000070e200000|100%| O|  |TAMS 0x000000070e200000| PB 0x000000070e000000| Untracked |  0
|  17|0x000000070e200000, 0x000000070e400000, 0x000000070e400000|100%| O|  |TAMS 0x000000070e400000| PB 0x000000070e200000| Untracked |  0
|  18|0x000000070e400000, 0x000000070e600000, 0x000000070e600000|100%| O|  |TAMS 0x000000070e600000| PB 0x000000070e400000| Untracked |  0
|  19|0x000000070e600000, 0x000000070e800000, 0x000000070e800000|100%| O|  |TAMS 0x000000070e800000| PB 0x000000070e600000| Untracked |  0
|  20|0x000000070e800000, 0x000000070ea00000, 0x000000070ea00000|100%| O|  |TAMS 0x000000070ea00000| PB 0x000000070e800000| Untracked |  0
|  21|0x000000070ea00000, 0x000000070ec00000, 0x000000070ec00000|100%| O|  |TAMS 0x000000070ec00000| PB 0x000000070ea00000| Untracked |  0
|  22|0x000000070ec00000, 0x000000070ee00000, 0x000000070ee00000|100%| O|  |TAMS 0x000000070ee00000| PB 0x000000070ec00000| Untracked |  0
|  23|0x000000070ee00000, 0x000000070f000000, 0x000000070f000000|100%| O|  |TAMS 0x000000070f000000| PB 0x000000070ee00000| Untracked |  0
|  24|0x000000070f000000, 0x000000070f200000, 0x000000070f200000|100%| O|  |TAMS 0x000000070f200000| PB 0x000000070f000000| Untracked |  0
|  25|0x000000070f200000, 0x000000070f400000, 0x000000070f400000|100%| O|  |TAMS 0x000000070f400000| PB 0x000000070f200000| Untracked |  0
|  26|0x000000070f400000, 0x000000070f600000, 0x000000070f600000|100%| O|  |TAMS 0x000000070f600000| PB 0x000000070f400000| Untracked |  0
|  27|0x000000070f600000, 0x000000070f800000, 0x000000070f800000|100%| O|  |TAMS 0x000000070f800000| PB 0x000000070f600000| Untracked |  0
|  28|0x000000070f800000, 0x000000070fa00000, 0x000000070fa00000|100%| O|  |TAMS 0x000000070fa00000| PB 0x000000070f800000| Untracked |  0
|  29|0x000000070fa00000, 0x000000070fc00000, 0x000000070fc00000|100%| O|  |TAMS 0x000000070fc00000| PB 0x000000070fa00000| Untracked |  0
|  30|0x000000070fc00000, 0x000000070fe00000, 0x000000070fe00000|100%| O|  |TAMS 0x000000070fe00000| PB 0x000000070fc00000| Untracked |  0
|  31|0x000000070fe00000, 0x0000000710000000, 0x0000000710000000|100%| O|  |TAMS 0x000000070fe00000| PB 0x000000070fe00000| Untracked |  0
|  32|0x0000000710000000, 0x0000000710200000, 0x0000000710200000|100%|HS|  |TAMS 0x0000000710200000| PB 0x0000000710000000| Complete |  0
|  33|0x0000000710200000, 0x0000000710400000, 0x0000000710400000|100%| O|  |TAMS 0x0000000710400000| PB 0x0000000710200000| Untracked |  0
|  34|0x0000000710400000, 0x0000000710600000, 0x0000000710600000|100%| O|  |TAMS 0x0000000710600000| PB 0x0000000710400000| Untracked |  0
|  35|0x0000000710600000, 0x0000000710800000, 0x0000000710800000|100%| O|  |TAMS 0x0000000710800000| PB 0x0000000710600000| Untracked |  0
|  36|0x0000000710800000, 0x0000000710a00000, 0x0000000710a00000|100%| O|  |TAMS 0x0000000710a00000| PB 0x0000000710800000| Untracked |  0
|  37|0x0000000710a00000, 0x0000000710c00000, 0x0000000710c00000|100%| O|  |TAMS 0x0000000710c00000| PB 0x0000000710a00000| Untracked |  0
|  38|0x0000000710c00000, 0x0000000710e00000, 0x0000000710e00000|100%| O|  |TAMS 0x0000000710e00000| PB 0x0000000710c00000| Untracked |  0
|  39|0x0000000710e00000, 0x0000000711000000, 0x0000000711000000|100%| O|  |TAMS 0x0000000711000000| PB 0x0000000710e00000| Untracked |  0
|  40|0x0000000711000000, 0x0000000711200000, 0x0000000711200000|100%| O|  |TAMS 0x0000000711200000| PB 0x0000000711000000| Untracked |  0
|  41|0x0000000711200000, 0x0000000711400000, 0x0000000711400000|100%| O|  |TAMS 0x0000000711400000| PB 0x0000000711200000| Untracked |  0
|  42|0x0000000711400000, 0x0000000711600000, 0x0000000711600000|100%| O|  |TAMS 0x0000000711600000| PB 0x0000000711400000| Untracked |  0
|  43|0x0000000711600000, 0x0000000711800000, 0x0000000711800000|100%| O|  |TAMS 0x0000000711800000| PB 0x0000000711600000| Untracked |  0
|  44|0x0000000711800000, 0x0000000711a00000, 0x0000000711a00000|100%| O|  |TAMS 0x0000000711a00000| PB 0x0000000711800000| Untracked |  0
|  45|0x0000000711a00000, 0x0000000711c00000, 0x0000000711c00000|100%| O|  |TAMS 0x0000000711c00000| PB 0x0000000711a00000| Untracked |  0
|  46|0x0000000711c00000, 0x0000000711e00000, 0x0000000711e00000|100%| O|  |TAMS 0x0000000711e00000| PB 0x0000000711c00000| Untracked |  0
|  47|0x0000000711e00000, 0x0000000712000000, 0x0000000712000000|100%| O|  |TAMS 0x0000000712000000| PB 0x0000000711e00000| Untracked |  0
|  48|0x0000000712000000, 0x0000000712200000, 0x0000000712200000|100%| O|  |TAMS 0x0000000712200000| PB 0x0000000712000000| Untracked |  0
|  49|0x0000000712200000, 0x0000000712400000, 0x0000000712400000|100%| O|  |TAMS 0x0000000712400000| PB 0x0000000712200000| Untracked |  0
|  50|0x0000000712400000, 0x0000000712600000, 0x0000000712600000|100%| O|  |TAMS 0x0000000712600000| PB 0x0000000712400000| Untracked |  0
|  51|0x0000000712600000, 0x0000000712800000, 0x0000000712800000|100%| O|  |TAMS 0x0000000712800000| PB 0x0000000712600000| Untracked |  0
|  52|0x0000000712800000, 0x0000000712a00000, 0x0000000712a00000|100%| O|  |TAMS 0x0000000712a00000| PB 0x0000000712800000| Untracked |  0
|  53|0x0000000712a00000, 0x0000000712c00000, 0x0000000712c00000|100%| O|  |TAMS 0x0000000712c00000| PB 0x0000000712a00000| Untracked |  0
|  54|0x0000000712c00000, 0x0000000712e00000, 0x0000000712e00000|100%| O|  |TAMS 0x0000000712e00000| PB 0x0000000712c00000| Untracked |  0
|  55|0x0000000712e00000, 0x0000000713000000, 0x0000000713000000|100%| O|  |TAMS 0x0000000713000000| PB 0x0000000712e00000| Untracked |  0
|  56|0x0000000713000000, 0x0000000713200000, 0x0000000713200000|100%| O|  |TAMS 0x0000000713200000| PB 0x0000000713000000| Untracked |  0
|  57|0x0000000713200000, 0x0000000713400000, 0x0000000713400000|100%| O|  |TAMS 0x0000000713400000| PB 0x0000000713200000| Untracked |  0
|  58|0x0000000713400000, 0x0000000713600000, 0x0000000713600000|100%| O|  |TAMS 0x0000000713600000| PB 0x0000000713400000| Untracked |  0
|  59|0x0000000713600000, 0x0000000713800000, 0x0000000713800000|100%| O|  |TAMS 0x0000000713800000| PB 0x0000000713600000| Untracked |  0
|  60|0x0000000713800000, 0x0000000713a00000, 0x0000000713a00000|100%| O|  |TAMS 0x0000000713a00000| PB 0x0000000713800000| Untracked |  0
|  61|0x0000000713a00000, 0x0000000713c00000, 0x0000000713c00000|100%| O|  |TAMS 0x0000000713c00000| PB 0x0000000713a00000| Untracked |  0
|  62|0x0000000713c00000, 0x0000000713e00000, 0x0000000713e00000|100%| O|  |TAMS 0x0000000713e00000| PB 0x0000000713c00000| Untracked |  0
|  63|0x0000000713e00000, 0x0000000714000000, 0x0000000714000000|100%| O|  |TAMS 0x0000000714000000| PB 0x0000000713e00000| Untracked |  0
|  64|0x0000000714000000, 0x0000000714200000, 0x0000000714200000|100%| O|  |TAMS 0x0000000714200000| PB 0x0000000714000000| Untracked |  0
|  65|0x0000000714200000, 0x0000000714400000, 0x0000000714400000|100%| O|  |TAMS 0x0000000714400000| PB 0x0000000714200000| Untracked |  0
|  66|0x0000000714400000, 0x0000000714600000, 0x0000000714600000|100%| O|  |TAMS 0x0000000714600000| PB 0x0000000714400000| Untracked |  0
|  67|0x0000000714600000, 0x0000000714800000, 0x0000000714800000|100%| O|  |TAMS 0x0000000714800000| PB 0x0000000714600000| Untracked |  0
|  68|0x0000000714800000, 0x0000000714a00000, 0x0000000714a00000|100%| O|  |TAMS 0x0000000714a00000| PB 0x0000000714800000| Untracked |  0
|  69|0x0000000714a00000, 0x0000000714c00000, 0x0000000714c00000|100%| O|  |TAMS 0x0000000714a00000| PB 0x0000000714a00000| Untracked |  0
|  70|0x0000000714c00000, 0x0000000714e00000, 0x0000000714e00000|100%| O|  |TAMS 0x0000000714e00000| PB 0x0000000714c00000| Untracked |  0
|  71|0x0000000714e00000, 0x0000000715000000, 0x0000000715000000|100%| O|  |TAMS 0x0000000715000000| PB 0x0000000714e00000| Untracked |  0
|  72|0x0000000715000000, 0x0000000715200000, 0x0000000715200000|100%| O|  |TAMS 0x0000000715200000| PB 0x0000000715000000| Untracked |  0
|  73|0x0000000715200000, 0x0000000715400000, 0x0000000715400000|100%| O|  |TAMS 0x0000000715400000| PB 0x0000000715200000| Untracked |  0
|  74|0x0000000715400000, 0x0000000715600000, 0x0000000715600000|100%| O|  |TAMS 0x0000000715600000| PB 0x0000000715400000| Untracked |  0
|  75|0x0000000715600000, 0x0000000715800000, 0x0000000715800000|100%| O|  |TAMS 0x0000000715800000| PB 0x0000000715600000| Untracked |  0
|  76|0x0000000715800000, 0x0000000715a00000, 0x0000000715a00000|100%| O|  |TAMS 0x0000000715a00000| PB 0x0000000715800000| Untracked |  0
|  77|0x0000000715a00000, 0x0000000715c00000, 0x0000000715c00000|100%| O|  |TAMS 0x0000000715c00000| PB 0x0000000715a00000| Untracked |  0
|  78|0x0000000715c00000, 0x0000000715e00000, 0x0000000715e00000|100%| O|  |TAMS 0x0000000715e00000| PB 0x0000000715c00000| Untracked |  0
|  79|0x0000000715e00000, 0x0000000716000000, 0x0000000716000000|100%| O|  |TAMS 0x0000000716000000| PB 0x0000000715e00000| Untracked |  0
|  80|0x0000000716000000, 0x0000000716200000, 0x0000000716200000|100%| O|  |TAMS 0x0000000716200000| PB 0x0000000716000000| Untracked |  0
|  81|0x0000000716200000, 0x0000000716400000, 0x0000000716400000|100%| O|  |TAMS 0x0000000716400000| PB 0x0000000716200000| Untracked |  0
|  82|0x0000000716400000, 0x0000000716600000, 0x0000000716600000|100%| O|  |TAMS 0x0000000716600000| PB 0x0000000716400000| Untracked |  0
|  83|0x0000000716600000, 0x0000000716800000, 0x0000000716800000|100%| O|  |TAMS 0x0000000716800000| PB 0x0000000716600000| Untracked |  0
|  84|0x0000000716800000, 0x0000000716a00000, 0x0000000716a00000|100%| O|  |TAMS 0x0000000716a00000| PB 0x0000000716800000| Untracked |  0
|  85|0x0000000716a00000, 0x0000000716c00000, 0x0000000716c00000|100%| O|  |TAMS 0x0000000716c00000| PB 0x0000000716a00000| Untracked |  0
|  86|0x0000000716c00000, 0x0000000716e00000, 0x0000000716e00000|100%| O|  |TAMS 0x0000000716e00000| PB 0x0000000716c00000| Untracked |  0
|  87|0x0000000716e00000, 0x0000000717000000, 0x0000000717000000|100%| O|  |TAMS 0x0000000717000000| PB 0x0000000716e00000| Untracked |  0
|  88|0x0000000717000000, 0x0000000717200000, 0x0000000717200000|100%| O|  |TAMS 0x0000000717200000| PB 0x0000000717000000| Untracked |  0
|  89|0x0000000717200000, 0x0000000717400000, 0x0000000717400000|100%| O|  |TAMS 0x0000000717400000| PB 0x0000000717200000| Untracked |  0
|  90|0x0000000717400000, 0x0000000717600000, 0x0000000717600000|100%| O|  |TAMS 0x0000000717400000| PB 0x0000000717400000| Untracked |  0
|  91|0x0000000717600000, 0x0000000717800000, 0x0000000717800000|100%| O|  |TAMS 0x0000000717800000| PB 0x0000000717600000| Untracked |  0
|  92|0x0000000717800000, 0x0000000717a00000, 0x0000000717a00000|100%| O|  |TAMS 0x0000000717a00000| PB 0x0000000717800000| Untracked |  0
|  93|0x0000000717a00000, 0x0000000717c00000, 0x0000000717c00000|100%| O|  |TAMS 0x0000000717c00000| PB 0x0000000717a00000| Untracked |  0
|  94|0x0000000717c00000, 0x0000000717e00000, 0x0000000717e00000|100%| O|  |TAMS 0x0000000717e00000| PB 0x0000000717c00000| Untracked |  0
|  95|0x0000000717e00000, 0x0000000718000000, 0x0000000718000000|100%| O|  |TAMS 0x0000000718000000| PB 0x0000000717e00000| Untracked |  0
|  96|0x0000000718000000, 0x0000000718200000, 0x0000000718200000|100%| O|  |TAMS 0x0000000718200000| PB 0x0000000718000000| Untracked |  0
|  97|0x0000000718200000, 0x0000000718400000, 0x0000000718400000|100%| O|  |TAMS 0x0000000718400000| PB 0x0000000718200000| Untracked |  0
|  98|0x0000000718400000, 0x0000000718600000, 0x0000000718600000|100%| O|  |TAMS 0x0000000718600000| PB 0x0000000718400000| Untracked |  0
|  99|0x0000000718600000, 0x0000000718800000, 0x0000000718800000|100%| O|  |TAMS 0x0000000718800000| PB 0x0000000718600000| Untracked |  0
| 100|0x0000000718800000, 0x0000000718a00000, 0x0000000718a00000|100%| O|  |TAMS 0x0000000718a00000| PB 0x0000000718800000| Untracked |  0
| 101|0x0000000718a00000, 0x0000000718c00000, 0x0000000718c00000|100%| O|  |TAMS 0x0000000718a00000| PB 0x0000000718a00000| Untracked |  0
| 102|0x0000000718c00000, 0x0000000718e00000, 0x0000000718e00000|100%| O|  |TAMS 0x0000000718e00000| PB 0x0000000718c00000| Untracked |  0
| 103|0x0000000718e00000, 0x0000000719000000, 0x0000000719000000|100%| O|  |TAMS 0x0000000719000000| PB 0x0000000718e00000| Untracked |  0
| 104|0x0000000719000000, 0x0000000719200000, 0x0000000719200000|100%| O|  |TAMS 0x0000000719200000| PB 0x0000000719000000| Untracked |  0
| 105|0x0000000719200000, 0x0000000719400000, 0x0000000719400000|100%| O|  |TAMS 0x0000000719400000| PB 0x0000000719200000| Untracked |  0
| 106|0x0000000719400000, 0x0000000719600000, 0x0000000719600000|100%| O|  |TAMS 0x0000000719400000| PB 0x0000000719400000| Untracked |  0
| 107|0x0000000719600000, 0x0000000719800000, 0x0000000719800000|100%| O|  |TAMS 0x0000000719800000| PB 0x0000000719600000| Untracked |  0
| 108|0x0000000719800000, 0x0000000719a00000, 0x0000000719a00000|100%| O|  |TAMS 0x0000000719a00000| PB 0x0000000719800000| Untracked |  0
| 109|0x0000000719a00000, 0x0000000719c00000, 0x0000000719c00000|100%| O|  |TAMS 0x0000000719c00000| PB 0x0000000719a00000| Untracked |  0
| 110|0x0000000719c00000, 0x0000000719e00000, 0x0000000719e00000|100%| O|  |TAMS 0x0000000719e00000| PB 0x0000000719c00000| Untracked |  0
| 111|0x0000000719e00000, 0x000000071a000000, 0x000000071a000000|100%| O|  |TAMS 0x000000071a000000| PB 0x0000000719e00000| Untracked |  0
| 112|0x000000071a000000, 0x000000071a200000, 0x000000071a200000|100%| O|  |TAMS 0x000000071a200000| PB 0x000000071a000000| Untracked |  0
| 113|0x000000071a200000, 0x000000071a400000, 0x000000071a400000|100%| O|  |TAMS 0x000000071a200000| PB 0x000000071a200000| Untracked |  0
| 114|0x000000071a400000, 0x000000071a600000, 0x000000071a600000|100%| O|  |TAMS 0x000000071a400000| PB 0x000000071a400000| Untracked |  0
| 115|0x000000071a600000, 0x000000071a6c9d98, 0x000000071a800000| 39%| O|  |TAMS 0x000000071a600000| PB 0x000000071a600000| Untracked |  0
| 116|0x000000071a800000, 0x000000071aa00000, 0x000000071aa00000|100%|HS|  |TAMS 0x000000071a800000| PB 0x000000071a800000| Complete |  0
| 117|0x000000071aa00000, 0x000000071aa00000, 0x000000071ac00000|  0%| F|  |TAMS 0x000000071aa00000| PB 0x000000071aa00000| Untracked |  0
| 118|0x000000071ac00000, 0x000000071ac00000, 0x000000071ae00000|  0%| F|  |TAMS 0x000000071ac00000| PB 0x000000071ac00000| Untracked |  0
| 119|0x000000071ae00000, 0x000000071ae00000, 0x000000071b000000|  0%| F|  |TAMS 0x000000071ae00000| PB 0x000000071ae00000| Untracked |  0
| 120|0x000000071b000000, 0x000000071b000000, 0x000000071b200000|  0%| F|  |TAMS 0x000000071b000000| PB 0x000000071b000000| Untracked |  0
| 121|0x000000071b200000, 0x000000071b200000, 0x000000071b400000|  0%| F|  |TAMS 0x000000071b200000| PB 0x000000071b200000| Untracked |  0
| 122|0x000000071b400000, 0x000000071b600000, 0x000000071b600000|100%| O|  |TAMS 0x000000071b600000| PB 0x000000071b400000| Untracked |  0
| 123|0x000000071b600000, 0x000000071b800000, 0x000000071b800000|100%| O|  |TAMS 0x000000071b800000| PB 0x000000071b600000| Untracked |  0
| 124|0x000000071b800000, 0x000000071ba00000, 0x000000071ba00000|100%| O|  |TAMS 0x000000071ba00000| PB 0x000000071b800000| Untracked |  0
| 125|0x000000071ba00000, 0x000000071bc00000, 0x000000071bc00000|100%| O|  |TAMS 0x000000071bc00000| PB 0x000000071ba00000| Untracked |  0
| 126|0x000000071bc00000, 0x000000071be00000, 0x000000071be00000|100%| O|  |TAMS 0x000000071be00000| PB 0x000000071bc00000| Untracked |  0
| 127|0x000000071be00000, 0x000000071be00000, 0x000000071c000000|  0%| F|  |TAMS 0x000000071be00000| PB 0x000000071be00000| Untracked |  0
| 128|0x000000071c000000, 0x000000071c000000, 0x000000071c200000|  0%| F|  |TAMS 0x000000071c000000| PB 0x000000071c000000| Untracked |  0
| 129|0x000000071c200000, 0x000000071c200000, 0x000000071c400000|  0%| F|  |TAMS 0x000000071c200000| PB 0x000000071c200000| Untracked |  0
| 130|0x000000071c400000, 0x000000071c400000, 0x000000071c600000|  0%| F|  |TAMS 0x000000071c400000| PB 0x000000071c400000| Untracked |  0
| 131|0x000000071c600000, 0x000000071c600000, 0x000000071c800000|  0%| F|  |TAMS 0x000000071c600000| PB 0x000000071c600000| Untracked |  0
| 132|0x000000071c800000, 0x000000071c800000, 0x000000071ca00000|  0%| F|  |TAMS 0x000000071c800000| PB 0x000000071c800000| Untracked |  0
| 133|0x000000071ca00000, 0x000000071ca00000, 0x000000071cc00000|  0%| F|  |TAMS 0x000000071ca00000| PB 0x000000071ca00000| Untracked |  0
| 134|0x000000071cc00000, 0x000000071cc00000, 0x000000071ce00000|  0%| F|  |TAMS 0x000000071cc00000| PB 0x000000071cc00000| Untracked |  0
| 135|0x000000071ce00000, 0x000000071ce00000, 0x000000071d000000|  0%| F|  |TAMS 0x000000071ce00000| PB 0x000000071ce00000| Untracked |  0
| 136|0x000000071d000000, 0x000000071d000000, 0x000000071d200000|  0%| F|  |TAMS 0x000000071d000000| PB 0x000000071d000000| Untracked |  0
| 137|0x000000071d200000, 0x000000071d200000, 0x000000071d400000|  0%| F|  |TAMS 0x000000071d200000| PB 0x000000071d200000| Untracked |  0
| 138|0x000000071d400000, 0x000000071d400000, 0x000000071d600000|  0%| F|  |TAMS 0x000000071d400000| PB 0x000000071d400000| Untracked |  0
| 139|0x000000071d600000, 0x000000071d600000, 0x000000071d800000|  0%| F|  |TAMS 0x000000071d600000| PB 0x000000071d600000| Untracked |  0
| 140|0x000000071d800000, 0x000000071d800000, 0x000000071da00000|  0%| F|  |TAMS 0x000000071d800000| PB 0x000000071d800000| Untracked |  0
| 141|0x000000071da00000, 0x000000071da00000, 0x000000071dc00000|  0%| F|  |TAMS 0x000000071da00000| PB 0x000000071da00000| Untracked |  0
| 142|0x000000071dc00000, 0x000000071dc00000, 0x000000071de00000|  0%| F|  |TAMS 0x000000071dc00000| PB 0x000000071dc00000| Untracked |  0
| 143|0x000000071de00000, 0x000000071de00000, 0x000000071e000000|  0%| F|  |TAMS 0x000000071de00000| PB 0x000000071de00000| Untracked |  0
| 144|0x000000071e000000, 0x000000071e000000, 0x000000071e200000|  0%| F|  |TAMS 0x000000071e000000| PB 0x000000071e000000| Untracked |  0
| 145|0x000000071e200000, 0x000000071e200000, 0x000000071e400000|  0%| F|  |TAMS 0x000000071e200000| PB 0x000000071e200000| Untracked |  0
| 146|0x000000071e400000, 0x000000071e400000, 0x000000071e600000|  0%| F|  |TAMS 0x000000071e400000| PB 0x000000071e400000| Untracked |  0
| 147|0x000000071e600000, 0x000000071e600000, 0x000000071e800000|  0%| F|  |TAMS 0x000000071e600000| PB 0x000000071e600000| Untracked |  0
| 148|0x000000071e800000, 0x000000071e800000, 0x000000071ea00000|  0%| F|  |TAMS 0x000000071e800000| PB 0x000000071e800000| Untracked |  0
| 149|0x000000071ea00000, 0x000000071ea00000, 0x000000071ec00000|  0%| F|  |TAMS 0x000000071ea00000| PB 0x000000071ea00000| Untracked |  0
| 150|0x000000071ec00000, 0x000000071ec00000, 0x000000071ee00000|  0%| F|  |TAMS 0x000000071ec00000| PB 0x000000071ec00000| Untracked |  0
| 151|0x000000071ee00000, 0x000000071ee00000, 0x000000071f000000|  0%| F|  |TAMS 0x000000071ee00000| PB 0x000000071ee00000| Untracked |  0
| 152|0x000000071f000000, 0x000000071f000000, 0x000000071f200000|  0%| F|  |TAMS 0x000000071f000000| PB 0x000000071f000000| Untracked |  0
| 153|0x000000071f200000, 0x000000071f200000, 0x000000071f400000|  0%| F|  |TAMS 0x000000071f200000| PB 0x000000071f200000| Untracked |  0
| 154|0x000000071f400000, 0x000000071f400000, 0x000000071f600000|  0%| F|  |TAMS 0x000000071f400000| PB 0x000000071f400000| Untracked |  0
| 155|0x000000071f600000, 0x000000071f600000, 0x000000071f800000|  0%| F|  |TAMS 0x000000071f600000| PB 0x000000071f600000| Untracked |  0
| 156|0x000000071f800000, 0x000000071f800000, 0x000000071fa00000|  0%| F|  |TAMS 0x000000071f800000| PB 0x000000071f800000| Untracked |  0
| 157|0x000000071fa00000, 0x000000071fa00000, 0x000000071fc00000|  0%| F|  |TAMS 0x000000071fa00000| PB 0x000000071fa00000| Untracked |  0
| 158|0x000000071fc00000, 0x000000071fc00000, 0x000000071fe00000|  0%| F|  |TAMS 0x000000071fc00000| PB 0x000000071fc00000| Untracked |  0
| 159|0x000000071fe00000, 0x000000071fe00000, 0x0000000720000000|  0%| F|  |TAMS 0x000000071fe00000| PB 0x000000071fe00000| Untracked |  0
| 160|0x0000000720000000, 0x0000000720000000, 0x0000000720200000|  0%| F|  |TAMS 0x0000000720000000| PB 0x0000000720000000| Untracked |  0
| 161|0x0000000720200000, 0x0000000720200000, 0x0000000720400000|  0%| F|  |TAMS 0x0000000720200000| PB 0x0000000720200000| Untracked |  0
| 162|0x0000000720400000, 0x0000000720400000, 0x0000000720600000|  0%| F|  |TAMS 0x0000000720400000| PB 0x0000000720400000| Untracked |  0
| 163|0x0000000720600000, 0x0000000720600000, 0x0000000720800000|  0%| F|  |TAMS 0x0000000720600000| PB 0x0000000720600000| Untracked |  0
| 164|0x0000000720800000, 0x0000000720800000, 0x0000000720a00000|  0%| F|  |TAMS 0x0000000720800000| PB 0x0000000720800000| Untracked |  0
| 165|0x0000000720a00000, 0x0000000720a00000, 0x0000000720c00000|  0%| F|  |TAMS 0x0000000720a00000| PB 0x0000000720a00000| Untracked |  0
| 166|0x0000000720c00000, 0x0000000720c00000, 0x0000000720e00000|  0%| F|  |TAMS 0x0000000720c00000| PB 0x0000000720c00000| Untracked |  0
| 167|0x0000000720e00000, 0x0000000720e00000, 0x0000000721000000|  0%| F|  |TAMS 0x0000000720e00000| PB 0x0000000720e00000| Untracked |  0
| 168|0x0000000721000000, 0x0000000721000000, 0x0000000721200000|  0%| F|  |TAMS 0x0000000721000000| PB 0x0000000721000000| Untracked |  0
| 169|0x0000000721200000, 0x0000000721200000, 0x0000000721400000|  0%| F|  |TAMS 0x0000000721200000| PB 0x0000000721200000| Untracked |  0
| 170|0x0000000721400000, 0x0000000721400000, 0x0000000721600000|  0%| F|  |TAMS 0x0000000721400000| PB 0x0000000721400000| Untracked |  0
| 171|0x0000000721600000, 0x0000000721600000, 0x0000000721800000|  0%| F|  |TAMS 0x0000000721600000| PB 0x0000000721600000| Untracked |  0
| 172|0x0000000721800000, 0x0000000721800000, 0x0000000721a00000|  0%| F|  |TAMS 0x0000000721800000| PB 0x0000000721800000| Untracked |  0
| 173|0x0000000721a00000, 0x0000000721a00000, 0x0000000721c00000|  0%| F|  |TAMS 0x0000000721a00000| PB 0x0000000721a00000| Untracked |  0
| 174|0x0000000721c00000, 0x0000000721c00000, 0x0000000721e00000|  0%| F|  |TAMS 0x0000000721c00000| PB 0x0000000721c00000| Untracked |  0
| 175|0x0000000721e00000, 0x0000000721e00000, 0x0000000722000000|  0%| F|  |TAMS 0x0000000721e00000| PB 0x0000000721e00000| Untracked |  0
| 176|0x0000000722000000, 0x0000000722000000, 0x0000000722200000|  0%| F|  |TAMS 0x0000000722000000| PB 0x0000000722000000| Untracked |  0
| 177|0x0000000722200000, 0x0000000722200000, 0x0000000722400000|  0%| F|  |TAMS 0x0000000722200000| PB 0x0000000722200000| Untracked |  0
| 178|0x0000000722400000, 0x0000000722400000, 0x0000000722600000|  0%| F|  |TAMS 0x0000000722400000| PB 0x0000000722400000| Untracked |  0
| 179|0x0000000722600000, 0x0000000722600000, 0x0000000722800000|  0%| F|  |TAMS 0x0000000722600000| PB 0x0000000722600000| Untracked |  0
| 180|0x0000000722800000, 0x0000000722800000, 0x0000000722a00000|  0%| F|  |TAMS 0x0000000722800000| PB 0x0000000722800000| Untracked |  0
| 181|0x0000000722a00000, 0x0000000722a83220, 0x0000000722c00000| 25%| E|  |TAMS 0x0000000722a00000| PB 0x0000000722a00000| Complete |  0
| 182|0x0000000722c00000, 0x0000000722e00000, 0x0000000722e00000|100%| E|CS|TAMS 0x0000000722c00000| PB 0x0000000722c00000| Complete |  0
| 183|0x0000000722e00000, 0x0000000723000000, 0x0000000723000000|100%| E|CS|TAMS 0x0000000722e00000| PB 0x0000000722e00000| Complete |  0
| 184|0x0000000723000000, 0x0000000723200000, 0x0000000723200000|100%| E|CS|TAMS 0x0000000723000000| PB 0x0000000723000000| Complete |  0
| 185|0x0000000723200000, 0x00000007232d6ca0, 0x0000000723400000| 41%| S|CS|TAMS 0x0000000723200000| PB 0x0000000723200000| Complete |  0
| 186|0x0000000723400000, 0x0000000723600000, 0x0000000723600000|100%| S|CS|TAMS 0x0000000723400000| PB 0x0000000723400000| Complete |  0
| 187|0x0000000723600000, 0x0000000723800000, 0x0000000723800000|100%| E|CS|TAMS 0x0000000723600000| PB 0x0000000723600000| Complete |  0
| 188|0x0000000723800000, 0x0000000723a00000, 0x0000000723a00000|100%| E|CS|TAMS 0x0000000723800000| PB 0x0000000723800000| Complete |  0
| 189|0x0000000723a00000, 0x0000000723c00000, 0x0000000723c00000|100%| E|CS|TAMS 0x0000000723a00000| PB 0x0000000723a00000| Complete |  0
| 190|0x0000000723c00000, 0x0000000723e00000, 0x0000000723e00000|100%| E|CS|TAMS 0x0000000723c00000| PB 0x0000000723c00000| Complete |  0
| 191|0x0000000723e00000, 0x0000000724000000, 0x0000000724000000|100%| E|CS|TAMS 0x0000000723e00000| PB 0x0000000723e00000| Complete |  0
|1950|0x00000007ffc00000, 0x00000007ffe00000, 0x00000007ffe00000|100%| O|  |TAMS 0x00000007ffe00000| PB 0x00000007ffc00000| Untracked |  0
|1951|0x00000007ffe00000, 0x0000000800000000, 0x0000000800000000|100%| O|  |TAMS 0x0000000800000000| PB 0x00000007ffe00000| Untracked |  0

Card table byte_map: [0x000002f030360000,0x000002f030b00000] _byte_map_base: 0x000002f02cb00000

Marking Bits: (CMBitMap*) 0x000002f017c5fb80
 Bits: [0x000002f030b00000, 0x000002f034800000)

Polling page: 0x000002f015a80000

Metaspace:

Usage:
  Non-class:     68.33 MB used.
      Class:      8.85 MB used.
       Both:     77.18 MB used.

Virtual space:
  Non-class space:      128.00 MB reserved,      68.88 MB ( 54%) committed,  2 nodes.
      Class space:        1.00 GB reserved,       9.31 MB ( <1%) committed,  1 nodes.
             Both:        1.12 GB reserved,      78.19 MB (  7%) committed. 

Chunk freelists:
   Non-Class:  10.89 MB
       Class:  6.64 MB
        Both:  17.53 MB

MaxMetaspaceSize: unlimited
CompressedClassSpaceSize: 1.00 GB
Initial GC threshold: 21.00 MB
Current GC threshold: 129.94 MB
CDS: on
 - commit_granule_bytes: 65536.
 - commit_granule_words: 8192.
 - virtual_space_node_default_size: 8388608.
 - enlarge_chunks_in_place: 1.
 - use_allocation_guard: 0.


Internal statistics:

num_allocs_failed_limit: 6.
num_arena_births: 1634.
num_arena_deaths: 0.
num_vsnodes_births: 3.
num_vsnodes_deaths: 0.
num_space_committed: 1250.
num_space_uncommitted: 0.
num_chunks_returned_to_freelist: 6.
num_chunks_taken_from_freelist: 4607.
num_chunk_merges: 3.
num_chunk_splits: 3391.
num_chunks_enlarged: 2607.
num_inconsistent_stats: 0.

CodeHeap 'non-profiled nmethods': size=119232Kb used=8354Kb max_used=8368Kb free=110877Kb
 bounds [0x000002f027eb0000, 0x000002f0286e0000, 0x000002f02f320000]
CodeHeap 'profiled nmethods': size=119104Kb used=33817Kb max_used=36813Kb free=85286Kb
 bounds [0x000002f020320000, 0x000002f022730000, 0x000002f027770000]
CodeHeap 'non-nmethods': size=7424Kb used=3439Kb max_used=3515Kb free=3984Kb
 bounds [0x000002f027770000, 0x000002f027af0000, 0x000002f027eb0000]
CodeCache: size=245760Kb, used=45610Kb, max_used=48696Kb, free=200147Kb
 total_blobs=15957, nmethods=15177, adapters=678, full_count=0
Compilation: enabled, stopped_count=0, restarted_count=0

Compilation events (20 events):
Event: 17.982 Thread 0x000002f03781a730 nmethod 18943 0x000002f02119f008 code [0x000002f02119f240, 0x000002f0211a02b0]
Event: 17.982 Thread 0x000002f0378dba30 nmethod 18947 0x000002f021153308 code [0x000002f0211534a0, 0x000002f021153af8]
Event: 17.983 Thread 0x000002f009be4120 nmethod 18946 0x000002f0211ead88 code [0x000002f0211eaf20, 0x000002f0211eb570]
Event: 17.983 Thread 0x000002f03781a730 18948       3       org.jetbrains.kotlin.cfg.pseudocode.PseudocodeImpl$processInstruction$1::visitSubroutineSink (7 bytes)
Event: 17.983 Thread 0x000002f009be4120 18950       3       org.jetbrains.kotlin.cfg.ControlFlowInformationProviderImpl$$Lambda/0x000002f039764460::<init> (10 bytes)
Event: 17.983 Thread 0x000002f0378dba30 18949       3       org.jetbrains.kotlin.cfg.ControlFlowInformationProviderImpl::<init> (51 bytes)
Event: 17.983 Thread 0x000002f009be4120 nmethod 18950 0x000002f020cf0e08 code [0x000002f020cf0f20, 0x000002f020cf10e0]
Event: 17.983 Thread 0x000002f03781a730 nmethod 18948 0x000002f0210f1488 code [0x000002f0210f1620, 0x000002f0210f1b80]
Event: 17.983 Thread 0x000002f0378dba30 nmethod 18949 0x000002f0215f8288 code [0x000002f0215f8420, 0x000002f0215f8c20]
Event: 17.984 Thread 0x000002f07d1e7200 nmethod 18938 0x000002f020febb08 code [0x000002f020fec3a0, 0x000002f020ff1860]
Event: 17.987 Thread 0x000002f0378dba30 18951       3       org.jetbrains.kotlin.psi.KtVisitorVoid::visitLambdaExpression (17 bytes)
Event: 17.987 Thread 0x000002f0378dba30 nmethod 18951 0x000002f02055ef88 code [0x000002f02055f100, 0x000002f02055f5b0]
Event: 18.016 Thread 0x000002f0378dba30 18953       3       org.jetbrains.kotlin.context.MutableModuleContextImpl::getProject (10 bytes)
Event: 18.016 Thread 0x000002f0378dba30 nmethod 18953 0x000002f0205de908 code [0x000002f0205dea20, 0x000002f0205dec00]
Event: 18.020 Thread 0x000002f0378dba30 18954       3       org.jetbrains.kotlin.resolve.lazy.declarations.AbstractPsiBasedDeclarationProvider::<init> (27 bytes)
Event: 18.020 Thread 0x000002f009be4120 18955       3       org.jetbrains.kotlin.resolve.lazy.declarations.AbstractPsiBasedDeclarationProvider$$Lambda/0x000002f0396a3408::<init> (10 bytes)
Event: 18.020 Thread 0x000002f009be4120 nmethod 18955 0x000002f020d05688 code [0x000002f020d057a0, 0x000002f020d05960]
Event: 18.020 Thread 0x000002f0378dba30 nmethod 18954 0x000002f020d95888 code [0x000002f020d95a80, 0x000002f020d96590]
Event: 18.029 Thread 0x000002f03781a730 18957       3       org.jetbrains.kotlin.serialization.deserialization.DeserializedPackageFragmentImpl::initialize$lambda$3 (216 bytes)
Event: 18.031 Thread 0x000002f03781a730 nmethod 18957 0x000002f020c7b108 code [0x000002f020c7b480, 0x000002f020c7d710]

GC Heap History (20 events):
Event: 15.175 GC heap before
{Heap before GC invocations=48 (full 0):
 garbage-first heap   total reserved 3997696K, committed 294912K, used 253921K [0x000000070c000000, 0x0000000800000000)
  region size 2048K, 54 young (110592K), 6 survivors (12288K)
 Metaspace       used 77636K, committed 78656K, reserved 1179648K
  class space    used 8982K, committed 9472K, reserved 1048576K
}
Event: 15.182 GC heap after
{Heap after GC invocations=49 (full 0):
 garbage-first heap   total reserved 3997696K, committed 294912K, used 168892K [0x000000070c000000, 0x0000000800000000)
  region size 2048K, 7 young (14336K), 7 survivors (14336K)
 Metaspace       used 77636K, committed 78656K, reserved 1179648K
  class space    used 8982K, committed 9472K, reserved 1048576K
}
Event: 15.568 GC heap before
{Heap before GC invocations=50 (full 0):
 garbage-first heap   total reserved 3997696K, committed 294912K, used 261052K [0x000000070c000000, 0x0000000800000000)
  region size 2048K, 51 young (104448K), 7 survivors (14336K)
 Metaspace       used 78056K, committed 79040K, reserved 1179648K
  class space    used 9043K, committed 9536K, reserved 1048576K
}
Event: 15.576 GC heap after
{Heap after GC invocations=51 (full 0):
 garbage-first heap   total reserved 3997696K, committed 294912K, used 180224K [0x000000070c000000, 0x0000000800000000)
  region size 2048K, 7 young (14336K), 7 survivors (14336K)
 Metaspace       used 78056K, committed 79040K, reserved 1179648K
  class space    used 9043K, committed 9536K, reserved 1048576K
}
Event: 15.754 GC heap before
{Heap before GC invocations=51 (full 0):
 garbage-first heap   total reserved 3997696K, committed 294912K, used 264192K [0x000000070c000000, 0x0000000800000000)
  region size 2048K, 46 young (94208K), 7 survivors (14336K)
 Metaspace       used 78266K, committed 79360K, reserved 1179648K
  class space    used 9048K, committed 9536K, reserved 1048576K
}
Event: 15.761 GC heap after
{Heap after GC invocations=52 (full 0):
 garbage-first heap   total reserved 3997696K, committed 294912K, used 187906K [0x000000070c000000, 0x0000000800000000)
  region size 2048K, 6 young (12288K), 6 survivors (12288K)
 Metaspace       used 78266K, committed 79360K, reserved 1179648K
  class space    used 9048K, committed 9536K, reserved 1048576K
}
Event: 16.133 GC heap before
{Heap before GC invocations=52 (full 0):
 garbage-first heap   total reserved 3997696K, committed 294912K, used 241154K [0x000000070c000000, 0x0000000800000000)
  region size 2048K, 33 young (67584K), 6 survivors (12288K)
 Metaspace       used 78454K, committed 79488K, reserved 1179648K
  class space    used 9059K, committed 9536K, reserved 1048576K
}
Event: 16.137 GC heap after
{Heap after GC invocations=53 (full 0):
 garbage-first heap   total reserved 3997696K, committed 294912K, used 192952K [0x000000070c000000, 0x0000000800000000)
  region size 2048K, 3 young (6144K), 3 survivors (6144K)
 Metaspace       used 78454K, committed 79488K, reserved 1179648K
  class space    used 9059K, committed 9536K, reserved 1048576K
}
Event: 16.554 GC heap before
{Heap before GC invocations=54 (full 0):
 garbage-first heap   total reserved 3997696K, committed 327680K, used 266680K [0x000000070c000000, 0x0000000800000000)
  region size 2048K, 38 young (77824K), 3 survivors (6144K)
 Metaspace       used 78601K, committed 79616K, reserved 1179648K
  class space    used 9060K, committed 9536K, reserved 1048576K
}
Event: 16.559 GC heap after
{Heap after GC invocations=55 (full 0):
 garbage-first heap   total reserved 3997696K, committed 327680K, used 201039K [0x000000070c000000, 0x0000000800000000)
  region size 2048K, 5 young (10240K), 5 survivors (10240K)
 Metaspace       used 78601K, committed 79616K, reserved 1179648K
  class space    used 9060K, committed 9536K, reserved 1048576K
}
Event: 16.769 GC heap before
{Heap before GC invocations=55 (full 0):
 garbage-first heap   total reserved 3997696K, committed 327680K, used 295247K [0x000000070c000000, 0x0000000800000000)
  region size 2048K, 49 young (100352K), 5 survivors (10240K)
 Metaspace       used 78631K, committed 79680K, reserved 1179648K
  class space    used 9060K, committed 9536K, reserved 1048576K
}
Event: 16.776 GC heap after
{Heap after GC invocations=56 (full 0):
 garbage-first heap   total reserved 3997696K, committed 327680K, used 209986K [0x000000070c000000, 0x0000000800000000)
  region size 2048K, 7 young (14336K), 7 survivors (14336K)
 Metaspace       used 78631K, committed 79680K, reserved 1179648K
  class space    used 9060K, committed 9536K, reserved 1048576K
}
Event: 16.999 GC heap before
{Heap before GC invocations=56 (full 0):
 garbage-first heap   total reserved 3997696K, committed 327680K, used 242754K [0x000000070c000000, 0x0000000800000000)
  region size 2048K, 24 young (49152K), 7 survivors (14336K)
 Metaspace       used 78783K, committed 79808K, reserved 1179648K
  class space    used 9060K, committed 9536K, reserved 1048576K
}
Event: 17.004 GC heap after
{Heap after GC invocations=57 (full 0):
 garbage-first heap   total reserved 3997696K, committed 397312K, used 215073K [0x000000070c000000, 0x0000000800000000)
  region size 2048K, 3 young (6144K), 3 survivors (6144K)
 Metaspace       used 78783K, committed 79808K, reserved 1179648K
  class space    used 9060K, committed 9536K, reserved 1048576K
}
Event: 17.104 GC heap before
{Heap before GC invocations=57 (full 0):
 garbage-first heap   total reserved 3997696K, committed 397312K, used 282657K [0x000000070c000000, 0x0000000800000000)
  region size 2048K, 36 young (73728K), 3 survivors (6144K)
 Metaspace       used 78785K, committed 79808K, reserved 1179648K
  class space    used 9060K, committed 9536K, reserved 1048576K
}
Event: 17.108 GC heap after
{Heap after GC invocations=58 (full 0):
 garbage-first heap   total reserved 3997696K, committed 397312K, used 223139K [0x000000070c000000, 0x0000000800000000)
  region size 2048K, 7 young (14336K), 7 survivors (14336K)
 Metaspace       used 78785K, committed 79808K, reserved 1179648K
  class space    used 9060K, committed 9536K, reserved 1048576K
}
Event: 17.597 GC heap before
{Heap before GC invocations=59 (full 0):
 garbage-first heap   total reserved 3997696K, committed 397312K, used 354211K [0x000000070c000000, 0x0000000800000000)
  region size 2048K, 70 young (143360K), 7 survivors (14336K)
 Metaspace       used 78906K, committed 79936K, reserved 1179648K
  class space    used 9060K, committed 9536K, reserved 1048576K
}
Event: 17.604 GC heap after
{Heap after GC invocations=60 (full 0):
 garbage-first heap   total reserved 3997696K, committed 397312K, used 238930K [0x000000070c000000, 0x0000000800000000)
  region size 2048K, 9 young (18432K), 9 survivors (18432K)
 Metaspace       used 78906K, committed 79936K, reserved 1179648K
  class space    used 9060K, committed 9536K, reserved 1048576K
}
Event: 18.078 GC heap before
{Heap before GC invocations=60 (full 0):
 garbage-first heap   total reserved 3997696K, committed 397312K, used 355666K [0x000000070c000000, 0x0000000800000000)
  region size 2048K, 66 young (135168K), 9 survivors (18432K)
 Metaspace       used 79033K, committed 80064K, reserved 1179648K
  class space    used 9061K, committed 9536K, reserved 1048576K
}
Event: 18.088 GC heap after
{Heap after GC invocations=61 (full 0):
 garbage-first heap   total reserved 3997696K, committed 397312K, used 251048K [0x000000070c000000, 0x0000000800000000)
  region size 2048K, 8 young (16384K), 8 survivors (16384K)
 Metaspace       used 79033K, committed 80064K, reserved 1179648K
  class space    used 9061K, committed 9536K, reserved 1048576K
}

Dll operation events (8 events):
Event: 0.008 Loaded shared library C:\Program Files\Java\jdk-23\bin\java.dll
Event: 0.033 Loaded shared library C:\Program Files\Java\jdk-23\bin\jsvml.dll
Event: 0.072 Loaded shared library C:\Program Files\Java\jdk-23\bin\net.dll
Event: 0.074 Loaded shared library C:\Program Files\Java\jdk-23\bin\nio.dll
Event: 0.083 Loaded shared library C:\Program Files\Java\jdk-23\bin\zip.dll
Event: 0.166 Loaded shared library C:\Program Files\Java\jdk-23\bin\jimage.dll
Event: 1.195 Loaded shared library C:\Program Files\Java\jdk-23\bin\verify.dll
Event: 2.502 Loaded shared library C:\Users\Haqii\AppData\Local\Temp\sqlite-3.41.2.1-aa5a46ab-0ff7-4c2e-9413-dad1ef143d03-sqlitejdbc.dll

Deoptimization events (20 events):
Event: 17.973 Thread 0x000002f009662630 Uncommon trap: trap_request=0xffffffde fr.pc=0x000002f0281b8860 relative=0x0000000000002420
Event: 17.973 Thread 0x000002f009662630 Uncommon trap: reason=class_check action=maybe_recompile pc=0x000002f0281b8860 method=org.jetbrains.kotlin.cfg.ControlFlowInformationProviderImpl.markStatements$lambda$12(Lorg/jetbrains/kotlin/cfg/ControlFlowInformationProviderImpl;Lorg/jetbrains/kotlin/c
Event: 17.973 Thread 0x000002f009662630 DEOPT PACKING pc=0x000002f0281b8860 sp=0x000000f43e6fe6a0
Event: 17.973 Thread 0x000002f009662630 DEOPT UNPACKING pc=0x000002f0277c4402 sp=0x000000f43e6fe658 mode 2
Event: 17.977 Thread 0x000002f009662630 Uncommon trap: trap_request=0xffffffde fr.pc=0x000002f0281b8860 relative=0x0000000000002420
Event: 17.977 Thread 0x000002f009662630 Uncommon trap: reason=class_check action=maybe_recompile pc=0x000002f0281b8860 method=org.jetbrains.kotlin.cfg.ControlFlowInformationProviderImpl.markStatements$lambda$12(Lorg/jetbrains/kotlin/cfg/ControlFlowInformationProviderImpl;Lorg/jetbrains/kotlin/c
Event: 17.977 Thread 0x000002f009662630 DEOPT PACKING pc=0x000002f0281b8860 sp=0x000000f43e6fe6a0
Event: 17.977 Thread 0x000002f009662630 DEOPT UNPACKING pc=0x000002f0277c4402 sp=0x000000f43e6fe658 mode 2
Event: 17.998 Thread 0x000002f00ab18940 DEOPT PACKING pc=0x000002f020485d8e sp=0x000000f43e8fe160
Event: 17.998 Thread 0x000002f00ab18940 DEOPT UNPACKING pc=0x000002f0277c4b22 sp=0x000000f43e8fd628 mode 0
Event: 18.014 Thread 0x000002f00ab18940 DEOPT PACKING pc=0x000002f020485d8e sp=0x000000f43e8fe160
Event: 18.014 Thread 0x000002f00ab18940 DEOPT UNPACKING pc=0x000002f0277c4b22 sp=0x000000f43e8fd628 mode 0
Event: 18.028 Thread 0x000002f00ab18940 DEOPT PACKING pc=0x000002f020485d8e sp=0x000000f43e8fe160
Event: 18.028 Thread 0x000002f00ab18940 DEOPT UNPACKING pc=0x000002f0277c4b22 sp=0x000000f43e8fd628 mode 0
Event: 18.046 Thread 0x000002f00ab18940 DEOPT PACKING pc=0x000002f020485d8e sp=0x000000f43e8fe160
Event: 18.046 Thread 0x000002f00ab18940 DEOPT UNPACKING pc=0x000002f0277c4b22 sp=0x000000f43e8fd628 mode 0
Event: 18.062 Thread 0x000002f00ab18940 DEOPT PACKING pc=0x000002f020485d8e sp=0x000000f43e8fe160
Event: 18.062 Thread 0x000002f00ab18940 DEOPT UNPACKING pc=0x000002f0277c4b22 sp=0x000000f43e8fd628 mode 0
Event: 18.077 Thread 0x000002f00ab18940 DEOPT PACKING pc=0x000002f020485d8e sp=0x000000f43e8fe160
Event: 18.077 Thread 0x000002f00ab18940 DEOPT UNPACKING pc=0x000002f0277c4b22 sp=0x000000f43e8fd628 mode 0

Classes loaded (20 events):
Event: 9.956 Loading class java/util/stream/SortedOps$RefSortingSink
Event: 9.956 Loading class java/util/stream/SortedOps$AbstractRefSortingSink
Event: 9.956 Loading class java/util/stream/SortedOps$AbstractRefSortingSink done
Event: 9.956 Loading class java/util/stream/SortedOps$RefSortingSink done
Event: 10.640 Loading class java/util/function/IntBinaryOperator
Event: 10.640 Loading class java/util/function/IntBinaryOperator done
Event: 10.727 Loading class java/util/concurrent/CompletableFuture$AsyncRun
Event: 10.727 Loading class java/util/concurrent/CompletableFuture$AsyncRun done
Event: 10.813 Loading class java/util/concurrent/locks/ReentrantReadWriteLock$Sync$HoldCounter
Event: 10.813 Loading class java/util/concurrent/locks/ReentrantReadWriteLock$Sync$HoldCounter done
Event: 11.155 Loading class java/util/concurrent/ConcurrentLinkedQueue$Itr
Event: 11.155 Loading class java/util/concurrent/ConcurrentLinkedQueue$Itr done
Event: 14.923 Loading class java/util/EnumMap$EntrySet
Event: 14.923 Loading class java/util/EnumMap$EntrySet done
Event: 14.923 Loading class java/util/EnumMap$EntryIterator
Event: 14.923 Loading class java/util/EnumMap$EnumMapIterator
Event: 14.923 Loading class java/util/EnumMap$EnumMapIterator done
Event: 14.923 Loading class java/util/EnumMap$EntryIterator done
Event: 14.923 Loading class java/util/EnumMap$EntryIterator$Entry
Event: 14.923 Loading class java/util/EnumMap$EntryIterator$Entry done

Classes unloaded (0 events):
No events

Classes redefined (0 events):
No events

Internal exceptions (20 events):
Event: 9.891 Thread 0x000002f009661280 Exception <a 'java/lang/NoSuchMethodError'{0x000000071524eed0}: 'java.lang.Object java.lang.invoke.DirectMethodHandle$Holder.invokeStatic(java.lang.Object, int, java.lang.Object, java.lang.Object)'> (0x000000071524eed0) 
thrown [s\open\src\hotspot\share\interpreter\linkResolver.cpp, line 796]
Event: 9.891 Thread 0x000002f009661280 Exception <a 'java/lang/NoSuchMethodError'{0x00000007152570e0}: 'java.lang.Object java.lang.invoke.DirectMethodHandle$Holder.newInvokeSpecial(java.lang.Object, int, java.lang.Object)'> (0x00000007152570e0) 
thrown [s\open\src\hotspot\share\interpreter\linkResolver.cpp, line 796]
Event: 9.905 Thread 0x000002f009661280 Exception <a 'java/lang/IncompatibleClassChangeError'{0x00000007152c4f88}: Found class java.lang.Object, but interface was expected> (0x00000007152c4f88) 
thrown [s\open\src\hotspot\share\interpreter\linkResolver.cpp, line 863]
Event: 9.955 Thread 0x000002f009661280 Exception <a 'java/lang/NoSuchMethodError'{0x0000000715080858}: 'int java.lang.invoke.DirectMethodHandle$Holder.invokeSpecialIFC(java.lang.Object, java.lang.Object, java.lang.Object, java.lang.Object, java.lang.Object)'> (0x0000000715080858) 
thrown [s\open\src\hotspot\share\interpreter\linkResolver.cpp, line 796]
Event: 10.641 Thread 0x000002f009661280 Exception <a 'java/lang/NoSuchMethodError'{0x0000000713243718}: 'int java.lang.invoke.DirectMethodHandle$Holder.invokeStatic(java.lang.Object, java.lang.Object, int, java.lang.Object)'> (0x0000000713243718) 
thrown [s\open\src\hotspot\share\interpreter\linkResolver.cpp, line 796]
Event: 10.647 Thread 0x000002f009661280 Exception <a 'java/lang/IncompatibleClassChangeError'{0x0000000713299c38}: Found class java.lang.Object, but interface was expected> (0x0000000713299c38) 
thrown [s\open\src\hotspot\share\interpreter\linkResolver.cpp, line 863]
Event: 10.648 Thread 0x000002f009661280 Exception <a 'java/lang/NoSuchMethodError'{0x000000071329ca18}: 'int java.lang.invoke.DirectMethodHandle$Holder.invokeSpecialIFC(java.lang.Object, java.lang.Object, java.lang.Object)'> (0x000000071329ca18) 
thrown [s\open\src\hotspot\share\interpreter\linkResolver.cpp, line 796]
Event: 11.118 Thread 0x000002f00ab18940 Exception <a 'java/lang/NoSuchMethodError'{0x0000000719438b50}: 'java.lang.Object java.lang.invoke.DirectMethodHandle$Holder.invokeStatic(java.lang.Object, java.lang.Object, java.lang.Object, java.lang.Object, long, java.lang.Object)'> (0x0000000719438b50) 
thrown [s\open\src\hotspot\share\interpreter\linkResolver.cpp, line 796]
Event: 11.118 Thread 0x000002f00ab18940 Exception <a 'java/lang/NoSuchMethodError'{0x000000071943fb68}: 'java.lang.Object java.lang.invoke.DirectMethodHandle$Holder.newInvokeSpecial(java.lang.Object, java.lang.Object, java.lang.Object, java.lang.Object, long)'> (0x000000071943fb68) 
thrown [s\open\src\hotspot\share\interpreter\linkResolver.cpp, line 796]
Event: 11.118 Thread 0x000002f00ab18940 Exception <a 'java/lang/NoSuchMethodError'{0x0000000719443878}: 'java.lang.Object java.lang.invoke.DirectMethodHandle$Holder.invokeSpecial(java.lang.Object, java.lang.Object, java.lang.Object, java.lang.Object, java.lang.Object, long)'> (0x0000000719443878) 
thrown [s\open\src\hotspot\share\interpreter\linkResolver.cpp, line 796]
Event: 11.118 Thread 0x000002f00ab18940 Exception <a 'java/lang/NoSuchMethodError'{0x0000000719447008}: 'java.lang.Object java.lang.invoke.Invokers$Holder.linkToTargetMethod(java.lang.Object, java.lang.Object, java.lang.Object, long, java.lang.Object)'> (0x0000000719447008) 
thrown [s\open\src\hotspot\share\interpreter\linkResolver.cpp, line 796]
Event: 11.599 Thread 0x000002f009662630 Implicit null exception at 0x000002f0283cd820 to 0x000002f0283ce150
Event: 12.372 Thread 0x000002f009662630 Exception <a 'java/lang/NoSuchMethodError'{0x0000000718317118}: 'java.lang.Object java.lang.invoke.DirectMethodHandle$Holder.invokeStatic(java.lang.Object, int, java.lang.Object)'> (0x0000000718317118) 
thrown [s\open\src\hotspot\share\interpreter\linkResolver.cpp, line 796]
Event: 12.461 Thread 0x000002f009662630 Implicit null exception at 0x000002f0284ed8fd to 0x000002f0284edeac
Event: 12.810 Thread 0x000002f009662630 Implicit null exception at 0x000002f028525d49 to 0x000002f028525e11
Event: 14.280 Thread 0x000002f009662630 Implicit null exception at 0x000002f028353bbd to 0x000002f028353cd8
Event: 15.249 Thread 0x000002f009662630 Implicit null exception at 0x000002f02839723b to 0x000002f028397b9c
Event: 15.353 Thread 0x000002f009662630 Implicit null exception at 0x000002f0284fb800 to 0x000002f0284fbb0c
Event: 15.375 Thread 0x000002f009662630 Implicit null exception at 0x000002f0283d085c to 0x000002f0283d0b19
Event: 15.407 Thread 0x000002f009662630 Exception <a 'java/lang/NoSuchMethodError'{0x000000071c73f720}: 'java.lang.Object java.lang.invoke.DirectMethodHandle$Holder.invokeStatic(java.lang.Object, int, int, java.lang.Object)'> (0x000000071c73f720) 
thrown [s\open\src\hotspot\share\interpreter\linkResolver.cpp, line 796]

VM Operations (20 events):
Event: 16.221 Executing VM operation: G1PauseRemark
Event: 16.228 Executing VM operation: G1PauseRemark done
Event: 16.252 Executing VM operation: G1PauseCleanup
Event: 16.252 Executing VM operation: G1PauseCleanup done
Event: 16.554 Executing VM operation: G1CollectForAllocation (G1 Evacuation Pause)
Event: 16.559 Executing VM operation: G1CollectForAllocation (G1 Evacuation Pause) done
Event: 16.769 Executing VM operation: G1CollectForAllocation (G1 Evacuation Pause)
Event: 16.776 Executing VM operation: G1CollectForAllocation (G1 Evacuation Pause) done
Event: 16.999 Executing VM operation: G1TryInitiateConcMark (G1 Humongous Allocation)
Event: 17.004 Executing VM operation: G1TryInitiateConcMark (G1 Humongous Allocation) done
Event: 17.104 Executing VM operation: G1TryInitiateConcMark (G1 Humongous Allocation)
Event: 17.108 Executing VM operation: G1TryInitiateConcMark (G1 Humongous Allocation) done
Event: 17.205 Executing VM operation: G1PauseRemark
Event: 17.211 Executing VM operation: G1PauseRemark done
Event: 17.243 Executing VM operation: G1PauseCleanup
Event: 17.243 Executing VM operation: G1PauseCleanup done
Event: 17.597 Executing VM operation: G1CollectForAllocation (G1 Evacuation Pause)
Event: 17.604 Executing VM operation: G1CollectForAllocation (G1 Evacuation Pause) done
Event: 18.078 Executing VM operation: G1CollectForAllocation (G1 Evacuation Pause)
Event: 18.088 Executing VM operation: G1CollectForAllocation (G1 Evacuation Pause) done

Memory protections (0 events):
No events

Nmethod flushes (20 events):
Event: 17.210 Thread 0x000002f036c036e0 flushing  nmethod 0x000002f020aef588
Event: 17.210 Thread 0x000002f036c036e0 flushing  nmethod 0x000002f020b3f408
Event: 17.210 Thread 0x000002f036c036e0 flushing  nmethod 0x000002f020b49308
Event: 17.210 Thread 0x000002f036c036e0 flushing  nmethod 0x000002f020bea388
Event: 17.210 Thread 0x000002f036c036e0 flushing  nmethod 0x000002f020e69b08
Event: 17.210 Thread 0x000002f036c036e0 flushing  nmethod 0x000002f020e6f488
Event: 17.210 Thread 0x000002f036c036e0 flushing  nmethod 0x000002f020f20288
Event: 17.210 Thread 0x000002f036c036e0 flushing  nmethod 0x000002f020f20a08
Event: 17.210 Thread 0x000002f036c036e0 flushing  nmethod 0x000002f020faf608
Event: 17.210 Thread 0x000002f036c036e0 flushing  nmethod 0x000002f021104108
Event: 17.210 Thread 0x000002f036c036e0 flushing  nmethod 0x000002f0215de008
Event: 17.210 Thread 0x000002f036c036e0 flushing  nmethod 0x000002f0216c6988
Event: 17.210 Thread 0x000002f036c036e0 flushing  nmethod 0x000002f021951908
Event: 17.210 Thread 0x000002f036c036e0 flushing  nmethod 0x000002f020f0af08
Event: 17.210 Thread 0x000002f036c036e0 flushing  nmethod 0x000002f020f0ba08
Event: 17.210 Thread 0x000002f036c036e0 flushing  nmethod 0x000002f021242508
Event: 17.210 Thread 0x000002f036c036e0 flushing  nmethod 0x000002f021243388
Event: 17.210 Thread 0x000002f036c036e0 flushing  nmethod 0x000002f021582908
Event: 17.210 Thread 0x000002f036c036e0 flushing  nmethod 0x000002f021977508
Event: 17.210 Thread 0x000002f036c036e0 flushing  nmethod 0x000002f022046408

Events (20 events):
Event: 2.285 Thread 0x000002f015833550 Thread exited: 0x000002f015833550
Event: 2.285 Thread 0x000002f015833550 Thread added: 0x000002f015833550
Event: 2.352 Thread 0x000002f07f4526b0 Thread added: 0x000002f008d46560
Event: 3.267 Thread 0x000002f07f7e6020 Thread exited: 0x000002f07f7e6020
Event: 3.821 Thread 0x000002f07f728290 Thread exited: 0x000002f07f728290
Event: 3.822 Thread 0x000002f037a70990 Thread exited: 0x000002f037a70990
Event: 3.842 Thread 0x000002f07d1e78c0 Thread added: 0x000002f07e9ce260
Event: 4.004 Thread 0x000002f07e9ce260 Thread exited: 0x000002f07e9ce260
Event: 4.510 Thread 0x000002f07d1e78c0 Thread exited: 0x000002f07d1e78c0
Event: 4.553 Thread 0x000002f008d46560 Thread added: 0x000002f009660560
Event: 4.571 Thread 0x000002f03781a730 Thread added: 0x000002f009be4120
Event: 4.633 Thread 0x000002f0377f8f30 Thread added: 0x000002f009d644e0
Event: 4.640 Thread 0x000002f0377f8f30 Thread added: 0x000002f07e9b10b0
Event: 4.640 Thread 0x000002f0377f8f30 Thread added: 0x000002f0096543d0
Event: 4.854 Thread 0x000002f008d46560 Thread added: 0x000002f009662630
Event: 4.918 Thread 0x000002f07f4526b0 Thread added: 0x000002f009661280
Event: 10.727 Thread 0x000002f009661280 Thread added: 0x000002f00ab18940
Event: 17.245 Thread 0x000002f0096543d0 Thread exited: 0x000002f0096543d0
Event: 17.246 Thread 0x000002f07e9b10b0 Thread exited: 0x000002f07e9b10b0
Event: 17.619 Thread 0x000002f03781a730 Thread added: 0x000002f00a697070


Dynamic libraries:
0x00007ff7a2950000 - 0x00007ff7a2960000 	C:\Program Files\Java\jdk-23\bin\java.exe
0x00007ffe251e0000 - 0x00007ffe25448000 	C:\WINDOWS\SYSTEM32\ntdll.dll
0x00007ffe24a60000 - 0x00007ffe24b29000 	C:\WINDOWS\System32\KERNEL32.DLL
0x00007ffe22810000 - 0x00007ffe22c02000 	C:\WINDOWS\System32\KERNELBASE.dll
0x00007ffe22e60000 - 0x00007ffe22fab000 	C:\WINDOWS\System32\ucrtbase.dll
0x00007ffe1ca30000 - 0x00007ffe1ca47000 	C:\Program Files\Java\jdk-23\bin\jli.dll
0x00007ffe0f910000 - 0x00007ffe0f92b000 	C:\Program Files\Java\jdk-23\bin\VCRUNTIME140.dll
0x00007ffe24f00000 - 0x00007ffe250c5000 	C:\WINDOWS\System32\USER32.dll
0x00007ffe112f0000 - 0x00007ffe11583000 	C:\WINDOWS\WinSxS\amd64_microsoft.windows.common-controls_6595b64144ccf1df_6.0.26100.6725_none_3e085828e334708b\COMCTL32.dll
0x00007ffe22c10000 - 0x00007ffe22c37000 	C:\WINDOWS\System32\win32u.dll
0x00007ffe250d0000 - 0x00007ffe25179000 	C:\WINDOWS\System32\msvcrt.dll
0x00007ffe24bf0000 - 0x00007ffe24c1b000 	C:\WINDOWS\System32\GDI32.dll
0x00007ffe22370000 - 0x00007ffe2249d000 	C:\WINDOWS\System32\gdi32full.dll
0x00007ffe22db0000 - 0x00007ffe22e53000 	C:\WINDOWS\System32\msvcp_win.dll
0x00007ffe23a20000 - 0x00007ffe23a4f000 	C:\WINDOWS\System32\IMM32.DLL
0x00007ffe1ca20000 - 0x00007ffe1ca2c000 	C:\Program Files\Java\jdk-23\bin\vcruntime140_1.dll
0x00007ffe08110000 - 0x00007ffe0819e000 	C:\Program Files\Java\jdk-23\bin\msvcp140.dll
0x00007ffd34020000 - 0x00007ffd34d6f000 	C:\Program Files\Java\jdk-23\bin\server\jvm.dll
0x00007ffe247e0000 - 0x00007ffe24894000 	C:\WINDOWS\System32\ADVAPI32.dll
0x00007ffe24b30000 - 0x00007ffe24bd6000 	C:\WINDOWS\System32\sechost.dll
0x00007ffe22fb0000 - 0x00007ffe230c8000 	C:\WINDOWS\System32\RPCRT4.dll
0x00007ffe24e80000 - 0x00007ffe24ef4000 	C:\WINDOWS\System32\WS2_32.dll
0x00007ffe221f0000 - 0x00007ffe2224e000 	C:\WINDOWS\SYSTEM32\POWRPROF.dll
0x00007ffe167c0000 - 0x00007ffe167f5000 	C:\WINDOWS\SYSTEM32\WINMM.dll
0x00007ffe1bb40000 - 0x00007ffe1bb4b000 	C:\WINDOWS\SYSTEM32\VERSION.dll
0x00007ffe221b0000 - 0x00007ffe221c4000 	C:\WINDOWS\SYSTEM32\UMPDC.dll
0x00007ffe21140000 - 0x00007ffe2115b000 	C:\WINDOWS\SYSTEM32\kernel.appcore.dll
0x00007ffe1c4c0000 - 0x00007ffe1c4ca000 	C:\Program Files\Java\jdk-23\bin\jimage.dll
0x00007ffe1f770000 - 0x00007ffe1f9b2000 	C:\WINDOWS\SYSTEM32\DBGHELP.DLL
0x00007ffe23ec0000 - 0x00007ffe2423b000 	C:\WINDOWS\System32\combase.dll
0x00007ffe24240000 - 0x00007ffe24317000 	C:\WINDOWS\System32\OLEAUT32.dll
0x00007ffe124f0000 - 0x00007ffe1252c000 	C:\WINDOWS\SYSTEM32\dbgcore.DLL
0x00007ffe22770000 - 0x00007ffe22808000 	C:\WINDOWS\System32\bcryptPrimitives.dll
0x00007ffe0f8f0000 - 0x00007ffe0f90e000 	C:\Program Files\Java\jdk-23\bin\java.dll
0x00007ffe23d10000 - 0x00007ffe23ea8000 	C:\WINDOWS\System32\ole32.dll
0x00007ffe230d0000 - 0x00007ffe2381c000 	C:\WINDOWS\System32\SHELL32.dll
0x00007ffe22c40000 - 0x00007ffe22dab000 	C:\WINDOWS\System32\wintypes.dll
0x00007ffe20000000 - 0x00007ffe2085d000 	C:\WINDOWS\SYSTEM32\windows.storage.dll
0x00007ffe23830000 - 0x00007ffe23922000 	C:\WINDOWS\System32\SHCORE.dll
0x00007ffe23930000 - 0x00007ffe23992000 	C:\WINDOWS\System32\shlwapi.dll
0x00007ffe22290000 - 0x00007ffe222b9000 	C:\WINDOWS\SYSTEM32\profapi.dll
0x00007ffe02db0000 - 0x00007ffe02e87000 	C:\Program Files\Java\jdk-23\bin\jsvml.dll
0x00007ffe1acc0000 - 0x00007ffe1acd0000 	C:\Program Files\Java\jdk-23\bin\net.dll
0x00007ffe216b0000 - 0x00007ffe2171b000 	C:\WINDOWS\system32\mswsock.dll
0x00007ffe0f8d0000 - 0x00007ffe0f8e6000 	C:\Program Files\Java\jdk-23\bin\nio.dll
0x00007ffe0d1b0000 - 0x00007ffe0d1c7000 	C:\Program Files\Java\jdk-23\bin\zip.dll
0x00007ffe21960000 - 0x00007ffe2197b000 	C:\WINDOWS\SYSTEM32\CRYPTSP.dll
0x00007ffe210a0000 - 0x00007ffe210db000 	C:\WINDOWS\system32\rsaenh.dll
0x00007ffe21750000 - 0x00007ffe2177b000 	C:\WINDOWS\SYSTEM32\USERENV.dll
0x00007ffe22260000 - 0x00007ffe22286000 	C:\WINDOWS\SYSTEM32\bcrypt.dll
0x00007ffe21980000 - 0x00007ffe2198c000 	C:\WINDOWS\SYSTEM32\CRYPTBASE.dll
0x00007ffe20b60000 - 0x00007ffe20b94000 	C:\WINDOWS\SYSTEM32\IPHLPAPI.DLL
0x00007ffe23820000 - 0x00007ffe2382a000 	C:\WINDOWS\System32\NSI.dll
0x00007ffe0d150000 - 0x00007ffe0d160000 	C:\Program Files\Java\jdk-23\bin\verify.dll
0x00007ffdae9e0000 - 0x00007ffdaeac9000 	C:\Users\Haqii\AppData\Local\Temp\sqlite-3.41.2.1-aa5a46ab-0ff7-4c2e-9413-dad1ef143d03-sqlitejdbc.dll

dbghelp: loaded successfully - version: 4.0.5 - missing functions: none
symbol engine: initialized successfully - sym options: 0x614 - pdb path: .;C:\Program Files\Java\jdk-23\bin;C:\WINDOWS\SYSTEM32;C:\WINDOWS\WinSxS\amd64_microsoft.windows.common-controls_6595b64144ccf1df_6.0.26100.6725_none_3e085828e334708b;C:\Program Files\Java\jdk-23\bin\server;C:\Users\Haqii\AppData\Local\Temp

VM Arguments:
jvm_args: -DkotlinLanguageServer.version=1.3.13 
java_command: org.javacs.kt.MainKt
java_class_path (initial): c:\Users\Haqii\AppData\Roaming\Code\User\globalStorage\fwcd.kotlin\langServerInstall\server\lib\server-1.3.13.jar;c:\Users\Haqii\AppData\Roaming\Code\User\globalStorage\fwcd.kotlin\langServerInstall\server\lib\shared-1.3.13.jar;c:\Users\Haqii\AppData\Roaming\Code\User\globalStorage\fwcd.kotlin\langServerInstall\server\lib\kotlin-scripting-jvm-host-unshaded-2.1.0.jar;c:\Users\Haqii\AppData\Roaming\Code\User\globalStorage\fwcd.kotlin\langServerInstall\server\lib\kotlin-scripting-compiler-2.1.0.jar;c:\Users\Haqii\AppData\Roaming\Code\User\globalStorage\fwcd.kotlin\langServerInstall\server\lib\ktfmt-b5d31d1.jar;c:\Users\Haqii\AppData\Roaming\Code\User\globalStorage\fwcd.kotlin\langServerInstall\server\lib\kotlin-compiler-2.1.0.jar;c:\Users\Haqii\AppData\Roaming\Code\User\globalStorage\fwcd.kotlin\langServerInstall\server\lib\exposed-dao-0.37.3.jar;c:\Users\Haqii\AppData\Roaming\Code\User\globalStorage\fwcd.kotlin\langServerInstall\server\lib\exposed-jdbc-0.37.3.jar;c:\Users\Haqii\AppData\Roaming\Code\User\globalStorage\fwcd.kotlin\langServerInstall\server\lib\exposed-core-0.37.3.jar;c:\Users\Haqii\AppData\Roaming\Code\User\globalStorage\fwcd.kotlin\langServerInstall\server\lib\kotlin-scripting-compiler-impl-2.1.0.jar;c:\Users\Haqii\AppData\Roaming\Code\User\globalStorage\fwcd.kotlin\langServerInstall\server\lib\kotlin-reflect-2.1.0.jar;c:\Users\Haqii\AppData\Roaming\Code\User\globalStorage\fwcd.kotlin\langServerInstall\server\lib\kotlin-scripting-jvm-2.1.0.jar;c:\Users\Haqii\AppData\Roaming\Code\User\globalStorage\fwcd.kotlin\langServerInstall\server\lib\kotlin-scripting-common-2.1.0.jar;c:\Users\Haqii\AppData\Roaming\Code\User\globalStorage\fwcd.kotlin\langServerInstall\server\lib\kotlinx-coroutines-core-jvm-1.6.4.jar;c:\Users\Haqii\AppData\Roaming\Code\User\globalStorage\fwcd.kotlin\langServerInstall\server\lib\kotlin-stdlib-jdk8-2.1.0.jar;c:\Users\Haqii\AppData\Roaming\Code\User\globalStorage\fwcd.kotlin\langServerInstall\server\lib\kotlin-stdlib-jdk7-2.1.0.jar;c:\Users\Haqii\AppData\Roaming\Code\User\globalStorage\fwcd.kotlin\langServerInstall\server\lib\kotlin-stdlib-2.1.0.jar;c:\Users\Haqii\AppData\Roaming\Code\User\globalStorage\fwcd.kotlin\langServerInstall\server\lib\org.eclipse.lsp4j-0.21.2.jar;c:\Users\Haqii\AppData\Roaming\Code\User\globalStorage\fwcd.kotlin\langServerInstall\server\lib\org.eclipse.lsp4j.jsonrpc-0.21.2.jar;c:\Users\Haqii\AppData\Roaming\Code\User\globalStorage\fwcd.kotlin\langServerInstall\server\lib\kotlin-sam-with-receiver-compiler-plugin-2.1.0.jar;c:\Users\Haqii\AppData\Roaming\Code\User\globalStorage\fwcd.kotlin\langServerInstall\server\lib\fernflower-1.0.jar;c:\Users\Haqii\AppData\Roaming\Code\User\globalStorage\fwcd.kotlin\langServerInstall\server\lib\h2-1.4.200.jar;c:\Users\Haqii\AppData\Roaming\Code\User\globalStorage\fwcd.kotlin\langServerInstall\server\lib\jcommander-1.78.jar;c:\Users\Haqii\AppData\Roaming\Code\User\globalStorage\fwcd.kotlin\langServerInstall\server\lib\sqlite-jdbc-3.41.2.1.jar;c:\Users\Haqii\AppData\Roaming\Code\User\globalStorage\fwcd.kotlin\langServerInstall\server\lib\google-java-format-1.8.jar;c:\Users\Haqii\AppData\Roaming\Code\User\globalStorage\fwcd.kotlin\langServerInstall\server\lib\guava-33.3.0-jre.jar;c:\Users\Haqii\AppData\Roaming\Code\User\globalStorage\fwcd.kotlin\langServerInstall\server\lib\annotations-13.0.jar;c:\Users\Haqii\AppData\Roaming\Code\User\globalStorage\fwcd.kotlin\langServerInstall\server\lib\gson-2.10.1.jar;c:\Users\Haqii\AppData\Roaming\Code\User\globalStorage\fwcd.kotlin\langServerInstall\server\lib\kotlin-script-runtime-2.1.0.jar;c:\Users\Haqii\AppData\Roaming\Code\User\globalStorage\fwcd.kotlin\langServerInstall\server\lib\trove4j-1.0.20200330.jar;c:\Users\Haqii\AppData\Roaming\Code\User\globalStorage\fwcd.kotlin\langServerInstall\server\lib\jline-3.24.1.jar;c:\Users\Haqii\AppData\Roaming\Code\User\globalStorage\fwcd.kotlin\langServerInstall\server\lib\slf4j-api-1.7.25.jar;c:\Users\Haqii\AppData\Roaming\Code\User\globalStorage\fwcd.kotlin\langServerInstall\server\lib\jna-4.2.2.jar;c:\Users\Haqii\AppData\Roaming\Code\User\globalStorage\fwcd.kotlin\langServerInstall\server\lib\failureaccess-1.0.2.jar;c:\Users\Haqii\AppData\Roaming\Code\User\globalStorage\fwcd.kotlin\langServerInstall\server\lib\listenablefuture-9999.0-empty-to-avoid-conflict-with-guava.jar;c:\Users\Haqii\AppData\Roaming\Code\User\globalStorage\fwcd.kotlin\langServerInstall\server\lib\jsr305-3.0.2.jar;c:\Users\Haqii\AppData\Roaming\Code\User\globalStorage\fwcd.kotlin\langServerInstall\server\lib\checker-qual-3.43.0.jar;c:\Users\Haqii\AppData\Roaming\Code\User\globalStorage\fwcd.kotlin\langServerInstall\server\lib\error_prone_annotations-2.28.0.jar
Launcher Type: SUN_STANDARD

[Global flags]
     intx CICompilerCount                          = 12                                        {product} {ergonomic}
     uint ConcGCThreads                            = 3                                         {product} {ergonomic}
     uint G1ConcRefinementThreads                  = 13                                        {product} {ergonomic}
   size_t G1HeapRegionSize                         = 2097152                                   {product} {ergonomic}
   size_t InitialHeapSize                          = 255852544                                 {product} {ergonomic}
   size_t MarkStackSize                            = 4194304                                   {product} {ergonomic}
   size_t MarkStackSizeMax                         = 536870912                                 {product} {ergonomic}
   size_t MaxHeapSize                              = 4093640704                                {product} {ergonomic}
   size_t MaxNewSize                               = 2455764992                                {product} {ergonomic}
   size_t MinHeapDeltaBytes                        = 2097152                                   {product} {ergonomic}
   size_t MinHeapSize                              = 8388608                                   {product} {ergonomic}
    uintx NonNMethodCodeHeapSize                   = 7602176                                {pd product} {ergonomic}
    uintx NonProfiledCodeHeapSize                  = 122093568                              {pd product} {ergonomic}
    uintx ProfiledCodeHeapSize                     = 121962496                              {pd product} {ergonomic}
    uintx ReservedCodeCacheSize                    = 251658240                              {pd product} {ergonomic}
     bool SegmentedCodeCache                       = true                                      {product} {ergonomic}
   size_t SoftMaxHeapSize                          = 4093640704                             {manageable} {ergonomic}
     bool UseCompressedOops                        = true                           {product lp64_product} {ergonomic}
     bool UseG1GC                                  = true                                      {product} {ergonomic}
     bool UseLargePagesIndividualAllocation        = false                                  {pd product} {ergonomic}

Logging:
Log output configuration:
 #0: stdout all=warning uptime,level,tags foldmultilines=false
 #1: stderr all=off uptime,level,tags foldmultilines=false

Environment Variables:
CLASSPATH=c:\Users\Haqii\AppData\Roaming\Code\User\globalStorage\fwcd.kotlin\langServerInstall\server\lib\server-1.3.13.jar;c:\Users\Haqii\AppData\Roaming\Code\User\globalStorage\fwcd.kotlin\langServerInstall\server\lib\shared-1.3.13.jar;c:\Users\Haqii\AppData\Roaming\Code\User\globalStorage\fwcd.kotlin\langServerInstall\server\lib\kotlin-scripting-jvm-host-unshaded-2.1.0.jar;c:\Users\Haqii\AppData\Roaming\Code\User\globalStorage\fwcd.kotlin\langServerInstall\server\lib\kotlin-scripting-compiler-2.1.0.jar;c:\Users\Haqii\AppData\Roaming\Code\User\globalStorage\fwcd.kotlin\langServerInstall\server\lib\ktfmt-b5d31d1.jar;c:\Users\Haqii\AppData\Roaming\Code\User\globalStorage\fwcd.kotlin\langServerInstall\server\lib\kotlin-compiler-2.1.0.jar;c:\Users\Haqii\AppData\Roaming\Code\User\globalStorage\fwcd.kotlin\langServerInstall\server\lib\exposed-dao-0.37.3.jar;c:\Users\Haqii\AppData\Roaming\Code\User\globalStorage\fwcd.kotlin\langServerInstall\server\lib\exposed-jdbc-0.37.3.jar;c:\Users\Haqii\AppData\Roaming\Code\User\globalStorage\fwcd.kotlin\langServerInstall\server\lib\exposed-core-0.37.3.jar;c:\Users\Haqii\AppData\Roaming\Code\User\globalStorage\fwcd.kotlin\langServerInstall\server\lib\kotlin-scripting-compiler-impl-2.1.0.jar;c:\Users\Haqii\AppData\Roaming\Code\User\globalStorage\fwcd.kotlin\langServerInstall\server\lib\kotlin-reflect-2.1.0.jar;c:\Users\Haqii\AppData\Roaming\Code\User\globalStorage\fwcd.kotlin\langServerInstall\server\lib\kotlin-scripting-jvm-2.1.0.jar;c:\Users\Haqii\AppData\Roaming\Code\User\globalStorage\fwcd.kotlin\langServerInstall\server\lib\kotlin-scripting-common-2.1.0.jar;c:\Users\Haqii\AppData\Roaming\Code\User\globalStorage\fwcd.kotlin\langServerInstall\server\lib\kotlinx-coroutines-core-jvm-1.6.4.jar;c:\Users\Haqii\AppData\Roaming\Code\User\globalStorage\fwcd.kotlin\langServerInstall\server\lib\kotlin-stdlib-jdk8-2.1.0.jar;c:\Users\Haqii\AppData\Roaming\Code\User\globalStorage\fwcd.kotlin\langServerInstall\server\lib\kotlin-stdlib-jdk7-2.1.0.jar;c:\Users\Haqii\AppData\Roaming\Code\User\globalStorage\fwcd.kotlin\langServerInstall\server\lib\kotlin-stdlib-2.1.0.jar;c:\Users\Haqii\AppData\Roaming\Code\User\globalStorage\fwcd.kotlin\langServerInstall\server\lib\org.eclipse.lsp4j-0.21.2.jar;c:\Users\Haqii\AppData\Roaming\Code\User\globalStorage\fwcd.kotlin\langServerInstall\server\lib\org.eclipse.lsp4j.jsonrpc-0.21.2.jar;c:\Users\Haqii\AppData\Roaming\Code\User\globalStorage\fwcd.kotlin\langServerInstall\server\lib\kotlin-sam-with-receiver-compiler-plugin-2.1.0.jar;c:\Users\Haqii\AppData\Roaming\Code\User\globalStorage\fwcd.kotlin\langServerInstall\server\lib\fernflower-1.0.jar;c:\Users\Haqii\AppData\Roaming\Code\User\globalStorage\fwcd.kotlin\langServerInstall\server\lib\h2-1.4.200.jar;c:\Users\Haqii\AppData\Roaming\Code\User\globalStorage\fwcd.kotlin\langServerInstall\server\lib\jcommander-1.78.jar;c:\Users\Haqii\AppData\Roaming\Code\User\globalStorage\fwcd.kotlin\langServerInstall\server\lib\sqlite-jdbc-3.41.2.1.jar;c:\Users\Haqii\AppData\Roaming\Code\User\globalStorage\fwcd.kotlin\langServerInstall\server\lib\google-java-format-1.8.jar;c:\Users\Haqii\AppData\Roaming\Code\User\globalStorage\fwcd.kotlin\langServerInstall\server\lib\guava-33.3.0-jre.jar;c:\Users\Haqii\AppData\Roaming\Code\User\globalStorage\fwcd.kotlin\langServerInstall\server\lib\annotations-13.0.jar;c:\Users\Haqii\AppData\Roaming\Code\User\globalStorage\fwcd.kotlin\langServerInstall\server\lib\gson-2.10.1.jar;c:\Users\Haqii\AppData\Roaming\Code\User\globalStorage\fwcd.kotlin\langServerInstall\server\lib\kotlin-script-runtime-2.1.0.jar;c:\Users\Haqii\AppData\Roaming\Code\User\globalStorage\fwcd.kotlin\langServerInstall\server\lib\trove4j-1.0.20200330.jar;c:\Users\Haqii\AppData\Roaming\Code\User\globalStorage\fwcd.kotlin\langServerInstall\server\lib\jline-3.24.1.jar;c:\Users\Haqii\AppData\Roaming\Code\User\globalStorage\fwcd.kotlin\langServerInstall\server\lib\slf4j-api-1.7.25.jar;c:\Users\Haqii\AppData\Roaming\Code\User\globalStorage\fwcd.kotlin\langServerInstall\server\lib\jna-4.2.2.jar;c:\Users\Haqii\AppData\Roaming\Code\User\globalStorage\fwcd.kotlin\langServerInstall\server\lib\failureaccess-1.0.2.jar;c:\Users\Haqii\AppData\Roaming\Code\User\globalStorage\fwcd.kotlin\langServerInstall\server\lib\listenablefuture-9999.0-empty-to-avoid-conflict-with-guava.jar;c:\Users\Haqii\AppData\Roaming\Code\User\globalStorage\fwcd.kotlin\langServerInstall\server\lib\jsr305-3.0.2.jar;c:\Users\Haqii\AppData\Roaming\Code\User\globalStorage\fwcd.kotlin\langServerInstall\server\lib\checker-qual-3.43.0.jar;c:\Users\Haqii\AppData\Roaming\Code\User\globalStorage\fwcd.kotlin\langServerInstall\server\lib\error_prone_annotations-2.28.0.jar
PATH=C:\Program Files\Common Files\Oracle\Java\javapath;C:\Program Files (x86)\Common Files\Oracle\Java\java8path;C:\Program Files (x86)\Common Files\Oracle\Java\javapath;C:\WINDOWS\system32;C:\WINDOWS;C:\WINDOWS\System32\Wbem;C:\WINDOWS\System32\WindowsPowerShell\v1.0\;C:\WINDOWS\System32\OpenSSH\;C:\xampp\php;C:\ProgramData\ComposerSetup\bin;C:\Program Files\Git\cmd;C:\Program Files\dotnet\;C:\ProgramData\chocolatey\bin;C:\Program Files\Neovim\bin;C:\Program Files\nodejs\;C:\Program Files\Common Files\Oracle\Java\javapath;C:\Windows\system32;C:\Windows;C:\Windows\System32\Wbem;C:\Windows\System32\WindowsPowerShell\v1.0\;C:\Windows\System32\OpenSSH\;C:\xampp\php;C:\ProgramData\ComposerSetup\bin;C:\Program Files\nodejs\;C:\Program Files\Git\cmd;C:\Program Files\dotnet\;C:\ProgramData\chocolatey\bin;c:\Users\Haqii\AppData\Local\Programs\cursor\resources\app\codeBin;C:\Users\Haqii\AppData\Local\Programs\Python\Launcher\;C:\Users\Haqii\AppData\Local\Microsoft\WindowsApps;C:\Users\Haqii\AppData\Local\Programs\Microsoft VS Code\bin;C:\Users\Haqii\AppData\Roaming\Composer\vendor\bin;C:\msys64\ucrt64\bin;C:\Users\Haqii\AppData\Local\spicetify;C:\Users\Haqii\.deno\bin;C:\Android\cmdline-tools\latest\bin;C:\Android\platform-tools;C:\Android\emulator;C:\Users\Haqii\AppData\Roaming\npm;C:\Users\Haqii\AppData\Local\Microsoft\WindowsApps
USERNAME=Haqii
OS=Windows_NT
PROCESSOR_IDENTIFIER=AMD64 Family 25 Model 68 Stepping 1, AuthenticAMD
TMP=C:\Users\Haqii\AppData\Local\Temp
TEMP=C:\Users\Haqii\AppData\Local\Temp




Periodic native trim disabled

---------------  S Y S T E M  ---------------

OS:
 Windows 11 , 64 bit Build 26100 (10.0.26100.6725)
OS uptime: 0 days 1:37 hours

CPU: total 16 (initial active 16) (16 cores per cpu, 2 threads per core) family 25 model 68 stepping 1 microcode 0xa404102, cx8, cmov, fxsr, ht, mmx, 3dnowpref, sse, sse2, sse3, ssse3, sse4a, sse4.1, sse4.2, popcnt, lzcnt, tsc, tscinvbit, avx, avx2, aes, erms, clmul, bmi1, bmi2, adx, sha, fma, vzeroupper, clflush, clflushopt, rdtscp, rdpid, fsrm, f16c, pku, cet_ss
Processor Information for processor 0
  Max Mhz: 3201, Current Mhz: 3201, Mhz Limit: 3201
Processor Information for processor 1
  Max Mhz: 3201, Current Mhz: 1804, Mhz Limit: 3201
Processor Information for processor 2
  Max Mhz: 3201, Current Mhz: 1804, Mhz Limit: 3201
Processor Information for processor 3
  Max Mhz: 3201, Current Mhz: 3201, Mhz Limit: 3201
Processor Information for processor 4
  Max Mhz: 3201, Current Mhz: 3201, Mhz Limit: 3201
Processor Information for processor 5
  Max Mhz: 3201, Current Mhz: 1804, Mhz Limit: 3201
Processor Information for processor 6
  Max Mhz: 3201, Current Mhz: 1804, Mhz Limit: 3201
Processor Information for processor 7
  Max Mhz: 3201, Current Mhz: 3201, Mhz Limit: 3201
Processor Information for processor 8
  Max Mhz: 3201, Current Mhz: 3201, Mhz Limit: 3201
Processor Information for processor 9
  Max Mhz: 3201, Current Mhz: 1804, Mhz Limit: 3201
Processor Information for processor 10
  Max Mhz: 3201, Current Mhz: 3201, Mhz Limit: 3201
Processor Information for processor 11
  Max Mhz: 3201, Current Mhz: 3201, Mhz Limit: 3201
Processor Information for processor 12
  Max Mhz: 3201, Current Mhz: 2502, Mhz Limit: 3201
Processor Information for processor 13
  Max Mhz: 3201, Current Mhz: 2502, Mhz Limit: 3201
Processor Information for processor 14
  Max Mhz: 3201, Current Mhz: 1804, Mhz Limit: 3201
Processor Information for processor 15
  Max Mhz: 3201, Current Mhz: 3201, Mhz Limit: 3201

Memory: 4k page, system-wide physical 15613M (773M free)
TotalPageFile size 28925M (AvailPageFile size 17M)
current process WorkingSet (physical memory assigned to process): 690M, peak: 695M
current process commit charge ("private bytes"): 735M, peak: 742M

vm_info: Java HotSpot(TM) 64-Bit Server VM (23.0.1+11-39) for windows-amd64 JRE (23.0.1+11-39), built on 2024-09-30T07:20:43Z with MS VC++ 17.6 (VS2022)

END.
