#
# There is insufficient memory for the Java Runtime Environment to continue.
# Native memory allocation (malloc) failed to allocate 1438464 bytes. Error detail: Chunk::new
# Possible reasons:
#   The system is out of physical RAM or swap space
#   This process is running with CompressedOops enabled, and the Java Heap may be blocking the growth of the native heap
# Possible solutions:
#   Reduce memory load on the system
#   Increase physical memory or swap space
#   Check if swap backing store is full
#   Decrease Java heap size (-Xmx/-Xms)
#   Decrease number of Java threads
#   Decrease Java thread stack sizes (-Xss)
#   Set larger code cache with -XX:ReservedCodeCacheSize=
#   JVM is running with Zero Based Compressed Oops mode in which the Java heap is
#     placed in the first 32GB address space. The Java Heap base address is the
#     maximum limit for the native heap growth. Please use -XX:HeapBaseMinAddress
#     to set the Java Heap base and to place the Java Heap above 32GB virtual address.
# This output file may be truncated or incomplete.
#
#  Out of Memory Error (arena.cpp:149), pid=20280, tid=22872
#
# JRE version: Java(TM) SE Runtime Environment (23.0.1+11) (build 23.0.1+11-39)
# Java VM: Java HotSpot(TM) 64-Bit Server VM (23.0.1+11-39, mixed mode, sharing, tiered, compressed oops, compressed class ptrs, g1 gc, windows-amd64)
# No core dump will be written. Minidumps are not enabled by default on client versions of Windows
#

---------------  S U M M A R Y ------------

Command Line: -DkotlinLanguageServer.version=1.3.13 org.javacs.kt.MainKt

Host: AMD Ryzen 7 7735HS with Radeon Graphics        , 16 cores, 13G,  Windows 11 , 64 bit Build 26100 (10.0.26100.7019)
Time: Wed Dec 10 10:18:20 2025 SE Asia Standard Time elapsed time: 54.331237 seconds (0d 0h 0m 54s)

---------------  T H R E A D  ---------------

Current thread (0x000001a22621a8a0):  JavaThread "C2 CompilerThread1" daemon [_thread_in_native, id=22872, stack(0x0000007c9f200000,0x0000007c9f300000) (1024K)]


Current CompileTask:
C2:54331 12552   !   4       org.jetbrains.kotlin.metadata.ProtoBuf$Type::<init> (875 bytes)

Stack: [0x0000007c9f200000,0x0000007c9f300000]
Native frames: (J=compiled Java code, j=interpreted, Vv=VM code, C=native code)
V  [jvm.dll+0x6e08b9]  (no source info available)
V  [jvm.dll+0x87dc83]  (no source info available)
V  [jvm.dll+0x88010e]  (no source info available)
V  [jvm.dll+0x8807e3]  (no source info available)
V  [jvm.dll+0x27aee6]  (no source info available)
V  [jvm.dll+0xbc06f]  (no source info available)
V  [jvm.dll+0xbc2cb]  (no source info available)
V  [jvm.dll+0x3b3a9c]  (no source info available)
V  [jvm.dll+0x38a42b]  (no source info available)
V  [jvm.dll+0x38989a]  (no source info available)
V  [jvm.dll+0x244aa1]  (no source info available)
V  [jvm.dll+0x243dff]  (no source info available)
V  [jvm.dll+0x1c33a0]  (no source info available)
V  [jvm.dll+0x253cf1]  (no source info available)
V  [jvm.dll+0x251faa]  (no source info available)
V  [jvm.dll+0x3ee036]  (no source info available)
V  [jvm.dll+0x824f8b]  (no source info available)
V  [jvm.dll+0x6df065]  (no source info available)
C  [ucrtbase.dll+0x37b0]  (no source info available)
C  [KERNEL32.DLL+0x2e8d7]  (no source info available)
C  [ntdll.dll+0x8c53c]  (no source info available)

Lock stack of current Java thread (top to bottom):


---------------  P R O C E S S  ---------------

Threads class SMR info:
_java_thread_list=0x000001a222c78950, length=19, elements={
0x000001a1d183a420, 0x000001a1d183fb10, 0x000001a1d1841a20, 0x000001a1d1842480,
0x000001a1d1842ee0, 0x000001a1d1845020, 0x000001a1d1865dc0, 0x000001a1d18693f0,
0x000001a1d19ce1a0, 0x000001a1d19d2040, 0x000001a218a83720, 0x000001a1aff23360,
0x000001a2216890b0, 0x000001a217157720, 0x000001a217157db0, 0x000001a221cd3150,
0x000001a22621a8a0, 0x000001a226219b00, 0x000001a22621e5f0
}

Java Threads: ( => current thread )
  0x000001a1d183a420 JavaThread "Reference Handler"          daemon [_thread_blocked, id=21044, stack(0x0000007c9e700000,0x0000007c9e800000) (1024K)]
  0x000001a1d183fb10 JavaThread "Finalizer"                  daemon [_thread_blocked, id=12968, stack(0x0000007c9e800000,0x0000007c9e900000) (1024K)]
  0x000001a1d1841a20 JavaThread "Signal Dispatcher"          daemon [_thread_blocked, id=20872, stack(0x0000007c9e900000,0x0000007c9ea00000) (1024K)]
  0x000001a1d1842480 JavaThread "Attach Listener"            daemon [_thread_blocked, id=9524, stack(0x0000007c9ea00000,0x0000007c9eb00000) (1024K)]
  0x000001a1d1842ee0 JavaThread "Service Thread"             daemon [_thread_blocked, id=11180, stack(0x0000007c9eb00000,0x0000007c9ec00000) (1024K)]
  0x000001a1d1845020 JavaThread "Monitor Deflation Thread"   daemon [_thread_blocked, id=19484, stack(0x0000007c9ec00000,0x0000007c9ed00000) (1024K)]
  0x000001a1d1865dc0 JavaThread "C2 CompilerThread0"         daemon [_thread_blocked, id=15548, stack(0x0000007c9ed00000,0x0000007c9ee00000) (1024K)]
  0x000001a1d18693f0 JavaThread "C1 CompilerThread0"         daemon [_thread_blocked, id=22812, stack(0x0000007c9ee00000,0x0000007c9ef00000) (1024K)]
  0x000001a1d19ce1a0 JavaThread "Notification Thread"        daemon [_thread_blocked, id=17764, stack(0x0000007c9f000000,0x0000007c9f100000) (1024K)]
  0x000001a1d19d2040 JavaThread "Common-Cleaner"             daemon [_thread_blocked, id=8996, stack(0x0000007c9f100000,0x0000007c9f200000) (1024K)]
  0x000001a218a83720 JavaThread "client"                            [_thread_in_native, id=12180, stack(0x0000007ca0300000,0x0000007ca0400000) (1024K)]
  0x000001a1aff23360 JavaThread "DestroyJavaVM"                     [_thread_blocked, id=6044, stack(0x0000007c9df00000,0x0000007c9e000000) (1024K)]
  0x000001a2216890b0 JavaThread "async0"                            [_thread_blocked, id=4612, stack(0x0000007ca0400000,0x0000007ca0500000) (1024K)]
  0x000001a217157720 JavaThread "async1"                            [_thread_blocked, id=23860, stack(0x0000007c9fd00000,0x0000007c9fe00000) (1024K)]
  0x000001a217157db0 JavaThread "debounce0"                         [_thread_blocked, id=24148, stack(0x0000007ca0600000,0x0000007ca0700000) (1024K)]
  0x000001a221cd3150 JavaThread "async2"                            [_thread_in_vm, id=23736, stack(0x0000007c9ef00000,0x0000007c9f000000) (1024K)]
=>0x000001a22621a8a0 JavaThread "C2 CompilerThread1"         daemon [_thread_in_native, id=22872, stack(0x0000007c9f200000,0x0000007c9f300000) (1024K)]
  0x000001a226219b00 JavaThread "C1 CompilerThread1"         daemon [_thread_in_vm, id=24400, stack(0x0000007c9f300000,0x0000007c9f400000) (1024K)]
  0x000001a22621e5f0 JavaThread "C1 CompilerThread2"         daemon [_thread_in_native, id=23768, stack(0x0000007ca0500000,0x0000007ca0600000) (1024K)]
Total: 19

Other Threads:
  0x000001a1d1820270 VMThread "VM Thread"                           [id=22068, stack(0x0000007c9e600000,0x0000007c9e700000) (1024K)]
  0x000001a1d180cf90 WatcherThread "VM Periodic Task Thread"        [id=17388, stack(0x0000007c9e500000,0x0000007c9e600000) (1024K)]
  0x000001a1b2498f50 WorkerThread "GC Thread#0"                     [id=17548, stack(0x0000007c9e000000,0x0000007c9e100000) (1024K)]
  0x000001a218160390 WorkerThread "GC Thread#1"                     [id=2916, stack(0x0000007c9f400000,0x0000007c9f500000) (1024K)]
  0x000001a218160740 WorkerThread "GC Thread#2"                     [id=14816, stack(0x0000007c9f500000,0x0000007c9f600000) (1024K)]
  0x000001a218160af0 WorkerThread "GC Thread#3"                     [id=22132, stack(0x0000007c9f600000,0x0000007c9f700000) (1024K)]
  0x000001a2177eef50 WorkerThread "GC Thread#4"                     [id=20940, stack(0x0000007c9f700000,0x0000007c9f800000) (1024K)]
  0x000001a217ed42f0 WorkerThread "GC Thread#5"                     [id=20048, stack(0x0000007c9f800000,0x0000007c9f900000) (1024K)]
  0x000001a2175de270 WorkerThread "GC Thread#6"                     [id=17540, stack(0x0000007c9f900000,0x0000007c9fa00000) (1024K)]
  0x000001a2175de620 WorkerThread "GC Thread#7"                     [id=18648, stack(0x0000007c9fa00000,0x0000007c9fb00000) (1024K)]
  0x000001a217c07400 WorkerThread "GC Thread#8"                     [id=4132, stack(0x0000007c9fb00000,0x0000007c9fc00000) (1024K)]
  0x000001a217c077b0 WorkerThread "GC Thread#9"                     [id=14984, stack(0x0000007c9fc00000,0x0000007c9fd00000) (1024K)]
  0x000001a2185a31f0 WorkerThread "GC Thread#10"                    [id=22560, stack(0x0000007c9fe00000,0x0000007c9ff00000) (1024K)]
  0x000001a2185a56d0 WorkerThread "GC Thread#11"                    [id=21268, stack(0x0000007c9ff00000,0x0000007ca0000000) (1024K)]
  0x000001a2185a35a0 WorkerThread "GC Thread#12"                    [id=18580, stack(0x0000007ca0000000,0x0000007ca0100000) (1024K)]
  0x000001a1b24ab2a0 ConcurrentGCThread "G1 Main Marker"            [id=5428, stack(0x0000007c9e100000,0x0000007c9e200000) (1024K)]
  0x000001a1b24abdb0 WorkerThread "G1 Conc#0"                       [id=8228, stack(0x0000007c9e200000,0x0000007c9e300000) (1024K)]
  0x000001a2185a3d00 WorkerThread "G1 Conc#1"                       [id=3808, stack(0x0000007ca0100000,0x0000007ca0200000) (1024K)]
  0x000001a2185a1bd0 WorkerThread "G1 Conc#2"                       [id=3456, stack(0x0000007ca0200000,0x0000007ca0300000) (1024K)]
  0x000001a1d16e1890 ConcurrentGCThread "G1 Refine#0"               [id=18668, stack(0x0000007c9e300000,0x0000007c9e400000) (1024K)]
  0x000001a1d16e20c0 ConcurrentGCThread "G1 Service"                [id=15524, stack(0x0000007c9e400000,0x0000007c9e500000) (1024K)]
Total: 21

Threads with active compile tasks:
C1 CompilerThread0  54421 12731       3       org.jetbrains.kotlin.resolve.calls.tower.KotlinToResolvedCallTransformer::transformAndReport (512 bytes)
C2 CompilerThread1  54421 12552   !   4       org.jetbrains.kotlin.metadata.ProtoBuf$Type::<init> (875 bytes)
C1 CompilerThread1  54421 12730       3       org.jetbrains.kotlin.resolve.calls.tower.PSICallResolver::handleErrorResolutionResult (317 bytes)
C1 CompilerThread2  54421 12738       3       org.jetbrains.kotlin.resolve.calls.model.CallResolutionResult::completedDiagnostic (319 bytes)
Total: 4

VM state: not at safepoint (normal execution)

VM Mutex/Monitor currently owned by a thread: None

Heap address: 0x0000000724000000, size: 3520 MB, Compressed Oops mode: Zero based, Oop shift amount: 3

CDS archive(s) mapped at: [0x000001a1d2000000-0x000001a1d2d70000-0x000001a1d2d70000), size 14090240, SharedBaseAddress: 0x000001a1d2000000, ArchiveRelocationMode: 1.
Compressed class space mapped at: 0x000001a1d3000000-0x000001a213000000, reserved size: 1073741824
Narrow klass base: 0x000001a1d2000000, Narrow klass shift: 0, Narrow klass range: 0x41000000

GC Precious Log:
 CardTable entry size: 512
 Card Set container configuration: InlinePtr #cards 4 size 8 Array Of Cards #cards 16 size 48 Howl #buckets 8 coarsen threshold 3686 Howl Bitmap #cards 512 size 80 coarsen threshold 460 Card regions per heap region 1 cards per card region 4096
 CPUs: 16 total, 16 available
 Memory: 14077M
 Large Page Support: Disabled
 NUMA Support: Disabled
 Compressed Oops: Enabled (Zero based)
 Heap Region Size: 2M
 Heap Min Capacity: 8M
 Heap Initial Capacity: 220M
 Heap Max Capacity: 3520M
 Pre-touch: Disabled
 Parallel Workers: 13
 Concurrent Workers: 3
 Concurrent Refinement Workers: 13
 Periodic GC: Disabled

Heap:
 garbage-first heap   total reserved 3604480K, committed 153600K, used 111658K [0x0000000724000000, 0x0000000800000000)
  region size 2048K, 14 young (28672K), 3 survivors (6144K)
 Metaspace       used 73298K, committed 74240K, reserved 1114112K
  class space    used 8708K, committed 9088K, reserved 1048576K

Heap Regions: E=young(eden), S=young(survivor), O=old, HS=humongous(starts), HC=humongous(continues), CS=collection set, F=free, TAMS=top-at-mark-start, PB=parsable bottom
|   0|0x0000000724000000, 0x0000000724200000, 0x0000000724200000|100%|HS|  |TAMS 0x0000000724000000| PB 0x0000000724000000| Complete |  0
|   1|0x0000000724200000, 0x0000000724400000, 0x0000000724400000|100%|HC|  |TAMS 0x0000000724200000| PB 0x0000000724200000| Complete |  0
|   2|0x0000000724400000, 0x0000000724600000, 0x0000000724600000|100%| O|  |TAMS 0x0000000724400000| PB 0x0000000724400000| Untracked |  0
|   3|0x0000000724600000, 0x0000000724800000, 0x0000000724800000|100%| O|  |TAMS 0x0000000724600000| PB 0x0000000724600000| Untracked |  0
|   4|0x0000000724800000, 0x0000000724a00000, 0x0000000724a00000|100%| O|  |TAMS 0x0000000724800000| PB 0x0000000724800000| Untracked |  0
|   5|0x0000000724a00000, 0x0000000724c00000, 0x0000000724c00000|100%| O|  |TAMS 0x0000000724a00000| PB 0x0000000724a00000| Untracked |  0
|   6|0x0000000724c00000, 0x0000000724e00000, 0x0000000724e00000|100%| O|  |TAMS 0x0000000724c00000| PB 0x0000000724c00000| Untracked |  0
|   7|0x0000000724e00000, 0x0000000725000000, 0x0000000725000000|100%| O|  |TAMS 0x0000000724e00000| PB 0x0000000724e00000| Untracked |  0
|   8|0x0000000725000000, 0x0000000725200000, 0x0000000725200000|100%| O|  |TAMS 0x0000000725000000| PB 0x0000000725000000| Untracked |  0
|   9|0x0000000725200000, 0x0000000725400000, 0x0000000725400000|100%| O|  |TAMS 0x0000000725200000| PB 0x0000000725200000| Untracked |  0
|  10|0x0000000725400000, 0x0000000725600000, 0x0000000725600000|100%| O|  |TAMS 0x0000000725400000| PB 0x0000000725400000| Untracked |  0
|  11|0x0000000725600000, 0x0000000725800000, 0x0000000725800000|100%| O|  |TAMS 0x0000000725600000| PB 0x0000000725600000| Untracked |  0
|  12|0x0000000725800000, 0x0000000725a00000, 0x0000000725a00000|100%| O|  |TAMS 0x0000000725800000| PB 0x0000000725800000| Untracked |  0
|  13|0x0000000725a00000, 0x0000000725c00000, 0x0000000725c00000|100%| O|  |TAMS 0x0000000725a00000| PB 0x0000000725a00000| Untracked |  0
|  14|0x0000000725c00000, 0x0000000725e00000, 0x0000000725e00000|100%| O|  |TAMS 0x0000000725c00000| PB 0x0000000725c00000| Untracked |  0
|  15|0x0000000725e00000, 0x0000000726000000, 0x0000000726000000|100%| O|  |TAMS 0x0000000725e00000| PB 0x0000000725e00000| Untracked |  0
|  16|0x0000000726000000, 0x0000000726200000, 0x0000000726200000|100%| O|  |TAMS 0x0000000726000000| PB 0x0000000726000000| Untracked |  0
|  17|0x0000000726200000, 0x0000000726400000, 0x0000000726400000|100%| O|  |TAMS 0x0000000726200000| PB 0x0000000726200000| Untracked |  0
|  18|0x0000000726400000, 0x0000000726600000, 0x0000000726600000|100%| O|  |TAMS 0x0000000726400000| PB 0x0000000726400000| Untracked |  0
|  19|0x0000000726600000, 0x0000000726800000, 0x0000000726800000|100%| O|  |TAMS 0x0000000726600000| PB 0x0000000726600000| Untracked |  0
|  20|0x0000000726800000, 0x0000000726a00000, 0x0000000726a00000|100%|HS|  |TAMS 0x0000000726800000| PB 0x0000000726800000| Complete |  0
|  21|0x0000000726a00000, 0x0000000726c00000, 0x0000000726c00000|100%| O|  |TAMS 0x0000000726a00000| PB 0x0000000726a00000| Untracked |  0
|  22|0x0000000726c00000, 0x0000000726e00000, 0x0000000726e00000|100%| O|  |TAMS 0x0000000726c00000| PB 0x0000000726c00000| Untracked |  0
|  23|0x0000000726e00000, 0x0000000727000000, 0x0000000727000000|100%| O|  |TAMS 0x0000000726e00000| PB 0x0000000726e00000| Untracked |  0
|  24|0x0000000727000000, 0x0000000727200000, 0x0000000727200000|100%| O|  |TAMS 0x0000000727000000| PB 0x0000000727000000| Untracked |  0
|  25|0x0000000727200000, 0x0000000727400000, 0x0000000727400000|100%| O|  |TAMS 0x0000000727200000| PB 0x0000000727200000| Untracked |  0
|  26|0x0000000727400000, 0x0000000727600000, 0x0000000727600000|100%| O|  |TAMS 0x0000000727400000| PB 0x0000000727400000| Untracked |  0
|  27|0x0000000727600000, 0x0000000727800000, 0x0000000727800000|100%| O|  |TAMS 0x0000000727600000| PB 0x0000000727600000| Untracked |  0
|  28|0x0000000727800000, 0x0000000727a00000, 0x0000000727a00000|100%| O|  |TAMS 0x0000000727800000| PB 0x0000000727800000| Untracked |  0
|  29|0x0000000727a00000, 0x0000000727c00000, 0x0000000727c00000|100%|HS|  |TAMS 0x0000000727a00000| PB 0x0000000727a00000| Complete |  0
|  30|0x0000000727c00000, 0x0000000727e00000, 0x0000000727e00000|100%| O|  |TAMS 0x0000000727c00000| PB 0x0000000727c00000| Untracked |  0
|  31|0x0000000727e00000, 0x0000000728000000, 0x0000000728000000|100%| O|  |TAMS 0x0000000727e00000| PB 0x0000000727e00000| Untracked |  0
|  32|0x0000000728000000, 0x0000000728200000, 0x0000000728200000|100%| O|  |TAMS 0x0000000728000000| PB 0x0000000728000000| Untracked |  0
|  33|0x0000000728200000, 0x0000000728400000, 0x0000000728400000|100%| O|  |TAMS 0x0000000728200000| PB 0x0000000728200000| Untracked |  0
|  34|0x0000000728400000, 0x0000000728600000, 0x0000000728600000|100%| O|  |TAMS 0x0000000728400000| PB 0x0000000728400000| Untracked |  0
|  35|0x0000000728600000, 0x0000000728800000, 0x0000000728800000|100%| O|Cm|TAMS 0x0000000728600000| PB 0x0000000728600000| Complete |  0
|  36|0x0000000728800000, 0x0000000728a00000, 0x0000000728a00000|100%| O|  |TAMS 0x0000000728800000| PB 0x0000000728800000| Untracked |  0
|  37|0x0000000728a00000, 0x0000000728c00000, 0x0000000728c00000|100%| O|  |TAMS 0x0000000728a00000| PB 0x0000000728a00000| Untracked |  0
|  38|0x0000000728c00000, 0x0000000728e00000, 0x0000000728e00000|100%| O|  |TAMS 0x0000000728c00000| PB 0x0000000728c00000| Untracked |  0
|  39|0x0000000728e00000, 0x0000000728e00000, 0x0000000729000000|  0%| F|  |TAMS 0x0000000728e00000| PB 0x0000000728e00000| Untracked |  0
|  40|0x0000000729000000, 0x0000000729000000, 0x0000000729200000|  0%| F|  |TAMS 0x0000000729000000| PB 0x0000000729000000| Untracked |  0
|  41|0x0000000729200000, 0x0000000729200000, 0x0000000729400000|  0%| F|  |TAMS 0x0000000729200000| PB 0x0000000729200000| Untracked |  0
|  42|0x0000000729400000, 0x0000000729600000, 0x0000000729600000|100%| O|  |TAMS 0x0000000729400000| PB 0x0000000729400000| Untracked |  0
|  43|0x0000000729600000, 0x00000007297ba6e8, 0x0000000729800000| 86%| O|  |TAMS 0x0000000729600000| PB 0x0000000729600000| Untracked |  0
|  44|0x0000000729800000, 0x0000000729800000, 0x0000000729a00000|  0%| F|  |TAMS 0x0000000729800000| PB 0x0000000729800000| Untracked |  0
|  45|0x0000000729a00000, 0x0000000729b50180, 0x0000000729c00000| 65%| S|CS|TAMS 0x0000000729a00000| PB 0x0000000729a00000| Complete |  0
|  46|0x0000000729c00000, 0x0000000729e00000, 0x0000000729e00000|100%| S|CS|TAMS 0x0000000729c00000| PB 0x0000000729c00000| Complete |  0
|  47|0x0000000729e00000, 0x000000072a000000, 0x000000072a000000|100%| S|CS|TAMS 0x0000000729e00000| PB 0x0000000729e00000| Complete |  0
|  48|0x000000072a000000, 0x000000072a000000, 0x000000072a200000|  0%| F|  |TAMS 0x000000072a000000| PB 0x000000072a000000| Untracked |  0
|  49|0x000000072a200000, 0x000000072a200000, 0x000000072a400000|  0%| F|  |TAMS 0x000000072a200000| PB 0x000000072a200000| Untracked |  0
|  50|0x000000072a400000, 0x000000072a400000, 0x000000072a600000|  0%| F|  |TAMS 0x000000072a400000| PB 0x000000072a400000| Untracked |  0
|  51|0x000000072a600000, 0x000000072a600000, 0x000000072a800000|  0%| F|  |TAMS 0x000000072a600000| PB 0x000000072a600000| Untracked |  0
|  52|0x000000072a800000, 0x000000072a800000, 0x000000072aa00000|  0%| F|  |TAMS 0x000000072a800000| PB 0x000000072a800000| Untracked |  0
|  53|0x000000072aa00000, 0x000000072aa00000, 0x000000072ac00000|  0%| F|  |TAMS 0x000000072aa00000| PB 0x000000072aa00000| Untracked |  0
|  54|0x000000072ac00000, 0x000000072ac00000, 0x000000072ae00000|  0%| F|  |TAMS 0x000000072ac00000| PB 0x000000072ac00000| Untracked |  0
|  55|0x000000072ae00000, 0x000000072ae00000, 0x000000072b000000|  0%| F|  |TAMS 0x000000072ae00000| PB 0x000000072ae00000| Untracked |  0
|  56|0x000000072b000000, 0x000000072b000000, 0x000000072b200000|  0%| F|  |TAMS 0x000000072b000000| PB 0x000000072b000000| Untracked |  0
|  57|0x000000072b200000, 0x000000072b200000, 0x000000072b400000|  0%| F|  |TAMS 0x000000072b200000| PB 0x000000072b200000| Untracked |  0
|  58|0x000000072b400000, 0x000000072b400000, 0x000000072b600000|  0%| F|  |TAMS 0x000000072b400000| PB 0x000000072b400000| Untracked |  0
|  59|0x000000072b600000, 0x000000072b600000, 0x000000072b800000|  0%| F|  |TAMS 0x000000072b600000| PB 0x000000072b600000| Untracked |  0
|  60|0x000000072b800000, 0x000000072b800000, 0x000000072ba00000|  0%| F|  |TAMS 0x000000072b800000| PB 0x000000072b800000| Untracked |  0
|  61|0x000000072ba00000, 0x000000072ba00000, 0x000000072bc00000|  0%| F|  |TAMS 0x000000072ba00000| PB 0x000000072ba00000| Untracked |  0
|  62|0x000000072bc00000, 0x000000072bc00000, 0x000000072be00000|  0%| F|  |TAMS 0x000000072bc00000| PB 0x000000072bc00000| Untracked |  0
|  63|0x000000072be00000, 0x000000072beadbe0, 0x000000072c000000| 33%| E|  |TAMS 0x000000072be00000| PB 0x000000072be00000| Complete |  0
|  64|0x000000072c000000, 0x000000072c200000, 0x000000072c200000|100%| E|CS|TAMS 0x000000072c000000| PB 0x000000072c000000| Complete |  0
|  65|0x000000072c200000, 0x000000072c400000, 0x000000072c400000|100%| E|CS|TAMS 0x000000072c200000| PB 0x000000072c200000| Complete |  0
|  66|0x000000072c400000, 0x000000072c600000, 0x000000072c600000|100%| E|CS|TAMS 0x000000072c400000| PB 0x000000072c400000| Complete |  0
|  67|0x000000072c600000, 0x000000072c800000, 0x000000072c800000|100%| E|CS|TAMS 0x000000072c600000| PB 0x000000072c600000| Complete |  0
|  68|0x000000072c800000, 0x000000072ca00000, 0x000000072ca00000|100%| E|CS|TAMS 0x000000072c800000| PB 0x000000072c800000| Complete |  0
|  69|0x000000072ca00000, 0x000000072cc00000, 0x000000072cc00000|100%| E|CS|TAMS 0x000000072ca00000| PB 0x000000072ca00000| Complete |  0
|  70|0x000000072cc00000, 0x000000072ce00000, 0x000000072ce00000|100%| E|CS|TAMS 0x000000072cc00000| PB 0x000000072cc00000| Complete |  0
|  93|0x000000072fa00000, 0x000000072fc00000, 0x000000072fc00000|100%| E|CS|TAMS 0x000000072fa00000| PB 0x000000072fa00000| Complete |  0
|  94|0x000000072fc00000, 0x000000072fe00000, 0x000000072fe00000|100%| E|CS|TAMS 0x000000072fc00000| PB 0x000000072fc00000| Complete |  0
| 109|0x0000000731a00000, 0x0000000731c00000, 0x0000000731c00000|100%| E|CS|TAMS 0x0000000731a00000| PB 0x0000000731a00000| Complete |  0
|1759|0x00000007ffe00000, 0x0000000800000000, 0x0000000800000000|100%| O|  |TAMS 0x00000007ffe00000| PB 0x00000007ffe00000| Untracked |  0

Card table byte_map: [0x000001a1caac0000,0x000001a1cb1a0000] _byte_map_base: 0x000001a1c71a0000

Marking Bits: (CMBitMap*) 0x000001a1b2499660
 Bits: [0x000001a1cb1a0000, 0x000001a1ce8a0000)

Polling page: 0x000001a1b01f0000

Metaspace:

Usage:
  Non-class:     63.09 MB used.
      Class:      8.50 MB used.
       Both:     71.59 MB used.

Virtual space:
  Non-class space:       64.00 MB reserved,      63.62 MB (>99%) committed,  1 nodes.
      Class space:        1.00 GB reserved,       8.88 MB ( <1%) committed,  1 nodes.
             Both:        1.06 GB reserved,      72.50 MB (  7%) committed. 

Chunk freelists:
   Non-Class:  34.00 KB
       Class:  7.13 MB
        Both:  7.16 MB

MaxMetaspaceSize: unlimited
CompressedClassSpaceSize: 1.00 GB
Initial GC threshold: 21.00 MB
Current GC threshold: 119.62 MB
CDS: on
 - commit_granule_bytes: 65536.
 - commit_granule_words: 8192.
 - virtual_space_node_default_size: 8388608.
 - enlarge_chunks_in_place: 1.
 - use_allocation_guard: 0.


Internal statistics:

num_allocs_failed_limit: 6.
num_arena_births: 1504.
num_arena_deaths: 0.
num_vsnodes_births: 2.
num_vsnodes_deaths: 0.
num_space_committed: 1158.
num_space_uncommitted: 0.
num_chunks_returned_to_freelist: 6.
num_chunks_taken_from_freelist: 4162.
num_chunk_merges: 3.
num_chunk_splits: 3131.
num_chunks_enlarged: 2408.
num_inconsistent_stats: 0.

CodeHeap 'non-profiled nmethods': size=119232Kb used=5003Kb max_used=5062Kb free=114228Kb
 bounds [0x000001a1c26f0000, 0x000001a1c2bf0000, 0x000001a1c9b60000]
CodeHeap 'profiled nmethods': size=119104Kb used=23040Kb max_used=23040Kb free=96064Kb
 bounds [0x000001a1bab60000, 0x000001a1bc1f0000, 0x000001a1c1fb0000]
CodeHeap 'non-nmethods': size=7424Kb used=2864Kb max_used=3476Kb free=4559Kb
 bounds [0x000001a1c1fb0000, 0x000001a1c2320000, 0x000001a1c26f0000]
CodeCache: size=245760Kb, used=30907Kb, max_used=31578Kb, free=214851Kb
 total_blobs=11862, nmethods=11090, adapters=671, full_count=0
Compilation: enabled, stopped_count=0, restarted_count=0

Compilation events (20 events):
Event: 53.305 Thread 0x000001a1d1865dc0 12560       4       org.jetbrains.kotlin.descriptors.impl.FunctionDescriptorImpl::getTypeParameters (47 bytes)
Event: 53.305 Thread 0x000001a226219b00 12612       3       org.jetbrains.kotlin.resolve.calls.model.KotlinCallDiagnosticsKt::getConstraintSystemError (34 bytes)
Event: 53.306 Thread 0x000001a226219b00 nmethod 12612 0x000001a1bb828d08 code [0x000001a1bb828ec0, 0x000001a1bb829728]
Event: 53.306 Thread 0x000001a226219b00 12613       3       org.jetbrains.kotlin.resolve.calls.smartcasts.IdentifierInfo$Variable::hashCode (34 bytes)
Event: 53.306 Thread 0x000001a1d1865dc0 nmethod 12560 0x000001a1c2a47388 code [0x000001a1c2a47480, 0x000001a1c2a47520]
Event: 53.306 Thread 0x000001a226219b00 nmethod 12613 0x000001a1bb5b3588 code [0x000001a1bb5b3700, 0x000001a1bb5b3c60]
Event: 53.307 Thread 0x000001a1d18693f0 nmethod 12610 0x000001a1bc158488 code [0x000001a1bc158fa0, 0x000001a1bc15fba8]
Event: 53.310 Thread 0x000001a226219b00 12614       1       org.jetbrains.kotlin.serialization.deserialization.ProtoContainer::getSource (5 bytes)
Event: 53.310 Thread 0x000001a226219b00 nmethod 12614 0x000001a1c2a47008 code [0x000001a1c2a47120, 0x000001a1c2a471f0]
Event: 53.312 Thread 0x000001a226219b00 12615       3       org.jetbrains.kotlin.resolve.calls.components.ArgumentsUtilsKt::getExpectedType (103 bytes)
Event: 53.312 Thread 0x000001a1d18693f0 12616       3       org.jetbrains.kotlin.types.checker.SimpleClassicTypeSystemContext::parametersCount (6 bytes)
Event: 53.312 Thread 0x000001a1d18693f0 nmethod 12616 0x000001a1bb828988 code [0x000001a1bb828aa0, 0x000001a1bb828bd8]
Event: 53.312 Thread 0x000001a1d18693f0 12617       3       org.jetbrains.kotlin.descriptors.impl.PropertyDescriptorImpl::getModality (14 bytes)
Event: 53.313 Thread 0x000001a1d18693f0 nmethod 12617 0x000001a1bb42e388 code [0x000001a1bb42e4a0, 0x000001a1bb42e620]
Event: 53.313 Thread 0x000001a1d1865dc0 12618       4       java.lang.reflect.Constructor::newInstanceWithCaller (51 bytes)
Event: 53.313 Thread 0x000001a226219b00 nmethod 12615 0x000001a1bc15fe88 code [0x000001a1bc1601c0, 0x000001a1bc161948]
Event: 53.314 Thread 0x000001a1d18693f0 12620       3       io.vavr.control.Option::getOrElse (20 bytes)
Event: 53.314 Thread 0x000001a226219b00 12621       3       io.vavr.collection.Queue::isEmpty (10 bytes)
Event: 53.314 Thread 0x000001a226219b00 nmethod 12621 0x000001a1bb5b3208 code [0x000001a1bb5b3320, 0x000001a1bb5b3500]
Event: 53.314 Thread 0x000001a1d18693f0 nmethod 12620 0x000001a1bb5b2d88 code [0x000001a1bb5b2ec0, 0x000001a1bb5b31a8]

GC Heap History (20 events):
Event: 39.644 GC heap before
{Heap before GC invocations=33 (full 0):
 garbage-first heap   total reserved 3604480K, committed 88064K, used 77026K [0x0000000724000000, 0x0000000800000000)
  region size 2048K, 13 young (26624K), 2 survivors (4096K)
 Metaspace       used 59971K, committed 60864K, reserved 1114112K
  class space    used 7255K, committed 7680K, reserved 1048576K
}
Event: 39.647 GC heap after
{Heap after GC invocations=34 (full 0):
 garbage-first heap   total reserved 3604480K, committed 88064K, used 56477K [0x0000000724000000, 0x0000000800000000)
  region size 2048K, 1 young (2048K), 1 survivors (2048K)
 Metaspace       used 59971K, committed 60864K, reserved 1114112K
  class space    used 7255K, committed 7680K, reserved 1048576K
}
Event: 39.921 GC heap before
{Heap before GC invocations=35 (full 0):
 garbage-first heap   total reserved 3604480K, committed 96256K, used 79005K [0x0000000724000000, 0x0000000800000000)
  region size 2048K, 12 young (24576K), 1 survivors (2048K)
 Metaspace       used 60031K, committed 60928K, reserved 1114112K
  class space    used 7255K, committed 7680K, reserved 1048576K
}
Event: 39.923 GC heap after
{Heap after GC invocations=36 (full 0):
 garbage-first heap   total reserved 3604480K, committed 96256K, used 58682K [0x0000000724000000, 0x0000000800000000)
  region size 2048K, 2 young (4096K), 2 survivors (4096K)
 Metaspace       used 60031K, committed 60928K, reserved 1114112K
  class space    used 7255K, committed 7680K, reserved 1048576K
}
Event: 40.010 GC heap before
{Heap before GC invocations=36 (full 0):
 garbage-first heap   total reserved 3604480K, committed 96256K, used 83258K [0x0000000724000000, 0x0000000800000000)
  region size 2048K, 15 young (30720K), 2 survivors (4096K)
 Metaspace       used 60053K, committed 60992K, reserved 1114112K
  class space    used 7255K, committed 7680K, reserved 1048576K
}
Event: 40.016 GC heap after
{Heap after GC invocations=37 (full 0):
 garbage-first heap   total reserved 3604480K, committed 96256K, used 61066K [0x0000000724000000, 0x0000000800000000)
  region size 2048K, 2 young (4096K), 2 survivors (4096K)
 Metaspace       used 60053K, committed 60992K, reserved 1114112K
  class space    used 7255K, committed 7680K, reserved 1048576K
}
Event: 40.215 GC heap before
{Heap before GC invocations=37 (full 0):
 garbage-first heap   total reserved 3604480K, committed 96256K, used 83594K [0x0000000724000000, 0x0000000800000000)
  region size 2048K, 13 young (26624K), 2 survivors (4096K)
 Metaspace       used 60055K, committed 60992K, reserved 1114112K
  class space    used 7255K, committed 7680K, reserved 1048576K
}
Event: 40.217 GC heap after
{Heap after GC invocations=38 (full 0):
 garbage-first heap   total reserved 3604480K, committed 96256K, used 64389K [0x0000000724000000, 0x0000000800000000)
  region size 2048K, 2 young (4096K), 2 survivors (4096K)
 Metaspace       used 60055K, committed 60992K, reserved 1114112K
  class space    used 7255K, committed 7680K, reserved 1048576K
}
Event: 40.871 GC heap before
{Heap before GC invocations=39 (full 0):
 garbage-first heap   total reserved 3604480K, committed 110592K, used 84869K [0x0000000724000000, 0x0000000800000000)
  region size 2048K, 11 young (22528K), 2 survivors (4096K)
 Metaspace       used 63069K, committed 64000K, reserved 1114112K
  class space    used 7638K, committed 8064K, reserved 1048576K
}
Event: 40.873 GC heap after
{Heap after GC invocations=40 (full 0):
 garbage-first heap   total reserved 3604480K, committed 110592K, used 69160K [0x0000000724000000, 0x0000000800000000)
  region size 2048K, 2 young (4096K), 2 survivors (4096K)
 Metaspace       used 63069K, committed 64000K, reserved 1114112K
  class space    used 7638K, committed 8064K, reserved 1048576K
}
Event: 42.291 GC heap before
{Heap before GC invocations=40 (full 0):
 garbage-first heap   total reserved 3604480K, committed 110592K, used 93736K [0x0000000724000000, 0x0000000800000000)
  region size 2048K, 15 young (30720K), 2 survivors (4096K)
 Metaspace       used 66651K, committed 67584K, reserved 1114112K
  class space    used 8120K, committed 8512K, reserved 1048576K
}
Event: 42.295 GC heap after
{Heap after GC invocations=41 (full 0):
 garbage-first heap   total reserved 3604480K, committed 110592K, used 74186K [0x0000000724000000, 0x0000000800000000)
  region size 2048K, 2 young (4096K), 2 survivors (4096K)
 Metaspace       used 66651K, committed 67584K, reserved 1114112K
  class space    used 8120K, committed 8512K, reserved 1048576K
}
Event: 42.399 GC heap before
{Heap before GC invocations=41 (full 0):
 garbage-first heap   total reserved 3604480K, committed 110592K, used 96714K [0x0000000724000000, 0x0000000800000000)
  region size 2048K, 13 young (26624K), 2 survivors (4096K)
 Metaspace       used 66652K, committed 67584K, reserved 1114112K
  class space    used 8120K, committed 8512K, reserved 1048576K
}
Event: 42.402 GC heap after
{Heap after GC invocations=42 (full 0):
 garbage-first heap   total reserved 3604480K, committed 110592K, used 75688K [0x0000000724000000, 0x0000000800000000)
  region size 2048K, 1 young (2048K), 1 survivors (2048K)
 Metaspace       used 66652K, committed 67584K, reserved 1114112K
  class space    used 8120K, committed 8512K, reserved 1048576K
}
Event: 43.461 GC heap before
{Heap before GC invocations=43 (full 0):
 garbage-first heap   total reserved 3604480K, committed 131072K, used 98216K [0x0000000724000000, 0x0000000800000000)
  region size 2048K, 12 young (24576K), 1 survivors (2048K)
 Metaspace       used 67713K, committed 68672K, reserved 1114112K
  class space    used 8226K, committed 8640K, reserved 1048576K
}
Event: 43.464 GC heap after
{Heap after GC invocations=44 (full 0):
 garbage-first heap   total reserved 3604480K, committed 131072K, used 78965K [0x0000000724000000, 0x0000000800000000)
  region size 2048K, 2 young (4096K), 2 survivors (4096K)
 Metaspace       used 67713K, committed 68672K, reserved 1114112K
  class space    used 8226K, committed 8640K, reserved 1048576K
}
Event: 44.854 GC heap before
{Heap before GC invocations=44 (full 0):
 garbage-first heap   total reserved 3604480K, committed 131072K, used 115829K [0x0000000724000000, 0x0000000800000000)
  region size 2048K, 21 young (43008K), 2 survivors (4096K)
 Metaspace       used 70034K, committed 70912K, reserved 1114112K
  class space    used 8380K, committed 8768K, reserved 1048576K
}
Event: 44.861 GC heap after
{Heap after GC invocations=45 (full 0):
 garbage-first heap   total reserved 3604480K, committed 131072K, used 85247K [0x0000000724000000, 0x0000000800000000)
  region size 2048K, 3 young (6144K), 3 survivors (6144K)
 Metaspace       used 70034K, committed 70912K, reserved 1114112K
  class space    used 8380K, committed 8768K, reserved 1048576K
}
Event: 51.599 GC heap before
{Heap before GC invocations=45 (full 0):
 garbage-first heap   total reserved 3604480K, committed 131072K, used 115967K [0x0000000724000000, 0x0000000800000000)
  region size 2048K, 18 young (36864K), 3 survivors (6144K)
 Metaspace       used 72482K, committed 73408K, reserved 1114112K
  class space    used 8619K, committed 9024K, reserved 1048576K
}
Event: 51.604 GC heap after
{Heap after GC invocations=46 (full 0):
 garbage-first heap   total reserved 3604480K, committed 131072K, used 91178K [0x0000000724000000, 0x0000000800000000)
  region size 2048K, 3 young (6144K), 3 survivors (6144K)
 Metaspace       used 72482K, committed 73408K, reserved 1114112K
  class space    used 8619K, committed 9024K, reserved 1048576K
}

Dll operation events (8 events):
Event: 0.015 Loaded shared library C:\Program Files\Java\jdk-23\bin\java.dll
Event: 0.062 Loaded shared library C:\Program Files\Java\jdk-23\bin\jsvml.dll
Event: 0.166 Loaded shared library C:\Program Files\Java\jdk-23\bin\net.dll
Event: 0.170 Loaded shared library C:\Program Files\Java\jdk-23\bin\nio.dll
Event: 0.178 Loaded shared library C:\Program Files\Java\jdk-23\bin\zip.dll
Event: 0.562 Loaded shared library C:\Program Files\Java\jdk-23\bin\jimage.dll
Event: 2.914 Loaded shared library C:\Program Files\Java\jdk-23\bin\verify.dll
Event: 8.666 Loaded shared library C:\Users\Haqii\AppData\Local\Temp\sqlite-3.41.2.1-51d3180e-b7d4-45c1-84ce-536934b8aabb-sqlitejdbc.dll

Deoptimization events (20 events):
Event: 52.214 Thread 0x000001a221cd3150 Uncommon trap: trap_request=0xffffffc6 fr.pc=0x000001a1c2bc85bc relative=0x0000000000001f5c
Event: 52.214 Thread 0x000001a221cd3150 Uncommon trap: reason=bimorphic_or_optimized_type_check action=maybe_recompile pc=0x000001a1c2bc85bc method=org.jetbrains.kotlin.types.ClassifierBasedTypeConstructor.equals(Ljava/lang/Object;)Z @ 44 c2
Event: 52.214 Thread 0x000001a221cd3150 DEOPT PACKING pc=0x000001a1c2bc85bc sp=0x0000007c9eff3020
Event: 52.214 Thread 0x000001a221cd3150 DEOPT UNPACKING pc=0x000001a1c2004402 sp=0x0000007c9eff3008 mode 2
Event: 52.234 Thread 0x000001a221cd3150 Uncommon trap: trap_request=0xffffff45 fr.pc=0x000001a1c2af0a60 relative=0x0000000000000900
Event: 52.234 Thread 0x000001a221cd3150 Uncommon trap: reason=unstable_if action=reinterpret pc=0x000001a1c2af0a60 method=java.util.concurrent.ConcurrentHashMap.get(Ljava/lang/Object;)Ljava/lang/Object; @ 152 c2
Event: 52.234 Thread 0x000001a221cd3150 DEOPT PACKING pc=0x000001a1c2af0a60 sp=0x0000007c9eff10d0
Event: 52.234 Thread 0x000001a221cd3150 DEOPT UNPACKING pc=0x000001a1c2004402 sp=0x0000007c9eff0fd0 mode 2
Event: 52.234 Thread 0x000001a221cd3150 Uncommon trap: trap_request=0xffffff45 fr.pc=0x000001a1c27e8e84 relative=0x00000000000002c4
Event: 52.234 Thread 0x000001a221cd3150 Uncommon trap: reason=unstable_if action=reinterpret pc=0x000001a1c27e8e84 method=java.util.concurrent.ConcurrentHashMap.get(Ljava/lang/Object;)Ljava/lang/Object; @ 152 c2
Event: 52.234 Thread 0x000001a221cd3150 DEOPT PACKING pc=0x000001a1c27e8e84 sp=0x0000007c9eff1050
Event: 52.234 Thread 0x000001a221cd3150 DEOPT UNPACKING pc=0x000001a1c2004402 sp=0x0000007c9eff0fc8 mode 2
Event: 53.316 Thread 0x000001a221cd3150 Uncommon trap: trap_request=0xffffff45 fr.pc=0x000001a1c29f78fc relative=0x000000000000639c
Event: 53.316 Thread 0x000001a221cd3150 Uncommon trap: reason=unstable_if action=reinterpret pc=0x000001a1c29f78fc method=org.jetbrains.kotlin.metadata.ProtoBuf$Function.<init>(Lorg/jetbrains/kotlin/protobuf/CodedInputStream;Lorg/jetbrains/kotlin/protobuf/ExtensionRegistryLite;)V @ 851 c2
Event: 53.316 Thread 0x000001a221cd3150 DEOPT PACKING pc=0x000001a1c29f78fc sp=0x0000007c9eff0980
Event: 53.316 Thread 0x000001a221cd3150 DEOPT UNPACKING pc=0x000001a1c2004402 sp=0x0000007c9eff0928 mode 2
Event: 53.316 Thread 0x000001a221cd3150 Uncommon trap: trap_request=0xffffff45 fr.pc=0x000001a1c29fb6d8 relative=0x0000000000000d38
Event: 53.316 Thread 0x000001a221cd3150 Uncommon trap: reason=unstable_if action=reinterpret pc=0x000001a1c29fb6d8 method=org.jetbrains.kotlin.metadata.ProtoBuf$Property.<init>(Lorg/jetbrains/kotlin/protobuf/CodedInputStream;Lorg/jetbrains/kotlin/protobuf/ExtensionRegistryLite;)V @ 54 c2
Event: 53.316 Thread 0x000001a221cd3150 DEOPT PACKING pc=0x000001a1c29fb6d8 sp=0x0000007c9eff09a0
Event: 53.316 Thread 0x000001a221cd3150 DEOPT UNPACKING pc=0x000001a1c2004402 sp=0x0000007c9eff0950 mode 2

Classes loaded (20 events):
Event: 41.684 Loading class java/util/stream/SliceOps
Event: 41.684 Loading class java/util/stream/SliceOps done
Event: 41.684 Loading class java/util/stream/SliceOps$1
Event: 41.685 Loading class java/util/stream/SliceOps$1 done
Event: 41.686 Loading class java/util/stream/SliceOps$1$1
Event: 41.686 Loading class java/util/stream/SliceOps$1$1 done
Event: 42.091 Loading class java/util/Comparators$NullComparator
Event: 42.091 Loading class java/util/Comparators$NullComparator done
Event: 42.092 Loading class java/util/Comparators$NaturalOrderComparator
Event: 42.093 Loading class java/util/Comparators$NaturalOrderComparator done
Event: 42.094 Loading class java/util/stream/SortedOps
Event: 42.095 Loading class java/util/stream/SortedOps done
Event: 42.095 Loading class java/util/stream/SortedOps$OfRef
Event: 42.095 Loading class java/util/stream/SortedOps$OfRef done
Event: 42.096 Loading class java/util/stream/SortedOps$RefSortingSink
Event: 42.096 Loading class java/util/stream/SortedOps$AbstractRefSortingSink
Event: 42.097 Loading class java/util/stream/SortedOps$AbstractRefSortingSink done
Event: 42.097 Loading class java/util/stream/SortedOps$RefSortingSink done
Event: 43.481 Loading class java/util/RegularEnumSet$EnumSetIterator
Event: 43.482 Loading class java/util/RegularEnumSet$EnumSetIterator done

Classes unloaded (0 events):
No events

Classes redefined (0 events):
No events

Internal exceptions (20 events):
Event: 38.428 Thread 0x000001a217157db0 Implicit null exception at 0x000001a1c277dc6b to 0x000001a1c277de60
Event: 40.823 Thread 0x000001a221cd3150 Exception <a 'java/lang/NoSuchMethodError'{0x0000000729904848}: 'void java.lang.invoke.DirectMethodHandle$Holder.invokeSpecial(java.lang.Object, java.lang.Object, int, java.lang.Object)'> (0x0000000729904848) 
thrown [s\open\src\hotspot\share\interpreter\linkResolver.cpp, line 796]
Event: 41.604 Thread 0x000001a221cd3150 Exception <a 'java/lang/IncompatibleClassChangeError'{0x000000072a374638}: Found class java.lang.Object, but interface was expected> (0x000000072a374638) 
thrown [s\open\src\hotspot\share\interpreter\linkResolver.cpp, line 863]
Event: 41.927 Thread 0x000001a221cd3150 Implicit null exception at 0x000001a1c28d058a to 0x000001a1c28d0910
Event: 42.093 Thread 0x000001a221cd3150 Exception <a 'java/lang/NoSuchMethodError'{0x0000000729864118}: 'int java.lang.invoke.DirectMethodHandle$Holder.invokeSpecialIFC(java.lang.Object, java.lang.Object, java.lang.Object, java.lang.Object, java.lang.Object)'> (0x0000000729864118) 
thrown [s\open\src\hotspot\share\interpreter\linkResolver.cpp, line 796]
Event: 42.838 Thread 0x000001a221cd3150 Exception <a 'java/lang/NoSuchMethodError'{0x000000072b321490}: 'java.lang.Object java.lang.invoke.DirectMethodHandle$Holder.invokeStatic(java.lang.Object, java.lang.Object, java.lang.Object, java.lang.Object, java.lang.Object, int, java.lang.Object)'> (0x000000072b321490) 
thrown [s\open\src\hotspot\share\interpreter\linkResolver.cpp, line 796]
Event: 42.839 Thread 0x000001a221cd3150 Exception <a 'java/lang/NoSuchMethodError'{0x000000072b32a0d0}: 'java.lang.Object java.lang.invoke.DirectMethodHandle$Holder.newInvokeSpecial(java.lang.Object, java.lang.Object, java.lang.Object, java.lang.Object, java.lang.Object, int, java.lang.Object)'> (0x000000072b32a0d0) 
thrown [s\open\src\hotspot\share\interpreter\linkResolver.cpp, line 796]
Event: 42.840 Thread 0x000001a221cd3150 Exception <a 'java/lang/NoSuchMethodError'{0x000000072b32e598}: 'java.lang.Object java.lang.invoke.DirectMethodHandle$Holder.invokeSpecial(java.lang.Object, java.lang.Object, java.lang.Object, java.lang.Object, java.lang.Object, java.lang.Object, int, java.lang.Object)'> (0x000000072b32e598) 
thrown [s\open\src\hotspot\share\interpreter\linkResolver.cpp, line 796]
Event: 42.840 Thread 0x000001a221cd3150 Exception <a 'java/lang/NoSuchMethodError'{0x000000072b3323b0}: 'java.lang.Object java.lang.invoke.Invokers$Holder.linkToTargetMethod(java.lang.Object, java.lang.Object, java.lang.Object, java.lang.Object, int, java.lang.Object, java.lang.Object)'> (0x000000072b3323b0) 
thrown [s\open\src\hotspot\share\interpreter\linkResolver.cpp, line 796]
Event: 42.956 Thread 0x000001a221cd3150 Exception <a 'java/lang/NoSuchMethodError'{0x000000072b033948}: 'java.lang.Object java.lang.invoke.DirectMethodHandle$Holder.invokeStatic(java.lang.Object, java.lang.Object, int, java.lang.Object)'> (0x000000072b033948) 
thrown [s\open\src\hotspot\share\interpreter\linkResolver.cpp, line 796]
Event: 42.957 Thread 0x000001a221cd3150 Exception <a 'java/lang/NoSuchMethodError'{0x000000072b03a308}: 'java.lang.Object java.lang.invoke.DirectMethodHandle$Holder.newInvokeSpecial(java.lang.Object, java.lang.Object, int, java.lang.Object)'> (0x000000072b03a308) 
thrown [s\open\src\hotspot\share\interpreter\linkResolver.cpp, line 796]
Event: 42.957 Thread 0x000001a221cd3150 Exception <a 'java/lang/NoSuchMethodError'{0x000000072b03df20}: 'java.lang.Object java.lang.invoke.DirectMethodHandle$Holder.invokeSpecial(java.lang.Object, java.lang.Object, java.lang.Object, int, java.lang.Object)'> (0x000000072b03df20) 
thrown [s\open\src\hotspot\share\interpreter\linkResolver.cpp, line 796]
Event: 47.171 Thread 0x000001a221cd3150 Exception <a 'java/lang/NoSuchMethodError'{0x000000072fcc56d8}: 'java.lang.Object java.lang.invoke.DirectMethodHandle$Holder.newInvokeSpecial(java.lang.Object, int, java.lang.Object, java.lang.Object)'> (0x000000072fcc56d8) 
thrown [s\open\src\hotspot\share\interpreter\linkResolver.cpp, line 796]
Event: 47.171 Thread 0x000001a221cd3150 Exception <a 'java/lang/NoSuchMethodError'{0x000000072fcc9818}: 'java.lang.Object java.lang.invoke.DirectMethodHandle$Holder.invokeSpecial(java.lang.Object, java.lang.Object, int, java.lang.Object, java.lang.Object)'> (0x000000072fcc9818) 
thrown [s\open\src\hotspot\share\interpreter\linkResolver.cpp, line 796]
Event: 47.363 Thread 0x000001a221cd3150 Implicit null exception at 0x000001a1c2b10938 to 0x000001a1c2b10e88
Event: 48.148 Thread 0x000001a221cd3150 Exception <a 'java/lang/NoSuchMethodError'{0x000000072ab52018}: 'java.lang.Object java.lang.invoke.DirectMethodHandle$Holder.invokeStatic(java.lang.Object, int, java.lang.Object)'> (0x000000072ab52018) 
thrown [s\open\src\hotspot\share\interpreter\linkResolver.cpp, line 796]
Event: 48.163 Thread 0x000001a221cd3150 Exception <a 'java/lang/NoSuchMethodError'{0x000000072ab780b0}: 'java.lang.Object java.lang.invoke.DirectMethodHandle$Holder.invokeStatic(java.lang.Object, int, java.lang.Object, java.lang.Object)'> (0x000000072ab780b0) 
thrown [s\open\src\hotspot\share\interpreter\linkResolver.cpp, line 796]
Event: 48.163 Thread 0x000001a221cd3150 Exception <a 'java/lang/NoSuchMethodError'{0x000000072ab7f6b0}: 'java.lang.Object java.lang.invoke.DirectMethodHandle$Holder.newInvokeSpecial(java.lang.Object, int, java.lang.Object)'> (0x000000072ab7f6b0) 
thrown [s\open\src\hotspot\share\interpreter\linkResolver.cpp, line 796]
Event: 52.092 Thread 0x000001a221cd3150 Exception <a 'java/lang/NoSuchMethodError'{0x000000072cb62050}: 'java.lang.Object java.lang.invoke.DirectMethodHandle$Holder.invokeSpecial(java.lang.Object, java.lang.Object, java.lang.Object, java.lang.Object, java.lang.Object, java.lang.Object, int)'> (0x000000072cb62050) 
thrown [s\open\src\hotspot\share\interpreter\linkResolver.cpp, line 796]
Event: 52.096 Thread 0x000001a221cd3150 Exception <a 'java/lang/NoSuchMethodError'{0x000000072cb7af88}: 'java.lang.Object java.lang.invoke.DirectMethodHandle$Holder.newInvokeSpecial(java.lang.Object, java.lang.Object, java.lang.Object, java.lang.Object, java.lang.Object, java.lang.Object, java.lang.Object, int, java.lang.Object)'> (0x000000072cb7af88) 
thrown [s\open\src\hotspot\share\interpreter\linkResolver.cpp, line 796]

VM Operations (20 events):
Event: 49.300 Executing VM operation: HandshakeAllThreads (Deoptimize)
Event: 49.300 Executing VM operation: HandshakeAllThreads (Deoptimize) done
Event: 49.325 Executing VM operation: HandshakeAllThreads (Deoptimize)
Event: 49.325 Executing VM operation: HandshakeAllThreads (Deoptimize) done
Event: 51.560 Executing VM operation: HandshakeAllThreads (Deoptimize)
Event: 51.561 Executing VM operation: HandshakeAllThreads (Deoptimize) done
Event: 51.599 Executing VM operation: G1CollectForAllocation (G1 Evacuation Pause)
Event: 51.604 Executing VM operation: G1CollectForAllocation (G1 Evacuation Pause) done
Event: 51.663 Executing VM operation: G1PauseRemark
Event: 51.690 Executing VM operation: G1PauseRemark done
Event: 51.706 Executing VM operation: G1PauseCleanup
Event: 51.706 Executing VM operation: G1PauseCleanup done
Event: 51.757 Executing VM operation: HandshakeAllThreads (Deoptimize)
Event: 51.757 Executing VM operation: HandshakeAllThreads (Deoptimize) done
Event: 51.863 Executing VM operation: HandshakeAllThreads (Deoptimize)
Event: 51.863 Executing VM operation: HandshakeAllThreads (Deoptimize) done
Event: 51.888 Executing VM operation: HandshakeAllThreads (Deoptimize)
Event: 51.888 Executing VM operation: HandshakeAllThreads (Deoptimize) done
Event: 51.912 Executing VM operation: HandshakeAllThreads (Deoptimize)
Event: 51.912 Executing VM operation: HandshakeAllThreads (Deoptimize) done

Memory protections (0 events):
No events

Nmethod flushes (20 events):
Event: 51.686 Thread 0x000001a1d1820270 flushing  nmethod 0x000001a1bb5e6c08
Event: 51.686 Thread 0x000001a1d1820270 flushing  nmethod 0x000001a1bb5e7788
Event: 51.686 Thread 0x000001a1d1820270 flushing  nmethod 0x000001a1bb5e9a08
Event: 51.686 Thread 0x000001a1d1820270 flushing  nmethod 0x000001a1bb5e9d08
Event: 51.686 Thread 0x000001a1d1820270 flushing  nmethod 0x000001a1bb828988
Event: 51.686 Thread 0x000001a1d1820270 flushing  nmethod 0x000001a1bb82eb08
Event: 51.686 Thread 0x000001a1d1820270 flushing  nmethod 0x000001a1c2844408
Event: 51.686 Thread 0x000001a1d1820270 flushing  nmethod 0x000001a1c2a69a08
Event: 51.686 Thread 0x000001a1d1820270 flushing  nmethod 0x000001a1bab6e008
Event: 51.686 Thread 0x000001a1d1820270 flushing  nmethod 0x000001a1baedf788
Event: 51.686 Thread 0x000001a1d1820270 flushing  nmethod 0x000001a1bb022b08
Event: 51.686 Thread 0x000001a1d1820270 flushing  nmethod 0x000001a1bb180288
Event: 51.686 Thread 0x000001a1d1820270 flushing  nmethod 0x000001a1bb372a88
Event: 51.686 Thread 0x000001a1d1820270 flushing  nmethod 0x000001a1bb585688
Event: 51.686 Thread 0x000001a1d1820270 flushing  nmethod 0x000001a1bb588488
Event: 51.686 Thread 0x000001a1d1820270 flushing  nmethod 0x000001a1bb5d1308
Event: 51.686 Thread 0x000001a1d1820270 flushing  nmethod 0x000001a1bb7c4988
Event: 51.686 Thread 0x000001a1d1820270 flushing  nmethod 0x000001a1bb7cbe88
Event: 51.686 Thread 0x000001a1d1820270 flushing  nmethod 0x000001a1bb81c408
Event: 51.686 Thread 0x000001a1d1820270 flushing  nmethod 0x000001a1bb826988

Events (20 events):
Event: 44.745 Thread 0x000001a1d18693f0 Thread added: 0x000001a1d19775e0
Event: 47.067 Thread 0x000001a222f370a0 Thread exited: 0x000001a222f370a0
Event: 47.067 Thread 0x000001a1d19775e0 Thread exited: 0x000001a1d19775e0
Event: 47.067 Thread 0x000001a222f347c0 Thread exited: 0x000001a222f347c0
Event: 47.068 Thread 0x000001a222f369d0 Thread exited: 0x000001a222f369d0
Event: 47.235 Thread 0x000001a1d18693f0 Thread added: 0x000001a1d19775e0
Event: 47.290 Thread 0x000001a1d18693f0 Thread added: 0x000001a222f369d0
Event: 47.380 Thread 0x000001a1d18693f0 Thread added: 0x000001a222f347c0
Event: 48.200 Thread 0x000001a1d19775e0 Thread added: 0x000001a22621a8a0
Event: 48.205 Thread 0x000001a1d19775e0 Thread added: 0x000001a22621b640
Event: 49.240 Thread 0x000001a222f347c0 Thread exited: 0x000001a222f347c0
Event: 49.240 Thread 0x000001a22621b640 Thread exited: 0x000001a22621b640
Event: 49.240 Thread 0x000001a222f369d0 Thread exited: 0x000001a222f369d0
Event: 49.262 Thread 0x000001a1d18693f0 Thread added: 0x000001a22621b640
Event: 51.446 Thread 0x000001a22621b640 Thread exited: 0x000001a22621b640
Event: 51.446 Thread 0x000001a1d19775e0 Thread exited: 0x000001a1d19775e0
Event: 51.446 Thread 0x000001a22621a8a0 Thread exited: 0x000001a22621a8a0
Event: 51.723 Thread 0x000001a1d197a590 Thread exited: 0x000001a1d197a590
Event: 51.802 Thread 0x000001a1d18693f0 Thread added: 0x000001a22621a8a0
Event: 51.877 Thread 0x000001a1d18693f0 Thread added: 0x000001a226219b00


Dynamic libraries:
0x00007ff6ec6e0000 - 0x00007ff6ec6f0000 	C:\Program Files\Java\jdk-23\bin\java.exe
0x00007ffc23ee0000 - 0x00007ffc24148000 	C:\WINDOWS\SYSTEM32\ntdll.dll
0x00007ffc21e70000 - 0x00007ffc21f39000 	C:\WINDOWS\System32\KERNEL32.DLL
0x00007ffc21290000 - 0x00007ffc21688000 	C:\WINDOWS\System32\KERNELBASE.dll
0x00007ffc21740000 - 0x00007ffc2188b000 	C:\WINDOWS\System32\ucrtbase.dll
0x00007ffbdf8b0000 - 0x00007ffbdf8c7000 	C:\Program Files\Java\jdk-23\bin\jli.dll
0x00007ffc234a0000 - 0x00007ffc23667000 	C:\WINDOWS\System32\USER32.dll
0x00007ffc21030000 - 0x00007ffc21057000 	C:\WINDOWS\System32\win32u.dll
0x00007ffc22bb0000 - 0x00007ffc22bdb000 	C:\WINDOWS\System32\GDI32.dll
0x00007ffc21890000 - 0x00007ffc219bc000 	C:\WINDOWS\System32\gdi32full.dll
0x00007ffc219c0000 - 0x00007ffc21a63000 	C:\WINDOWS\System32\msvcp_win.dll
0x00007ffbdbc60000 - 0x00007ffbdbc7b000 	C:\Program Files\Java\jdk-23\bin\VCRUNTIME140.dll
0x00007ffc0ffe0000 - 0x00007ffc10274000 	C:\WINDOWS\WinSxS\amd64_microsoft.windows.common-controls_6595b64144ccf1df_6.0.26100.7019_none_3e06ffa0e335b8a8\COMCTL32.dll
0x00007ffc23910000 - 0x00007ffc239b9000 	C:\WINDOWS\System32\msvcrt.dll
0x00007ffc23e60000 - 0x00007ffc23e91000 	C:\WINDOWS\System32\IMM32.DLL
0x00007ffbfc620000 - 0x00007ffbfc62c000 	C:\Program Files\Java\jdk-23\bin\vcruntime140_1.dll
0x00007ffbd27a0000 - 0x00007ffbd282e000 	C:\Program Files\Java\jdk-23\bin\msvcp140.dll
0x00007ffb38460000 - 0x00007ffb391af000 	C:\Program Files\Java\jdk-23\bin\server\jvm.dll
0x00007ffc228c0000 - 0x00007ffc22974000 	C:\WINDOWS\System32\ADVAPI32.dll
0x00007ffc22c40000 - 0x00007ffc22ce6000 	C:\WINDOWS\System32\sechost.dll
0x00007ffc226a0000 - 0x00007ffc227b8000 	C:\WINDOWS\System32\RPCRT4.dll
0x00007ffc23890000 - 0x00007ffc23904000 	C:\WINDOWS\System32\WS2_32.dll
0x00007ffc20eb0000 - 0x00007ffc20f0e000 	C:\WINDOWS\SYSTEM32\POWRPROF.dll
0x00007ffc14010000 - 0x00007ffc14045000 	C:\WINDOWS\SYSTEM32\WINMM.dll
0x00007ffc13dc0000 - 0x00007ffc13dcb000 	C:\WINDOWS\SYSTEM32\VERSION.dll
0x00007ffc20e90000 - 0x00007ffc20ea4000 	C:\WINDOWS\SYSTEM32\UMPDC.dll
0x00007ffc1fdf0000 - 0x00007ffc1fe0b000 	C:\WINDOWS\SYSTEM32\kernel.appcore.dll
0x00007ffbf9470000 - 0x00007ffbf947a000 	C:\Program Files\Java\jdk-23\bin\jimage.dll
0x00007ffc1a8e0000 - 0x00007ffc1ab22000 	C:\WINDOWS\SYSTEM32\DBGHELP.DLL
0x00007ffc22210000 - 0x00007ffc2259b000 	C:\WINDOWS\System32\combase.dll
0x00007ffc225b0000 - 0x00007ffc22687000 	C:\WINDOWS\System32\OLEAUT32.dll
0x00007ffc0a390000 - 0x00007ffc0a3cc000 	C:\WINDOWS\SYSTEM32\dbgcore.DLL
0x00007ffc21690000 - 0x00007ffc21735000 	C:\WINDOWS\System32\bcryptPrimitives.dll
0x00007ffbd62d0000 - 0x00007ffbd62ee000 	C:\Program Files\Java\jdk-23\bin\java.dll
0x00007ffc22a10000 - 0x00007ffc22ba7000 	C:\WINDOWS\System32\ole32.dll
0x00007ffc22d40000 - 0x00007ffc2348f000 	C:\WINDOWS\System32\SHELL32.dll
0x00007ffc21060000 - 0x00007ffc211cb000 	C:\WINDOWS\System32\wintypes.dll
0x00007ffc1ec90000 - 0x00007ffc1f4ed000 	C:\WINDOWS\SYSTEM32\windows.storage.dll
0x00007ffc227c0000 - 0x00007ffc228b2000 	C:\WINDOWS\System32\SHCORE.dll
0x00007ffc21f40000 - 0x00007ffc21fa7000 	C:\WINDOWS\System32\shlwapi.dll
0x00007ffc20f50000 - 0x00007ffc20f79000 	C:\WINDOWS\SYSTEM32\profapi.dll
0x00007ffbcff60000 - 0x00007ffbd0037000 	C:\Program Files\Java\jdk-23\bin\jsvml.dll
0x00007ffbf9060000 - 0x00007ffbf9070000 	C:\Program Files\Java\jdk-23\bin\net.dll
0x00007ffc20360000 - 0x00007ffc203cb000 	C:\WINDOWS\system32\mswsock.dll
0x00007ffbd3ba0000 - 0x00007ffbd3bb6000 	C:\Program Files\Java\jdk-23\bin\nio.dll
0x00007ffbd2550000 - 0x00007ffbd2567000 	C:\Program Files\Java\jdk-23\bin\zip.dll
0x00007ffc20630000 - 0x00007ffc2064b000 	C:\WINDOWS\SYSTEM32\CRYPTSP.dll
0x00007ffc1fd50000 - 0x00007ffc1fd8a000 	C:\WINDOWS\system32\rsaenh.dll
0x00007ffc20410000 - 0x00007ffc2043b000 	C:\WINDOWS\SYSTEM32\USERENV.dll
0x00007ffc20f20000 - 0x00007ffc20f4a000 	C:\WINDOWS\SYSTEM32\bcrypt.dll
0x00007ffc20620000 - 0x00007ffc2062c000 	C:\WINDOWS\SYSTEM32\CRYPTBASE.dll
0x00007ffc1f800000 - 0x00007ffc1f834000 	C:\WINDOWS\SYSTEM32\IPHLPAPI.DLL
0x00007ffc239c0000 - 0x00007ffc239ca000 	C:\WINDOWS\System32\NSI.dll
0x00007ffbd6200000 - 0x00007ffbd6210000 	C:\Program Files\Java\jdk-23\bin\verify.dll
0x00007ffb78240000 - 0x00007ffb78329000 	C:\Users\Haqii\AppData\Local\Temp\sqlite-3.41.2.1-51d3180e-b7d4-45c1-84ce-536934b8aabb-sqlitejdbc.dll

dbghelp: loaded successfully - version: 4.0.5 - missing functions: none
symbol engine: initialized successfully - sym options: 0x614 - pdb path: .;C:\Program Files\Java\jdk-23\bin;C:\WINDOWS\SYSTEM32;C:\WINDOWS\WinSxS\amd64_microsoft.windows.common-controls_6595b64144ccf1df_6.0.26100.7019_none_3e06ffa0e335b8a8;C:\Program Files\Java\jdk-23\bin\server;C:\Users\Haqii\AppData\Local\Temp

VM Arguments:
jvm_args: -DkotlinLanguageServer.version=1.3.13 
java_command: org.javacs.kt.MainKt
java_class_path (initial): c:\Users\Haqii\AppData\Roaming\Code\User\globalStorage\fwcd.kotlin\langServerInstall\server\lib\server-1.3.13.jar;c:\Users\Haqii\AppData\Roaming\Code\User\globalStorage\fwcd.kotlin\langServerInstall\server\lib\shared-1.3.13.jar;c:\Users\Haqii\AppData\Roaming\Code\User\globalStorage\fwcd.kotlin\langServerInstall\server\lib\kotlin-scripting-jvm-host-unshaded-2.1.0.jar;c:\Users\Haqii\AppData\Roaming\Code\User\globalStorage\fwcd.kotlin\langServerInstall\server\lib\kotlin-scripting-compiler-2.1.0.jar;c:\Users\Haqii\AppData\Roaming\Code\User\globalStorage\fwcd.kotlin\langServerInstall\server\lib\ktfmt-b5d31d1.jar;c:\Users\Haqii\AppData\Roaming\Code\User\globalStorage\fwcd.kotlin\langServerInstall\server\lib\kotlin-compiler-2.1.0.jar;c:\Users\Haqii\AppData\Roaming\Code\User\globalStorage\fwcd.kotlin\langServerInstall\server\lib\exposed-dao-0.37.3.jar;c:\Users\Haqii\AppData\Roaming\Code\User\globalStorage\fwcd.kotlin\langServerInstall\server\lib\exposed-jdbc-0.37.3.jar;c:\Users\Haqii\AppData\Roaming\Code\User\globalStorage\fwcd.kotlin\langServerInstall\server\lib\exposed-core-0.37.3.jar;c:\Users\Haqii\AppData\Roaming\Code\User\globalStorage\fwcd.kotlin\langServerInstall\server\lib\kotlin-scripting-compiler-impl-2.1.0.jar;c:\Users\Haqii\AppData\Roaming\Code\User\globalStorage\fwcd.kotlin\langServerInstall\server\lib\kotlin-reflect-2.1.0.jar;c:\Users\Haqii\AppData\Roaming\Code\User\globalStorage\fwcd.kotlin\langServerInstall\server\lib\kotlin-scripting-jvm-2.1.0.jar;c:\Users\Haqii\AppData\Roaming\Code\User\globalStorage\fwcd.kotlin\langServerInstall\server\lib\kotlin-scripting-common-2.1.0.jar;c:\Users\Haqii\AppData\Roaming\Code\User\globalStorage\fwcd.kotlin\langServerInstall\server\lib\kotlinx-coroutines-core-jvm-1.6.4.jar;c:\Users\Haqii\AppData\Roaming\Code\User\globalStorage\fwcd.kotlin\langServerInstall\server\lib\kotlin-stdlib-jdk8-2.1.0.jar;c:\Users\Haqii\AppData\Roaming\Code\User\globalStorage\fwcd.kotlin\langServerInstall\server\lib\kotlin-stdlib-jdk7-2.1.0.jar;c:\Users\Haqii\AppData\Roaming\Code\User\globalStorage\fwcd.kotlin\langServerInstall\server\lib\kotlin-stdlib-2.1.0.jar;c:\Users\Haqii\AppData\Roaming\Code\User\globalStorage\fwcd.kotlin\langServerInstall\server\lib\org.eclipse.lsp4j-0.21.2.jar;c:\Users\Haqii\AppData\Roaming\Code\User\globalStorage\fwcd.kotlin\langServerInstall\server\lib\org.eclipse.lsp4j.jsonrpc-0.21.2.jar;c:\Users\Haqii\AppData\Roaming\Code\User\globalStorage\fwcd.kotlin\langServerInstall\server\lib\kotlin-sam-with-receiver-compiler-plugin-2.1.0.jar;c:\Users\Haqii\AppData\Roaming\Code\User\globalStorage\fwcd.kotlin\langServerInstall\server\lib\fernflower-1.0.jar;c:\Users\Haqii\AppData\Roaming\Code\User\globalStorage\fwcd.kotlin\langServerInstall\server\lib\h2-1.4.200.jar;c:\Users\Haqii\AppData\Roaming\Code\User\globalStorage\fwcd.kotlin\langServerInstall\server\lib\jcommander-1.78.jar;c:\Users\Haqii\AppData\Roaming\Code\User\globalStorage\fwcd.kotlin\langServerInstall\server\lib\sqlite-jdbc-3.41.2.1.jar;c:\Users\Haqii\AppData\Roaming\Code\User\globalStorage\fwcd.kotlin\langServerInstall\server\lib\google-java-format-1.8.jar;c:\Users\Haqii\AppData\Roaming\Code\User\globalStorage\fwcd.kotlin\langServerInstall\server\lib\guava-33.3.0-jre.jar;c:\Users\Haqii\AppData\Roaming\Code\User\globalStorage\fwcd.kotlin\langServerInstall\server\lib\annotations-13.0.jar;c:\Users\Haqii\AppData\Roaming\Code\User\globalStorage\fwcd.kotlin\langServerInstall\server\lib\gson-2.10.1.jar;c:\Users\Haqii\AppData\Roaming\Code\User\globalStorage\fwcd.kotlin\langServerInstall\server\lib\kotlin-script-runtime-2.1.0.jar;c:\Users\Haqii\AppData\Roaming\Code\User\globalStorage\fwcd.kotlin\langServerInstall\server\lib\trove4j-1.0.20200330.jar;c:\Users\Haqii\AppData\Roaming\Code\User\globalStorage\fwcd.kotlin\langServerInstall\server\lib\jline-3.24.1.jar;c:\Users\Haqii\AppData\Roaming\Code\User\globalStorage\fwcd.kotlin\langServerInstall\server\lib\slf4j-api-1.7.25.jar;c:\Users\Haqii\AppData\Roaming\Code\User\globalStorage\fwcd.kotlin\langServerInstall\server\lib\jna-4.2.2.jar;c:\Users\Haqii\AppData\Roaming\Code\User\globalStorage\fwcd.kotlin\langServerInstall\server\lib\failureaccess-1.0.2.jar;c:\Users\Haqii\AppData\Roaming\Code\User\globalStorage\fwcd.kotlin\langServerInstall\server\lib\listenablefuture-9999.0-empty-to-avoid-conflict-with-guava.jar;c:\Users\Haqii\AppData\Roaming\Code\User\globalStorage\fwcd.kotlin\langServerInstall\server\lib\jsr305-3.0.2.jar;c:\Users\Haqii\AppData\Roaming\Code\User\globalStorage\fwcd.kotlin\langServerInstall\server\lib\checker-qual-3.43.0.jar;c:\Users\Haqii\AppData\Roaming\Code\User\globalStorage\fwcd.kotlin\langServerInstall\server\lib\error_prone_annotations-2.28.0.jar
Launcher Type: SUN_STANDARD

[Global flags]
     intx CICompilerCount                          = 12                                        {product} {ergonomic}
     uint ConcGCThreads                            = 3                                         {product} {ergonomic}
     uint G1ConcRefinementThreads                  = 13                                        {product} {ergonomic}
   size_t G1HeapRegionSize                         = 2097152                                   {product} {ergonomic}
   size_t InitialHeapSize                          = 230686720                                 {product} {ergonomic}
   size_t MarkStackSize                            = 4194304                                   {product} {ergonomic}
   size_t MarkStackSizeMax                         = 536870912                                 {product} {ergonomic}
   size_t MaxHeapSize                              = 3690987520                                {product} {ergonomic}
   size_t MaxNewSize                               = 2214592512                                {product} {ergonomic}
   size_t MinHeapDeltaBytes                        = 2097152                                   {product} {ergonomic}
   size_t MinHeapSize                              = 8388608                                   {product} {ergonomic}
    uintx NonNMethodCodeHeapSize                   = 7602176                                {pd product} {ergonomic}
    uintx NonProfiledCodeHeapSize                  = 122093568                              {pd product} {ergonomic}
    uintx ProfiledCodeHeapSize                     = 121962496                              {pd product} {ergonomic}
    uintx ReservedCodeCacheSize                    = 251658240                              {pd product} {ergonomic}
     bool SegmentedCodeCache                       = true                                      {product} {ergonomic}
   size_t SoftMaxHeapSize                          = 3690987520                             {manageable} {ergonomic}
     bool UseCompressedOops                        = true                           {product lp64_product} {ergonomic}
     bool UseG1GC                                  = true                                      {product} {ergonomic}
     bool UseLargePagesIndividualAllocation        = false                                  {pd product} {ergonomic}

Logging:
Log output configuration:
 #0: stdout all=warning uptime,level,tags foldmultilines=false
 #1: stderr all=off uptime,level,tags foldmultilines=false

Environment Variables:
CLASSPATH=c:\Users\Haqii\AppData\Roaming\Code\User\globalStorage\fwcd.kotlin\langServerInstall\server\lib\server-1.3.13.jar;c:\Users\Haqii\AppData\Roaming\Code\User\globalStorage\fwcd.kotlin\langServerInstall\server\lib\shared-1.3.13.jar;c:\Users\Haqii\AppData\Roaming\Code\User\globalStorage\fwcd.kotlin\langServerInstall\server\lib\kotlin-scripting-jvm-host-unshaded-2.1.0.jar;c:\Users\Haqii\AppData\Roaming\Code\User\globalStorage\fwcd.kotlin\langServerInstall\server\lib\kotlin-scripting-compiler-2.1.0.jar;c:\Users\Haqii\AppData\Roaming\Code\User\globalStorage\fwcd.kotlin\langServerInstall\server\lib\ktfmt-b5d31d1.jar;c:\Users\Haqii\AppData\Roaming\Code\User\globalStorage\fwcd.kotlin\langServerInstall\server\lib\kotlin-compiler-2.1.0.jar;c:\Users\Haqii\AppData\Roaming\Code\User\globalStorage\fwcd.kotlin\langServerInstall\server\lib\exposed-dao-0.37.3.jar;c:\Users\Haqii\AppData\Roaming\Code\User\globalStorage\fwcd.kotlin\langServerInstall\server\lib\exposed-jdbc-0.37.3.jar;c:\Users\Haqii\AppData\Roaming\Code\User\globalStorage\fwcd.kotlin\langServerInstall\server\lib\exposed-core-0.37.3.jar;c:\Users\Haqii\AppData\Roaming\Code\User\globalStorage\fwcd.kotlin\langServerInstall\server\lib\kotlin-scripting-compiler-impl-2.1.0.jar;c:\Users\Haqii\AppData\Roaming\Code\User\globalStorage\fwcd.kotlin\langServerInstall\server\lib\kotlin-reflect-2.1.0.jar;c:\Users\Haqii\AppData\Roaming\Code\User\globalStorage\fwcd.kotlin\langServerInstall\server\lib\kotlin-scripting-jvm-2.1.0.jar;c:\Users\Haqii\AppData\Roaming\Code\User\globalStorage\fwcd.kotlin\langServerInstall\server\lib\kotlin-scripting-common-2.1.0.jar;c:\Users\Haqii\AppData\Roaming\Code\User\globalStorage\fwcd.kotlin\langServerInstall\server\lib\kotlinx-coroutines-core-jvm-1.6.4.jar;c:\Users\Haqii\AppData\Roaming\Code\User\globalStorage\fwcd.kotlin\langServerInstall\server\lib\kotlin-stdlib-jdk8-2.1.0.jar;c:\Users\Haqii\AppData\Roaming\Code\User\globalStorage\fwcd.kotlin\langServerInstall\server\lib\kotlin-stdlib-jdk7-2.1.0.jar;c:\Users\Haqii\AppData\Roaming\Code\User\globalStorage\fwcd.kotlin\langServerInstall\server\lib\kotlin-stdlib-2.1.0.jar;c:\Users\Haqii\AppData\Roaming\Code\User\globalStorage\fwcd.kotlin\langServerInstall\server\lib\org.eclipse.lsp4j-0.21.2.jar;c:\Users\Haqii\AppData\Roaming\Code\User\globalStorage\fwcd.kotlin\langServerInstall\server\lib\org.eclipse.lsp4j.jsonrpc-0.21.2.jar;c:\Users\Haqii\AppData\Roaming\Code\User\globalStorage\fwcd.kotlin\langServerInstall\server\lib\kotlin-sam-with-receiver-compiler-plugin-2.1.0.jar;c:\Users\Haqii\AppData\Roaming\Code\User\globalStorage\fwcd.kotlin\langServerInstall\server\lib\fernflower-1.0.jar;c:\Users\Haqii\AppData\Roaming\Code\User\globalStorage\fwcd.kotlin\langServerInstall\server\lib\h2-1.4.200.jar;c:\Users\Haqii\AppData\Roaming\Code\User\globalStorage\fwcd.kotlin\langServerInstall\server\lib\jcommander-1.78.jar;c:\Users\Haqii\AppData\Roaming\Code\User\globalStorage\fwcd.kotlin\langServerInstall\server\lib\sqlite-jdbc-3.41.2.1.jar;c:\Users\Haqii\AppData\Roaming\Code\User\globalStorage\fwcd.kotlin\langServerInstall\server\lib\google-java-format-1.8.jar;c:\Users\Haqii\AppData\Roaming\Code\User\globalStorage\fwcd.kotlin\langServerInstall\server\lib\guava-33.3.0-jre.jar;c:\Users\Haqii\AppData\Roaming\Code\User\globalStorage\fwcd.kotlin\langServerInstall\server\lib\annotations-13.0.jar;c:\Users\Haqii\AppData\Roaming\Code\User\globalStorage\fwcd.kotlin\langServerInstall\server\lib\gson-2.10.1.jar;c:\Users\Haqii\AppData\Roaming\Code\User\globalStorage\fwcd.kotlin\langServerInstall\server\lib\kotlin-script-runtime-2.1.0.jar;c:\Users\Haqii\AppData\Roaming\Code\User\globalStorage\fwcd.kotlin\langServerInstall\server\lib\trove4j-1.0.20200330.jar;c:\Users\Haqii\AppData\Roaming\Code\User\globalStorage\fwcd.kotlin\langServerInstall\server\lib\jline-3.24.1.jar;c:\Users\Haqii\AppData\Roaming\Code\User\globalStorage\fwcd.kotlin\langServerInstall\server\lib\slf4j-api-1.7.25.jar;c:\Users\Haqii\AppData\Roaming\Code\User\globalStorage\fwcd.kotlin\langServerInstall\server\lib\jna-4.2.2.jar;c:\Users\Haqii\AppData\Roaming\Code\User\globalStorage\fwcd.kotlin\langServerInstall\server\lib\failureaccess-1.0.2.jar;c:\Users\Haqii\AppData\Roaming\Code\User\globalStorage\fwcd.kotlin\langServerInstall\server\lib\listenablefuture-9999.0-empty-to-avoid-conflict-with-guava.jar;c:\Users\Haqii\AppData\Roaming\Code\User\globalStorage\fwcd.kotlin\langServerInstall\server\lib\jsr305-3.0.2.jar;c:\Users\Haqii\AppData\Roaming\Code\User\globalStorage\fwcd.kotlin\langServerInstall\server\lib\checker-qual-3.43.0.jar;c:\Users\Haqii\AppData\Roaming\Code\User\globalStorage\fwcd.kotlin\langServerInstall\server\lib\error_prone_annotations-2.28.0.jar
PATH=C:\Program Files\Common Files\Oracle\Java\javapath;C:\Program Files (x86)\Common Files\Oracle\Java\java8path;C:\Program Files (x86)\Common Files\Oracle\Java\javapath;C:\WINDOWS\system32;C:\WINDOWS;C:\WINDOWS\System32\Wbem;C:\WINDOWS\System32\WindowsPowerShell\v1.0\;C:\WINDOWS\System32\OpenSSH\;C:\xampp\php;C:\ProgramData\ComposerSetup\bin;C:\Program Files\Git\cmd;C:\Program Files\dotnet\;C:\ProgramData\chocolatey\bin;C:\Program Files\Neovim\bin;C:\Program Files\nodejs\;C:\Program Files\Common Files\Oracle\Java\javapath;C:\Windows\system32;C:\Windows;C:\Windows\System32\Wbem;C:\Windows\System32\WindowsPowerShell\v1.0\;C:\Windows\System32\OpenSSH\;C:\xampp\php;C:\ProgramData\ComposerSetup\bin;C:\Program Files\nodejs\;C:\Program Files\Git\cmd;C:\Program Files\dotnet\;C:\ProgramData\chocolatey\bin;c:\Users\Haqii\AppData\Local\Programs\cursor\resources\app\codeBin;C:\Users\Haqii\AppData\Local\Programs\Python\Launcher\;C:\Users\Haqii\AppData\Local\Microsoft\WindowsApps;C:\Users\Haqii\AppData\Local\Programs\Microsoft VS Code\bin;C:\Users\Haqii\AppData\Roaming\Composer\vendor\bin;C:\msys64\ucrt64\bin;C:\Users\Haqii\AppData\Local\spicetify;C:\Users\Haqii\.deno\bin;C:\Android\cmdline-tools\latest\bin;C:\Android\platform-tools;C:\Android\emulator;C:\Users\Haqii\AppData\Roaming\npm;C:\Users\Haqii\AppData\Local\Microsoft\WindowsApps;C:\laragon\bin\php\php-8.3.26-Win32-vs16-x64;C:\laragon\bin\composer;
USERNAME=Haqii
OS=Windows_NT
PROCESSOR_IDENTIFIER=AMD64 Family 25 Model 68 Stepping 1, AuthenticAMD
TMP=C:\Users\Haqii\AppData\Local\Temp
TEMP=C:\Users\Haqii\AppData\Local\Temp




Periodic native trim disabled

---------------  S Y S T E M  ---------------

OS:
 Windows 11 , 64 bit Build 26100 (10.0.26100.7019)
OS uptime: 0 days 3:38 hours

CPU: total 16 (initial active 16) (16 cores per cpu, 2 threads per core) family 25 model 68 stepping 1 microcode 0xa404102, cx8, cmov, fxsr, ht, mmx, 3dnowpref, sse, sse2, sse3, ssse3, sse4a, sse4.1, sse4.2, popcnt, lzcnt, tsc, tscinvbit, avx, avx2, aes, erms, clmul, bmi1, bmi2, adx, sha, fma, vzeroupper, clflush, clflushopt, rdtscp, rdpid, fsrm, f16c, pku, cet_ss
Processor Information for the first 16 processors :
  Max Mhz: 3201, Current Mhz: 3201, Mhz Limit: 3201

Memory: 4k page, system-wide physical 14077M (1124M free)
TotalPageFile size 27389M (AvailPageFile size 44M)
current process WorkingSet (physical memory assigned to process): 356M, peak: 358M
current process commit charge ("private bytes"): 434M, peak: 434M

vm_info: Java HotSpot(TM) 64-Bit Server VM (23.0.1+11-39) for windows-amd64 JRE (23.0.1+11-39), built on 2024-09-30T07:20:43Z with MS VC++ 17.6 (VS2022)

END.
