#
# There is insufficient memory for the Java Runtime Environment to continue.
# Native memory allocation (malloc) failed to allocate 1147360 bytes. Error detail: Chunk::new
# Possible reasons:
#   The system is out of physical RAM or swap space
#   This process is running with CompressedOops enabled, and the Java Heap may be blocking the growth of the native heap
# Possible solutions:
#   Reduce memory load on the system
#   Increase physical memory or swap space
#   Check if swap backing store is full
#   Decrease Java heap size (-Xmx/-Xms)
#   Decrease number of Java threads
#   Decrease Java thread stack sizes (-Xss)
#   Set larger code cache with -XX:ReservedCodeCacheSize=
#   JVM is running with Zero Based Compressed Oops mode in which the Java heap is
#     placed in the first 32GB address space. The Java Heap base address is the
#     maximum limit for the native heap growth. Please use -XX:HeapBaseMinAddress
#     to set the Java Heap base and to place the Java Heap above 32GB virtual address.
# This output file may be truncated or incomplete.
#
#  Out of Memory Error (arena.cpp:149), pid=3960, tid=24076
#
# JRE version: Java(TM) SE Runtime Environment (23.0.1+11) (build 23.0.1+11-39)
# Java VM: Java HotSpot(TM) 64-Bit Server VM (23.0.1+11-39, mixed mode, sharing, tiered, compressed oops, compressed class ptrs, g1 gc, windows-amd64)
# No core dump will be written. Minidumps are not enabled by default on client versions of Windows
#

---------------  S U M M A R Y ------------

Command Line: -DkotlinLanguageServer.version=1.3.13 org.javacs.kt.MainKt

Host: AMD Ryzen 7 7735HS with Radeon Graphics        , 16 cores, 15G,  Windows 11 , 64 bit Build 26100 (10.0.26100.6725)
Time: Wed Oct 15 08:40:16 2025 SE Asia Standard Time elapsed time: 10.883625 seconds (0d 0h 0m 10s)

---------------  T H R E A D  ---------------

Current thread (0x0000024075204b90):  JavaThread "C2 CompilerThread2" daemon [_thread_in_native, id=24076, stack(0x000000e12de00000,0x000000e12df00000) (1024K)]


Current CompileTask:
C2:10883 6808   !   4       org.jetbrains.kotlin.metadata.ProtoBuf$Type::<init> (875 bytes)

Stack: [0x000000e12de00000,0x000000e12df00000]
Native frames: (J=compiled Java code, j=interpreted, Vv=VM code, C=native code)
V  [jvm.dll+0x6e08b9]  (no source info available)
V  [jvm.dll+0x87dc83]  (no source info available)
V  [jvm.dll+0x88010e]  (no source info available)
V  [jvm.dll+0x8807e3]  (no source info available)
V  [jvm.dll+0x27aee6]  (no source info available)
V  [jvm.dll+0xbc06f]  (no source info available)
V  [jvm.dll+0xbc2cb]  (no source info available)
V  [jvm.dll+0x3b3a9c]  (no source info available)
V  [jvm.dll+0x38a42b]  (no source info available)
V  [jvm.dll+0x38989a]  (no source info available)
V  [jvm.dll+0x244aa1]  (no source info available)
V  [jvm.dll+0x243dff]  (no source info available)
V  [jvm.dll+0x1c33a0]  (no source info available)
V  [jvm.dll+0x253cf1]  (no source info available)
V  [jvm.dll+0x251faa]  (no source info available)
V  [jvm.dll+0x3ee036]  (no source info available)
V  [jvm.dll+0x824f8b]  (no source info available)
V  [jvm.dll+0x6df065]  (no source info available)
C  [ucrtbase.dll+0x37b0]  (no source info available)
C  [KERNEL32.DLL+0x2e8d7]  (no source info available)
C  [ntdll.dll+0x8c53c]  (no source info available)

Lock stack of current Java thread (top to bottom):


---------------  P R O C E S S  ---------------

Threads class SMR info:
_java_thread_list=0x000002407f55cf10, length=21, elements={
0x000002402f3c5a00, 0x000002402f3cb190, 0x000002402f3cc910, 0x000002402f3cd5d0,
0x000002402f3ce160, 0x000002402f3d0bd0, 0x000002402f3d1960, 0x000002402f3d4330,
0x000002402f5351c0, 0x000002402f536270, 0x0000024000b1d520, 0x00000240767b3270,
0x00000240767b4620, 0x00000240013ed430, 0x00000240013ecd60, 0x00000240013ee1d0,
0x00000240767b4cb0, 0x00000240013efd10, 0x00000240767b2be0, 0x0000024075204b90,
0x00000240767b3f90
}

Java Threads: ( => current thread )
  0x000002402f3c5a00 JavaThread "Reference Handler"          daemon [_thread_blocked, id=23104, stack(0x000000e12bf00000,0x000000e12c000000) (1024K)]
  0x000002402f3cb190 JavaThread "Finalizer"                  daemon [_thread_blocked, id=21028, stack(0x000000e12c000000,0x000000e12c100000) (1024K)]
  0x000002402f3cc910 JavaThread "Signal Dispatcher"          daemon [_thread_blocked, id=24952, stack(0x000000e12c100000,0x000000e12c200000) (1024K)]
  0x000002402f3cd5d0 JavaThread "Attach Listener"            daemon [_thread_blocked, id=12236, stack(0x000000e12c200000,0x000000e12c300000) (1024K)]
  0x000002402f3ce160 JavaThread "Service Thread"             daemon [_thread_blocked, id=15664, stack(0x000000e12c300000,0x000000e12c400000) (1024K)]
  0x000002402f3d0bd0 JavaThread "Monitor Deflation Thread"   daemon [_thread_blocked, id=16160, stack(0x000000e12c400000,0x000000e12c500000) (1024K)]
  0x000002402f3d1960 JavaThread "C2 CompilerThread0"         daemon [_thread_in_native, id=8516, stack(0x000000e12c500000,0x000000e12c600000) (1024K)]
  0x000002402f3d4330 JavaThread "C1 CompilerThread0"         daemon [_thread_blocked, id=25284, stack(0x000000e12c600000,0x000000e12c700000) (1024K)]
  0x000002402f5351c0 JavaThread "Notification Thread"        daemon [_thread_blocked, id=16060, stack(0x000000e12c800000,0x000000e12c900000) (1024K)]
  0x000002402f536270 JavaThread "Common-Cleaner"             daemon [_thread_blocked, id=21588, stack(0x000000e12c900000,0x000000e12ca00000) (1024K)]
  0x0000024000b1d520 JavaThread "client"                            [_thread_in_native, id=24332, stack(0x000000e12dc00000,0x000000e12dd00000) (1024K)]
  0x00000240767b3270 JavaThread "DestroyJavaVM"                     [_thread_blocked, id=21996, stack(0x000000e12b700000,0x000000e12b800000) (1024K)]
  0x00000240767b4620 JavaThread "async0"                            [_thread_blocked, id=14848, stack(0x000000e12dd00000,0x000000e12de00000) (1024K)]
  0x00000240013ed430 JavaThread "C1 CompilerThread1"         daemon [_thread_blocked, id=25480, stack(0x000000e12c700000,0x000000e12c800000) (1024K)]
  0x00000240013ecd60 JavaThread "C1 CompilerThread2"         daemon [_thread_blocked, id=1808, stack(0x000000e12ca00000,0x000000e12cb00000) (1024K)]
  0x00000240013ee1d0 JavaThread "C1 CompilerThread3"         daemon [_thread_blocked, id=12432, stack(0x000000e12cb00000,0x000000e12cc00000) (1024K)]
  0x00000240767b4cb0 JavaThread "async1"                            [_thread_blocked, id=15600, stack(0x000000e12cc00000,0x000000e12cd00000) (1024K)]
  0x00000240013efd10 JavaThread "C2 CompilerThread1"         daemon [_thread_in_native, id=15960, stack(0x000000e12db00000,0x000000e12dc00000) (1024K)]
  0x00000240767b2be0 JavaThread "debounce0"                         [_thread_in_vm, id=18424, stack(0x000000e12e000000,0x000000e12e100000) (1024K)]
=>0x0000024075204b90 JavaThread "C2 CompilerThread2"         daemon [_thread_in_native, id=24076, stack(0x000000e12de00000,0x000000e12df00000) (1024K)]
  0x00000240767b3f90 JavaThread "async2"                            [_thread_blocked, id=19728, stack(0x000000e12df00000,0x000000e12e000000) (1024K)]
Total: 21

Other Threads:
  0x000002402f3ae8a0 VMThread "VM Thread"                           [id=1016, stack(0x000000e12be00000,0x000000e12bf00000) (1024K)]
  0x000002402f39a580 WatcherThread "VM Periodic Task Thread"        [id=20820, stack(0x000000e12bd00000,0x000000e12be00000) (1024K)]
  0x000002400f89e3d0 WorkerThread "GC Thread#0"                     [id=8616, stack(0x000000e12b800000,0x000000e12b900000) (1024K)]
  0x0000024075778c40 WorkerThread "GC Thread#1"                     [id=3480, stack(0x000000e12ce00000,0x000000e12cf00000) (1024K)]
  0x00000240757b5a10 WorkerThread "GC Thread#2"                     [id=2124, stack(0x000000e12cf00000,0x000000e12d000000) (1024K)]
  0x00000240757b5dc0 WorkerThread "GC Thread#3"                     [id=23396, stack(0x000000e12d000000,0x000000e12d100000) (1024K)]
  0x00000240757b6170 WorkerThread "GC Thread#4"                     [id=22712, stack(0x000000e12d100000,0x000000e12d200000) (1024K)]
  0x00000240758cb950 WorkerThread "GC Thread#5"                     [id=22432, stack(0x000000e12d200000,0x000000e12d300000) (1024K)]
  0x00000240758cbd00 WorkerThread "GC Thread#6"                     [id=8080, stack(0x000000e12d300000,0x000000e12d400000) (1024K)]
  0x00000240758cc460 WorkerThread "GC Thread#7"                     [id=14380, stack(0x000000e12d400000,0x000000e12d500000) (1024K)]
  0x00000240758cc0b0 WorkerThread "GC Thread#8"                     [id=3016, stack(0x000000e12cd00000,0x000000e12ce00000) (1024K)]
  0x0000024075ed86a0 WorkerThread "GC Thread#9"                     [id=9800, stack(0x000000e12d500000,0x000000e12d600000) (1024K)]
  0x0000024075eda070 WorkerThread "GC Thread#10"                    [id=1588, stack(0x000000e12d600000,0x000000e12d700000) (1024K)]
  0x0000024075eda420 WorkerThread "GC Thread#11"                    [id=1952, stack(0x000000e12d700000,0x000000e12d800000) (1024K)]
  0x0000024075ed8e00 WorkerThread "GC Thread#12"                    [id=25204, stack(0x000000e12d800000,0x000000e12d900000) (1024K)]
  0x000002400f8b2520 ConcurrentGCThread "G1 Main Marker"            [id=16676, stack(0x000000e12b900000,0x000000e12ba00000) (1024K)]
  0x000002400f8b30d0 WorkerThread "G1 Conc#0"                       [id=22212, stack(0x000000e12ba00000,0x000000e12bb00000) (1024K)]
  0x0000024075ed9910 WorkerThread "G1 Conc#1"                       [id=18084, stack(0x000000e12d900000,0x000000e12da00000) (1024K)]
  0x0000024075ed8a50 WorkerThread "G1 Conc#2"                       [id=21024, stack(0x000000e12da00000,0x000000e12db00000) (1024K)]
  0x000002402f2691a0 ConcurrentGCThread "G1 Refine#0"               [id=21932, stack(0x000000e12bb00000,0x000000e12bc00000) (1024K)]
  0x000002402f269ac0 ConcurrentGCThread "G1 Service"                [id=21340, stack(0x000000e12bc00000,0x000000e12bd00000) (1024K)]
Total: 21

Threads with active compile tasks:
C2 CompilerThread0  10998 6883   !   4       org.jetbrains.kotlin.metadata.ProtoBuf$Function::<init> (1410 bytes)
C2 CompilerThread1  10998 6661       4       org.jetbrains.kotlin.parsing.AbstractKotlinParsing::atSet (113 bytes)
C2 CompilerThread2  10998 6808   !   4       org.jetbrains.kotlin.metadata.ProtoBuf$Type::<init> (875 bytes)
Total: 3

VM state: not at safepoint (normal execution)

VM Mutex/Monitor currently owned by a thread: None

Heap address: 0x000000070c000000, size: 3904 MB, Compressed Oops mode: Zero based, Oop shift amount: 3

CDS archive(s) mapped at: [0x0000024030000000-0x0000024030d70000-0x0000024030d70000), size 14090240, SharedBaseAddress: 0x0000024030000000, ArchiveRelocationMode: 1.
Compressed class space mapped at: 0x0000024031000000-0x0000024071000000, reserved size: 1073741824
Narrow klass base: 0x0000024030000000, Narrow klass shift: 0, Narrow klass range: 0x41000000

GC Precious Log:
 CardTable entry size: 512
 Card Set container configuration: InlinePtr #cards 4 size 8 Array Of Cards #cards 16 size 48 Howl #buckets 8 coarsen threshold 3686 Howl Bitmap #cards 512 size 80 coarsen threshold 460 Card regions per heap region 1 cards per card region 4096
 CPUs: 16 total, 16 available
 Memory: 15613M
 Large Page Support: Disabled
 NUMA Support: Disabled
 Compressed Oops: Enabled (Zero based)
 Heap Region Size: 2M
 Heap Min Capacity: 8M
 Heap Initial Capacity: 244M
 Heap Max Capacity: 3904M
 Pre-touch: Disabled
 Parallel Workers: 13
 Concurrent Workers: 3
 Concurrent Refinement Workers: 13
 Periodic GC: Disabled

Heap:
 garbage-first heap   total reserved 3997696K, committed 71680K, used 56551K [0x000000070c000000, 0x0000000800000000)
  region size 2048K, 8 young (16384K), 1 survivors (2048K)
 Metaspace       used 56973K, committed 57920K, reserved 1114112K
  class space    used 7001K, committed 7424K, reserved 1048576K

Heap Regions: E=young(eden), S=young(survivor), O=old, HS=humongous(starts), HC=humongous(continues), CS=collection set, F=free, TAMS=top-at-mark-start, PB=parsable bottom
|   0|0x000000070c000000, 0x000000070c200000, 0x000000070c200000|100%|HS|  |TAMS 0x000000070c000000| PB 0x000000070c000000| Complete |  0
|   1|0x000000070c200000, 0x000000070c400000, 0x000000070c400000|100%|HC|  |TAMS 0x000000070c200000| PB 0x000000070c200000| Complete |  0
|   2|0x000000070c400000, 0x000000070c600000, 0x000000070c600000|100%| O|  |TAMS 0x000000070c400000| PB 0x000000070c400000| Untracked |  0
|   3|0x000000070c600000, 0x000000070c800000, 0x000000070c800000|100%| O|  |TAMS 0x000000070c600000| PB 0x000000070c600000| Untracked |  0
|   4|0x000000070c800000, 0x000000070ca00000, 0x000000070ca00000|100%| O|  |TAMS 0x000000070c800000| PB 0x000000070c800000| Untracked |  0
|   5|0x000000070ca00000, 0x000000070cc00000, 0x000000070cc00000|100%| O|  |TAMS 0x000000070ca00000| PB 0x000000070ca00000| Untracked |  0
|   6|0x000000070cc00000, 0x000000070ce00000, 0x000000070ce00000|100%| O|  |TAMS 0x000000070cc00000| PB 0x000000070cc00000| Untracked |  0
|   7|0x000000070ce00000, 0x000000070d000000, 0x000000070d000000|100%| O|  |TAMS 0x000000070ce00000| PB 0x000000070ce00000| Untracked |  0
|   8|0x000000070d000000, 0x000000070d200000, 0x000000070d200000|100%| O|  |TAMS 0x000000070d000000| PB 0x000000070d000000| Untracked |  0
|   9|0x000000070d200000, 0x000000070d400000, 0x000000070d400000|100%| O|  |TAMS 0x000000070d200000| PB 0x000000070d200000| Untracked |  0
|  10|0x000000070d400000, 0x000000070d600000, 0x000000070d600000|100%| O|  |TAMS 0x000000070d400000| PB 0x000000070d400000| Untracked |  0
|  11|0x000000070d600000, 0x000000070d600000, 0x000000070d800000|  0%| F|  |TAMS 0x000000070d600000| PB 0x000000070d600000| Untracked |  0
|  12|0x000000070d800000, 0x000000070da00000, 0x000000070da00000|100%| O|  |TAMS 0x000000070d800000| PB 0x000000070d800000| Untracked |  0
|  13|0x000000070da00000, 0x000000070dc00000, 0x000000070dc00000|100%| O|  |TAMS 0x000000070da00000| PB 0x000000070da00000| Untracked |  0
|  14|0x000000070dc00000, 0x000000070de00000, 0x000000070de00000|100%| O|  |TAMS 0x000000070dc00000| PB 0x000000070dc00000| Untracked |  0
|  15|0x000000070de00000, 0x000000070e000000, 0x000000070e000000|100%| O|  |TAMS 0x000000070de00000| PB 0x000000070de00000| Untracked |  0
|  16|0x000000070e000000, 0x000000070e200000, 0x000000070e200000|100%| O|  |TAMS 0x000000070e000000| PB 0x000000070e000000| Untracked |  0
|  17|0x000000070e200000, 0x000000070e400000, 0x000000070e400000|100%| O|  |TAMS 0x000000070e200000| PB 0x000000070e200000| Untracked |  0
|  18|0x000000070e400000, 0x000000070e600000, 0x000000070e600000|100%| O|  |TAMS 0x000000070e400000| PB 0x000000070e400000| Untracked |  0
|  19|0x000000070e600000, 0x000000070e654ba0, 0x000000070e800000| 16%| O|  |TAMS 0x000000070e600000| PB 0x000000070e600000| Untracked |  0
|  20|0x000000070e800000, 0x000000070e800000, 0x000000070ea00000|  0%| F|  |TAMS 0x000000070e800000| PB 0x000000070e800000| Untracked |  0
|  21|0x000000070ea00000, 0x000000070eae5268, 0x000000070ec00000| 44%| S|CS|TAMS 0x000000070ea00000| PB 0x000000070ea00000| Complete |  0
|  22|0x000000070ec00000, 0x000000070ec00000, 0x000000070ee00000|  0%| F|  |TAMS 0x000000070ec00000| PB 0x000000070ec00000| Untracked |  0
|  23|0x000000070ee00000, 0x000000070ee00000, 0x000000070f000000|  0%| F|  |TAMS 0x000000070ee00000| PB 0x000000070ee00000| Untracked |  0
|  24|0x000000070f000000, 0x000000070f000000, 0x000000070f200000|  0%| F|  |TAMS 0x000000070f000000| PB 0x000000070f000000| Untracked |  0
|  25|0x000000070f200000, 0x000000070f2aef20, 0x000000070f400000| 34%| E|  |TAMS 0x000000070f200000| PB 0x000000070f200000| Complete |  1
|  26|0x000000070f400000, 0x000000070f600000, 0x000000070f600000|100%| E|CS|TAMS 0x000000070f400000| PB 0x000000070f400000| Complete |  0
|  27|0x000000070f600000, 0x000000070f800000, 0x000000070f800000|100%| E|CS|TAMS 0x000000070f600000| PB 0x000000070f600000| Complete |  0
|  28|0x000000070f800000, 0x000000070fa00000, 0x000000070fa00000|100%| E|CS|TAMS 0x000000070f800000| PB 0x000000070f800000| Complete |  0
| 106|0x0000000719400000, 0x0000000719600000, 0x0000000719600000|100%| E|CS|TAMS 0x0000000719400000| PB 0x0000000719400000| Complete |  0
| 107|0x0000000719600000, 0x0000000719800000, 0x0000000719800000|100%| E|CS|TAMS 0x0000000719600000| PB 0x0000000719600000| Complete |  0
| 121|0x000000071b200000, 0x000000071b400000, 0x000000071b400000|100%| E|CS|TAMS 0x000000071b200000| PB 0x000000071b200000| Complete |  0
|1949|0x00000007ffa00000, 0x00000007ffc00000, 0x00000007ffc00000|100%| O|  |TAMS 0x00000007ffa00000| PB 0x00000007ffa00000| Untracked |  0
|1950|0x00000007ffc00000, 0x00000007ffe00000, 0x00000007ffe00000|100%| O|  |TAMS 0x00000007ffc00000| PB 0x00000007ffc00000| Untracked |  0
|1951|0x00000007ffe00000, 0x0000000800000000, 0x0000000800000000|100%| O|  |TAMS 0x00000007ffe00000| PB 0x00000007ffe00000| Untracked |  0

Card table byte_map: [0x0000024027f80000,0x0000024028720000] _byte_map_base: 0x0000024024720000

Marking Bits: (CMBitMap*) 0x000002400f89eae0
 Bits: [0x0000024028720000, 0x000002402c420000)

Polling page: 0x000002400d650000

Metaspace:

Usage:
  Non-class:     48.81 MB used.
      Class:      6.84 MB used.
       Both:     55.65 MB used.

Virtual space:
  Non-class space:       64.00 MB reserved,      49.31 MB ( 77%) committed,  1 nodes.
      Class space:        1.00 GB reserved,       7.25 MB ( <1%) committed,  1 nodes.
             Both:        1.06 GB reserved,      56.56 MB (  5%) committed. 

Chunk freelists:
   Non-Class:  14.47 MB
       Class:  8.78 MB
        Both:  23.25 MB

MaxMetaspaceSize: unlimited
CompressedClassSpaceSize: 1.00 GB
Initial GC threshold: 21.00 MB
Current GC threshold: 91.25 MB
CDS: on
 - commit_granule_bytes: 65536.
 - commit_granule_words: 8192.
 - virtual_space_node_default_size: 8388608.
 - enlarge_chunks_in_place: 1.
 - use_allocation_guard: 0.


Internal statistics:

num_allocs_failed_limit: 6.
num_arena_births: 1470.
num_arena_deaths: 0.
num_vsnodes_births: 2.
num_vsnodes_deaths: 0.
num_space_committed: 903.
num_space_uncommitted: 0.
num_chunks_returned_to_freelist: 6.
num_chunks_taken_from_freelist: 3577.
num_chunk_merges: 3.
num_chunk_splits: 2608.
num_chunks_enlarged: 1910.
num_inconsistent_stats: 0.

CodeHeap 'non-profiled nmethods': size=119232Kb used=2771Kb max_used=2771Kb free=116460Kb
 bounds [0x000002401faf0000, 0x000002401fdb0000, 0x0000024026f60000]
CodeHeap 'profiled nmethods': size=119104Kb used=9909Kb max_used=9909Kb free=109194Kb
 bounds [0x0000024017f60000, 0x0000024018910000, 0x000002401f3b0000]
CodeHeap 'non-nmethods': size=7424Kb used=3381Kb max_used=3410Kb free=4042Kb
 bounds [0x000002401f3b0000, 0x000002401f710000, 0x000002401faf0000]
CodeCache: size=245760Kb, used=16061Kb, max_used=16090Kb, free=229696Kb
 total_blobs=6864, nmethods=6121, adapters=644, full_count=0
Compilation: enabled, stopped_count=0, restarted_count=0

Compilation events (20 events):
Event: 9.790 Thread 0x00000240013ed430 nmethod 6890 0x0000024018374188 code [0x0000024018374360, 0x0000024018374c68]
Event: 9.790 Thread 0x00000240013ecd60 nmethod 6891 0x00000240188c5e88 code [0x00000240188c6140, 0x00000240188c7a78]
Event: 9.793 Thread 0x00000240013ee1d0 6894       3       org.jetbrains.kotlin.serialization.deserialization.ClassDeserializer$Companion::getBLACK_LIST (4 bytes)
Event: 9.793 Thread 0x000002402f3d4330 6895       3       org.jetbrains.kotlin.serialization.deserialization.ClassDeserializer::access$getBLACK_LIST$cp (4 bytes)
Event: 9.798 Thread 0x00000240013ee1d0 nmethod 6894 0x0000024018373e88 code [0x0000024018373fa0, 0x0000024018374110]
Event: 9.798 Thread 0x000002402f3d4330 nmethod 6895 0x0000024018373b88 code [0x0000024018373ca0, 0x0000024018373d98]
Event: 9.800 Thread 0x000002402f3d4330 6896       3       org.jetbrains.kotlin.cli.jvm.compiler.TopDownAnalyzerFacadeForJVM$AllJavaSourcesInProjectScope::contains (41 bytes)
Event: 9.800 Thread 0x00000240013ed430 6897       3       it.unimi.dsi.fastutil.objects.Object2ObjectOpenCustomHashMap::get (144 bytes)
Event: 9.800 Thread 0x00000240013ed430 nmethod 6897 0x00000240188c7b08 code [0x00000240188c7cc0, 0x00000240188c8578]
Event: 9.800 Thread 0x00000240013ed430 6898       3       org.jetbrains.org.objectweb.asm.AnnotationVisitor::<init> (7 bytes)
Event: 9.800 Thread 0x00000240013ecd60 6899       3       org.jetbrains.org.objectweb.asm.AnnotationVisitor::<init> (94 bytes)
Event: 9.801 Thread 0x000002402f3d4330 nmethod 6896 0x00000240188c8608 code [0x00000240188c8860, 0x00000240188c9580]
Event: 9.801 Thread 0x00000240013ed430 nmethod 6898 0x0000024018373888 code [0x00000240183739a0, 0x0000024018373ae8]
Event: 9.802 Thread 0x00000240013ecd60 nmethod 6899 0x00000240188c9608 code [0x00000240188c97e0, 0x00000240188ca090]
Event: 9.813 Thread 0x00000240013ee1d0 6900       3       org.jetbrains.kotlin.descriptors.PackageFragmentProviderKt::collectPackageFragmentsOptimizedIfPossible (57 bytes)
Event: 9.814 Thread 0x00000240013ed430 6901       3       org.jetbrains.kotlin.storage.LockBasedStorageManager$LockBasedNotNullLazyValue::<init> (23 bytes)
Event: 9.814 Thread 0x00000240013ed430 nmethod 6901 0x00000240188ca108 code [0x00000240188ca240, 0x00000240188ca458]
Event: 9.814 Thread 0x00000240013ee1d0 nmethod 6900 0x00000240188ca488 code [0x00000240188ca740, 0x00000240188cbad8]
Event: 9.816 Thread 0x00000240013ee1d0 6903       1       java.util.concurrent.locks.ReentrantReadWriteLock::readLock (5 bytes)
Event: 9.817 Thread 0x00000240013ecd60 6904       3       java.util.concurrent.atomic.AtomicInteger::incrementAndGet (14 bytes)

GC Heap History (20 events):
Event: 7.157 GC heap before
{Heap before GC invocations=16 (full 0):
 garbage-first heap   total reserved 3997696K, committed 57344K, used 51723K [0x000000070c000000, 0x0000000800000000)
  region size 2048K, 15 young (30720K), 1 survivors (2048K)
 Metaspace       used 34447K, committed 34944K, reserved 1114112K
  class space    used 3895K, committed 4096K, reserved 1048576K
}
Event: 7.164 GC heap after
{Heap after GC invocations=17 (full 0):
 garbage-first heap   total reserved 3997696K, committed 65536K, used 27293K [0x000000070c000000, 0x0000000800000000)
  region size 2048K, 2 young (4096K), 2 survivors (4096K)
 Metaspace       used 34447K, committed 34944K, reserved 1114112K
  class space    used 3895K, committed 4096K, reserved 1048576K
}
Event: 7.266 GC heap before
{Heap before GC invocations=17 (full 0):
 garbage-first heap   total reserved 3997696K, committed 65536K, used 33437K [0x000000070c000000, 0x0000000800000000)
  region size 2048K, 6 young (12288K), 2 survivors (4096K)
 Metaspace       used 35765K, committed 36160K, reserved 1114112K
  class space    used 4148K, committed 4352K, reserved 1048576K
}
Event: 7.269 GC heap after
{Heap after GC invocations=18 (full 0):
 garbage-first heap   total reserved 3997696K, committed 65536K, used 28639K [0x000000070c000000, 0x0000000800000000)
  region size 2048K, 1 young (2048K), 1 survivors (2048K)
 Metaspace       used 35765K, committed 36160K, reserved 1114112K
  class space    used 4148K, committed 4352K, reserved 1048576K
}
Event: 7.748 GC heap before
{Heap before GC invocations=19 (full 0):
 garbage-first heap   total reserved 3997696K, committed 65536K, used 51167K [0x000000070c000000, 0x0000000800000000)
  region size 2048K, 12 young (24576K), 1 survivors (2048K)
 Metaspace       used 40451K, committed 40896K, reserved 1114112K
  class space    used 4911K, committed 5120K, reserved 1048576K
}
Event: 7.751 GC heap after
{Heap after GC invocations=20 (full 0):
 garbage-first heap   total reserved 3997696K, committed 65536K, used 34369K [0x000000070c000000, 0x0000000800000000)
  region size 2048K, 2 young (4096K), 2 survivors (4096K)
 Metaspace       used 40451K, committed 40896K, reserved 1114112K
  class space    used 4911K, committed 5120K, reserved 1048576K
}
Event: 8.147 GC heap before
{Heap before GC invocations=20 (full 0):
 garbage-first heap   total reserved 3997696K, committed 65536K, used 50753K [0x000000070c000000, 0x0000000800000000)
  region size 2048K, 11 young (22528K), 2 survivors (4096K)
 Metaspace       used 43722K, committed 44160K, reserved 1114112K
  class space    used 5468K, committed 5632K, reserved 1048576K
}
Event: 8.151 GC heap after
{Heap after GC invocations=21 (full 0):
 garbage-first heap   total reserved 3997696K, committed 65536K, used 34465K [0x000000070c000000, 0x0000000800000000)
  region size 2048K, 2 young (4096K), 2 survivors (4096K)
 Metaspace       used 43722K, committed 44160K, reserved 1114112K
  class space    used 5468K, committed 5632K, reserved 1048576K
}
Event: 8.461 GC heap before
{Heap before GC invocations=21 (full 0):
 garbage-first heap   total reserved 3997696K, committed 65536K, used 52897K [0x000000070c000000, 0x0000000800000000)
  region size 2048K, 11 young (22528K), 2 survivors (4096K)
 Metaspace       used 47293K, committed 47744K, reserved 1114112K
  class space    used 5763K, committed 5952K, reserved 1048576K
}
Event: 8.464 GC heap after
{Heap after GC invocations=22 (full 0):
 garbage-first heap   total reserved 3997696K, committed 65536K, used 36772K [0x000000070c000000, 0x0000000800000000)
  region size 2048K, 2 young (4096K), 2 survivors (4096K)
 Metaspace       used 47293K, committed 47744K, reserved 1114112K
  class space    used 5763K, committed 5952K, reserved 1048576K
}
Event: 8.730 GC heap before
{Heap before GC invocations=23 (full 0):
 garbage-first heap   total reserved 3997696K, committed 65536K, used 53156K [0x000000070c000000, 0x0000000800000000)
  region size 2048K, 10 young (20480K), 2 survivors (4096K)
 Metaspace       used 49113K, committed 49984K, reserved 1114112K
  class space    used 6077K, committed 6464K, reserved 1048576K
}
Event: 8.733 GC heap after
{Heap after GC invocations=24 (full 0):
 garbage-first heap   total reserved 3997696K, committed 65536K, used 37841K [0x000000070c000000, 0x0000000800000000)
  region size 2048K, 1 young (2048K), 1 survivors (2048K)
 Metaspace       used 49113K, committed 49984K, reserved 1114112K
  class space    used 6077K, committed 6464K, reserved 1048576K
}
Event: 9.180 GC heap before
{Heap before GC invocations=24 (full 0):
 garbage-first heap   total reserved 3997696K, committed 65536K, used 58321K [0x000000070c000000, 0x0000000800000000)
  region size 2048K, 10 young (20480K), 1 survivors (2048K)
 Metaspace       used 52399K, committed 53312K, reserved 1114112K
  class space    used 6464K, committed 6848K, reserved 1048576K
}
Event: 9.183 GC heap after
{Heap after GC invocations=25 (full 0):
 garbage-first heap   total reserved 3997696K, committed 67584K, used 40004K [0x000000070c000000, 0x0000000800000000)
  region size 2048K, 2 young (4096K), 2 survivors (4096K)
 Metaspace       used 52399K, committed 53312K, reserved 1114112K
  class space    used 6464K, committed 6848K, reserved 1048576K
}
Event: 9.511 GC heap before
{Heap before GC invocations=25 (full 0):
 garbage-first heap   total reserved 3997696K, committed 67584K, used 54340K [0x000000070c000000, 0x0000000800000000)
  region size 2048K, 10 young (20480K), 2 survivors (4096K)
 Metaspace       used 54758K, committed 55680K, reserved 1114112K
  class space    used 6763K, committed 7168K, reserved 1048576K
}
Event: 9.514 GC heap after
{Heap after GC invocations=26 (full 0):
 garbage-first heap   total reserved 3997696K, committed 67584K, used 41828K [0x000000070c000000, 0x0000000800000000)
  region size 2048K, 1 young (2048K), 1 survivors (2048K)
 Metaspace       used 54758K, committed 55680K, reserved 1114112K
  class space    used 6763K, committed 7168K, reserved 1048576K
}
Event: 9.689 GC heap before
{Heap before GC invocations=27 (full 0):
 garbage-first heap   total reserved 3997696K, committed 71680K, used 58212K [0x000000070c000000, 0x0000000800000000)
  region size 2048K, 9 young (18432K), 1 survivors (2048K)
 Metaspace       used 56046K, committed 56960K, reserved 1114112K
  class space    used 6892K, committed 7296K, reserved 1048576K
}
Event: 9.692 GC heap after
{Heap after GC invocations=28 (full 0):
 garbage-first heap   total reserved 3997696K, committed 71680K, used 44888K [0x000000070c000000, 0x0000000800000000)
  region size 2048K, 2 young (4096K), 2 survivors (4096K)
 Metaspace       used 56046K, committed 56960K, reserved 1114112K
  class space    used 6892K, committed 7296K, reserved 1048576K
}
Event: 9.793 GC heap before
{Heap before GC invocations=28 (full 0):
 garbage-first heap   total reserved 3997696K, committed 71680K, used 61272K [0x000000070c000000, 0x0000000800000000)
  region size 2048K, 10 young (20480K), 2 survivors (4096K)
 Metaspace       used 56087K, committed 57024K, reserved 1114112K
  class space    used 6892K, committed 7296K, reserved 1048576K
}
Event: 9.798 GC heap after
{Heap after GC invocations=29 (full 0):
 garbage-first heap   total reserved 3997696K, committed 71680K, used 44263K [0x000000070c000000, 0x0000000800000000)
  region size 2048K, 1 young (2048K), 1 survivors (2048K)
 Metaspace       used 56087K, committed 57024K, reserved 1114112K
  class space    used 6892K, committed 7296K, reserved 1048576K
}

Dll operation events (8 events):
Event: 0.027 Loaded shared library C:\Program Files\Java\jdk-23\bin\java.dll
Event: 0.082 Loaded shared library C:\Program Files\Java\jdk-23\bin\jsvml.dll
Event: 0.174 Loaded shared library C:\Program Files\Java\jdk-23\bin\net.dll
Event: 0.177 Loaded shared library C:\Program Files\Java\jdk-23\bin\nio.dll
Event: 0.186 Loaded shared library C:\Program Files\Java\jdk-23\bin\zip.dll
Event: 0.397 Loaded shared library C:\Program Files\Java\jdk-23\bin\jimage.dll
Event: 1.578 Loaded shared library C:\Program Files\Java\jdk-23\bin\verify.dll
Event: 3.193 Loaded shared library C:\Users\Haqii\AppData\Local\Temp\sqlite-3.41.2.1-8a31c658-1408-46da-8866-87b346c5a0c5-sqlitejdbc.dll

Deoptimization events (20 events):
Event: 9.618 Thread 0x00000240767b3f90 Uncommon trap: trap_request=0xffffff45 fr.pc=0x000002401fb4ff2c relative=0x000000000000054c
Event: 9.618 Thread 0x00000240767b3f90 Uncommon trap: reason=unstable_if action=reinterpret pc=0x000002401fb4ff2c method=com.intellij.psi.impl.source.CharTableImpl$StringHashToCharSequencesMap.charSequenceSubSequenceEquals(Ljava/lang/CharSequence;Ljava/lang/CharSequence;II)Z @ 77 c2
Event: 9.618 Thread 0x00000240767b3f90 DEOPT PACKING pc=0x000002401fb4ff2c sp=0x000000e12dffaf70
Event: 9.618 Thread 0x00000240767b3f90 DEOPT UNPACKING pc=0x000002401f404402 sp=0x000000e12dffadd0 mode 2
Event: 9.626 Thread 0x00000240767b3f90 Uncommon trap: trap_request=0xffffff45 fr.pc=0x000002401fb32078 relative=0x0000000000000598
Event: 9.626 Thread 0x00000240767b3f90 Uncommon trap: reason=unstable_if action=reinterpret pc=0x000002401fb32078 method=com.intellij.psi.impl.source.CharTableImpl$StringHashToCharSequencesMap.charSequenceSubSequenceEquals(Ljava/lang/CharSequence;Ljava/lang/CharSequence;II)Z @ 77 c2
Event: 9.626 Thread 0x00000240767b3f90 DEOPT PACKING pc=0x000002401fb32078 sp=0x000000e12dffa960
Event: 9.626 Thread 0x00000240767b3f90 DEOPT UNPACKING pc=0x000002401f404402 sp=0x000000e12dffa840 mode 2
Event: 9.643 Thread 0x00000240767b3f90 Uncommon trap: trap_request=0xffffff45 fr.pc=0x000002401fd55b68 relative=0x0000000000000248
Event: 9.643 Thread 0x00000240767b3f90 Uncommon trap: reason=unstable_if action=reinterpret pc=0x000002401fd55b68 method=org.jetbrains.kotlin.parsing.AbstractKotlinParsing.tokenMatches(Lcom/intellij/psi/tree/IElementType;Lcom/intellij/psi/tree/IElementType;)Z @ 11 c2
Event: 9.643 Thread 0x00000240767b3f90 DEOPT PACKING pc=0x000002401fd55b68 sp=0x000000e12dffd240
Event: 9.643 Thread 0x00000240767b3f90 DEOPT UNPACKING pc=0x000002401f404402 sp=0x000000e12dffd0f8 mode 2
Event: 9.655 Thread 0x00000240767b3f90 Uncommon trap: trap_request=0xffffff45 fr.pc=0x000002401fd3aff4 relative=0x0000000000000074
Event: 9.655 Thread 0x00000240767b3f90 Uncommon trap: reason=unstable_if action=reinterpret pc=0x000002401fd3aff4 method=org.jetbrains.kotlin.parsing.AbstractKotlinParsing.tokenMatches(Lcom/intellij/psi/tree/IElementType;Lcom/intellij/psi/tree/IElementType;)Z @ 11 c2
Event: 9.655 Thread 0x00000240767b3f90 DEOPT PACKING pc=0x000002401fd3aff4 sp=0x000000e12dffd170
Event: 9.655 Thread 0x00000240767b3f90 DEOPT UNPACKING pc=0x000002401f404402 sp=0x000000e12dffd0f0 mode 2
Event: 9.790 Thread 0x00000240767b2be0 DEOPT PACKING pc=0x0000024018366fd7 sp=0x000000e12e0fc380
Event: 9.790 Thread 0x00000240767b2be0 DEOPT UNPACKING pc=0x000002401f404b22 sp=0x000000e12e0fb858 mode 0
Event: 9.807 Thread 0x00000240767b2be0 DEOPT PACKING pc=0x0000024018366fd7 sp=0x000000e12e0fc380
Event: 9.807 Thread 0x00000240767b2be0 DEOPT UNPACKING pc=0x000002401f404b22 sp=0x000000e12e0fb858 mode 0

Classes loaded (20 events):
Event: 8.725 Loading class java/lang/invoke/BoundMethodHandle$Species_LLLLLLLLLLLLLLLLLLLLLLLL
Event: 8.725 Loading class java/lang/invoke/BoundMethodHandle$Species_LLLLLLLLLLLLLLLLLLLLLLLL done
Event: 8.727 Loading class java/lang/invoke/BoundMethodHandle$Species_LLLLLLLLLLLLLLLLLLLLLLLLL
Event: 8.727 Loading class java/lang/invoke/BoundMethodHandle$Species_LLLLLLLLLLLLLLLLLLLLLLLLL done
Event: 8.840 Loading class java/util/PrimitiveIterator$OfInt
Event: 8.840 Loading class java/util/PrimitiveIterator
Event: 8.840 Loading class java/util/PrimitiveIterator done
Event: 8.840 Loading class java/util/PrimitiveIterator$OfInt done
Event: 8.910 Loading class java/util/function/IntUnaryOperator
Event: 8.910 Loading class java/util/function/IntUnaryOperator done
Event: 9.205 Loading class java/io/FileFilter
Event: 9.205 Loading class java/io/FileFilter done
Event: 9.229 Loading class java/beans/PropertyChangeSupport
Event: 9.229 Loading class java/beans/PropertyChangeSupport done
Event: 9.230 Loading class java/beans/PropertyChangeSupport$PropertyChangeListenerMap
Event: 9.230 Loading class java/beans/ChangeListenerMap
Event: 9.230 Loading class java/beans/ChangeListenerMap done
Event: 9.230 Loading class java/beans/PropertyChangeSupport$PropertyChangeListenerMap done
Event: 9.230 Loading class java/beans/PropertyChangeListener
Event: 9.230 Loading class java/beans/PropertyChangeListener done

Classes unloaded (0 events):
No events

Classes redefined (0 events):
No events

Internal exceptions (20 events):
Event: 8.713 Thread 0x00000240767b2be0 Exception <a 'java/lang/NoSuchMethodError'{0x000000070ea413e8}: 'java.lang.Object java.lang.invoke.DirectMethodHandle$Holder.invokeSpecial(java.lang.Object, java.lang.Object, java.lang.Object, java.lang.Object, java.lang.Object, java.lang.Object, java.lang.Object, java.lang.Object, java.lang.Object, java.lang.Object, java.lang.Object, java.lang.Object, java.lang.Object, java.lang.Object, java.lang.Object, java.lang.Object, java.lang.Object, java.lang.Object, java.lang.Object)'> (0x000000070ea413e8) 
thrown
Event: 8.713 Thread 0x00000240767b2be0 Exception <a 'java/lang/NoSuchMethodError'{0x000000070ea45da8}: 'java.lang.Object java.lang.invoke.DelegatingMethodHandle$Holder.reinvoke_L(java.lang.Object, java.lang.Object, java.lang.Object, java.lang.Object, java.lang.Object, java.lang.Object, java.lang.Object, java.lang.Object, java.lang.Object, java.lang.Object, java.lang.Object, java.lang.Object, java.lang.Object, java.lang.Object, java.lang.Object, java.lang.Object, java.lang.Object, java.lang.Object)'> (0x000000070ea45da8) 
thrown [s\open\src\hots
Event: 8.720 Thread 0x00000240767b2be0 Exception <a 'java/lang/NoSuchMethodError'{0x000000070eacb670}: 'java.lang.Object java.lang.invoke.DirectMethodHandle$Holder.newInvokeSpecial(java.lang.Object, java.lang.Object, java.lang.Object, java.lang.Object, java.lang.Object, java.lang.Object, java.lang.Object, java.lang.Object, java.lang.Object, java.lang.Object, java.lang.Object, java.lang.Object, java.lang.Object, java.lang.Object, java.lang.Object, java.lang.Object, java.lang.Object, java.lang.Object, java.lang.Object, java.lang.Object, java.lang
Event: 8.721 Thread 0x00000240767b2be0 Exception <a 'java/lang/NoSuchMethodError'{0x000000070ead21f0}: 'java.lang.Object java.lang.invoke.DirectMethodHandle$Holder.invokeSpecial(java.lang.Object, java.lang.Object, java.lang.Object, java.lang.Object, java.lang.Object, java.lang.Object, java.lang.Object, java.lang.Object, java.lang.Object, java.lang.Object, java.lang.Object, java.lang.Object, java.lang.Object, java.lang.Object, java.lang.Object, java.lang.Object, java.lang.Object, java.lang.Object, java.lang.Object, java.lang.Object, java.lang.Ob
Event: 8.721 Thread 0x00000240767b2be0 Exception <a 'java/lang/NoSuchMethodError'{0x000000070ead7960}: 'java.lang.Object java.lang.invoke.DelegatingMethodHandle$Holder.reinvoke_L(java.lang.Object, java.lang.Object, java.lang.Object, java.lang.Object, java.lang.Object, java.lang.Object, java.lang.Object, java.lang.Object, java.lang.Object, java.lang.Object, java.lang.Object, java.lang.Object, java.lang.Object, java.lang.Object, java.lang.Object, java.lang.Object, java.lang.Object, java.lang.Object, java.lang.Object, java.lang.Object, java.lang.O
Event: 8.727 Thread 0x00000240767b2be0 Exception <a 'java/lang/NoSuchMethodError'{0x000000070eba3738}: 'java.lang.Object java.lang.invoke.DirectMethodHandle$Holder.invokeStatic(java.lang.Object, java.lang.Object, java.lang.Object, java.lang.Object, java.lang.Object, java.lang.Object, java.lang.Object, java.lang.Object, java.lang.Object, java.lang.Object, java.lang.Object, java.lang.Object, java.lang.Object, java.lang.Object, java.lang.Object, java.lang.Object, java.lang.Object, java.lang.Object, java.lang.Object, java.lang.Object, java.lang.Obj
Event: 8.728 Thread 0x00000240767b2be0 Exception <a 'java/lang/NoSuchMethodError'{0x000000070ebd5a50}: 'java.lang.Object java.lang.invoke.DirectMethodHandle$Holder.invokeStatic(java.lang.Object, java.lang.Object, java.lang.Object, java.lang.Object, java.lang.Object, java.lang.Object, java.lang.Object, java.lang.Object, java.lang.Object, java.lang.Object, java.lang.Object, java.lang.Object, java.lang.Object, java.lang.Object, java.lang.Object, java.lang.Object, java.lang.Object, java.lang.Object, java.lang.Object, java.lang.Object, java.lang.Obj
Event: 8.741 Thread 0x00000240767b2be0 Exception <a 'java/lang/NoSuchMethodError'{0x000000071b255780}: 'java.lang.Object java.lang.invoke.DirectMethodHandle$Holder.newInvokeSpecial(java.lang.Object, java.lang.Object, java.lang.Object, java.lang.Object, java.lang.Object, java.lang.Object, java.lang.Object, java.lang.Object, java.lang.Object, java.lang.Object, java.lang.Object, java.lang.Object, java.lang.Object)'> (0x000000071b255780) 
thrown [s\open\src\hotspot\share\interpreter\linkResolver.cpp, line 796]
Event: 8.741 Thread 0x00000240767b2be0 Exception <a 'java/lang/NoSuchMethodError'{0x000000071b25a708}: 'java.lang.Object java.lang.invoke.DirectMethodHandle$Holder.invokeSpecial(java.lang.Object, java.lang.Object, java.lang.Object, java.lang.Object, java.lang.Object, java.lang.Object, java.lang.Object, java.lang.Object, java.lang.Object, java.lang.Object, java.lang.Object, java.lang.Object, java.lang.Object, java.lang.Object)'> (0x000000071b25a708) 
thrown [s\open\src\hotspot\share\interpreter\linkResolver.cpp, line 796]
Event: 8.741 Thread 0x00000240767b2be0 Exception <a 'java/lang/NoSuchMethodError'{0x000000071b25e9a0}: 'java.lang.Object java.lang.invoke.DelegatingMethodHandle$Holder.reinvoke_L(java.lang.Object, java.lang.Object, java.lang.Object, java.lang.Object, java.lang.Object, java.lang.Object, java.lang.Object, java.lang.Object, java.lang.Object, java.lang.Object, java.lang.Object, java.lang.Object, java.lang.Object)'> (0x000000071b25e9a0) 
thrown [s\open\src\hotspot\share\interpreter\linkResolver.cpp, line 796]
Event: 8.876 Thread 0x00000240767b2be0 Exception <a 'java/lang/NoSuchMethodError'{0x000000070f363288}: 'java.lang.Object java.lang.invoke.Invokers$Holder.invokeExact_MT(java.lang.Object, java.lang.Object, long, java.lang.Object)'> (0x000000070f363288) 
thrown [s\open\src\hotspot\share\interpreter\linkResolver.cpp, line 796]
Event: 9.065 Thread 0x00000240767b2be0 Implicit null exception at 0x000002401fd3f1aa to 0x000002401fd3f35e
Event: 9.198 Thread 0x00000240767b2be0 Implicit null exception at 0x000002401fc86a71 to 0x000002401fc86ffc
Event: 9.442 Thread 0x00000240767b2be0 Exception <a 'java/lang/NoSuchMethodError'{0x000000070edf5c78}: 'java.lang.Object java.lang.invoke.DirectMethodHandle$Holder.newInvokeSpecial(java.lang.Object, java.lang.Object, java.lang.Object, java.lang.Object, int)'> (0x000000070edf5c78) 
thrown [s\open\src\hotspot\share\interpreter\linkResolver.cpp, line 796]
Event: 9.442 Thread 0x00000240767b2be0 Exception <a 'java/lang/NoSuchMethodError'{0x000000070edf9d88}: 'java.lang.Object java.lang.invoke.DirectMethodHandle$Holder.invokeSpecial(java.lang.Object, java.lang.Object, java.lang.Object, java.lang.Object, java.lang.Object, int)'> (0x000000070edf9d88) 
thrown [s\open\src\hotspot\share\interpreter\linkResolver.cpp, line 796]
Event: 9.442 Thread 0x00000240767b2be0 Exception <a 'java/lang/NoSuchMethodError'{0x000000070edfd810}: 'java.lang.Object java.lang.invoke.Invokers$Holder.linkToTargetMethod(java.lang.Object, java.lang.Object, java.lang.Object, int, java.lang.Object)'> (0x000000070edfd810) 
thrown [s\open\src\hotspot\share\interpreter\linkResolver.cpp, line 796]
Event: 9.568 Thread 0x0000024000b1d520 Exception <a 'java/lang/IncompatibleClassChangeError'{0x000000071970b580}: Found class java.lang.Object, but interface was expected> (0x000000071970b580) 
thrown [s\open\src\hotspot\share\interpreter\linkResolver.cpp, line 863]
Event: 9.577 Thread 0x0000024000b1d520 Exception <a 'java/lang/IncompatibleClassChangeError'{0x00000007197ba948}: Found class java.lang.Object, but interface was expected> (0x00000007197ba948) 
thrown [s\open\src\hotspot\share\interpreter\linkResolver.cpp, line 863]
Event: 9.578 Thread 0x0000024000b1d520 Exception <a 'java/lang/IncompatibleClassChangeError'{0x00000007197ce748}: Found class java.lang.Object, but interface was expected> (0x00000007197ce748) 
thrown [s\open\src\hotspot\share\interpreter\linkResolver.cpp, line 863]
Event: 9.627 Thread 0x00000240767b2be0 Exception <a 'java/lang/NoSuchMethodError'{0x000000070f848658}: 'java.lang.Object java.lang.invoke.DirectMethodHandle$Holder.invokeStaticInit(java.lang.Object, java.lang.Object, java.lang.Object, java.lang.Object)'> (0x000000070f848658) 
thrown [s\open\src\hotspot\share\interpreter\linkResolver.cpp, line 796]

VM Operations (20 events):
Event: 9.180 Executing VM operation: G1CollectForAllocation (G1 Evacuation Pause)
Event: 9.183 Executing VM operation: G1CollectForAllocation (G1 Evacuation Pause) done
Event: 9.226 Executing VM operation: HandshakeAllThreads (Deoptimize)
Event: 9.226 Executing VM operation: HandshakeAllThreads (Deoptimize) done
Event: 9.353 Executing VM operation: HandshakeAllThreads (Deoptimize)
Event: 9.353 Executing VM operation: HandshakeAllThreads (Deoptimize) done
Event: 9.372 Executing VM operation: HandshakeAllThreads (Deoptimize)
Event: 9.373 Executing VM operation: HandshakeAllThreads (Deoptimize) done
Event: 9.448 Executing VM operation: HandshakeAllThreads (Deoptimize)
Event: 9.448 Executing VM operation: HandshakeAllThreads (Deoptimize) done
Event: 9.510 Executing VM operation: G1CollectForAllocation (G1 Evacuation Pause)
Event: 9.514 Executing VM operation: G1CollectForAllocation (G1 Evacuation Pause) done
Event: 9.539 Executing VM operation: G1PauseRemark
Event: 9.554 Executing VM operation: G1PauseRemark done
Event: 9.562 Executing VM operation: G1PauseCleanup
Event: 9.562 Executing VM operation: G1PauseCleanup done
Event: 9.689 Executing VM operation: G1CollectForAllocation (G1 Evacuation Pause)
Event: 9.692 Executing VM operation: G1CollectForAllocation (G1 Evacuation Pause) done
Event: 9.793 Executing VM operation: G1CollectForAllocation (G1 Evacuation Pause)
Event: 9.798 Executing VM operation: G1CollectForAllocation (G1 Evacuation Pause) done

Memory protections (0 events):
No events

Nmethod flushes (20 events):
Event: 9.553 Thread 0x000002402f3ae8a0 flushing  nmethod 0x00000240183cb508
Event: 9.553 Thread 0x000002402f3ae8a0 flushing  nmethod 0x0000024017f78188
Event: 9.553 Thread 0x000002402f3ae8a0 flushing  nmethod 0x0000024017f78788
Event: 9.553 Thread 0x000002402f3ae8a0 flushing  nmethod 0x0000024017f7a308
Event: 9.553 Thread 0x000002402f3ae8a0 flushing  nmethod 0x0000024017fbbe08
Event: 9.553 Thread 0x000002402f3ae8a0 flushing  nmethod 0x0000024017ffbf08
Event: 9.553 Thread 0x000002402f3ae8a0 flushing  nmethod 0x000002401816d088
Event: 9.553 Thread 0x000002402f3ae8a0 flushing  nmethod 0x0000024018171f08
Event: 9.553 Thread 0x000002402f3ae8a0 flushing  nmethod 0x00000240181fb888
Event: 9.553 Thread 0x000002402f3ae8a0 flushing  nmethod 0x00000240181ffd08
Event: 9.553 Thread 0x000002402f3ae8a0 flushing  nmethod 0x00000240182eaf88
Event: 9.553 Thread 0x000002402f3ae8a0 flushing  nmethod 0x00000240183bfd88
Event: 9.553 Thread 0x000002402f3ae8a0 flushing  nmethod 0x0000024018412608
Event: 9.553 Thread 0x000002402f3ae8a0 flushing  nmethod 0x0000024018486808
Event: 9.553 Thread 0x000002402f3ae8a0 flushing  nmethod 0x0000024017f9b508
Event: 9.553 Thread 0x000002402f3ae8a0 flushing  nmethod 0x0000024017fe9188
Event: 9.553 Thread 0x000002402f3ae8a0 flushing  nmethod 0x000002401830e888
Event: 9.553 Thread 0x000002402f3ae8a0 flushing  nmethod 0x0000024018351008
Event: 9.553 Thread 0x000002402f3ae8a0 flushing  nmethod 0x000002401835ab08
Event: 9.553 Thread 0x000002402f3ae8a0 flushing  nmethod 0x0000024018533388

Events (20 events):
Event: 4.814 Thread 0x00000240013eef70 Thread exited: 0x00000240013eef70
Event: 4.826 Thread 0x00000240751359a0 Thread exited: 0x00000240751359a0
Event: 5.316 Thread 0x00000240751348c0 Thread exited: 0x00000240751348c0
Event: 5.317 Thread 0x000002402f512db0 Thread exited: 0x000002402f512db0
Event: 5.350 Thread 0x000002402f3d1960 Thread added: 0x00000240013eef70
Event: 5.517 Thread 0x00000240013eef70 Thread exited: 0x00000240013eef70
Event: 6.604 Thread 0x000002402f3d4330 Thread added: 0x00000240013ed430
Event: 6.604 Thread 0x000002402f3d4330 Thread added: 0x00000240013ecd60
Event: 6.604 Thread 0x000002402f3d4330 Thread added: 0x00000240013ee1d0
Event: 6.621 Thread 0x00000240767b4620 Thread added: 0x00000240767b4cb0
Event: 6.789 Thread 0x00000240013ee1d0 Thread added: 0x00000240013efd10
Event: 6.803 Thread 0x000002402f3d1960 Thread added: 0x00000240013ef640
Event: 6.825 Thread 0x00000240013efd10 Thread added: 0x00000240013edb00
Event: 7.188 Thread 0x00000240767b4620 Thread added: 0x00000240767b2be0
Event: 7.432 Thread 0x00000240013edb00 Thread exited: 0x00000240013edb00
Event: 7.576 Thread 0x00000240013ee1d0 Thread added: 0x00000240013f0ab0
Event: 8.906 Thread 0x00000240013f0ab0 Thread exited: 0x00000240013f0ab0
Event: 8.922 Thread 0x00000240013ef640 Thread exited: 0x00000240013ef640
Event: 8.934 Thread 0x00000240013ee1d0 Thread added: 0x0000024075204b90
Event: 9.569 Thread 0x0000024000b1d520 Thread added: 0x00000240767b3f90


Dynamic libraries:
0x00007ff7a2950000 - 0x00007ff7a2960000 	C:\Program Files\Java\jdk-23\bin\java.exe
0x00007ffe251e0000 - 0x00007ffe25448000 	C:\WINDOWS\SYSTEM32\ntdll.dll
0x00007ffe24a60000 - 0x00007ffe24b29000 	C:\WINDOWS\System32\KERNEL32.DLL
0x00007ffe22810000 - 0x00007ffe22c02000 	C:\WINDOWS\System32\KERNELBASE.dll
0x00007ffe22e60000 - 0x00007ffe22fab000 	C:\WINDOWS\System32\ucrtbase.dll
0x00007ffe1ca30000 - 0x00007ffe1ca4b000 	C:\Program Files\Java\jdk-23\bin\VCRUNTIME140.dll
0x00007ffe0d1b0000 - 0x00007ffe0d1c7000 	C:\Program Files\Java\jdk-23\bin\jli.dll
0x00007ffe112f0000 - 0x00007ffe11583000 	C:\WINDOWS\WinSxS\amd64_microsoft.windows.common-controls_6595b64144ccf1df_6.0.26100.6725_none_3e085828e334708b\COMCTL32.dll
0x00007ffe24f00000 - 0x00007ffe250c5000 	C:\WINDOWS\System32\USER32.dll
0x00007ffe250d0000 - 0x00007ffe25179000 	C:\WINDOWS\System32\msvcrt.dll
0x00007ffe24bf0000 - 0x00007ffe24c1b000 	C:\WINDOWS\System32\GDI32.dll
0x00007ffe22c10000 - 0x00007ffe22c37000 	C:\WINDOWS\System32\win32u.dll
0x00007ffe22370000 - 0x00007ffe2249d000 	C:\WINDOWS\System32\gdi32full.dll
0x00007ffe22db0000 - 0x00007ffe22e53000 	C:\WINDOWS\System32\msvcp_win.dll
0x00007ffe23a20000 - 0x00007ffe23a4f000 	C:\WINDOWS\System32\IMM32.DLL
0x00007ffe1ca20000 - 0x00007ffe1ca2c000 	C:\Program Files\Java\jdk-23\bin\vcruntime140_1.dll
0x00007ffe08110000 - 0x00007ffe0819e000 	C:\Program Files\Java\jdk-23\bin\msvcp140.dll
0x00007ffd34020000 - 0x00007ffd34d6f000 	C:\Program Files\Java\jdk-23\bin\server\jvm.dll
0x00007ffe247e0000 - 0x00007ffe24894000 	C:\WINDOWS\System32\ADVAPI32.dll
0x00007ffe24b30000 - 0x00007ffe24bd6000 	C:\WINDOWS\System32\sechost.dll
0x00007ffe22fb0000 - 0x00007ffe230c8000 	C:\WINDOWS\System32\RPCRT4.dll
0x00007ffe24e80000 - 0x00007ffe24ef4000 	C:\WINDOWS\System32\WS2_32.dll
0x00007ffe221f0000 - 0x00007ffe2224e000 	C:\WINDOWS\SYSTEM32\POWRPROF.dll
0x00007ffe167c0000 - 0x00007ffe167f5000 	C:\WINDOWS\SYSTEM32\WINMM.dll
0x00007ffe1bb40000 - 0x00007ffe1bb4b000 	C:\WINDOWS\SYSTEM32\VERSION.dll
0x00007ffe221b0000 - 0x00007ffe221c4000 	C:\WINDOWS\SYSTEM32\UMPDC.dll
0x00007ffe21140000 - 0x00007ffe2115b000 	C:\WINDOWS\SYSTEM32\kernel.appcore.dll
0x00007ffe1c4c0000 - 0x00007ffe1c4ca000 	C:\Program Files\Java\jdk-23\bin\jimage.dll
0x00007ffe1f770000 - 0x00007ffe1f9b2000 	C:\WINDOWS\SYSTEM32\DBGHELP.DLL
0x00007ffe23ec0000 - 0x00007ffe2423b000 	C:\WINDOWS\System32\combase.dll
0x00007ffe24240000 - 0x00007ffe24317000 	C:\WINDOWS\System32\OLEAUT32.dll
0x00007ffe124f0000 - 0x00007ffe1252c000 	C:\WINDOWS\SYSTEM32\dbgcore.DLL
0x00007ffe22770000 - 0x00007ffe22808000 	C:\WINDOWS\System32\bcryptPrimitives.dll
0x00007ffe0d190000 - 0x00007ffe0d1ae000 	C:\Program Files\Java\jdk-23\bin\java.dll
0x00007ffe23d10000 - 0x00007ffe23ea8000 	C:\WINDOWS\System32\ole32.dll
0x00007ffe230d0000 - 0x00007ffe2381c000 	C:\WINDOWS\System32\SHELL32.dll
0x00007ffe22c40000 - 0x00007ffe22dab000 	C:\WINDOWS\System32\wintypes.dll
0x00007ffe20000000 - 0x00007ffe2085d000 	C:\WINDOWS\SYSTEM32\windows.storage.dll
0x00007ffe23830000 - 0x00007ffe23922000 	C:\WINDOWS\System32\SHCORE.dll
0x00007ffe23930000 - 0x00007ffe23992000 	C:\WINDOWS\System32\shlwapi.dll
0x00007ffe22290000 - 0x00007ffe222b9000 	C:\WINDOWS\SYSTEM32\profapi.dll
0x00007ffe033a0000 - 0x00007ffe03477000 	C:\Program Files\Java\jdk-23\bin\jsvml.dll
0x00007ffe1acc0000 - 0x00007ffe1acd0000 	C:\Program Files\Java\jdk-23\bin\net.dll
0x00007ffe216b0000 - 0x00007ffe2171b000 	C:\WINDOWS\system32\mswsock.dll
0x00007ffe0d170000 - 0x00007ffe0d186000 	C:\Program Files\Java\jdk-23\bin\nio.dll
0x00007ffe0d150000 - 0x00007ffe0d167000 	C:\Program Files\Java\jdk-23\bin\zip.dll
0x00007ffe21960000 - 0x00007ffe2197b000 	C:\WINDOWS\SYSTEM32\CRYPTSP.dll
0x00007ffe210a0000 - 0x00007ffe210db000 	C:\WINDOWS\system32\rsaenh.dll
0x00007ffe21750000 - 0x00007ffe2177b000 	C:\WINDOWS\SYSTEM32\USERENV.dll
0x00007ffe22260000 - 0x00007ffe22286000 	C:\WINDOWS\SYSTEM32\bcrypt.dll
0x00007ffe21980000 - 0x00007ffe2198c000 	C:\WINDOWS\SYSTEM32\CRYPTBASE.dll
0x00007ffe20b60000 - 0x00007ffe20b94000 	C:\WINDOWS\SYSTEM32\IPHLPAPI.DLL
0x00007ffe23820000 - 0x00007ffe2382a000 	C:\WINDOWS\System32\NSI.dll
0x00007ffe0d090000 - 0x00007ffe0d0a0000 	C:\Program Files\Java\jdk-23\bin\verify.dll
0x00007ffdae8f0000 - 0x00007ffdae9d9000 	C:\Users\Haqii\AppData\Local\Temp\sqlite-3.41.2.1-8a31c658-1408-46da-8866-87b346c5a0c5-sqlitejdbc.dll

dbghelp: loaded successfully - version: 4.0.5 - missing functions: none
symbol engine: initialized successfully - sym options: 0x614 - pdb path: .;C:\Program Files\Java\jdk-23\bin;C:\WINDOWS\SYSTEM32;C:\WINDOWS\WinSxS\amd64_microsoft.windows.common-controls_6595b64144ccf1df_6.0.26100.6725_none_3e085828e334708b;C:\Program Files\Java\jdk-23\bin\server;C:\Users\Haqii\AppData\Local\Temp

VM Arguments:
jvm_args: -DkotlinLanguageServer.version=1.3.13 
java_command: org.javacs.kt.MainKt
java_class_path (initial): c:\Users\Haqii\AppData\Roaming\Code\User\globalStorage\fwcd.kotlin\langServerInstall\server\lib\server-1.3.13.jar;c:\Users\Haqii\AppData\Roaming\Code\User\globalStorage\fwcd.kotlin\langServerInstall\server\lib\shared-1.3.13.jar;c:\Users\Haqii\AppData\Roaming\Code\User\globalStorage\fwcd.kotlin\langServerInstall\server\lib\kotlin-scripting-jvm-host-unshaded-2.1.0.jar;c:\Users\Haqii\AppData\Roaming\Code\User\globalStorage\fwcd.kotlin\langServerInstall\server\lib\kotlin-scripting-compiler-2.1.0.jar;c:\Users\Haqii\AppData\Roaming\Code\User\globalStorage\fwcd.kotlin\langServerInstall\server\lib\ktfmt-b5d31d1.jar;c:\Users\Haqii\AppData\Roaming\Code\User\globalStorage\fwcd.kotlin\langServerInstall\server\lib\kotlin-compiler-2.1.0.jar;c:\Users\Haqii\AppData\Roaming\Code\User\globalStorage\fwcd.kotlin\langServerInstall\server\lib\exposed-dao-0.37.3.jar;c:\Users\Haqii\AppData\Roaming\Code\User\globalStorage\fwcd.kotlin\langServerInstall\server\lib\exposed-jdbc-0.37.3.jar;c:\Users\Haqii\AppData\Roaming\Code\User\globalStorage\fwcd.kotlin\langServerInstall\server\lib\exposed-core-0.37.3.jar;c:\Users\Haqii\AppData\Roaming\Code\User\globalStorage\fwcd.kotlin\langServerInstall\server\lib\kotlin-scripting-compiler-impl-2.1.0.jar;c:\Users\Haqii\AppData\Roaming\Code\User\globalStorage\fwcd.kotlin\langServerInstall\server\lib\kotlin-reflect-2.1.0.jar;c:\Users\Haqii\AppData\Roaming\Code\User\globalStorage\fwcd.kotlin\langServerInstall\server\lib\kotlin-scripting-jvm-2.1.0.jar;c:\Users\Haqii\AppData\Roaming\Code\User\globalStorage\fwcd.kotlin\langServerInstall\server\lib\kotlin-scripting-common-2.1.0.jar;c:\Users\Haqii\AppData\Roaming\Code\User\globalStorage\fwcd.kotlin\langServerInstall\server\lib\kotlinx-coroutines-core-jvm-1.6.4.jar;c:\Users\Haqii\AppData\Roaming\Code\User\globalStorage\fwcd.kotlin\langServerInstall\server\lib\kotlin-stdlib-jdk8-2.1.0.jar;c:\Users\Haqii\AppData\Roaming\Code\User\globalStorage\fwcd.kotlin\langServerInstall\server\lib\kotlin-stdlib-jdk7-2.1.0.jar;c:\Users\Haqii\AppData\Roaming\Code\User\globalStorage\fwcd.kotlin\langServerInstall\server\lib\kotlin-stdlib-2.1.0.jar;c:\Users\Haqii\AppData\Roaming\Code\User\globalStorage\fwcd.kotlin\langServerInstall\server\lib\org.eclipse.lsp4j-0.21.2.jar;c:\Users\Haqii\AppData\Roaming\Code\User\globalStorage\fwcd.kotlin\langServerInstall\server\lib\org.eclipse.lsp4j.jsonrpc-0.21.2.jar;c:\Users\Haqii\AppData\Roaming\Code\User\globalStorage\fwcd.kotlin\langServerInstall\server\lib\kotlin-sam-with-receiver-compiler-plugin-2.1.0.jar;c:\Users\Haqii\AppData\Roaming\Code\User\globalStorage\fwcd.kotlin\langServerInstall\server\lib\fernflower-1.0.jar;c:\Users\Haqii\AppData\Roaming\Code\User\globalStorage\fwcd.kotlin\langServerInstall\server\lib\h2-1.4.200.jar;c:\Users\Haqii\AppData\Roaming\Code\User\globalStorage\fwcd.kotlin\langServerInstall\server\lib\jcommander-1.78.jar;c:\Users\Haqii\AppData\Roaming\Code\User\globalStorage\fwcd.kotlin\langServerInstall\server\lib\sqlite-jdbc-3.41.2.1.jar;c:\Users\Haqii\AppData\Roaming\Code\User\globalStorage\fwcd.kotlin\langServerInstall\server\lib\google-java-format-1.8.jar;c:\Users\Haqii\AppData\Roaming\Code\User\globalStorage\fwcd.kotlin\langServerInstall\server\lib\guava-33.3.0-jre.jar;c:\Users\Haqii\AppData\Roaming\Code\User\globalStorage\fwcd.kotlin\langServerInstall\server\lib\annotations-13.0.jar;c:\Users\Haqii\AppData\Roaming\Code\User\globalStorage\fwcd.kotlin\langServerInstall\server\lib\gson-2.10.1.jar;c:\Users\Haqii\AppData\Roaming\Code\User\globalStorage\fwcd.kotlin\langServerInstall\server\lib\kotlin-script-runtime-2.1.0.jar;c:\Users\Haqii\AppData\Roaming\Code\User\globalStorage\fwcd.kotlin\langServerInstall\server\lib\trove4j-1.0.20200330.jar;c:\Users\Haqii\AppData\Roaming\Code\User\globalStorage\fwcd.kotlin\langServerInstall\server\lib\jline-3.24.1.jar;c:\Users\Haqii\AppData\Roaming\Code\User\globalStorage\fwcd.kotlin\langServerInstall\server\lib\slf4j-api-1.7.25.jar;c:\Users\Haqii\AppData\Roaming\Code\User\globalStorage\fwcd.kotlin\langServerInstall\server\lib\jna-4.2.2.jar;c:\Users\Haqii\AppData\Roaming\Code\User\globalStorage\fwcd.kotlin\langServerInstall\server\lib\failureaccess-1.0.2.jar;c:\Users\Haqii\AppData\Roaming\Code\User\globalStorage\fwcd.kotlin\langServerInstall\server\lib\listenablefuture-9999.0-empty-to-avoid-conflict-with-guava.jar;c:\Users\Haqii\AppData\Roaming\Code\User\globalStorage\fwcd.kotlin\langServerInstall\server\lib\jsr305-3.0.2.jar;c:\Users\Haqii\AppData\Roaming\Code\User\globalStorage\fwcd.kotlin\langServerInstall\server\lib\checker-qual-3.43.0.jar;c:\Users\Haqii\AppData\Roaming\Code\User\globalStorage\fwcd.kotlin\langServerInstall\server\lib\error_prone_annotations-2.28.0.jar
Launcher Type: SUN_STANDARD

[Global flags]
     intx CICompilerCount                          = 12                                        {product} {ergonomic}
     uint ConcGCThreads                            = 3                                         {product} {ergonomic}
     uint G1ConcRefinementThreads                  = 13                                        {product} {ergonomic}
   size_t G1HeapRegionSize                         = 2097152                                   {product} {ergonomic}
   size_t InitialHeapSize                          = 255852544                                 {product} {ergonomic}
   size_t MarkStackSize                            = 4194304                                   {product} {ergonomic}
   size_t MarkStackSizeMax                         = 536870912                                 {product} {ergonomic}
   size_t MaxHeapSize                              = 4093640704                                {product} {ergonomic}
   size_t MaxNewSize                               = 2455764992                                {product} {ergonomic}
   size_t MinHeapDeltaBytes                        = 2097152                                   {product} {ergonomic}
   size_t MinHeapSize                              = 8388608                                   {product} {ergonomic}
    uintx NonNMethodCodeHeapSize                   = 7602176                                {pd product} {ergonomic}
    uintx NonProfiledCodeHeapSize                  = 122093568                              {pd product} {ergonomic}
    uintx ProfiledCodeHeapSize                     = 121962496                              {pd product} {ergonomic}
    uintx ReservedCodeCacheSize                    = 251658240                              {pd product} {ergonomic}
     bool SegmentedCodeCache                       = true                                      {product} {ergonomic}
   size_t SoftMaxHeapSize                          = 4093640704                             {manageable} {ergonomic}
     bool UseCompressedOops                        = true                           {product lp64_product} {ergonomic}
     bool UseG1GC                                  = true                                      {product} {ergonomic}
     bool UseLargePagesIndividualAllocation        = false                                  {pd product} {ergonomic}

Logging:
Log output configuration:
 #0: stdout all=warning uptime,level,tags foldmultilines=false
 #1: stderr all=off uptime,level,tags foldmultilines=false

Environment Variables:
CLASSPATH=c:\Users\Haqii\AppData\Roaming\Code\User\globalStorage\fwcd.kotlin\langServerInstall\server\lib\server-1.3.13.jar;c:\Users\Haqii\AppData\Roaming\Code\User\globalStorage\fwcd.kotlin\langServerInstall\server\lib\shared-1.3.13.jar;c:\Users\Haqii\AppData\Roaming\Code\User\globalStorage\fwcd.kotlin\langServerInstall\server\lib\kotlin-scripting-jvm-host-unshaded-2.1.0.jar;c:\Users\Haqii\AppData\Roaming\Code\User\globalStorage\fwcd.kotlin\langServerInstall\server\lib\kotlin-scripting-compiler-2.1.0.jar;c:\Users\Haqii\AppData\Roaming\Code\User\globalStorage\fwcd.kotlin\langServerInstall\server\lib\ktfmt-b5d31d1.jar;c:\Users\Haqii\AppData\Roaming\Code\User\globalStorage\fwcd.kotlin\langServerInstall\server\lib\kotlin-compiler-2.1.0.jar;c:\Users\Haqii\AppData\Roaming\Code\User\globalStorage\fwcd.kotlin\langServerInstall\server\lib\exposed-dao-0.37.3.jar;c:\Users\Haqii\AppData\Roaming\Code\User\globalStorage\fwcd.kotlin\langServerInstall\server\lib\exposed-jdbc-0.37.3.jar;c:\Users\Haqii\AppData\Roaming\Code\User\globalStorage\fwcd.kotlin\langServerInstall\server\lib\exposed-core-0.37.3.jar;c:\Users\Haqii\AppData\Roaming\Code\User\globalStorage\fwcd.kotlin\langServerInstall\server\lib\kotlin-scripting-compiler-impl-2.1.0.jar;c:\Users\Haqii\AppData\Roaming\Code\User\globalStorage\fwcd.kotlin\langServerInstall\server\lib\kotlin-reflect-2.1.0.jar;c:\Users\Haqii\AppData\Roaming\Code\User\globalStorage\fwcd.kotlin\langServerInstall\server\lib\kotlin-scripting-jvm-2.1.0.jar;c:\Users\Haqii\AppData\Roaming\Code\User\globalStorage\fwcd.kotlin\langServerInstall\server\lib\kotlin-scripting-common-2.1.0.jar;c:\Users\Haqii\AppData\Roaming\Code\User\globalStorage\fwcd.kotlin\langServerInstall\server\lib\kotlinx-coroutines-core-jvm-1.6.4.jar;c:\Users\Haqii\AppData\Roaming\Code\User\globalStorage\fwcd.kotlin\langServerInstall\server\lib\kotlin-stdlib-jdk8-2.1.0.jar;c:\Users\Haqii\AppData\Roaming\Code\User\globalStorage\fwcd.kotlin\langServerInstall\server\lib\kotlin-stdlib-jdk7-2.1.0.jar;c:\Users\Haqii\AppData\Roaming\Code\User\globalStorage\fwcd.kotlin\langServerInstall\server\lib\kotlin-stdlib-2.1.0.jar;c:\Users\Haqii\AppData\Roaming\Code\User\globalStorage\fwcd.kotlin\langServerInstall\server\lib\org.eclipse.lsp4j-0.21.2.jar;c:\Users\Haqii\AppData\Roaming\Code\User\globalStorage\fwcd.kotlin\langServerInstall\server\lib\org.eclipse.lsp4j.jsonrpc-0.21.2.jar;c:\Users\Haqii\AppData\Roaming\Code\User\globalStorage\fwcd.kotlin\langServerInstall\server\lib\kotlin-sam-with-receiver-compiler-plugin-2.1.0.jar;c:\Users\Haqii\AppData\Roaming\Code\User\globalStorage\fwcd.kotlin\langServerInstall\server\lib\fernflower-1.0.jar;c:\Users\Haqii\AppData\Roaming\Code\User\globalStorage\fwcd.kotlin\langServerInstall\server\lib\h2-1.4.200.jar;c:\Users\Haqii\AppData\Roaming\Code\User\globalStorage\fwcd.kotlin\langServerInstall\server\lib\jcommander-1.78.jar;c:\Users\Haqii\AppData\Roaming\Code\User\globalStorage\fwcd.kotlin\langServerInstall\server\lib\sqlite-jdbc-3.41.2.1.jar;c:\Users\Haqii\AppData\Roaming\Code\User\globalStorage\fwcd.kotlin\langServerInstall\server\lib\google-java-format-1.8.jar;c:\Users\Haqii\AppData\Roaming\Code\User\globalStorage\fwcd.kotlin\langServerInstall\server\lib\guava-33.3.0-jre.jar;c:\Users\Haqii\AppData\Roaming\Code\User\globalStorage\fwcd.kotlin\langServerInstall\server\lib\annotations-13.0.jar;c:\Users\Haqii\AppData\Roaming\Code\User\globalStorage\fwcd.kotlin\langServerInstall\server\lib\gson-2.10.1.jar;c:\Users\Haqii\AppData\Roaming\Code\User\globalStorage\fwcd.kotlin\langServerInstall\server\lib\kotlin-script-runtime-2.1.0.jar;c:\Users\Haqii\AppData\Roaming\Code\User\globalStorage\fwcd.kotlin\langServerInstall\server\lib\trove4j-1.0.20200330.jar;c:\Users\Haqii\AppData\Roaming\Code\User\globalStorage\fwcd.kotlin\langServerInstall\server\lib\jline-3.24.1.jar;c:\Users\Haqii\AppData\Roaming\Code\User\globalStorage\fwcd.kotlin\langServerInstall\server\lib\slf4j-api-1.7.25.jar;c:\Users\Haqii\AppData\Roaming\Code\User\globalStorage\fwcd.kotlin\langServerInstall\server\lib\jna-4.2.2.jar;c:\Users\Haqii\AppData\Roaming\Code\User\globalStorage\fwcd.kotlin\langServerInstall\server\lib\failureaccess-1.0.2.jar;c:\Users\Haqii\AppData\Roaming\Code\User\globalStorage\fwcd.kotlin\langServerInstall\server\lib\listenablefuture-9999.0-empty-to-avoid-conflict-with-guava.jar;c:\Users\Haqii\AppData\Roaming\Code\User\globalStorage\fwcd.kotlin\langServerInstall\server\lib\jsr305-3.0.2.jar;c:\Users\Haqii\AppData\Roaming\Code\User\globalStorage\fwcd.kotlin\langServerInstall\server\lib\checker-qual-3.43.0.jar;c:\Users\Haqii\AppData\Roaming\Code\User\globalStorage\fwcd.kotlin\langServerInstall\server\lib\error_prone_annotations-2.28.0.jar
PATH=C:\Program Files\Common Files\Oracle\Java\javapath;C:\Program Files (x86)\Common Files\Oracle\Java\java8path;C:\Program Files (x86)\Common Files\Oracle\Java\javapath;C:\WINDOWS\system32;C:\WINDOWS;C:\WINDOWS\System32\Wbem;C:\WINDOWS\System32\WindowsPowerShell\v1.0\;C:\WINDOWS\System32\OpenSSH\;C:\xampp\php;C:\ProgramData\ComposerSetup\bin;C:\Program Files\Git\cmd;C:\Program Files\dotnet\;C:\ProgramData\chocolatey\bin;C:\Program Files\Neovim\bin;C:\Program Files\nodejs\;C:\Program Files\Common Files\Oracle\Java\javapath;C:\Windows\system32;C:\Windows;C:\Windows\System32\Wbem;C:\Windows\System32\WindowsPowerShell\v1.0\;C:\Windows\System32\OpenSSH\;C:\xampp\php;C:\ProgramData\ComposerSetup\bin;C:\Program Files\nodejs\;C:\Program Files\Git\cmd;C:\Program Files\dotnet\;C:\ProgramData\chocolatey\bin;c:\Users\Haqii\AppData\Local\Programs\cursor\resources\app\codeBin;C:\Users\Haqii\AppData\Local\Programs\Python\Launcher\;C:\Users\Haqii\AppData\Local\Microsoft\WindowsApps;C:\Users\Haqii\AppData\Local\Programs\Microsoft VS Code\bin;C:\Users\Haqii\AppData\Roaming\Composer\vendor\bin;C:\msys64\ucrt64\bin;C:\Users\Haqii\AppData\Local\spicetify;C:\Users\Haqii\.deno\bin;C:\Android\cmdline-tools\latest\bin;C:\Android\platform-tools;C:\Android\emulator;C:\Users\Haqii\AppData\Roaming\npm;C:\Users\Haqii\AppData\Local\Microsoft\WindowsApps
USERNAME=Haqii
OS=Windows_NT
PROCESSOR_IDENTIFIER=AMD64 Family 25 Model 68 Stepping 1, AuthenticAMD
TMP=C:\Users\Haqii\AppData\Local\Temp
TEMP=C:\Users\Haqii\AppData\Local\Temp




Periodic native trim disabled

---------------  S Y S T E M  ---------------

OS:
 Windows 11 , 64 bit Build 26100 (10.0.26100.6725)
OS uptime: 0 days 1:36 hours

CPU: total 16 (initial active 16) (16 cores per cpu, 2 threads per core) family 25 model 68 stepping 1 microcode 0xa404102, cx8, cmov, fxsr, ht, mmx, 3dnowpref, sse, sse2, sse3, ssse3, sse4a, sse4.1, sse4.2, popcnt, lzcnt, tsc, tscinvbit, avx, avx2, aes, erms, clmul, bmi1, bmi2, adx, sha, fma, vzeroupper, clflush, clflushopt, rdtscp, rdpid, fsrm, f16c, pku, cet_ss
Processor Information for the first 16 processors :
  Max Mhz: 3201, Current Mhz: 3201, Mhz Limit: 3201

Memory: 4k page, system-wide physical 15613M (633M free)
TotalPageFile size 28925M (AvailPageFile size 81M)
current process WorkingSet (physical memory assigned to process): 254M, peak: 258M
current process commit charge ("private bytes"): 302M, peak: 394M

vm_info: Java HotSpot(TM) 64-Bit Server VM (23.0.1+11-39) for windows-amd64 JRE (23.0.1+11-39), built on 2024-09-30T07:20:43Z with MS VC++ 17.6 (VS2022)

END.
