#
# There is insufficient memory for the Java Runtime Environment to continue.
# Native memory allocation (mmap) failed to map 897024 bytes. Error detail: G1 virtual space
# Possible reasons:
#   The system is out of physical RAM or swap space
#   This process is running with CompressedOops enabled, and the Java Heap may be blocking the growth of the native heap
# Possible solutions:
#   Reduce memory load on the system
#   Increase physical memory or swap space
#   Check if swap backing store is full
#   Decrease Java heap size (-Xmx/-Xms)
#   Decrease number of Java threads
#   Decrease Java thread stack sizes (-Xss)
#   Set larger code cache with -XX:ReservedCodeCacheSize=
#   JVM is running with Zero Based Compressed Oops mode in which the Java heap is
#     placed in the first 32GB address space. The Java Heap base address is the
#     maximum limit for the native heap growth. Please use -XX:HeapBaseMinAddress
#     to set the Java Heap base and to place the Java Heap above 32GB virtual address.
# This output file may be truncated or incomplete.
#
#  Out of Memory Error (os_windows.cpp:3703), pid=1992, tid=1556
#
# JRE version: Java(TM) SE Runtime Environment (23.0.1+11) (build 23.0.1+11-39)
# Java VM: Java HotSpot(TM) 64-Bit Server VM (23.0.1+11-39, mixed mode, sharing, tiered, compressed oops, compressed class ptrs, g1 gc, windows-amd64)
# No core dump will be written. Minidumps are not enabled by default on client versions of Windows
#

---------------  S U M M A R Y ------------

Command Line: -DkotlinLanguageServer.version=1.3.13 org.javacs.kt.MainKt

Host: AMD Ryzen 7 7735HS with Radeon Graphics        , 16 cores, 15G,  Windows 10 , 64 bit Build 19041 (10.0.19041.5915)
Time: Wed Oct  8 12:50:29 2025 SE Asia Standard Time elapsed time: 11.888522 seconds (0d 0h 0m 11s)

---------------  T H R E A D  ---------------

Current thread (0x0000020f9ddae5b0):  VMThread "VM Thread"          [id=1556, stack(0x0000001012900000,0x0000001012a00000) (1024K)]

Stack: [0x0000001012900000,0x0000001012a00000]
Native frames: (J=compiled Java code, j=interpreted, Vv=VM code, C=native code)
V  [jvm.dll+0x6e08b9]  (no source info available)
V  [jvm.dll+0x87dc83]  (no source info available)
V  [jvm.dll+0x88010e]  (no source info available)
V  [jvm.dll+0x8807e3]  (no source info available)
V  [jvm.dll+0x27aee6]  (no source info available)
V  [jvm.dll+0x6dd1c5]  (no source info available)
V  [jvm.dll+0x6d104a]  (no source info available)
V  [jvm.dll+0x35b3ea]  (no source info available)
V  [jvm.dll+0x3637f6]  (no source info available)
V  [jvm.dll+0x34fd84]  (no source info available)
V  [jvm.dll+0x34fff8]  (no source info available)
V  [jvm.dll+0x3289cc]  (no source info available)
V  [jvm.dll+0x328a5a]  (no source info available)
V  [jvm.dll+0x374c92]  (no source info available)
V  [jvm.dll+0x373392]  (no source info available)
V  [jvm.dll+0x3281a7]  (no source info available)
V  [jvm.dll+0x372b44]  (no source info available)
V  [jvm.dll+0x886720]  (no source info available)
V  [jvm.dll+0x887a47]  (no source info available)
V  [jvm.dll+0x887f78]  (no source info available)
V  [jvm.dll+0x888213]  (no source info available)
V  [jvm.dll+0x824f8b]  (no source info available)
V  [jvm.dll+0x6df065]  (no source info available)
C  [ucrtbase.dll+0x21bb2]  (no source info available)
C  [KERNEL32.DLL+0x17374]  (no source info available)
C  [ntdll.dll+0x4cc91]  (no source info available)

VM_Operation (0x0000001014cfa4c0): G1CollectForAllocation, mode: safepoint, requested by thread 0x0000020fe47bef60


---------------  P R O C E S S  ---------------

Threads class SMR info:
_java_thread_list=0x0000020fedc333e0, length=22, elements={
0x0000020f9ddc7ec0, 0x0000020f9ddc87f0, 0x0000020f9ddca770, 0x0000020f9ddcb060,
0x0000020f9ddcb6d0, 0x0000020f9ddd8390, 0x0000020f9dde4420, 0x0000020f9dde7290,
0x0000020f9dde64f0, 0x0000020f9dde5e20, 0x0000020f9ddd6fe0, 0x0000020f9ddd7670,
0x0000020f9dde6bc0, 0x0000020f9dde8700, 0x0000020fe47bce90, 0x0000020fe47ba0a0,
0x0000020fe47badc0, 0x0000020fe47bd520, 0x0000020fee257fb0, 0x0000020fe47bef60,
0x0000020fe47b8660, 0x0000020fede68800
}

Java Threads: ( => current thread )
  0x0000020f9ddc7ec0 JavaThread "Reference Handler"          daemon [_thread_blocked, id=7140, stack(0x0000001012a00000,0x0000001012b00000) (1024K)]
  0x0000020f9ddc87f0 JavaThread "Finalizer"                  daemon [_thread_blocked, id=12472, stack(0x0000001012b00000,0x0000001012c00000) (1024K)]
  0x0000020f9ddca770 JavaThread "Signal Dispatcher"          daemon [_thread_blocked, id=15724, stack(0x0000001012c00000,0x0000001012d00000) (1024K)]
  0x0000020f9ddcb060 JavaThread "Attach Listener"            daemon [_thread_blocked, id=15784, stack(0x0000001012d00000,0x0000001012e00000) (1024K)]
  0x0000020f9ddcb6d0 JavaThread "Service Thread"             daemon [_thread_blocked, id=2712, stack(0x0000001012e00000,0x0000001012f00000) (1024K)]
  0x0000020f9ddd8390 JavaThread "Monitor Deflation Thread"   daemon [_thread_blocked, id=20624, stack(0x0000001012f00000,0x0000001013000000) (1024K)]
  0x0000020f9dde4420 JavaThread "C2 CompilerThread0"         daemon [_thread_blocked, id=4748, stack(0x0000001013000000,0x0000001013100000) (1024K)]
  0x0000020f9dde7290 JavaThread "C1 CompilerThread0"         daemon [_thread_blocked, id=14396, stack(0x0000001013100000,0x0000001013200000) (1024K)]
  0x0000020f9dde64f0 JavaThread "C1 CompilerThread1"         daemon [_thread_blocked, id=5768, stack(0x0000001013200000,0x0000001013300000) (1024K)]
  0x0000020f9dde5e20 JavaThread "C1 CompilerThread2"         daemon [_thread_blocked, id=7048, stack(0x0000001013300000,0x0000001013400000) (1024K)]
  0x0000020f9ddd6fe0 JavaThread "Notification Thread"        daemon [_thread_blocked, id=3036, stack(0x0000001013400000,0x0000001013500000) (1024K)]
  0x0000020f9ddd7670 JavaThread "Common-Cleaner"             daemon [_thread_blocked, id=8896, stack(0x0000001013500000,0x0000001013600000) (1024K)]
  0x0000020f9dde6bc0 JavaThread "C2 CompilerThread1"         daemon [_thread_blocked, id=12044, stack(0x0000001013600000,0x0000001013700000) (1024K)]
  0x0000020f9dde8700 JavaThread "C1 CompilerThread3"         daemon [_thread_blocked, id=5532, stack(0x0000001013700000,0x0000001013800000) (1024K)]
  0x0000020fe47bce90 JavaThread "client"                            [_thread_in_native, id=11544, stack(0x0000001014800000,0x0000001014900000) (1024K)]
  0x0000020fe47ba0a0 JavaThread "DestroyJavaVM"                     [_thread_blocked, id=6100, stack(0x0000001012200000,0x0000001012300000) (1024K)]
  0x0000020fe47badc0 JavaThread "async0"                            [_thread_blocked, id=1548, stack(0x0000001014900000,0x0000001014a00000) (1024K)]
  0x0000020fe47bd520 JavaThread "async1"                            [_thread_blocked, id=17056, stack(0x0000001014600000,0x0000001014700000) (1024K)]
  0x0000020fee257fb0 JavaThread "C2 CompilerThread2"         daemon [_thread_blocked, id=5616, stack(0x0000001014700000,0x0000001014800000) (1024K)]
  0x0000020fe47bef60 JavaThread "debounce0"                         [_thread_blocked, id=9996, stack(0x0000001014c00000,0x0000001014d00000) (1024K)]
  0x0000020fe47b8660 JavaThread "async2"                            [_thread_blocked, id=5216, stack(0x0000001014d00000,0x0000001014e00000) (1024K)]
  0x0000020fede68800 JavaThread "async3"                            [_thread_blocked, id=8604, stack(0x0000001014e00000,0x0000001014f00000) (1024K)]
Total: 22

Other Threads:
=>0x0000020f9ddae5b0 VMThread "VM Thread"                           [id=1556, stack(0x0000001012900000,0x0000001012a00000) (1024K)]
  0x0000020f9dd98220 WatcherThread "VM Periodic Task Thread"        [id=15692, stack(0x0000001012800000,0x0000001012900000) (1024K)]
  0x0000020ffe1e4550 WorkerThread "GC Thread#0"                     [id=10872, stack(0x0000001012300000,0x0000001012400000) (1024K)]
  0x0000020fe3b39c10 WorkerThread "GC Thread#1"                     [id=3344, stack(0x0000001013800000,0x0000001013900000) (1024K)]
  0x0000020fe3b42430 WorkerThread "GC Thread#2"                     [id=8512, stack(0x0000001013900000,0x0000001013a00000) (1024K)]
  0x0000020fe3b427e0 WorkerThread "GC Thread#3"                     [id=21020, stack(0x0000001013a00000,0x0000001013b00000) (1024K)]
  0x0000020fe3b42b90 WorkerThread "GC Thread#4"                     [id=10188, stack(0x0000001013b00000,0x0000001013c00000) (1024K)]
  0x0000020fe3fb8850 WorkerThread "GC Thread#5"                     [id=15892, stack(0x0000001013c00000,0x0000001013d00000) (1024K)]
  0x0000020fe3fb8c00 WorkerThread "GC Thread#6"                     [id=19512, stack(0x0000001013d00000,0x0000001013e00000) (1024K)]
  0x0000020fe3fb8fb0 WorkerThread "GC Thread#7"                     [id=12960, stack(0x0000001013e00000,0x0000001013f00000) (1024K)]
  0x0000020fe41c8cb0 WorkerThread "GC Thread#8"                     [id=10176, stack(0x0000001013f00000,0x0000001014000000) (1024K)]
  0x0000020fe41c9f20 WorkerThread "GC Thread#9"                     [id=18056, stack(0x0000001014000000,0x0000001014100000) (1024K)]
  0x0000020fe48af0c0 WorkerThread "GC Thread#10"                    [id=14092, stack(0x0000001014100000,0x0000001014200000) (1024K)]
  0x0000020fe48ac480 WorkerThread "GC Thread#11"                    [id=18488, stack(0x0000001014200000,0x0000001014300000) (1024K)]
  0x0000020fe48ac0d0 WorkerThread "GC Thread#12"                    [id=11504, stack(0x0000001014300000,0x0000001014400000) (1024K)]
  0x0000020ffe1f8850 ConcurrentGCThread "G1 Main Marker"            [id=18132, stack(0x0000001012400000,0x0000001012500000) (1024K)]
  0x0000020ffe1f9b00 WorkerThread "G1 Conc#0"                       [id=4112, stack(0x0000001012500000,0x0000001012600000) (1024K)]
  0x0000020fe48ae5b0 WorkerThread "G1 Conc#1"                       [id=19052, stack(0x0000001014400000,0x0000001014500000) (1024K)]
  0x0000020fe48ae960 WorkerThread "G1 Conc#2"                       [id=196, stack(0x0000001014500000,0x0000001014600000) (1024K)]
  0x0000020f9dc69c80 ConcurrentGCThread "G1 Refine#0"               [id=20632, stack(0x0000001012600000,0x0000001012700000) (1024K)]
  0x0000020f9dc6e240 ConcurrentGCThread "G1 Service"                [id=772, stack(0x0000001012700000,0x0000001012800000) (1024K)]
Total: 21

Threads with active compile tasks:
C2 CompilerThread1  11917 17929   !   4       org.jetbrains.kotlin.load.kotlin.DeserializedDescriptorResolver::createKotlinPackagePartScope (288 bytes)
C2 CompilerThread2  11917 17960       4       org.jetbrains.kotlin.serialization.deserialization.descriptors.DeserializedMemberScope$OptimizedImplementation$$Lambda/0x0000020f9f552eb0::invoke (12 bytes)
Total: 2

VM state: at safepoint (normal execution)

VM Mutex/Monitor currently owned by a thread:  ([mutex/lock_event])
[0x00007ffcfb5e3910] Threads_lock - owner thread: 0x0000020f9ddae5b0
[0x00007ffcfb5e3a10] Heap_lock - owner thread: 0x0000020fe47bef60

Heap address: 0x000000070c000000, size: 3904 MB, Compressed Oops mode: Zero based, Oop shift amount: 3

CDS archive(s) mapped at: [0x0000020f9e000000-0x0000020f9ed70000-0x0000020f9ed70000), size 14090240, SharedBaseAddress: 0x0000020f9e000000, ArchiveRelocationMode: 1.
Compressed class space mapped at: 0x0000020f9f000000-0x0000020fdf000000, reserved size: 1073741824
Narrow klass base: 0x0000020f9e000000, Narrow klass shift: 0, Narrow klass range: 0x41000000

GC Precious Log:
 CardTable entry size: 512
 Card Set container configuration: InlinePtr #cards 4 size 8 Array Of Cards #cards 16 size 48 Howl #buckets 8 coarsen threshold 3686 Howl Bitmap #cards 512 size 80 coarsen threshold 460 Card regions per heap region 1 cards per card region 4096
 CPUs: 16 total, 16 available
 Memory: 15613M
 Large Page Support: Disabled
 NUMA Support: Disabled
 Compressed Oops: Enabled (Zero based)
 Heap Region Size: 2M
 Heap Min Capacity: 8M
 Heap Initial Capacity: 244M
 Heap Max Capacity: 3904M
 Pre-touch: Disabled
 Parallel Workers: 13
 Concurrent Workers: 3
 Concurrent Refinement Workers: 13
 Periodic GC: Disabled

Heap:
 garbage-first heap   total reserved 3997696K, committed 409600K, used 240174K [0x000000070c000000, 0x0000000800000000)
  region size 2048K, 9 young (18432K), 9 survivors (18432K)
 Metaspace       used 78333K, committed 79360K, reserved 1179648K
  class space    used 9052K, committed 9536K, reserved 1048576K

Heap Regions: E=young(eden), S=young(survivor), O=old, HS=humongous(starts), HC=humongous(continues), CS=collection set, F=free, TAMS=top-at-mark-start, PB=parsable bottom
|   0|0x000000070c000000, 0x000000070c200000, 0x000000070c200000|100%|HS|  |TAMS 0x000000070c200000| PB 0x000000070c000000| Complete |  0
|   1|0x000000070c200000, 0x000000070c400000, 0x000000070c400000|100%|HC|  |TAMS 0x000000070c400000| PB 0x000000070c200000| Complete |  0
|   2|0x000000070c400000, 0x000000070c600000, 0x000000070c600000|100%| O|  |TAMS 0x000000070c600000| PB 0x000000070c400000| Untracked |  0
|   3|0x000000070c600000, 0x000000070c800000, 0x000000070c800000|100%| O|  |TAMS 0x000000070c800000| PB 0x000000070c600000| Untracked |  0
|   4|0x000000070c800000, 0x000000070ca00000, 0x000000070ca00000|100%|HS|  |TAMS 0x000000070ca00000| PB 0x000000070c800000| Complete |  0
|   5|0x000000070ca00000, 0x000000070cc00000, 0x000000070cc00000|100%| O|  |TAMS 0x000000070cc00000| PB 0x000000070ca00000| Untracked |  0
|   6|0x000000070cc00000, 0x000000070ce00000, 0x000000070ce00000|100%| O|  |TAMS 0x000000070ce00000| PB 0x000000070cc00000| Untracked |  0
|   7|0x000000070ce00000, 0x000000070d000000, 0x000000070d000000|100%| O|  |TAMS 0x000000070d000000| PB 0x000000070ce00000| Untracked |  0
|   8|0x000000070d000000, 0x000000070d200000, 0x000000070d200000|100%| O|  |TAMS 0x000000070d200000| PB 0x000000070d000000| Untracked |  0
|   9|0x000000070d200000, 0x000000070d400000, 0x000000070d400000|100%| O|  |TAMS 0x000000070d400000| PB 0x000000070d200000| Untracked |  0
|  10|0x000000070d400000, 0x000000070d600000, 0x000000070d600000|100%| O|  |TAMS 0x000000070d600000| PB 0x000000070d400000| Untracked |  0
|  11|0x000000070d600000, 0x000000070d800000, 0x000000070d800000|100%| O|  |TAMS 0x000000070d800000| PB 0x000000070d600000| Untracked |  0
|  12|0x000000070d800000, 0x000000070da00000, 0x000000070da00000|100%| O|  |TAMS 0x000000070da00000| PB 0x000000070d800000| Untracked |  0
|  13|0x000000070da00000, 0x000000070dc00000, 0x000000070dc00000|100%| O|  |TAMS 0x000000070dc00000| PB 0x000000070da00000| Untracked |  0
|  14|0x000000070dc00000, 0x000000070de00000, 0x000000070de00000|100%| O|  |TAMS 0x000000070de00000| PB 0x000000070dc00000| Untracked |  0
|  15|0x000000070de00000, 0x000000070e000000, 0x000000070e000000|100%| O|  |TAMS 0x000000070e000000| PB 0x000000070de00000| Untracked |  0
|  16|0x000000070e000000, 0x000000070e200000, 0x000000070e200000|100%| O|  |TAMS 0x000000070e200000| PB 0x000000070e000000| Untracked |  0
|  17|0x000000070e200000, 0x000000070e400000, 0x000000070e400000|100%| O|  |TAMS 0x000000070e400000| PB 0x000000070e200000| Untracked |  0
|  18|0x000000070e400000, 0x000000070e600000, 0x000000070e600000|100%| O|  |TAMS 0x000000070e600000| PB 0x000000070e400000| Untracked |  0
|  19|0x000000070e600000, 0x000000070e800000, 0x000000070e800000|100%| O|  |TAMS 0x000000070e800000| PB 0x000000070e600000| Untracked |  0
|  20|0x000000070e800000, 0x000000070ea00000, 0x000000070ea00000|100%| O|  |TAMS 0x000000070ea00000| PB 0x000000070e800000| Untracked |  0
|  21|0x000000070ea00000, 0x000000070ec00000, 0x000000070ec00000|100%| O|  |TAMS 0x000000070ec00000| PB 0x000000070ea00000| Untracked |  0
|  22|0x000000070ec00000, 0x000000070ee00000, 0x000000070ee00000|100%| O|  |TAMS 0x000000070ee00000| PB 0x000000070ec00000| Untracked |  0
|  23|0x000000070ee00000, 0x000000070f000000, 0x000000070f000000|100%| O|  |TAMS 0x000000070f000000| PB 0x000000070ee00000| Untracked |  0
|  24|0x000000070f000000, 0x000000070f200000, 0x000000070f200000|100%| O|  |TAMS 0x000000070f200000| PB 0x000000070f000000| Untracked |  0
|  25|0x000000070f200000, 0x000000070f400000, 0x000000070f400000|100%| O|  |TAMS 0x000000070f400000| PB 0x000000070f200000| Untracked |  0
|  26|0x000000070f400000, 0x000000070f600000, 0x000000070f600000|100%| O|  |TAMS 0x000000070f600000| PB 0x000000070f400000| Untracked |  0
|  27|0x000000070f600000, 0x000000070f800000, 0x000000070f800000|100%| O|  |TAMS 0x000000070f800000| PB 0x000000070f600000| Untracked |  0
|  28|0x000000070f800000, 0x000000070fa00000, 0x000000070fa00000|100%| O|  |TAMS 0x000000070fa00000| PB 0x000000070f800000| Untracked |  0
|  29|0x000000070fa00000, 0x000000070fc00000, 0x000000070fc00000|100%| O|  |TAMS 0x000000070fc00000| PB 0x000000070fa00000| Untracked |  0
|  30|0x000000070fc00000, 0x000000070fe00000, 0x000000070fe00000|100%| O|  |TAMS 0x000000070fe00000| PB 0x000000070fc00000| Untracked |  0
|  31|0x000000070fe00000, 0x0000000710000000, 0x0000000710000000|100%| O|  |TAMS 0x0000000710000000| PB 0x000000070fe00000| Untracked |  0
|  32|0x0000000710000000, 0x0000000710200000, 0x0000000710200000|100%| O|  |TAMS 0x0000000710200000| PB 0x0000000710000000| Untracked |  0
|  33|0x0000000710200000, 0x0000000710400000, 0x0000000710400000|100%| O|  |TAMS 0x0000000710400000| PB 0x0000000710200000| Untracked |  0
|  34|0x0000000710400000, 0x0000000710600000, 0x0000000710600000|100%| O|  |TAMS 0x0000000710600000| PB 0x0000000710400000| Untracked |  0
|  35|0x0000000710600000, 0x0000000710800000, 0x0000000710800000|100%| O|  |TAMS 0x0000000710800000| PB 0x0000000710600000| Untracked |  0
|  36|0x0000000710800000, 0x0000000710a00000, 0x0000000710a00000|100%| O|  |TAMS 0x0000000710a00000| PB 0x0000000710800000| Untracked |  0
|  37|0x0000000710a00000, 0x0000000710c00000, 0x0000000710c00000|100%| O|  |TAMS 0x0000000710c00000| PB 0x0000000710a00000| Untracked |  0
|  38|0x0000000710c00000, 0x0000000710e00000, 0x0000000710e00000|100%| O|  |TAMS 0x0000000710e00000| PB 0x0000000710c00000| Untracked |  0
|  39|0x0000000710e00000, 0x0000000711000000, 0x0000000711000000|100%| O|  |TAMS 0x0000000711000000| PB 0x0000000710e00000| Untracked |  0
|  40|0x0000000711000000, 0x0000000711200000, 0x0000000711200000|100%| O|  |TAMS 0x0000000711200000| PB 0x0000000711000000| Untracked |  0
|  41|0x0000000711200000, 0x0000000711400000, 0x0000000711400000|100%| O|  |TAMS 0x0000000711400000| PB 0x0000000711200000| Untracked |  0
|  42|0x0000000711400000, 0x0000000711600000, 0x0000000711600000|100%| O|  |TAMS 0x0000000711600000| PB 0x0000000711400000| Untracked |  0
|  43|0x0000000711600000, 0x0000000711800000, 0x0000000711800000|100%| O|  |TAMS 0x0000000711800000| PB 0x0000000711600000| Untracked |  0
|  44|0x0000000711800000, 0x0000000711a00000, 0x0000000711a00000|100%| O|  |TAMS 0x0000000711a00000| PB 0x0000000711800000| Untracked |  0
|  45|0x0000000711a00000, 0x0000000711c00000, 0x0000000711c00000|100%| O|  |TAMS 0x0000000711c00000| PB 0x0000000711a00000| Untracked |  0
|  46|0x0000000711c00000, 0x0000000711e00000, 0x0000000711e00000|100%| O|  |TAMS 0x0000000711e00000| PB 0x0000000711c00000| Untracked |  0
|  47|0x0000000711e00000, 0x0000000712000000, 0x0000000712000000|100%| O|  |TAMS 0x0000000712000000| PB 0x0000000711e00000| Untracked |  0
|  48|0x0000000712000000, 0x0000000712200000, 0x0000000712200000|100%| O|  |TAMS 0x0000000712200000| PB 0x0000000712000000| Untracked |  0
|  49|0x0000000712200000, 0x0000000712400000, 0x0000000712400000|100%| O|  |TAMS 0x0000000712400000| PB 0x0000000712200000| Untracked |  0
|  50|0x0000000712400000, 0x0000000712600000, 0x0000000712600000|100%| O|  |TAMS 0x0000000712600000| PB 0x0000000712400000| Untracked |  0
|  51|0x0000000712600000, 0x0000000712800000, 0x0000000712800000|100%| O|  |TAMS 0x0000000712600000| PB 0x0000000712600000| Untracked |  0
|  52|0x0000000712800000, 0x0000000712a00000, 0x0000000712a00000|100%| O|  |TAMS 0x0000000712800000| PB 0x0000000712800000| Untracked |  0
|  53|0x0000000712a00000, 0x0000000712c00000, 0x0000000712c00000|100%| O|  |TAMS 0x0000000712c00000| PB 0x0000000712a00000| Untracked |  0
|  54|0x0000000712c00000, 0x0000000712e00000, 0x0000000712e00000|100%| O|  |TAMS 0x0000000712e00000| PB 0x0000000712c00000| Untracked |  0
|  55|0x0000000712e00000, 0x0000000713000000, 0x0000000713000000|100%| O|  |TAMS 0x0000000713000000| PB 0x0000000712e00000| Untracked |  0
|  56|0x0000000713000000, 0x0000000713200000, 0x0000000713200000|100%| O|  |TAMS 0x0000000713000000| PB 0x0000000713000000| Untracked |  0
|  57|0x0000000713200000, 0x0000000713400000, 0x0000000713400000|100%| O|  |TAMS 0x0000000713400000| PB 0x0000000713200000| Untracked |  0
|  58|0x0000000713400000, 0x0000000713600000, 0x0000000713600000|100%|HS|  |TAMS 0x0000000713400000| PB 0x0000000713400000| Complete |  0
|  59|0x0000000713600000, 0x0000000713800000, 0x0000000713800000|100%| O|  |TAMS 0x0000000713800000| PB 0x0000000713600000| Untracked |  0
|  60|0x0000000713800000, 0x0000000713a00000, 0x0000000713a00000|100%| O|  |TAMS 0x0000000713a00000| PB 0x0000000713800000| Untracked |  0
|  61|0x0000000713a00000, 0x0000000713c00000, 0x0000000713c00000|100%| O|  |TAMS 0x0000000713c00000| PB 0x0000000713a00000| Untracked |  0
|  62|0x0000000713c00000, 0x0000000713e00000, 0x0000000713e00000|100%| O|  |TAMS 0x0000000713e00000| PB 0x0000000713c00000| Untracked |  0
|  63|0x0000000713e00000, 0x0000000714000000, 0x0000000714000000|100%| O|  |TAMS 0x0000000714000000| PB 0x0000000713e00000| Untracked |  0
|  64|0x0000000714000000, 0x0000000714200000, 0x0000000714200000|100%| O|  |TAMS 0x0000000714200000| PB 0x0000000714000000| Untracked |  0
|  65|0x0000000714200000, 0x0000000714400000, 0x0000000714400000|100%| O|  |TAMS 0x0000000714400000| PB 0x0000000714200000| Untracked |  0
|  66|0x0000000714400000, 0x0000000714600000, 0x0000000714600000|100%| O|  |TAMS 0x0000000714600000| PB 0x0000000714400000| Untracked |  0
|  67|0x0000000714600000, 0x0000000714800000, 0x0000000714800000|100%| O|  |TAMS 0x0000000714800000| PB 0x0000000714600000| Untracked |  0
|  68|0x0000000714800000, 0x0000000714a00000, 0x0000000714a00000|100%| O|  |TAMS 0x0000000714a00000| PB 0x0000000714800000| Untracked |  0
|  69|0x0000000714a00000, 0x0000000714c00000, 0x0000000714c00000|100%| O|  |TAMS 0x0000000714c00000| PB 0x0000000714a00000| Untracked |  0
|  70|0x0000000714c00000, 0x0000000714e00000, 0x0000000714e00000|100%| O|  |TAMS 0x0000000714e00000| PB 0x0000000714c00000| Untracked |  0
|  71|0x0000000714e00000, 0x0000000715000000, 0x0000000715000000|100%| O|  |TAMS 0x0000000715000000| PB 0x0000000714e00000| Untracked |  0
|  72|0x0000000715000000, 0x0000000715200000, 0x0000000715200000|100%| O|  |TAMS 0x0000000715200000| PB 0x0000000715000000| Untracked |  0
|  73|0x0000000715200000, 0x0000000715400000, 0x0000000715400000|100%| O|  |TAMS 0x0000000715400000| PB 0x0000000715200000| Untracked |  0
|  74|0x0000000715400000, 0x0000000715600000, 0x0000000715600000|100%| O|  |TAMS 0x0000000715600000| PB 0x0000000715400000| Untracked |  0
|  75|0x0000000715600000, 0x0000000715800000, 0x0000000715800000|100%| O|  |TAMS 0x0000000715800000| PB 0x0000000715600000| Untracked |  0
|  76|0x0000000715800000, 0x0000000715a00000, 0x0000000715a00000|100%| O|  |TAMS 0x0000000715a00000| PB 0x0000000715800000| Untracked |  0
|  77|0x0000000715a00000, 0x0000000715c00000, 0x0000000715c00000|100%| O|  |TAMS 0x0000000715c00000| PB 0x0000000715a00000| Untracked |  0
|  78|0x0000000715c00000, 0x0000000715e00000, 0x0000000715e00000|100%| O|  |TAMS 0x0000000715e00000| PB 0x0000000715c00000| Untracked |  0
|  79|0x0000000715e00000, 0x0000000716000000, 0x0000000716000000|100%| O|  |TAMS 0x0000000716000000| PB 0x0000000715e00000| Untracked |  0
|  80|0x0000000716000000, 0x0000000716200000, 0x0000000716200000|100%| O|  |TAMS 0x0000000716200000| PB 0x0000000716000000| Untracked |  0
|  81|0x0000000716200000, 0x0000000716400000, 0x0000000716400000|100%| O|  |TAMS 0x0000000716200000| PB 0x0000000716200000| Untracked |  0
|  82|0x0000000716400000, 0x0000000716600000, 0x0000000716600000|100%| O|  |TAMS 0x0000000716600000| PB 0x0000000716400000| Untracked |  0
|  83|0x0000000716600000, 0x0000000716800000, 0x0000000716800000|100%| O|  |TAMS 0x0000000716800000| PB 0x0000000716600000| Untracked |  0
|  84|0x0000000716800000, 0x0000000716a00000, 0x0000000716a00000|100%| O|  |TAMS 0x0000000716a00000| PB 0x0000000716800000| Untracked |  0
|  85|0x0000000716a00000, 0x0000000716c00000, 0x0000000716c00000|100%| O|  |TAMS 0x0000000716c00000| PB 0x0000000716a00000| Untracked |  0
|  86|0x0000000716c00000, 0x0000000716e00000, 0x0000000716e00000|100%| O|  |TAMS 0x0000000716e00000| PB 0x0000000716c00000| Untracked |  0
|  87|0x0000000716e00000, 0x0000000717000000, 0x0000000717000000|100%| O|  |TAMS 0x0000000717000000| PB 0x0000000716e00000| Untracked |  0
|  88|0x0000000717000000, 0x0000000717200000, 0x0000000717200000|100%| O|  |TAMS 0x0000000717200000| PB 0x0000000717000000| Untracked |  0
|  89|0x0000000717200000, 0x0000000717400000, 0x0000000717400000|100%| O|  |TAMS 0x0000000717400000| PB 0x0000000717200000| Untracked |  0
|  90|0x0000000717400000, 0x0000000717600000, 0x0000000717600000|100%| O|  |TAMS 0x0000000717600000| PB 0x0000000717400000| Untracked |  0
|  91|0x0000000717600000, 0x0000000717800000, 0x0000000717800000|100%| O|  |TAMS 0x0000000717800000| PB 0x0000000717600000| Untracked |  0
|  92|0x0000000717800000, 0x0000000717a00000, 0x0000000717a00000|100%| O|  |TAMS 0x0000000717a00000| PB 0x0000000717800000| Untracked |  0
|  93|0x0000000717a00000, 0x0000000717c00000, 0x0000000717c00000|100%| O|  |TAMS 0x0000000717c00000| PB 0x0000000717a00000| Untracked |  0
|  94|0x0000000717c00000, 0x0000000717e00000, 0x0000000717e00000|100%| O|  |TAMS 0x0000000717e00000| PB 0x0000000717c00000| Untracked |  0
|  95|0x0000000717e00000, 0x0000000718000000, 0x0000000718000000|100%| O|  |TAMS 0x0000000717f26100| PB 0x0000000717e00000| Untracked |  0
|  96|0x0000000718000000, 0x0000000718200000, 0x0000000718200000|100%| O|  |TAMS 0x0000000718000000| PB 0x0000000718000000| Untracked |  0
|  97|0x0000000718200000, 0x0000000718400000, 0x0000000718400000|100%| O|  |TAMS 0x0000000718200000| PB 0x0000000718200000| Untracked |  0
|  98|0x0000000718400000, 0x0000000718600000, 0x0000000718600000|100%| O|  |TAMS 0x0000000718400000| PB 0x0000000718400000| Untracked |  0
|  99|0x0000000718600000, 0x0000000718800000, 0x0000000718800000|100%| O|  |TAMS 0x0000000718600000| PB 0x0000000718600000| Untracked |  0
| 100|0x0000000718800000, 0x0000000718a00000, 0x0000000718a00000|100%| O|  |TAMS 0x0000000718800000| PB 0x0000000718800000| Untracked |  0
| 101|0x0000000718a00000, 0x0000000718c00000, 0x0000000718c00000|100%| O|  |TAMS 0x0000000718a00000| PB 0x0000000718a00000| Untracked |  0
| 102|0x0000000718c00000, 0x0000000718e00000, 0x0000000718e00000|100%| O|  |TAMS 0x0000000718c00000| PB 0x0000000718c00000| Untracked |  0
| 103|0x0000000718e00000, 0x0000000718e8b890, 0x0000000719000000| 27%| O|  |TAMS 0x0000000718e00000| PB 0x0000000718e00000| Untracked |  0
| 104|0x0000000719000000, 0x0000000719000000, 0x0000000719200000|  0%| F|  |TAMS 0x0000000719000000| PB 0x0000000719000000| Untracked |  0
| 105|0x0000000719200000, 0x0000000719200000, 0x0000000719400000|  0%| F|  |TAMS 0x0000000719200000| PB 0x0000000719200000| Untracked |  0
| 106|0x0000000719400000, 0x0000000719400000, 0x0000000719600000|  0%| F|  |TAMS 0x0000000719400000| PB 0x0000000719400000| Untracked |  0
| 107|0x0000000719600000, 0x0000000719600000, 0x0000000719800000|  0%| F|  |TAMS 0x0000000719600000| PB 0x0000000719600000| Untracked |  0
| 108|0x0000000719800000, 0x0000000719800000, 0x0000000719a00000|  0%| F|  |TAMS 0x0000000719800000| PB 0x0000000719800000| Untracked |  0
| 109|0x0000000719a00000, 0x0000000719a00000, 0x0000000719c00000|  0%| F|  |TAMS 0x0000000719a00000| PB 0x0000000719a00000| Untracked |  0
| 110|0x0000000719c00000, 0x0000000719c00000, 0x0000000719e00000|  0%| F|  |TAMS 0x0000000719c00000| PB 0x0000000719c00000| Untracked |  0
| 111|0x0000000719e00000, 0x0000000719e00000, 0x000000071a000000|  0%| F|  |TAMS 0x0000000719e00000| PB 0x0000000719e00000| Untracked |  0
| 112|0x000000071a000000, 0x000000071a000000, 0x000000071a200000|  0%| F|  |TAMS 0x000000071a000000| PB 0x000000071a000000| Untracked |  0
| 113|0x000000071a200000, 0x000000071a200000, 0x000000071a400000|  0%| F|  |TAMS 0x000000071a200000| PB 0x000000071a200000| Untracked |  0
| 114|0x000000071a400000, 0x000000071a400000, 0x000000071a600000|  0%| F|  |TAMS 0x000000071a400000| PB 0x000000071a400000| Untracked |  0
| 115|0x000000071a600000, 0x000000071a600000, 0x000000071a800000|  0%| F|  |TAMS 0x000000071a600000| PB 0x000000071a600000| Untracked |  0
| 116|0x000000071a800000, 0x000000071a800000, 0x000000071aa00000|  0%| F|  |TAMS 0x000000071a800000| PB 0x000000071a800000| Untracked |  0
| 117|0x000000071aa00000, 0x000000071aa00000, 0x000000071ac00000|  0%| F|  |TAMS 0x000000071aa00000| PB 0x000000071aa00000| Untracked |  0
| 118|0x000000071ac00000, 0x000000071ac00000, 0x000000071ae00000|  0%| F|  |TAMS 0x000000071ac00000| PB 0x000000071ac00000| Untracked |  0
| 119|0x000000071ae00000, 0x000000071ae00000, 0x000000071b000000|  0%| F|  |TAMS 0x000000071ae00000| PB 0x000000071ae00000| Untracked |  0
| 120|0x000000071b000000, 0x000000071b000000, 0x000000071b200000|  0%| F|  |TAMS 0x000000071b000000| PB 0x000000071b000000| Untracked |  0
| 121|0x000000071b200000, 0x000000071b400000, 0x000000071b400000|100%| S|CS|TAMS 0x000000071b200000| PB 0x000000071b200000| Complete |  0
| 122|0x000000071b400000, 0x000000071b600000, 0x000000071b600000|100%| S|CS|TAMS 0x000000071b400000| PB 0x000000071b400000| Complete |  0
| 123|0x000000071b600000, 0x000000071b800000, 0x000000071b800000|100%| S|CS|TAMS 0x000000071b600000| PB 0x000000071b600000| Complete |  0
| 124|0x000000071b800000, 0x000000071ba00000, 0x000000071ba00000|100%| S|CS|TAMS 0x000000071b800000| PB 0x000000071b800000| Complete |  0
| 125|0x000000071ba00000, 0x000000071bc00000, 0x000000071bc00000|100%| S|CS|TAMS 0x000000071ba00000| PB 0x000000071ba00000| Complete |  0
| 126|0x000000071bc00000, 0x000000071be00000, 0x000000071be00000|100%| S|CS|TAMS 0x000000071bc00000| PB 0x000000071bc00000| Complete |  0
| 127|0x000000071be00000, 0x000000071c000000, 0x000000071c000000|100%| S|CS|TAMS 0x000000071be00000| PB 0x000000071be00000| Complete |  0
| 128|0x000000071c000000, 0x000000071c200000, 0x000000071c200000|100%| S|CS|TAMS 0x000000071c000000| PB 0x000000071c000000| Complete |  0
| 129|0x000000071c200000, 0x000000071c400000, 0x000000071c400000|100%| S|CS|TAMS 0x000000071c200000| PB 0x000000071c200000| Complete |  0
| 130|0x000000071c400000, 0x000000071c400000, 0x000000071c600000|  0%| F|  |TAMS 0x000000071c400000| PB 0x000000071c400000| Untracked |  0
| 131|0x000000071c600000, 0x000000071c600000, 0x000000071c800000|  0%| F|  |TAMS 0x000000071c600000| PB 0x000000071c600000| Untracked |  0
| 132|0x000000071c800000, 0x000000071c800000, 0x000000071ca00000|  0%| F|  |TAMS 0x000000071c800000| PB 0x000000071c800000| Untracked |  0
| 133|0x000000071ca00000, 0x000000071ca00000, 0x000000071cc00000|  0%| F|  |TAMS 0x000000071ca00000| PB 0x000000071ca00000| Untracked |  0
| 134|0x000000071cc00000, 0x000000071cc00000, 0x000000071ce00000|  0%| F|  |TAMS 0x000000071cc00000| PB 0x000000071cc00000| Untracked |  0
| 135|0x000000071ce00000, 0x000000071ce00000, 0x000000071d000000|  0%| F|  |TAMS 0x000000071ce00000| PB 0x000000071ce00000| Untracked |  0
| 136|0x000000071d000000, 0x000000071d000000, 0x000000071d200000|  0%| F|  |TAMS 0x000000071d000000| PB 0x000000071d000000| Untracked |  0
| 137|0x000000071d200000, 0x000000071d200000, 0x000000071d400000|  0%| F|  |TAMS 0x000000071d200000| PB 0x000000071d200000| Untracked |  0
| 138|0x000000071d400000, 0x000000071d400000, 0x000000071d600000|  0%| F|  |TAMS 0x000000071d400000| PB 0x000000071d400000| Untracked |  0
| 139|0x000000071d600000, 0x000000071d600000, 0x000000071d800000|  0%| F|  |TAMS 0x000000071d600000| PB 0x000000071d600000| Untracked |  0
| 140|0x000000071d800000, 0x000000071d800000, 0x000000071da00000|  0%| F|  |TAMS 0x000000071d800000| PB 0x000000071d800000| Untracked |  0
| 141|0x000000071da00000, 0x000000071da00000, 0x000000071dc00000|  0%| F|  |TAMS 0x000000071da00000| PB 0x000000071da00000| Untracked |  0
| 142|0x000000071dc00000, 0x000000071dc00000, 0x000000071de00000|  0%| F|  |TAMS 0x000000071dc00000| PB 0x000000071dc00000| Untracked |  0
| 143|0x000000071de00000, 0x000000071de00000, 0x000000071e000000|  0%| F|  |TAMS 0x000000071de00000| PB 0x000000071de00000| Untracked |  0
| 144|0x000000071e000000, 0x000000071e000000, 0x000000071e200000|  0%| F|  |TAMS 0x000000071e000000| PB 0x000000071e000000| Untracked |  0
| 145|0x000000071e200000, 0x000000071e200000, 0x000000071e400000|  0%| F|  |TAMS 0x000000071e200000| PB 0x000000071e200000| Untracked |  0
| 146|0x000000071e400000, 0x000000071e400000, 0x000000071e600000|  0%| F|  |TAMS 0x000000071e400000| PB 0x000000071e400000| Untracked |  0
| 147|0x000000071e600000, 0x000000071e600000, 0x000000071e800000|  0%| F|  |TAMS 0x000000071e600000| PB 0x000000071e600000| Untracked |  0
| 148|0x000000071e800000, 0x000000071e800000, 0x000000071ea00000|  0%| F|  |TAMS 0x000000071e800000| PB 0x000000071e800000| Untracked |  0
| 149|0x000000071ea00000, 0x000000071ea00000, 0x000000071ec00000|  0%| F|  |TAMS 0x000000071ea00000| PB 0x000000071ea00000| Untracked |  0
| 150|0x000000071ec00000, 0x000000071ec00000, 0x000000071ee00000|  0%| F|  |TAMS 0x000000071ec00000| PB 0x000000071ec00000| Untracked |  0
| 151|0x000000071ee00000, 0x000000071ee00000, 0x000000071f000000|  0%| F|  |TAMS 0x000000071ee00000| PB 0x000000071ee00000| Untracked |  0
| 152|0x000000071f000000, 0x000000071f000000, 0x000000071f200000|  0%| F|  |TAMS 0x000000071f000000| PB 0x000000071f000000| Untracked |  0
| 153|0x000000071f200000, 0x000000071f200000, 0x000000071f400000|  0%| F|  |TAMS 0x000000071f200000| PB 0x000000071f200000| Untracked |  0
| 154|0x000000071f400000, 0x000000071f400000, 0x000000071f600000|  0%| F|  |TAMS 0x000000071f400000| PB 0x000000071f400000| Untracked |  0
| 155|0x000000071f600000, 0x000000071f600000, 0x000000071f800000|  0%| F|  |TAMS 0x000000071f600000| PB 0x000000071f600000| Untracked |  0
| 156|0x000000071f800000, 0x000000071f800000, 0x000000071fa00000|  0%| F|  |TAMS 0x000000071f800000| PB 0x000000071f800000| Untracked |  0
| 157|0x000000071fa00000, 0x000000071fa00000, 0x000000071fc00000|  0%| F|  |TAMS 0x000000071fa00000| PB 0x000000071fa00000| Untracked |  0
| 158|0x000000071fc00000, 0x000000071fc00000, 0x000000071fe00000|  0%| F|  |TAMS 0x000000071fc00000| PB 0x000000071fc00000| Untracked |  0
| 159|0x000000071fe00000, 0x000000071fe00000, 0x0000000720000000|  0%| F|  |TAMS 0x000000071fe00000| PB 0x000000071fe00000| Untracked |  0
| 160|0x0000000720000000, 0x0000000720000000, 0x0000000720200000|  0%| F|  |TAMS 0x0000000720000000| PB 0x0000000720000000| Untracked |  0
| 161|0x0000000720200000, 0x0000000720200000, 0x0000000720400000|  0%| F|  |TAMS 0x0000000720200000| PB 0x0000000720200000| Untracked |  0
| 162|0x0000000720400000, 0x0000000720400000, 0x0000000720600000|  0%| F|  |TAMS 0x0000000720400000| PB 0x0000000720400000| Untracked |  0
| 163|0x0000000720600000, 0x0000000720600000, 0x0000000720800000|  0%| F|  |TAMS 0x0000000720600000| PB 0x0000000720600000| Untracked |  0
| 164|0x0000000720800000, 0x0000000720800000, 0x0000000720a00000|  0%| F|  |TAMS 0x0000000720800000| PB 0x0000000720800000| Untracked |  0
| 165|0x0000000720a00000, 0x0000000720a00000, 0x0000000720c00000|  0%| F|  |TAMS 0x0000000720a00000| PB 0x0000000720a00000| Untracked |  0
| 166|0x0000000720c00000, 0x0000000720c00000, 0x0000000720e00000|  0%| F|  |TAMS 0x0000000720c00000| PB 0x0000000720c00000| Untracked |  0
| 167|0x0000000720e00000, 0x0000000720e00000, 0x0000000721000000|  0%| F|  |TAMS 0x0000000720e00000| PB 0x0000000720e00000| Untracked |  0
| 168|0x0000000721000000, 0x0000000721000000, 0x0000000721200000|  0%| F|  |TAMS 0x0000000721000000| PB 0x0000000721000000| Untracked |  0
| 169|0x0000000721200000, 0x0000000721200000, 0x0000000721400000|  0%| F|  |TAMS 0x0000000721200000| PB 0x0000000721200000| Untracked |  0
| 170|0x0000000721400000, 0x0000000721400000, 0x0000000721600000|  0%| F|  |TAMS 0x0000000721400000| PB 0x0000000721400000| Untracked |  0
| 171|0x0000000721600000, 0x0000000721600000, 0x0000000721800000|  0%| F|  |TAMS 0x0000000721600000| PB 0x0000000721600000| Untracked |  0
| 172|0x0000000721800000, 0x0000000721800000, 0x0000000721a00000|  0%| F|  |TAMS 0x0000000721800000| PB 0x0000000721800000| Untracked |  0
| 173|0x0000000721a00000, 0x0000000721a00000, 0x0000000721c00000|  0%| F|  |TAMS 0x0000000721a00000| PB 0x0000000721a00000| Untracked |  0
| 174|0x0000000721c00000, 0x0000000721c00000, 0x0000000721e00000|  0%| F|  |TAMS 0x0000000721c00000| PB 0x0000000721c00000| Untracked |  0
| 175|0x0000000721e00000, 0x0000000721e00000, 0x0000000722000000|  0%| F|  |TAMS 0x0000000721e00000| PB 0x0000000721e00000| Untracked |  0
| 176|0x0000000722000000, 0x0000000722000000, 0x0000000722200000|  0%| F|  |TAMS 0x0000000722000000| PB 0x0000000722000000| Untracked |  0
| 177|0x0000000722200000, 0x0000000722200000, 0x0000000722400000|  0%| F|  |TAMS 0x0000000722200000| PB 0x0000000722200000| Untracked |  0
| 178|0x0000000722400000, 0x0000000722400000, 0x0000000722600000|  0%| F|  |TAMS 0x0000000722400000| PB 0x0000000722400000| Untracked |  0
| 179|0x0000000722600000, 0x0000000722600000, 0x0000000722800000|  0%| F|  |TAMS 0x0000000722600000| PB 0x0000000722600000| Untracked |  0
| 180|0x0000000722800000, 0x0000000722800000, 0x0000000722a00000|  0%| F|  |TAMS 0x0000000722800000| PB 0x0000000722800000| Untracked |  0
| 181|0x0000000722a00000, 0x0000000722a00000, 0x0000000722c00000|  0%| F|  |TAMS 0x0000000722a00000| PB 0x0000000722a00000| Untracked |  0
| 182|0x0000000722c00000, 0x0000000722c00000, 0x0000000722e00000|  0%| F|  |TAMS 0x0000000722c00000| PB 0x0000000722c00000| Untracked |  0
| 183|0x0000000722e00000, 0x0000000722e00000, 0x0000000723000000|  0%| F|  |TAMS 0x0000000722e00000| PB 0x0000000722e00000| Untracked |  0
| 184|0x0000000723000000, 0x0000000723000000, 0x0000000723200000|  0%| F|  |TAMS 0x0000000723000000| PB 0x0000000723000000| Untracked |  0
| 185|0x0000000723200000, 0x0000000723200000, 0x0000000723400000|  0%| F|  |TAMS 0x0000000723200000| PB 0x0000000723200000| Untracked |  0
| 186|0x0000000723400000, 0x0000000723400000, 0x0000000723600000|  0%| F|  |TAMS 0x0000000723400000| PB 0x0000000723400000| Untracked |  0
| 187|0x0000000723600000, 0x0000000723600000, 0x0000000723800000|  0%| F|  |TAMS 0x0000000723600000| PB 0x0000000723600000| Untracked |  0
| 188|0x0000000723800000, 0x0000000723800000, 0x0000000723a00000|  0%| F|  |TAMS 0x0000000723800000| PB 0x0000000723800000| Untracked |  0
| 189|0x0000000723a00000, 0x0000000723a00000, 0x0000000723c00000|  0%| F|  |TAMS 0x0000000723a00000| PB 0x0000000723a00000| Untracked |  0
| 190|0x0000000723c00000, 0x0000000723c00000, 0x0000000723e00000|  0%| F|  |TAMS 0x0000000723c00000| PB 0x0000000723c00000| Untracked |  0
| 191|0x0000000723e00000, 0x0000000723e00000, 0x0000000724000000|  0%| F|  |TAMS 0x0000000723e00000| PB 0x0000000723e00000| Untracked |  0
| 192|0x0000000724000000, 0x0000000724000000, 0x0000000724200000|  0%| F|  |TAMS 0x0000000724000000| PB 0x0000000724000000| Untracked |  0
| 193|0x0000000724200000, 0x0000000724200000, 0x0000000724400000|  0%| F|  |TAMS 0x0000000724200000| PB 0x0000000724200000| Untracked |  0
|1946|0x00000007ff400000, 0x00000007ff400000, 0x00000007ff600000|  0%| F|  |TAMS 0x00000007ff400000| PB 0x00000007ff400000| Untracked |  0
|1947|0x00000007ff600000, 0x00000007ff800000, 0x00000007ff800000|100%| O|  |TAMS 0x00000007ff800000| PB 0x00000007ff600000| Untracked |  0
|1948|0x00000007ff800000, 0x00000007ffa00000, 0x00000007ffa00000|100%| O|  |TAMS 0x00000007ffa00000| PB 0x00000007ff800000| Untracked |  0
|1949|0x00000007ffa00000, 0x00000007ffc00000, 0x00000007ffc00000|100%| O|  |TAMS 0x00000007ffc00000| PB 0x00000007ffa00000| Untracked |  0
|1950|0x00000007ffc00000, 0x00000007ffe00000, 0x00000007ffe00000|100%| O|  |TAMS 0x00000007ffe00000| PB 0x00000007ffc00000| Untracked |  0
|1951|0x00000007ffe00000, 0x0000000800000000, 0x0000000800000000|100%| O|  |TAMS 0x0000000800000000| PB 0x00000007ffe00000| Untracked |  0

Card table byte_map: [0x0000020fff260000,0x0000020fffa00000] _byte_map_base: 0x0000020ffba00000

Marking Bits: (CMBitMap*) 0x0000020ffe1e4c60
 Bits: [0x0000020f97670000, 0x0000020f9b370000)

Polling page: 0x0000020ffbff0000

Metaspace:

Usage:
  Non-class:     67.66 MB used.
      Class:      8.84 MB used.
       Both:     76.50 MB used.

Virtual space:
  Non-class space:      128.00 MB reserved,      68.19 MB ( 53%) committed,  2 nodes.
      Class space:        1.00 GB reserved,       9.31 MB ( <1%) committed,  1 nodes.
             Both:        1.12 GB reserved,      77.50 MB (  7%) committed. 

Chunk freelists:
   Non-Class:  11.56 MB
       Class:  6.66 MB
        Both:  18.22 MB

MaxMetaspaceSize: unlimited
CompressedClassSpaceSize: 1.00 GB
Initial GC threshold: 21.00 MB
Current GC threshold: 128.56 MB
CDS: on
 - commit_granule_bytes: 65536.
 - commit_granule_words: 8192.
 - virtual_space_node_default_size: 8388608.
 - enlarge_chunks_in_place: 1.
 - use_allocation_guard: 0.


Internal statistics:

num_allocs_failed_limit: 12.
num_arena_births: 1616.
num_arena_deaths: 0.
num_vsnodes_births: 3.
num_vsnodes_deaths: 0.
num_space_committed: 1238.
num_space_uncommitted: 0.
num_chunks_returned_to_freelist: 12.
num_chunks_taken_from_freelist: 4613.
num_chunk_merges: 12.
num_chunk_splits: 3358.
num_chunks_enlarged: 2509.
num_inconsistent_stats: 0.

CodeHeap 'non-profiled nmethods': size=119232Kb used=8487Kb max_used=8487Kb free=110744Kb
 bounds [0x0000020f90200000, 0x0000020f90a50000, 0x0000020f97670000]
CodeHeap 'profiled nmethods': size=119104Kb used=35869Kb max_used=35869Kb free=83234Kb
 bounds [0x0000020f88670000, 0x0000020f8a980000, 0x0000020f8fac0000]
CodeHeap 'non-nmethods': size=7424Kb used=3438Kb max_used=3541Kb free=3986Kb
 bounds [0x0000020f8fac0000, 0x0000020f8fe40000, 0x0000020f90200000]
CodeCache: size=245760Kb, used=47794Kb, max_used=47897Kb, free=197964Kb
 total_blobs=16412, nmethods=15633, adapters=678, full_count=0
Compilation: enabled, stopped_count=0, restarted_count=0

Compilation events (20 events):
Event: 11.848 Thread 0x0000020f9dde64f0 nmethod 17955 0x0000020f8a971f08 code [0x0000020f8a972020, 0x0000020f8a972118]
Event: 11.848 Thread 0x0000020f9dde8700 17956       3       org.jetbrains.kotlin.metadata.ProtoBuf$Property::access$16502 (7 bytes)
Event: 11.848 Thread 0x0000020f9dde7290 nmethod 17953 0x0000020f8a972208 code [0x0000020f8a972320, 0x0000020f8a972418]
Event: 11.848 Thread 0x0000020f9dde64f0 17957       3       org.jetbrains.kotlin.metadata.ProtoBuf$Property::access$16602 (7 bytes)
Event: 11.848 Thread 0x0000020f9dde7290 17958       3       org.jetbrains.kotlin.metadata.ProtoBuf$Property::access$16702 (7 bytes)
Event: 11.848 Thread 0x0000020f9dde8700 nmethod 17956 0x0000020f8a972508 code [0x0000020f8a972620, 0x0000020f8a972770]
Event: 11.848 Thread 0x0000020f9dde64f0 nmethod 17957 0x0000020f8a972808 code [0x0000020f8a972920, 0x0000020f8a972a18]
Event: 11.848 Thread 0x0000020f9dde7290 nmethod 17958 0x0000020f8a972b08 code [0x0000020f8a972c20, 0x0000020f8a972d70]
Event: 11.848 Thread 0x0000020f9dde5e20 nmethod 17947 0x0000020f8a972e08 code [0x0000020f8a973080, 0x0000020f8a9744c8]
Event: 11.857 Thread 0x0000020fee257fb0 17960       4       org.jetbrains.kotlin.serialization.deserialization.descriptors.DeserializedMemberScope$OptimizedImplementation$$Lambda/0x0000020f9f552eb0::invoke (12 bytes)
Event: 11.858 Thread 0x0000020f9dde64f0 17961       3       com.google.common.collect.AbstractSetMultimap::wrapCollection (14 bytes)
Event: 11.858 Thread 0x0000020f9dde8700 17962       3       com.google.common.collect.AbstractMapBasedMultimap$WrappedSet::<init> (14 bytes)
Event: 11.858 Thread 0x0000020f9dde64f0 nmethod 17961 0x0000020f8a974608 code [0x0000020f8a974740, 0x0000020f8a9749e8]
Event: 11.858 Thread 0x0000020f9dde8700 nmethod 17962 0x0000020f8a974a08 code [0x0000020f8a974b40, 0x0000020f8a974ce8]
Event: 11.858 Thread 0x0000020f9dde8700 17963       3       org.jetbrains.kotlin.resolve.lazy.data.KtClassInfoUtil::createClassOrObjectInfo (80 bytes)
Event: 11.859 Thread 0x0000020f9dde8700 nmethod 17963 0x0000020f8a974d08 code [0x0000020f8a975060, 0x0000020f8a976d28]
Event: 11.862 Thread 0x0000020f9dde8700 17964       3       org.jetbrains.kotlin.load.java.lazy.descriptors.LazyJavaScope$$Lambda/0x0000020f9f6d0000::invoke (8 bytes)
Event: 11.862 Thread 0x0000020f9dde7290 17965       3       org.jetbrains.kotlin.load.java.lazy.descriptors.LazyJavaScope::propertyNamesLazy_delegate$lambda$11 (9 bytes)
Event: 11.862 Thread 0x0000020f9dde8700 nmethod 17964 0x0000020f8a976e88 code [0x0000020f8a976fc0, 0x0000020f8a977218]
Event: 11.862 Thread 0x0000020f9dde7290 nmethod 17965 0x0000020f8a977288 code [0x0000020f8a9773c0, 0x0000020f8a977590]

GC Heap History (20 events):
Event: 6.751 GC heap after
{Heap after GC invocations=24 (full 0):
 garbage-first heap   total reserved 3997696K, committed 190464K, used 104222K [0x000000070c000000, 0x0000000800000000)
  region size 2048K, 5 young (10240K), 5 survivors (10240K)
 Metaspace       used 72753K, committed 73792K, reserved 1114112K
  class space    used 8727K, committed 9216K, reserved 1048576K
}
Event: 6.929 GC heap before
{Heap before GC invocations=24 (full 0):
 garbage-first heap   total reserved 3997696K, committed 190464K, used 167710K [0x000000070c000000, 0x0000000800000000)
  region size 2048K, 36 young (73728K), 5 survivors (10240K)
 Metaspace       used 73055K, committed 74048K, reserved 1114112K
  class space    used 8733K, committed 9216K, reserved 1048576K
}
Event: 6.937 GC heap after
{Heap after GC invocations=25 (full 0):
 garbage-first heap   total reserved 3997696K, committed 190464K, used 113869K [0x000000070c000000, 0x0000000800000000)
  region size 2048K, 5 young (10240K), 5 survivors (10240K)
 Metaspace       used 73055K, committed 74048K, reserved 1114112K
  class space    used 8733K, committed 9216K, reserved 1048576K
}
Event: 6.995 GC heap before
{Heap before GC invocations=25 (full 0):
 garbage-first heap   total reserved 3997696K, committed 190464K, used 165069K [0x000000070c000000, 0x0000000800000000)
  region size 2048K, 30 young (61440K), 5 survivors (10240K)
 Metaspace       used 73055K, committed 74048K, reserved 1114112K
  class space    used 8733K, committed 9216K, reserved 1048576K
}
Event: 7.002 GC heap after
{Heap after GC invocations=26 (full 0):
 garbage-first heap   total reserved 3997696K, committed 190464K, used 120640K [0x000000070c000000, 0x0000000800000000)
  region size 2048K, 4 young (8192K), 4 survivors (8192K)
 Metaspace       used 73055K, committed 74048K, reserved 1114112K
  class space    used 8733K, committed 9216K, reserved 1048576K
}
Event: 7.099 GC heap before
{Heap before GC invocations=27 (full 0):
 garbage-first heap   total reserved 3997696K, committed 204800K, used 169792K [0x000000070c000000, 0x0000000800000000)
  region size 2048K, 28 young (57344K), 4 survivors (8192K)
 Metaspace       used 73067K, committed 74048K, reserved 1114112K
  class space    used 8733K, committed 9216K, reserved 1048576K
}
Event: 7.106 GC heap after
{Heap after GC invocations=28 (full 0):
 garbage-first heap   total reserved 3997696K, committed 409600K, used 126206K [0x000000070c000000, 0x0000000800000000)
  region size 2048K, 3 young (6144K), 3 survivors (6144K)
 Metaspace       used 73067K, committed 74048K, reserved 1114112K
  class space    used 8733K, committed 9216K, reserved 1048576K
}
Event: 10.013 GC heap before
{Heap before GC invocations=28 (full 0):
 garbage-first heap   total reserved 3997696K, committed 409600K, used 331006K [0x000000070c000000, 0x0000000800000000)
  region size 2048K, 102 young (208896K), 3 survivors (6144K)
 Metaspace       used 76880K, committed 77888K, reserved 1179648K
  class space    used 8908K, committed 9408K, reserved 1048576K
}
Event: 10.030 GC heap after
{Heap after GC invocations=29 (full 0):
 garbage-first heap   total reserved 3997696K, committed 409600K, used 151235K [0x000000070c000000, 0x0000000800000000)
  region size 2048K, 13 young (26624K), 13 survivors (26624K)
 Metaspace       used 76880K, committed 77888K, reserved 1179648K
  class space    used 8908K, committed 9408K, reserved 1048576K
}
Event: 10.514 GC heap before
{Heap before GC invocations=29 (full 0):
 garbage-first heap   total reserved 3997696K, committed 409600K, used 308931K [0x000000070c000000, 0x0000000800000000)
  region size 2048K, 86 young (176128K), 13 survivors (26624K)
 Metaspace       used 77606K, committed 78592K, reserved 1179648K
  class space    used 9000K, committed 9472K, reserved 1048576K
}
Event: 10.543 GC heap after
{Heap after GC invocations=30 (full 0):
 garbage-first heap   total reserved 3997696K, committed 409600K, used 174532K [0x000000070c000000, 0x0000000800000000)
  region size 2048K, 11 young (22528K), 11 survivors (22528K)
 Metaspace       used 77606K, committed 78592K, reserved 1179648K
  class space    used 9000K, committed 9472K, reserved 1048576K
}
Event: 10.932 GC heap before
{Heap before GC invocations=30 (full 0):
 garbage-first heap   total reserved 3997696K, committed 409600K, used 244164K [0x000000070c000000, 0x0000000800000000)
  region size 2048K, 46 young (94208K), 11 survivors (22528K)
 Metaspace       used 77956K, committed 78976K, reserved 1179648K
  class space    used 9027K, committed 9536K, reserved 1048576K
}
Event: 10.944 GC heap after
{Heap after GC invocations=31 (full 0):
 garbage-first heap   total reserved 3997696K, committed 409600K, used 181045K [0x000000070c000000, 0x0000000800000000)
  region size 2048K, 5 young (10240K), 5 survivors (10240K)
 Metaspace       used 77956K, committed 78976K, reserved 1179648K
  class space    used 9027K, committed 9536K, reserved 1048576K
}
Event: 11.232 GC heap before
{Heap before GC invocations=32 (full 0):
 garbage-first heap   total reserved 3997696K, committed 409600K, used 336693K [0x000000070c000000, 0x0000000800000000)
  region size 2048K, 78 young (159744K), 5 survivors (10240K)
 Metaspace       used 77969K, committed 78976K, reserved 1179648K
  class space    used 9027K, committed 9536K, reserved 1048576K
}
Event: 11.243 GC heap after
{Heap after GC invocations=33 (full 0):
 garbage-first heap   total reserved 3997696K, committed 409600K, used 198950K [0x000000070c000000, 0x0000000800000000)
  region size 2048K, 10 young (20480K), 10 survivors (20480K)
 Metaspace       used 77969K, committed 78976K, reserved 1179648K
  class space    used 9027K, committed 9536K, reserved 1048576K
}
Event: 11.667 GC heap before
{Heap before GC invocations=33 (full 0):
 garbage-first heap   total reserved 3997696K, committed 409600K, used 344358K [0x000000070c000000, 0x0000000800000000)
  region size 2048K, 80 young (163840K), 10 survivors (20480K)
 Metaspace       used 78239K, committed 79296K, reserved 1179648K
  class space    used 9052K, committed 9536K, reserved 1048576K
}
Event: 11.691 GC heap after
{Heap after GC invocations=34 (full 0):
 garbage-first heap   total reserved 3997696K, committed 409600K, used 218264K [0x000000070c000000, 0x0000000800000000)
  region size 2048K, 10 young (20480K), 10 survivors (20480K)
 Metaspace       used 78239K, committed 79296K, reserved 1179648K
  class space    used 9052K, committed 9536K, reserved 1048576K
}
Event: 11.725 GC heap before
{Heap before GC invocations=34 (full 0):
 garbage-first heap   total reserved 3997696K, committed 409600K, used 234648K [0x000000070c000000, 0x0000000800000000)
  region size 2048K, 19 young (38912K), 10 survivors (20480K)
 Metaspace       used 78307K, committed 79360K, reserved 1179648K
  class space    used 9052K, committed 9536K, reserved 1048576K
}
Event: 11.735 GC heap after
{Heap after GC invocations=35 (full 0):
 garbage-first heap   total reserved 3997696K, committed 409600K, used 222930K [0x000000070c000000, 0x0000000800000000)
  region size 2048K, 4 young (8192K), 4 survivors (8192K)
 Metaspace       used 78307K, committed 79360K, reserved 1179648K
  class space    used 9052K, committed 9536K, reserved 1048576K
}
Event: 11.871 GC heap before
{Heap before GC invocations=35 (full 0):
 garbage-first heap   total reserved 3997696K, committed 409600K, used 349906K [0x000000070c000000, 0x0000000800000000)
  region size 2048K, 65 young (133120K), 4 survivors (8192K)
 Metaspace       used 78333K, committed 79360K, reserved 1179648K
  class space    used 9052K, committed 9536K, reserved 1048576K
}

Dll operation events (8 events):
Event: 0.005 Loaded shared library C:\Program Files\Java\jdk-23\bin\java.dll
Event: 0.037 Loaded shared library C:\Program Files\Java\jdk-23\bin\jsvml.dll
Event: 0.064 Loaded shared library C:\Program Files\Java\jdk-23\bin\net.dll
Event: 0.065 Loaded shared library C:\Program Files\Java\jdk-23\bin\nio.dll
Event: 0.068 Loaded shared library C:\Program Files\Java\jdk-23\bin\zip.dll
Event: 0.120 Loaded shared library C:\Program Files\Java\jdk-23\bin\jimage.dll
Event: 0.751 Loaded shared library C:\Program Files\Java\jdk-23\bin\verify.dll
Event: 1.631 Loaded shared library C:\Users\Haqii\AppData\Local\Temp\sqlite-3.41.2.1-77501516-14c7-4974-8091-54e8175f8624-sqlitejdbc.dll

Deoptimization events (20 events):
Event: 11.436 Thread 0x0000020fe47bef60 DEOPT PACKING pc=0x0000020f906bafd8 sp=0x0000001014cf5fb0
Event: 11.436 Thread 0x0000020fe47bef60 DEOPT UNPACKING pc=0x0000020f8fb14402 sp=0x0000001014cf5f40 mode 2
Event: 11.551 Thread 0x0000020fe47bef60 DEOPT PACKING pc=0x0000020f89cf1924 sp=0x0000001014cf76b0
Event: 11.551 Thread 0x0000020fe47bef60 DEOPT UNPACKING pc=0x0000020f8fb14b22 sp=0x0000001014cf6c58 mode 0
Event: 11.554 Thread 0x0000020fe47bef60 DEOPT PACKING pc=0x0000020f8a7e7e94 sp=0x0000001014cf9220
Event: 11.554 Thread 0x0000020fe47bef60 DEOPT UNPACKING pc=0x0000020f8fb14b22 sp=0x0000001014cf87d0 mode 0
Event: 11.566 Thread 0x0000020fe47bef60 DEOPT PACKING pc=0x0000020f89cf1924 sp=0x0000001014cf9b80
Event: 11.566 Thread 0x0000020fe47bef60 DEOPT UNPACKING pc=0x0000020f8fb14b22 sp=0x0000001014cf9128 mode 0
Event: 11.575 Thread 0x0000020fe47bef60 Uncommon trap: trap_request=0xffffff45 fr.pc=0x0000020f90a23644 relative=0x0000000000000384
Event: 11.575 Thread 0x0000020fe47bef60 Uncommon trap: reason=unstable_if action=reinterpret pc=0x0000020f90a23644 method=org.jetbrains.kotlin.resolve.calls.smartcasts.DataFlowValueFactoryImpl.isComplexExpression(Lorg/jetbrains/kotlin/psi/KtExpression;)Z @ 20 c2
Event: 11.575 Thread 0x0000020fe47bef60 DEOPT PACKING pc=0x0000020f90a23644 sp=0x0000001014cfa4d0
Event: 11.575 Thread 0x0000020fe47bef60 DEOPT UNPACKING pc=0x0000020f8fb14402 sp=0x0000001014cfa450 mode 2
Event: 11.576 Thread 0x0000020fe47bef60 DEOPT PACKING pc=0x0000020f8a7e75e4 sp=0x0000001014cfaeb0
Event: 11.576 Thread 0x0000020fe47bef60 DEOPT UNPACKING pc=0x0000020f8fb14b22 sp=0x0000001014cfa460 mode 0
Event: 11.578 Thread 0x0000020fe47bef60 DEOPT PACKING pc=0x0000020f8a7e75e4 sp=0x0000001014cfdd70
Event: 11.578 Thread 0x0000020fe47bef60 DEOPT UNPACKING pc=0x0000020f8fb14b22 sp=0x0000001014cfd320 mode 0
Event: 11.589 Thread 0x0000020fe47bef60 DEOPT PACKING pc=0x0000020f89d04f9c sp=0x0000001014cf9cb0
Event: 11.589 Thread 0x0000020fe47bef60 DEOPT UNPACKING pc=0x0000020f8fb14b22 sp=0x0000001014cf9250 mode 0
Event: 11.589 Thread 0x0000020fe47bef60 DEOPT PACKING pc=0x0000020f89964cec sp=0x0000001014cf9fe0
Event: 11.589 Thread 0x0000020fe47bef60 DEOPT UNPACKING pc=0x0000020f8fb14b22 sp=0x0000001014cf9490 mode 0

Classes loaded (20 events):
Event: 5.910 Loading class java/util/stream/SortedOps$RefSortingSink
Event: 5.910 Loading class java/util/stream/SortedOps$AbstractRefSortingSink
Event: 5.910 Loading class java/util/stream/SortedOps$AbstractRefSortingSink done
Event: 5.910 Loading class java/util/stream/SortedOps$RefSortingSink done
Event: 6.270 Loading class java/util/function/IntBinaryOperator
Event: 6.270 Loading class java/util/function/IntBinaryOperator done
Event: 6.326 Loading class java/util/concurrent/CompletableFuture$AsyncRun
Event: 6.326 Loading class java/util/concurrent/CompletableFuture$AsyncRun done
Event: 6.364 Loading class java/util/concurrent/locks/ReentrantReadWriteLock$Sync$HoldCounter
Event: 6.364 Loading class java/util/concurrent/locks/ReentrantReadWriteLock$Sync$HoldCounter done
Event: 6.719 Loading class java/util/concurrent/ConcurrentLinkedQueue$Itr
Event: 6.719 Loading class java/util/concurrent/ConcurrentLinkedQueue$Itr done
Event: 10.046 Loading class java/util/EnumMap$EntrySet
Event: 10.046 Loading class java/util/EnumMap$EntrySet done
Event: 10.046 Loading class java/util/EnumMap$EntryIterator
Event: 10.046 Loading class java/util/EnumMap$EnumMapIterator
Event: 10.046 Loading class java/util/EnumMap$EnumMapIterator done
Event: 10.046 Loading class java/util/EnumMap$EntryIterator done
Event: 10.047 Loading class java/util/EnumMap$EntryIterator$Entry
Event: 10.047 Loading class java/util/EnumMap$EntryIterator$Entry done

Classes unloaded (0 events):
No events

Classes redefined (0 events):
No events

Internal exceptions (20 events):
Event: 5.820 Thread 0x0000020fe47b8660 Implicit null exception at 0x0000020f906a0128 to 0x0000020f906a0830
Event: 5.838 Thread 0x0000020fe47b8660 Implicit null exception at 0x0000020f90626d40 to 0x0000020f90626e14
Event: 5.852 Thread 0x0000020fe47b8660 Exception <a 'java/lang/IncompatibleClassChangeError'{0x0000000713621d20}: Found class java.lang.Object, but interface was expected> (0x0000000713621d20) 
thrown [s\open\src\hotspot\share\interpreter\linkResolver.cpp, line 863]
Event: 5.865 Thread 0x0000020fe47b8660 Implicit null exception at 0x0000020f903e538a to 0x0000020f903e5714
Event: 5.909 Thread 0x0000020fe47b8660 Exception <a 'java/lang/NoSuchMethodError'{0x00000007135affe0}: 'int java.lang.invoke.DirectMethodHandle$Holder.invokeSpecialIFC(java.lang.Object, java.lang.Object, java.lang.Object, java.lang.Object, java.lang.Object)'> (0x00000007135affe0) 
thrown [s\open\src\hotspot\share\interpreter\linkResolver.cpp, line 796]
Event: 6.035 Thread 0x0000020fe47b8660 Exception <a 'java/lang/NoSuchMethodError'{0x000000071296d568}: 'java.lang.Object java.lang.invoke.DirectMethodHandle$Holder.invokeStatic(java.lang.Object, int, java.lang.Object, java.lang.Object)'> (0x000000071296d568) 
thrown [s\open\src\hotspot\share\interpreter\linkResolver.cpp, line 796]
Event: 6.035 Thread 0x0000020fe47b8660 Exception <a 'java/lang/NoSuchMethodError'{0x0000000712975170}: 'java.lang.Object java.lang.invoke.DirectMethodHandle$Holder.newInvokeSpecial(java.lang.Object, int, java.lang.Object)'> (0x0000000712975170) 
thrown [s\open\src\hotspot\share\interpreter\linkResolver.cpp, line 796]
Event: 6.271 Thread 0x0000020fe47b8660 Exception <a 'java/lang/NoSuchMethodError'{0x000000071190fd40}: 'int java.lang.invoke.DirectMethodHandle$Holder.invokeStatic(java.lang.Object, java.lang.Object, int, java.lang.Object)'> (0x000000071190fd40) 
thrown [s\open\src\hotspot\share\interpreter\linkResolver.cpp, line 796]
Event: 6.278 Thread 0x0000020fe47b8660 Exception <a 'java/lang/IncompatibleClassChangeError'{0x0000000711998580}: Found class java.lang.Object, but interface was expected> (0x0000000711998580) 
thrown [s\open\src\hotspot\share\interpreter\linkResolver.cpp, line 863]
Event: 6.278 Thread 0x0000020fe47b8660 Exception <a 'java/lang/NoSuchMethodError'{0x000000071199b398}: 'int java.lang.invoke.DirectMethodHandle$Holder.invokeSpecialIFC(java.lang.Object, java.lang.Object, java.lang.Object)'> (0x000000071199b398) 
thrown [s\open\src\hotspot\share\interpreter\linkResolver.cpp, line 796]
Event: 6.364 Thread 0x0000020fe47bef60 Implicit null exception at 0x0000020f9064ab97 to 0x0000020f9064c308
Event: 6.367 Thread 0x0000020fe47bef60 Implicit null exception at 0x0000020f90641af3 to 0x0000020f90644270
Event: 6.693 Thread 0x0000020fede68800 Exception <a 'java/lang/NoSuchMethodError'{0x0000000713ba9b20}: 'java.lang.Object java.lang.invoke.DirectMethodHandle$Holder.invokeStatic(java.lang.Object, java.lang.Object, java.lang.Object, java.lang.Object, long, java.lang.Object)'> (0x0000000713ba9b20) 
thrown [s\open\src\hotspot\share\interpreter\linkResolver.cpp, line 796]
Event: 6.693 Thread 0x0000020fede68800 Exception <a 'java/lang/NoSuchMethodError'{0x0000000713bb0b38}: 'java.lang.Object java.lang.invoke.DirectMethodHandle$Holder.newInvokeSpecial(java.lang.Object, java.lang.Object, java.lang.Object, java.lang.Object, long)'> (0x0000000713bb0b38) 
thrown [s\open\src\hotspot\share\interpreter\linkResolver.cpp, line 796]
Event: 6.693 Thread 0x0000020fede68800 Exception <a 'java/lang/NoSuchMethodError'{0x0000000713bb4848}: 'java.lang.Object java.lang.invoke.DirectMethodHandle$Holder.invokeSpecial(java.lang.Object, java.lang.Object, java.lang.Object, java.lang.Object, java.lang.Object, long)'> (0x0000000713bb4848) 
thrown [s\open\src\hotspot\share\interpreter\linkResolver.cpp, line 796]
Event: 6.694 Thread 0x0000020fede68800 Exception <a 'java/lang/NoSuchMethodError'{0x0000000713bb7fd8}: 'java.lang.Object java.lang.invoke.Invokers$Holder.linkToTargetMethod(java.lang.Object, java.lang.Object, java.lang.Object, long, java.lang.Object)'> (0x0000000713bb7fd8) 
thrown [s\open\src\hotspot\share\interpreter\linkResolver.cpp, line 796]
Event: 10.216 Thread 0x0000020fe47bef60 Implicit null exception at 0x0000020f906e9bbf to 0x0000020f906ea4f8
Event: 10.287 Thread 0x0000020fe47bef60 Implicit null exception at 0x0000020f904bad80 to 0x0000020f904bb08c
Event: 10.305 Thread 0x0000020fe47bef60 Implicit null exception at 0x0000020f90734ca8 to 0x0000020f90734f05
Event: 10.334 Thread 0x0000020fe47bef60 Exception <a 'java/lang/NoSuchMethodError'{0x000000072055cd98}: 'java.lang.Object java.lang.invoke.DirectMethodHandle$Holder.invokeStatic(java.lang.Object, int, int, java.lang.Object)'> (0x000000072055cd98) 
thrown [s\open\src\hotspot\share\interpreter\linkResolver.cpp, line 796]

VM Operations (20 events):
Event: 10.672 Executing VM operation: HandshakeAllThreads (Deoptimize) done
Event: 10.675 Executing VM operation: HandshakeAllThreads (Deoptimize)
Event: 10.675 Executing VM operation: HandshakeAllThreads (Deoptimize) done
Event: 10.932 Executing VM operation: G1TryInitiateConcMark (G1 Humongous Allocation)
Event: 10.944 Executing VM operation: G1TryInitiateConcMark (G1 Humongous Allocation) done
Event: 11.086 Executing VM operation: G1PauseRemark
Event: 11.092 Executing VM operation: G1PauseRemark done
Event: 11.198 Executing VM operation: G1PauseCleanup
Event: 11.198 Executing VM operation: G1PauseCleanup done
Event: 11.232 Executing VM operation: G1CollectForAllocation (G1 Evacuation Pause)
Event: 11.243 Executing VM operation: G1CollectForAllocation (G1 Evacuation Pause) done
Event: 11.544 Executing VM operation: HandshakeAllThreads (Deoptimize)
Event: 11.544 Executing VM operation: HandshakeAllThreads (Deoptimize) done
Event: 11.589 Executing VM operation: HandshakeAllThreads (Deoptimize)
Event: 11.589 Executing VM operation: HandshakeAllThreads (Deoptimize) done
Event: 11.667 Executing VM operation: G1CollectForAllocation (G1 Evacuation Pause)
Event: 11.691 Executing VM operation: G1CollectForAllocation (G1 Evacuation Pause) done
Event: 11.725 Executing VM operation: G1TryInitiateConcMark (G1 Humongous Allocation)
Event: 11.735 Executing VM operation: G1TryInitiateConcMark (G1 Humongous Allocation) done
Event: 11.871 Executing VM operation: G1CollectForAllocation (G1 Evacuation Pause)

Memory protections (0 events):
No events

Nmethod flushes (20 events):
Event: 11.091 Thread 0x0000020f9ddae5b0 flushing  nmethod 0x0000020f89479408
Event: 11.091 Thread 0x0000020f9ddae5b0 flushing  nmethod 0x0000020f90458c08
Event: 11.091 Thread 0x0000020f9ddae5b0 flushing  nmethod 0x0000020f8878c208
Event: 11.091 Thread 0x0000020f9ddae5b0 flushing  nmethod 0x0000020f88affc08
Event: 11.091 Thread 0x0000020f9ddae5b0 flushing  nmethod 0x0000020f88db6608
Event: 11.091 Thread 0x0000020f9ddae5b0 flushing  nmethod 0x0000020f89541f08
Event: 11.091 Thread 0x0000020f9ddae5b0 flushing  nmethod 0x0000020f897b4388
Event: 11.091 Thread 0x0000020f9ddae5b0 flushing  nmethod 0x0000020f90498c08
Event: 11.091 Thread 0x0000020f9ddae5b0 flushing  nmethod 0x0000020f905f7588
Event: 11.091 Thread 0x0000020f9ddae5b0 flushing  nmethod 0x0000020f8882f908
Event: 11.091 Thread 0x0000020f9ddae5b0 flushing  nmethod 0x0000020f88894488
Event: 11.091 Thread 0x0000020f9ddae5b0 flushing  nmethod 0x0000020f88bdf988
Event: 11.091 Thread 0x0000020f9ddae5b0 flushing  nmethod 0x0000020f88d80908
Event: 11.091 Thread 0x0000020f9ddae5b0 flushing  nmethod 0x0000020f88e99188
Event: 11.091 Thread 0x0000020f9ddae5b0 flushing  nmethod 0x0000020f890baa88
Event: 11.091 Thread 0x0000020f9ddae5b0 flushing  nmethod 0x0000020f89110888
Event: 11.091 Thread 0x0000020f9ddae5b0 flushing  nmethod 0x0000020f89110c88
Event: 11.091 Thread 0x0000020f9ddae5b0 flushing  nmethod 0x0000020f89112b88
Event: 11.091 Thread 0x0000020f9ddae5b0 flushing  nmethod 0x0000020f89114c08
Event: 11.091 Thread 0x0000020f9ddae5b0 flushing  nmethod 0x0000020f89b97f88

Events (20 events):
Event: 1.073 Thread 0x0000020f9dde7290 Thread added: 0x0000020fee25caa0
Event: 1.305 Thread 0x0000020ffbf1a3b0 Thread added: 0x0000020f9ddda460
Event: 1.306 Thread 0x0000020f9ddda460 Thread exited: 0x0000020f9ddda460
Event: 1.487 Thread 0x0000020ffbf1a3b0 Thread added: 0x0000020fe47bce90
Event: 1.488 Thread 0x0000020ffbf1a3b0 Thread exited: 0x0000020ffbf1a3b0
Event: 1.488 Thread 0x0000020fe47ba0a0 Thread added: 0x0000020fe47ba0a0
Event: 1.535 Thread 0x0000020fe47bce90 Thread added: 0x0000020fe47badc0
Event: 1.709 Thread 0x0000020f9dde6bc0 Thread added: 0x0000020fee259420
Event: 2.441 Thread 0x0000020fee259420 Thread exited: 0x0000020fee259420
Event: 2.441 Thread 0x0000020fee25caa0 Thread exited: 0x0000020fee25caa0
Event: 2.443 Thread 0x0000020f9dde8dd0 Thread exited: 0x0000020f9dde8dd0
Event: 2.472 Thread 0x0000020fe47badc0 Thread added: 0x0000020fe47bd520
Event: 2.537 Thread 0x0000020f9dde4420 Thread added: 0x0000020fee257fb0
Event: 2.537 Thread 0x0000020f9dde4420 Thread added: 0x0000020fee258d50
Event: 2.537 Thread 0x0000020f9dde4420 Thread added: 0x0000020fee258680
Event: 2.642 Thread 0x0000020fe47badc0 Thread added: 0x0000020fe47bef60
Event: 2.679 Thread 0x0000020fe47bce90 Thread added: 0x0000020fe47b8660
Event: 6.327 Thread 0x0000020fe47b8660 Thread added: 0x0000020fede68800
Event: 11.295 Thread 0x0000020fee258680 Thread exited: 0x0000020fee258680
Event: 11.306 Thread 0x0000020fee258d50 Thread exited: 0x0000020fee258d50


Dynamic libraries:
0x00007ff690160000 - 0x00007ff690170000 	C:\Program Files\Java\jdk-23\bin\java.exe
0x00007ffd85a70000 - 0x00007ffd85c68000 	C:\Windows\SYSTEM32\ntdll.dll
0x00007ffd83c30000 - 0x00007ffd83cf2000 	C:\Windows\System32\KERNEL32.DLL
0x00007ffd83450000 - 0x00007ffd83747000 	C:\Windows\System32\KERNELBASE.dll
0x00007ffd83100000 - 0x00007ffd83200000 	C:\Windows\System32\ucrtbase.dll
0x00007ffd68060000 - 0x00007ffd68077000 	C:\Program Files\Java\jdk-23\bin\jli.dll
0x00007ffd64690000 - 0x00007ffd646ab000 	C:\Program Files\Java\jdk-23\bin\VCRUNTIME140.dll
0x00007ffd83a90000 - 0x00007ffd83c2d000 	C:\Windows\System32\USER32.dll
0x00007ffd83750000 - 0x00007ffd83772000 	C:\Windows\System32\win32u.dll
0x00007ffd84bc0000 - 0x00007ffd84beb000 	C:\Windows\System32\GDI32.dll
0x00007ffd70bf0000 - 0x00007ffd70e8a000 	C:\Windows\WinSxS\amd64_microsoft.windows.common-controls_6595b64144ccf1df_6.0.19041.5915_none_60b4b9d171f9c7c7\COMCTL32.dll
0x00007ffd83200000 - 0x00007ffd83319000 	C:\Windows\System32\gdi32full.dll
0x00007ffd839f0000 - 0x00007ffd83a8d000 	C:\Windows\System32\msvcp_win.dll
0x00007ffd84b20000 - 0x00007ffd84bbe000 	C:\Windows\System32\msvcrt.dll
0x00007ffd83ed0000 - 0x00007ffd83eff000 	C:\Windows\System32\IMM32.DLL
0x00007ffd7fe90000 - 0x00007ffd7fe9c000 	C:\Program Files\Java\jdk-23\bin\vcruntime140_1.dll
0x00007ffd54a40000 - 0x00007ffd54ace000 	C:\Program Files\Java\jdk-23\bin\msvcp140.dll
0x00007ffcfa970000 - 0x00007ffcfb6bf000 	C:\Program Files\Java\jdk-23\bin\server\jvm.dll
0x00007ffd84880000 - 0x00007ffd84931000 	C:\Windows\System32\ADVAPI32.dll
0x00007ffd84f20000 - 0x00007ffd84fbf000 	C:\Windows\System32\sechost.dll
0x00007ffd85900000 - 0x00007ffd85a26000 	C:\Windows\System32\RPCRT4.dll
0x00007ffd83780000 - 0x00007ffd837a7000 	C:\Windows\System32\bcrypt.dll
0x00007ffd84aa0000 - 0x00007ffd84b0b000 	C:\Windows\System32\WS2_32.dll
0x00007ffd82f60000 - 0x00007ffd82fab000 	C:\Windows\SYSTEM32\POWRPROF.dll
0x00007ffd79bd0000 - 0x00007ffd79bda000 	C:\Windows\SYSTEM32\VERSION.dll
0x00007ffd72550000 - 0x00007ffd72577000 	C:\Windows\SYSTEM32\WINMM.dll
0x00007ffd82f40000 - 0x00007ffd82f52000 	C:\Windows\SYSTEM32\UMPDC.dll
0x00007ffd81920000 - 0x00007ffd81932000 	C:\Windows\SYSTEM32\kernel.appcore.dll
0x00007ffd7c5c0000 - 0x00007ffd7c5ca000 	C:\Program Files\Java\jdk-23\bin\jimage.dll
0x00007ffd80930000 - 0x00007ffd80b31000 	C:\Windows\SYSTEM32\DBGHELP.DLL
0x00007ffd6a040000 - 0x00007ffd6a074000 	C:\Windows\SYSTEM32\dbgcore.DLL
0x00007ffd837b0000 - 0x00007ffd83832000 	C:\Windows\System32\bcryptPrimitives.dll
0x00007ffd5f680000 - 0x00007ffd5f69e000 	C:\Program Files\Java\jdk-23\bin\java.dll
0x00007ffd84c50000 - 0x00007ffd84d7b000 	C:\Windows\System32\ole32.dll
0x00007ffd83f00000 - 0x00007ffd84253000 	C:\Windows\System32\combase.dll
0x00007ffd85080000 - 0x00007ffd857ee000 	C:\Windows\System32\SHELL32.dll
0x00007ffd80b40000 - 0x00007ffd812e4000 	C:\Windows\SYSTEM32\windows.storage.dll
0x00007ffd82a60000 - 0x00007ffd82a8b000 	C:\Windows\SYSTEM32\Wldp.dll
0x00007ffd84e50000 - 0x00007ffd84f1d000 	C:\Windows\System32\OLEAUT32.dll
0x00007ffd83d00000 - 0x00007ffd83dad000 	C:\Windows\System32\SHCORE.dll
0x00007ffd85020000 - 0x00007ffd8507b000 	C:\Windows\System32\shlwapi.dll
0x00007ffd83030000 - 0x00007ffd83054000 	C:\Windows\SYSTEM32\profapi.dll
0x00007ffd4cca0000 - 0x00007ffd4cd77000 	C:\Program Files\Java\jdk-23\bin\jsvml.dll
0x00007ffd62120000 - 0x00007ffd62130000 	C:\Program Files\Java\jdk-23\bin\net.dll
0x00007ffd827c0000 - 0x00007ffd8282a000 	C:\Windows\system32\mswsock.dll
0x00007ffd5f660000 - 0x00007ffd5f676000 	C:\Program Files\Java\jdk-23\bin\nio.dll
0x00007ffd5f640000 - 0x00007ffd5f657000 	C:\Program Files\Java\jdk-23\bin\zip.dll
0x00007ffd829b0000 - 0x00007ffd829c8000 	C:\Windows\SYSTEM32\CRYPTSP.dll
0x00007ffd820e0000 - 0x00007ffd82118000 	C:\Windows\system32\rsaenh.dll
0x00007ffd82ff0000 - 0x00007ffd8301e000 	C:\Windows\SYSTEM32\USERENV.dll
0x00007ffd829d0000 - 0x00007ffd829dc000 	C:\Windows\SYSTEM32\CRYPTBASE.dll
0x00007ffd824a0000 - 0x00007ffd824db000 	C:\Windows\SYSTEM32\IPHLPAPI.DLL
0x00007ffd84d80000 - 0x00007ffd84d88000 	C:\Windows\System32\NSI.dll
0x00007ffd5fa30000 - 0x00007ffd5fa40000 	C:\Program Files\Java\jdk-23\bin\verify.dll
0x00007ffd4a950000 - 0x00007ffd4aa39000 	C:\Users\Haqii\AppData\Local\Temp\sqlite-3.41.2.1-77501516-14c7-4974-8091-54e8175f8624-sqlitejdbc.dll

dbghelp: loaded successfully - version: 4.0.5 - missing functions: none
symbol engine: initialized successfully - sym options: 0x614 - pdb path: .;C:\Program Files\Java\jdk-23\bin;C:\Windows\SYSTEM32;C:\Windows\WinSxS\amd64_microsoft.windows.common-controls_6595b64144ccf1df_6.0.19041.5915_none_60b4b9d171f9c7c7;C:\Program Files\Java\jdk-23\bin\server;C:\Users\Haqii\AppData\Local\Temp

VM Arguments:
jvm_args: -DkotlinLanguageServer.version=1.3.13 
java_command: org.javacs.kt.MainKt
java_class_path (initial): c:\Users\Haqii\AppData\Roaming\Code\User\globalStorage\fwcd.kotlin\langServerInstall\server\lib\server-1.3.13.jar;c:\Users\Haqii\AppData\Roaming\Code\User\globalStorage\fwcd.kotlin\langServerInstall\server\lib\shared-1.3.13.jar;c:\Users\Haqii\AppData\Roaming\Code\User\globalStorage\fwcd.kotlin\langServerInstall\server\lib\kotlin-scripting-jvm-host-unshaded-2.1.0.jar;c:\Users\Haqii\AppData\Roaming\Code\User\globalStorage\fwcd.kotlin\langServerInstall\server\lib\kotlin-scripting-compiler-2.1.0.jar;c:\Users\Haqii\AppData\Roaming\Code\User\globalStorage\fwcd.kotlin\langServerInstall\server\lib\ktfmt-b5d31d1.jar;c:\Users\Haqii\AppData\Roaming\Code\User\globalStorage\fwcd.kotlin\langServerInstall\server\lib\kotlin-compiler-2.1.0.jar;c:\Users\Haqii\AppData\Roaming\Code\User\globalStorage\fwcd.kotlin\langServerInstall\server\lib\exposed-dao-0.37.3.jar;c:\Users\Haqii\AppData\Roaming\Code\User\globalStorage\fwcd.kotlin\langServerInstall\server\lib\exposed-jdbc-0.37.3.jar;c:\Users\Haqii\AppData\Roaming\Code\User\globalStorage\fwcd.kotlin\langServerInstall\server\lib\exposed-core-0.37.3.jar;c:\Users\Haqii\AppData\Roaming\Code\User\globalStorage\fwcd.kotlin\langServerInstall\server\lib\kotlin-scripting-compiler-impl-2.1.0.jar;c:\Users\Haqii\AppData\Roaming\Code\User\globalStorage\fwcd.kotlin\langServerInstall\server\lib\kotlin-reflect-2.1.0.jar;c:\Users\Haqii\AppData\Roaming\Code\User\globalStorage\fwcd.kotlin\langServerInstall\server\lib\kotlin-scripting-jvm-2.1.0.jar;c:\Users\Haqii\AppData\Roaming\Code\User\globalStorage\fwcd.kotlin\langServerInstall\server\lib\kotlin-scripting-common-2.1.0.jar;c:\Users\Haqii\AppData\Roaming\Code\User\globalStorage\fwcd.kotlin\langServerInstall\server\lib\kotlinx-coroutines-core-jvm-1.6.4.jar;c:\Users\Haqii\AppData\Roaming\Code\User\globalStorage\fwcd.kotlin\langServerInstall\server\lib\kotlin-stdlib-jdk8-2.1.0.jar;c:\Users\Haqii\AppData\Roaming\Code\User\globalStorage\fwcd.kotlin\langServerInstall\server\lib\kotlin-stdlib-jdk7-2.1.0.jar;c:\Users\Haqii\AppData\Roaming\Code\User\globalStorage\fwcd.kotlin\langServerInstall\server\lib\kotlin-stdlib-2.1.0.jar;c:\Users\Haqii\AppData\Roaming\Code\User\globalStorage\fwcd.kotlin\langServerInstall\server\lib\org.eclipse.lsp4j-0.21.2.jar;c:\Users\Haqii\AppData\Roaming\Code\User\globalStorage\fwcd.kotlin\langServerInstall\server\lib\org.eclipse.lsp4j.jsonrpc-0.21.2.jar;c:\Users\Haqii\AppData\Roaming\Code\User\globalStorage\fwcd.kotlin\langServerInstall\server\lib\kotlin-sam-with-receiver-compiler-plugin-2.1.0.jar;c:\Users\Haqii\AppData\Roaming\Code\User\globalStorage\fwcd.kotlin\langServerInstall\server\lib\fernflower-1.0.jar;c:\Users\Haqii\AppData\Roaming\Code\User\globalStorage\fwcd.kotlin\langServerInstall\server\lib\h2-1.4.200.jar;c:\Users\Haqii\AppData\Roaming\Code\User\globalStorage\fwcd.kotlin\langServerInstall\server\lib\jcommander-1.78.jar;c:\Users\Haqii\AppData\Roaming\Code\User\globalStorage\fwcd.kotlin\langServerInstall\server\lib\sqlite-jdbc-3.41.2.1.jar;c:\Users\Haqii\AppData\Roaming\Code\User\globalStorage\fwcd.kotlin\langServerInstall\server\lib\google-java-format-1.8.jar;c:\Users\Haqii\AppData\Roaming\Code\User\globalStorage\fwcd.kotlin\langServerInstall\server\lib\guava-33.3.0-jre.jar;c:\Users\Haqii\AppData\Roaming\Code\User\globalStorage\fwcd.kotlin\langServerInstall\server\lib\annotations-13.0.jar;c:\Users\Haqii\AppData\Roaming\Code\User\globalStorage\fwcd.kotlin\langServerInstall\server\lib\gson-2.10.1.jar;c:\Users\Haqii\AppData\Roaming\Code\User\globalStorage\fwcd.kotlin\langServerInstall\server\lib\kotlin-script-runtime-2.1.0.jar;c:\Users\Haqii\AppData\Roaming\Code\User\globalStorage\fwcd.kotlin\langServerInstall\server\lib\trove4j-1.0.20200330.jar;c:\Users\Haqii\AppData\Roaming\Code\User\globalStorage\fwcd.kotlin\langServerInstall\server\lib\jline-3.24.1.jar;c:\Users\Haqii\AppData\Roaming\Code\User\globalStorage\fwcd.kotlin\langServerInstall\server\lib\slf4j-api-1.7.25.jar;c:\Users\Haqii\AppData\Roaming\Code\User\globalStorage\fwcd.kotlin\langServerInstall\server\lib\jna-4.2.2.jar;c:\Users\Haqii\AppData\Roaming\Code\User\globalStorage\fwcd.kotlin\langServerInstall\server\lib\failureaccess-1.0.2.jar;c:\Users\Haqii\AppData\Roaming\Code\User\globalStorage\fwcd.kotlin\langServerInstall\server\lib\listenablefuture-9999.0-empty-to-avoid-conflict-with-guava.jar;c:\Users\Haqii\AppData\Roaming\Code\User\globalStorage\fwcd.kotlin\langServerInstall\server\lib\jsr305-3.0.2.jar;c:\Users\Haqii\AppData\Roaming\Code\User\globalStorage\fwcd.kotlin\langServerInstall\server\lib\checker-qual-3.43.0.jar;c:\Users\Haqii\AppData\Roaming\Code\User\globalStorage\fwcd.kotlin\langServerInstall\server\lib\error_prone_annotations-2.28.0.jar
Launcher Type: SUN_STANDARD

[Global flags]
     intx CICompilerCount                          = 12                                        {product} {ergonomic}
     uint ConcGCThreads                            = 3                                         {product} {ergonomic}
     uint G1ConcRefinementThreads                  = 13                                        {product} {ergonomic}
   size_t G1HeapRegionSize                         = 2097152                                   {product} {ergonomic}
   size_t InitialHeapSize                          = 255852544                                 {product} {ergonomic}
   size_t MarkStackSize                            = 4194304                                   {product} {ergonomic}
   size_t MarkStackSizeMax                         = 536870912                                 {product} {ergonomic}
   size_t MaxHeapSize                              = 4093640704                                {product} {ergonomic}
   size_t MaxNewSize                               = 2455764992                                {product} {ergonomic}
   size_t MinHeapDeltaBytes                        = 2097152                                   {product} {ergonomic}
   size_t MinHeapSize                              = 8388608                                   {product} {ergonomic}
    uintx NonNMethodCodeHeapSize                   = 7602176                                {pd product} {ergonomic}
    uintx NonProfiledCodeHeapSize                  = 122093568                              {pd product} {ergonomic}
    uintx ProfiledCodeHeapSize                     = 121962496                              {pd product} {ergonomic}
    uintx ReservedCodeCacheSize                    = 251658240                              {pd product} {ergonomic}
     bool SegmentedCodeCache                       = true                                      {product} {ergonomic}
   size_t SoftMaxHeapSize                          = 4093640704                             {manageable} {ergonomic}
     bool UseCompressedOops                        = true                           {product lp64_product} {ergonomic}
     bool UseG1GC                                  = true                                      {product} {ergonomic}
     bool UseLargePagesIndividualAllocation        = false                                  {pd product} {ergonomic}

Logging:
Log output configuration:
 #0: stdout all=warning uptime,level,tags foldmultilines=false
 #1: stderr all=off uptime,level,tags foldmultilines=false

Environment Variables:
CLASSPATH=c:\Users\Haqii\AppData\Roaming\Code\User\globalStorage\fwcd.kotlin\langServerInstall\server\lib\server-1.3.13.jar;c:\Users\Haqii\AppData\Roaming\Code\User\globalStorage\fwcd.kotlin\langServerInstall\server\lib\shared-1.3.13.jar;c:\Users\Haqii\AppData\Roaming\Code\User\globalStorage\fwcd.kotlin\langServerInstall\server\lib\kotlin-scripting-jvm-host-unshaded-2.1.0.jar;c:\Users\Haqii\AppData\Roaming\Code\User\globalStorage\fwcd.kotlin\langServerInstall\server\lib\kotlin-scripting-compiler-2.1.0.jar;c:\Users\Haqii\AppData\Roaming\Code\User\globalStorage\fwcd.kotlin\langServerInstall\server\lib\ktfmt-b5d31d1.jar;c:\Users\Haqii\AppData\Roaming\Code\User\globalStorage\fwcd.kotlin\langServerInstall\server\lib\kotlin-compiler-2.1.0.jar;c:\Users\Haqii\AppData\Roaming\Code\User\globalStorage\fwcd.kotlin\langServerInstall\server\lib\exposed-dao-0.37.3.jar;c:\Users\Haqii\AppData\Roaming\Code\User\globalStorage\fwcd.kotlin\langServerInstall\server\lib\exposed-jdbc-0.37.3.jar;c:\Users\Haqii\AppData\Roaming\Code\User\globalStorage\fwcd.kotlin\langServerInstall\server\lib\exposed-core-0.37.3.jar;c:\Users\Haqii\AppData\Roaming\Code\User\globalStorage\fwcd.kotlin\langServerInstall\server\lib\kotlin-scripting-compiler-impl-2.1.0.jar;c:\Users\Haqii\AppData\Roaming\Code\User\globalStorage\fwcd.kotlin\langServerInstall\server\lib\kotlin-reflect-2.1.0.jar;c:\Users\Haqii\AppData\Roaming\Code\User\globalStorage\fwcd.kotlin\langServerInstall\server\lib\kotlin-scripting-jvm-2.1.0.jar;c:\Users\Haqii\AppData\Roaming\Code\User\globalStorage\fwcd.kotlin\langServerInstall\server\lib\kotlin-scripting-common-2.1.0.jar;c:\Users\Haqii\AppData\Roaming\Code\User\globalStorage\fwcd.kotlin\langServerInstall\server\lib\kotlinx-coroutines-core-jvm-1.6.4.jar;c:\Users\Haqii\AppData\Roaming\Code\User\globalStorage\fwcd.kotlin\langServerInstall\server\lib\kotlin-stdlib-jdk8-2.1.0.jar;c:\Users\Haqii\AppData\Roaming\Code\User\globalStorage\fwcd.kotlin\langServerInstall\server\lib\kotlin-stdlib-jdk7-2.1.0.jar;c:\Users\Haqii\AppData\Roaming\Code\User\globalStorage\fwcd.kotlin\langServerInstall\server\lib\kotlin-stdlib-2.1.0.jar;c:\Users\Haqii\AppData\Roaming\Code\User\globalStorage\fwcd.kotlin\langServerInstall\server\lib\org.eclipse.lsp4j-0.21.2.jar;c:\Users\Haqii\AppData\Roaming\Code\User\globalStorage\fwcd.kotlin\langServerInstall\server\lib\org.eclipse.lsp4j.jsonrpc-0.21.2.jar;c:\Users\Haqii\AppData\Roaming\Code\User\globalStorage\fwcd.kotlin\langServerInstall\server\lib\kotlin-sam-with-receiver-compiler-plugin-2.1.0.jar;c:\Users\Haqii\AppData\Roaming\Code\User\globalStorage\fwcd.kotlin\langServerInstall\server\lib\fernflower-1.0.jar;c:\Users\Haqii\AppData\Roaming\Code\User\globalStorage\fwcd.kotlin\langServerInstall\server\lib\h2-1.4.200.jar;c:\Users\Haqii\AppData\Roaming\Code\User\globalStorage\fwcd.kotlin\langServerInstall\server\lib\jcommander-1.78.jar;c:\Users\Haqii\AppData\Roaming\Code\User\globalStorage\fwcd.kotlin\langServerInstall\server\lib\sqlite-jdbc-3.41.2.1.jar;c:\Users\Haqii\AppData\Roaming\Code\User\globalStorage\fwcd.kotlin\langServerInstall\server\lib\google-java-format-1.8.jar;c:\Users\Haqii\AppData\Roaming\Code\User\globalStorage\fwcd.kotlin\langServerInstall\server\lib\guava-33.3.0-jre.jar;c:\Users\Haqii\AppData\Roaming\Code\User\globalStorage\fwcd.kotlin\langServerInstall\server\lib\annotations-13.0.jar;c:\Users\Haqii\AppData\Roaming\Code\User\globalStorage\fwcd.kotlin\langServerInstall\server\lib\gson-2.10.1.jar;c:\Users\Haqii\AppData\Roaming\Code\User\globalStorage\fwcd.kotlin\langServerInstall\server\lib\kotlin-script-runtime-2.1.0.jar;c:\Users\Haqii\AppData\Roaming\Code\User\globalStorage\fwcd.kotlin\langServerInstall\server\lib\trove4j-1.0.20200330.jar;c:\Users\Haqii\AppData\Roaming\Code\User\globalStorage\fwcd.kotlin\langServerInstall\server\lib\jline-3.24.1.jar;c:\Users\Haqii\AppData\Roaming\Code\User\globalStorage\fwcd.kotlin\langServerInstall\server\lib\slf4j-api-1.7.25.jar;c:\Users\Haqii\AppData\Roaming\Code\User\globalStorage\fwcd.kotlin\langServerInstall\server\lib\jna-4.2.2.jar;c:\Users\Haqii\AppData\Roaming\Code\User\globalStorage\fwcd.kotlin\langServerInstall\server\lib\failureaccess-1.0.2.jar;c:\Users\Haqii\AppData\Roaming\Code\User\globalStorage\fwcd.kotlin\langServerInstall\server\lib\listenablefuture-9999.0-empty-to-avoid-conflict-with-guava.jar;c:\Users\Haqii\AppData\Roaming\Code\User\globalStorage\fwcd.kotlin\langServerInstall\server\lib\jsr305-3.0.2.jar;c:\Users\Haqii\AppData\Roaming\Code\User\globalStorage\fwcd.kotlin\langServerInstall\server\lib\checker-qual-3.43.0.jar;c:\Users\Haqii\AppData\Roaming\Code\User\globalStorage\fwcd.kotlin\langServerInstall\server\lib\error_prone_annotations-2.28.0.jar
PATH=C:\Program Files\Common Files\Oracle\Java\javapath;C:\Program Files (x86)\Common Files\Oracle\Java\java8path;C:\Program Files (x86)\Common Files\Oracle\Java\javapath;C:\Windows\system32;C:\Windows;C:\Windows\System32\Wbem;C:\Windows\System32\WindowsPowerShell\v1.0\;C:\Windows\System32\OpenSSH\;C:\xampp\php;C:\ProgramData\ComposerSetup\bin;C:\Program Files\Git\cmd;C:\Program Files\dotnet\;C:\ProgramData\chocolatey\bin;C:\Program Files\Neovim\bin;C:\Program Files\nodejs\;C:\Program Files\Common Files\Oracle\Java\javapath;C:\Windows\system32;C:\Windows;C:\Windows\System32\Wbem;C:\Windows\System32\WindowsPowerShell\v1.0\;C:\Windows\System32\OpenSSH\;C:\xampp\php;C:\ProgramData\ComposerSetup\bin;C:\Program Files\nodejs\;C:\Program Files\Git\cmd;C:\Program Files\dotnet\;C:\ProgramData\chocolatey\bin;c:\Users\Haqii\AppData\Local\Programs\cursor\resources\app\codeBin;C:\Users\Haqii\AppData\Local\Programs\Python\Launcher\;c:\Users\Haqii\AppData\Local\Programs\Trae\bin;C:\Users\Haqii\AppData\Local\Microsoft\WindowsApps;C:\Users\Haqii\AppData\Local\Programs\Microsoft VS Code\bin;C:\Users\Haqii\AppData\Roaming\Composer\vendor\bin;C:\msys64\ucrt64\bin;C:\Users\Haqii\AppData\Local\spicetify;C:\xampp\php;C:\Users\Haqii\.deno\bin;C:\Android\cmdline-tools\latest\bin;C:\Android\platform-tools;C:\Android\emulator;C:\Users\Haqii\AppData\Roaming\npm
USERNAME=Haqii
OS=Windows_NT
PROCESSOR_IDENTIFIER=AMD64 Family 25 Model 68 Stepping 1, AuthenticAMD
TMP=C:\Users\Haqii\AppData\Local\Temp
TEMP=C:\Users\Haqii\AppData\Local\Temp




Periodic native trim disabled

---------------  S Y S T E M  ---------------

OS:
 Windows 10 , 64 bit Build 19041 (10.0.19041.5915)
OS uptime: 0 days 5:29 hours

CPU: total 16 (initial active 16) (16 cores per cpu, 2 threads per core) family 25 model 68 stepping 1 microcode 0x0, cx8, cmov, fxsr, ht, mmx, 3dnowpref, sse, sse2, sse3, ssse3, sse4a, sse4.1, sse4.2, popcnt, lzcnt, tsc, tscinvbit, avx, avx2, aes, erms, clmul, bmi1, bmi2, adx, sha, fma, vzeroupper, clflush, clflushopt, rdtscp, rdpid, fsrm, f16c, pku, cet_ss
Processor Information for processor 0
  Max Mhz: 3201, Current Mhz: 2560, Mhz Limit: 3201
Processor Information for processor 1
  Max Mhz: 3201, Current Mhz: 2560, Mhz Limit: 3201
Processor Information for processor 2
  Max Mhz: 3201, Current Mhz: 2560, Mhz Limit: 3201
Processor Information for processor 3
  Max Mhz: 3201, Current Mhz: 2560, Mhz Limit: 3201
Processor Information for processor 4
  Max Mhz: 3201, Current Mhz: 2560, Mhz Limit: 3201
Processor Information for processor 5
  Max Mhz: 3201, Current Mhz: 2560, Mhz Limit: 3201
Processor Information for processor 6
  Max Mhz: 3201, Current Mhz: 3201, Mhz Limit: 3201
Processor Information for processor 7
  Max Mhz: 3201, Current Mhz: 2560, Mhz Limit: 3201
Processor Information for processor 8
  Max Mhz: 3201, Current Mhz: 2560, Mhz Limit: 3201
Processor Information for processor 9
  Max Mhz: 3201, Current Mhz: 2560, Mhz Limit: 3201
Processor Information for processor 10
  Max Mhz: 3201, Current Mhz: 2560, Mhz Limit: 3201
Processor Information for processor 11
  Max Mhz: 3201, Current Mhz: 3201, Mhz Limit: 3201
Processor Information for processor 12
  Max Mhz: 3201, Current Mhz: 3201, Mhz Limit: 3201
Processor Information for processor 13
  Max Mhz: 3201, Current Mhz: 2560, Mhz Limit: 3201
Processor Information for processor 14
  Max Mhz: 3201, Current Mhz: 3201, Mhz Limit: 3201
Processor Information for processor 15
  Max Mhz: 3201, Current Mhz: 2560, Mhz Limit: 3201

Memory: 4k page, system-wide physical 15613M (655M free)
TotalPageFile size 28925M (AvailPageFile size 5M)
current process WorkingSet (physical memory assigned to process): 704M, peak: 727M
current process commit charge ("private bytes"): 1199M, peak: 1199M

vm_info: Java HotSpot(TM) 64-Bit Server VM (23.0.1+11-39) for windows-amd64 JRE (23.0.1+11-39), built on 2024-09-30T07:20:43Z with MS VC++ 17.6 (VS2022)

END.
