#
# There is insufficient memory for the Java Runtime Environment to continue.
# Native memory allocation (mmap) failed to map 2097152 bytes. Error detail: G1 virtual space
# Possible reasons:
#   The system is out of physical RAM or swap space
#   This process is running with CompressedOops enabled, and the Java Heap may be blocking the growth of the native heap
# Possible solutions:
#   Reduce memory load on the system
#   Increase physical memory or swap space
#   Check if swap backing store is full
#   Decrease Java heap size (-Xmx/-Xms)
#   Decrease number of Java threads
#   Decrease Java thread stack sizes (-Xss)
#   Set larger code cache with -XX:ReservedCodeCacheSize=
#   JVM is running with Zero Based Compressed Oops mode in which the Java heap is
#     placed in the first 32GB address space. The Java Heap base address is the
#     maximum limit for the native heap growth. Please use -XX:HeapBaseMinAddress
#     to set the Java Heap base and to place the Java Heap above 32GB virtual address.
# This output file may be truncated or incomplete.
#
#  Out of Memory Error (os_windows.cpp:3703), pid=23624, tid=164
#
# JRE version: Java(TM) SE Runtime Environment (23.0.1+11) (build 23.0.1+11-39)
# Java VM: Java HotSpot(TM) 64-Bit Server VM (23.0.1+11-39, mixed mode, sharing, tiered, compressed oops, compressed class ptrs, g1 gc, windows-amd64)
# No core dump will be written. Minidumps are not enabled by default on client versions of Windows
#

---------------  S U M M A R Y ------------

Command Line: -DkotlinLanguageServer.version=1.3.13 org.javacs.kt.MainKt

Host: AMD Ryzen 7 7735HS with Radeon Graphics        , 16 cores, 13G,  Windows 11 , 64 bit Build 26100 (10.0.26100.7019)
Time: Wed Dec 10 10:18:26 2025 SE Asia Standard Time elapsed time: 5.805838 seconds (0d 0h 0m 5s)

---------------  T H R E A D  ---------------

Current thread (0x00000224d6eb6710):  WorkerThread "GC Thread#11"   [id=164, stack(0x00000049d9c00000,0x00000049d9d00000) (1024K)]

Stack: [0x00000049d9c00000,0x00000049d9d00000]
Native frames: (J=compiled Java code, j=interpreted, Vv=VM code, C=native code)
V  [jvm.dll+0x6e08b9]  (no source info available)
V  [jvm.dll+0x87dc83]  (no source info available)
V  [jvm.dll+0x88010e]  (no source info available)
V  [jvm.dll+0x8807e3]  (no source info available)
V  [jvm.dll+0x27aee6]  (no source info available)
V  [jvm.dll+0x6dd1c5]  (no source info available)
V  [jvm.dll+0x6d104a]  (no source info available)
V  [jvm.dll+0x35b3ea]  (no source info available)
V  [jvm.dll+0x3637f6]  (no source info available)
V  [jvm.dll+0x34fa5b]  (no source info available)
V  [jvm.dll+0x3500e4]  (no source info available)
V  [jvm.dll+0x3501ad]  (no source info available)
V  [jvm.dll+0x32a0dc]  (no source info available)
V  [jvm.dll+0x329e4d]  (no source info available)
V  [jvm.dll+0x3191e5]  (no source info available)
V  [jvm.dll+0x3195b6]  (no source info available)
V  [jvm.dll+0x31a2c7]  (no source info available)
V  [jvm.dll+0x31a715]  (no source info available)
V  [jvm.dll+0x31a137]  (no source info available)
V  [jvm.dll+0x35d0c1]  (no source info available)
V  [jvm.dll+0x35d73e]  (no source info available)
V  [jvm.dll+0x35e9ff]  (no source info available)
V  [jvm.dll+0x35e497]  (no source info available)
V  [jvm.dll+0x373b99]  (no source info available)
V  [jvm.dll+0x3742ba]  (no source info available)
V  [jvm.dll+0x3743a7]  (no source info available)
V  [jvm.dll+0x37544b]  (no source info available)
V  [jvm.dll+0x8ae1b7]  (no source info available)
V  [jvm.dll+0x824f8b]  (no source info available)
V  [jvm.dll+0x6df065]  (no source info available)
C  [ucrtbase.dll+0x37b0]  (no source info available)
C  [KERNEL32.DLL+0x2e8d7]  (no source info available)
C  [ntdll.dll+0x8c53c]  (no source info available)


---------------  P R O C E S S  ---------------

Threads class SMR info:
_java_thread_list=0x00000224e00aab60, length=14, elements={
0x00000224f097b830, 0x000002248f1df280, 0x000002248f1e1fa0, 0x000002248f1e5fc0,
0x000002248f1e6d00, 0x000002248f1ea2a0, 0x000002248f1eeff0, 0x000002248f1f0820,
0x000002248f1f2c40, 0x000002248f1b2020, 0x00000224d51543e0, 0x00000224d515cec0,
0x00000224d5539600, 0x00000224d5542f50
}

Java Threads: ( => current thread )
  0x00000224f097b830 JavaThread "main"                              [_thread_blocked, id=23672, stack(0x00000049d7c00000,0x00000049d7d00000) (1024K)]
  0x000002248f1df280 JavaThread "Reference Handler"          daemon [_thread_blocked, id=24544, stack(0x00000049d8400000,0x00000049d8500000) (1024K)]
  0x000002248f1e1fa0 JavaThread "Finalizer"                  daemon [_thread_blocked, id=3812, stack(0x00000049d8500000,0x00000049d8600000) (1024K)]
  0x000002248f1e5fc0 JavaThread "Signal Dispatcher"          daemon [_thread_blocked, id=20520, stack(0x00000049d8600000,0x00000049d8700000) (1024K)]
  0x000002248f1e6d00 JavaThread "Attach Listener"            daemon [_thread_blocked, id=13188, stack(0x00000049d8700000,0x00000049d8800000) (1024K)]
  0x000002248f1ea2a0 JavaThread "Service Thread"             daemon [_thread_blocked, id=23580, stack(0x00000049d8800000,0x00000049d8900000) (1024K)]
  0x000002248f1eeff0 JavaThread "Monitor Deflation Thread"   daemon [_thread_blocked, id=24200, stack(0x00000049d8900000,0x00000049d8a00000) (1024K)]
  0x000002248f1f0820 JavaThread "C2 CompilerThread0"         daemon [_thread_blocked, id=12536, stack(0x00000049d8a00000,0x00000049d8b00000) (1024K)]
  0x000002248f1f2c40 JavaThread "C1 CompilerThread0"         daemon [_thread_blocked, id=23604, stack(0x00000049d8b00000,0x00000049d8c00000) (1024K)]
  0x000002248f1b2020 JavaThread "C1 CompilerThread1"         daemon [_thread_blocked, id=23752, stack(0x00000049d8c00000,0x00000049d8d00000) (1024K)]
  0x00000224d51543e0 JavaThread "Notification Thread"        daemon [_thread_blocked, id=24156, stack(0x00000049d8d00000,0x00000049d8e00000) (1024K)]
  0x00000224d515cec0 JavaThread "Common-Cleaner"             daemon [_thread_blocked, id=23948, stack(0x00000049d8e00000,0x00000049d8f00000) (1024K)]
  0x00000224d5539600 JavaThread "C1 CompilerThread2"         daemon [_thread_blocked, id=23660, stack(0x00000049d9100000,0x00000049d9200000) (1024K)]
  0x00000224d5542f50 JavaThread "C1 CompilerThread3"         daemon [_thread_blocked, id=23808, stack(0x00000049d9200000,0x00000049d9300000) (1024K)]
Total: 14

Other Threads:
  0x000002248f1c7970 VMThread "VM Thread"                           [id=23776, stack(0x00000049d8300000,0x00000049d8400000) (1024K)]
  0x000002248f1b1680 WatcherThread "VM Periodic Task Thread"        [id=23596, stack(0x00000049d8200000,0x00000049d8300000) (1024K)]
  0x00000224f09d8490 WorkerThread "GC Thread#0"                     [id=6436, stack(0x00000049d7d00000,0x00000049d7e00000) (1024K)]
  0x000002248f1c6ab0 WorkerThread "GC Thread#1"                     [id=24080, stack(0x00000049d9300000,0x00000049d9400000) (1024K)]
  0x000002248f1c6e60 WorkerThread "GC Thread#2"                     [id=15076, stack(0x00000049d9400000,0x00000049d9500000) (1024K)]
  0x00000224d5fffee0 WorkerThread "GC Thread#3"                     [id=12164, stack(0x00000049d9500000,0x00000049d9600000) (1024K)]
  0x00000224d5ffec70 WorkerThread "GC Thread#4"                     [id=20768, stack(0x00000049d9600000,0x00000049d9700000) (1024K)]
  0x00000224d5ffcef0 WorkerThread "GC Thread#5"                     [id=24336, stack(0x00000049d9700000,0x00000049d9800000) (1024K)]
  0x00000224d5ffe160 WorkerThread "GC Thread#6"                     [id=23532, stack(0x00000049d9800000,0x00000049d9900000) (1024K)]
  0x00000224d5fff020 WorkerThread "GC Thread#7"                     [id=23728, stack(0x00000049d9900000,0x00000049d9a00000) (1024K)]
  0x00000224d5ffe8c0 WorkerThread "GC Thread#8"                     [id=20036, stack(0x00000049d8f00000,0x00000049d9000000) (1024K)]
  0x00000224d5fff780 WorkerThread "GC Thread#9"                     [id=12384, stack(0x00000049d9000000,0x00000049d9100000) (1024K)]
  0x00000224d6eb6e70 WorkerThread "GC Thread#10"                    [id=24136, stack(0x00000049d9b00000,0x00000049d9c00000) (1024K)]
=>0x00000224d6eb6710 WorkerThread "GC Thread#11"                    [id=164, stack(0x00000049d9c00000,0x00000049d9d00000) (1024K)]
  0x00000224d6eb6ac0 WorkerThread "GC Thread#12"                    [id=18100, stack(0x00000049d9d00000,0x00000049d9e00000) (1024K)]
  0x00000224f09eb660 ConcurrentGCThread "G1 Main Marker"            [id=23932, stack(0x00000049d7e00000,0x00000049d7f00000) (1024K)]
  0x00000224f09ec910 WorkerThread "G1 Conc#0"                       [id=23700, stack(0x00000049d7f00000,0x00000049d8000000) (1024K)]
  0x00000224d6eb8fa0 WorkerThread "G1 Conc#1"                       [id=8, stack(0x00000049d9e00000,0x00000049d9f00000) (1024K)]
  0x00000224d6eb80e0 WorkerThread "G1 Conc#2"                       [id=24140, stack(0x00000049d9f00000,0x00000049da000000) (1024K)]
  0x00000224f0a2ea30 ConcurrentGCThread "G1 Refine#0"               [id=1500, stack(0x00000049d8000000,0x00000049d8100000) (1024K)]
  0x000002248f07d520 ConcurrentGCThread "G1 Service"                [id=17584, stack(0x00000049d8100000,0x00000049d8200000) (1024K)]
Total: 21

Threads with active compile tasks:
C2 CompilerThread0  5867 3043       4       sun.security.provider.SHA5::implCompress0 (346 bytes)
C1 CompilerThread1  5867 3044       3       java.util.Arrays::copyOfRange (82 bytes)
Total: 2

VM state: at safepoint (normal execution)

VM Mutex/Monitor currently owned by a thread:  ([mutex/lock_event])
[0x00007ffb390d1390] FreeList_lock - owner thread: 0x00000224d6eb6710
[0x00007ffb390d3910] Threads_lock - owner thread: 0x000002248f1c7970
[0x00007ffb390d3a10] Heap_lock - owner thread: 0x00000224f097b830

Heap address: 0x0000000724000000, size: 3520 MB, Compressed Oops mode: Zero based, Oop shift amount: 3

CDS archive(s) mapped at: [0x0000022490000000-0x0000022490d70000-0x0000022490d70000), size 14090240, SharedBaseAddress: 0x0000022490000000, ArchiveRelocationMode: 1.
Compressed class space mapped at: 0x0000022491000000-0x00000224d1000000, reserved size: 1073741824
Narrow klass base: 0x0000022490000000, Narrow klass shift: 0, Narrow klass range: 0x41000000

GC Precious Log:
 CardTable entry size: 512
 Card Set container configuration: InlinePtr #cards 4 size 8 Array Of Cards #cards 16 size 48 Howl #buckets 8 coarsen threshold 3686 Howl Bitmap #cards 512 size 80 coarsen threshold 460 Card regions per heap region 1 cards per card region 4096
 CPUs: 16 total, 16 available
 Memory: 14077M
 Large Page Support: Disabled
 NUMA Support: Disabled
 Compressed Oops: Enabled (Zero based)
 Heap Region Size: 2M
 Heap Min Capacity: 8M
 Heap Initial Capacity: 220M
 Heap Max Capacity: 3520M
 Pre-touch: Disabled
 Parallel Workers: 13
 Concurrent Workers: 3
 Concurrent Refinement Workers: 13
 Periodic GC: Disabled

Heap:
 garbage-first heap   total reserved 3604480K, committed 55296K, used 46800K [0x0000000724000000, 0x0000000800000000)
  region size 2048K, 20 young (40960K), 3 survivors (6144K)
 Metaspace       used 29670K, committed 30016K, reserved 1114112K
  class space    used 3388K, committed 3520K, reserved 1048576K

Heap Regions: E=young(eden), S=young(survivor), O=old, HS=humongous(starts), HC=humongous(continues), CS=collection set, F=free, TAMS=top-at-mark-start, PB=parsable bottom
|   0|0x0000000724000000, 0x0000000724200000, 0x0000000724200000|100%|HS|  |TAMS 0x0000000724000000| PB 0x0000000724000000| Complete |  0
|   1|0x0000000724200000, 0x0000000724400000, 0x0000000724400000|100%|HC|  |TAMS 0x0000000724200000| PB 0x0000000724200000| Complete |  0
|   2|0x0000000724400000, 0x0000000724600000, 0x0000000724600000|100%| O|  |TAMS 0x0000000724400000| PB 0x0000000724400000| Untracked |  0
|   3|0x0000000724600000, 0x0000000724800000, 0x0000000724800000|100%| O|  |TAMS 0x0000000724600000| PB 0x0000000724600000| Untracked |  0
|   4|0x0000000724800000, 0x000000072488e4b8, 0x0000000724a00000| 27%| O|  |TAMS 0x0000000724800000| PB 0x0000000724800000| Untracked |  0
|   5|0x0000000724a00000, 0x0000000724c00000, 0x0000000724c00000|100%| E|CS|TAMS 0x0000000724a00000| PB 0x0000000724a00000| Complete |  0
|   6|0x0000000724c00000, 0x0000000724e00000, 0x0000000724e00000|100%| E|CS|TAMS 0x0000000724c00000| PB 0x0000000724c00000| Complete |  0
|   7|0x0000000724e00000, 0x0000000725000000, 0x0000000725000000|100%| E|CS|TAMS 0x0000000724e00000| PB 0x0000000724e00000| Complete |  0
|   8|0x0000000725000000, 0x0000000725200000, 0x0000000725200000|100%| E|CS|TAMS 0x0000000725000000| PB 0x0000000725000000| Complete |  0
|   9|0x0000000725200000, 0x0000000725400000, 0x0000000725400000|100%| E|CS|TAMS 0x0000000725200000| PB 0x0000000725200000| Complete |  0
|  10|0x0000000725400000, 0x0000000725600000, 0x0000000725600000|100%| E|CS|TAMS 0x0000000725400000| PB 0x0000000725400000| Complete |  0
|  11|0x0000000725600000, 0x0000000725800000, 0x0000000725800000|100%| E|CS|TAMS 0x0000000725600000| PB 0x0000000725600000| Complete |  0
|  12|0x0000000725800000, 0x0000000725a00000, 0x0000000725a00000|100%| E|CS|TAMS 0x0000000725800000| PB 0x0000000725800000| Complete |  0
|  13|0x0000000725a00000, 0x0000000725c00000, 0x0000000725c00000|100%| E|CS|TAMS 0x0000000725a00000| PB 0x0000000725a00000| Complete |  0
|  14|0x0000000725c00000, 0x0000000725e00000, 0x0000000725e00000|100%| E|CS|TAMS 0x0000000725c00000| PB 0x0000000725c00000| Complete |  0
|  15|0x0000000725e00000, 0x0000000726000000, 0x0000000726000000|100%| E|CS|TAMS 0x0000000725e00000| PB 0x0000000725e00000| Complete |  0
|  16|0x0000000726000000, 0x0000000726200000, 0x0000000726200000|100%| E|CS|TAMS 0x0000000726000000| PB 0x0000000726000000| Complete |  0
|  17|0x0000000726200000, 0x0000000726400000, 0x0000000726400000|100%| E|CS|TAMS 0x0000000726200000| PB 0x0000000726200000| Complete |  0
|  18|0x0000000726400000, 0x0000000726600000, 0x0000000726600000|100%| E|CS|TAMS 0x0000000726400000| PB 0x0000000726400000| Complete |  0
|  19|0x0000000726600000, 0x0000000726800000, 0x0000000726800000|100%| E|CS|TAMS 0x0000000726600000| PB 0x0000000726600000| Complete |  0
|  20|0x0000000726800000, 0x0000000726a00000, 0x0000000726a00000|100%| E|CS|TAMS 0x0000000726800000| PB 0x0000000726800000| Complete |  0
|  21|0x0000000726a00000, 0x0000000726c00000, 0x0000000726c00000|100%| S|  |TAMS 0x0000000726a00000| PB 0x0000000726a00000| Complete |  0
|  22|0x0000000726c00000, 0x0000000726e00000, 0x0000000726e00000|100%| S|  |TAMS 0x0000000726c00000| PB 0x0000000726c00000| Complete |  0
|  23|0x0000000726e00000, 0x0000000727000000, 0x0000000727000000|100%| S|  |TAMS 0x0000000726e00000| PB 0x0000000726e00000| Complete |  0
|  94|0x000000072fc00000, 0x000000072fd25c20, 0x000000072fe00000| 57%| E|CS|TAMS 0x000000072fc00000| PB 0x000000072fc00000| Complete |  0
|  95|0x000000072fe00000, 0x0000000730000000, 0x0000000730000000|100%| E|CS|TAMS 0x000000072fe00000| PB 0x000000072fe00000| Complete |  0
| 109|0x0000000731a00000, 0x0000000731c00000, 0x0000000731c00000|100%| E|CS|TAMS 0x0000000731a00000| PB 0x0000000731a00000| Complete |  0

Card table byte_map: [0x00000224fa000000,0x00000224fa6e0000] _byte_map_base: 0x00000224f66e0000

Marking Bits: (CMBitMap*) 0x00000224f09d8ba0
 Bits: [0x00000224fa6e0000, 0x00000224fdde0000)

Polling page: 0x00000224ee790000

Metaspace:

Usage:
  Non-class:     25.67 MB used.
      Class:      3.31 MB used.
       Both:     28.98 MB used.

Virtual space:
  Non-class space:       64.00 MB reserved,      25.88 MB ( 40%) committed,  1 nodes.
      Class space:        1.00 GB reserved,       3.44 MB ( <1%) committed,  1 nodes.
             Both:        1.06 GB reserved,      29.31 MB (  3%) committed. 

Chunk freelists:
   Non-Class:  5.99 MB
       Class:  12.51 MB
        Both:  18.50 MB

MaxMetaspaceSize: unlimited
CompressedClassSpaceSize: 1.00 GB
Initial GC threshold: 21.00 MB
Current GC threshold: 35.31 MB
CDS: on
 - commit_granule_bytes: 65536.
 - commit_granule_words: 8192.
 - virtual_space_node_default_size: 8388608.
 - enlarge_chunks_in_place: 1.
 - use_allocation_guard: 0.


Internal statistics:

num_allocs_failed_limit: 3.
num_arena_births: 288.
num_arena_deaths: 0.
num_vsnodes_births: 2.
num_vsnodes_deaths: 0.
num_space_committed: 469.
num_space_uncommitted: 0.
num_chunks_returned_to_freelist: 3.
num_chunks_taken_from_freelist: 1196.
num_chunk_merges: 0.
num_chunk_splits: 949.
num_chunks_enlarged: 812.
num_inconsistent_stats: 0.

CodeHeap 'non-profiled nmethods': size=119232Kb used=998Kb max_used=998Kb free=118233Kb
 bounds [0x0000022487b90000, 0x0000022487e00000, 0x000002248f000000]
CodeHeap 'profiled nmethods': size=119104Kb used=4633Kb max_used=4633Kb free=114470Kb
 bounds [0x0000022480000000, 0x0000022480490000, 0x0000022487450000]
CodeHeap 'non-nmethods': size=7424Kb used=3275Kb max_used=3306Kb free=4149Kb
 bounds [0x0000022487450000, 0x0000022487790000, 0x0000022487b90000]
CodeCache: size=245760Kb, used=8906Kb, max_used=8937Kb, free=236852Kb
 total_blobs=3703, nmethods=3042, adapters=563, full_count=0
Compilation: enabled, stopped_count=0, restarted_count=0

Compilation events (20 events):
Event: 3.787 Thread 0x000002248f1b2020 nmethod 3033 0x0000022480484688 code [0x00000224804847a0, 0x0000022480484968]
Event: 3.787 Thread 0x000002248f1f2c40 nmethod 3032 0x0000022480484988 code [0x0000022480484b00, 0x00000224804850b8]
Event: 3.790 Thread 0x000002248f1f0820 3035       4       sun.security.util.ManifestDigester::findSection (181 bytes)
Event: 3.790 Thread 0x000002248f1b2020 3036  s    3       java.io.ByteArrayInputStream::read (36 bytes)
Event: 3.791 Thread 0x000002248f1b2020 nmethod 3036 0x0000022480485108 code [0x0000022480485220, 0x0000022480485518]
Event: 3.791 Thread 0x000002248f1f2c40 3037  s    1       java.io.ByteArrayOutputStream::size (5 bytes)
Event: 3.791 Thread 0x00000224d5542f50 3038       1       sun.security.util.DerOutputStream::buf (5 bytes)
Event: 3.791 Thread 0x000002248f1f2c40 nmethod 3037 0x0000022487c89088 code [0x0000022487c891a0, 0x0000022487c893c8]
Event: 3.791 Thread 0x00000224d5542f50 nmethod 3038 0x0000022487c89408 code [0x0000022487c89520, 0x0000022487c895f0]
Event: 3.792 Thread 0x00000224d5542f50 3039       3       java.math.BigInteger::bitLength (140 bytes)
Event: 3.792 Thread 0x000002248f1b2020 3040       3       java.math.MutableBigInteger::unsignedLongCompare (20 bytes)
Event: 3.792 Thread 0x000002248f1f2c40 3042       3       java.lang.Long::remainderUnsigned (57 bytes)
Event: 3.792 Thread 0x00000224d5539600 3041       3       java.lang.Long::divideUnsigned (54 bytes)
Event: 3.792 Thread 0x000002248f1b2020 nmethod 3040 0x0000022480485588 code [0x00000224804856a0, 0x0000022480485808]
Event: 3.792 Thread 0x000002248f1f2c40 nmethod 3042 0x0000022480485888 code [0x00000224804859a0, 0x0000022480485b98]
Event: 3.792 Thread 0x00000224d5539600 nmethod 3041 0x0000022480485c08 code [0x0000022480485d20, 0x0000022480485f10]
Event: 3.792 Thread 0x00000224d5542f50 nmethod 3039 0x0000022480485f88 code [0x0000022480486100, 0x00000224804865f0]
Event: 3.794 Thread 0x000002248f1f0820 nmethod 3035 0x0000022487c89708 code [0x0000022487c89820, 0x0000022487c89b38]
Event: 3.794 Thread 0x000002248f1f0820 3043       4       sun.security.provider.SHA5::implCompress0 (346 bytes)
Event: 3.794 Thread 0x000002248f1b2020 3044       3       java.util.Arrays::copyOfRange (82 bytes)

GC Heap History (7 events):
Event: 0.898 GC heap before
{Heap before GC invocations=0 (full 0):
 garbage-first heap   total reserved 3604480K, committed 225280K, used 26624K [0x0000000724000000, 0x0000000800000000)
  region size 2048K, 12 young (24576K), 0 survivors (0K)
 Metaspace       used 7911K, committed 8064K, reserved 1114112K
  class space    used 768K, committed 832K, reserved 1048576K
}
Event: 0.902 GC heap after
{Heap after GC invocations=1 (full 0):
 garbage-first heap   total reserved 3604480K, committed 225280K, used 8691K [0x0000000724000000, 0x0000000800000000)
  region size 2048K, 2 young (4096K), 2 survivors (4096K)
 Metaspace       used 7911K, committed 8064K, reserved 1114112K
  class space    used 768K, committed 832K, reserved 1048576K
}
Event: 1.404 GC heap before
{Heap before GC invocations=1 (full 0):
 garbage-first heap   total reserved 3604480K, committed 225280K, used 31219K [0x0000000724000000, 0x0000000800000000)
  region size 2048K, 13 young (26624K), 2 survivors (4096K)
 Metaspace       used 14820K, committed 15040K, reserved 1114112K
  class space    used 1641K, committed 1728K, reserved 1048576K
}
Event: 1.407 GC heap after
{Heap after GC invocations=2 (full 0):
 garbage-first heap   total reserved 3604480K, committed 225280K, used 10116K [0x0000000724000000, 0x0000000800000000)
  region size 2048K, 1 young (2048K), 1 survivors (2048K)
 Metaspace       used 14820K, committed 15040K, reserved 1114112K
  class space    used 1641K, committed 1728K, reserved 1048576K
}
Event: 1.961 GC heap before
{Heap before GC invocations=2 (full 0):
 garbage-first heap   total reserved 3604480K, committed 225280K, used 32644K [0x0000000724000000, 0x0000000800000000)
  region size 2048K, 14 young (28672K), 1 survivors (2048K)
 Metaspace       used 21318K, committed 21504K, reserved 1114112K
  class space    used 2414K, committed 2496K, reserved 1048576K
}
Event: 1.965 GC heap after
{Heap after GC invocations=3 (full 0):
 garbage-first heap   total reserved 3604480K, committed 225280K, used 11984K [0x0000000724000000, 0x0000000800000000)
  region size 2048K, 2 young (4096K), 2 survivors (4096K)
 Metaspace       used 21318K, committed 21504K, reserved 1114112K
  class space    used 2414K, committed 2496K, reserved 1048576K
}
Event: 3.794 GC heap before
{Heap before GC invocations=4 (full 0):
 garbage-first heap   total reserved 3604480K, committed 49152K, used 44752K [0x0000000724000000, 0x0000000800000000)
  region size 2048K, 19 young (38912K), 2 survivors (4096K)
 Metaspace       used 29670K, committed 30016K, reserved 1114112K
  class space    used 3388K, committed 3520K, reserved 1048576K
}

Dll operation events (7 events):
Event: 0.010 Loaded shared library C:\Program Files\Java\jdk-23\bin\java.dll
Event: 0.044 Loaded shared library C:\Program Files\Java\jdk-23\bin\jsvml.dll
Event: 0.096 Loaded shared library C:\Program Files\Java\jdk-23\bin\net.dll
Event: 0.099 Loaded shared library C:\Program Files\Java\jdk-23\bin\nio.dll
Event: 0.108 Loaded shared library C:\Program Files\Java\jdk-23\bin\zip.dll
Event: 0.229 Loaded shared library C:\Program Files\Java\jdk-23\bin\jimage.dll
Event: 1.508 Loaded shared library C:\Program Files\Java\jdk-23\bin\verify.dll

Deoptimization events (20 events):
Event: 2.660 Thread 0x00000224f097b830 DEOPT PACKING pc=0x0000022487c35218 sp=0x00000049d7cfe220
Event: 2.660 Thread 0x00000224f097b830 DEOPT UNPACKING pc=0x00000224874a4402 sp=0x00000049d7cfe1c8 mode 2
Event: 2.685 Thread 0x00000224f097b830 DEOPT PACKING pc=0x00000224800fb92d sp=0x00000049d7cfc7c0
Event: 2.685 Thread 0x00000224f097b830 DEOPT UNPACKING pc=0x00000224874a4b22 sp=0x00000049d7cfbc38 mode 0
Event: 2.685 Thread 0x00000224f097b830 DEOPT PACKING pc=0x00000224800fb92d sp=0x00000049d7cfc7c0
Event: 2.685 Thread 0x00000224f097b830 DEOPT UNPACKING pc=0x00000224874a4b22 sp=0x00000049d7cfbc38 mode 0
Event: 2.686 Thread 0x00000224f097b830 Uncommon trap: trap_request=0xffffff45 fr.pc=0x0000022487c29160 relative=0x0000000000000060
Event: 2.686 Thread 0x00000224f097b830 Uncommon trap: reason=unstable_if action=reinterpret pc=0x0000022487c29160 method=java.security.CodeSource.getCertificates()[Ljava/security/cert/Certificate; @ 4 c2
Event: 2.686 Thread 0x00000224f097b830 DEOPT PACKING pc=0x0000022487c29160 sp=0x00000049d7cfca50
Event: 2.686 Thread 0x00000224f097b830 DEOPT UNPACKING pc=0x00000224874a4402 sp=0x00000049d7cfc9d8 mode 2
Event: 2.699 Thread 0x00000224f097b830 DEOPT PACKING pc=0x00000224800fb92d sp=0x00000049d7cfc7c0
Event: 2.699 Thread 0x00000224f097b830 DEOPT UNPACKING pc=0x00000224874a4b22 sp=0x00000049d7cfbc38 mode 0
Event: 3.790 Thread 0x00000224f097b830 DEOPT PACKING pc=0x00000224800b63f7 sp=0x00000049d7cfd8b0
Event: 3.790 Thread 0x00000224f097b830 DEOPT UNPACKING pc=0x00000224874a4b22 sp=0x00000049d7cfcd28 mode 0
Event: 3.790 Thread 0x00000224f097b830 DEOPT PACKING pc=0x00000224800b63f7 sp=0x00000049d7cfd8b0
Event: 3.790 Thread 0x00000224f097b830 DEOPT UNPACKING pc=0x00000224874a4b22 sp=0x00000049d7cfcd28 mode 0
Event: 3.794 Thread 0x00000224f097b830 DEOPT PACKING pc=0x00000224800f53c3 sp=0x00000049d7cfd1b0
Event: 3.794 Thread 0x00000224f097b830 DEOPT UNPACKING pc=0x00000224874a4b22 sp=0x00000049d7cfc638 mode 0
Event: 3.794 Thread 0x00000224f097b830 DEOPT PACKING pc=0x00000224800f53c3 sp=0x00000049d7cfd1b0
Event: 3.794 Thread 0x00000224f097b830 DEOPT UNPACKING pc=0x00000224874a4b22 sp=0x00000049d7cfc638 mode 0

Classes loaded (20 events):
Event: 2.680 Loading class java/nio/file/PathMatcher done
Event: 2.680 Loading class sun/nio/fs/WindowsFileSystem$2 done
Event: 2.695 Loading class java/util/concurrent/ScheduledThreadPoolExecutor
Event: 2.695 Loading class java/util/concurrent/ScheduledExecutorService
Event: 2.696 Loading class java/util/concurrent/ScheduledExecutorService done
Event: 2.696 Loading class java/util/concurrent/ScheduledThreadPoolExecutor done
Event: 2.696 Loading class java/util/concurrent/ScheduledThreadPoolExecutor$DelayedWorkQueue
Event: 2.696 Loading class java/util/concurrent/ScheduledThreadPoolExecutor$DelayedWorkQueue done
Event: 2.696 Loading class java/util/concurrent/RunnableScheduledFuture
Event: 2.696 Loading class java/util/concurrent/RunnableFuture
Event: 2.696 Loading class java/util/concurrent/RunnableFuture done
Event: 2.696 Loading class java/util/concurrent/ScheduledFuture
Event: 2.697 Loading class java/util/concurrent/Delayed
Event: 2.697 Loading class java/util/concurrent/Delayed done
Event: 2.697 Loading class java/util/concurrent/ScheduledFuture done
Event: 2.697 Loading class java/util/concurrent/RunnableScheduledFuture done
Event: 2.757 Loading class java/util/Currency
Event: 2.757 Loading class java/util/Currency done
Event: 2.760 Loading class java/util/concurrent/atomic/AtomicLongArray
Event: 2.761 Loading class java/util/concurrent/atomic/AtomicLongArray done

Classes unloaded (0 events):
No events

Classes redefined (0 events):
No events

Internal exceptions (20 events):
Event: 1.211 Thread 0x00000224f097b830 Exception <a 'java/lang/NoSuchMethodError'{0x0000000730f50cb8}: 'void java.lang.invoke.DirectMethodHandle$Holder.invokeStaticInit(java.lang.Object, java.lang.Object)'> (0x0000000730f50cb8) 
thrown [s\open\src\hotspot\share\interpreter\linkResolver.cpp, line 796]
Event: 1.251 Thread 0x00000224f097b830 Exception <a 'java/lang/NoSuchMethodError'{0x0000000730d07648}: 'int java.lang.invoke.DirectMethodHandle$Holder.invokeVirtual(java.lang.Object, java.lang.Object, java.lang.Object)'> (0x0000000730d07648) 
thrown [s\open\src\hotspot\share\interpreter\linkResolver.cpp, line 796]
Event: 1.283 Thread 0x00000224f097b830 Exception <a 'java/lang/NoSuchMethodError'{0x0000000730a74ee0}: 'void java.lang.invoke.DirectMethodHandle$Holder.invokeSpecial(java.lang.Object, java.lang.Object, int)'> (0x0000000730a74ee0) 
thrown [s\open\src\hotspot\share\interpreter\linkResolver.cpp, line 796]
Event: 1.283 Thread 0x00000224f097b830 Exception <a 'java/lang/NoSuchMethodError'{0x0000000730a78478}: 'void java.lang.invoke.Invokers$Holder.invokeExact_MT(java.lang.Object, int, java.lang.Object)'> (0x0000000730a78478) 
thrown [s\open\src\hotspot\share\interpreter\linkResolver.cpp, line 796]
Event: 1.464 Thread 0x00000224f097b830 Exception <a 'java/lang/NoSuchMethodError'{0x0000000731bfee68}: 'java.lang.Object java.lang.invoke.DirectMethodHandle$Holder.invokeStatic(java.lang.Object, java.lang.Object, java.lang.Object, java.lang.Object, int)'> (0x0000000731bfee68) 
thrown [s\open\src\hotspot\share\interpreter\linkResolver.cpp, line 796]
Event: 1.465 Thread 0x00000224f097b830 Exception <a 'java/lang/NoSuchMethodError'{0x0000000731806bf0}: 'long java.lang.invoke.DirectMethodHandle$Holder.invokeStatic(java.lang.Object, java.lang.Object, int)'> (0x0000000731806bf0) 
thrown [s\open\src\hotspot\share\interpreter\linkResolver.cpp, line 796]
Event: 1.466 Thread 0x00000224f097b830 Exception <a 'java/lang/NoSuchMethodError'{0x00000007318121c8}: 'java.lang.Object java.lang.invoke.DelegatingMethodHandle$Holder.reinvoke_L(java.lang.Object, int, long, java.lang.Object, java.lang.Object, int, java.lang.Object)'> (0x00000007318121c8) 
thrown [s\open\src\hotspot\share\interpreter\linkResolver.cpp, line 796]
Event: 1.471 Thread 0x00000224f097b830 Exception <a 'java/lang/NoSuchMethodError'{0x00000007318395e0}: 'java.lang.Object java.lang.invoke.DirectMethodHandle$Holder.invokeStatic(java.lang.Object, java.lang.Object, int)'> (0x00000007318395e0) 
thrown [s\open\src\hotspot\share\interpreter\linkResolver.cpp, line 796]
Event: 1.472 Thread 0x00000224f097b830 Exception <a 'java/lang/NoSuchMethodError'{0x0000000731844180}: 'void java.lang.invoke.DelegatingMethodHandle$Holder.delegate(java.lang.Object, java.lang.Object, int, java.lang.Object)'> (0x0000000731844180) 
thrown [s\open\src\hotspot\share\interpreter\linkResolver.cpp, line 796]
Event: 1.661 Thread 0x00000224f097b830 Exception <a 'java/lang/NoClassDefFoundError'{0x00000007313bc980}: org/slf4j/impl/StaticLoggerBinder> (0x00000007313bc980) 
thrown [s\open\src\hotspot\share\classfile\systemDictionary.cpp, line 302]
Event: 1.772 Thread 0x00000224f097b830 Implicit null exception at 0x0000022487c1f992 to 0x0000022487c1fda4
Event: 1.871 Thread 0x00000224f097b830 Exception <a 'java/lang/NoSuchMethodError'{0x0000000730641890}: 'int java.lang.invoke.DirectMethodHandle$Holder.invokeInterface(java.lang.Object, java.lang.Object)'> (0x0000000730641890) 
thrown [s\open\src\hotspot\share\interpreter\linkResolver.cpp, line 796]
Event: 2.111 Thread 0x00000224f097b830 Exception <a 'java/lang/NoSuchMethodError'{0x00000007264b5fe0}: method resolution failed> (0x00000007264b5fe0) 
thrown [s\open\src\hotspot\share\prims\methodHandles.cpp, line 1145]
Event: 2.113 Thread 0x00000224f097b830 Exception <a 'java/lang/NoSuchMethodError'{0x00000007264c0808}: 'java.lang.Object java.lang.invoke.Invokers$Holder.invokeExact_MT(java.lang.Object, java.lang.Object, java.lang.Object, java.lang.Object, java.lang.Object)'> (0x00000007264c0808) 
thrown [s\open\src\hotspot\share\interpreter\linkResolver.cpp, line 796]
Event: 2.210 Thread 0x00000224f097b830 Implicit null exception at 0x0000022487bf08eb to 0x0000022487bf0ae0
Event: 2.210 Thread 0x00000224f097b830 Implicit null exception at 0x0000022487bf931d to 0x0000022487bf939d
Event: 2.271 Thread 0x00000224f097b830 Exception <a 'java/lang/NoSuchMethodError'{0x0000000725c4bc50}: 'int java.lang.invoke.DirectMethodHandle$Holder.invokeVirtual(java.lang.Object, java.lang.Object)'> (0x0000000725c4bc50) 
thrown [s\open\src\hotspot\share\interpreter\linkResolver.cpp, line 796]
Event: 2.273 Thread 0x00000224f097b830 Exception <a 'java/lang/NoSuchMethodError'{0x0000000725c58a00}: 'void java.lang.invoke.DirectMethodHandle$Holder.invokeVirtual(java.lang.Object, java.lang.Object, int)'> (0x0000000725c58a00) 
thrown [s\open\src\hotspot\share\interpreter\linkResolver.cpp, line 796]
Event: 2.274 Thread 0x00000224f097b830 Exception <a 'java/lang/NoSuchMethodError'{0x0000000725c5f340}: 'void java.lang.invoke.DelegatingMethodHandle$Holder.reinvoke_L(java.lang.Object, java.lang.Object, int)'> (0x0000000725c5f340) 
thrown [s\open\src\hotspot\share\interpreter\linkResolver.cpp, line 796]
Event: 2.311 Thread 0x00000224f097b830 Implicit null exception at 0x0000022487bcf456 to 0x0000022487bcf4fa

VM Operations (20 events):
Event: 1.637 Executing VM operation: HandshakeAllThreads (Deoptimize) done
Event: 1.866 Executing VM operation: HandshakeAllThreads (Deoptimize)
Event: 1.866 Executing VM operation: HandshakeAllThreads (Deoptimize) done
Event: 1.961 Executing VM operation: CollectForMetadataAllocation (Metadata GC Threshold)
Event: 1.965 Executing VM operation: CollectForMetadataAllocation (Metadata GC Threshold) done
Event: 1.971 Executing VM operation: G1PauseRemark
Event: 1.973 Executing VM operation: G1PauseRemark done
Event: 1.974 Executing VM operation: G1PauseCleanup
Event: 1.974 Executing VM operation: G1PauseCleanup done
Event: 2.330 Executing VM operation: HandshakeAllThreads (Deoptimize)
Event: 2.330 Executing VM operation: HandshakeAllThreads (Deoptimize) done
Event: 2.339 Executing VM operation: HandshakeAllThreads (Deoptimize)
Event: 2.339 Executing VM operation: HandshakeAllThreads (Deoptimize) done
Event: 2.360 Executing VM operation: HandshakeAllThreads (Deoptimize)
Event: 2.360 Executing VM operation: HandshakeAllThreads (Deoptimize) done
Event: 2.635 Executing VM operation: HandshakeAllThreads (Deoptimize)
Event: 2.635 Executing VM operation: HandshakeAllThreads (Deoptimize) done
Event: 2.675 Executing VM operation: HandshakeAllThreads (Deoptimize)
Event: 2.675 Executing VM operation: HandshakeAllThreads (Deoptimize) done
Event: 3.794 Executing VM operation: G1CollectForAllocation (G1 Evacuation Pause)

Memory protections (0 events):
No events

Nmethod flushes (0 events):
No events

Events (20 events):
Event: 0.042 Thread 0x00000224f097b830 Thread added: 0x000002248f1e6d00
Event: 0.042 Thread 0x00000224f097b830 Thread added: 0x000002248f1ea2a0
Event: 0.042 Thread 0x00000224f097b830 Thread added: 0x000002248f1eeff0
Event: 0.042 Thread 0x00000224f097b830 Thread added: 0x000002248f1f0820
Event: 0.042 Thread 0x00000224f097b830 Thread added: 0x000002248f1f2c40
Event: 0.082 Thread 0x000002248f1f2c40 Thread added: 0x000002248f1b2020
Event: 0.089 Thread 0x00000224f097b830 Thread added: 0x00000224d51543e0
Event: 0.092 Thread 0x00000224f097b830 Thread added: 0x00000224d515cec0
Event: 0.154 Thread 0x000002248f1f0820 Thread added: 0x00000224d521da80
Event: 0.154 Thread 0x000002248f1f0820 Thread added: 0x00000224d521e140
Event: 0.385 Thread 0x000002248f1b2020 Thread added: 0x00000224d5539600
Event: 0.387 Thread 0x00000224d5539600 Thread added: 0x00000224d5542f50
Event: 0.945 Thread 0x00000224d521e140 Thread exited: 0x00000224d521e140
Event: 1.158 Thread 0x00000224d521da80 Thread exited: 0x00000224d521da80
Event: 1.496 Thread 0x00000224d5542f50 Thread added: 0x00000224d64928b0
Event: 2.135 Thread 0x000002248f1f2c40 Thread added: 0x00000224dfe3f570
Event: 2.562 Thread 0x00000224f097b830 Thread added: 0x00000224e0270ee0
Event: 2.564 Thread 0x00000224e0270ee0 Thread exited: 0x00000224e0270ee0
Event: 3.781 Thread 0x00000224dfe3f570 Thread exited: 0x00000224dfe3f570
Event: 3.782 Thread 0x00000224d64928b0 Thread exited: 0x00000224d64928b0


Dynamic libraries:
0x00007ff6ec6e0000 - 0x00007ff6ec6f0000 	C:\Program Files\Java\jdk-23\bin\java.exe
0x00007ffc23ee0000 - 0x00007ffc24148000 	C:\WINDOWS\SYSTEM32\ntdll.dll
0x00007ffc21e70000 - 0x00007ffc21f39000 	C:\WINDOWS\System32\KERNEL32.DLL
0x00007ffc21290000 - 0x00007ffc21688000 	C:\WINDOWS\System32\KERNELBASE.dll
0x00007ffc21740000 - 0x00007ffc2188b000 	C:\WINDOWS\System32\ucrtbase.dll
0x00007ffbdbc60000 - 0x00007ffbdbc77000 	C:\Program Files\Java\jdk-23\bin\jli.dll
0x00007ffbdf8b0000 - 0x00007ffbdf8cb000 	C:\Program Files\Java\jdk-23\bin\VCRUNTIME140.dll
0x00007ffc234a0000 - 0x00007ffc23667000 	C:\WINDOWS\System32\USER32.dll
0x00007ffc0ffe0000 - 0x00007ffc10274000 	C:\WINDOWS\WinSxS\amd64_microsoft.windows.common-controls_6595b64144ccf1df_6.0.26100.7019_none_3e06ffa0e335b8a8\COMCTL32.dll
0x00007ffc21030000 - 0x00007ffc21057000 	C:\WINDOWS\System32\win32u.dll
0x00007ffc22bb0000 - 0x00007ffc22bdb000 	C:\WINDOWS\System32\GDI32.dll
0x00007ffc23910000 - 0x00007ffc239b9000 	C:\WINDOWS\System32\msvcrt.dll
0x00007ffc21890000 - 0x00007ffc219bc000 	C:\WINDOWS\System32\gdi32full.dll
0x00007ffc219c0000 - 0x00007ffc21a63000 	C:\WINDOWS\System32\msvcp_win.dll
0x00007ffc23e60000 - 0x00007ffc23e91000 	C:\WINDOWS\System32\IMM32.DLL
0x00007ffbfc620000 - 0x00007ffbfc62c000 	C:\Program Files\Java\jdk-23\bin\vcruntime140_1.dll
0x00007ffbd27a0000 - 0x00007ffbd282e000 	C:\Program Files\Java\jdk-23\bin\msvcp140.dll
0x00007ffb38460000 - 0x00007ffb391af000 	C:\Program Files\Java\jdk-23\bin\server\jvm.dll
0x00007ffc228c0000 - 0x00007ffc22974000 	C:\WINDOWS\System32\ADVAPI32.dll
0x00007ffc22c40000 - 0x00007ffc22ce6000 	C:\WINDOWS\System32\sechost.dll
0x00007ffc226a0000 - 0x00007ffc227b8000 	C:\WINDOWS\System32\RPCRT4.dll
0x00007ffc23890000 - 0x00007ffc23904000 	C:\WINDOWS\System32\WS2_32.dll
0x00007ffc14010000 - 0x00007ffc14045000 	C:\WINDOWS\SYSTEM32\WINMM.dll
0x00007ffc20eb0000 - 0x00007ffc20f0e000 	C:\WINDOWS\SYSTEM32\POWRPROF.dll
0x00007ffc13dc0000 - 0x00007ffc13dcb000 	C:\WINDOWS\SYSTEM32\VERSION.dll
0x00007ffc20e90000 - 0x00007ffc20ea4000 	C:\WINDOWS\SYSTEM32\UMPDC.dll
0x00007ffc1fdf0000 - 0x00007ffc1fe0b000 	C:\WINDOWS\SYSTEM32\kernel.appcore.dll
0x00007ffbf9470000 - 0x00007ffbf947a000 	C:\Program Files\Java\jdk-23\bin\jimage.dll
0x00007ffc1a8e0000 - 0x00007ffc1ab22000 	C:\WINDOWS\SYSTEM32\DBGHELP.DLL
0x00007ffc22210000 - 0x00007ffc2259b000 	C:\WINDOWS\System32\combase.dll
0x00007ffc225b0000 - 0x00007ffc22687000 	C:\WINDOWS\System32\OLEAUT32.dll
0x00007ffc0a390000 - 0x00007ffc0a3cc000 	C:\WINDOWS\SYSTEM32\dbgcore.DLL
0x00007ffc21690000 - 0x00007ffc21735000 	C:\WINDOWS\System32\bcryptPrimitives.dll
0x00007ffbd62d0000 - 0x00007ffbd62ee000 	C:\Program Files\Java\jdk-23\bin\java.dll
0x00007ffc22a10000 - 0x00007ffc22ba7000 	C:\WINDOWS\System32\ole32.dll
0x00007ffc22d40000 - 0x00007ffc2348f000 	C:\WINDOWS\System32\SHELL32.dll
0x00007ffc21060000 - 0x00007ffc211cb000 	C:\WINDOWS\System32\wintypes.dll
0x00007ffc1ec90000 - 0x00007ffc1f4ed000 	C:\WINDOWS\SYSTEM32\windows.storage.dll
0x00007ffc227c0000 - 0x00007ffc228b2000 	C:\WINDOWS\System32\SHCORE.dll
0x00007ffc21f40000 - 0x00007ffc21fa7000 	C:\WINDOWS\System32\shlwapi.dll
0x00007ffc20f50000 - 0x00007ffc20f79000 	C:\WINDOWS\SYSTEM32\profapi.dll
0x00007ffbcff60000 - 0x00007ffbd0037000 	C:\Program Files\Java\jdk-23\bin\jsvml.dll
0x00007ffbf9060000 - 0x00007ffbf9070000 	C:\Program Files\Java\jdk-23\bin\net.dll
0x00007ffc20360000 - 0x00007ffc203cb000 	C:\WINDOWS\system32\mswsock.dll
0x00007ffbd3ba0000 - 0x00007ffbd3bb6000 	C:\Program Files\Java\jdk-23\bin\nio.dll
0x00007ffbd2550000 - 0x00007ffbd2567000 	C:\Program Files\Java\jdk-23\bin\zip.dll
0x00007ffc20630000 - 0x00007ffc2064b000 	C:\WINDOWS\SYSTEM32\CRYPTSP.dll
0x00007ffc1fd50000 - 0x00007ffc1fd8a000 	C:\WINDOWS\system32\rsaenh.dll
0x00007ffc20410000 - 0x00007ffc2043b000 	C:\WINDOWS\SYSTEM32\USERENV.dll
0x00007ffc20f20000 - 0x00007ffc20f4a000 	C:\WINDOWS\SYSTEM32\bcrypt.dll
0x00007ffc20620000 - 0x00007ffc2062c000 	C:\WINDOWS\SYSTEM32\CRYPTBASE.dll
0x00007ffc1f800000 - 0x00007ffc1f834000 	C:\WINDOWS\SYSTEM32\IPHLPAPI.DLL
0x00007ffc239c0000 - 0x00007ffc239ca000 	C:\WINDOWS\System32\NSI.dll
0x00007ffbd3f10000 - 0x00007ffbd3f20000 	C:\Program Files\Java\jdk-23\bin\verify.dll

dbghelp: loaded successfully - version: 4.0.5 - missing functions: none
symbol engine: initialized successfully - sym options: 0x614 - pdb path: .;C:\Program Files\Java\jdk-23\bin;C:\WINDOWS\SYSTEM32;C:\WINDOWS\WinSxS\amd64_microsoft.windows.common-controls_6595b64144ccf1df_6.0.26100.7019_none_3e06ffa0e335b8a8;C:\Program Files\Java\jdk-23\bin\server

VM Arguments:
jvm_args: -DkotlinLanguageServer.version=1.3.13 
java_command: org.javacs.kt.MainKt
java_class_path (initial): c:\Users\Haqii\AppData\Roaming\Code\User\globalStorage\fwcd.kotlin\langServerInstall\server\lib\server-1.3.13.jar;c:\Users\Haqii\AppData\Roaming\Code\User\globalStorage\fwcd.kotlin\langServerInstall\server\lib\shared-1.3.13.jar;c:\Users\Haqii\AppData\Roaming\Code\User\globalStorage\fwcd.kotlin\langServerInstall\server\lib\kotlin-scripting-jvm-host-unshaded-2.1.0.jar;c:\Users\Haqii\AppData\Roaming\Code\User\globalStorage\fwcd.kotlin\langServerInstall\server\lib\kotlin-scripting-compiler-2.1.0.jar;c:\Users\Haqii\AppData\Roaming\Code\User\globalStorage\fwcd.kotlin\langServerInstall\server\lib\ktfmt-b5d31d1.jar;c:\Users\Haqii\AppData\Roaming\Code\User\globalStorage\fwcd.kotlin\langServerInstall\server\lib\kotlin-compiler-2.1.0.jar;c:\Users\Haqii\AppData\Roaming\Code\User\globalStorage\fwcd.kotlin\langServerInstall\server\lib\exposed-dao-0.37.3.jar;c:\Users\Haqii\AppData\Roaming\Code\User\globalStorage\fwcd.kotlin\langServerInstall\server\lib\exposed-jdbc-0.37.3.jar;c:\Users\Haqii\AppData\Roaming\Code\User\globalStorage\fwcd.kotlin\langServerInstall\server\lib\exposed-core-0.37.3.jar;c:\Users\Haqii\AppData\Roaming\Code\User\globalStorage\fwcd.kotlin\langServerInstall\server\lib\kotlin-scripting-compiler-impl-2.1.0.jar;c:\Users\Haqii\AppData\Roaming\Code\User\globalStorage\fwcd.kotlin\langServerInstall\server\lib\kotlin-reflect-2.1.0.jar;c:\Users\Haqii\AppData\Roaming\Code\User\globalStorage\fwcd.kotlin\langServerInstall\server\lib\kotlin-scripting-jvm-2.1.0.jar;c:\Users\Haqii\AppData\Roaming\Code\User\globalStorage\fwcd.kotlin\langServerInstall\server\lib\kotlin-scripting-common-2.1.0.jar;c:\Users\Haqii\AppData\Roaming\Code\User\globalStorage\fwcd.kotlin\langServerInstall\server\lib\kotlinx-coroutines-core-jvm-1.6.4.jar;c:\Users\Haqii\AppData\Roaming\Code\User\globalStorage\fwcd.kotlin\langServerInstall\server\lib\kotlin-stdlib-jdk8-2.1.0.jar;c:\Users\Haqii\AppData\Roaming\Code\User\globalStorage\fwcd.kotlin\langServerInstall\server\lib\kotlin-stdlib-jdk7-2.1.0.jar;c:\Users\Haqii\AppData\Roaming\Code\User\globalStorage\fwcd.kotlin\langServerInstall\server\lib\kotlin-stdlib-2.1.0.jar;c:\Users\Haqii\AppData\Roaming\Code\User\globalStorage\fwcd.kotlin\langServerInstall\server\lib\org.eclipse.lsp4j-0.21.2.jar;c:\Users\Haqii\AppData\Roaming\Code\User\globalStorage\fwcd.kotlin\langServerInstall\server\lib\org.eclipse.lsp4j.jsonrpc-0.21.2.jar;c:\Users\Haqii\AppData\Roaming\Code\User\globalStorage\fwcd.kotlin\langServerInstall\server\lib\kotlin-sam-with-receiver-compiler-plugin-2.1.0.jar;c:\Users\Haqii\AppData\Roaming\Code\User\globalStorage\fwcd.kotlin\langServerInstall\server\lib\fernflower-1.0.jar;c:\Users\Haqii\AppData\Roaming\Code\User\globalStorage\fwcd.kotlin\langServerInstall\server\lib\h2-1.4.200.jar;c:\Users\Haqii\AppData\Roaming\Code\User\globalStorage\fwcd.kotlin\langServerInstall\server\lib\jcommander-1.78.jar;c:\Users\Haqii\AppData\Roaming\Code\User\globalStorage\fwcd.kotlin\langServerInstall\server\lib\sqlite-jdbc-3.41.2.1.jar;c:\Users\Haqii\AppData\Roaming\Code\User\globalStorage\fwcd.kotlin\langServerInstall\server\lib\google-java-format-1.8.jar;c:\Users\Haqii\AppData\Roaming\Code\User\globalStorage\fwcd.kotlin\langServerInstall\server\lib\guava-33.3.0-jre.jar;c:\Users\Haqii\AppData\Roaming\Code\User\globalStorage\fwcd.kotlin\langServerInstall\server\lib\annotations-13.0.jar;c:\Users\Haqii\AppData\Roaming\Code\User\globalStorage\fwcd.kotlin\langServerInstall\server\lib\gson-2.10.1.jar;c:\Users\Haqii\AppData\Roaming\Code\User\globalStorage\fwcd.kotlin\langServerInstall\server\lib\kotlin-script-runtime-2.1.0.jar;c:\Users\Haqii\AppData\Roaming\Code\User\globalStorage\fwcd.kotlin\langServerInstall\server\lib\trove4j-1.0.20200330.jar;c:\Users\Haqii\AppData\Roaming\Code\User\globalStorage\fwcd.kotlin\langServerInstall\server\lib\jline-3.24.1.jar;c:\Users\Haqii\AppData\Roaming\Code\User\globalStorage\fwcd.kotlin\langServerInstall\server\lib\slf4j-api-1.7.25.jar;c:\Users\Haqii\AppData\Roaming\Code\User\globalStorage\fwcd.kotlin\langServerInstall\server\lib\jna-4.2.2.jar;c:\Users\Haqii\AppData\Roaming\Code\User\globalStorage\fwcd.kotlin\langServerInstall\server\lib\failureaccess-1.0.2.jar;c:\Users\Haqii\AppData\Roaming\Code\User\globalStorage\fwcd.kotlin\langServerInstall\server\lib\listenablefuture-9999.0-empty-to-avoid-conflict-with-guava.jar;c:\Users\Haqii\AppData\Roaming\Code\User\globalStorage\fwcd.kotlin\langServerInstall\server\lib\jsr305-3.0.2.jar;c:\Users\Haqii\AppData\Roaming\Code\User\globalStorage\fwcd.kotlin\langServerInstall\server\lib\checker-qual-3.43.0.jar;c:\Users\Haqii\AppData\Roaming\Code\User\globalStorage\fwcd.kotlin\langServerInstall\server\lib\error_prone_annotations-2.28.0.jar
Launcher Type: SUN_STANDARD

[Global flags]
     intx CICompilerCount                          = 12                                        {product} {ergonomic}
     uint ConcGCThreads                            = 3                                         {product} {ergonomic}
     uint G1ConcRefinementThreads                  = 13                                        {product} {ergonomic}
   size_t G1HeapRegionSize                         = 2097152                                   {product} {ergonomic}
   size_t InitialHeapSize                          = 230686720                                 {product} {ergonomic}
   size_t MarkStackSize                            = 4194304                                   {product} {ergonomic}
   size_t MarkStackSizeMax                         = 536870912                                 {product} {ergonomic}
   size_t MaxHeapSize                              = 3690987520                                {product} {ergonomic}
   size_t MaxNewSize                               = 2214592512                                {product} {ergonomic}
   size_t MinHeapDeltaBytes                        = 2097152                                   {product} {ergonomic}
   size_t MinHeapSize                              = 8388608                                   {product} {ergonomic}
    uintx NonNMethodCodeHeapSize                   = 7602176                                {pd product} {ergonomic}
    uintx NonProfiledCodeHeapSize                  = 122093568                              {pd product} {ergonomic}
    uintx ProfiledCodeHeapSize                     = 121962496                              {pd product} {ergonomic}
    uintx ReservedCodeCacheSize                    = 251658240                              {pd product} {ergonomic}
     bool SegmentedCodeCache                       = true                                      {product} {ergonomic}
   size_t SoftMaxHeapSize                          = 3690987520                             {manageable} {ergonomic}
     bool UseCompressedOops                        = true                           {product lp64_product} {ergonomic}
     bool UseG1GC                                  = true                                      {product} {ergonomic}
     bool UseLargePagesIndividualAllocation        = false                                  {pd product} {ergonomic}

Logging:
Log output configuration:
 #0: stdout all=warning uptime,level,tags foldmultilines=false
 #1: stderr all=off uptime,level,tags foldmultilines=false

Environment Variables:
CLASSPATH=c:\Users\Haqii\AppData\Roaming\Code\User\globalStorage\fwcd.kotlin\langServerInstall\server\lib\server-1.3.13.jar;c:\Users\Haqii\AppData\Roaming\Code\User\globalStorage\fwcd.kotlin\langServerInstall\server\lib\shared-1.3.13.jar;c:\Users\Haqii\AppData\Roaming\Code\User\globalStorage\fwcd.kotlin\langServerInstall\server\lib\kotlin-scripting-jvm-host-unshaded-2.1.0.jar;c:\Users\Haqii\AppData\Roaming\Code\User\globalStorage\fwcd.kotlin\langServerInstall\server\lib\kotlin-scripting-compiler-2.1.0.jar;c:\Users\Haqii\AppData\Roaming\Code\User\globalStorage\fwcd.kotlin\langServerInstall\server\lib\ktfmt-b5d31d1.jar;c:\Users\Haqii\AppData\Roaming\Code\User\globalStorage\fwcd.kotlin\langServerInstall\server\lib\kotlin-compiler-2.1.0.jar;c:\Users\Haqii\AppData\Roaming\Code\User\globalStorage\fwcd.kotlin\langServerInstall\server\lib\exposed-dao-0.37.3.jar;c:\Users\Haqii\AppData\Roaming\Code\User\globalStorage\fwcd.kotlin\langServerInstall\server\lib\exposed-jdbc-0.37.3.jar;c:\Users\Haqii\AppData\Roaming\Code\User\globalStorage\fwcd.kotlin\langServerInstall\server\lib\exposed-core-0.37.3.jar;c:\Users\Haqii\AppData\Roaming\Code\User\globalStorage\fwcd.kotlin\langServerInstall\server\lib\kotlin-scripting-compiler-impl-2.1.0.jar;c:\Users\Haqii\AppData\Roaming\Code\User\globalStorage\fwcd.kotlin\langServerInstall\server\lib\kotlin-reflect-2.1.0.jar;c:\Users\Haqii\AppData\Roaming\Code\User\globalStorage\fwcd.kotlin\langServerInstall\server\lib\kotlin-scripting-jvm-2.1.0.jar;c:\Users\Haqii\AppData\Roaming\Code\User\globalStorage\fwcd.kotlin\langServerInstall\server\lib\kotlin-scripting-common-2.1.0.jar;c:\Users\Haqii\AppData\Roaming\Code\User\globalStorage\fwcd.kotlin\langServerInstall\server\lib\kotlinx-coroutines-core-jvm-1.6.4.jar;c:\Users\Haqii\AppData\Roaming\Code\User\globalStorage\fwcd.kotlin\langServerInstall\server\lib\kotlin-stdlib-jdk8-2.1.0.jar;c:\Users\Haqii\AppData\Roaming\Code\User\globalStorage\fwcd.kotlin\langServerInstall\server\lib\kotlin-stdlib-jdk7-2.1.0.jar;c:\Users\Haqii\AppData\Roaming\Code\User\globalStorage\fwcd.kotlin\langServerInstall\server\lib\kotlin-stdlib-2.1.0.jar;c:\Users\Haqii\AppData\Roaming\Code\User\globalStorage\fwcd.kotlin\langServerInstall\server\lib\org.eclipse.lsp4j-0.21.2.jar;c:\Users\Haqii\AppData\Roaming\Code\User\globalStorage\fwcd.kotlin\langServerInstall\server\lib\org.eclipse.lsp4j.jsonrpc-0.21.2.jar;c:\Users\Haqii\AppData\Roaming\Code\User\globalStorage\fwcd.kotlin\langServerInstall\server\lib\kotlin-sam-with-receiver-compiler-plugin-2.1.0.jar;c:\Users\Haqii\AppData\Roaming\Code\User\globalStorage\fwcd.kotlin\langServerInstall\server\lib\fernflower-1.0.jar;c:\Users\Haqii\AppData\Roaming\Code\User\globalStorage\fwcd.kotlin\langServerInstall\server\lib\h2-1.4.200.jar;c:\Users\Haqii\AppData\Roaming\Code\User\globalStorage\fwcd.kotlin\langServerInstall\server\lib\jcommander-1.78.jar;c:\Users\Haqii\AppData\Roaming\Code\User\globalStorage\fwcd.kotlin\langServerInstall\server\lib\sqlite-jdbc-3.41.2.1.jar;c:\Users\Haqii\AppData\Roaming\Code\User\globalStorage\fwcd.kotlin\langServerInstall\server\lib\google-java-format-1.8.jar;c:\Users\Haqii\AppData\Roaming\Code\User\globalStorage\fwcd.kotlin\langServerInstall\server\lib\guava-33.3.0-jre.jar;c:\Users\Haqii\AppData\Roaming\Code\User\globalStorage\fwcd.kotlin\langServerInstall\server\lib\annotations-13.0.jar;c:\Users\Haqii\AppData\Roaming\Code\User\globalStorage\fwcd.kotlin\langServerInstall\server\lib\gson-2.10.1.jar;c:\Users\Haqii\AppData\Roaming\Code\User\globalStorage\fwcd.kotlin\langServerInstall\server\lib\kotlin-script-runtime-2.1.0.jar;c:\Users\Haqii\AppData\Roaming\Code\User\globalStorage\fwcd.kotlin\langServerInstall\server\lib\trove4j-1.0.20200330.jar;c:\Users\Haqii\AppData\Roaming\Code\User\globalStorage\fwcd.kotlin\langServerInstall\server\lib\jline-3.24.1.jar;c:\Users\Haqii\AppData\Roaming\Code\User\globalStorage\fwcd.kotlin\langServerInstall\server\lib\slf4j-api-1.7.25.jar;c:\Users\Haqii\AppData\Roaming\Code\User\globalStorage\fwcd.kotlin\langServerInstall\server\lib\jna-4.2.2.jar;c:\Users\Haqii\AppData\Roaming\Code\User\globalStorage\fwcd.kotlin\langServerInstall\server\lib\failureaccess-1.0.2.jar;c:\Users\Haqii\AppData\Roaming\Code\User\globalStorage\fwcd.kotlin\langServerInstall\server\lib\listenablefuture-9999.0-empty-to-avoid-conflict-with-guava.jar;c:\Users\Haqii\AppData\Roaming\Code\User\globalStorage\fwcd.kotlin\langServerInstall\server\lib\jsr305-3.0.2.jar;c:\Users\Haqii\AppData\Roaming\Code\User\globalStorage\fwcd.kotlin\langServerInstall\server\lib\checker-qual-3.43.0.jar;c:\Users\Haqii\AppData\Roaming\Code\User\globalStorage\fwcd.kotlin\langServerInstall\server\lib\error_prone_annotations-2.28.0.jar
PATH=C:\Program Files\Common Files\Oracle\Java\javapath;C:\Program Files (x86)\Common Files\Oracle\Java\java8path;C:\Program Files (x86)\Common Files\Oracle\Java\javapath;C:\WINDOWS\system32;C:\WINDOWS;C:\WINDOWS\System32\Wbem;C:\WINDOWS\System32\WindowsPowerShell\v1.0\;C:\WINDOWS\System32\OpenSSH\;C:\xampp\php;C:\ProgramData\ComposerSetup\bin;C:\Program Files\Git\cmd;C:\Program Files\dotnet\;C:\ProgramData\chocolatey\bin;C:\Program Files\Neovim\bin;C:\Program Files\nodejs\;C:\Program Files\Common Files\Oracle\Java\javapath;C:\Windows\system32;C:\Windows;C:\Windows\System32\Wbem;C:\Windows\System32\WindowsPowerShell\v1.0\;C:\Windows\System32\OpenSSH\;C:\xampp\php;C:\ProgramData\ComposerSetup\bin;C:\Program Files\nodejs\;C:\Program Files\Git\cmd;C:\Program Files\dotnet\;C:\ProgramData\chocolatey\bin;c:\Users\Haqii\AppData\Local\Programs\cursor\resources\app\codeBin;C:\Users\Haqii\AppData\Local\Programs\Python\Launcher\;C:\Users\Haqii\AppData\Local\Microsoft\WindowsApps;C:\Users\Haqii\AppData\Local\Programs\Microsoft VS Code\bin;C:\Users\Haqii\AppData\Roaming\Composer\vendor\bin;C:\msys64\ucrt64\bin;C:\Users\Haqii\AppData\Local\spicetify;C:\Users\Haqii\.deno\bin;C:\Android\cmdline-tools\latest\bin;C:\Android\platform-tools;C:\Android\emulator;C:\Users\Haqii\AppData\Roaming\npm;C:\Users\Haqii\AppData\Local\Microsoft\WindowsApps;C:\laragon\bin\php\php-8.3.26-Win32-vs16-x64;C:\laragon\bin\composer;
USERNAME=Haqii
OS=Windows_NT
PROCESSOR_IDENTIFIER=AMD64 Family 25 Model 68 Stepping 1, AuthenticAMD
TMP=C:\Users\Haqii\AppData\Local\Temp
TEMP=C:\Users\Haqii\AppData\Local\Temp




Periodic native trim disabled

---------------  S Y S T E M  ---------------

OS:
 Windows 11 , 64 bit Build 26100 (10.0.26100.7019)
OS uptime: 0 days 3:38 hours

CPU: total 16 (initial active 16) (16 cores per cpu, 2 threads per core) family 25 model 68 stepping 1 microcode 0xa404102, cx8, cmov, fxsr, ht, mmx, 3dnowpref, sse, sse2, sse3, ssse3, sse4a, sse4.1, sse4.2, popcnt, lzcnt, tsc, tscinvbit, avx, avx2, aes, erms, clmul, bmi1, bmi2, adx, sha, fma, vzeroupper, clflush, clflushopt, rdtscp, rdpid, fsrm, f16c, pku, cet_ss
Processor Information for processor 0
  Max Mhz: 3201, Current Mhz: 1804, Mhz Limit: 3201
Processor Information for processor 1
  Max Mhz: 3201, Current Mhz: 1804, Mhz Limit: 3201
Processor Information for processor 2
  Max Mhz: 3201, Current Mhz: 1804, Mhz Limit: 3201
Processor Information for processor 3
  Max Mhz: 3201, Current Mhz: 1804, Mhz Limit: 3201
Processor Information for processor 4
  Max Mhz: 3201, Current Mhz: 1804, Mhz Limit: 3201
Processor Information for processor 5
  Max Mhz: 3201, Current Mhz: 1804, Mhz Limit: 3201
Processor Information for processor 6
  Max Mhz: 3201, Current Mhz: 3201, Mhz Limit: 3201
Processor Information for processor 7
  Max Mhz: 3201, Current Mhz: 3201, Mhz Limit: 3201
Processor Information for processor 8
  Max Mhz: 3201, Current Mhz: 1804, Mhz Limit: 3201
Processor Information for processor 9
  Max Mhz: 3201, Current Mhz: 2502, Mhz Limit: 3201
Processor Information for processor 10
  Max Mhz: 3201, Current Mhz: 1804, Mhz Limit: 3201
Processor Information for processor 11
  Max Mhz: 3201, Current Mhz: 3201, Mhz Limit: 3201
Processor Information for processor 12
  Max Mhz: 3201, Current Mhz: 1804, Mhz Limit: 3201
Processor Information for processor 13
  Max Mhz: 3201, Current Mhz: 1804, Mhz Limit: 3201
Processor Information for processor 14
  Max Mhz: 3201, Current Mhz: 2502, Mhz Limit: 3201
Processor Information for processor 15
  Max Mhz: 3201, Current Mhz: 2502, Mhz Limit: 3201

Memory: 4k page, system-wide physical 14077M (1321M free)
TotalPageFile size 27389M (AvailPageFile size 34M)
current process WorkingSet (physical memory assigned to process): 148M, peak: 174M
current process commit charge ("private bytes"): 201M, peak: 369M

vm_info: Java HotSpot(TM) 64-Bit Server VM (23.0.1+11-39) for windows-amd64 JRE (23.0.1+11-39), built on 2024-09-30T07:20:43Z with MS VC++ 17.6 (VS2022)

END.
