#
# There is insufficient memory for the Java Runtime Environment to continue.
# Native memory allocation (malloc) failed to allocate 949008 bytes. Error detail: Chunk::new
# Possible reasons:
#   The system is out of physical RAM or swap space
#   This process is running with CompressedOops enabled, and the Java Heap may be blocking the growth of the native heap
# Possible solutions:
#   Reduce memory load on the system
#   Increase physical memory or swap space
#   Check if swap backing store is full
#   Decrease Java heap size (-Xmx/-Xms)
#   Decrease number of Java threads
#   Decrease Java thread stack sizes (-Xss)
#   Set larger code cache with -XX:ReservedCodeCacheSize=
#   JVM is running with Unscaled Compressed Oops mode in which the Java heap is
#     placed in the first 4GB address space. The Java Heap base address is the
#     maximum limit for the native heap growth. Please use -XX:HeapBaseMinAddress
#     to set the Java Heap base and to place the Java Heap above 4GB virtual address.
# This output file may be truncated or incomplete.
#
#  Out of Memory Error (arena.cpp:149), pid=2820, tid=15116
#
# JRE version: Java(TM) SE Runtime Environment (23.0.1+11) (build 23.0.1+11-39)
# Java VM: Java HotSpot(TM) 64-Bit Server VM (23.0.1+11-39, mixed mode, sharing, tiered, compressed oops, compressed class ptrs, g1 gc, windows-amd64)
# No core dump will be written. Minidumps are not enabled by default on client versions of Windows
#

---------------  S U M M A R Y ------------

Command Line: --add-opens=java.base/java.lang=ALL-UNNAMED --add-opens=java.base/java.lang.invoke=ALL-UNNAMED --add-opens=java.base/java.util=ALL-UNNAMED --add-opens=java.prefs/java.util.prefs=ALL-UNNAMED --add-exports=jdk.compiler/com.sun.tools.javac.api=ALL-UNNAMED --add-exports=jdk.compiler/com.sun.tools.javac.util=ALL-UNNAMED --add-opens=java.base/java.util=ALL-UNNAMED --add-opens=java.prefs/java.util.prefs=ALL-UNNAMED --add-opens=java.base/java.nio.charset=ALL-UNNAMED --add-opens=java.base/java.net=ALL-UNNAMED --add-opens=java.base/java.util.concurrent.atomic=ALL-UNNAMED --add-opens=java.xml/javax.xml.namespace=ALL-UNNAMED -Xmx2048m -Dfile.encoding=UTF-8 -Duser.country=ID -Duser.language=en -Duser.variant -javaagent:C:\Users\Haqii\.gradle\wrapper\dists\gradle-8.13-bin\5xuhj0ry160q40clulazy9h7d\gradle-8.13\lib\agents\gradle-instrumentation-agent-8.13.jar org.gradle.launcher.daemon.bootstrap.GradleDaemon 8.13

Host: AMD Ryzen 7 7735HS with Radeon Graphics        , 16 cores, 15G,  Windows 11 , 64 bit Build 26100 (10.0.26100.6725)
Time: Wed Oct 15 08:41:13 2025 SE Asia Standard Time elapsed time: 13.916224 seconds (0d 0h 0m 13s)

---------------  T H R E A D  ---------------

Current thread (0x000001fec108a290):  JavaThread "C2 CompilerThread0" daemon [_thread_in_native, id=15116, stack(0x0000000a8ef00000,0x0000000a8f000000) (1024K)]


Current CompileTask:
C2:13916 10502   !   4       org.gradle.internal.remote.internal.inet.SocketConnection::dispatch (134 bytes)

Stack: [0x0000000a8ef00000,0x0000000a8f000000]
Native frames: (J=compiled Java code, j=interpreted, Vv=VM code, C=native code)
V  [jvm.dll+0x6e08b9]  (no source info available)
V  [jvm.dll+0x87dc83]  (no source info available)
V  [jvm.dll+0x88010e]  (no source info available)
V  [jvm.dll+0x8807e3]  (no source info available)
V  [jvm.dll+0x27aee6]  (no source info available)
V  [jvm.dll+0xbc06f]  (no source info available)
V  [jvm.dll+0xbc2cb]  (no source info available)
V  [jvm.dll+0x3b3a9c]  (no source info available)
V  [jvm.dll+0x38a42b]  (no source info available)
V  [jvm.dll+0x38989a]  (no source info available)
V  [jvm.dll+0x244aa1]  (no source info available)
V  [jvm.dll+0x243dff]  (no source info available)
V  [jvm.dll+0x1c33a0]  (no source info available)
V  [jvm.dll+0x253cf1]  (no source info available)
V  [jvm.dll+0x251faa]  (no source info available)
V  [jvm.dll+0x3ee036]  (no source info available)
V  [jvm.dll+0x824f8b]  (no source info available)
V  [jvm.dll+0x6df065]  (no source info available)
C  [ucrtbase.dll+0x37b0]  (no source info available)
C  [KERNEL32.DLL+0x2e8d7]  (no source info available)
C  [ntdll.dll+0x8c53c]  (no source info available)

Lock stack of current Java thread (top to bottom):


---------------  P R O C E S S  ---------------

Threads class SMR info:
_java_thread_list=0x000001fec79069e0, length=89, elements={
0x000001fed3ec9780, 0x000001fef3cbb480, 0x000001fef3cbbfe0, 0x000001fef3cbf010,
0x000001fef3cbfe20, 0x000001fef3cc0880, 0x000001fef3cc3420, 0x000001fec108a290,
0x000001fec10aabc0, 0x000001fec11c1450, 0x000001fec11c3310, 0x000001fec13883f0,
0x000001fec1444940, 0x000001fec7945bb0, 0x000001fec7637970, 0x000001fec7924da0,
0x000001fec7570020, 0x000001fec7570690, 0x000001fec75262c0, 0x000001fec7527d00,
0x000001fec7526fe0, 0x000001fec7527670, 0x000001fec7526950, 0x000001fec7528390,
0x000001fec7528a20, 0x000001fec75290b0, 0x000001fecca9fba0, 0x000001fecca9f510,
0x000001feccaa0f50, 0x000001feccaa08c0, 0x000001feccaa15e0, 0x000001feccaa1c70,
0x000001feccaa2300, 0x000001feccaa3d40, 0x000001feccaa5e10, 0x000001feccaa50f0,
0x000001feccaa5780, 0x000001feccaa64a0, 0x000001fec84c1540, 0x000001fec84be750,
0x000001fec84bede0, 0x000001fec84bfb00, 0x000001fec84c2260, 0x000001fec9c0e2f0,
0x000001fec9c11e00, 0x000001fec9c110e0, 0x000001fec9c12490, 0x000001fec9c10a50,
0x000001fec9c103c0, 0x000001fec9c0f010, 0x000001fec9c12b20, 0x000001fec9c0fd30,
0x000001fec9c0f6a0, 0x000001fec9c131b0, 0x000001fec9c13ed0, 0x000001fec9c13840,
0x000001fec9c14560, 0x000001fec9c14bf0, 0x000001feccaa36b0, 0x000001fec8f154f0,
0x000001fec8f147d0, 0x000001fec8f14e60, 0x000001fec8f13420, 0x000001fec8f14140,
0x000001fec8f12d90, 0x000001fec8f13ab0, 0x000001fec8f15b80, 0x000001fec8f12700,
0x000001fec8f175c0, 0x000001fec8f182e0, 0x000001fec8f18970, 0x000001fec8f17c50,
0x000001fec8f19000, 0x000001fec8f16210, 0x000001fec8f168a0, 0x000001fec6bc39f0,
0x000001fec6bc5430, 0x000001fec6bc3360, 0x000001fec6bc5ac0, 0x000001fec6bc4080,
0x000001fec6bc4710, 0x000001fec6bc2cd0, 0x000001fec6bc4da0, 0x000001fec6bc2640,
0x000001fec6bc6e70, 0x000001fec6bc67e0, 0x000001fec6bc7b90, 0x000001fec6bc7500,
0x000001fecb08b870
}

Java Threads: ( => current thread )
  0x000001fed3ec9780 JavaThread "main"                              [_thread_blocked, id=3440, stack(0x0000000a8e100000,0x0000000a8e200000) (1024K)]
  0x000001fef3cbb480 JavaThread "Reference Handler"          daemon [_thread_blocked, id=11564, stack(0x0000000a8e900000,0x0000000a8ea00000) (1024K)]
  0x000001fef3cbbfe0 JavaThread "Finalizer"                  daemon [_thread_blocked, id=4996, stack(0x0000000a8ea00000,0x0000000a8eb00000) (1024K)]
  0x000001fef3cbf010 JavaThread "Signal Dispatcher"          daemon [_thread_blocked, id=21992, stack(0x0000000a8eb00000,0x0000000a8ec00000) (1024K)]
  0x000001fef3cbfe20 JavaThread "Attach Listener"            daemon [_thread_blocked, id=25284, stack(0x0000000a8ec00000,0x0000000a8ed00000) (1024K)]
  0x000001fef3cc0880 JavaThread "Service Thread"             daemon [_thread_blocked, id=19236, stack(0x0000000a8ed00000,0x0000000a8ee00000) (1024K)]
  0x000001fef3cc3420 JavaThread "Monitor Deflation Thread"   daemon [_thread_blocked, id=15600, stack(0x0000000a8ee00000,0x0000000a8ef00000) (1024K)]
=>0x000001fec108a290 JavaThread "C2 CompilerThread0"         daemon [_thread_in_native, id=15116, stack(0x0000000a8ef00000,0x0000000a8f000000) (1024K)]
  0x000001fec10aabc0 JavaThread "C1 CompilerThread0"         daemon [_thread_blocked, id=25432, stack(0x0000000a8f000000,0x0000000a8f100000) (1024K)]
  0x000001fec11c1450 JavaThread "Common-Cleaner"             daemon [_thread_blocked, id=21844, stack(0x0000000a8f100000,0x0000000a8f200000) (1024K)]
  0x000001fec11c3310 JavaThread "C1 CompilerThread1"         daemon [_thread_blocked, id=23488, stack(0x0000000a8f200000,0x0000000a8f300000) (1024K)]
  0x000001fec13883f0 JavaThread "Notification Thread"        daemon [_thread_blocked, id=9044, stack(0x0000000a8f500000,0x0000000a8f600000) (1024K)]
  0x000001fec1444940 JavaThread "C2 CompilerThread1"         daemon [_thread_blocked, id=19740, stack(0x0000000a8f600000,0x0000000a8f700000) (1024K)]
  0x000001fec7945bb0 JavaThread "Daemon health stats"               [_thread_blocked, id=24476, stack(0x0000000a8ff00000,0x0000000a90000000) (1024K)]
  0x000001fec7637970 JavaThread "Incoming local TCP Connector on port 50731"        [_thread_in_native, id=12700, stack(0x0000000a90000000,0x0000000a90100000) (1024K)]
  0x000001fec7924da0 JavaThread "Daemon periodic checks"            [_thread_blocked, id=18568, stack(0x0000000a90100000,0x0000000a90200000) (1024K)]
  0x000001fec7570020 JavaThread "Daemon"                            [_thread_blocked, id=5240, stack(0x0000000a90200000,0x0000000a90300000) (1024K)]
  0x000001fec7570690 JavaThread "Handler for socket connection from /127.0.0.1:50731 to /127.0.0.1:50732"        [_thread_in_native, id=24136, stack(0x0000000a90300000,0x0000000a90400000) (1024K)]
  0x000001fec75262c0 JavaThread "Cancel handler"                    [_thread_blocked, id=6828, stack(0x0000000a90400000,0x0000000a90500000) (1024K)]
  0x000001fec7527d00 JavaThread "Daemon worker"                     [_thread_in_vm, id=22372, stack(0x0000000a8f900000,0x0000000a8fa00000) (1024K)]
  0x000001fec7526fe0 JavaThread "Asynchronous log dispatcher for DefaultDaemonConnection: socket connection from /127.0.0.1:50731 to /127.0.0.1:50732"        [_thread_blocked, id=6500, stack(0x0000000a90500000,0x0000000a90600000) (1024K)]
  0x000001fec7527670 JavaThread "Stdin handler"                     [_thread_blocked, id=23412, stack(0x0000000a90600000,0x0000000a90700000) (1024K)]
  0x000001fec7526950 JavaThread "Daemon client event forwarder"        [_thread_blocked, id=19648, stack(0x0000000a90700000,0x0000000a90800000) (1024K)]
  0x000001fec7528390 JavaThread "Cache worker for journal cache (C:\Users\Haqii\.gradle\caches\journal-1)"        [_thread_blocked, id=12472, stack(0x0000000a8f700000,0x0000000a8f800000) (1024K)]
  0x000001fec7528a20 JavaThread "File lock request listener"        [_thread_in_native, id=17912, stack(0x0000000a8f800000,0x0000000a8f900000) (1024K)]
  0x000001fec75290b0 JavaThread "Cache worker for file hash cache (C:\Users\Haqii\.gradle\caches\8.13\fileHashes)"        [_thread_blocked, id=15992, stack(0x0000000a90800000,0x0000000a90900000) (1024K)]
  0x000001fecca9fba0 JavaThread "Cache worker for file hash cache (C:\Users\Haqii\AndroidStudioProjects\Aplikasi Monitoring Kelas\AplikasiMonitoringKelasFe\.gradle\8.13\fileHashes)"        [_thread_blocked, id=15168, stack(0x0000000a91400000,0x0000000a91500000) (1024K)]
  0x000001fecca9f510 JavaThread "Cache worker for Build Output Cleanup Cache (C:\Users\Haqii\AndroidStudioProjects\Aplikasi Monitoring Kelas\AplikasiMonitoringKelasFe\.gradle\buildOutputCleanup)"        [_thread_blocked, id=22688, stack(0x0000000a91500000,0x0000000a91600000) (1024K)]
  0x000001feccaa0f50 JavaThread "File watcher server"        daemon [_thread_in_native, id=16232, stack(0x0000000a91600000,0x0000000a91700000) (1024K)]
  0x000001feccaa08c0 JavaThread "File watcher consumer"      daemon [_thread_blocked, id=5336, stack(0x0000000a91700000,0x0000000a91800000) (1024K)]
  0x000001feccaa15e0 JavaThread "jar transforms"                    [_thread_blocked, id=15720, stack(0x0000000a91800000,0x0000000a91900000) (1024K)]
  0x000001feccaa1c70 JavaThread "jar transforms Thread 2"           [_thread_blocked, id=18720, stack(0x0000000a91900000,0x0000000a91a00000) (1024K)]
  0x000001feccaa2300 JavaThread "jar transforms Thread 3"           [_thread_blocked, id=23348, stack(0x0000000a91a00000,0x0000000a91b00000) (1024K)]
  0x000001feccaa3d40 JavaThread "jar transforms Thread 4"           [_thread_blocked, id=23500, stack(0x0000000a91b00000,0x0000000a91c00000) (1024K)]
  0x000001feccaa5e10 JavaThread "jar transforms Thread 5"           [_thread_blocked, id=24416, stack(0x0000000a91c00000,0x0000000a91d00000) (1024K)]
  0x000001feccaa50f0 JavaThread "Cache worker for checksums cache (C:\Users\Haqii\AndroidStudioProjects\Aplikasi Monitoring Kelas\AplikasiMonitoringKelasFe\.gradle\8.13\checksums)"        [_thread_blocked, id=21588, stack(0x0000000a91d00000,0x0000000a91e00000) (1024K)]
  0x000001feccaa5780 JavaThread "Cache worker for file content cache (C:\Users\Haqii\.gradle\caches\8.13\fileContent)"        [_thread_blocked, id=9660, stack(0x0000000a91e00000,0x0000000a91f00000) (1024K)]
  0x000001feccaa64a0 JavaThread "jar transforms Thread 6"           [_thread_blocked, id=13636, stack(0x0000000a91f00000,0x0000000a92000000) (1024K)]
  0x000001fec84c1540 JavaThread "jar transforms Thread 7"           [_thread_blocked, id=24456, stack(0x0000000a92000000,0x0000000a92100000) (1024K)]
  0x000001fec84be750 JavaThread "jar transforms Thread 8"           [_thread_blocked, id=14996, stack(0x0000000a92100000,0x0000000a92200000) (1024K)]
  0x000001fec84bede0 JavaThread "jar transforms Thread 9"           [_thread_blocked, id=6616, stack(0x0000000a92200000,0x0000000a92300000) (1024K)]
  0x000001fec84bfb00 JavaThread "Cache worker for cache directory md-supplier (C:\Users\Haqii\.gradle\caches\8.13\md-supplier)"        [_thread_blocked, id=22696, stack(0x0000000a92300000,0x0000000a92400000) (1024K)]
  0x000001fec84c2260 JavaThread "Cache worker for cache directory md-rule (C:\Users\Haqii\.gradle\caches\8.13\md-rule)"        [_thread_blocked, id=13212, stack(0x0000000a92400000,0x0000000a92500000) (1024K)]
  0x000001fec9c0e2f0 JavaThread "Unconstrained build operations"        [_thread_blocked, id=8016, stack(0x0000000a91300000,0x0000000a91400000) (1024K)]
  0x000001fec9c11e00 JavaThread "Unconstrained build operations Thread 2"        [_thread_blocked, id=22100, stack(0x0000000a92500000,0x0000000a92600000) (1024K)]
  0x000001fec9c110e0 JavaThread "Unconstrained build operations Thread 3"        [_thread_blocked, id=19668, stack(0x0000000a92600000,0x0000000a92700000) (1024K)]
  0x000001fec9c12490 JavaThread "Unconstrained build operations Thread 4"        [_thread_blocked, id=23436, stack(0x0000000a92700000,0x0000000a92800000) (1024K)]
  0x000001fec9c10a50 JavaThread "Unconstrained build operations Thread 5"        [_thread_blocked, id=22172, stack(0x0000000a92800000,0x0000000a92900000) (1024K)]
  0x000001fec9c103c0 JavaThread "Unconstrained build operations Thread 6"        [_thread_blocked, id=12440, stack(0x0000000a92900000,0x0000000a92a00000) (1024K)]
  0x000001fec9c0f010 JavaThread "Unconstrained build operations Thread 7"        [_thread_blocked, id=7684, stack(0x0000000a92a00000,0x0000000a92b00000) (1024K)]
  0x000001fec9c12b20 JavaThread "Unconstrained build operations Thread 8"        [_thread_blocked, id=23740, stack(0x0000000a92b00000,0x0000000a92c00000) (1024K)]
  0x000001fec9c0fd30 JavaThread "Unconstrained build operations Thread 9"        [_thread_blocked, id=4104, stack(0x0000000a92c00000,0x0000000a92d00000) (1024K)]
  0x000001fec9c0f6a0 JavaThread "Unconstrained build operations Thread 10"        [_thread_blocked, id=13888, stack(0x0000000a92d00000,0x0000000a92e00000) (1024K)]
  0x000001fec9c131b0 JavaThread "Unconstrained build operations Thread 11"        [_thread_blocked, id=23892, stack(0x0000000a92e00000,0x0000000a92f00000) (1024K)]
  0x000001fec9c13ed0 JavaThread "Unconstrained build operations Thread 12"        [_thread_blocked, id=3920, stack(0x0000000a92f00000,0x0000000a93000000) (1024K)]
  0x000001fec9c13840 JavaThread "Unconstrained build operations Thread 13"        [_thread_blocked, id=23344, stack(0x0000000a93000000,0x0000000a93100000) (1024K)]
  0x000001fec9c14560 JavaThread "Unconstrained build operations Thread 14"        [_thread_blocked, id=4632, stack(0x0000000a93100000,0x0000000a93200000) (1024K)]
  0x000001fec9c14bf0 JavaThread "Unconstrained build operations Thread 15"        [_thread_blocked, id=8656, stack(0x0000000a93200000,0x0000000a93300000) (1024K)]
  0x000001feccaa36b0 JavaThread "Unconstrained build operations Thread 16"        [_thread_blocked, id=19284, stack(0x0000000a93300000,0x0000000a93400000) (1024K)]
  0x000001fec8f154f0 JavaThread "Unconstrained build operations Thread 17"        [_thread_blocked, id=12112, stack(0x0000000a93400000,0x0000000a93500000) (1024K)]
  0x000001fec8f147d0 JavaThread "Unconstrained build operations Thread 18"        [_thread_blocked, id=23820, stack(0x0000000a93500000,0x0000000a93600000) (1024K)]
  0x000001fec8f14e60 JavaThread "Unconstrained build operations Thread 19"        [_thread_blocked, id=17824, stack(0x0000000a93600000,0x0000000a93700000) (1024K)]
  0x000001fec8f13420 JavaThread "Unconstrained build operations Thread 20"        [_thread_blocked, id=8600, stack(0x0000000a93700000,0x0000000a93800000) (1024K)]
  0x000001fec8f14140 JavaThread "Unconstrained build operations Thread 21"        [_thread_blocked, id=22188, stack(0x0000000a93800000,0x0000000a93900000) (1024K)]
  0x000001fec8f12d90 JavaThread "Unconstrained build operations Thread 22"        [_thread_blocked, id=4068, stack(0x0000000a93900000,0x0000000a93a00000) (1024K)]
  0x000001fec8f13ab0 JavaThread "Unconstrained build operations Thread 23"        [_thread_blocked, id=12616, stack(0x0000000a93a00000,0x0000000a93b00000) (1024K)]
  0x000001fec8f15b80 JavaThread "Unconstrained build operations Thread 24"        [_thread_blocked, id=22976, stack(0x0000000a93b00000,0x0000000a93c00000) (1024K)]
  0x000001fec8f12700 JavaThread "Unconstrained build operations Thread 25"        [_thread_blocked, id=3124, stack(0x0000000a93c00000,0x0000000a93d00000) (1024K)]
  0x000001fec8f175c0 JavaThread "Unconstrained build operations Thread 26"        [_thread_blocked, id=13504, stack(0x0000000a93d00000,0x0000000a93e00000) (1024K)]
  0x000001fec8f182e0 JavaThread "Unconstrained build operations Thread 27"        [_thread_blocked, id=25136, stack(0x0000000a93e00000,0x0000000a93f00000) (1024K)]
  0x000001fec8f18970 JavaThread "Unconstrained build operations Thread 28"        [_thread_blocked, id=11920, stack(0x0000000a93f00000,0x0000000a94000000) (1024K)]
  0x000001fec8f17c50 JavaThread "Unconstrained build operations Thread 29"        [_thread_blocked, id=14732, stack(0x0000000a94000000,0x0000000a94100000) (1024K)]
  0x000001fec8f19000 JavaThread "Unconstrained build operations Thread 30"        [_thread_blocked, id=3996, stack(0x0000000a94100000,0x0000000a94200000) (1024K)]
  0x000001fec8f16210 JavaThread "Unconstrained build operations Thread 31"        [_thread_blocked, id=19728, stack(0x0000000a94200000,0x0000000a94300000) (1024K)]
  0x000001fec8f168a0 JavaThread "Unconstrained build operations Thread 32"        [_thread_blocked, id=25056, stack(0x0000000a94300000,0x0000000a94400000) (1024K)]
  0x000001fec6bc39f0 JavaThread "Unconstrained build operations Thread 33"        [_thread_blocked, id=24376, stack(0x0000000a94400000,0x0000000a94500000) (1024K)]
  0x000001fec6bc5430 JavaThread "Unconstrained build operations Thread 34"        [_thread_blocked, id=18192, stack(0x0000000a94500000,0x0000000a94600000) (1024K)]
  0x000001fec6bc3360 JavaThread "Unconstrained build operations Thread 35"        [_thread_blocked, id=2020, stack(0x0000000a94600000,0x0000000a94700000) (1024K)]
  0x000001fec6bc5ac0 JavaThread "Unconstrained build operations Thread 36"        [_thread_blocked, id=19296, stack(0x0000000a94700000,0x0000000a94800000) (1024K)]
  0x000001fec6bc4080 JavaThread "Unconstrained build operations Thread 37"        [_thread_blocked, id=14460, stack(0x0000000a94800000,0x0000000a94900000) (1024K)]
  0x000001fec6bc4710 JavaThread "Unconstrained build operations Thread 38"        [_thread_blocked, id=2984, stack(0x0000000a94900000,0x0000000a94a00000) (1024K)]
  0x000001fec6bc2cd0 JavaThread "Unconstrained build operations Thread 39"        [_thread_blocked, id=19324, stack(0x0000000a94a00000,0x0000000a94b00000) (1024K)]
  0x000001fec6bc4da0 JavaThread "Unconstrained build operations Thread 40"        [_thread_blocked, id=14084, stack(0x0000000a94b00000,0x0000000a94c00000) (1024K)]
  0x000001fec6bc2640 JavaThread "Unconstrained build operations Thread 41"        [_thread_blocked, id=1124, stack(0x0000000a94c00000,0x0000000a94d00000) (1024K)]
  0x000001fec6bc6e70 JavaThread "Unconstrained build operations Thread 42"        [_thread_blocked, id=21024, stack(0x0000000a94d00000,0x0000000a94e00000) (1024K)]
  0x000001fec6bc67e0 JavaThread "Unconstrained build operations Thread 43"        [_thread_blocked, id=23944, stack(0x0000000a94e00000,0x0000000a94f00000) (1024K)]
  0x000001fec6bc7b90 JavaThread "Unconstrained build operations Thread 44"        [_thread_blocked, id=24672, stack(0x0000000a94f00000,0x0000000a95000000) (1024K)]
  0x000001fec6bc7500 JavaThread "Unconstrained build operations Thread 45"        [_thread_blocked, id=15252, stack(0x0000000a95000000,0x0000000a95100000) (1024K)]
  0x000001fecb08b870 JavaThread "C2 CompilerThread2"         daemon [_thread_blocked, id=23276, stack(0x0000000a90900000,0x0000000a90a00000) (1024K)]
Total: 89

Other Threads:
  0x000001fef3c9e490 VMThread "VM Thread"                           [id=14248, stack(0x0000000a8e800000,0x0000000a8e900000) (1024K)]
  0x000001fec10819e0 WatcherThread "VM Periodic Task Thread"        [id=25580, stack(0x0000000a8e700000,0x0000000a8e800000) (1024K)]
  0x000001fed639a8e0 WorkerThread "GC Thread#0"                     [id=22164, stack(0x0000000a8e200000,0x0000000a8e300000) (1024K)]
  0x000001fec1b21010 WorkerThread "GC Thread#1"                     [id=13404, stack(0x0000000a8fa00000,0x0000000a8fb00000) (1024K)]
  0x000001fec1c0bfe0 WorkerThread "GC Thread#2"                     [id=13864, stack(0x0000000a8fb00000,0x0000000a8fc00000) (1024K)]
  0x000001fec1ba2c10 WorkerThread "GC Thread#3"                     [id=24572, stack(0x0000000a8fc00000,0x0000000a8fd00000) (1024K)]
  0x000001fec1ba2fc0 WorkerThread "GC Thread#4"                     [id=5736, stack(0x0000000a8fd00000,0x0000000a8fe00000) (1024K)]
  0x000001fec684e020 WorkerThread "GC Thread#5"                     [id=13248, stack(0x0000000a8fe00000,0x0000000a8ff00000) (1024K)]
  0x000001fec9c7efc0 WorkerThread "GC Thread#6"                     [id=25152, stack(0x0000000a90a00000,0x0000000a90b00000) (1024K)]
  0x000001fec9c80990 WorkerThread "GC Thread#7"                     [id=2572, stack(0x0000000a90b00000,0x0000000a90c00000) (1024K)]
  0x000001fec9c7ec10 WorkerThread "GC Thread#8"                     [id=19540, stack(0x0000000a90c00000,0x0000000a90d00000) (1024K)]
  0x000001fec9c810f0 WorkerThread "GC Thread#9"                     [id=21308, stack(0x0000000a90d00000,0x0000000a90e00000) (1024K)]
  0x000001fec9c805e0 WorkerThread "GC Thread#10"                    [id=25324, stack(0x0000000a90e00000,0x0000000a90f00000) (1024K)]
  0x000001fec9c814a0 WorkerThread "GC Thread#11"                    [id=20504, stack(0x0000000a90f00000,0x0000000a91000000) (1024K)]
  0x000001fec9c7fe80 WorkerThread "GC Thread#12"                    [id=12448, stack(0x0000000a91000000,0x0000000a91100000) (1024K)]
  0x000001fed63ead30 ConcurrentGCThread "G1 Main Marker"            [id=7336, stack(0x0000000a8e300000,0x0000000a8e400000) (1024K)]
  0x000001fed63ec600 WorkerThread "G1 Conc#0"                       [id=3808, stack(0x0000000a8e400000,0x0000000a8e500000) (1024K)]
  0x000001fec9c81850 WorkerThread "G1 Conc#1"                       [id=11268, stack(0x0000000a91100000,0x0000000a91200000) (1024K)]
  0x000001fec9c7dd50 WorkerThread "G1 Conc#2"                       [id=22648, stack(0x0000000a91200000,0x0000000a91300000) (1024K)]
  0x000001fef3bbca00 ConcurrentGCThread "G1 Refine#0"               [id=11204, stack(0x0000000a8e500000,0x0000000a8e600000) (1024K)]
  0x000001fef3bbd230 ConcurrentGCThread "G1 Service"                [id=15496, stack(0x0000000a8e600000,0x0000000a8e700000) (1024K)]
Total: 21

Threads with active compile tasks:
C2 CompilerThread0  13982 10502   !   4       org.gradle.internal.remote.internal.inet.SocketConnection::dispatch (134 bytes)
Total: 1

VM state: not at safepoint (normal execution)

VM Mutex/Monitor currently owned by a thread: None

Heap address: 0x0000000080000000, size: 2048 MB, Compressed Oops mode: 32-bit

CDS archive(s) mapped at: [0x000001fe80000000-0x000001fe80d70000-0x000001fe80d70000), size 14090240, SharedBaseAddress: 0x000001fe80000000, ArchiveRelocationMode: 1.
Compressed class space mapped at: 0x000001fe81000000-0x000001fec1000000, reserved size: 1073741824
Narrow klass base: 0x000001fe80000000, Narrow klass shift: 0, Narrow klass range: 0x41000000

GC Precious Log:
 CardTable entry size: 512
 Card Set container configuration: InlinePtr #cards 5 size 8 Array Of Cards #cards 10 size 36 Howl #buckets 4 coarsen threshold 1843 Howl Bitmap #cards 512 size 80 coarsen threshold 460 Card regions per heap region 1 cards per card region 2048
 CPUs: 16 total, 16 available
 Memory: 15613M
 Large Page Support: Disabled
 NUMA Support: Disabled
 Compressed Oops: Enabled (32-bit)
 Heap Region Size: 1M
 Heap Min Capacity: 8M
 Heap Initial Capacity: 244M
 Heap Max Capacity: 2G
 Pre-touch: Disabled
 Parallel Workers: 13
 Concurrent Workers: 3
 Concurrent Refinement Workers: 13
 Periodic GC: Disabled

Heap:
 garbage-first heap   total reserved 2097152K, committed 135168K, used 82218K [0x0000000080000000, 0x0000000100000000)
  region size 1024K, 5 young (5120K), 3 survivors (3072K)
 Metaspace       used 69163K, committed 71232K, reserved 1114112K
  class space    used 9753K, committed 10688K, reserved 1048576K

Heap Regions: E=young(eden), S=young(survivor), O=old, HS=humongous(starts), HC=humongous(continues), CS=collection set, F=free, TAMS=top-at-mark-start, PB=parsable bottom
|   0|0x0000000080000000, 0x0000000080100000, 0x0000000080100000|100%|HS|  |TAMS 0x0000000080000000| PB 0x0000000080000000| Complete |  0
|   1|0x0000000080100000, 0x0000000080200000, 0x0000000080200000|100%|HC|  |TAMS 0x0000000080100000| PB 0x0000000080100000| Complete |  0
|   2|0x0000000080200000, 0x0000000080300000, 0x0000000080300000|100%|HC|  |TAMS 0x0000000080200000| PB 0x0000000080200000| Complete |  0
|   3|0x0000000080300000, 0x0000000080400000, 0x0000000080400000|100%| O|  |TAMS 0x0000000080300000| PB 0x0000000080300000| Untracked |  0
|   4|0x0000000080400000, 0x0000000080500000, 0x0000000080500000|100%| O|  |TAMS 0x0000000080400000| PB 0x0000000080400000| Untracked |  0
|   5|0x0000000080500000, 0x0000000080600000, 0x0000000080600000|100%| O|  |TAMS 0x0000000080500000| PB 0x0000000080500000| Untracked |  0
|   6|0x0000000080600000, 0x0000000080700000, 0x0000000080700000|100%| O|  |TAMS 0x0000000080600000| PB 0x0000000080600000| Untracked |  0
|   7|0x0000000080700000, 0x0000000080800000, 0x0000000080800000|100%|HS|  |TAMS 0x0000000080700000| PB 0x0000000080700000| Complete |  0
|   8|0x0000000080800000, 0x0000000080900000, 0x0000000080900000|100%| O|  |TAMS 0x0000000080800000| PB 0x0000000080800000| Untracked |  0
|   9|0x0000000080900000, 0x0000000080a00000, 0x0000000080a00000|100%| O|  |TAMS 0x0000000080900000| PB 0x0000000080900000| Untracked |  0
|  10|0x0000000080a00000, 0x0000000080b00000, 0x0000000080b00000|100%| O|  |TAMS 0x0000000080a00000| PB 0x0000000080a00000| Untracked |  0
|  11|0x0000000080b00000, 0x0000000080c00000, 0x0000000080c00000|100%| O|  |TAMS 0x0000000080b00000| PB 0x0000000080b00000| Untracked |  0
|  12|0x0000000080c00000, 0x0000000080d00000, 0x0000000080d00000|100%| O|  |TAMS 0x0000000080c00000| PB 0x0000000080c00000| Untracked |  0
|  13|0x0000000080d00000, 0x0000000080e00000, 0x0000000080e00000|100%| O|  |TAMS 0x0000000080d00000| PB 0x0000000080d00000| Untracked |  0
|  14|0x0000000080e00000, 0x0000000080f00000, 0x0000000080f00000|100%| O|  |TAMS 0x0000000080e00000| PB 0x0000000080e00000| Untracked |  0
|  15|0x0000000080f00000, 0x0000000081000000, 0x0000000081000000|100%| O|  |TAMS 0x0000000080f00000| PB 0x0000000080f00000| Untracked |  0
|  16|0x0000000081000000, 0x0000000081100000, 0x0000000081100000|100%| O|  |TAMS 0x0000000081000000| PB 0x0000000081000000| Untracked |  0
|  17|0x0000000081100000, 0x0000000081200000, 0x0000000081200000|100%| O|  |TAMS 0x0000000081100000| PB 0x0000000081100000| Untracked |  0
|  18|0x0000000081200000, 0x0000000081300000, 0x0000000081300000|100%| O|  |TAMS 0x0000000081200000| PB 0x0000000081200000| Untracked |  0
|  19|0x0000000081300000, 0x0000000081400000, 0x0000000081400000|100%| O|  |TAMS 0x0000000081300000| PB 0x0000000081300000| Untracked |  0
|  20|0x0000000081400000, 0x0000000081500000, 0x0000000081500000|100%| O|  |TAMS 0x0000000081400000| PB 0x0000000081400000| Untracked |  0
|  21|0x0000000081500000, 0x0000000081600000, 0x0000000081600000|100%| O|  |TAMS 0x0000000081500000| PB 0x0000000081500000| Untracked |  0
|  22|0x0000000081600000, 0x0000000081700000, 0x0000000081700000|100%| O|  |TAMS 0x0000000081600000| PB 0x0000000081600000| Untracked |  0
|  23|0x0000000081700000, 0x0000000081800000, 0x0000000081800000|100%| O|  |TAMS 0x0000000081700000| PB 0x0000000081700000| Untracked |  0
|  24|0x0000000081800000, 0x0000000081900000, 0x0000000081900000|100%| O|  |TAMS 0x0000000081800000| PB 0x0000000081800000| Untracked |  0
|  25|0x0000000081900000, 0x0000000081a00000, 0x0000000081a00000|100%| O|  |TAMS 0x0000000081900000| PB 0x0000000081900000| Untracked |  0
|  26|0x0000000081a00000, 0x0000000081b00000, 0x0000000081b00000|100%| O|  |TAMS 0x0000000081a00000| PB 0x0000000081a00000| Untracked |  0
|  27|0x0000000081b00000, 0x0000000081c00000, 0x0000000081c00000|100%| O|  |TAMS 0x0000000081b00000| PB 0x0000000081b00000| Untracked |  0
|  28|0x0000000081c00000, 0x0000000081d00000, 0x0000000081d00000|100%| O|  |TAMS 0x0000000081c00000| PB 0x0000000081c00000| Untracked |  0
|  29|0x0000000081d00000, 0x0000000081e00000, 0x0000000081e00000|100%| O|  |TAMS 0x0000000081d00000| PB 0x0000000081d00000| Untracked |  0
|  30|0x0000000081e00000, 0x0000000081f00000, 0x0000000081f00000|100%| O|  |TAMS 0x0000000081e00000| PB 0x0000000081e00000| Untracked |  0
|  31|0x0000000081f00000, 0x0000000082000000, 0x0000000082000000|100%| O|Cm|TAMS 0x0000000081f00000| PB 0x0000000081f00000| Complete |  0
|  32|0x0000000082000000, 0x0000000082100000, 0x0000000082100000|100%| O|  |TAMS 0x0000000082000000| PB 0x0000000082000000| Untracked |  0
|  33|0x0000000082100000, 0x0000000082200000, 0x0000000082200000|100%| O|  |TAMS 0x0000000082100000| PB 0x0000000082100000| Untracked |  0
|  34|0x0000000082200000, 0x0000000082300000, 0x0000000082300000|100%| O|  |TAMS 0x0000000082200000| PB 0x0000000082200000| Untracked |  0
|  35|0x0000000082300000, 0x0000000082400000, 0x0000000082400000|100%| O|  |TAMS 0x0000000082300000| PB 0x0000000082300000| Untracked |  0
|  36|0x0000000082400000, 0x0000000082500000, 0x0000000082500000|100%| O|  |TAMS 0x0000000082400000| PB 0x0000000082400000| Untracked |  0
|  37|0x0000000082500000, 0x0000000082600000, 0x0000000082600000|100%| O|  |TAMS 0x0000000082500000| PB 0x0000000082500000| Untracked |  0
|  38|0x0000000082600000, 0x0000000082700000, 0x0000000082700000|100%| O|  |TAMS 0x0000000082600000| PB 0x0000000082600000| Untracked |  0
|  39|0x0000000082700000, 0x0000000082800000, 0x0000000082800000|100%| O|  |TAMS 0x0000000082700000| PB 0x0000000082700000| Untracked |  0
|  40|0x0000000082800000, 0x0000000082900000, 0x0000000082900000|100%| O|  |TAMS 0x0000000082800000| PB 0x0000000082800000| Untracked |  0
|  41|0x0000000082900000, 0x0000000082a00000, 0x0000000082a00000|100%| O|  |TAMS 0x0000000082900000| PB 0x0000000082900000| Untracked |  0
|  42|0x0000000082a00000, 0x0000000082b00000, 0x0000000082b00000|100%| O|  |TAMS 0x0000000082a00000| PB 0x0000000082a00000| Untracked |  0
|  43|0x0000000082b00000, 0x0000000082c00000, 0x0000000082c00000|100%|HS|  |TAMS 0x0000000082b00000| PB 0x0000000082b00000| Complete |  0
|  44|0x0000000082c00000, 0x0000000082d00000, 0x0000000082d00000|100%| O|  |TAMS 0x0000000082c00000| PB 0x0000000082c00000| Untracked |  0
|  45|0x0000000082d00000, 0x0000000082e00000, 0x0000000082e00000|100%| O|  |TAMS 0x0000000082d00000| PB 0x0000000082d00000| Untracked |  0
|  46|0x0000000082e00000, 0x0000000082f00000, 0x0000000082f00000|100%| O|  |TAMS 0x0000000082e00000| PB 0x0000000082e00000| Untracked |  0
|  47|0x0000000082f00000, 0x0000000083000000, 0x0000000083000000|100%| O|  |TAMS 0x0000000082f00000| PB 0x0000000082f00000| Untracked |  0
|  48|0x0000000083000000, 0x0000000083100000, 0x0000000083100000|100%| O|  |TAMS 0x0000000083000000| PB 0x0000000083000000| Untracked |  0
|  49|0x0000000083100000, 0x0000000083200000, 0x0000000083200000|100%| O|  |TAMS 0x0000000083100000| PB 0x0000000083100000| Untracked |  0
|  50|0x0000000083200000, 0x0000000083300000, 0x0000000083300000|100%| O|  |TAMS 0x0000000083200000| PB 0x0000000083200000| Untracked |  0
|  51|0x0000000083300000, 0x0000000083400000, 0x0000000083400000|100%| O|  |TAMS 0x0000000083300000| PB 0x0000000083300000| Untracked |  0
|  52|0x0000000083400000, 0x0000000083500000, 0x0000000083500000|100%| O|  |TAMS 0x0000000083400000| PB 0x0000000083400000| Untracked |  0
|  53|0x0000000083500000, 0x0000000083600000, 0x0000000083600000|100%| O|Cm|TAMS 0x0000000083500000| PB 0x0000000083500000| Complete |  0
|  54|0x0000000083600000, 0x0000000083700000, 0x0000000083700000|100%| O|  |TAMS 0x0000000083600000| PB 0x0000000083600000| Untracked |  0
|  55|0x0000000083700000, 0x0000000083800000, 0x0000000083800000|100%|HS|  |TAMS 0x0000000083700000| PB 0x0000000083700000| Complete |  0
|  56|0x0000000083800000, 0x0000000083900000, 0x0000000083900000|100%|HS|  |TAMS 0x0000000083800000| PB 0x0000000083800000| Complete |  0
|  57|0x0000000083900000, 0x0000000083a00000, 0x0000000083a00000|100%|HC|  |TAMS 0x0000000083900000| PB 0x0000000083900000| Complete |  0
|  58|0x0000000083a00000, 0x0000000083b00000, 0x0000000083b00000|100%|HS|  |TAMS 0x0000000083a00000| PB 0x0000000083a00000| Complete |  0
|  59|0x0000000083b00000, 0x0000000083c00000, 0x0000000083c00000|100%|HS|  |TAMS 0x0000000083b00000| PB 0x0000000083b00000| Complete |  0
|  60|0x0000000083c00000, 0x0000000083d00000, 0x0000000083d00000|100%|HS|  |TAMS 0x0000000083c00000| PB 0x0000000083c00000| Complete |  0
|  61|0x0000000083d00000, 0x0000000083e00000, 0x0000000083e00000|100%|HC|  |TAMS 0x0000000083d00000| PB 0x0000000083d00000| Complete |  0
|  62|0x0000000083e00000, 0x0000000083f00000, 0x0000000083f00000|100%| O|  |TAMS 0x0000000083e00000| PB 0x0000000083e00000| Untracked |  0
|  63|0x0000000083f00000, 0x0000000084000000, 0x0000000084000000|100%|HS|  |TAMS 0x0000000083f00000| PB 0x0000000083f00000| Complete |  0
|  64|0x0000000084000000, 0x0000000084100000, 0x0000000084100000|100%| O|  |TAMS 0x0000000084000000| PB 0x0000000084000000| Untracked |  0
|  65|0x0000000084100000, 0x0000000084200000, 0x0000000084200000|100%| O|  |TAMS 0x0000000084100000| PB 0x0000000084100000| Untracked |  0
|  66|0x0000000084200000, 0x0000000084272f40, 0x0000000084300000| 44%| O|  |TAMS 0x0000000084200000| PB 0x0000000084200000| Untracked |  0
|  67|0x0000000084300000, 0x0000000084400000, 0x0000000084400000|100%|HS|  |TAMS 0x0000000084300000| PB 0x0000000084300000| Complete |  0
|  68|0x0000000084400000, 0x0000000084500000, 0x0000000084500000|100%|HS|  |TAMS 0x0000000084400000| PB 0x0000000084400000| Complete |  0
|  69|0x0000000084500000, 0x0000000084600000, 0x0000000084600000|100%|HC|  |TAMS 0x0000000084500000| PB 0x0000000084500000| Complete |  0
|  70|0x0000000084600000, 0x0000000084700000, 0x0000000084700000|100%|HC|  |TAMS 0x0000000084600000| PB 0x0000000084600000| Complete |  0
|  71|0x0000000084700000, 0x0000000084800000, 0x0000000084800000|100%| O|  |TAMS 0x0000000084700000| PB 0x0000000084700000| Untracked |  0
|  72|0x0000000084800000, 0x0000000084900000, 0x0000000084900000|100%| O|  |TAMS 0x0000000084800000| PB 0x0000000084800000| Untracked |  0
|  73|0x0000000084900000, 0x0000000084a00000, 0x0000000084a00000|100%| O|  |TAMS 0x0000000084900000| PB 0x0000000084900000| Untracked |  0
|  74|0x0000000084a00000, 0x0000000084b00000, 0x0000000084b00000|100%| O|  |TAMS 0x0000000084a00000| PB 0x0000000084a00000| Untracked |  0
|  75|0x0000000084b00000, 0x0000000084c00000, 0x0000000084c00000|100%| O|  |TAMS 0x0000000084b00000| PB 0x0000000084b00000| Untracked |  0
|  76|0x0000000084c00000, 0x0000000084c00000, 0x0000000084d00000|  0%| F|  |TAMS 0x0000000084c00000| PB 0x0000000084c00000| Untracked |  0
|  77|0x0000000084d00000, 0x0000000084d00000, 0x0000000084e00000|  0%| F|  |TAMS 0x0000000084d00000| PB 0x0000000084d00000| Untracked |  0
|  78|0x0000000084e00000, 0x0000000084e00000, 0x0000000084f00000|  0%| F|  |TAMS 0x0000000084e00000| PB 0x0000000084e00000| Untracked |  0
|  79|0x0000000084f00000, 0x0000000084f00000, 0x0000000085000000|  0%| F|  |TAMS 0x0000000084f00000| PB 0x0000000084f00000| Untracked |  0
|  80|0x0000000085000000, 0x0000000085000000, 0x0000000085100000|  0%| F|  |TAMS 0x0000000085000000| PB 0x0000000085000000| Untracked |  0
|  81|0x0000000085100000, 0x0000000085100000, 0x0000000085200000|  0%| F|  |TAMS 0x0000000085100000| PB 0x0000000085100000| Untracked |  0
|  82|0x0000000085200000, 0x0000000085200000, 0x0000000085300000|  0%| F|  |TAMS 0x0000000085200000| PB 0x0000000085200000| Untracked |  0
|  83|0x0000000085300000, 0x0000000085300000, 0x0000000085400000|  0%| F|  |TAMS 0x0000000085300000| PB 0x0000000085300000| Untracked |  0
|  84|0x0000000085400000, 0x0000000085400000, 0x0000000085500000|  0%| F|  |TAMS 0x0000000085400000| PB 0x0000000085400000| Untracked |  0
|  85|0x0000000085500000, 0x0000000085500000, 0x0000000085600000|  0%| F|  |TAMS 0x0000000085500000| PB 0x0000000085500000| Untracked |  0
|  86|0x0000000085600000, 0x0000000085600000, 0x0000000085700000|  0%| F|  |TAMS 0x0000000085600000| PB 0x0000000085600000| Untracked |  0
|  87|0x0000000085700000, 0x0000000085700000, 0x0000000085800000|  0%| F|  |TAMS 0x0000000085700000| PB 0x0000000085700000| Untracked |  0
|  88|0x0000000085800000, 0x0000000085800000, 0x0000000085900000|  0%| F|  |TAMS 0x0000000085800000| PB 0x0000000085800000| Untracked |  0
|  89|0x0000000085900000, 0x0000000085900000, 0x0000000085a00000|  0%| F|  |TAMS 0x0000000085900000| PB 0x0000000085900000| Untracked |  0
|  90|0x0000000085a00000, 0x0000000085a00000, 0x0000000085b00000|  0%| F|  |TAMS 0x0000000085a00000| PB 0x0000000085a00000| Untracked |  0
|  91|0x0000000085b00000, 0x0000000085b00000, 0x0000000085c00000|  0%| F|  |TAMS 0x0000000085b00000| PB 0x0000000085b00000| Untracked |  0
|  92|0x0000000085c00000, 0x0000000085c00000, 0x0000000085d00000|  0%| F|  |TAMS 0x0000000085c00000| PB 0x0000000085c00000| Untracked |  0
|  93|0x0000000085d00000, 0x0000000085d00000, 0x0000000085e00000|  0%| F|  |TAMS 0x0000000085d00000| PB 0x0000000085d00000| Untracked |  0
|  94|0x0000000085e00000, 0x0000000085e00000, 0x0000000085f00000|  0%| F|  |TAMS 0x0000000085e00000| PB 0x0000000085e00000| Untracked |  0
|  95|0x0000000085f00000, 0x0000000085f00000, 0x0000000086000000|  0%| F|  |TAMS 0x0000000085f00000| PB 0x0000000085f00000| Untracked |  0
|  96|0x0000000086000000, 0x0000000086000000, 0x0000000086100000|  0%| F|  |TAMS 0x0000000086000000| PB 0x0000000086000000| Untracked |  0
|  97|0x0000000086100000, 0x00000000861d7af0, 0x0000000086200000| 84%| S|CS|TAMS 0x0000000086100000| PB 0x0000000086100000| Complete |  0
|  98|0x0000000086200000, 0x0000000086300000, 0x0000000086300000|100%| S|CS|TAMS 0x0000000086200000| PB 0x0000000086200000| Complete |  0
|  99|0x0000000086300000, 0x0000000086400000, 0x0000000086400000|100%| S|CS|TAMS 0x0000000086300000| PB 0x0000000086300000| Complete |  0
| 100|0x0000000086400000, 0x0000000086400000, 0x0000000086500000|  0%| F|  |TAMS 0x0000000086400000| PB 0x0000000086400000| Untracked |  0
| 101|0x0000000086500000, 0x0000000086500000, 0x0000000086600000|  0%| F|  |TAMS 0x0000000086500000| PB 0x0000000086500000| Untracked |  0
| 102|0x0000000086600000, 0x0000000086600000, 0x0000000086700000|  0%| F|  |TAMS 0x0000000086600000| PB 0x0000000086600000| Untracked |  0
| 103|0x0000000086700000, 0x0000000086700000, 0x0000000086800000|  0%| F|  |TAMS 0x0000000086700000| PB 0x0000000086700000| Untracked |  0
| 104|0x0000000086800000, 0x0000000086800000, 0x0000000086900000|  0%| F|  |TAMS 0x0000000086800000| PB 0x0000000086800000| Untracked |  0
| 105|0x0000000086900000, 0x0000000086900000, 0x0000000086a00000|  0%| F|  |TAMS 0x0000000086900000| PB 0x0000000086900000| Untracked |  0
| 106|0x0000000086a00000, 0x0000000086a00000, 0x0000000086b00000|  0%| F|  |TAMS 0x0000000086a00000| PB 0x0000000086a00000| Untracked |  0
| 107|0x0000000086b00000, 0x0000000086b00000, 0x0000000086c00000|  0%| F|  |TAMS 0x0000000086b00000| PB 0x0000000086b00000| Untracked |  0
| 108|0x0000000086c00000, 0x0000000086c00000, 0x0000000086d00000|  0%| F|  |TAMS 0x0000000086c00000| PB 0x0000000086c00000| Untracked |  0
| 109|0x0000000086d00000, 0x0000000086d00000, 0x0000000086e00000|  0%| F|  |TAMS 0x0000000086d00000| PB 0x0000000086d00000| Untracked |  0
| 110|0x0000000086e00000, 0x0000000086e00000, 0x0000000086f00000|  0%| F|  |TAMS 0x0000000086e00000| PB 0x0000000086e00000| Untracked |  0
| 111|0x0000000086f00000, 0x0000000086f00000, 0x0000000087000000|  0%| F|  |TAMS 0x0000000086f00000| PB 0x0000000086f00000| Untracked |  0
| 112|0x0000000087000000, 0x0000000087000000, 0x0000000087100000|  0%| F|  |TAMS 0x0000000087000000| PB 0x0000000087000000| Untracked |  0
| 113|0x0000000087100000, 0x0000000087100000, 0x0000000087200000|  0%| F|  |TAMS 0x0000000087100000| PB 0x0000000087100000| Untracked |  0
| 114|0x0000000087200000, 0x0000000087200000, 0x0000000087300000|  0%| F|  |TAMS 0x0000000087200000| PB 0x0000000087200000| Untracked |  0
| 115|0x0000000087300000, 0x0000000087300000, 0x0000000087400000|  0%| F|  |TAMS 0x0000000087300000| PB 0x0000000087300000| Untracked |  0
| 116|0x0000000087400000, 0x0000000087400000, 0x0000000087500000|  0%| F|  |TAMS 0x0000000087400000| PB 0x0000000087400000| Untracked |  0
| 117|0x0000000087500000, 0x0000000087500000, 0x0000000087600000|  0%| F|  |TAMS 0x0000000087500000| PB 0x0000000087500000| Untracked |  0
| 118|0x0000000087600000, 0x0000000087600000, 0x0000000087700000|  0%| F|  |TAMS 0x0000000087600000| PB 0x0000000087600000| Untracked |  0
| 119|0x0000000087700000, 0x0000000087700000, 0x0000000087800000|  0%| F|  |TAMS 0x0000000087700000| PB 0x0000000087700000| Untracked |  0
| 120|0x0000000087800000, 0x0000000087800000, 0x0000000087900000|  0%| F|  |TAMS 0x0000000087800000| PB 0x0000000087800000| Untracked |  0
| 121|0x0000000087900000, 0x0000000087900000, 0x0000000087a00000|  0%| F|  |TAMS 0x0000000087900000| PB 0x0000000087900000| Untracked |  0
| 122|0x0000000087a00000, 0x0000000087a00000, 0x0000000087b00000|  0%| F|  |TAMS 0x0000000087a00000| PB 0x0000000087a00000| Untracked |  0
| 123|0x0000000087b00000, 0x0000000087b00000, 0x0000000087c00000|  0%| F|  |TAMS 0x0000000087b00000| PB 0x0000000087b00000| Untracked |  0
| 124|0x0000000087c00000, 0x0000000087c00000, 0x0000000087d00000|  0%| F|  |TAMS 0x0000000087c00000| PB 0x0000000087c00000| Untracked |  0
| 125|0x0000000087d00000, 0x0000000087d00000, 0x0000000087e00000|  0%| F|  |TAMS 0x0000000087d00000| PB 0x0000000087d00000| Untracked |  0
| 209|0x000000008d100000, 0x000000008d100000, 0x000000008d200000|  0%| F|  |TAMS 0x000000008d100000| PB 0x000000008d100000| Untracked |  0
| 210|0x000000008d200000, 0x000000008d200000, 0x000000008d300000|  0%| F|  |TAMS 0x000000008d200000| PB 0x000000008d200000| Untracked |  0
| 211|0x000000008d300000, 0x000000008d300000, 0x000000008d400000|  0%| F|  |TAMS 0x000000008d300000| PB 0x000000008d300000| Untracked |  0
| 242|0x000000008f200000, 0x000000008f2e5298, 0x000000008f300000| 89%| E|  |TAMS 0x000000008f200000| PB 0x000000008f200000| Complete |  0
| 243|0x000000008f300000, 0x000000008f400000, 0x000000008f400000|100%| E|CS|TAMS 0x000000008f300000| PB 0x000000008f300000| Complete |  0
|2047|0x00000000fff00000, 0x0000000100000000, 0x0000000100000000|100%| O|  |TAMS 0x00000000fff00000| PB 0x00000000fff00000| Untracked |  0

Card table byte_map: [0x000001feee810000,0x000001feeec10000] _byte_map_base: 0x000001feee410000

Marking Bits: (CMBitMap*) 0x000001fed639b710
 Bits: [0x000001feeec10000, 0x000001fef0c10000)

Polling page: 0x000001fed4360000

Metaspace:

Usage:
  Non-class:     58.04 MB used.
      Class:      9.53 MB used.
       Both:     67.57 MB used.

Virtual space:
  Non-class space:       64.00 MB reserved,      59.12 MB ( 92%) committed,  1 nodes.
      Class space:        1.00 GB reserved,      10.44 MB (  1%) committed,  1 nodes.
             Both:        1.06 GB reserved,      69.56 MB (  6%) committed. 

Chunk freelists:
   Non-Class:  4.79 MB
       Class:  5.52 MB
        Both:  10.31 MB

MaxMetaspaceSize: unlimited
CompressedClassSpaceSize: 1.00 GB
Initial GC threshold: 21.00 MB
Current GC threshold: 109.50 MB
CDS: on
 - commit_granule_bytes: 65536.
 - commit_granule_words: 8192.
 - virtual_space_node_default_size: 8388608.
 - enlarge_chunks_in_place: 1.
 - use_allocation_guard: 0.


Internal statistics:

num_allocs_failed_limit: 12.
num_arena_births: 3398.
num_arena_deaths: 0.
num_vsnodes_births: 2.
num_vsnodes_deaths: 0.
num_space_committed: 1113.
num_space_uncommitted: 0.
num_chunks_returned_to_freelist: 12.
num_chunks_taken_from_freelist: 6436.
num_chunk_merges: 9.
num_chunk_splits: 4219.
num_chunks_enlarged: 2634.
num_inconsistent_stats: 0.

CodeHeap 'non-profiled nmethods': size=119232Kb used=3725Kb max_used=3725Kb free=115506Kb
 bounds [0x000001fee6600000, 0x000001fee69b0000, 0x000001feeda70000]
CodeHeap 'profiled nmethods': size=119104Kb used=13460Kb max_used=13460Kb free=105644Kb
 bounds [0x000001fedea70000, 0x000001fedf7a0000, 0x000001fee5ec0000]
CodeHeap 'non-nmethods': size=7424Kb used=3367Kb max_used=4542Kb free=4056Kb
 bounds [0x000001fee5ec0000, 0x000001fee6340000, 0x000001fee6600000]
CodeCache: size=245760Kb, used=20552Kb, max_used=21727Kb, free=225206Kb
 total_blobs=10132, nmethods=9185, adapters=851, full_count=0
Compilation: enabled, stopped_count=0, restarted_count=0

Compilation events (20 events):
Event: 11.858 Thread 0x000001fec11d00c0 nmethod 10530 0x000001fedf78cb88 code [0x000001fedf78ccc0, 0x000001fedf78cef8]
Event: 11.858 Thread 0x000001fec11d0780 nmethod 10529 0x000001fedf78cf88 code [0x000001fedf78d0c0, 0x000001fedf78d3b8]
Event: 11.859 Thread 0x000001fec11d0780 10531       3       org.gradle.model.internal.asm.MethodVisitorScope::_NEW (12 bytes)
Event: 11.859 Thread 0x000001fec11c3310 10532       3       org.objectweb.asm.SymbolTable::hash (12 bytes)
Event: 11.859 Thread 0x000001fec10aabc0 10533       3       org.objectweb.asm.SymbolTable$Entry::<init> (18 bytes)
Event: 11.859 Thread 0x000001fec11c3310 nmethod 10532 0x000001fedf78d488 code [0x000001fedf78d5a0, 0x000001fedf78d6d8]
Event: 11.859 Thread 0x000001fec10aabc0 nmethod 10533 0x000001fedf78d788 code [0x000001fedf78d8a0, 0x000001fedf78da18]
Event: 11.860 Thread 0x000001fec11d0780 nmethod 10531 0x000001fedf78da88 code [0x000001fedf78dbe0, 0x000001fedf78df10]
Event: 11.861 Thread 0x000001fec11d0780 10534       2       com.google.common.collect.RegularImmutableMap::fromEntryArrayCheckingBucketOverflow (282 bytes)
Event: 11.862 Thread 0x000001fec11d0780 nmethod 10534 0x000001fedf78df88 code [0x000001fedf78e220, 0x000001fedf78f120]
Event: 11.862 Thread 0x000001fec11d00c0 10535       3       java.util.Collections$EmptyMap::values (4 bytes)
Event: 11.862 Thread 0x000001fec11d00c0 nmethod 10535 0x000001fedf78f208 code [0x000001fedf78f320, 0x000001fedf78f490]
Event: 11.863 Thread 0x000001fec11c3310 10536       3       org.objectweb.asm.SymbolTable::addUninitializedType (103 bytes)
Event: 11.863 Thread 0x000001fec11c3310 nmethod 10536 0x000001fedf78f508 code [0x000001fedf78f6a0, 0x000001fedf78fc18]
Event: 11.890 Thread 0x000001fec11d0780 10540       1       jdk.xml.internal.XMLSecurityManager$Limit::systemProperty (5 bytes)
Event: 11.890 Thread 0x000001fec11d0780 nmethod 10540 0x000001fee699a208 code [0x000001fee699a320, 0x000001fee699a3e8]
Event: 11.891 Thread 0x000001fecb08b870 10521       4       org.objectweb.asm.Frame::merge (395 bytes)
Event: 12.518 Thread 0x000001fec11c3310 10541       3       java.util.concurrent.ThreadPoolExecutor::runStateAtLeast (11 bytes)
Event: 12.518 Thread 0x000001fec11c3310 nmethod 10541 0x000001fedf78fc88 code [0x000001fedf78fda0, 0x000001fedf78fed8]
Event: 13.531 Thread 0x000001fec11c3310 10542       3       javax.management.ObjectName::construct (1135 bytes)

GC Heap History (20 events):
Event: 9.321 GC heap before
{Heap before GC invocations=16 (full 0):
 garbage-first heap   total reserved 2097152K, committed 94208K, used 74788K [0x0000000080000000, 0x0000000100000000)
  region size 1024K, 30 young (30720K), 3 survivors (3072K)
 Metaspace       used 58954K, committed 60736K, reserved 1114112K
  class space    used 8562K, committed 9408K, reserved 1048576K
}
Event: 9.326 GC heap after
{Heap after GC invocations=17 (full 0):
 garbage-first heap   total reserved 2097152K, committed 94208K, used 52917K [0x0000000080000000, 0x0000000100000000)
  region size 1024K, 5 young (5120K), 5 survivors (5120K)
 Metaspace       used 58954K, committed 60736K, reserved 1114112K
  class space    used 8562K, committed 9408K, reserved 1048576K
}
Event: 9.615 GC heap before
{Heap before GC invocations=18 (full 0):
 garbage-first heap   total reserved 2097152K, committed 94208K, used 81589K [0x0000000080000000, 0x0000000100000000)
  region size 1024K, 34 young (34816K), 5 survivors (5120K)
 Metaspace       used 59448K, committed 61312K, reserved 1114112K
  class space    used 8640K, committed 9536K, reserved 1048576K
}
Event: 9.621 GC heap after
{Heap after GC invocations=19 (full 0):
 garbage-first heap   total reserved 2097152K, committed 94208K, used 56190K [0x0000000080000000, 0x0000000100000000)
  region size 1024K, 4 young (4096K), 4 survivors (4096K)
 Metaspace       used 59448K, committed 61312K, reserved 1114112K
  class space    used 8640K, committed 9536K, reserved 1048576K
}
Event: 9.897 GC heap before
{Heap before GC invocations=19 (full 0):
 garbage-first heap   total reserved 2097152K, committed 94208K, used 81790K [0x0000000080000000, 0x0000000100000000)
  region size 1024K, 30 young (30720K), 4 survivors (4096K)
 Metaspace       used 59750K, committed 61632K, reserved 1114112K
  class space    used 8665K, committed 9536K, reserved 1048576K
}
Event: 9.901 GC heap after
{Heap after GC invocations=20 (full 0):
 garbage-first heap   total reserved 2097152K, committed 94208K, used 56102K [0x0000000080000000, 0x0000000100000000)
  region size 1024K, 3 young (3072K), 3 survivors (3072K)
 Metaspace       used 59750K, committed 61632K, reserved 1114112K
  class space    used 8665K, committed 9536K, reserved 1048576K
}
Event: 10.070 GC heap before
{Heap before GC invocations=20 (full 0):
 garbage-first heap   total reserved 2097152K, committed 94208K, used 83750K [0x0000000080000000, 0x0000000100000000)
  region size 1024K, 31 young (31744K), 3 survivors (3072K)
 Metaspace       used 59933K, committed 61824K, reserved 1114112K
  class space    used 8665K, committed 9536K, reserved 1048576K
}
Event: 10.073 GC heap after
{Heap after GC invocations=21 (full 0):
 garbage-first heap   total reserved 2097152K, committed 94208K, used 56958K [0x0000000080000000, 0x0000000100000000)
  region size 1024K, 3 young (3072K), 3 survivors (3072K)
 Metaspace       used 59933K, committed 61824K, reserved 1114112K
  class space    used 8665K, committed 9536K, reserved 1048576K
}
Event: 10.190 GC heap before
{Heap before GC invocations=22 (full 0):
 garbage-first heap   total reserved 2097152K, committed 96256K, used 83582K [0x0000000080000000, 0x0000000100000000)
  region size 1024K, 30 young (30720K), 3 survivors (3072K)
 Metaspace       used 59940K, committed 61824K, reserved 1114112K
  class space    used 8665K, committed 9536K, reserved 1048576K
}
Event: 10.192 GC heap after
{Heap after GC invocations=23 (full 0):
 garbage-first heap   total reserved 2097152K, committed 96256K, used 57287K [0x0000000080000000, 0x0000000100000000)
  region size 1024K, 3 young (3072K), 3 survivors (3072K)
 Metaspace       used 59940K, committed 61824K, reserved 1114112K
  class space    used 8665K, committed 9536K, reserved 1048576K
}
Event: 10.283 GC heap before
{Heap before GC invocations=23 (full 0):
 garbage-first heap   total reserved 2097152K, committed 96256K, used 85959K [0x0000000080000000, 0x0000000100000000)
  region size 1024K, 31 young (31744K), 3 survivors (3072K)
 Metaspace       used 59944K, committed 61824K, reserved 1114112K
  class space    used 8665K, committed 9536K, reserved 1048576K
}
Event: 10.285 GC heap after
{Heap after GC invocations=24 (full 0):
 garbage-first heap   total reserved 2097152K, committed 96256K, used 56941K [0x0000000080000000, 0x0000000100000000)
  region size 1024K, 3 young (3072K), 3 survivors (3072K)
 Metaspace       used 59944K, committed 61824K, reserved 1114112K
  class space    used 8665K, committed 9536K, reserved 1048576K
}
Event: 10.361 GC heap before
{Heap before GC invocations=24 (full 0):
 garbage-first heap   total reserved 2097152K, committed 96256K, used 85613K [0x0000000080000000, 0x0000000100000000)
  region size 1024K, 32 young (32768K), 3 survivors (3072K)
 Metaspace       used 59948K, committed 61824K, reserved 1114112K
  class space    used 8665K, committed 9536K, reserved 1048576K
}
Event: 10.364 GC heap after
{Heap after GC invocations=25 (full 0):
 garbage-first heap   total reserved 2097152K, committed 115712K, used 57442K [0x0000000080000000, 0x0000000100000000)
  region size 1024K, 3 young (3072K), 3 survivors (3072K)
 Metaspace       used 59948K, committed 61824K, reserved 1114112K
  class space    used 8665K, committed 9536K, reserved 1048576K
}
Event: 10.740 GC heap before
{Heap before GC invocations=26 (full 0):
 garbage-first heap   total reserved 2097152K, committed 115712K, used 109666K [0x0000000080000000, 0x0000000100000000)
  region size 1024K, 48 young (49152K), 3 survivors (3072K)
 Metaspace       used 60571K, committed 62528K, reserved 1114112K
  class space    used 8746K, committed 9664K, reserved 1048576K
}
Event: 10.744 GC heap after
{Heap after GC invocations=27 (full 0):
 garbage-first heap   total reserved 2097152K, committed 117760K, used 68034K [0x0000000080000000, 0x0000000100000000)
  region size 1024K, 6 young (6144K), 6 survivors (6144K)
 Metaspace       used 60571K, committed 62528K, reserved 1114112K
  class space    used 8746K, committed 9664K, reserved 1048576K
}
Event: 11.240 GC heap before
{Heap before GC invocations=27 (full 0):
 garbage-first heap   total reserved 2097152K, committed 117760K, used 107970K [0x0000000080000000, 0x0000000100000000)
  region size 1024K, 41 young (41984K), 6 survivors (6144K)
 Metaspace       used 62993K, committed 64960K, reserved 1114112K
  class space    used 9047K, committed 9984K, reserved 1048576K
}
Event: 11.244 GC heap after
{Heap after GC invocations=28 (full 0):
 garbage-first heap   total reserved 2097152K, committed 121856K, used 77344K [0x0000000080000000, 0x0000000100000000)
  region size 1024K, 5 young (5120K), 5 survivors (5120K)
 Metaspace       used 62993K, committed 64960K, reserved 1114112K
  class space    used 9047K, committed 9984K, reserved 1048576K
}
Event: 11.468 GC heap before
{Heap before GC invocations=28 (full 0):
 garbage-first heap   total reserved 2097152K, committed 121856K, used 97824K [0x0000000080000000, 0x0000000100000000)
  region size 1024K, 27 young (27648K), 5 survivors (5120K)
 Metaspace       used 65206K, committed 67264K, reserved 1114112K
  class space    used 9265K, committed 10240K, reserved 1048576K
}
Event: 11.470 GC heap after
{Heap after GC invocations=29 (full 0):
 garbage-first heap   total reserved 2097152K, committed 121856K, used 78058K [0x0000000080000000, 0x0000000100000000)
  region size 1024K, 1 young (1024K), 1 survivors (1024K)
 Metaspace       used 65206K, committed 67264K, reserved 1114112K
  class space    used 9265K, committed 10240K, reserved 1048576K
}

Dll operation events (15 events):
Event: 0.016 Loaded shared library C:\Program Files\Java\jdk-23\bin\java.dll
Event: 0.042 Loaded shared library C:\Program Files\Java\jdk-23\bin\jsvml.dll
Event: 0.079 Loaded shared library C:\Program Files\Java\jdk-23\bin\zip.dll
Event: 0.083 Loaded shared library C:\Program Files\Java\jdk-23\bin\instrument.dll
Event: 0.087 Loaded shared library C:\Program Files\Java\jdk-23\bin\net.dll
Event: 0.088 Loaded shared library C:\Program Files\Java\jdk-23\bin\nio.dll
Event: 0.091 Loaded shared library C:\Program Files\Java\jdk-23\bin\zip.dll
Event: 0.332 Loaded shared library C:\Program Files\Java\jdk-23\bin\jimage.dll
Event: 0.508 Loaded shared library C:\Program Files\Java\jdk-23\bin\verify.dll
Event: 0.616 Loaded shared library C:\Users\Haqii\.gradle\native\1def1411415f61bf3af743bc5b6707747c0891f09f0c88961ee8f79bc544acac\windows-amd64\native-platform.dll
Event: 0.630 Loaded shared library C:\Users\Haqii\.gradle\native\0.2.7\x86_64-windows-gnu\gradle-fileevents.dll
Event: 1.472 Loaded shared library C:\Program Files\Java\jdk-23\bin\management.dll
Event: 1.477 Loaded shared library C:\Program Files\Java\jdk-23\bin\management_ext.dll
Event: 1.613 Loaded shared library C:\Program Files\Java\jdk-23\bin\extnet.dll
Event: 1.850 Loaded shared library C:\Program Files\Java\jdk-23\bin\sunmscapi.dll

Deoptimization events (20 events):
Event: 11.361 Thread 0x000001fec7527d00 DEOPT PACKING pc=0x000001fedeff0111 sp=0x0000000a8f9f22b0
Event: 11.361 Thread 0x000001fec7527d00 DEOPT UNPACKING pc=0x000001fee5f14b22 sp=0x0000000a8f9f17c0 mode 0
Event: 11.428 Thread 0x000001fec7527d00 Uncommon trap: trap_request=0xffffffdc fr.pc=0x000001fee6970fd0 relative=0x0000000000000310
Event: 11.428 Thread 0x000001fec7527d00 Uncommon trap: reason=class_check action=make_not_entrant pc=0x000001fee6970fd0 method=java.util.ArrayList$SubList.toArray([Ljava/lang/Object;)[Ljava/lang/Object; @ 37 c2
Event: 11.428 Thread 0x000001fec7527d00 DEOPT PACKING pc=0x000001fee6970fd0 sp=0x0000000a8f9f5770
Event: 11.428 Thread 0x000001fec7527d00 DEOPT UNPACKING pc=0x000001fee5f14402 sp=0x0000000a8f9f5738 mode 2
Event: 11.470 Thread 0x000001fec11c1450 Uncommon trap: trap_request=0xffffffde fr.pc=0x000001fee67bdd88 relative=0x00000000000004c8
Event: 11.470 Thread 0x000001fec11c1450 Uncommon trap: reason=class_check action=maybe_recompile pc=0x000001fee67bdd88 method=jdk.internal.ref.PhantomCleanable.clean()V @ 12 c2
Event: 11.470 Thread 0x000001fec11c1450 DEOPT PACKING pc=0x000001fee67bdd88 sp=0x0000000a8f1ff350
Event: 11.470 Thread 0x000001fec11c1450 DEOPT UNPACKING pc=0x000001fee5f14402 sp=0x0000000a8f1ff330 mode 2
Event: 11.536 Thread 0x000001fec7527d00 Uncommon trap: trap_request=0xffffffc6 fr.pc=0x000001fee6759d98 relative=0x0000000000000058
Event: 11.536 Thread 0x000001fec7527d00 Uncommon trap: reason=bimorphic_or_optimized_type_check action=maybe_recompile pc=0x000001fee6759d98 method=java.util.AbstractQueue.add(Ljava/lang/Object;)Z @ 2 c2
Event: 11.536 Thread 0x000001fec7527d00 DEOPT PACKING pc=0x000001fee6759d98 sp=0x0000000a8f9f6960
Event: 11.536 Thread 0x000001fec7527d00 DEOPT UNPACKING pc=0x000001fee5f14402 sp=0x0000000a8f9f6928 mode 2
Event: 11.536 Thread 0x000001fec7527d00 Uncommon trap: trap_request=0xffffffc6 fr.pc=0x000001fee6759d98 relative=0x0000000000000058
Event: 11.536 Thread 0x000001fec7527d00 Uncommon trap: reason=bimorphic_or_optimized_type_check action=maybe_recompile pc=0x000001fee6759d98 method=java.util.AbstractQueue.add(Ljava/lang/Object;)Z @ 2 c2
Event: 11.536 Thread 0x000001fec7527d00 DEOPT PACKING pc=0x000001fee6759d98 sp=0x0000000a8f9f6960
Event: 11.536 Thread 0x000001fec7527d00 DEOPT UNPACKING pc=0x000001fee5f14402 sp=0x0000000a8f9f6928 mode 2
Event: 11.874 Thread 0x000001fec7527d00 DEOPT PACKING pc=0x000001fedf152464 sp=0x0000000a8f9f4240
Event: 11.874 Thread 0x000001fec7527d00 DEOPT UNPACKING pc=0x000001fee5f14b22 sp=0x0000000a8f9f3720 mode 0

Classes loaded (20 events):
Event: 11.893 Loading class com/sun/org/apache/xerces/internal/xni/XMLDTDContentModelHandler
Event: 11.893 Loading class com/sun/org/apache/xerces/internal/xni/XMLDTDContentModelHandler done
Event: 11.893 Loading class com/sun/org/apache/xerces/internal/parsers/XMLParser
Event: 11.894 Loading class com/sun/org/apache/xerces/internal/parsers/XMLParser done
Event: 11.894 Loading class com/sun/org/apache/xerces/internal/parsers/AbstractXMLDocumentParser done
Event: 11.894 Loading class com/sun/org/apache/xerces/internal/parsers/AbstractSAXParser done
Event: 11.894 Loading class com/sun/org/apache/xerces/internal/parsers/SAXParser done
Event: 11.894 Loading class com/sun/org/apache/xerces/internal/jaxp/SAXParserImpl$JAXPSAXParser done
Event: 11.894 Loading class com/sun/org/apache/xerces/internal/parsers/XIncludeAwareParserConfiguration
Event: 11.895 Loading class com/sun/org/apache/xerces/internal/parsers/XML11Configuration
Event: 11.895 Loading class com/sun/org/apache/xerces/internal/xni/parser/XMLPullParserConfiguration
Event: 11.896 Loading class com/sun/org/apache/xerces/internal/xni/parser/XMLParserConfiguration
Event: 11.896 Loading class com/sun/org/apache/xerces/internal/xni/parser/XMLComponentManager
Event: 11.896 Loading class com/sun/org/apache/xerces/internal/xni/parser/XMLComponentManager done
Event: 11.896 Loading class com/sun/org/apache/xerces/internal/xni/parser/XMLParserConfiguration done
Event: 11.896 Loading class com/sun/org/apache/xerces/internal/xni/parser/XMLPullParserConfiguration done
Event: 11.896 Loading class com/sun/org/apache/xerces/internal/parsers/XML11Configurable
Event: 11.896 Loading class com/sun/org/apache/xerces/internal/parsers/XML11Configurable done
Event: 11.896 Loading class com/sun/org/apache/xerces/internal/util/ParserConfigurationSettings
Event: 11.896 Loading class com/sun/org/apache/xerces/internal/util/ParserConfigurationSettings done

Classes unloaded (0 events):
No events

Classes redefined (0 events):
No events

Internal exceptions (20 events):
Event: 9.249 Thread 0x000001fec7527d00 Exception <a 'java/lang/IncompatibleClassChangeError'{0x000000008496fdd8}: Found class java.lang.Object, but interface was expected> (0x000000008496fdd8) 
thrown [s\open\src\hotspot\share\interpreter\linkResolver.cpp, line 863]
Event: 9.374 Thread 0x000001fec7527d00 Exception <a 'java/lang/NoSuchMethodError'{0x000000008f242760}: 'java.lang.Object java.lang.invoke.DirectMethodHandle$Holder.newInvokeSpecial(java.lang.Object, java.lang.Object, java.lang.Object, java.lang.Object, int, java.lang.Object)'> (0x000000008f242760) 
thrown [s\open\src\hotspot\share\interpreter\linkResolver.cpp, line 796]
Event: 9.375 Thread 0x000001fec7527d00 Exception <a 'java/lang/NoSuchMethodError'{0x000000008f24b000}: 'java.lang.Object java.lang.invoke.Invokers$Holder.linkToTargetMethod(java.lang.Object, java.lang.Object, java.lang.Object, int, java.lang.Object, java.lang.Object)'> (0x000000008f24b000) 
thrown [s\open\src\hotspot\share\interpreter\linkResolver.cpp, line 796]
Event: 9.840 Thread 0x000001fec7527d00 Exception <a 'java/lang/NoSuchMethodError'{0x000000008461f2f8}: 'java.lang.Object java.lang.invoke.DirectMethodHandle$Holder.invokeSpecialIFC(java.lang.Object, java.lang.Object, java.lang.Object)'> (0x000000008461f2f8) 
thrown [s\open\src\hotspot\share\interpreter\linkResolver.cpp, line 796]
Event: 10.504 Thread 0x000001fec7527d00 Exception <a 'java/lang/ClassNotFoundException'{0x00000000851dce60}: java/util/ArraysBeanInfo> (0x00000000851dce60) 
thrown [s\open\src\hotspot\share\classfile\systemDictionary.cpp, line 313]
Event: 10.504 Thread 0x000001fec7527d00 Exception <a 'java/lang/ClassNotFoundException'{0x00000000851e5138}: java/util/ArraysCustomizer> (0x00000000851e5138) 
thrown [s\open\src\hotspot\share\classfile\systemDictionary.cpp, line 313]
Event: 10.511 Thread 0x000001fec7527d00 Exception <a 'java/lang/ClassNotFoundException'{0x0000000085095f30}: ProtobufPatchPluginBeanInfo> (0x0000000085095f30) 
thrown [s\open\src\hotspot\share\classfile\systemDictionary.cpp, line 313]
Event: 10.511 Thread 0x000001fec7527d00 Exception <a 'java/lang/ClassNotFoundException'{0x00000000850a14d8}: ProtobufPatchPluginCustomizer> (0x00000000850a14d8) 
thrown [s\open\src\hotspot\share\classfile\systemDictionary.cpp, line 313]
Event: 10.519 Thread 0x000001fec7527d00 Exception <a 'java/lang/ClassNotFoundException'{0x0000000084f16608}: groovy/lang/ReferenceBeanInfo> (0x0000000084f16608) 
thrown [s\open\src\hotspot\share\classfile\systemDictionary.cpp, line 313]
Event: 10.520 Thread 0x000001fec7527d00 Exception <a 'java/lang/ClassNotFoundException'{0x0000000084f2b090}: groovy/lang/ReferenceCustomizer> (0x0000000084f2b090) 
thrown [s\open\src\hotspot\share\classfile\systemDictionary.cpp, line 313]
Event: 10.538 Thread 0x000001fec7527d00 Exception <a 'java/lang/NoSuchMethodError'{0x0000000084f9bba8}: 'long java.lang.invoke.DirectMethodHandle$Holder.invokeVirtual(java.lang.Object, java.lang.Object)'> (0x0000000084f9bba8) 
thrown [s\open\src\hotspot\share\interpreter\linkResolver.cpp, line 796]
Event: 10.540 Thread 0x000001fec7526950 Exception <a 'java/lang/NoSuchMethodError'{0x0000000084fbe0b8}: static Lorg/gradle/internal/build/event/types/DefaultProjectConfigurationSuccessResult;.<clinit>()V> (0x0000000084fbe0b8) 
thrown [s\open\src\hotspot\share\prims\jni.cpp, line 1111]
Event: 10.540 Thread 0x000001fec7526950 Exception <a 'java/lang/NoSuchMethodError'{0x0000000084fbf190}: static Lorg/gradle/internal/build/event/types/AbstractProjectConfigurationResult;.<clinit>()V> (0x0000000084fbf190) 
thrown [s\open\src\hotspot\share\prims\jni.cpp, line 1111]
Event: 10.540 Thread 0x000001fec7526950 Exception <a 'java/lang/NoSuchMethodError'{0x0000000084fc6570}: static Lorg/gradle/internal/build/event/types/DefaultPluginApplicationResult;.<clinit>()V> (0x0000000084fc6570) 
thrown [s\open\src\hotspot\share\prims\jni.cpp, line 1111]
Event: 10.541 Thread 0x000001fec7526950 Exception <a 'java/lang/NoSuchMethodError'{0x0000000084fcdd50}: static Lorg/gradle/internal/build/event/types/DefaultBinaryPluginIdentifier;.<clinit>()V> (0x0000000084fcdd50) 
thrown [s\open\src\hotspot\share\prims\jni.cpp, line 1111]
Event: 10.542 Thread 0x000001fec7526950 Exception <a 'java/lang/NoSuchMethodError'{0x0000000084fec940}: static Lorg/gradle/internal/build/event/types/DefaultScriptPluginIdentifier;.<clinit>()V> (0x0000000084fec940) 
thrown [s\open\src\hotspot\share\prims\jni.cpp, line 1111]
Event: 10.591 Thread 0x000001fec7527d00 Implicit null exception at 0x000001fee68fb9ed to 0x000001fee68fc0b0
Event: 10.591 Thread 0x000001fec7527d00 Implicit null exception at 0x000001fee68fca4f to 0x000001fee68fd10c
Event: 11.203 Thread 0x000001fec7527d00 Exception <a 'java/lang/NoSuchMethodError'{0x0000000084f1dc60}: 'int java.lang.invoke.DirectMethodHandle$Holder.invokeSpecialIFC(java.lang.Object, java.lang.Object, java.lang.Object, java.lang.Object, java.lang.Object)'> (0x0000000084f1dc60) 
thrown [s\open\src\hotspot\share\interpreter\linkResolver.cpp, line 796]
Event: 11.615 Thread 0x000001fec7527d00 Exception <a 'java/lang/ClassNotFoundException'{0x0000000087810030}: sun/misc/SharedSecrets> (0x0000000087810030) 
thrown [s\open\src\hotspot\share\classfile\systemDictionary.cpp, line 313]

VM Operations (20 events):
Event: 10.740 Executing VM operation: G1CollectForAllocation (G1 Evacuation Pause)
Event: 10.744 Executing VM operation: G1CollectForAllocation (G1 Evacuation Pause) done
Event: 10.791 Executing VM operation: HandshakeAllThreads (Deoptimize)
Event: 10.791 Executing VM operation: HandshakeAllThreads (Deoptimize) done
Event: 11.240 Executing VM operation: G1CollectForAllocation (G1 Evacuation Pause)
Event: 11.244 Executing VM operation: G1CollectForAllocation (G1 Evacuation Pause) done
Event: 11.468 Executing VM operation: G1TryInitiateConcMark (G1 Humongous Allocation)
Event: 11.470 Executing VM operation: G1TryInitiateConcMark (G1 Humongous Allocation) done
Event: 11.503 Executing VM operation: G1PauseRemark
Event: 11.506 Executing VM operation: G1PauseRemark done
Event: 11.514 Executing VM operation: G1PauseCleanup
Event: 11.514 Executing VM operation: G1PauseCleanup done
Event: 11.683 Executing VM operation: HandshakeAllThreads (Deoptimize)
Event: 11.683 Executing VM operation: HandshakeAllThreads (Deoptimize) done
Event: 11.742 Executing VM operation: HandshakeAllThreads (Deoptimize)
Event: 11.742 Executing VM operation: HandshakeAllThreads (Deoptimize) done
Event: 11.807 Executing VM operation: HandshakeAllThreads (Deoptimize)
Event: 11.807 Executing VM operation: HandshakeAllThreads (Deoptimize) done
Event: 11.808 Executing VM operation: HandshakeAllThreads (Deoptimize)
Event: 11.808 Executing VM operation: HandshakeAllThreads (Deoptimize) done

Memory protections (0 events):
No events

Nmethod flushes (20 events):
Event: 10.405 Thread 0x000001fef3c9e490 flushing  nmethod 0x000001fedf1d8c08
Event: 10.405 Thread 0x000001fef3c9e490 flushing  nmethod 0x000001fedf299188
Event: 10.405 Thread 0x000001fef3c9e490 flushing  nmethod 0x000001fedf453588
Event: 10.405 Thread 0x000001fef3c9e490 flushing  nmethod 0x000001fee68f6188
Event: 10.405 Thread 0x000001fef3c9e490 flushing  nmethod 0x000001fedf281e08
Event: 10.405 Thread 0x000001fef3c9e490 flushing  nmethod 0x000001fedf284c08
Event: 10.405 Thread 0x000001fef3c9e490 flushing  nmethod 0x000001fedf284f08
Event: 10.405 Thread 0x000001fef3c9e490 flushing  nmethod 0x000001fedf224a08
Event: 11.505 Thread 0x000001fef3c9e490 flushing  nmethod 0x000001fedf31eb88
Event: 11.505 Thread 0x000001fef3c9e490 flushing  nmethod 0x000001fee6741388
Event: 11.505 Thread 0x000001fef3c9e490 flushing  nmethod 0x000001fedeae5608
Event: 11.505 Thread 0x000001fef3c9e490 flushing  nmethod 0x000001fedec5b008
Event: 11.505 Thread 0x000001fef3c9e490 flushing  nmethod 0x000001fee677fa88
Event: 11.505 Thread 0x000001fef3c9e490 flushing  nmethod 0x000001fedea7b408
Event: 11.505 Thread 0x000001fef3c9e490 flushing  nmethod 0x000001fedf2b0a08
Event: 11.505 Thread 0x000001fef3c9e490 flushing  nmethod 0x000001fedf2b1888
Event: 11.505 Thread 0x000001fef3c9e490 flushing  nmethod 0x000001fedf691308
Event: 11.505 Thread 0x000001fef3c9e490 flushing  nmethod 0x000001fedecba508
Event: 11.505 Thread 0x000001fef3c9e490 flushing  nmethod 0x000001fedf578988
Event: 11.505 Thread 0x000001fef3c9e490 flushing  nmethod 0x000001fedf0e3b08

Events (20 events):
Event: 9.842 Thread 0x000001fec7527d00 Thread added: 0x000001fec8f168a0
Event: 9.843 Thread 0x000001fec7527d00 Thread added: 0x000001fec6bc39f0
Event: 9.845 Thread 0x000001fec7527d00 Thread added: 0x000001fec6bc5430
Event: 9.847 Thread 0x000001fec7527d00 Thread added: 0x000001fec6bc3360
Event: 9.847 Thread 0x000001fec7527d00 Thread added: 0x000001fec6bc5ac0
Event: 9.848 Thread 0x000001fec7527d00 Thread added: 0x000001fec6bc4080
Event: 9.848 Thread 0x000001fec7527d00 Thread added: 0x000001fec6bc4710
Event: 9.849 Thread 0x000001fec7527d00 Thread added: 0x000001fec6bc2cd0
Event: 9.849 Thread 0x000001fec7527d00 Thread added: 0x000001fec6bc4da0
Event: 9.849 Thread 0x000001fec7527d00 Thread added: 0x000001fec6bc2640
Event: 9.849 Thread 0x000001fec7527d00 Thread added: 0x000001fec6bc6e70
Event: 9.850 Thread 0x000001fec7527d00 Thread added: 0x000001fec6bc67e0
Event: 9.850 Thread 0x000001fec7527d00 Thread added: 0x000001fec6bc7b90
Event: 9.851 Thread 0x000001fec7527d00 Thread added: 0x000001fec6bc7500
Event: 10.813 Thread 0x000001feca8851e0 Thread exited: 0x000001feca8851e0
Event: 11.098 Thread 0x000001fec11d00c0 Thread added: 0x000001fecb08da80
Event: 11.670 Thread 0x000001fecb08da80 Thread exited: 0x000001fecb08da80
Event: 11.890 Thread 0x000001fec11d0780 Thread added: 0x000001fecb08b870
Event: 12.518 Thread 0x000001fec11d00c0 Thread exited: 0x000001fec11d00c0
Event: 12.518 Thread 0x000001fec11d0780 Thread exited: 0x000001fec11d0780


Dynamic libraries:
0x00007ff7a2950000 - 0x00007ff7a2960000 	C:\Program Files\Java\jdk-23\bin\java.exe
0x00007ffe251e0000 - 0x00007ffe25448000 	C:\WINDOWS\SYSTEM32\ntdll.dll
0x00007ffe24a60000 - 0x00007ffe24b29000 	C:\WINDOWS\System32\KERNEL32.DLL
0x00007ffe22810000 - 0x00007ffe22c02000 	C:\WINDOWS\System32\KERNELBASE.dll
0x00007ffe22e60000 - 0x00007ffe22fab000 	C:\WINDOWS\System32\ucrtbase.dll
0x00007ffe0f910000 - 0x00007ffe0f92b000 	C:\Program Files\Java\jdk-23\bin\VCRUNTIME140.dll
0x00007ffe1ca30000 - 0x00007ffe1ca47000 	C:\Program Files\Java\jdk-23\bin\jli.dll
0x00007ffe24f00000 - 0x00007ffe250c5000 	C:\WINDOWS\System32\USER32.dll
0x00007ffe112f0000 - 0x00007ffe11583000 	C:\WINDOWS\WinSxS\amd64_microsoft.windows.common-controls_6595b64144ccf1df_6.0.26100.6725_none_3e085828e334708b\COMCTL32.dll
0x00007ffe22c10000 - 0x00007ffe22c37000 	C:\WINDOWS\System32\win32u.dll
0x00007ffe250d0000 - 0x00007ffe25179000 	C:\WINDOWS\System32\msvcrt.dll
0x00007ffe24bf0000 - 0x00007ffe24c1b000 	C:\WINDOWS\System32\GDI32.dll
0x00007ffe22370000 - 0x00007ffe2249d000 	C:\WINDOWS\System32\gdi32full.dll
0x00007ffe22db0000 - 0x00007ffe22e53000 	C:\WINDOWS\System32\msvcp_win.dll
0x00007ffe23a20000 - 0x00007ffe23a4f000 	C:\WINDOWS\System32\IMM32.DLL
0x00007ffe1ca20000 - 0x00007ffe1ca2c000 	C:\Program Files\Java\jdk-23\bin\vcruntime140_1.dll
0x00007ffe08110000 - 0x00007ffe0819e000 	C:\Program Files\Java\jdk-23\bin\msvcp140.dll
0x00007ffd34020000 - 0x00007ffd34d6f000 	C:\Program Files\Java\jdk-23\bin\server\jvm.dll
0x00007ffe247e0000 - 0x00007ffe24894000 	C:\WINDOWS\System32\ADVAPI32.dll
0x00007ffe24b30000 - 0x00007ffe24bd6000 	C:\WINDOWS\System32\sechost.dll
0x00007ffe22fb0000 - 0x00007ffe230c8000 	C:\WINDOWS\System32\RPCRT4.dll
0x00007ffe24e80000 - 0x00007ffe24ef4000 	C:\WINDOWS\System32\WS2_32.dll
0x00007ffe221f0000 - 0x00007ffe2224e000 	C:\WINDOWS\SYSTEM32\POWRPROF.dll
0x00007ffe167c0000 - 0x00007ffe167f5000 	C:\WINDOWS\SYSTEM32\WINMM.dll
0x00007ffe1bb40000 - 0x00007ffe1bb4b000 	C:\WINDOWS\SYSTEM32\VERSION.dll
0x00007ffe221b0000 - 0x00007ffe221c4000 	C:\WINDOWS\SYSTEM32\UMPDC.dll
0x00007ffe21140000 - 0x00007ffe2115b000 	C:\WINDOWS\SYSTEM32\kernel.appcore.dll
0x00007ffe1c4c0000 - 0x00007ffe1c4ca000 	C:\Program Files\Java\jdk-23\bin\jimage.dll
0x00007ffe1f770000 - 0x00007ffe1f9b2000 	C:\WINDOWS\SYSTEM32\DBGHELP.DLL
0x00007ffe23ec0000 - 0x00007ffe2423b000 	C:\WINDOWS\System32\combase.dll
0x00007ffe24240000 - 0x00007ffe24317000 	C:\WINDOWS\System32\OLEAUT32.dll
0x00007ffe124f0000 - 0x00007ffe1252c000 	C:\WINDOWS\SYSTEM32\dbgcore.DLL
0x00007ffe22770000 - 0x00007ffe22808000 	C:\WINDOWS\System32\bcryptPrimitives.dll
0x00007ffe0d090000 - 0x00007ffe0d09f000 	C:\Program Files\Java\jdk-23\bin\instrument.dll
0x00007ffe0f8f0000 - 0x00007ffe0f90e000 	C:\Program Files\Java\jdk-23\bin\java.dll
0x00007ffe23d10000 - 0x00007ffe23ea8000 	C:\WINDOWS\System32\ole32.dll
0x00007ffe230d0000 - 0x00007ffe2381c000 	C:\WINDOWS\System32\SHELL32.dll
0x00007ffe22c40000 - 0x00007ffe22dab000 	C:\WINDOWS\System32\wintypes.dll
0x00007ffe20000000 - 0x00007ffe2085d000 	C:\WINDOWS\SYSTEM32\windows.storage.dll
0x00007ffe23830000 - 0x00007ffe23922000 	C:\WINDOWS\System32\SHCORE.dll
0x00007ffe23930000 - 0x00007ffe23992000 	C:\WINDOWS\System32\shlwapi.dll
0x00007ffe22290000 - 0x00007ffe222b9000 	C:\WINDOWS\SYSTEM32\profapi.dll
0x00007ffe02db0000 - 0x00007ffe02e87000 	C:\Program Files\Java\jdk-23\bin\jsvml.dll
0x00007ffe0d1b0000 - 0x00007ffe0d1c7000 	C:\Program Files\Java\jdk-23\bin\zip.dll
0x00007ffe1acc0000 - 0x00007ffe1acd0000 	C:\Program Files\Java\jdk-23\bin\net.dll
0x00007ffe216b0000 - 0x00007ffe2171b000 	C:\WINDOWS\system32\mswsock.dll
0x00007ffe0f8d0000 - 0x00007ffe0f8e6000 	C:\Program Files\Java\jdk-23\bin\nio.dll
0x00007ffe0d150000 - 0x00007ffe0d160000 	C:\Program Files\Java\jdk-23\bin\verify.dll
0x00007ffe1ac50000 - 0x00007ffe1ac77000 	C:\Users\Haqii\.gradle\native\1def1411415f61bf3af743bc5b6707747c0891f09f0c88961ee8f79bc544acac\windows-amd64\native-platform.dll
0x00007ffd80e40000 - 0x00007ffd80eb8000 	C:\Users\Haqii\.gradle\native\0.2.7\x86_64-windows-gnu\gradle-fileevents.dll
0x00007ffe0d060000 - 0x00007ffe0d06a000 	C:\Program Files\Java\jdk-23\bin\management.dll
0x00007ffe083d0000 - 0x00007ffe083db000 	C:\Program Files\Java\jdk-23\bin\management_ext.dll
0x00007ffe23eb0000 - 0x00007ffe23eb8000 	C:\WINDOWS\System32\PSAPI.DLL
0x00007ffe20b60000 - 0x00007ffe20b94000 	C:\WINDOWS\SYSTEM32\IPHLPAPI.DLL
0x00007ffe23820000 - 0x00007ffe2382a000 	C:\WINDOWS\System32\NSI.dll
0x00007ffe080b0000 - 0x00007ffe080b9000 	C:\Program Files\Java\jdk-23\bin\extnet.dll
0x00007ffe21960000 - 0x00007ffe2197b000 	C:\WINDOWS\SYSTEM32\CRYPTSP.dll
0x00007ffe210a0000 - 0x00007ffe210db000 	C:\WINDOWS\system32\rsaenh.dll
0x00007ffe21750000 - 0x00007ffe2177b000 	C:\WINDOWS\SYSTEM32\USERENV.dll
0x00007ffe22260000 - 0x00007ffe22286000 	C:\WINDOWS\SYSTEM32\bcrypt.dll
0x00007ffe21980000 - 0x00007ffe2198c000 	C:\WINDOWS\SYSTEM32\CRYPTBASE.dll
0x00007ffe080a0000 - 0x00007ffe080ae000 	C:\Program Files\Java\jdk-23\bin\sunmscapi.dll
0x00007ffe225f0000 - 0x00007ffe22767000 	C:\WINDOWS\System32\CRYPT32.dll
0x00007ffe21b80000 - 0x00007ffe21bb0000 	C:\WINDOWS\SYSTEM32\ncrypt.dll
0x00007ffe21b30000 - 0x00007ffe21b6f000 	C:\WINDOWS\SYSTEM32\NTASN1.dll
0x00007ffdb3f90000 - 0x00007ffdb3f98000 	C:\WINDOWS\system32\wshunix.dll

dbghelp: loaded successfully - version: 4.0.5 - missing functions: none
symbol engine: initialized successfully - sym options: 0x614 - pdb path: .;C:\Program Files\Java\jdk-23\bin;C:\WINDOWS\SYSTEM32;C:\WINDOWS\WinSxS\amd64_microsoft.windows.common-controls_6595b64144ccf1df_6.0.26100.6725_none_3e085828e334708b;C:\Program Files\Java\jdk-23\bin\server;C:\Users\Haqii\.gradle\native\1def1411415f61bf3af743bc5b6707747c0891f09f0c88961ee8f79bc544acac\windows-amd64;C:\Users\Haqii\.gradle\native\0.2.7\x86_64-windows-gnu

VM Arguments:
jvm_args: --add-opens=java.base/java.lang=ALL-UNNAMED --add-opens=java.base/java.lang.invoke=ALL-UNNAMED --add-opens=java.base/java.util=ALL-UNNAMED --add-opens=java.prefs/java.util.prefs=ALL-UNNAMED --add-exports=jdk.compiler/com.sun.tools.javac.api=ALL-UNNAMED --add-exports=jdk.compiler/com.sun.tools.javac.util=ALL-UNNAMED --add-opens=java.base/java.util=ALL-UNNAMED --add-opens=java.prefs/java.util.prefs=ALL-UNNAMED --add-opens=java.base/java.nio.charset=ALL-UNNAMED --add-opens=java.base/java.net=ALL-UNNAMED --add-opens=java.base/java.util.concurrent.atomic=ALL-UNNAMED --add-opens=java.xml/javax.xml.namespace=ALL-UNNAMED -Xmx2048m -Dfile.encoding=UTF-8 -Duser.country=ID -Duser.language=en -Duser.variant -javaagent:C:\Users\Haqii\.gradle\wrapper\dists\gradle-8.13-bin\5xuhj0ry160q40clulazy9h7d\gradle-8.13\lib\agents\gradle-instrumentation-agent-8.13.jar 
java_command: org.gradle.launcher.daemon.bootstrap.GradleDaemon 8.13
java_class_path (initial): C:\Users\Haqii\.gradle\wrapper\dists\gradle-8.13-bin\5xuhj0ry160q40clulazy9h7d\gradle-8.13\lib\gradle-daemon-main-8.13.jar
Launcher Type: SUN_STANDARD

[Global flags]
     intx CICompilerCount                          = 12                                        {product} {ergonomic}
     uint ConcGCThreads                            = 3                                         {product} {ergonomic}
     uint G1ConcRefinementThreads                  = 13                                        {product} {ergonomic}
   size_t G1HeapRegionSize                         = 1048576                                   {product} {ergonomic}
   size_t InitialHeapSize                          = 255852544                                 {product} {ergonomic}
   size_t MarkStackSize                            = 4194304                                   {product} {ergonomic}
   size_t MarkStackSizeMax                         = 536870912                                 {product} {ergonomic}
   size_t MaxHeapSize                              = 2147483648                                {product} {command line}
   size_t MaxNewSize                               = 1287651328                                {product} {ergonomic}
   size_t MinHeapDeltaBytes                        = 1048576                                   {product} {ergonomic}
   size_t MinHeapSize                              = 8388608                                   {product} {ergonomic}
    uintx NonNMethodCodeHeapSize                   = 7602176                                {pd product} {ergonomic}
    uintx NonProfiledCodeHeapSize                  = 122093568                              {pd product} {ergonomic}
    uintx ProfiledCodeHeapSize                     = 121962496                              {pd product} {ergonomic}
    uintx ReservedCodeCacheSize                    = 251658240                              {pd product} {ergonomic}
     bool SegmentedCodeCache                       = true                                      {product} {ergonomic}
   size_t SoftMaxHeapSize                          = 2147483648                             {manageable} {ergonomic}
     bool UseCompressedOops                        = true                           {product lp64_product} {ergonomic}
     bool UseG1GC                                  = true                                      {product} {ergonomic}
     bool UseLargePagesIndividualAllocation        = false                                  {pd product} {ergonomic}

Logging:
Log output configuration:
 #0: stdout all=warning uptime,level,tags foldmultilines=false
 #1: stderr all=off uptime,level,tags foldmultilines=false

Environment Variables:
PATH=C:\Program Files\Common Files\Oracle\Java\javapath;C:\Program Files (x86)\Common Files\Oracle\Java\java8path;C:\Program Files (x86)\Common Files\Oracle\Java\javapath;C:\WINDOWS\system32;C:\WINDOWS;C:\WINDOWS\System32\Wbem;C:\WINDOWS\System32\WindowsPowerShell\v1.0\;C:\WINDOWS\System32\OpenSSH\;C:\xampp\php;C:\ProgramData\ComposerSetup\bin;C:\Program Files\Git\cmd;C:\Program Files\dotnet\;C:\ProgramData\chocolatey\bin;C:\Program Files\Neovim\bin;C:\Program Files\nodejs\;C:\Program Files\Common Files\Oracle\Java\javapath;C:\Windows\system32;C:\Windows;C:\Windows\System32\Wbem;C:\Windows\System32\WindowsPowerShell\v1.0\;C:\Windows\System32\OpenSSH\;C:\xampp\php;C:\ProgramData\ComposerSetup\bin;C:\Program Files\nodejs\;C:\Program Files\Git\cmd;C:\Program Files\dotnet\;C:\ProgramData\chocolatey\bin;c:\Users\Haqii\AppData\Local\Programs\cursor\resources\app\codeBin;C:\Users\Haqii\AppData\Local\Programs\Python\Launcher\;C:\Users\Haqii\AppData\Local\Microsoft\WindowsApps;C:\Users\Haqii\AppData\Local\Programs\Microsoft VS Code\bin;C:\Users\Haqii\AppData\Roaming\Composer\vendor\bin;C:\msys64\ucrt64\bin;C:\Users\Haqii\AppData\Local\spicetify;C:\Users\Haqii\.deno\bin;C:\Android\cmdline-tools\latest\bin;C:\Android\platform-tools;C:\Android\emulator;C:\Users\Haqii\AppData\Roaming\npm;C:\Users\Haqii\AppData\Local\Microsoft\WindowsApps
USERNAME=Haqii
OS=Windows_NT
PROCESSOR_IDENTIFIER=AMD64 Family 25 Model 68 Stepping 1, AuthenticAMD
TMP=C:\Users\Haqii\AppData\Local\Temp
TEMP=C:\Users\Haqii\AppData\Local\Temp




Periodic native trim disabled

---------------  S Y S T E M  ---------------

OS:
 Windows 11 , 64 bit Build 26100 (10.0.26100.6725)
OS uptime: 0 days 1:37 hours

CPU: total 16 (initial active 16) (16 cores per cpu, 2 threads per core) family 25 model 68 stepping 1 microcode 0xa404102, cx8, cmov, fxsr, ht, mmx, 3dnowpref, sse, sse2, sse3, ssse3, sse4a, sse4.1, sse4.2, popcnt, lzcnt, tsc, tscinvbit, avx, avx2, aes, erms, clmul, bmi1, bmi2, adx, sha, fma, vzeroupper, clflush, clflushopt, rdtscp, rdpid, fsrm, f16c, pku, cet_ss
Processor Information for the first 16 processors :
  Max Mhz: 3201, Current Mhz: 3201, Mhz Limit: 3201

Memory: 4k page, system-wide physical 15613M (1155M free)
TotalPageFile size 28925M (AvailPageFile size 561M)
current process WorkingSet (physical memory assigned to process): 384M, peak: 384M
current process commit charge ("private bytes"): 435M, peak: 450M

vm_info: Java HotSpot(TM) 64-Bit Server VM (23.0.1+11-39) for windows-amd64 JRE (23.0.1+11-39), built on 2024-09-30T07:20:43Z with MS VC++ 17.6 (VS2022)

END.
