#
# There is insufficient memory for the Java Runtime Environment to continue.
# Native memory allocation (malloc) failed to allocate 1361376 bytes. Error detail: Chunk::new
# Possible reasons:
#   The system is out of physical RAM or swap space
#   This process is running with CompressedOops enabled, and the Java Heap may be blocking the growth of the native heap
# Possible solutions:
#   Reduce memory load on the system
#   Increase physical memory or swap space
#   Check if swap backing store is full
#   Decrease Java heap size (-Xmx/-Xms)
#   Decrease number of Java threads
#   Decrease Java thread stack sizes (-Xss)
#   Set larger code cache with -XX:ReservedCodeCacheSize=
#   JVM is running with Zero Based Compressed Oops mode in which the Java heap is
#     placed in the first 32GB address space. The Java Heap base address is the
#     maximum limit for the native heap growth. Please use -XX:HeapBaseMinAddress
#     to set the Java Heap base and to place the Java Heap above 32GB virtual address.
# This output file may be truncated or incomplete.
#
#  Out of Memory Error (arena.cpp:149), pid=12872, tid=21240
#
# JRE version: Java(TM) SE Runtime Environment (23.0.1+11) (build 23.0.1+11-39)
# Java VM: Java HotSpot(TM) 64-Bit Server VM (23.0.1+11-39, mixed mode, sharing, tiered, compressed oops, compressed class ptrs, g1 gc, windows-amd64)
# No core dump will be written. Minidumps are not enabled by default on client versions of Windows
#

---------------  S U M M A R Y ------------

Command Line: -DkotlinLanguageServer.version=1.3.13 org.javacs.kt.MainKt

Host: AMD Ryzen 7 7735HS with Radeon Graphics        , 16 cores, 15G,  Windows 11 , 64 bit Build 26100 (10.0.26100.6725)
Time: Wed Oct 15 08:41:11 2025 SE Asia Standard Time elapsed time: 7.972575 seconds (0d 0h 0m 7s)

---------------  T H R E A D  ---------------

Current thread (0x0000026d22de6de0):  JavaThread "C2 CompilerThread2" daemon [_thread_in_native, id=21240, stack(0x0000008578f00000,0x0000008579000000) (1024K)]


Current CompileTask:
C2:7972 6856   !   4       org.jetbrains.kotlin.metadata.ProtoBuf$Function::<init> (1410 bytes)

Stack: [0x0000008578f00000,0x0000008579000000]
Native frames: (J=compiled Java code, j=interpreted, Vv=VM code, C=native code)
V  [jvm.dll+0x6e08b9]  (no source info available)
V  [jvm.dll+0x87dc83]  (no source info available)
V  [jvm.dll+0x88010e]  (no source info available)
V  [jvm.dll+0x8807e3]  (no source info available)
V  [jvm.dll+0x27aee6]  (no source info available)
V  [jvm.dll+0xbc06f]  (no source info available)
V  [jvm.dll+0xbc2cb]  (no source info available)
V  [jvm.dll+0x3b3a9c]  (no source info available)
V  [jvm.dll+0x1dc39e]  (no source info available)
V  [jvm.dll+0x244be5]  (no source info available)
V  [jvm.dll+0x243dff]  (no source info available)
V  [jvm.dll+0x1c33a0]  (no source info available)
V  [jvm.dll+0x253cf1]  (no source info available)
V  [jvm.dll+0x251faa]  (no source info available)
V  [jvm.dll+0x3ee036]  (no source info available)
V  [jvm.dll+0x824f8b]  (no source info available)
V  [jvm.dll+0x6df065]  (no source info available)
C  [ucrtbase.dll+0x37b0]  (no source info available)
C  [KERNEL32.DLL+0x2e8d7]  (no source info available)
C  [ntdll.dll+0x8c53c]  (no source info available)

Lock stack of current Java thread (top to bottom):


---------------  P R O C E S S  ---------------

Threads class SMR info:
_java_thread_list=0x0000026d2470ab50, length=21, elements={
0x0000026cd1923d40, 0x0000026cd19287b0, 0x0000026cd192df80, 0x0000026cd19309b0,
0x0000026cd193cd20, 0x0000026cd193d3b0, 0x0000026cd1945130, 0x0000026cd194a510,
0x0000026cd19490a0, 0x0000026cd193e760, 0x0000026cd193da40, 0x0000026cd1949770,
0x0000026cd193c690, 0x0000026d184f5c90, 0x0000026d184f76d0, 0x0000026d184f7d60,
0x0000026d22de4bd0, 0x0000026d22de5970, 0x0000026d184f8a80, 0x0000026d184f83f0,
0x0000026d22de6de0
}

Java Threads: ( => current thread )
  0x0000026cd1923d40 JavaThread "Reference Handler"          daemon [_thread_blocked, id=25116, stack(0x0000008577000000,0x0000008577100000) (1024K)]
  0x0000026cd19287b0 JavaThread "Finalizer"                  daemon [_thread_blocked, id=24304, stack(0x0000008577100000,0x0000008577200000) (1024K)]
  0x0000026cd192df80 JavaThread "Signal Dispatcher"          daemon [_thread_blocked, id=15144, stack(0x0000008577200000,0x0000008577300000) (1024K)]
  0x0000026cd19309b0 JavaThread "Attach Listener"            daemon [_thread_blocked, id=23428, stack(0x0000008577300000,0x0000008577400000) (1024K)]
  0x0000026cd193cd20 JavaThread "Service Thread"             daemon [_thread_blocked, id=20788, stack(0x0000008577400000,0x0000008577500000) (1024K)]
  0x0000026cd193d3b0 JavaThread "Monitor Deflation Thread"   daemon [_thread_blocked, id=13916, stack(0x0000008577500000,0x0000008577600000) (1024K)]
  0x0000026cd1945130 JavaThread "C2 CompilerThread0"         daemon [_thread_in_native, id=23308, stack(0x0000008577600000,0x0000008577700000) (1024K)]
  0x0000026cd194a510 JavaThread "C1 CompilerThread0"         daemon [_thread_blocked, id=13484, stack(0x0000008577700000,0x0000008577800000) (1024K)]
  0x0000026cd19490a0 JavaThread "C1 CompilerThread1"         daemon [_thread_blocked, id=22428, stack(0x0000008577800000,0x0000008577900000) (1024K)]
  0x0000026cd193e760 JavaThread "Notification Thread"        daemon [_thread_blocked, id=24904, stack(0x0000008577900000,0x0000008577a00000) (1024K)]
  0x0000026cd193da40 JavaThread "Common-Cleaner"             daemon [_thread_blocked, id=14036, stack(0x0000008577a00000,0x0000008577b00000) (1024K)]
  0x0000026cd1949770 JavaThread "C1 CompilerThread2"         daemon [_thread_blocked, id=21508, stack(0x0000008577d00000,0x0000008577e00000) (1024K)]
  0x0000026cd193c690 JavaThread "client"                            [_thread_in_native, id=17280, stack(0x0000008578d00000,0x0000008578e00000) (1024K)]
  0x0000026d184f5c90 JavaThread "DestroyJavaVM"                     [_thread_blocked, id=24552, stack(0x0000008576800000,0x0000008576900000) (1024K)]
  0x0000026d184f76d0 JavaThread "async0"                            [_thread_blocked, id=8784, stack(0x0000008578e00000,0x0000008578f00000) (1024K)]
  0x0000026d184f7d60 JavaThread "async1"                            [_thread_blocked, id=20204, stack(0x0000008577b00000,0x0000008577c00000) (1024K)]
  0x0000026d22de4bd0 JavaThread "C1 CompilerThread3"         daemon [_thread_blocked, id=25444, stack(0x0000008577e00000,0x0000008577f00000) (1024K)]
  0x0000026d22de5970 JavaThread "C2 CompilerThread1"         daemon [_thread_in_native, id=16608, stack(0x0000008578c00000,0x0000008578d00000) (1024K)]
  0x0000026d184f8a80 JavaThread "debounce0"                         [_thread_in_Java, id=9336, stack(0x0000008579100000,0x0000008579200000) (1024K)]
  0x0000026d184f83f0 JavaThread "async2"                            [_thread_blocked, id=7468, stack(0x0000008579200000,0x0000008579300000) (1024K)]
=>0x0000026d22de6de0 JavaThread "C2 CompilerThread2"         daemon [_thread_in_native, id=21240, stack(0x0000008578f00000,0x0000008579000000) (1024K)]
Total: 21

Other Threads:
  0x0000026cd190e0e0 VMThread "VM Thread"                           [id=14488, stack(0x0000008576f00000,0x0000008577000000) (1024K)]
  0x0000026cd18f9ab0 WatcherThread "VM Periodic Task Thread"        [id=16112, stack(0x0000008576e00000,0x0000008576f00000) (1024K)]
  0x0000026cb1ede3d0 WorkerThread "GC Thread#0"                     [id=2436, stack(0x0000008576900000,0x0000008576a00000) (1024K)]
  0x0000026d17a6e5b0 WorkerThread "GC Thread#1"                     [id=14048, stack(0x0000008577f00000,0x0000008578000000) (1024K)]
  0x0000026d17a6e960 WorkerThread "GC Thread#2"                     [id=16292, stack(0x0000008578000000,0x0000008578100000) (1024K)]
  0x0000026d17a36480 WorkerThread "GC Thread#3"                     [id=24000, stack(0x0000008578100000,0x0000008578200000) (1024K)]
  0x0000026d17a36830 WorkerThread "GC Thread#4"                     [id=16016, stack(0x0000008578200000,0x0000008578300000) (1024K)]
  0x0000026d1799f540 WorkerThread "GC Thread#5"                     [id=22604, stack(0x0000008578300000,0x0000008578400000) (1024K)]
  0x0000026d179bd2b0 WorkerThread "GC Thread#6"                     [id=19520, stack(0x0000008578400000,0x0000008578500000) (1024K)]
  0x0000026d179bda60 WorkerThread "GC Thread#7"                     [id=12488, stack(0x0000008578500000,0x0000008578600000) (1024K)]
  0x0000026d17d19ef0 WorkerThread "GC Thread#8"                     [id=3632, stack(0x0000008577c00000,0x0000008577d00000) (1024K)]
  0x0000026d17d18c80 WorkerThread "GC Thread#9"                     [id=25032, stack(0x0000008578600000,0x0000008578700000) (1024K)]
  0x0000026d17e68010 WorkerThread "GC Thread#10"                    [id=5936, stack(0x0000008578700000,0x0000008578800000) (1024K)]
  0x0000026d17e69280 WorkerThread "GC Thread#11"                    [id=15508, stack(0x0000008578800000,0x0000008578900000) (1024K)]
  0x0000026d17e69630 WorkerThread "GC Thread#12"                    [id=24032, stack(0x0000008578900000,0x0000008578a00000) (1024K)]
  0x0000026cb1ef3440 ConcurrentGCThread "G1 Main Marker"            [id=3748, stack(0x0000008576a00000,0x0000008576b00000) (1024K)]
  0x0000026cb1ef3f50 WorkerThread "G1 Conc#0"                       [id=21976, stack(0x0000008576b00000,0x0000008576c00000) (1024K)]
  0x0000026d17e67500 WorkerThread "G1 Conc#1"                       [id=23300, stack(0x0000008578a00000,0x0000008578b00000) (1024K)]
  0x0000026d17e6b000 WorkerThread "G1 Conc#2"                       [id=19316, stack(0x0000008578b00000,0x0000008578c00000) (1024K)]
  0x0000026cd17cbc30 ConcurrentGCThread "G1 Refine#0"               [id=14244, stack(0x0000008576c00000,0x0000008576d00000) (1024K)]
  0x0000026cd17cd5d0 ConcurrentGCThread "G1 Service"                [id=24092, stack(0x0000008576d00000,0x0000008576e00000) (1024K)]
Total: 21

Threads with active compile tasks:
C2 CompilerThread0  8024 7250       4       org.jetbrains.kotlin.serialization.deserialization.descriptors.DeserializedPackageMemberScope::getContributedClassifier (25 bytes)
C2 CompilerThread1  8024 7254       4       org.jetbrains.kotlin.serialization.deserialization.descriptors.DeserializedPackageMemberScope::hasClass (116 bytes)
C2 CompilerThread2  8024 6856   !   4       org.jetbrains.kotlin.metadata.ProtoBuf$Function::<init> (1410 bytes)
Total: 3

VM state: not at safepoint (normal execution)

VM Mutex/Monitor currently owned by a thread:  ([mutex/lock_event])
[0x00007ffd34c93f10] SystemDictionary_lock - owner thread: 0x0000000000000000

Heap address: 0x000000070c000000, size: 3904 MB, Compressed Oops mode: Zero based, Oop shift amount: 3

CDS archive(s) mapped at: [0x0000026cd2000000-0x0000026cd2d70000-0x0000026cd2d70000), size 14090240, SharedBaseAddress: 0x0000026cd2000000, ArchiveRelocationMode: 1.
Compressed class space mapped at: 0x0000026cd3000000-0x0000026d13000000, reserved size: 1073741824
Narrow klass base: 0x0000026cd2000000, Narrow klass shift: 0, Narrow klass range: 0x41000000

GC Precious Log:
 CardTable entry size: 512
 Card Set container configuration: InlinePtr #cards 4 size 8 Array Of Cards #cards 16 size 48 Howl #buckets 8 coarsen threshold 3686 Howl Bitmap #cards 512 size 80 coarsen threshold 460 Card regions per heap region 1 cards per card region 4096
 CPUs: 16 total, 16 available
 Memory: 15613M
 Large Page Support: Disabled
 NUMA Support: Disabled
 Compressed Oops: Enabled (Zero based)
 Heap Region Size: 2M
 Heap Min Capacity: 8M
 Heap Initial Capacity: 244M
 Heap Max Capacity: 3904M
 Pre-touch: Disabled
 Parallel Workers: 13
 Concurrent Workers: 3
 Concurrent Refinement Workers: 13
 Periodic GC: Disabled

Heap:
 garbage-first heap   total reserved 3997696K, committed 92160K, used 44057K [0x000000070c000000, 0x0000000800000000)
  region size 2048K, 3 young (6144K), 2 survivors (4096K)
 Metaspace       used 58036K, committed 58880K, reserved 1114112K
  class space    used 7106K, committed 7488K, reserved 1048576K

Heap Regions: E=young(eden), S=young(survivor), O=old, HS=humongous(starts), HC=humongous(continues), CS=collection set, F=free, TAMS=top-at-mark-start, PB=parsable bottom
|   0|0x000000070c000000, 0x000000070c200000, 0x000000070c200000|100%|HS|  |TAMS 0x000000070c000000| PB 0x000000070c000000| Complete |  0
|   1|0x000000070c200000, 0x000000070c400000, 0x000000070c400000|100%|HC|  |TAMS 0x000000070c200000| PB 0x000000070c200000| Complete |  0
|   2|0x000000070c400000, 0x000000070c600000, 0x000000070c600000|100%| O|  |TAMS 0x000000070c400000| PB 0x000000070c400000| Untracked |  0
|   3|0x000000070c600000, 0x000000070c800000, 0x000000070c800000|100%| O|  |TAMS 0x000000070c600000| PB 0x000000070c600000| Untracked |  0
|   4|0x000000070c800000, 0x000000070ca00000, 0x000000070ca00000|100%| O|  |TAMS 0x000000070c800000| PB 0x000000070c800000| Untracked |  0
|   5|0x000000070ca00000, 0x000000070cc00000, 0x000000070cc00000|100%| O|  |TAMS 0x000000070ca00000| PB 0x000000070ca00000| Untracked |  0
|   6|0x000000070cc00000, 0x000000070ce00000, 0x000000070ce00000|100%| O|  |TAMS 0x000000070cc00000| PB 0x000000070cc00000| Untracked |  0
|   7|0x000000070ce00000, 0x000000070d000000, 0x000000070d000000|100%| O|  |TAMS 0x000000070ce00000| PB 0x000000070ce00000| Untracked |  0
|   8|0x000000070d000000, 0x000000070d200000, 0x000000070d200000|100%| O|  |TAMS 0x000000070d000000| PB 0x000000070d000000| Untracked |  0
|   9|0x000000070d200000, 0x000000070d400000, 0x000000070d400000|100%| O|  |TAMS 0x000000070d200000| PB 0x000000070d200000| Untracked |  0
|  10|0x000000070d400000, 0x000000070d600000, 0x000000070d600000|100%| O|  |TAMS 0x000000070d400000| PB 0x000000070d400000| Untracked |  0
|  11|0x000000070d600000, 0x000000070d675240, 0x000000070d800000| 22%| O|  |TAMS 0x000000070d600000| PB 0x000000070d600000| Untracked |  0
|  12|0x000000070d800000, 0x000000070da00000, 0x000000070da00000|100%| O|  |TAMS 0x000000070d800000| PB 0x000000070d800000| Untracked |  0
|  13|0x000000070da00000, 0x000000070dc00000, 0x000000070dc00000|100%| O|  |TAMS 0x000000070da00000| PB 0x000000070da00000| Untracked |  0
|  14|0x000000070dc00000, 0x000000070de00000, 0x000000070de00000|100%| O|  |TAMS 0x000000070dc00000| PB 0x000000070dc00000| Untracked |  0
|  15|0x000000070de00000, 0x000000070e000000, 0x000000070e000000|100%| O|Cm|TAMS 0x000000070de00000| PB 0x000000070de00000| Complete |  0
|  16|0x000000070e000000, 0x000000070e200000, 0x000000070e200000|100%| O|  |TAMS 0x000000070e000000| PB 0x000000070e000000| Untracked |  0
|  17|0x000000070e200000, 0x000000070e400000, 0x000000070e400000|100%| O|  |TAMS 0x000000070e200000| PB 0x000000070e200000| Untracked |  0
|  18|0x000000070e400000, 0x000000070e600000, 0x000000070e600000|100%| O|  |TAMS 0x000000070e400000| PB 0x000000070e400000| Untracked |  0
|  19|0x000000070e600000, 0x000000070e600000, 0x000000070e800000|  0%| F|  |TAMS 0x000000070e600000| PB 0x000000070e600000| Untracked |  0
|  20|0x000000070e800000, 0x000000070e800000, 0x000000070ea00000|  0%| F|  |TAMS 0x000000070e800000| PB 0x000000070e800000| Untracked |  0
|  21|0x000000070ea00000, 0x000000070ea00000, 0x000000070ec00000|  0%| F|  |TAMS 0x000000070ea00000| PB 0x000000070ea00000| Untracked |  0
|  22|0x000000070ec00000, 0x000000070ec00000, 0x000000070ee00000|  0%| F|  |TAMS 0x000000070ec00000| PB 0x000000070ec00000| Untracked |  0
|  23|0x000000070ee00000, 0x000000070ee91328, 0x000000070f000000| 28%| S|CS|TAMS 0x000000070ee00000| PB 0x000000070ee00000| Complete |  0
|  24|0x000000070f000000, 0x000000070f200000, 0x000000070f200000|100%| S|CS|TAMS 0x000000070f000000| PB 0x000000070f000000| Complete |  0
|  25|0x000000070f200000, 0x000000070f200000, 0x000000070f400000|  0%| F|  |TAMS 0x000000070f200000| PB 0x000000070f200000| Untracked |  0
|  26|0x000000070f400000, 0x000000070f400000, 0x000000070f600000|  0%| F|  |TAMS 0x000000070f400000| PB 0x000000070f400000| Untracked |  0
|  27|0x000000070f600000, 0x000000070f600000, 0x000000070f800000|  0%| F|  |TAMS 0x000000070f600000| PB 0x000000070f600000| Untracked |  0
|  28|0x000000070f800000, 0x000000070f800000, 0x000000070fa00000|  0%| F|  |TAMS 0x000000070f800000| PB 0x000000070f800000| Untracked |  0
|  29|0x000000070fa00000, 0x000000070fa00000, 0x000000070fc00000|  0%| F|  |TAMS 0x000000070fa00000| PB 0x000000070fa00000| Untracked |  0
|  30|0x000000070fc00000, 0x000000070fc00000, 0x000000070fe00000|  0%| F|  |TAMS 0x000000070fc00000| PB 0x000000070fc00000| Untracked |  0
|  31|0x000000070fe00000, 0x000000070fe00000, 0x0000000710000000|  0%| F|  |TAMS 0x000000070fe00000| PB 0x000000070fe00000| Untracked |  0
|  32|0x0000000710000000, 0x0000000710000000, 0x0000000710200000|  0%| F|  |TAMS 0x0000000710000000| PB 0x0000000710000000| Untracked |  0
|  33|0x0000000710200000, 0x0000000710200000, 0x0000000710400000|  0%| F|  |TAMS 0x0000000710200000| PB 0x0000000710200000| Untracked |  0
|  34|0x0000000710400000, 0x0000000710400000, 0x0000000710600000|  0%| F|  |TAMS 0x0000000710400000| PB 0x0000000710400000| Untracked |  0
|  35|0x0000000710600000, 0x0000000710600000, 0x0000000710800000|  0%| F|  |TAMS 0x0000000710600000| PB 0x0000000710600000| Untracked |  0
|  36|0x0000000710800000, 0x0000000710800000, 0x0000000710a00000|  0%| F|  |TAMS 0x0000000710800000| PB 0x0000000710800000| Untracked |  0
|  37|0x0000000710a00000, 0x0000000710a00000, 0x0000000710c00000|  0%| F|  |TAMS 0x0000000710a00000| PB 0x0000000710a00000| Untracked |  0
|  38|0x0000000710c00000, 0x0000000710c00000, 0x0000000710e00000|  0%| F|  |TAMS 0x0000000710c00000| PB 0x0000000710c00000| Untracked |  0
|  39|0x0000000710e00000, 0x0000000710e00000, 0x0000000711000000|  0%| F|  |TAMS 0x0000000710e00000| PB 0x0000000710e00000| Untracked |  0
| 106|0x0000000719400000, 0x0000000719400000, 0x0000000719600000|  0%| F|  |TAMS 0x0000000719400000| PB 0x0000000719400000| Untracked |  0
| 107|0x0000000719600000, 0x0000000719600000, 0x0000000719800000|  0%| F|  |TAMS 0x0000000719600000| PB 0x0000000719600000| Untracked |  0
| 121|0x000000071b200000, 0x000000071b34e670, 0x000000071b400000| 65%| E|  |TAMS 0x000000071b200000| PB 0x000000071b200000| Complete |  0
|1950|0x00000007ffc00000, 0x00000007ffe00000, 0x00000007ffe00000|100%| O|  |TAMS 0x00000007ffc00000| PB 0x00000007ffc00000| Untracked |  0
|1951|0x00000007ffe00000, 0x0000000800000000, 0x0000000800000000|100%| O|  |TAMS 0x00000007ffe00000| PB 0x00000007ffe00000| Untracked |  0

Card table byte_map: [0x0000026cca5e0000,0x0000026ccad80000] _byte_map_base: 0x0000026cc6d80000

Marking Bits: (CMBitMap*) 0x0000026cb1edeae0
 Bits: [0x0000026ccad80000, 0x0000026ccea80000)

Polling page: 0x0000026cafe30000

Metaspace:

Usage:
  Non-class:     49.75 MB used.
      Class:      6.94 MB used.
       Both:     56.69 MB used.

Virtual space:
  Non-class space:       64.00 MB reserved,      50.19 MB ( 78%) committed,  1 nodes.
      Class space:        1.00 GB reserved,       7.31 MB ( <1%) committed,  1 nodes.
             Both:        1.06 GB reserved,      57.50 MB (  5%) committed. 

Chunk freelists:
   Non-Class:  13.06 MB
       Class:  8.69 MB
        Both:  21.76 MB

MaxMetaspaceSize: unlimited
CompressedClassSpaceSize: 1.00 GB
Initial GC threshold: 21.00 MB
Current GC threshold: 95.44 MB
CDS: on
 - commit_granule_bytes: 65536.
 - commit_granule_words: 8192.
 - virtual_space_node_default_size: 8388608.
 - enlarge_chunks_in_place: 1.
 - use_allocation_guard: 0.


Internal statistics:

num_allocs_failed_limit: 6.
num_arena_births: 1446.
num_arena_deaths: 0.
num_vsnodes_births: 2.
num_vsnodes_deaths: 0.
num_space_committed: 918.
num_space_uncommitted: 0.
num_chunks_returned_to_freelist: 6.
num_chunks_taken_from_freelist: 3609.
num_chunk_merges: 3.
num_chunk_splits: 2627.
num_chunks_enlarged: 1922.
num_inconsistent_stats: 0.

CodeHeap 'non-profiled nmethods': size=119232Kb used=2825Kb max_used=2891Kb free=116406Kb
 bounds [0x0000026cc2130000, 0x0000026cc2410000, 0x0000026cc95a0000]
CodeHeap 'profiled nmethods': size=119104Kb used=9821Kb max_used=10247Kb free=109282Kb
 bounds [0x0000026cba5a0000, 0x0000026cbafb0000, 0x0000026cc19f0000]
CodeHeap 'non-nmethods': size=7424Kb used=3388Kb max_used=3424Kb free=4036Kb
 bounds [0x0000026cc19f0000, 0x0000026cc1d50000, 0x0000026cc2130000]
CodeCache: size=245760Kb, used=16034Kb, max_used=16562Kb, free=229724Kb
 total_blobs=6858, nmethods=6111, adapters=648, full_count=0
Compilation: enabled, stopped_count=0, restarted_count=0

Compilation events (20 events):
Event: 7.910 Thread 0x0000026d22de4bd0 nmethod 7228 0x0000026cbaf9b008 code [0x0000026cbaf9b140, 0x0000026cbaf9b398]
Event: 7.910 Thread 0x0000026cd1949770 nmethod 7229 0x0000026cbaf9b408 code [0x0000026cbaf9b520, 0x0000026cbaf9b670]
Event: 7.910 Thread 0x0000026cd1949770 7231       3       org.jetbrains.kotlin.util.slicedMap.SlicedMapImpl::put (187 bytes)
Event: 7.910 Thread 0x0000026d22de4bd0 7232       3       org.jetbrains.kotlin.util.slicedMap.OpenAddressLinearProbingHashTable::put (58 bytes)
Event: 7.910 Thread 0x0000026cd194a510 nmethod 7230 0x0000026cbaf9b708 code [0x0000026cbaf9b8a0, 0x0000026cbaf9be30]
Event: 7.910 Thread 0x0000026cd194a510 7233       3       org.jetbrains.kotlin.util.slicedMap.BasicWritableSlice::afterPut (1 bytes)
Event: 7.910 Thread 0x0000026cd194a510 nmethod 7233 0x0000026cbaf9be88 code [0x0000026cbaf9bfa0, 0x0000026cbaf9c0a8]
Event: 7.910 Thread 0x0000026cd194a510 7234       3       org.jetbrains.kotlin.util.slicedMap.BasicWritableSlice::check (39 bytes)
Event: 7.910 Thread 0x0000026cd194a510 nmethod 7234 0x0000026cbaf9c188 code [0x0000026cbaf9c2a0, 0x0000026cbaf9c3c0]
Event: 7.910 Thread 0x0000026cd194a510 7235       3       org.jetbrains.kotlin.resolve.DelegatingBindingTrace::record (17 bytes)
Event: 7.910 Thread 0x0000026cd19490a0 nmethod 7222 0x0000026cbaf9c488 code [0x0000026cbaf9c800, 0x0000026cbaf9e3f0]
Event: 7.911 Thread 0x0000026d22de4bd0 nmethod 7232 0x0000026cbaf9e508 code [0x0000026cbaf9e740, 0x0000026cbaf9f280]
Event: 7.911 Thread 0x0000026cd19490a0 7236       3       com.intellij.util.keyFMap.PairElementsFMap::get (41 bytes)
Event: 7.911 Thread 0x0000026cd19490a0 nmethod 7236 0x0000026cbaf9f308 code [0x0000026cbaf9f440, 0x0000026cbaf9f6a8]
Event: 7.911 Thread 0x0000026cd194a510 nmethod 7235 0x0000026cbaf9f708 code [0x0000026cbaf9f8a0, 0x0000026cbaf9fec8]
Event: 7.911 Thread 0x0000026cd1949770 nmethod 7231 0x0000026cbaf9ff88 code [0x0000026cbafa02a0, 0x0000026cbafa1d78]
Event: 7.915 Thread 0x0000026d22de5970 nmethod 7114 0x0000026cc23ffa08 code [0x0000026cc23ffde0, 0x0000026cc24019c0]
Event: 7.916 Thread 0x0000026d22de5970 7237   !   4       java.util.zip.ZipFile::getEntry (59 bytes)
Event: 7.921 Thread 0x0000026d22de4bd0 7238       1       org.jetbrains.kotlin.serialization.deserialization.DeserializationContext::getContainingDeclaration (5 bytes)
Event: 7.921 Thread 0x0000026d22de4bd0 nmethod 7238 0x0000026cc2401c08 code [0x0000026cc2401d20, 0x0000026cc2401df0]

GC Heap History (20 events):
Event: 5.418 GC heap before
{Heap before GC invocations=17 (full 0):
 garbage-first heap   total reserved 3997696K, committed 61440K, used 39123K [0x000000070c000000, 0x0000000800000000)
  region size 2048K, 9 young (18432K), 2 survivors (4096K)
 Metaspace       used 35758K, committed 36160K, reserved 1114112K
  class space    used 4122K, committed 4288K, reserved 1048576K
}
Event: 5.420 GC heap after
{Heap after GC invocations=18 (full 0):
 garbage-first heap   total reserved 3997696K, committed 61440K, used 28718K [0x000000070c000000, 0x0000000800000000)
  region size 2048K, 1 young (2048K), 1 survivors (2048K)
 Metaspace       used 35758K, committed 36160K, reserved 1114112K
  class space    used 4122K, committed 4288K, reserved 1048576K
}
Event: 5.969 GC heap before
{Heap before GC invocations=19 (full 0):
 garbage-first heap   total reserved 3997696K, committed 61440K, used 47150K [0x000000070c000000, 0x0000000800000000)
  region size 2048K, 11 young (22528K), 1 survivors (2048K)
 Metaspace       used 42326K, committed 42752K, reserved 1114112K
  class space    used 5258K, committed 5440K, reserved 1048576K
}
Event: 5.972 GC heap after
{Heap after GC invocations=20 (full 0):
 garbage-first heap   total reserved 3997696K, committed 61440K, used 30849K [0x000000070c000000, 0x0000000800000000)
  region size 2048K, 2 young (4096K), 2 survivors (4096K)
 Metaspace       used 42326K, committed 42752K, reserved 1114112K
  class space    used 5258K, committed 5440K, reserved 1048576K
}
Event: 6.505 GC heap before
{Heap before GC invocations=20 (full 0):
 garbage-first heap   total reserved 3997696K, committed 61440K, used 51329K [0x000000070c000000, 0x0000000800000000)
  region size 2048K, 12 young (24576K), 2 survivors (4096K)
 Metaspace       used 44343K, committed 44800K, reserved 1114112K
  class space    used 5500K, committed 5696K, reserved 1048576K
}
Event: 6.509 GC heap after
{Heap after GC invocations=21 (full 0):
 garbage-first heap   total reserved 3997696K, committed 63488K, used 34159K [0x000000070c000000, 0x0000000800000000)
  region size 2048K, 2 young (4096K), 2 survivors (4096K)
 Metaspace       used 44343K, committed 44800K, reserved 1114112K
  class space    used 5500K, committed 5696K, reserved 1048576K
}
Event: 6.788 GC heap before
{Heap before GC invocations=21 (full 0):
 garbage-first heap   total reserved 3997696K, committed 63488K, used 50543K [0x000000070c000000, 0x0000000800000000)
  region size 2048K, 11 young (22528K), 2 survivors (4096K)
 Metaspace       used 47736K, committed 48192K, reserved 1114112K
  class space    used 5801K, committed 6016K, reserved 1048576K
}
Event: 6.792 GC heap after
{Heap after GC invocations=22 (full 0):
 garbage-first heap   total reserved 3997696K, committed 63488K, used 36582K [0x000000070c000000, 0x0000000800000000)
  region size 2048K, 2 young (4096K), 2 survivors (4096K)
 Metaspace       used 47736K, committed 48192K, reserved 1114112K
  class space    used 5801K, committed 6016K, reserved 1048576K
}
Event: 6.975 GC heap before
{Heap before GC invocations=23 (full 0):
 garbage-first heap   total reserved 3997696K, committed 65536K, used 48870K [0x000000070c000000, 0x0000000800000000)
  region size 2048K, 9 young (18432K), 2 survivors (4096K)
 Metaspace       used 49907K, committed 50624K, reserved 1114112K
  class space    used 6098K, committed 6400K, reserved 1048576K
}
Event: 6.977 GC heap after
{Heap after GC invocations=24 (full 0):
 garbage-first heap   total reserved 3997696K, committed 65536K, used 38138K [0x000000070c000000, 0x0000000800000000)
  region size 2048K, 1 young (2048K), 1 survivors (2048K)
 Metaspace       used 49907K, committed 50624K, reserved 1114112K
  class space    used 6098K, committed 6400K, reserved 1048576K
}
Event: 7.274 GC heap before
{Heap before GC invocations=24 (full 0):
 garbage-first heap   total reserved 3997696K, committed 65536K, used 56570K [0x000000070c000000, 0x0000000800000000)
  region size 2048K, 10 young (20480K), 1 survivors (2048K)
 Metaspace       used 52354K, committed 53312K, reserved 1114112K
  class space    used 6431K, committed 6848K, reserved 1048576K
}
Event: 7.277 GC heap after
{Heap after GC invocations=25 (full 0):
 garbage-first heap   total reserved 3997696K, committed 65536K, used 40333K [0x000000070c000000, 0x0000000800000000)
  region size 2048K, 2 young (4096K), 2 survivors (4096K)
 Metaspace       used 52354K, committed 53312K, reserved 1114112K
  class space    used 6431K, committed 6848K, reserved 1048576K
}
Event: 7.303 GC heap before
{Heap before GC invocations=25 (full 0):
 garbage-first heap   total reserved 3997696K, committed 65536K, used 40333K [0x000000070c000000, 0x0000000800000000)
  region size 2048K, 3 young (6144K), 2 survivors (4096K)
 Metaspace       used 52583K, committed 53568K, reserved 1114112K
  class space    used 6472K, committed 6912K, reserved 1048576K
}
Event: 7.306 GC heap after
{Heap after GC invocations=26 (full 0):
 garbage-first heap   total reserved 3997696K, committed 65536K, used 40916K [0x000000070c000000, 0x0000000800000000)
  region size 2048K, 1 young (2048K), 1 survivors (2048K)
 Metaspace       used 52583K, committed 53568K, reserved 1114112K
  class space    used 6472K, committed 6912K, reserved 1048576K
}
Event: 7.556 GC heap before
{Heap before GC invocations=27 (full 0):
 garbage-first heap   total reserved 3997696K, committed 75776K, used 59348K [0x000000070c000000, 0x0000000800000000)
  region size 2048K, 8 young (16384K), 1 survivors (2048K)
 Metaspace       used 54847K, committed 55744K, reserved 1114112K
  class space    used 6764K, committed 7168K, reserved 1048576K
}
Event: 7.557 GC heap after
{Heap after GC invocations=28 (full 0):
 garbage-first heap   total reserved 3997696K, committed 75776K, used 41839K [0x000000070c000000, 0x0000000800000000)
  region size 2048K, 1 young (2048K), 1 survivors (2048K)
 Metaspace       used 54847K, committed 55744K, reserved 1114112K
  class space    used 6764K, committed 7168K, reserved 1048576K
}
Event: 7.691 GC heap before
{Heap before GC invocations=28 (full 0):
 garbage-first heap   total reserved 3997696K, committed 75776K, used 66415K [0x000000070c000000, 0x0000000800000000)
  region size 2048K, 13 young (26624K), 1 survivors (2048K)
 Metaspace       used 56063K, committed 56960K, reserved 1114112K
  class space    used 6881K, committed 7296K, reserved 1048576K
}
Event: 7.694 GC heap after
{Heap after GC invocations=29 (full 0):
 garbage-first heap   total reserved 3997696K, committed 75776K, used 43082K [0x000000070c000000, 0x0000000800000000)
  region size 2048K, 2 young (4096K), 2 survivors (4096K)
 Metaspace       used 56063K, committed 56960K, reserved 1114112K
  class space    used 6881K, committed 7296K, reserved 1048576K
}
Event: 7.924 GC heap before
{Heap before GC invocations=29 (full 0):
 garbage-first heap   total reserved 3997696K, committed 75776K, used 63562K [0x000000070c000000, 0x0000000800000000)
  region size 2048K, 12 young (24576K), 2 survivors (4096K)
 Metaspace       used 57707K, committed 58624K, reserved 1114112K
  class space    used 7072K, committed 7488K, reserved 1048576K
}
Event: 7.926 GC heap after
{Heap after GC invocations=30 (full 0):
 garbage-first heap   total reserved 3997696K, committed 92160K, used 44057K [0x000000070c000000, 0x0000000800000000)
  region size 2048K, 2 young (4096K), 2 survivors (4096K)
 Metaspace       used 57707K, committed 58624K, reserved 1114112K
  class space    used 7072K, committed 7488K, reserved 1048576K
}

Dll operation events (8 events):
Event: 0.009 Loaded shared library C:\Program Files\Java\jdk-23\bin\java.dll
Event: 0.042 Loaded shared library C:\Program Files\Java\jdk-23\bin\jsvml.dll
Event: 0.089 Loaded shared library C:\Program Files\Java\jdk-23\bin\net.dll
Event: 0.091 Loaded shared library C:\Program Files\Java\jdk-23\bin\nio.dll
Event: 0.096 Loaded shared library C:\Program Files\Java\jdk-23\bin\zip.dll
Event: 0.205 Loaded shared library C:\Program Files\Java\jdk-23\bin\jimage.dll
Event: 1.441 Loaded shared library C:\Program Files\Java\jdk-23\bin\verify.dll
Event: 2.953 Loaded shared library C:\Users\Haqii\AppData\Local\Temp\sqlite-3.41.2.1-acbed48b-8317-4424-88ee-c0571867ac01-sqlitejdbc.dll

Deoptimization events (20 events):
Event: 7.522 Thread 0x0000026d184f8a80 Uncommon trap: trap_request=0xffffffc6 fr.pc=0x0000026cc217fbe4 relative=0x0000000000000b04
Event: 7.522 Thread 0x0000026d184f8a80 Uncommon trap: reason=bimorphic_or_optimized_type_check action=maybe_recompile pc=0x0000026cc217fbe4 method=kotlin.collections.CollectionsKt__MutableCollectionsKt.addAll(Ljava/util/Collection;Ljava/lang/Iterable;)Z @ 33 c2
Event: 7.522 Thread 0x0000026d184f8a80 DEOPT PACKING pc=0x0000026cc217fbe4 sp=0x00000085791fd930
Event: 7.522 Thread 0x0000026d184f8a80 DEOPT UNPACKING pc=0x0000026cc1a44402 sp=0x00000085791fd928 mode 2
Event: 7.721 Thread 0x0000026d184f8a80 DEOPT PACKING pc=0x0000026cba7eea2d sp=0x00000085791fbad0
Event: 7.721 Thread 0x0000026d184f8a80 DEOPT UNPACKING pc=0x0000026cc1a44b22 sp=0x00000085791faf60 mode 0
Event: 7.738 Thread 0x0000026d184f8a80 DEOPT PACKING pc=0x0000026cba7eea2d sp=0x00000085791fbad0
Event: 7.738 Thread 0x0000026d184f8a80 DEOPT UNPACKING pc=0x0000026cc1a44b22 sp=0x00000085791faf60 mode 0
Event: 7.920 Thread 0x0000026d184f8a80 Uncommon trap: trap_request=0xffffffde fr.pc=0x0000026cc23fc7e0 relative=0x0000000000000060
Event: 7.920 Thread 0x0000026d184f8a80 Uncommon trap: reason=class_check action=maybe_recompile pc=0x0000026cc23fc7e0 method=kotlin.collections.EmptySet.contains(Ljava/lang/Object;)Z @ 1 c2
Event: 7.920 Thread 0x0000026d184f8a80 DEOPT PACKING pc=0x0000026cc23fc7e0 sp=0x00000085791fbe50
Event: 7.920 Thread 0x0000026d184f8a80 DEOPT UNPACKING pc=0x0000026cc1a44402 sp=0x00000085791fbdf0 mode 2
Event: 7.920 Thread 0x0000026d184f8a80 Uncommon trap: trap_request=0xffffffde fr.pc=0x0000026cc23fc7e0 relative=0x0000000000000060
Event: 7.920 Thread 0x0000026d184f8a80 Uncommon trap: reason=class_check action=maybe_recompile pc=0x0000026cc23fc7e0 method=kotlin.collections.EmptySet.contains(Ljava/lang/Object;)Z @ 1 c2
Event: 7.920 Thread 0x0000026d184f8a80 DEOPT PACKING pc=0x0000026cc23fc7e0 sp=0x00000085791fbe50
Event: 7.920 Thread 0x0000026d184f8a80 DEOPT UNPACKING pc=0x0000026cc1a44402 sp=0x00000085791fbdf0 mode 2
Event: 7.921 Thread 0x0000026d184f8a80 Uncommon trap: trap_request=0xffffffde fr.pc=0x0000026cc23fc7e0 relative=0x0000000000000060
Event: 7.921 Thread 0x0000026d184f8a80 Uncommon trap: reason=class_check action=maybe_recompile pc=0x0000026cc23fc7e0 method=kotlin.collections.EmptySet.contains(Ljava/lang/Object;)Z @ 1 c2
Event: 7.921 Thread 0x0000026d184f8a80 DEOPT PACKING pc=0x0000026cc23fc7e0 sp=0x00000085791fbdc0
Event: 7.921 Thread 0x0000026d184f8a80 DEOPT UNPACKING pc=0x0000026cc1a44402 sp=0x00000085791fbd60 mode 2

Classes loaded (20 events):
Event: 6.949 Loading class java/lang/invoke/BoundMethodHandle$Species_LLLLLLLLLLLLLLLLLLLLLLL
Event: 6.949 Loading class java/lang/invoke/BoundMethodHandle$Species_LLLLLLLLLLLLLLLLLLLLLLL done
Event: 7.050 Loading class java/lang/invoke/BoundMethodHandle$Species_LLLLLLLLLLLLLLLLLLLLLLLL
Event: 7.050 Loading class java/lang/invoke/BoundMethodHandle$Species_LLLLLLLLLLLLLLLLLLLLLLLL done
Event: 7.052 Loading class java/lang/invoke/BoundMethodHandle$Species_LLLLLLLLLLLLLLLLLLLLLLLLL
Event: 7.052 Loading class java/lang/invoke/BoundMethodHandle$Species_LLLLLLLLLLLLLLLLLLLLLLLLL done
Event: 7.362 Loading class java/io/FileFilter
Event: 7.362 Loading class java/io/FileFilter done
Event: 7.379 Loading class java/beans/PropertyChangeSupport
Event: 7.379 Loading class java/beans/PropertyChangeSupport done
Event: 7.379 Loading class java/beans/PropertyChangeSupport$PropertyChangeListenerMap
Event: 7.379 Loading class java/beans/ChangeListenerMap
Event: 7.379 Loading class java/beans/ChangeListenerMap done
Event: 7.379 Loading class java/beans/PropertyChangeSupport$PropertyChangeListenerMap done
Event: 7.379 Loading class java/beans/PropertyChangeListener
Event: 7.379 Loading class java/beans/PropertyChangeListener done
Event: 7.841 Loading class java/util/AbstractList$SubList
Event: 7.841 Loading class java/util/AbstractList$SubList done
Event: 7.841 Loading class java/util/AbstractList$SubList$1
Event: 7.841 Loading class java/util/AbstractList$SubList$1 done

Classes unloaded (0 events):
No events

Classes redefined (0 events):
No events

Internal exceptions (20 events):
Event: 7.034 Thread 0x0000026d184f8a80 Exception <a 'java/lang/NoSuchMethodError'{0x00000007194c48c0}: 'java.lang.Object java.lang.invoke.DelegatingMethodHandle$Holder.reinvoke_L(java.lang.Object, java.lang.Object, java.lang.Object, java.lang.Object, java.lang.Object, java.lang.Object, java.lang.Object, java.lang.Object, java.lang.Object, java.lang.Object, java.lang.Object, java.lang.Object, java.lang.Object, java.lang.Object, java.lang.Object, java.lang.Object)'> (0x00000007194c48c0) 
thrown [s\open\src\hotspot\share\interpreter\linkResolver.c
Event: 7.041 Thread 0x0000026d184f8a80 Exception <a 'java/lang/NoSuchMethodError'{0x000000071954b060}: 'java.lang.Object java.lang.invoke.DirectMethodHandle$Holder.newInvokeSpecial(java.lang.Object, java.lang.Object, java.lang.Object, java.lang.Object, java.lang.Object, java.lang.Object, java.lang.Object, java.lang.Object, java.lang.Object, java.lang.Object, java.lang.Object, java.lang.Object, java.lang.Object, java.lang.Object, java.lang.Object, java.lang.Object, java.lang.Object, java.lang.Object)'> (0x000000071954b060) 
thrown [s\open\src\ho
Event: 7.041 Thread 0x0000026d184f8a80 Exception <a 'java/lang/NoSuchMethodError'{0x0000000719550c08}: 'java.lang.Object java.lang.invoke.DirectMethodHandle$Holder.invokeSpecial(java.lang.Object, java.lang.Object, java.lang.Object, java.lang.Object, java.lang.Object, java.lang.Object, java.lang.Object, java.lang.Object, java.lang.Object, java.lang.Object, java.lang.Object, java.lang.Object, java.lang.Object, java.lang.Object, java.lang.Object, java.lang.Object, java.lang.Object, java.lang.Object, java.lang.Object)'> (0x0000000719550c08) 
thrown
Event: 7.041 Thread 0x0000026d184f8a80 Exception <a 'java/lang/NoSuchMethodError'{0x00000007195555c8}: 'java.lang.Object java.lang.invoke.DelegatingMethodHandle$Holder.reinvoke_L(java.lang.Object, java.lang.Object, java.lang.Object, java.lang.Object, java.lang.Object, java.lang.Object, java.lang.Object, java.lang.Object, java.lang.Object, java.lang.Object, java.lang.Object, java.lang.Object, java.lang.Object, java.lang.Object, java.lang.Object, java.lang.Object, java.lang.Object, java.lang.Object)'> (0x00000007195555c8) 
thrown [s\open\src\hots
Event: 7.047 Thread 0x0000026d184f8a80 Exception <a 'java/lang/NoSuchMethodError'{0x00000007195db308}: 'java.lang.Object java.lang.invoke.DirectMethodHandle$Holder.newInvokeSpecial(java.lang.Object, java.lang.Object, java.lang.Object, java.lang.Object, java.lang.Object, java.lang.Object, java.lang.Object, java.lang.Object, java.lang.Object, java.lang.Object, java.lang.Object, java.lang.Object, java.lang.Object, java.lang.Object, java.lang.Object, java.lang.Object, java.lang.Object, java.lang.Object, java.lang.Object, java.lang.Object, java.lang
Event: 7.047 Thread 0x0000026d184f8a80 Exception <a 'java/lang/NoSuchMethodError'{0x00000007195e2000}: 'java.lang.Object java.lang.invoke.DirectMethodHandle$Holder.invokeSpecial(java.lang.Object, java.lang.Object, java.lang.Object, java.lang.Object, java.lang.Object, java.lang.Object, java.lang.Object, java.lang.Object, java.lang.Object, java.lang.Object, java.lang.Object, java.lang.Object, java.lang.Object, java.lang.Object, java.lang.Object, java.lang.Object, java.lang.Object, java.lang.Object, java.lang.Object, java.lang.Object, java.lang.Ob
Event: 7.047 Thread 0x0000026d184f8a80 Exception <a 'java/lang/NoSuchMethodError'{0x00000007195e79c0}: 'java.lang.Object java.lang.invoke.DelegatingMethodHandle$Holder.reinvoke_L(java.lang.Object, java.lang.Object, java.lang.Object, java.lang.Object, java.lang.Object, java.lang.Object, java.lang.Object, java.lang.Object, java.lang.Object, java.lang.Object, java.lang.Object, java.lang.Object, java.lang.Object, java.lang.Object, java.lang.Object, java.lang.Object, java.lang.Object, java.lang.Object, java.lang.Object, java.lang.Object, java.lang.O
Event: 7.051 Thread 0x0000026d184f8a80 Exception <a 'java/lang/NoSuchMethodError'{0x000000070f4b37b8}: 'java.lang.Object java.lang.invoke.DirectMethodHandle$Holder.invokeStatic(java.lang.Object, java.lang.Object, java.lang.Object, java.lang.Object, java.lang.Object, java.lang.Object, java.lang.Object, java.lang.Object, java.lang.Object, java.lang.Object, java.lang.Object, java.lang.Object, java.lang.Object, java.lang.Object, java.lang.Object, java.lang.Object, java.lang.Object, java.lang.Object, java.lang.Object, java.lang.Object, java.lang.Obj
Event: 7.052 Thread 0x0000026d184f8a80 Exception <a 'java/lang/NoSuchMethodError'{0x000000070f4e5a98}: 'java.lang.Object java.lang.invoke.DirectMethodHandle$Holder.invokeStatic(java.lang.Object, java.lang.Object, java.lang.Object, java.lang.Object, java.lang.Object, java.lang.Object, java.lang.Object, java.lang.Object, java.lang.Object, java.lang.Object, java.lang.Object, java.lang.Object, java.lang.Object, java.lang.Object, java.lang.Object, java.lang.Object, java.lang.Object, java.lang.Object, java.lang.Object, java.lang.Object, java.lang.Obj
Event: 7.059 Thread 0x0000026d184f8a80 Exception <a 'java/lang/NoSuchMethodError'{0x000000070f54ea90}: 'java.lang.Object java.lang.invoke.DirectMethodHandle$Holder.newInvokeSpecial(java.lang.Object, java.lang.Object, java.lang.Object, java.lang.Object, java.lang.Object, java.lang.Object, java.lang.Object, java.lang.Object, java.lang.Object, java.lang.Object, java.lang.Object, java.lang.Object, java.lang.Object)'> (0x000000070f54ea90) 
thrown [s\open\src\hotspot\share\interpreter\linkResolver.cpp, line 796]
Event: 7.060 Thread 0x0000026d184f8a80 Exception <a 'java/lang/NoSuchMethodError'{0x000000070f55abd8}: 'java.lang.Object java.lang.invoke.DirectMethodHandle$Holder.invokeSpecial(java.lang.Object, java.lang.Object, java.lang.Object, java.lang.Object, java.lang.Object, java.lang.Object, java.lang.Object, java.lang.Object, java.lang.Object, java.lang.Object, java.lang.Object, java.lang.Object, java.lang.Object, java.lang.Object)'> (0x000000070f55abd8) 
thrown [s\open\src\hotspot\share\interpreter\linkResolver.cpp, line 796]
Event: 7.060 Thread 0x0000026d184f8a80 Exception <a 'java/lang/NoSuchMethodError'{0x000000070f55ee70}: 'java.lang.Object java.lang.invoke.DelegatingMethodHandle$Holder.reinvoke_L(java.lang.Object, java.lang.Object, java.lang.Object, java.lang.Object, java.lang.Object, java.lang.Object, java.lang.Object, java.lang.Object, java.lang.Object, java.lang.Object, java.lang.Object, java.lang.Object, java.lang.Object)'> (0x000000070f55ee70) 
thrown [s\open\src\hotspot\share\interpreter\linkResolver.cpp, line 796]
Event: 7.119 Thread 0x0000026d184f8a80 Implicit null exception at 0x0000026cc2341e4a to 0x0000026cc2341f54
Event: 7.358 Thread 0x0000026d184f8a80 Implicit null exception at 0x0000026cc22ccd71 to 0x0000026cc22cd2fc
Event: 7.515 Thread 0x0000026d184f8a80 Exception <a 'java/lang/NoSuchMethodError'{0x000000070f64ecb0}: 'java.lang.Object java.lang.invoke.DirectMethodHandle$Holder.newInvokeSpecial(java.lang.Object, java.lang.Object, java.lang.Object, java.lang.Object, int)'> (0x000000070f64ecb0) 
thrown [s\open\src\hotspot\share\interpreter\linkResolver.cpp, line 796]
Event: 7.516 Thread 0x0000026d184f8a80 Exception <a 'java/lang/NoSuchMethodError'{0x000000070f652dc0}: 'java.lang.Object java.lang.invoke.DirectMethodHandle$Holder.invokeSpecial(java.lang.Object, java.lang.Object, java.lang.Object, java.lang.Object, java.lang.Object, int)'> (0x000000070f652dc0) 
thrown [s\open\src\hotspot\share\interpreter\linkResolver.cpp, line 796]
Event: 7.516 Thread 0x0000026d184f8a80 Exception <a 'java/lang/NoSuchMethodError'{0x000000070f656848}: 'java.lang.Object java.lang.invoke.Invokers$Holder.linkToTargetMethod(java.lang.Object, java.lang.Object, java.lang.Object, int, java.lang.Object)'> (0x000000070f656848) 
thrown [s\open\src\hotspot\share\interpreter\linkResolver.cpp, line 796]
Event: 7.624 Thread 0x0000026d184f8a80 Exception <a 'java/lang/NoSuchMethodError'{0x00000007197d1528}: 'java.lang.Object java.lang.invoke.DirectMethodHandle$Holder.invokeStaticInit(java.lang.Object, java.lang.Object, java.lang.Object, java.lang.Object)'> (0x00000007197d1528) 
thrown [s\open\src\hotspot\share\interpreter\linkResolver.cpp, line 796]
Event: 7.786 Thread 0x0000026d184f8a80 Exception <a 'java/lang/NoSuchMethodError'{0x000000070f74cb78}: 'java.lang.Object java.lang.invoke.DirectMethodHandle$Holder.newInvokeSpecial(java.lang.Object, java.lang.Object, java.lang.Object, java.lang.Object, int, java.lang.Object)'> (0x000000070f74cb78) 
thrown [s\open\src\hotspot\share\interpreter\linkResolver.cpp, line 796]
Event: 7.786 Thread 0x0000026d184f8a80 Exception <a 'java/lang/NoSuchMethodError'{0x000000070f754588}: 'java.lang.Object java.lang.invoke.Invokers$Holder.linkToTargetMethod(java.lang.Object, java.lang.Object, java.lang.Object, int, java.lang.Object, java.lang.Object)'> (0x000000070f754588) 
thrown [s\open\src\hotspot\share\interpreter\linkResolver.cpp, line 796]

VM Operations (20 events):
Event: 7.330 Executing VM operation: G1PauseRemark done
Event: 7.337 Executing VM operation: G1PauseCleanup
Event: 7.337 Executing VM operation: G1PauseCleanup done
Event: 7.376 Executing VM operation: HandshakeAllThreads (Deoptimize)
Event: 7.376 Executing VM operation: HandshakeAllThreads (Deoptimize) done
Event: 7.455 Executing VM operation: HandshakeAllThreads (Deoptimize)
Event: 7.455 Executing VM operation: HandshakeAllThreads (Deoptimize) done
Event: 7.470 Executing VM operation: HandshakeAllThreads (Deoptimize)
Event: 7.470 Executing VM operation: HandshakeAllThreads (Deoptimize) done
Event: 7.520 Executing VM operation: HandshakeAllThreads (Deoptimize)
Event: 7.520 Executing VM operation: HandshakeAllThreads (Deoptimize) done
Event: 7.556 Executing VM operation: G1CollectForAllocation (G1 Evacuation Pause)
Event: 7.557 Executing VM operation: G1CollectForAllocation (G1 Evacuation Pause) done
Event: 7.691 Executing VM operation: G1CollectForAllocation (G1 Evacuation Pause)
Event: 7.694 Executing VM operation: G1CollectForAllocation (G1 Evacuation Pause) done
Event: 7.920 Executing VM operation: HandshakeAllThreads (Deoptimize)
Event: 7.920 Executing VM operation: HandshakeAllThreads (Deoptimize) done
Event: 7.924 Executing VM operation: G1CollectForAllocation (G1 Evacuation Pause)
Event: 7.926 Executing VM operation: G1CollectForAllocation (G1 Evacuation Pause) done
Event: 7.946 Executing VM operation: G1PauseRemark

Memory protections (0 events):
No events

Nmethod flushes (20 events):
Event: 7.330 Thread 0x0000026cd190e0e0 flushing  nmethod 0x0000026cba93f088
Event: 7.330 Thread 0x0000026cd190e0e0 flushing  nmethod 0x0000026cba93f788
Event: 7.330 Thread 0x0000026cd190e0e0 flushing  nmethod 0x0000026cba9d8d88
Event: 7.330 Thread 0x0000026cd190e0e0 flushing  nmethod 0x0000026cbad4ee08
Event: 7.330 Thread 0x0000026cd190e0e0 flushing  nmethod 0x0000026cbad4f608
Event: 7.330 Thread 0x0000026cd190e0e0 flushing  nmethod 0x0000026cbad4fc88
Event: 7.330 Thread 0x0000026cd190e0e0 flushing osr nmethod 0x0000026cc2335c88
Event: 7.330 Thread 0x0000026cd190e0e0 flushing  nmethod 0x0000026cba5a0008
Event: 7.330 Thread 0x0000026cd190e0e0 flushing  nmethod 0x0000026cba61b408
Event: 7.330 Thread 0x0000026cd190e0e0 flushing  nmethod 0x0000026cba61c288
Event: 7.330 Thread 0x0000026cd190e0e0 flushing  nmethod 0x0000026cba61e388
Event: 7.330 Thread 0x0000026cd190e0e0 flushing  nmethod 0x0000026cba667008
Event: 7.330 Thread 0x0000026cd190e0e0 flushing  nmethod 0x0000026cba667788
Event: 7.330 Thread 0x0000026cd190e0e0 flushing  nmethod 0x0000026cba667b88
Event: 7.330 Thread 0x0000026cd190e0e0 flushing  nmethod 0x0000026cba7b2788
Event: 7.330 Thread 0x0000026cd190e0e0 flushing  nmethod 0x0000026cba7e5088
Event: 7.330 Thread 0x0000026cd190e0e0 flushing  nmethod 0x0000026cba843288
Event: 7.330 Thread 0x0000026cd190e0e0 flushing  nmethod 0x0000026cba914b88
Event: 7.330 Thread 0x0000026cd190e0e0 flushing  nmethod 0x0000026cba91b008
Event: 7.330 Thread 0x0000026cd190e0e0 flushing  nmethod 0x0000026cbab64f88

Events (20 events):
Event: 3.767 Thread 0x0000026cd1945130 Thread added: 0x0000026d22de6710
Event: 3.850 Thread 0x0000026d22de6710 Thread added: 0x0000026d22de6de0
Event: 4.222 Thread 0x0000026d22de6de0 Thread exited: 0x0000026d22de6de0
Event: 4.222 Thread 0x0000026d22de6710 Thread exited: 0x0000026d22de6710
Event: 4.235 Thread 0x0000026cd19490a0 Thread added: 0x0000026d22de3760
Event: 4.235 Thread 0x0000026cd19490a0 Thread added: 0x0000026d22de5970
Event: 4.245 Thread 0x0000026cd19490a0 Thread added: 0x0000026d22de6040
Event: 4.454 Thread 0x0000026d22de6040 Thread exited: 0x0000026d22de6040
Event: 4.461 Thread 0x0000026d22de5970 Thread exited: 0x0000026d22de5970
Event: 4.677 Thread 0x0000026d22de3760 Thread exited: 0x0000026d22de3760
Event: 4.998 Thread 0x0000026d184f76d0 Thread added: 0x0000026d184f7d60
Event: 5.020 Thread 0x0000026cd19490a0 Thread added: 0x0000026d22de4bd0
Event: 5.079 Thread 0x0000026cd1945130 Thread added: 0x0000026d22de5970
Event: 5.089 Thread 0x0000026d22de5970 Thread added: 0x0000026d22de6710
Event: 5.137 Thread 0x0000026cd19490a0 Thread added: 0x0000026d22de6de0
Event: 5.319 Thread 0x0000026d184f76d0 Thread added: 0x0000026d184f8a80
Event: 5.416 Thread 0x0000026cd193c690 Thread added: 0x0000026d184f83f0
Event: 7.619 Thread 0x0000026d22de6de0 Thread exited: 0x0000026d22de6de0
Event: 7.619 Thread 0x0000026d22de6710 Thread exited: 0x0000026d22de6710
Event: 7.669 Thread 0x0000026d22de4bd0 Thread added: 0x0000026d22de6de0


Dynamic libraries:
0x00007ff7a2950000 - 0x00007ff7a2960000 	C:\Program Files\Java\jdk-23\bin\java.exe
0x00007ffe251e0000 - 0x00007ffe25448000 	C:\WINDOWS\SYSTEM32\ntdll.dll
0x00007ffe24a60000 - 0x00007ffe24b29000 	C:\WINDOWS\System32\KERNEL32.DLL
0x00007ffe22810000 - 0x00007ffe22c02000 	C:\WINDOWS\System32\KERNELBASE.dll
0x00007ffe22e60000 - 0x00007ffe22fab000 	C:\WINDOWS\System32\ucrtbase.dll
0x00007ffe0f910000 - 0x00007ffe0f92b000 	C:\Program Files\Java\jdk-23\bin\VCRUNTIME140.dll
0x00007ffe1ca30000 - 0x00007ffe1ca47000 	C:\Program Files\Java\jdk-23\bin\jli.dll
0x00007ffe24f00000 - 0x00007ffe250c5000 	C:\WINDOWS\System32\USER32.dll
0x00007ffe22c10000 - 0x00007ffe22c37000 	C:\WINDOWS\System32\win32u.dll
0x00007ffe112f0000 - 0x00007ffe11583000 	C:\WINDOWS\WinSxS\amd64_microsoft.windows.common-controls_6595b64144ccf1df_6.0.26100.6725_none_3e085828e334708b\COMCTL32.dll
0x00007ffe24bf0000 - 0x00007ffe24c1b000 	C:\WINDOWS\System32\GDI32.dll
0x00007ffe250d0000 - 0x00007ffe25179000 	C:\WINDOWS\System32\msvcrt.dll
0x00007ffe22370000 - 0x00007ffe2249d000 	C:\WINDOWS\System32\gdi32full.dll
0x00007ffe22db0000 - 0x00007ffe22e53000 	C:\WINDOWS\System32\msvcp_win.dll
0x00007ffe23a20000 - 0x00007ffe23a4f000 	C:\WINDOWS\System32\IMM32.DLL
0x00007ffe1ca20000 - 0x00007ffe1ca2c000 	C:\Program Files\Java\jdk-23\bin\vcruntime140_1.dll
0x00007ffe08110000 - 0x00007ffe0819e000 	C:\Program Files\Java\jdk-23\bin\msvcp140.dll
0x00007ffd34020000 - 0x00007ffd34d6f000 	C:\Program Files\Java\jdk-23\bin\server\jvm.dll
0x00007ffe247e0000 - 0x00007ffe24894000 	C:\WINDOWS\System32\ADVAPI32.dll
0x00007ffe24b30000 - 0x00007ffe24bd6000 	C:\WINDOWS\System32\sechost.dll
0x00007ffe22fb0000 - 0x00007ffe230c8000 	C:\WINDOWS\System32\RPCRT4.dll
0x00007ffe24e80000 - 0x00007ffe24ef4000 	C:\WINDOWS\System32\WS2_32.dll
0x00007ffe221f0000 - 0x00007ffe2224e000 	C:\WINDOWS\SYSTEM32\POWRPROF.dll
0x00007ffe167c0000 - 0x00007ffe167f5000 	C:\WINDOWS\SYSTEM32\WINMM.dll
0x00007ffe1bb40000 - 0x00007ffe1bb4b000 	C:\WINDOWS\SYSTEM32\VERSION.dll
0x00007ffe221b0000 - 0x00007ffe221c4000 	C:\WINDOWS\SYSTEM32\UMPDC.dll
0x00007ffe21140000 - 0x00007ffe2115b000 	C:\WINDOWS\SYSTEM32\kernel.appcore.dll
0x00007ffe1c4c0000 - 0x00007ffe1c4ca000 	C:\Program Files\Java\jdk-23\bin\jimage.dll
0x00007ffe1f770000 - 0x00007ffe1f9b2000 	C:\WINDOWS\SYSTEM32\DBGHELP.DLL
0x00007ffe23ec0000 - 0x00007ffe2423b000 	C:\WINDOWS\System32\combase.dll
0x00007ffe24240000 - 0x00007ffe24317000 	C:\WINDOWS\System32\OLEAUT32.dll
0x00007ffe124f0000 - 0x00007ffe1252c000 	C:\WINDOWS\SYSTEM32\dbgcore.DLL
0x00007ffe22770000 - 0x00007ffe22808000 	C:\WINDOWS\System32\bcryptPrimitives.dll
0x00007ffe0f8f0000 - 0x00007ffe0f90e000 	C:\Program Files\Java\jdk-23\bin\java.dll
0x00007ffe23d10000 - 0x00007ffe23ea8000 	C:\WINDOWS\System32\ole32.dll
0x00007ffe230d0000 - 0x00007ffe2381c000 	C:\WINDOWS\System32\SHELL32.dll
0x00007ffe22c40000 - 0x00007ffe22dab000 	C:\WINDOWS\System32\wintypes.dll
0x00007ffe20000000 - 0x00007ffe2085d000 	C:\WINDOWS\SYSTEM32\windows.storage.dll
0x00007ffe23830000 - 0x00007ffe23922000 	C:\WINDOWS\System32\SHCORE.dll
0x00007ffe23930000 - 0x00007ffe23992000 	C:\WINDOWS\System32\shlwapi.dll
0x00007ffe22290000 - 0x00007ffe222b9000 	C:\WINDOWS\SYSTEM32\profapi.dll
0x00007ffe02db0000 - 0x00007ffe02e87000 	C:\Program Files\Java\jdk-23\bin\jsvml.dll
0x00007ffe1acc0000 - 0x00007ffe1acd0000 	C:\Program Files\Java\jdk-23\bin\net.dll
0x00007ffe216b0000 - 0x00007ffe2171b000 	C:\WINDOWS\system32\mswsock.dll
0x00007ffe0f8d0000 - 0x00007ffe0f8e6000 	C:\Program Files\Java\jdk-23\bin\nio.dll
0x00007ffe0d1b0000 - 0x00007ffe0d1c7000 	C:\Program Files\Java\jdk-23\bin\zip.dll
0x00007ffe21960000 - 0x00007ffe2197b000 	C:\WINDOWS\SYSTEM32\CRYPTSP.dll
0x00007ffe210a0000 - 0x00007ffe210db000 	C:\WINDOWS\system32\rsaenh.dll
0x00007ffe21750000 - 0x00007ffe2177b000 	C:\WINDOWS\SYSTEM32\USERENV.dll
0x00007ffe22260000 - 0x00007ffe22286000 	C:\WINDOWS\SYSTEM32\bcrypt.dll
0x00007ffe21980000 - 0x00007ffe2198c000 	C:\WINDOWS\SYSTEM32\CRYPTBASE.dll
0x00007ffe20b60000 - 0x00007ffe20b94000 	C:\WINDOWS\SYSTEM32\IPHLPAPI.DLL
0x00007ffe23820000 - 0x00007ffe2382a000 	C:\WINDOWS\System32\NSI.dll
0x00007ffe0d150000 - 0x00007ffe0d160000 	C:\Program Files\Java\jdk-23\bin\verify.dll
0x00007ffdae9e0000 - 0x00007ffdaeac9000 	C:\Users\Haqii\AppData\Local\Temp\sqlite-3.41.2.1-acbed48b-8317-4424-88ee-c0571867ac01-sqlitejdbc.dll

dbghelp: loaded successfully - version: 4.0.5 - missing functions: none
symbol engine: initialized successfully - sym options: 0x614 - pdb path: .;C:\Program Files\Java\jdk-23\bin;C:\WINDOWS\SYSTEM32;C:\WINDOWS\WinSxS\amd64_microsoft.windows.common-controls_6595b64144ccf1df_6.0.26100.6725_none_3e085828e334708b;C:\Program Files\Java\jdk-23\bin\server;C:\Users\Haqii\AppData\Local\Temp

VM Arguments:
jvm_args: -DkotlinLanguageServer.version=1.3.13 
java_command: org.javacs.kt.MainKt
java_class_path (initial): c:\Users\Haqii\AppData\Roaming\Code\User\globalStorage\fwcd.kotlin\langServerInstall\server\lib\server-1.3.13.jar;c:\Users\Haqii\AppData\Roaming\Code\User\globalStorage\fwcd.kotlin\langServerInstall\server\lib\shared-1.3.13.jar;c:\Users\Haqii\AppData\Roaming\Code\User\globalStorage\fwcd.kotlin\langServerInstall\server\lib\kotlin-scripting-jvm-host-unshaded-2.1.0.jar;c:\Users\Haqii\AppData\Roaming\Code\User\globalStorage\fwcd.kotlin\langServerInstall\server\lib\kotlin-scripting-compiler-2.1.0.jar;c:\Users\Haqii\AppData\Roaming\Code\User\globalStorage\fwcd.kotlin\langServerInstall\server\lib\ktfmt-b5d31d1.jar;c:\Users\Haqii\AppData\Roaming\Code\User\globalStorage\fwcd.kotlin\langServerInstall\server\lib\kotlin-compiler-2.1.0.jar;c:\Users\Haqii\AppData\Roaming\Code\User\globalStorage\fwcd.kotlin\langServerInstall\server\lib\exposed-dao-0.37.3.jar;c:\Users\Haqii\AppData\Roaming\Code\User\globalStorage\fwcd.kotlin\langServerInstall\server\lib\exposed-jdbc-0.37.3.jar;c:\Users\Haqii\AppData\Roaming\Code\User\globalStorage\fwcd.kotlin\langServerInstall\server\lib\exposed-core-0.37.3.jar;c:\Users\Haqii\AppData\Roaming\Code\User\globalStorage\fwcd.kotlin\langServerInstall\server\lib\kotlin-scripting-compiler-impl-2.1.0.jar;c:\Users\Haqii\AppData\Roaming\Code\User\globalStorage\fwcd.kotlin\langServerInstall\server\lib\kotlin-reflect-2.1.0.jar;c:\Users\Haqii\AppData\Roaming\Code\User\globalStorage\fwcd.kotlin\langServerInstall\server\lib\kotlin-scripting-jvm-2.1.0.jar;c:\Users\Haqii\AppData\Roaming\Code\User\globalStorage\fwcd.kotlin\langServerInstall\server\lib\kotlin-scripting-common-2.1.0.jar;c:\Users\Haqii\AppData\Roaming\Code\User\globalStorage\fwcd.kotlin\langServerInstall\server\lib\kotlinx-coroutines-core-jvm-1.6.4.jar;c:\Users\Haqii\AppData\Roaming\Code\User\globalStorage\fwcd.kotlin\langServerInstall\server\lib\kotlin-stdlib-jdk8-2.1.0.jar;c:\Users\Haqii\AppData\Roaming\Code\User\globalStorage\fwcd.kotlin\langServerInstall\server\lib\kotlin-stdlib-jdk7-2.1.0.jar;c:\Users\Haqii\AppData\Roaming\Code\User\globalStorage\fwcd.kotlin\langServerInstall\server\lib\kotlin-stdlib-2.1.0.jar;c:\Users\Haqii\AppData\Roaming\Code\User\globalStorage\fwcd.kotlin\langServerInstall\server\lib\org.eclipse.lsp4j-0.21.2.jar;c:\Users\Haqii\AppData\Roaming\Code\User\globalStorage\fwcd.kotlin\langServerInstall\server\lib\org.eclipse.lsp4j.jsonrpc-0.21.2.jar;c:\Users\Haqii\AppData\Roaming\Code\User\globalStorage\fwcd.kotlin\langServerInstall\server\lib\kotlin-sam-with-receiver-compiler-plugin-2.1.0.jar;c:\Users\Haqii\AppData\Roaming\Code\User\globalStorage\fwcd.kotlin\langServerInstall\server\lib\fernflower-1.0.jar;c:\Users\Haqii\AppData\Roaming\Code\User\globalStorage\fwcd.kotlin\langServerInstall\server\lib\h2-1.4.200.jar;c:\Users\Haqii\AppData\Roaming\Code\User\globalStorage\fwcd.kotlin\langServerInstall\server\lib\jcommander-1.78.jar;c:\Users\Haqii\AppData\Roaming\Code\User\globalStorage\fwcd.kotlin\langServerInstall\server\lib\sqlite-jdbc-3.41.2.1.jar;c:\Users\Haqii\AppData\Roaming\Code\User\globalStorage\fwcd.kotlin\langServerInstall\server\lib\google-java-format-1.8.jar;c:\Users\Haqii\AppData\Roaming\Code\User\globalStorage\fwcd.kotlin\langServerInstall\server\lib\guava-33.3.0-jre.jar;c:\Users\Haqii\AppData\Roaming\Code\User\globalStorage\fwcd.kotlin\langServerInstall\server\lib\annotations-13.0.jar;c:\Users\Haqii\AppData\Roaming\Code\User\globalStorage\fwcd.kotlin\langServerInstall\server\lib\gson-2.10.1.jar;c:\Users\Haqii\AppData\Roaming\Code\User\globalStorage\fwcd.kotlin\langServerInstall\server\lib\kotlin-script-runtime-2.1.0.jar;c:\Users\Haqii\AppData\Roaming\Code\User\globalStorage\fwcd.kotlin\langServerInstall\server\lib\trove4j-1.0.20200330.jar;c:\Users\Haqii\AppData\Roaming\Code\User\globalStorage\fwcd.kotlin\langServerInstall\server\lib\jline-3.24.1.jar;c:\Users\Haqii\AppData\Roaming\Code\User\globalStorage\fwcd.kotlin\langServerInstall\server\lib\slf4j-api-1.7.25.jar;c:\Users\Haqii\AppData\Roaming\Code\User\globalStorage\fwcd.kotlin\langServerInstall\server\lib\jna-4.2.2.jar;c:\Users\Haqii\AppData\Roaming\Code\User\globalStorage\fwcd.kotlin\langServerInstall\server\lib\failureaccess-1.0.2.jar;c:\Users\Haqii\AppData\Roaming\Code\User\globalStorage\fwcd.kotlin\langServerInstall\server\lib\listenablefuture-9999.0-empty-to-avoid-conflict-with-guava.jar;c:\Users\Haqii\AppData\Roaming\Code\User\globalStorage\fwcd.kotlin\langServerInstall\server\lib\jsr305-3.0.2.jar;c:\Users\Haqii\AppData\Roaming\Code\User\globalStorage\fwcd.kotlin\langServerInstall\server\lib\checker-qual-3.43.0.jar;c:\Users\Haqii\AppData\Roaming\Code\User\globalStorage\fwcd.kotlin\langServerInstall\server\lib\error_prone_annotations-2.28.0.jar
Launcher Type: SUN_STANDARD

[Global flags]
     intx CICompilerCount                          = 12                                        {product} {ergonomic}
     uint ConcGCThreads                            = 3                                         {product} {ergonomic}
     uint G1ConcRefinementThreads                  = 13                                        {product} {ergonomic}
   size_t G1HeapRegionSize                         = 2097152                                   {product} {ergonomic}
   size_t InitialHeapSize                          = 255852544                                 {product} {ergonomic}
   size_t MarkStackSize                            = 4194304                                   {product} {ergonomic}
   size_t MarkStackSizeMax                         = 536870912                                 {product} {ergonomic}
   size_t MaxHeapSize                              = 4093640704                                {product} {ergonomic}
   size_t MaxNewSize                               = 2455764992                                {product} {ergonomic}
   size_t MinHeapDeltaBytes                        = 2097152                                   {product} {ergonomic}
   size_t MinHeapSize                              = 8388608                                   {product} {ergonomic}
    uintx NonNMethodCodeHeapSize                   = 7602176                                {pd product} {ergonomic}
    uintx NonProfiledCodeHeapSize                  = 122093568                              {pd product} {ergonomic}
    uintx ProfiledCodeHeapSize                     = 121962496                              {pd product} {ergonomic}
    uintx ReservedCodeCacheSize                    = 251658240                              {pd product} {ergonomic}
     bool SegmentedCodeCache                       = true                                      {product} {ergonomic}
   size_t SoftMaxHeapSize                          = 4093640704                             {manageable} {ergonomic}
     bool UseCompressedOops                        = true                           {product lp64_product} {ergonomic}
     bool UseG1GC                                  = true                                      {product} {ergonomic}
     bool UseLargePagesIndividualAllocation        = false                                  {pd product} {ergonomic}

Logging:
Log output configuration:
 #0: stdout all=warning uptime,level,tags foldmultilines=false
 #1: stderr all=off uptime,level,tags foldmultilines=false

Environment Variables:
CLASSPATH=c:\Users\Haqii\AppData\Roaming\Code\User\globalStorage\fwcd.kotlin\langServerInstall\server\lib\server-1.3.13.jar;c:\Users\Haqii\AppData\Roaming\Code\User\globalStorage\fwcd.kotlin\langServerInstall\server\lib\shared-1.3.13.jar;c:\Users\Haqii\AppData\Roaming\Code\User\globalStorage\fwcd.kotlin\langServerInstall\server\lib\kotlin-scripting-jvm-host-unshaded-2.1.0.jar;c:\Users\Haqii\AppData\Roaming\Code\User\globalStorage\fwcd.kotlin\langServerInstall\server\lib\kotlin-scripting-compiler-2.1.0.jar;c:\Users\Haqii\AppData\Roaming\Code\User\globalStorage\fwcd.kotlin\langServerInstall\server\lib\ktfmt-b5d31d1.jar;c:\Users\Haqii\AppData\Roaming\Code\User\globalStorage\fwcd.kotlin\langServerInstall\server\lib\kotlin-compiler-2.1.0.jar;c:\Users\Haqii\AppData\Roaming\Code\User\globalStorage\fwcd.kotlin\langServerInstall\server\lib\exposed-dao-0.37.3.jar;c:\Users\Haqii\AppData\Roaming\Code\User\globalStorage\fwcd.kotlin\langServerInstall\server\lib\exposed-jdbc-0.37.3.jar;c:\Users\Haqii\AppData\Roaming\Code\User\globalStorage\fwcd.kotlin\langServerInstall\server\lib\exposed-core-0.37.3.jar;c:\Users\Haqii\AppData\Roaming\Code\User\globalStorage\fwcd.kotlin\langServerInstall\server\lib\kotlin-scripting-compiler-impl-2.1.0.jar;c:\Users\Haqii\AppData\Roaming\Code\User\globalStorage\fwcd.kotlin\langServerInstall\server\lib\kotlin-reflect-2.1.0.jar;c:\Users\Haqii\AppData\Roaming\Code\User\globalStorage\fwcd.kotlin\langServerInstall\server\lib\kotlin-scripting-jvm-2.1.0.jar;c:\Users\Haqii\AppData\Roaming\Code\User\globalStorage\fwcd.kotlin\langServerInstall\server\lib\kotlin-scripting-common-2.1.0.jar;c:\Users\Haqii\AppData\Roaming\Code\User\globalStorage\fwcd.kotlin\langServerInstall\server\lib\kotlinx-coroutines-core-jvm-1.6.4.jar;c:\Users\Haqii\AppData\Roaming\Code\User\globalStorage\fwcd.kotlin\langServerInstall\server\lib\kotlin-stdlib-jdk8-2.1.0.jar;c:\Users\Haqii\AppData\Roaming\Code\User\globalStorage\fwcd.kotlin\langServerInstall\server\lib\kotlin-stdlib-jdk7-2.1.0.jar;c:\Users\Haqii\AppData\Roaming\Code\User\globalStorage\fwcd.kotlin\langServerInstall\server\lib\kotlin-stdlib-2.1.0.jar;c:\Users\Haqii\AppData\Roaming\Code\User\globalStorage\fwcd.kotlin\langServerInstall\server\lib\org.eclipse.lsp4j-0.21.2.jar;c:\Users\Haqii\AppData\Roaming\Code\User\globalStorage\fwcd.kotlin\langServerInstall\server\lib\org.eclipse.lsp4j.jsonrpc-0.21.2.jar;c:\Users\Haqii\AppData\Roaming\Code\User\globalStorage\fwcd.kotlin\langServerInstall\server\lib\kotlin-sam-with-receiver-compiler-plugin-2.1.0.jar;c:\Users\Haqii\AppData\Roaming\Code\User\globalStorage\fwcd.kotlin\langServerInstall\server\lib\fernflower-1.0.jar;c:\Users\Haqii\AppData\Roaming\Code\User\globalStorage\fwcd.kotlin\langServerInstall\server\lib\h2-1.4.200.jar;c:\Users\Haqii\AppData\Roaming\Code\User\globalStorage\fwcd.kotlin\langServerInstall\server\lib\jcommander-1.78.jar;c:\Users\Haqii\AppData\Roaming\Code\User\globalStorage\fwcd.kotlin\langServerInstall\server\lib\sqlite-jdbc-3.41.2.1.jar;c:\Users\Haqii\AppData\Roaming\Code\User\globalStorage\fwcd.kotlin\langServerInstall\server\lib\google-java-format-1.8.jar;c:\Users\Haqii\AppData\Roaming\Code\User\globalStorage\fwcd.kotlin\langServerInstall\server\lib\guava-33.3.0-jre.jar;c:\Users\Haqii\AppData\Roaming\Code\User\globalStorage\fwcd.kotlin\langServerInstall\server\lib\annotations-13.0.jar;c:\Users\Haqii\AppData\Roaming\Code\User\globalStorage\fwcd.kotlin\langServerInstall\server\lib\gson-2.10.1.jar;c:\Users\Haqii\AppData\Roaming\Code\User\globalStorage\fwcd.kotlin\langServerInstall\server\lib\kotlin-script-runtime-2.1.0.jar;c:\Users\Haqii\AppData\Roaming\Code\User\globalStorage\fwcd.kotlin\langServerInstall\server\lib\trove4j-1.0.20200330.jar;c:\Users\Haqii\AppData\Roaming\Code\User\globalStorage\fwcd.kotlin\langServerInstall\server\lib\jline-3.24.1.jar;c:\Users\Haqii\AppData\Roaming\Code\User\globalStorage\fwcd.kotlin\langServerInstall\server\lib\slf4j-api-1.7.25.jar;c:\Users\Haqii\AppData\Roaming\Code\User\globalStorage\fwcd.kotlin\langServerInstall\server\lib\jna-4.2.2.jar;c:\Users\Haqii\AppData\Roaming\Code\User\globalStorage\fwcd.kotlin\langServerInstall\server\lib\failureaccess-1.0.2.jar;c:\Users\Haqii\AppData\Roaming\Code\User\globalStorage\fwcd.kotlin\langServerInstall\server\lib\listenablefuture-9999.0-empty-to-avoid-conflict-with-guava.jar;c:\Users\Haqii\AppData\Roaming\Code\User\globalStorage\fwcd.kotlin\langServerInstall\server\lib\jsr305-3.0.2.jar;c:\Users\Haqii\AppData\Roaming\Code\User\globalStorage\fwcd.kotlin\langServerInstall\server\lib\checker-qual-3.43.0.jar;c:\Users\Haqii\AppData\Roaming\Code\User\globalStorage\fwcd.kotlin\langServerInstall\server\lib\error_prone_annotations-2.28.0.jar
PATH=C:\Program Files\Common Files\Oracle\Java\javapath;C:\Program Files (x86)\Common Files\Oracle\Java\java8path;C:\Program Files (x86)\Common Files\Oracle\Java\javapath;C:\WINDOWS\system32;C:\WINDOWS;C:\WINDOWS\System32\Wbem;C:\WINDOWS\System32\WindowsPowerShell\v1.0\;C:\WINDOWS\System32\OpenSSH\;C:\xampp\php;C:\ProgramData\ComposerSetup\bin;C:\Program Files\Git\cmd;C:\Program Files\dotnet\;C:\ProgramData\chocolatey\bin;C:\Program Files\Neovim\bin;C:\Program Files\nodejs\;C:\Program Files\Common Files\Oracle\Java\javapath;C:\Windows\system32;C:\Windows;C:\Windows\System32\Wbem;C:\Windows\System32\WindowsPowerShell\v1.0\;C:\Windows\System32\OpenSSH\;C:\xampp\php;C:\ProgramData\ComposerSetup\bin;C:\Program Files\nodejs\;C:\Program Files\Git\cmd;C:\Program Files\dotnet\;C:\ProgramData\chocolatey\bin;c:\Users\Haqii\AppData\Local\Programs\cursor\resources\app\codeBin;C:\Users\Haqii\AppData\Local\Programs\Python\Launcher\;C:\Users\Haqii\AppData\Local\Microsoft\WindowsApps;C:\Users\Haqii\AppData\Local\Programs\Microsoft VS Code\bin;C:\Users\Haqii\AppData\Roaming\Composer\vendor\bin;C:\msys64\ucrt64\bin;C:\Users\Haqii\AppData\Local\spicetify;C:\Users\Haqii\.deno\bin;C:\Android\cmdline-tools\latest\bin;C:\Android\platform-tools;C:\Android\emulator;C:\Users\Haqii\AppData\Roaming\npm;C:\Users\Haqii\AppData\Local\Microsoft\WindowsApps
USERNAME=Haqii
OS=Windows_NT
PROCESSOR_IDENTIFIER=AMD64 Family 25 Model 68 Stepping 1, AuthenticAMD
TMP=C:\Users\Haqii\AppData\Local\Temp
TEMP=C:\Users\Haqii\AppData\Local\Temp




Periodic native trim disabled

---------------  S Y S T E M  ---------------

OS:
 Windows 11 , 64 bit Build 26100 (10.0.26100.6725)
OS uptime: 0 days 1:37 hours

CPU: total 16 (initial active 16) (16 cores per cpu, 2 threads per core) family 25 model 68 stepping 1 microcode 0xa404102, cx8, cmov, fxsr, ht, mmx, 3dnowpref, sse, sse2, sse3, ssse3, sse4a, sse4.1, sse4.2, popcnt, lzcnt, tsc, tscinvbit, avx, avx2, aes, erms, clmul, bmi1, bmi2, adx, sha, fma, vzeroupper, clflush, clflushopt, rdtscp, rdpid, fsrm, f16c, pku, cet_ss
Processor Information for processor 0
  Max Mhz: 3201, Current Mhz: 1804, Mhz Limit: 3201
Processor Information for processor 1
  Max Mhz: 3201, Current Mhz: 1804, Mhz Limit: 3201
Processor Information for processor 2
  Max Mhz: 3201, Current Mhz: 3201, Mhz Limit: 3201
Processor Information for processor 3
  Max Mhz: 3201, Current Mhz: 1804, Mhz Limit: 3201
Processor Information for processor 4
  Max Mhz: 3201, Current Mhz: 1804, Mhz Limit: 3201
Processor Information for processor 5
  Max Mhz: 3201, Current Mhz: 3201, Mhz Limit: 3201
Processor Information for processor 6
  Max Mhz: 3201, Current Mhz: 3201, Mhz Limit: 3201
Processor Information for processor 7
  Max Mhz: 3201, Current Mhz: 1804, Mhz Limit: 3201
Processor Information for processor 8
  Max Mhz: 3201, Current Mhz: 3201, Mhz Limit: 3201
Processor Information for processor 9
  Max Mhz: 3201, Current Mhz: 1804, Mhz Limit: 3201
Processor Information for processor 10
  Max Mhz: 3201, Current Mhz: 1804, Mhz Limit: 3201
Processor Information for processor 11
  Max Mhz: 3201, Current Mhz: 3201, Mhz Limit: 3201
Processor Information for processor 12
  Max Mhz: 3201, Current Mhz: 1804, Mhz Limit: 3201
Processor Information for processor 13
  Max Mhz: 3201, Current Mhz: 1804, Mhz Limit: 3201
Processor Information for processor 14
  Max Mhz: 3201, Current Mhz: 1804, Mhz Limit: 3201
Processor Information for processor 15
  Max Mhz: 3201, Current Mhz: 1804, Mhz Limit: 3201

Memory: 4k page, system-wide physical 15613M (704M free)
TotalPageFile size 28925M (AvailPageFile size 7M)
current process WorkingSet (physical memory assigned to process): 261M, peak: 263M
current process commit charge ("private bytes"): 324M, peak: 393M

vm_info: Java HotSpot(TM) 64-Bit Server VM (23.0.1+11-39) for windows-amd64 JRE (23.0.1+11-39), built on 2024-09-30T07:20:43Z with MS VC++ 17.6 (VS2022)

END.
