#
# There is insufficient memory for the Java Runtime Environment to continue.
# Native memory allocation (mmap) failed to map 352321536 bytes. Error detail: G1 virtual space
# Possible reasons:
#   The system is out of physical RAM or swap space
#   This process is running with CompressedOops enabled, and the Java Heap may be blocking the growth of the native heap
# Possible solutions:
#   Reduce memory load on the system
#   Increase physical memory or swap space
#   Check if swap backing store is full
#   Decrease Java heap size (-Xmx/-Xms)
#   Decrease number of Java threads
#   Decrease Java thread stack sizes (-Xss)
#   Set larger code cache with -XX:ReservedCodeCacheSize=
#   JVM is running with Zero Based Compressed Oops mode in which the Java heap is
#     placed in the first 32GB address space. The Java Heap base address is the
#     maximum limit for the native heap growth. Please use -XX:HeapBaseMinAddress
#     to set the Java Heap base and to place the Java Heap above 32GB virtual address.
# This output file may be truncated or incomplete.
#
#  Out of Memory Error (os_windows.cpp:3703), pid=21300, tid=4948
#
# JRE version: Java(TM) SE Runtime Environment (23.0.1+11) (build 23.0.1+11-39)
# Java VM: Java HotSpot(TM) 64-Bit Server VM (23.0.1+11-39, mixed mode, sharing, tiered, compressed oops, compressed class ptrs, g1 gc, windows-amd64)
# No core dump will be written. Minidumps are not enabled by default on client versions of Windows
#

---------------  S U M M A R Y ------------

Command Line: -DkotlinLanguageServer.version=1.3.13 org.javacs.kt.MainKt

Host: AMD Ryzen 7 7735HS with Radeon Graphics        , 16 cores, 15G,  Windows 10 , 64 bit Build 19041 (10.0.19041.5915)
Time: Wed Oct  8 13:10:38 2025 SE Asia Standard Time elapsed time: 14.898472 seconds (0d 0h 0m 14s)

---------------  T H R E A D  ---------------

Current thread (0x000001ea717ecbf0):  VMThread "VM Thread"          [id=4948, stack(0x0000004e20e00000,0x0000004e20f00000) (1024K)]

Stack: [0x0000004e20e00000,0x0000004e20f00000]
Native frames: (J=compiled Java code, j=interpreted, Vv=VM code, C=native code)
V  [jvm.dll+0x6e08b9]  (no source info available)
V  [jvm.dll+0x87dc83]  (no source info available)
V  [jvm.dll+0x88010e]  (no source info available)
V  [jvm.dll+0x8807e3]  (no source info available)
V  [jvm.dll+0x27aee6]  (no source info available)
V  [jvm.dll+0x6dd1c5]  (no source info available)
V  [jvm.dll+0x6d104a]  (no source info available)
V  [jvm.dll+0x35b3ea]  (no source info available)
V  [jvm.dll+0x3637f6]  (no source info available)
V  [jvm.dll+0x34fd5e]  (no source info available)
V  [jvm.dll+0x34fff8]  (no source info available)
V  [jvm.dll+0x3289cc]  (no source info available)
V  [jvm.dll+0x328a5a]  (no source info available)
V  [jvm.dll+0x374c92]  (no source info available)
V  [jvm.dll+0x373392]  (no source info available)
V  [jvm.dll+0x3281a7]  (no source info available)
V  [jvm.dll+0x372b44]  (no source info available)
V  [jvm.dll+0x886720]  (no source info available)
V  [jvm.dll+0x887a47]  (no source info available)
V  [jvm.dll+0x887f78]  (no source info available)
V  [jvm.dll+0x888213]  (no source info available)
V  [jvm.dll+0x824f8b]  (no source info available)
V  [jvm.dll+0x6df065]  (no source info available)
C  [ucrtbase.dll+0x21bb2]  (no source info available)
C  [KERNEL32.DLL+0x17374]  (no source info available)
C  [ntdll.dll+0x4cc91]  (no source info available)

VM_Operation (0x0000004e22df9ed0): G1CollectForAllocation, mode: safepoint, requested by thread 0x000001ea488f4460


---------------  P R O C E S S  ---------------

Threads class SMR info:
_java_thread_list=0x000001ea4aecdf10, length=21, elements={
0x000001ea71805df0, 0x000001ea71806b10, 0x000001ea718086e0, 0x000001ea718093c0,
0x000001ea7180be30, 0x000001ea7180fd90, 0x000001ea7181ab40, 0x000001ea7183b600,
0x000001ea45112940, 0x000001ea45161900, 0x000001ea451659f0, 0x000001ea4578dba0,
0x000001ea4578e260, 0x000001ea490af0b0, 0x000001ea4f9ea1a0, 0x000001ea46f79030,
0x000001ea488f1d00, 0x000001ea488f4460, 0x000001ea488f2390, 0x000001ea458eafb0,
0x000001ea4a46df30
}

Java Threads: ( => current thread )
  0x000001ea71805df0 JavaThread "Reference Handler"          daemon [_thread_blocked, id=11444, stack(0x0000004e20f00000,0x0000004e21000000) (1024K)]
  0x000001ea71806b10 JavaThread "Finalizer"                  daemon [_thread_blocked, id=9944, stack(0x0000004e21000000,0x0000004e21100000) (1024K)]
  0x000001ea718086e0 JavaThread "Signal Dispatcher"          daemon [_thread_blocked, id=3376, stack(0x0000004e21100000,0x0000004e21200000) (1024K)]
  0x000001ea718093c0 JavaThread "Attach Listener"            daemon [_thread_blocked, id=4336, stack(0x0000004e21200000,0x0000004e21300000) (1024K)]
  0x000001ea7180be30 JavaThread "Service Thread"             daemon [_thread_blocked, id=5844, stack(0x0000004e21300000,0x0000004e21400000) (1024K)]
  0x000001ea7180fd90 JavaThread "Monitor Deflation Thread"   daemon [_thread_blocked, id=21204, stack(0x0000004e21400000,0x0000004e21500000) (1024K)]
  0x000001ea7181ab40 JavaThread "C2 CompilerThread0"         daemon [_thread_blocked, id=19100, stack(0x0000004e21500000,0x0000004e21600000) (1024K)]
  0x000001ea7183b600 JavaThread "C1 CompilerThread0"         daemon [_thread_blocked, id=19564, stack(0x0000004e21600000,0x0000004e21700000) (1024K)]
  0x000001ea45112940 JavaThread "C1 CompilerThread1"         daemon [_thread_blocked, id=2312, stack(0x0000004e21700000,0x0000004e21800000) (1024K)]
  0x000001ea45161900 JavaThread "Notification Thread"        daemon [_thread_blocked, id=1672, stack(0x0000004e21800000,0x0000004e21900000) (1024K)]
  0x000001ea451659f0 JavaThread "Common-Cleaner"             daemon [_thread_blocked, id=17276, stack(0x0000004e21900000,0x0000004e21a00000) (1024K)]
  0x000001ea4578dba0 JavaThread "C1 CompilerThread2"         daemon [_thread_blocked, id=2648, stack(0x0000004e21c00000,0x0000004e21d00000) (1024K)]
  0x000001ea4578e260 JavaThread "C1 CompilerThread3"         daemon [_thread_blocked, id=20996, stack(0x0000004e21d00000,0x0000004e21e00000) (1024K)]
  0x000001ea490af0b0 JavaThread "client"                            [_thread_in_native, id=17160, stack(0x0000004e22b00000,0x0000004e22c00000) (1024K)]
  0x000001ea4f9ea1a0 JavaThread "DestroyJavaVM"                     [_thread_blocked, id=20056, stack(0x0000004e20700000,0x0000004e20800000) (1024K)]
  0x000001ea46f79030 JavaThread "async0"                            [_thread_blocked, id=16996, stack(0x0000004e22c00000,0x0000004e22d00000) (1024K)]
  0x000001ea488f1d00 JavaThread "async1"                            [_thread_blocked, id=19348, stack(0x0000004e22600000,0x0000004e22700000) (1024K)]
  0x000001ea488f4460 JavaThread "debounce0"                         [_thread_blocked, id=12508, stack(0x0000004e22d00000,0x0000004e22e00000) (1024K)]
  0x000001ea488f2390 JavaThread "async2"                            [_thread_blocked, id=15696, stack(0x0000004e22e00000,0x0000004e22f00000) (1024K)]
  0x000001ea458eafb0 JavaThread "C2 CompilerThread1"         daemon [_thread_in_native, id=14056, stack(0x0000004e22f00000,0x0000004e23000000) (1024K)]
  0x000001ea4a46df30 JavaThread "async3"                            [_thread_blocked, id=11908, stack(0x0000004e23000000,0x0000004e23100000) (1024K)]
Total: 21

Other Threads:
=>0x000001ea717ecbf0 VMThread "VM Thread"                           [id=4948, stack(0x0000004e20e00000,0x0000004e20f00000) (1024K)]
  0x000001ea717da3c0 WatcherThread "VM Periodic Task Thread"        [id=9388, stack(0x0000004e20d00000,0x0000004e20e00000) (1024K)]
  0x000001ea51ce56b0 WorkerThread "GC Thread#0"                     [id=18104, stack(0x0000004e20800000,0x0000004e20900000) (1024K)]
  0x000001ea45d2a250 WorkerThread "GC Thread#1"                     [id=19924, stack(0x0000004e21e00000,0x0000004e21f00000) (1024K)]
  0x000001ea45d2a600 WorkerThread "GC Thread#2"                     [id=3920, stack(0x0000004e21f00000,0x0000004e22000000) (1024K)]
  0x000001ea45d2a9b0 WorkerThread "GC Thread#3"                     [id=19224, stack(0x0000004e22000000,0x0000004e22100000) (1024K)]
  0x000001ea45d068a0 WorkerThread "GC Thread#4"                     [id=14244, stack(0x0000004e22100000,0x0000004e22200000) (1024K)]
  0x000001ea45cbba20 WorkerThread "GC Thread#5"                     [id=16120, stack(0x0000004e22200000,0x0000004e22300000) (1024K)]
  0x000001ea45cbc640 WorkerThread "GC Thread#6"                     [id=20472, stack(0x0000004e22300000,0x0000004e22400000) (1024K)]
  0x000001ea46123610 WorkerThread "GC Thread#7"                     [id=18892, stack(0x0000004e22400000,0x0000004e22500000) (1024K)]
  0x000001ea4634cef0 WorkerThread "GC Thread#8"                     [id=18256, stack(0x0000004e21a00000,0x0000004e21b00000) (1024K)]
  0x000001ea4634ddb0 WorkerThread "GC Thread#9"                     [id=3120, stack(0x0000004e21b00000,0x0000004e21c00000) (1024K)]
  0x000001ea4634cb40 WorkerThread "GC Thread#10"                    [id=20776, stack(0x0000004e22500000,0x0000004e22600000) (1024K)]
  0x000001ea4679f920 WorkerThread "GC Thread#11"                    [id=8864, stack(0x0000004e22700000,0x0000004e22800000) (1024K)]
  0x000001ea467a16a0 WorkerThread "GC Thread#12"                    [id=16248, stack(0x0000004e22800000,0x0000004e22900000) (1024K)]
  0x000001ea51cf99b0 ConcurrentGCThread "G1 Main Marker"            [id=20772, stack(0x0000004e20900000,0x0000004e20a00000) (1024K)]
  0x000001ea51cfac60 WorkerThread "G1 Conc#0"                       [id=12948, stack(0x0000004e20a00000,0x0000004e20b00000) (1024K)]
  0x000001ea4679fcd0 WorkerThread "G1 Conc#1"                       [id=19480, stack(0x0000004e22900000,0x0000004e22a00000) (1024K)]
  0x000001ea4679e6b0 WorkerThread "G1 Conc#2"                       [id=8244, stack(0x0000004e22a00000,0x0000004e22b00000) (1024K)]
  0x000001ea716aa490 ConcurrentGCThread "G1 Refine#0"               [id=12032, stack(0x0000004e20b00000,0x0000004e20c00000) (1024K)]
  0x000001ea716ace30 ConcurrentGCThread "G1 Service"                [id=1136, stack(0x0000004e20c00000,0x0000004e20d00000) (1024K)]
Total: 21

Threads with active compile tasks:
C2 CompilerThread0  14937 17845       4       org.jetbrains.kotlin.types.TypeUtils::contains (301 bytes)
C2 CompilerThread1  14937 17506   !   4       org.jetbrains.kotlin.metadata.ProtoBuf$Class::<init> (2853 bytes)
Total: 2

VM state: at safepoint (normal execution)

VM Mutex/Monitor currently owned by a thread:  ([mutex/lock_event])
[0x00007ffcfb5e3910] Threads_lock - owner thread: 0x000001ea717ecbf0
[0x00007ffcfb5e3a10] Heap_lock - owner thread: 0x000001ea488f4460

Heap address: 0x000000070c000000, size: 3904 MB, Compressed Oops mode: Zero based, Oop shift amount: 3

CDS archive(s) mapped at: [0x000001ea00000000-0x000001ea00d70000-0x000001ea00d70000), size 14090240, SharedBaseAddress: 0x000001ea00000000, ArchiveRelocationMode: 1.
Compressed class space mapped at: 0x000001ea01000000-0x000001ea41000000, reserved size: 1073741824
Narrow klass base: 0x000001ea00000000, Narrow klass shift: 0, Narrow klass range: 0x41000000

GC Precious Log:
 CardTable entry size: 512
 Card Set container configuration: InlinePtr #cards 4 size 8 Array Of Cards #cards 16 size 48 Howl #buckets 8 coarsen threshold 3686 Howl Bitmap #cards 512 size 80 coarsen threshold 460 Card regions per heap region 1 cards per card region 4096
 CPUs: 16 total, 16 available
 Memory: 15613M
 Large Page Support: Disabled
 NUMA Support: Disabled
 Compressed Oops: Enabled (Zero based)
 Heap Region Size: 2M
 Heap Min Capacity: 8M
 Heap Initial Capacity: 244M
 Heap Max Capacity: 3904M
 Pre-touch: Disabled
 Parallel Workers: 13
 Concurrent Workers: 3
 Concurrent Refinement Workers: 13
 Periodic GC: Disabled

Heap:
 garbage-first heap   total reserved 3997696K, committed 344064K, used 205982K [0x000000070c000000, 0x0000000800000000)
  region size 2048K, 7 young (14336K), 7 survivors (14336K)
 Metaspace       used 78053K, committed 79040K, reserved 1179648K
  class space    used 9043K, committed 9536K, reserved 1048576K

Heap Regions: E=young(eden), S=young(survivor), O=old, HS=humongous(starts), HC=humongous(continues), CS=collection set, F=free, TAMS=top-at-mark-start, PB=parsable bottom
|   0|0x000000070c000000, 0x000000070c200000, 0x000000070c200000|100%|HS|  |TAMS 0x000000070c000000| PB 0x000000070c000000| Complete |  0
|   1|0x000000070c200000, 0x000000070c400000, 0x000000070c400000|100%|HC|  |TAMS 0x000000070c200000| PB 0x000000070c200000| Complete |  0
|   2|0x000000070c400000, 0x000000070c600000, 0x000000070c600000|100%| O|  |TAMS 0x000000070c400000| PB 0x000000070c400000| Untracked |  0
|   3|0x000000070c600000, 0x000000070c800000, 0x000000070c800000|100%| O|  |TAMS 0x000000070c600000| PB 0x000000070c600000| Untracked |  0
|   4|0x000000070c800000, 0x000000070ca00000, 0x000000070ca00000|100%| O|  |TAMS 0x000000070c800000| PB 0x000000070c800000| Untracked |  0
|   5|0x000000070ca00000, 0x000000070cc00000, 0x000000070cc00000|100%| O|  |TAMS 0x000000070ca00000| PB 0x000000070ca00000| Untracked |  0
|   6|0x000000070cc00000, 0x000000070ce00000, 0x000000070ce00000|100%| O|  |TAMS 0x000000070cc00000| PB 0x000000070cc00000| Untracked |  0
|   7|0x000000070ce00000, 0x000000070d000000, 0x000000070d000000|100%| O|  |TAMS 0x000000070ce00000| PB 0x000000070ce00000| Untracked |  0
|   8|0x000000070d000000, 0x000000070d200000, 0x000000070d200000|100%| O|  |TAMS 0x000000070d000000| PB 0x000000070d000000| Untracked |  0
|   9|0x000000070d200000, 0x000000070d400000, 0x000000070d400000|100%| O|  |TAMS 0x000000070d200000| PB 0x000000070d200000| Untracked |  0
|  10|0x000000070d400000, 0x000000070d600000, 0x000000070d600000|100%| O|  |TAMS 0x000000070d400000| PB 0x000000070d400000| Untracked |  0
|  11|0x000000070d600000, 0x000000070d800000, 0x000000070d800000|100%| O|  |TAMS 0x000000070d600000| PB 0x000000070d600000| Untracked |  0
|  12|0x000000070d800000, 0x000000070da00000, 0x000000070da00000|100%| O|  |TAMS 0x000000070d800000| PB 0x000000070d800000| Untracked |  0
|  13|0x000000070da00000, 0x000000070dc00000, 0x000000070dc00000|100%| O|  |TAMS 0x000000070da00000| PB 0x000000070da00000| Untracked |  0
|  14|0x000000070dc00000, 0x000000070de00000, 0x000000070de00000|100%| O|  |TAMS 0x000000070dc00000| PB 0x000000070dc00000| Untracked |  0
|  15|0x000000070de00000, 0x000000070e000000, 0x000000070e000000|100%| O|  |TAMS 0x000000070de00000| PB 0x000000070de00000| Untracked |  0
|  16|0x000000070e000000, 0x000000070e200000, 0x000000070e200000|100%| O|  |TAMS 0x000000070e000000| PB 0x000000070e000000| Untracked |  0
|  17|0x000000070e200000, 0x000000070e400000, 0x000000070e400000|100%| O|  |TAMS 0x000000070e200000| PB 0x000000070e200000| Untracked |  0
|  18|0x000000070e400000, 0x000000070e600000, 0x000000070e600000|100%| O|  |TAMS 0x000000070e400000| PB 0x000000070e400000| Untracked |  0
|  19|0x000000070e600000, 0x000000070e800000, 0x000000070e800000|100%| O|  |TAMS 0x000000070e600000| PB 0x000000070e600000| Untracked |  0
|  20|0x000000070e800000, 0x000000070ea00000, 0x000000070ea00000|100%|HS|  |TAMS 0x000000070e800000| PB 0x000000070e800000| Complete |  0
|  21|0x000000070ea00000, 0x000000070ec00000, 0x000000070ec00000|100%| O|  |TAMS 0x000000070ea00000| PB 0x000000070ea00000| Untracked |  0
|  22|0x000000070ec00000, 0x000000070ee00000, 0x000000070ee00000|100%| O|  |TAMS 0x000000070ec00000| PB 0x000000070ec00000| Untracked |  0
|  23|0x000000070ee00000, 0x000000070f000000, 0x000000070f000000|100%| O|  |TAMS 0x000000070ee00000| PB 0x000000070ee00000| Untracked |  0
|  24|0x000000070f000000, 0x000000070f200000, 0x000000070f200000|100%| O|  |TAMS 0x000000070f000000| PB 0x000000070f000000| Untracked |  0
|  25|0x000000070f200000, 0x000000070f400000, 0x000000070f400000|100%| O|  |TAMS 0x000000070f200000| PB 0x000000070f200000| Untracked |  0
|  26|0x000000070f400000, 0x000000070f600000, 0x000000070f600000|100%| O|  |TAMS 0x000000070f400000| PB 0x000000070f400000| Untracked |  0
|  27|0x000000070f600000, 0x000000070f800000, 0x000000070f800000|100%| O|  |TAMS 0x000000070f600000| PB 0x000000070f600000| Untracked |  0
|  28|0x000000070f800000, 0x000000070fa00000, 0x000000070fa00000|100%| O|  |TAMS 0x000000070f800000| PB 0x000000070f800000| Untracked |  0
|  29|0x000000070fa00000, 0x000000070fc00000, 0x000000070fc00000|100%| O|  |TAMS 0x000000070fa00000| PB 0x000000070fa00000| Untracked |  0
|  30|0x000000070fc00000, 0x000000070fe00000, 0x000000070fe00000|100%| O|  |TAMS 0x000000070fc00000| PB 0x000000070fc00000| Untracked |  0
|  31|0x000000070fe00000, 0x0000000710000000, 0x0000000710000000|100%| O|  |TAMS 0x000000070fe00000| PB 0x000000070fe00000| Untracked |  0
|  32|0x0000000710000000, 0x0000000710200000, 0x0000000710200000|100%| O|  |TAMS 0x0000000710000000| PB 0x0000000710000000| Untracked |  0
|  33|0x0000000710200000, 0x0000000710400000, 0x0000000710400000|100%| O|  |TAMS 0x0000000710200000| PB 0x0000000710200000| Untracked |  0
|  34|0x0000000710400000, 0x0000000710600000, 0x0000000710600000|100%| O|  |TAMS 0x0000000710400000| PB 0x0000000710400000| Untracked |  0
|  35|0x0000000710600000, 0x0000000710800000, 0x0000000710800000|100%| O|  |TAMS 0x0000000710600000| PB 0x0000000710600000| Untracked |  0
|  36|0x0000000710800000, 0x0000000710a00000, 0x0000000710a00000|100%| O|  |TAMS 0x0000000710800000| PB 0x0000000710800000| Untracked |  0
|  37|0x0000000710a00000, 0x0000000710c00000, 0x0000000710c00000|100%| O|  |TAMS 0x0000000710a00000| PB 0x0000000710a00000| Untracked |  0
|  38|0x0000000710c00000, 0x0000000710e00000, 0x0000000710e00000|100%| O|  |TAMS 0x0000000710c00000| PB 0x0000000710c00000| Untracked |  0
|  39|0x0000000710e00000, 0x0000000711000000, 0x0000000711000000|100%| O|  |TAMS 0x0000000710e00000| PB 0x0000000710e00000| Untracked |  0
|  40|0x0000000711000000, 0x0000000711200000, 0x0000000711200000|100%| O|  |TAMS 0x0000000711000000| PB 0x0000000711000000| Untracked |  0
|  41|0x0000000711200000, 0x0000000711400000, 0x0000000711400000|100%| O|  |TAMS 0x0000000711200000| PB 0x0000000711200000| Untracked |  0
|  42|0x0000000711400000, 0x0000000711600000, 0x0000000711600000|100%| O|  |TAMS 0x0000000711400000| PB 0x0000000711400000| Untracked |  0
|  43|0x0000000711600000, 0x0000000711800000, 0x0000000711800000|100%| O|  |TAMS 0x0000000711600000| PB 0x0000000711600000| Untracked |  0
|  44|0x0000000711800000, 0x0000000711a00000, 0x0000000711a00000|100%| O|  |TAMS 0x0000000711800000| PB 0x0000000711800000| Untracked |  0
|  45|0x0000000711a00000, 0x0000000711c00000, 0x0000000711c00000|100%| O|  |TAMS 0x0000000711a00000| PB 0x0000000711a00000| Untracked |  0
|  46|0x0000000711c00000, 0x0000000711e00000, 0x0000000711e00000|100%| O|  |TAMS 0x0000000711c00000| PB 0x0000000711c00000| Untracked |  0
|  47|0x0000000711e00000, 0x0000000712000000, 0x0000000712000000|100%| O|  |TAMS 0x0000000711e00000| PB 0x0000000711e00000| Untracked |  0
|  48|0x0000000712000000, 0x0000000712200000, 0x0000000712200000|100%| O|  |TAMS 0x0000000712000000| PB 0x0000000712000000| Untracked |  0
|  49|0x0000000712200000, 0x0000000712400000, 0x0000000712400000|100%| O|  |TAMS 0x0000000712200000| PB 0x0000000712200000| Untracked |  0
|  50|0x0000000712400000, 0x0000000712600000, 0x0000000712600000|100%| O|  |TAMS 0x0000000712400000| PB 0x0000000712400000| Untracked |  0
|  51|0x0000000712600000, 0x0000000712800000, 0x0000000712800000|100%| O|  |TAMS 0x0000000712600000| PB 0x0000000712600000| Untracked |  0
|  52|0x0000000712800000, 0x0000000712a00000, 0x0000000712a00000|100%| O|  |TAMS 0x0000000712800000| PB 0x0000000712800000| Untracked |  0
|  53|0x0000000712a00000, 0x0000000712c00000, 0x0000000712c00000|100%| O|  |TAMS 0x0000000712a00000| PB 0x0000000712a00000| Untracked |  0
|  54|0x0000000712c00000, 0x0000000712c00000, 0x0000000712e00000|  0%| F|  |TAMS 0x0000000712c00000| PB 0x0000000712c00000| Untracked |  0
|  55|0x0000000712e00000, 0x0000000713000000, 0x0000000713000000|100%| O|  |TAMS 0x0000000712e00000| PB 0x0000000712e00000| Untracked |  0
|  56|0x0000000713000000, 0x0000000713200000, 0x0000000713200000|100%| O|  |TAMS 0x0000000713000000| PB 0x0000000713000000| Untracked |  0
|  57|0x0000000713200000, 0x0000000713400000, 0x0000000713400000|100%| O|  |TAMS 0x0000000713200000| PB 0x0000000713200000| Untracked |  0
|  58|0x0000000713400000, 0x0000000713600000, 0x0000000713600000|100%| O|  |TAMS 0x0000000713400000| PB 0x0000000713400000| Untracked |  0
|  59|0x0000000713600000, 0x0000000713800000, 0x0000000713800000|100%| O|  |TAMS 0x0000000713600000| PB 0x0000000713600000| Untracked |  0
|  60|0x0000000713800000, 0x0000000713a00000, 0x0000000713a00000|100%| O|  |TAMS 0x0000000713800000| PB 0x0000000713800000| Untracked |  0
|  61|0x0000000713a00000, 0x0000000713c00000, 0x0000000713c00000|100%| O|  |TAMS 0x0000000713a00000| PB 0x0000000713a00000| Untracked |  0
|  62|0x0000000713c00000, 0x0000000713e00000, 0x0000000713e00000|100%| O|  |TAMS 0x0000000713c00000| PB 0x0000000713c00000| Untracked |  0
|  63|0x0000000713e00000, 0x0000000714000000, 0x0000000714000000|100%| O|  |TAMS 0x0000000713e00000| PB 0x0000000713e00000| Untracked |  0
|  64|0x0000000714000000, 0x0000000714200000, 0x0000000714200000|100%| O|  |TAMS 0x0000000714000000| PB 0x0000000714000000| Untracked |  0
|  65|0x0000000714200000, 0x0000000714400000, 0x0000000714400000|100%| O|  |TAMS 0x0000000714200000| PB 0x0000000714200000| Untracked |  0
|  66|0x0000000714400000, 0x0000000714600000, 0x0000000714600000|100%| O|  |TAMS 0x0000000714400000| PB 0x0000000714400000| Untracked |  0
|  67|0x0000000714600000, 0x0000000714800000, 0x0000000714800000|100%| O|  |TAMS 0x0000000714600000| PB 0x0000000714600000| Untracked |  0
|  68|0x0000000714800000, 0x0000000714a00000, 0x0000000714a00000|100%| O|  |TAMS 0x0000000714800000| PB 0x0000000714800000| Untracked |  0
|  69|0x0000000714a00000, 0x0000000714c00000, 0x0000000714c00000|100%| O|  |TAMS 0x0000000714a00000| PB 0x0000000714a00000| Untracked |  0
|  70|0x0000000714c00000, 0x0000000714e00000, 0x0000000714e00000|100%| O|  |TAMS 0x0000000714c00000| PB 0x0000000714c00000| Untracked |  0
|  71|0x0000000714e00000, 0x0000000715000000, 0x0000000715000000|100%| O|  |TAMS 0x0000000714e00000| PB 0x0000000714e00000| Untracked |  0
|  72|0x0000000715000000, 0x0000000715200000, 0x0000000715200000|100%| O|  |TAMS 0x0000000715000000| PB 0x0000000715000000| Untracked |  0
|  73|0x0000000715200000, 0x0000000715400000, 0x0000000715400000|100%| O|  |TAMS 0x0000000715200000| PB 0x0000000715200000| Untracked |  0
|  74|0x0000000715400000, 0x0000000715400000, 0x0000000715600000|  0%| F|  |TAMS 0x0000000715400000| PB 0x0000000715400000| Untracked |  0
|  75|0x0000000715600000, 0x0000000715800000, 0x0000000715800000|100%| O|  |TAMS 0x0000000715600000| PB 0x0000000715600000| Untracked |  0
|  76|0x0000000715800000, 0x0000000715a00000, 0x0000000715a00000|100%| O|  |TAMS 0x0000000715800000| PB 0x0000000715800000| Untracked |  0
|  77|0x0000000715a00000, 0x0000000715a00000, 0x0000000715c00000|  0%| F|  |TAMS 0x0000000715a00000| PB 0x0000000715a00000| Untracked |  0
|  78|0x0000000715c00000, 0x0000000715e00000, 0x0000000715e00000|100%| O|  |TAMS 0x0000000715c00000| PB 0x0000000715c00000| Untracked |  0
|  79|0x0000000715e00000, 0x0000000716000000, 0x0000000716000000|100%| O|  |TAMS 0x0000000715e00000| PB 0x0000000715e00000| Untracked |  0
|  80|0x0000000716000000, 0x0000000716200000, 0x0000000716200000|100%| O|  |TAMS 0x0000000716000000| PB 0x0000000716000000| Untracked |  0
|  81|0x0000000716200000, 0x0000000716400000, 0x0000000716400000|100%| O|  |TAMS 0x0000000716200000| PB 0x0000000716200000| Untracked |  0
|  82|0x0000000716400000, 0x0000000716600000, 0x0000000716600000|100%| O|  |TAMS 0x0000000716400000| PB 0x0000000716400000| Untracked |  0
|  83|0x0000000716600000, 0x0000000716800000, 0x0000000716800000|100%| O|  |TAMS 0x0000000716600000| PB 0x0000000716600000| Untracked |  0
|  84|0x0000000716800000, 0x0000000716800000, 0x0000000716a00000|  0%| F|  |TAMS 0x0000000716800000| PB 0x0000000716800000| Untracked |  0
|  85|0x0000000716a00000, 0x0000000716c00000, 0x0000000716c00000|100%| O|  |TAMS 0x0000000716a00000| PB 0x0000000716a00000| Untracked |  0
|  86|0x0000000716c00000, 0x0000000716c00000, 0x0000000716e00000|  0%| F|  |TAMS 0x0000000716c00000| PB 0x0000000716c00000| Untracked |  0
|  87|0x0000000716e00000, 0x0000000717000000, 0x0000000717000000|100%| O|  |TAMS 0x0000000716e00000| PB 0x0000000716e00000| Untracked |  0
|  88|0x0000000717000000, 0x0000000717200000, 0x0000000717200000|100%| O|  |TAMS 0x0000000717000000| PB 0x0000000717000000| Untracked |  0
|  89|0x0000000717200000, 0x0000000717400000, 0x0000000717400000|100%| O|  |TAMS 0x0000000717200000| PB 0x0000000717200000| Untracked |  0
|  90|0x0000000717400000, 0x0000000717600000, 0x0000000717600000|100%| O|  |TAMS 0x0000000717400000| PB 0x0000000717400000| Untracked |  0
|  91|0x0000000717600000, 0x0000000717800000, 0x0000000717800000|100%| O|  |TAMS 0x0000000717600000| PB 0x0000000717600000| Untracked |  0
|  92|0x0000000717800000, 0x0000000717a00000, 0x0000000717a00000|100%| O|  |TAMS 0x0000000717800000| PB 0x0000000717800000| Untracked |  0
|  93|0x0000000717a00000, 0x0000000717b278a0, 0x0000000717c00000| 57%| O|  |TAMS 0x0000000717a00000| PB 0x0000000717a00000| Untracked |  0
|  94|0x0000000717c00000, 0x0000000717c00000, 0x0000000717e00000|  0%| F|  |TAMS 0x0000000717c00000| PB 0x0000000717c00000| Untracked |  0
|  95|0x0000000717e00000, 0x0000000717e00000, 0x0000000718000000|  0%| F|  |TAMS 0x0000000717e00000| PB 0x0000000717e00000| Untracked |  0
|  96|0x0000000718000000, 0x0000000718000000, 0x0000000718200000|  0%| F|  |TAMS 0x0000000718000000| PB 0x0000000718000000| Untracked |  0
|  97|0x0000000718200000, 0x0000000718200000, 0x0000000718400000|  0%| F|  |TAMS 0x0000000718200000| PB 0x0000000718200000| Untracked |  0
|  98|0x0000000718400000, 0x0000000718600000, 0x0000000718600000|100%| S|CS|TAMS 0x0000000718400000| PB 0x0000000718400000| Complete |  0
|  99|0x0000000718600000, 0x0000000718800000, 0x0000000718800000|100%| S|CS|TAMS 0x0000000718600000| PB 0x0000000718600000| Complete |  0
| 100|0x0000000718800000, 0x0000000718800000, 0x0000000718a00000|  0%| F|  |TAMS 0x0000000718800000| PB 0x0000000718800000| Untracked |  0
| 101|0x0000000718a00000, 0x0000000718a00000, 0x0000000718c00000|  0%| F|  |TAMS 0x0000000718a00000| PB 0x0000000718a00000| Untracked |  0
| 102|0x0000000718c00000, 0x0000000718c00000, 0x0000000718e00000|  0%| F|  |TAMS 0x0000000718c00000| PB 0x0000000718c00000| Untracked |  0
| 103|0x0000000718e00000, 0x0000000718e00000, 0x0000000719000000|  0%| F|  |TAMS 0x0000000718e00000| PB 0x0000000718e00000| Untracked |  0
| 104|0x0000000719000000, 0x0000000719000000, 0x0000000719200000|  0%| F|  |TAMS 0x0000000719000000| PB 0x0000000719000000| Untracked |  0
| 105|0x0000000719200000, 0x0000000719200000, 0x0000000719400000|  0%| F|  |TAMS 0x0000000719200000| PB 0x0000000719200000| Untracked |  0
| 106|0x0000000719400000, 0x0000000719400000, 0x0000000719600000|  0%| F|  |TAMS 0x0000000719400000| PB 0x0000000719400000| Untracked |  0
| 107|0x0000000719600000, 0x0000000719800000, 0x0000000719800000|100%| S|CS|TAMS 0x0000000719600000| PB 0x0000000719600000| Complete |  0
| 108|0x0000000719800000, 0x0000000719a00000, 0x0000000719a00000|100%| S|CS|TAMS 0x0000000719800000| PB 0x0000000719800000| Complete |  0
| 109|0x0000000719a00000, 0x0000000719c00000, 0x0000000719c00000|100%| S|CS|TAMS 0x0000000719a00000| PB 0x0000000719a00000| Complete |  0
| 110|0x0000000719c00000, 0x0000000719e00000, 0x0000000719e00000|100%| S|CS|TAMS 0x0000000719c00000| PB 0x0000000719c00000| Complete |  0
| 111|0x0000000719e00000, 0x000000071a000000, 0x000000071a000000|100%| S|CS|TAMS 0x0000000719e00000| PB 0x0000000719e00000| Complete |  0
| 112|0x000000071a000000, 0x000000071a000000, 0x000000071a200000|  0%| F|  |TAMS 0x000000071a000000| PB 0x000000071a000000| Untracked |  0
| 113|0x000000071a200000, 0x000000071a200000, 0x000000071a400000|  0%| F|  |TAMS 0x000000071a200000| PB 0x000000071a200000| Untracked |  0
| 114|0x000000071a400000, 0x000000071a400000, 0x000000071a600000|  0%| F|  |TAMS 0x000000071a400000| PB 0x000000071a400000| Untracked |  0
| 115|0x000000071a600000, 0x000000071a600000, 0x000000071a800000|  0%| F|  |TAMS 0x000000071a600000| PB 0x000000071a600000| Untracked |  0
| 116|0x000000071a800000, 0x000000071a800000, 0x000000071aa00000|  0%| F|  |TAMS 0x000000071a800000| PB 0x000000071a800000| Untracked |  0
| 117|0x000000071aa00000, 0x000000071aa00000, 0x000000071ac00000|  0%| F|  |TAMS 0x000000071aa00000| PB 0x000000071aa00000| Untracked |  0
| 118|0x000000071ac00000, 0x000000071ac00000, 0x000000071ae00000|  0%| F|  |TAMS 0x000000071ac00000| PB 0x000000071ac00000| Untracked |  0
| 119|0x000000071ae00000, 0x000000071ae00000, 0x000000071b000000|  0%| F|  |TAMS 0x000000071ae00000| PB 0x000000071ae00000| Untracked |  0
| 120|0x000000071b000000, 0x000000071b000000, 0x000000071b200000|  0%| F|  |TAMS 0x000000071b000000| PB 0x000000071b000000| Untracked |  0
| 121|0x000000071b200000, 0x000000071b200000, 0x000000071b400000|  0%| F|  |TAMS 0x000000071b200000| PB 0x000000071b200000| Untracked |  0
| 122|0x000000071b400000, 0x000000071b400000, 0x000000071b600000|  0%| F|  |TAMS 0x000000071b400000| PB 0x000000071b400000| Untracked |  0
| 123|0x000000071b600000, 0x000000071b600000, 0x000000071b800000|  0%| F|  |TAMS 0x000000071b600000| PB 0x000000071b600000| Untracked |  0
| 124|0x000000071b800000, 0x000000071b800000, 0x000000071ba00000|  0%| F|  |TAMS 0x000000071b800000| PB 0x000000071b800000| Untracked |  0
| 125|0x000000071ba00000, 0x000000071ba00000, 0x000000071bc00000|  0%| F|  |TAMS 0x000000071ba00000| PB 0x000000071ba00000| Untracked |  0
| 126|0x000000071bc00000, 0x000000071bc00000, 0x000000071be00000|  0%| F|  |TAMS 0x000000071bc00000| PB 0x000000071bc00000| Untracked |  0
| 127|0x000000071be00000, 0x000000071be00000, 0x000000071c000000|  0%| F|  |TAMS 0x000000071be00000| PB 0x000000071be00000| Untracked |  0
| 128|0x000000071c000000, 0x000000071c000000, 0x000000071c200000|  0%| F|  |TAMS 0x000000071c000000| PB 0x000000071c000000| Untracked |  0
| 129|0x000000071c200000, 0x000000071c200000, 0x000000071c400000|  0%| F|  |TAMS 0x000000071c200000| PB 0x000000071c200000| Untracked |  0
| 130|0x000000071c400000, 0x000000071c400000, 0x000000071c600000|  0%| F|  |TAMS 0x000000071c400000| PB 0x000000071c400000| Untracked |  0
| 131|0x000000071c600000, 0x000000071c600000, 0x000000071c800000|  0%| F|  |TAMS 0x000000071c600000| PB 0x000000071c600000| Untracked |  0
| 132|0x000000071c800000, 0x000000071c800000, 0x000000071ca00000|  0%| F|  |TAMS 0x000000071c800000| PB 0x000000071c800000| Untracked |  0
| 133|0x000000071ca00000, 0x000000071ca00000, 0x000000071cc00000|  0%| F|  |TAMS 0x000000071ca00000| PB 0x000000071ca00000| Untracked |  0
| 134|0x000000071cc00000, 0x000000071cc00000, 0x000000071ce00000|  0%| F|  |TAMS 0x000000071cc00000| PB 0x000000071cc00000| Untracked |  0
| 135|0x000000071ce00000, 0x000000071ce00000, 0x000000071d000000|  0%| F|  |TAMS 0x000000071ce00000| PB 0x000000071ce00000| Untracked |  0
| 136|0x000000071d000000, 0x000000071d000000, 0x000000071d200000|  0%| F|  |TAMS 0x000000071d000000| PB 0x000000071d000000| Untracked |  0
| 137|0x000000071d200000, 0x000000071d200000, 0x000000071d400000|  0%| F|  |TAMS 0x000000071d200000| PB 0x000000071d200000| Untracked |  0
| 138|0x000000071d400000, 0x000000071d400000, 0x000000071d600000|  0%| F|  |TAMS 0x000000071d400000| PB 0x000000071d400000| Untracked |  0
| 139|0x000000071d600000, 0x000000071d600000, 0x000000071d800000|  0%| F|  |TAMS 0x000000071d600000| PB 0x000000071d600000| Untracked |  0
| 140|0x000000071d800000, 0x000000071d800000, 0x000000071da00000|  0%| F|  |TAMS 0x000000071d800000| PB 0x000000071d800000| Untracked |  0
| 141|0x000000071da00000, 0x000000071da00000, 0x000000071dc00000|  0%| F|  |TAMS 0x000000071da00000| PB 0x000000071da00000| Untracked |  0
| 142|0x000000071dc00000, 0x000000071dc00000, 0x000000071de00000|  0%| F|  |TAMS 0x000000071dc00000| PB 0x000000071dc00000| Untracked |  0
| 143|0x000000071de00000, 0x000000071de00000, 0x000000071e000000|  0%| F|  |TAMS 0x000000071de00000| PB 0x000000071de00000| Untracked |  0
| 144|0x000000071e000000, 0x000000071e000000, 0x000000071e200000|  0%| F|  |TAMS 0x000000071e000000| PB 0x000000071e000000| Untracked |  0
| 145|0x000000071e200000, 0x000000071e200000, 0x000000071e400000|  0%| F|  |TAMS 0x000000071e200000| PB 0x000000071e200000| Untracked |  0
| 146|0x000000071e400000, 0x000000071e400000, 0x000000071e600000|  0%| F|  |TAMS 0x000000071e400000| PB 0x000000071e400000| Untracked |  0
| 147|0x000000071e600000, 0x000000071e600000, 0x000000071e800000|  0%| F|  |TAMS 0x000000071e600000| PB 0x000000071e600000| Untracked |  0
| 148|0x000000071e800000, 0x000000071e800000, 0x000000071ea00000|  0%| F|  |TAMS 0x000000071e800000| PB 0x000000071e800000| Untracked |  0
| 149|0x000000071ea00000, 0x000000071ea00000, 0x000000071ec00000|  0%| F|  |TAMS 0x000000071ea00000| PB 0x000000071ea00000| Untracked |  0
| 150|0x000000071ec00000, 0x000000071ec00000, 0x000000071ee00000|  0%| F|  |TAMS 0x000000071ec00000| PB 0x000000071ec00000| Untracked |  0
| 151|0x000000071ee00000, 0x000000071ee00000, 0x000000071f000000|  0%| F|  |TAMS 0x000000071ee00000| PB 0x000000071ee00000| Untracked |  0
| 152|0x000000071f000000, 0x000000071f000000, 0x000000071f200000|  0%| F|  |TAMS 0x000000071f000000| PB 0x000000071f000000| Untracked |  0
| 153|0x000000071f200000, 0x000000071f200000, 0x000000071f400000|  0%| F|  |TAMS 0x000000071f200000| PB 0x000000071f200000| Untracked |  0
| 154|0x000000071f400000, 0x000000071f400000, 0x000000071f600000|  0%| F|  |TAMS 0x000000071f400000| PB 0x000000071f400000| Untracked |  0
| 155|0x000000071f600000, 0x000000071f600000, 0x000000071f800000|  0%| F|  |TAMS 0x000000071f600000| PB 0x000000071f600000| Untracked |  0
| 156|0x000000071f800000, 0x000000071f800000, 0x000000071fa00000|  0%| F|  |TAMS 0x000000071f800000| PB 0x000000071f800000| Untracked |  0
| 157|0x000000071fa00000, 0x000000071fa00000, 0x000000071fc00000|  0%| F|  |TAMS 0x000000071fa00000| PB 0x000000071fa00000| Untracked |  0
| 158|0x000000071fc00000, 0x000000071fc00000, 0x000000071fe00000|  0%| F|  |TAMS 0x000000071fc00000| PB 0x000000071fc00000| Untracked |  0
| 159|0x000000071fe00000, 0x000000071fe00000, 0x0000000720000000|  0%| F|  |TAMS 0x000000071fe00000| PB 0x000000071fe00000| Untracked |  0
| 160|0x0000000720000000, 0x0000000720000000, 0x0000000720200000|  0%| F|  |TAMS 0x0000000720000000| PB 0x0000000720000000| Untracked |  0
| 161|0x0000000720200000, 0x0000000720200000, 0x0000000720400000|  0%| F|  |TAMS 0x0000000720200000| PB 0x0000000720200000| Untracked |  0
| 162|0x0000000720400000, 0x0000000720400000, 0x0000000720600000|  0%| F|  |TAMS 0x0000000720400000| PB 0x0000000720400000| Untracked |  0
|1947|0x00000007ff600000, 0x00000007ff800000, 0x00000007ff800000|100%| O|  |TAMS 0x00000007ff600000| PB 0x00000007ff600000| Untracked |  0
|1948|0x00000007ff800000, 0x00000007ffa00000, 0x00000007ffa00000|100%| O|  |TAMS 0x00000007ff800000| PB 0x00000007ff800000| Untracked |  0
|1949|0x00000007ffa00000, 0x00000007ffc00000, 0x00000007ffc00000|100%| O|  |TAMS 0x00000007ffa00000| PB 0x00000007ffa00000| Untracked |  0
|1950|0x00000007ffc00000, 0x00000007ffe00000, 0x00000007ffe00000|100%| O|  |TAMS 0x00000007ffc00000| PB 0x00000007ffc00000| Untracked |  0
|1951|0x00000007ffe00000, 0x0000000800000000, 0x0000000800000000|100%| O|  |TAMS 0x00000007ffe00000| PB 0x00000007ffe00000| Untracked |  0

Card table byte_map: [0x000001ea6a3d0000,0x000001ea6ab70000] _byte_map_base: 0x000001ea66b70000

Marking Bits: (CMBitMap*) 0x000001ea51ce5dc0
 Bits: [0x000001ea6ab70000, 0x000001ea6e870000)

Polling page: 0x000001ea4f9a0000

Metaspace:

Usage:
  Non-class:     67.39 MB used.
      Class:      8.83 MB used.
       Both:     76.22 MB used.

Virtual space:
  Non-class space:      128.00 MB reserved,      67.88 MB ( 53%) committed,  2 nodes.
      Class space:        1.00 GB reserved,       9.31 MB ( <1%) committed,  1 nodes.
             Both:        1.12 GB reserved,      77.19 MB (  7%) committed. 

Chunk freelists:
   Non-Class:  11.81 MB
       Class:  6.64 MB
        Both:  18.45 MB

MaxMetaspaceSize: unlimited
CompressedClassSpaceSize: 1.00 GB
Initial GC threshold: 21.00 MB
Current GC threshold: 128.12 MB
CDS: on
 - commit_granule_bytes: 65536.
 - commit_granule_words: 8192.
 - virtual_space_node_default_size: 8388608.
 - enlarge_chunks_in_place: 1.
 - use_allocation_guard: 0.


Internal statistics:

num_allocs_failed_limit: 16.
num_arena_births: 1632.
num_arena_deaths: 0.
num_vsnodes_births: 3.
num_vsnodes_deaths: 0.
num_space_committed: 1233.
num_space_uncommitted: 0.
num_chunks_returned_to_freelist: 16.
num_chunks_taken_from_freelist: 4613.
num_chunk_merges: 16.
num_chunk_splits: 3370.
num_chunks_enlarged: 2540.
num_inconsistent_stats: 0.

CodeHeap 'non-profiled nmethods': size=119232Kb used=6083Kb max_used=6083Kb free=113148Kb
 bounds [0x000001ea61f40000, 0x000001ea62540000, 0x000001ea693b0000]
CodeHeap 'profiled nmethods': size=119104Kb used=33149Kb max_used=33400Kb free=85955Kb
 bounds [0x000001ea5a3b0000, 0x000001ea5c460000, 0x000001ea61800000]
CodeHeap 'non-nmethods': size=7424Kb used=3441Kb max_used=3506Kb free=3982Kb
 bounds [0x000001ea61800000, 0x000001ea61b90000, 0x000001ea61f40000]
CodeCache: size=245760Kb, used=42673Kb, max_used=42989Kb, free=203085Kb
 total_blobs=15794, nmethods=15015, adapters=678, full_count=0
Compilation: enabled, stopped_count=0, restarted_count=0

Compilation events (20 events):
Event: 14.851 Thread 0x000001ea7183b600 nmethod 17896 0x000001ea5b127988 code [0x000001ea5b127aa0, 0x000001ea5b127b90]
Event: 14.851 Thread 0x000001ea4578dba0 nmethod 17897 0x000001ea5b1d9188 code [0x000001ea5b1d92a0, 0x000001ea5b1d9390]
Event: 14.851 Thread 0x000001ea7183b600 17898       2       org.jetbrains.kotlin.metadata.ProtoBuf$Property::access$16402 (7 bytes)
Event: 14.851 Thread 0x000001ea4578dba0 17899       2       org.jetbrains.kotlin.metadata.ProtoBuf$Property::access$16502 (7 bytes)
Event: 14.851 Thread 0x000001ea7183b600 nmethod 17898 0x000001ea5b1f5988 code [0x000001ea5b1f5aa0, 0x000001ea5b1f5b90]
Event: 14.851 Thread 0x000001ea7183b600 17900       2       org.jetbrains.kotlin.metadata.ProtoBuf$Property::access$16602 (7 bytes)
Event: 14.851 Thread 0x000001ea4578dba0 nmethod 17899 0x000001ea5b208a88 code [0x000001ea5b208ba0, 0x000001ea5b208ce8]
Event: 14.851 Thread 0x000001ea7183b600 nmethod 17900 0x000001ea5b275c08 code [0x000001ea5b275d20, 0x000001ea5b275e10]
Event: 14.851 Thread 0x000001ea4578dba0 17901       2       org.jetbrains.kotlin.metadata.ProtoBuf$Property::access$16702 (7 bytes)
Event: 14.851 Thread 0x000001ea7183b600 17893       2       org.jetbrains.kotlin.protobuf.GeneratedMessageLite$ExtendableMessage::<init> (13 bytes)
Event: 14.851 Thread 0x000001ea4578dba0 nmethod 17901 0x000001ea5b38b908 code [0x000001ea5b38ba20, 0x000001ea5b38bb68]
Event: 14.851 Thread 0x000001ea4578dba0 17894       2       org.jetbrains.kotlin.protobuf.GeneratedMessageLite$ExtendableBuilder::access$000 (5 bytes)
Event: 14.852 Thread 0x000001ea7183b600 nmethod 17893 0x000001ea5ab96088 code [0x000001ea5ab961c0, 0x000001ea5ab963b0]
Event: 14.852 Thread 0x000001ea7183b600 17895       2       org.jetbrains.kotlin.protobuf.GeneratedMessageLite$ExtendableBuilder::buildExtensions (17 bytes)
Event: 14.852 Thread 0x000001ea4578e260 nmethod 17879 0x000001ea5a608188 code [0x000001ea5a608400, 0x000001ea5a608f68]
Event: 14.852 Thread 0x000001ea4578dba0 nmethod 17894 0x000001ea5b4d5108 code [0x000001ea5b4d5220, 0x000001ea5b4d5378]
Event: 14.852 Thread 0x000001ea45112940 nmethod 17890 0x000001ea5b65df08 code [0x000001ea5b65e0a0, 0x000001ea5b65ea50]
Event: 14.852 Thread 0x000001ea7183b600 nmethod 17895 0x000001ea5b4fa408 code [0x000001ea5b4fa520, 0x000001ea5b4fa698]
Event: 14.859 Thread 0x000001ea7183b600 17902       1       org.jetbrains.kotlin.resolve.calls.inference.CapturedTypeConstructorImpl::getProjection (5 bytes)
Event: 14.859 Thread 0x000001ea7183b600 nmethod 17902 0x000001ea61f7ed08 code [0x000001ea61f7ee20, 0x000001ea61f7eef0]

GC Heap History (20 events):
Event: 10.802 GC heap after
{Heap after GC invocations=28 (full 0):
 garbage-first heap   total reserved 3997696K, committed 239616K, used 112559K [0x000000070c000000, 0x0000000800000000)
  region size 2048K, 7 young (14336K), 7 survivors (14336K)
 Metaspace       used 73098K, committed 74112K, reserved 1114112K
  class space    used 8750K, committed 9216K, reserved 1048576K
}
Event: 10.916 GC heap before
{Heap before GC invocations=28 (full 0):
 garbage-first heap   total reserved 3997696K, committed 239616K, used 204719K [0x000000070c000000, 0x0000000800000000)
  region size 2048K, 52 young (106496K), 7 survivors (14336K)
 Metaspace       used 73099K, committed 74112K, reserved 1114112K
  class space    used 8751K, committed 9216K, reserved 1048576K
}
Event: 10.929 GC heap after
{Heap after GC invocations=29 (full 0):
 garbage-first heap   total reserved 3997696K, committed 239616K, used 122389K [0x000000070c000000, 0x0000000800000000)
  region size 2048K, 5 young (10240K), 5 survivors (10240K)
 Metaspace       used 73099K, committed 74112K, reserved 1114112K
  class space    used 8751K, committed 9216K, reserved 1048576K
}
Event: 11.472 GC heap before
{Heap before GC invocations=29 (full 0):
 garbage-first heap   total reserved 3997696K, committed 239616K, used 210453K [0x000000070c000000, 0x0000000800000000)
  region size 2048K, 48 young (98304K), 5 survivors (10240K)
 Metaspace       used 74795K, committed 75840K, reserved 1179648K
  class space    used 8825K, committed 9344K, reserved 1048576K
}
Event: 11.483 GC heap after
{Heap after GC invocations=30 (full 0):
 garbage-first heap   total reserved 3997696K, committed 239616K, used 135168K [0x000000070c000000, 0x0000000800000000)
  region size 2048K, 6 young (12288K), 6 survivors (12288K)
 Metaspace       used 74795K, committed 75840K, reserved 1179648K
  class space    used 8825K, committed 9344K, reserved 1048576K
}
Event: 12.642 GC heap before
{Heap before GC invocations=31 (full 0):
 garbage-first heap   total reserved 3997696K, committed 239616K, used 212992K [0x000000070c000000, 0x0000000800000000)
  region size 2048K, 44 young (90112K), 6 survivors (12288K)
 Metaspace       used 76336K, committed 77440K, reserved 1179648K
  class space    used 8913K, committed 9408K, reserved 1048576K
}
Event: 12.654 GC heap after
{Heap after GC invocations=32 (full 0):
 garbage-first heap   total reserved 3997696K, committed 239616K, used 148397K [0x000000070c000000, 0x0000000800000000)
  region size 2048K, 6 young (12288K), 6 survivors (12288K)
 Metaspace       used 76336K, committed 77440K, reserved 1179648K
  class space    used 8913K, committed 9408K, reserved 1048576K
}
Event: 13.606 GC heap before
{Heap before GC invocations=32 (full 0):
 garbage-first heap   total reserved 3997696K, committed 239616K, used 211885K [0x000000070c000000, 0x0000000800000000)
  region size 2048K, 37 young (75776K), 6 survivors (12288K)
 Metaspace       used 76847K, committed 77888K, reserved 1179648K
  class space    used 8923K, committed 9408K, reserved 1048576K
}
Event: 13.619 GC heap after
{Heap after GC invocations=33 (full 0):
 garbage-first heap   total reserved 3997696K, committed 239616K, used 152155K [0x000000070c000000, 0x0000000800000000)
  region size 2048K, 3 young (6144K), 3 survivors (6144K)
 Metaspace       used 76847K, committed 77888K, reserved 1179648K
  class space    used 8923K, committed 9408K, reserved 1048576K
}
Event: 13.627 GC heap before
{Heap before GC invocations=33 (full 0):
 garbage-first heap   total reserved 3997696K, committed 239616K, used 156251K [0x000000070c000000, 0x0000000800000000)
  region size 2048K, 6 young (12288K), 3 survivors (6144K)
 Metaspace       used 76858K, committed 77888K, reserved 1179648K
  class space    used 8923K, committed 9408K, reserved 1048576K
}
Event: 13.632 GC heap after
{Heap after GC invocations=34 (full 0):
 garbage-first heap   total reserved 3997696K, committed 344064K, used 150928K [0x000000070c000000, 0x0000000800000000)
  region size 2048K, 4 young (8192K), 4 survivors (8192K)
 Metaspace       used 76858K, committed 77888K, reserved 1179648K
  class space    used 8923K, committed 9408K, reserved 1048576K
}
Event: 13.809 GC heap before
{Heap before GC invocations=34 (full 0):
 garbage-first heap   total reserved 3997696K, committed 344064K, used 279952K [0x000000070c000000, 0x0000000800000000)
  region size 2048K, 65 young (133120K), 4 survivors (8192K)
 Metaspace       used 76879K, committed 77952K, reserved 1179648K
  class space    used 8923K, committed 9408K, reserved 1048576K
}
Event: 13.818 GC heap after
{Heap after GC invocations=35 (full 0):
 garbage-first heap   total reserved 3997696K, committed 344064K, used 166978K [0x000000070c000000, 0x0000000800000000)
  region size 2048K, 9 young (18432K), 9 survivors (18432K)
 Metaspace       used 76879K, committed 77952K, reserved 1179648K
  class space    used 8923K, committed 9408K, reserved 1048576K
}
Event: 14.199 GC heap before
{Heap before GC invocations=35 (full 0):
 garbage-first heap   total reserved 3997696K, committed 344064K, used 283714K [0x000000070c000000, 0x0000000800000000)
  region size 2048K, 66 young (135168K), 9 survivors (18432K)
 Metaspace       used 77568K, committed 78592K, reserved 1179648K
  class space    used 9010K, committed 9472K, reserved 1048576K
}
Event: 14.213 GC heap after
{Heap after GC invocations=36 (full 0):
 garbage-first heap   total reserved 3997696K, committed 344064K, used 182257K [0x000000070c000000, 0x0000000800000000)
  region size 2048K, 9 young (18432K), 9 survivors (18432K)
 Metaspace       used 77568K, committed 78592K, reserved 1179648K
  class space    used 9010K, committed 9472K, reserved 1048576K
}
Event: 14.220 GC heap before
{Heap before GC invocations=36 (full 0):
 garbage-first heap   total reserved 3997696K, committed 344064K, used 184305K [0x000000070c000000, 0x0000000800000000)
  region size 2048K, 11 young (22528K), 9 survivors (18432K)
 Metaspace       used 77577K, committed 78592K, reserved 1179648K
  class space    used 9010K, committed 9472K, reserved 1048576K
}
Event: 14.226 GC heap after
{Heap after GC invocations=37 (full 0):
 garbage-first heap   total reserved 3997696K, committed 344064K, used 183075K [0x000000070c000000, 0x0000000800000000)
  region size 2048K, 1 young (2048K), 1 survivors (2048K)
 Metaspace       used 77577K, committed 78592K, reserved 1179648K
  class space    used 9010K, committed 9472K, reserved 1048576K
}
Event: 14.682 GC heap before
{Heap before GC invocations=38 (full 0):
 garbage-first heap   total reserved 3997696K, committed 344064K, used 301859K [0x000000070c000000, 0x0000000800000000)
  region size 2048K, 56 young (114688K), 1 survivors (2048K)
 Metaspace       used 78009K, committed 79040K, reserved 1179648K
  class space    used 9043K, committed 9536K, reserved 1048576K
}
Event: 14.689 GC heap after
{Heap after GC invocations=39 (full 0):
 garbage-first heap   total reserved 3997696K, committed 344064K, used 197363K [0x000000070c000000, 0x0000000800000000)
  region size 2048K, 7 young (14336K), 7 survivors (14336K)
 Metaspace       used 78009K, committed 79040K, reserved 1179648K
  class space    used 9043K, committed 9536K, reserved 1048576K
}
Event: 14.883 GC heap before
{Heap before GC invocations=39 (full 0):
 garbage-first heap   total reserved 3997696K, committed 344064K, used 301811K [0x000000070c000000, 0x0000000800000000)
  region size 2048K, 58 young (118784K), 7 survivors (14336K)
 Metaspace       used 78053K, committed 79040K, reserved 1179648K
  class space    used 9043K, committed 9536K, reserved 1048576K
}

Dll operation events (8 events):
Event: 0.005 Loaded shared library C:\Program Files\Java\jdk-23\bin\java.dll
Event: 0.049 Loaded shared library C:\Program Files\Java\jdk-23\bin\jsvml.dll
Event: 0.084 Loaded shared library C:\Program Files\Java\jdk-23\bin\net.dll
Event: 0.086 Loaded shared library C:\Program Files\Java\jdk-23\bin\nio.dll
Event: 0.092 Loaded shared library C:\Program Files\Java\jdk-23\bin\zip.dll
Event: 0.186 Loaded shared library C:\Program Files\Java\jdk-23\bin\jimage.dll
Event: 1.250 Loaded shared library C:\Program Files\Java\jdk-23\bin\verify.dll
Event: 3.112 Loaded shared library C:\Users\Haqii\AppData\Local\Temp\sqlite-3.41.2.1-ac20a81b-ad86-4e0f-a606-5239cccb5b5d-sqlitejdbc.dll

Deoptimization events (20 events):
Event: 14.510 Thread 0x000001ea488f4460 Uncommon trap: trap_request=0xffffffc6 fr.pc=0x000001ea623e9df4 relative=0x0000000000004114
Event: 14.510 Thread 0x000001ea488f4460 Uncommon trap: reason=bimorphic_or_optimized_type_check action=maybe_recompile pc=0x000001ea623e9df4 method=org.jetbrains.kotlin.resolve.calls.model.SimpleCandidateFactory.createCandidate(Lorg/jetbrains/kotlin/descriptors/CallableDescriptor;Lorg/jetbrains
Event: 14.510 Thread 0x000001ea488f4460 DEOPT PACKING pc=0x000001ea623e9df4 sp=0x0000004e22df5f50
Event: 14.510 Thread 0x000001ea488f4460 DEOPT UNPACKING pc=0x000001ea61854402 sp=0x0000004e22df5da8 mode 2
Event: 14.546 Thread 0x000001ea488f4460 Uncommon trap: trap_request=0xffffffc6 fr.pc=0x000001ea623e9df4 relative=0x0000000000004114
Event: 14.546 Thread 0x000001ea488f4460 Uncommon trap: reason=bimorphic_or_optimized_type_check action=maybe_recompile pc=0x000001ea623e9df4 method=org.jetbrains.kotlin.resolve.calls.model.SimpleCandidateFactory.createCandidate(Lorg/jetbrains/kotlin/descriptors/CallableDescriptor;Lorg/jetbrains
Event: 14.546 Thread 0x000001ea488f4460 DEOPT PACKING pc=0x000001ea623e9df4 sp=0x0000004e22df5d40
Event: 14.546 Thread 0x000001ea488f4460 DEOPT UNPACKING pc=0x000001ea61854402 sp=0x0000004e22df5b98 mode 2
Event: 14.577 Thread 0x000001ea488f4460 Uncommon trap: trap_request=0xffffffc6 fr.pc=0x000001ea623e9df4 relative=0x0000000000004114
Event: 14.577 Thread 0x000001ea488f4460 Uncommon trap: reason=bimorphic_or_optimized_type_check action=maybe_recompile pc=0x000001ea623e9df4 method=org.jetbrains.kotlin.resolve.calls.model.SimpleCandidateFactory.createCandidate(Lorg/jetbrains/kotlin/descriptors/CallableDescriptor;Lorg/jetbrains
Event: 14.577 Thread 0x000001ea488f4460 DEOPT PACKING pc=0x000001ea623e9df4 sp=0x0000004e22df5d40
Event: 14.577 Thread 0x000001ea488f4460 DEOPT UNPACKING pc=0x000001ea61854402 sp=0x0000004e22df5b98 mode 2
Event: 14.626 Thread 0x000001ea488f4460 Uncommon trap: trap_request=0xffffff45 fr.pc=0x000001ea62327b68 relative=0x00000000000018a8
Event: 14.626 Thread 0x000001ea488f4460 Uncommon trap: reason=unstable_if action=reinterpret pc=0x000001ea62327b68 method=org.jetbrains.kotlin.resolve.lazy.LazyImportScope.getClassifier$lambda$0(Lorg/jetbrains/kotlin/resolve/lazy/LazyImportResolver;Lorg/jetbrains/kotlin/name/Name;Lorg/jetbrains
Event: 14.626 Thread 0x000001ea488f4460 DEOPT PACKING pc=0x000001ea62327b68 sp=0x0000004e22df2cc0
Event: 14.626 Thread 0x000001ea488f4460 DEOPT UNPACKING pc=0x000001ea61854402 sp=0x0000004e22df2c78 mode 2
Event: 14.805 Thread 0x000001ea488f4460 Uncommon trap: trap_request=0xffffffde fr.pc=0x000001ea623f6a7c relative=0x0000000000000d3c
Event: 14.805 Thread 0x000001ea488f4460 Uncommon trap: reason=class_check action=maybe_recompile pc=0x000001ea623f6a7c method=kotlin.collections.CollectionsKt___CollectionsKt.toSet(Ljava/lang/Iterable;)Ljava/util/Set; @ 71 c2
Event: 14.805 Thread 0x000001ea488f4460 DEOPT PACKING pc=0x000001ea623f6a7c sp=0x0000004e22df2090
Event: 14.805 Thread 0x000001ea488f4460 DEOPT UNPACKING pc=0x000001ea61854402 sp=0x0000004e22df2070 mode 2

Classes loaded (20 events):
Event: 9.742 Loading class java/util/stream/SortedOps$RefSortingSink
Event: 9.742 Loading class java/util/stream/SortedOps$AbstractRefSortingSink
Event: 9.742 Loading class java/util/stream/SortedOps$AbstractRefSortingSink done
Event: 9.742 Loading class java/util/stream/SortedOps$RefSortingSink done
Event: 10.165 Loading class java/util/function/IntBinaryOperator
Event: 10.165 Loading class java/util/function/IntBinaryOperator done
Event: 10.251 Loading class java/util/concurrent/CompletableFuture$AsyncRun
Event: 10.251 Loading class java/util/concurrent/CompletableFuture$AsyncRun done
Event: 10.285 Loading class java/util/concurrent/locks/ReentrantReadWriteLock$Sync$HoldCounter
Event: 10.285 Loading class java/util/concurrent/locks/ReentrantReadWriteLock$Sync$HoldCounter done
Event: 10.636 Loading class java/util/concurrent/ConcurrentLinkedQueue$Itr
Event: 10.636 Loading class java/util/concurrent/ConcurrentLinkedQueue$Itr done
Event: 13.854 Loading class java/util/EnumMap$EntrySet
Event: 13.855 Loading class java/util/EnumMap$EntrySet done
Event: 13.855 Loading class java/util/EnumMap$EntryIterator
Event: 13.855 Loading class java/util/EnumMap$EnumMapIterator
Event: 13.855 Loading class java/util/EnumMap$EnumMapIterator done
Event: 13.855 Loading class java/util/EnumMap$EntryIterator done
Event: 13.855 Loading class java/util/EnumMap$EntryIterator$Entry
Event: 13.855 Loading class java/util/EnumMap$EntryIterator$Entry done

Classes unloaded (0 events):
No events

Classes redefined (0 events):
No events

Internal exceptions (20 events):
Event: 9.376 Thread 0x000001ea488f2390 Exception <a 'java/lang/NoSuchMethodError'{0x0000000711fbe8c8}: 'java.lang.Object java.lang.invoke.DirectMethodHandle$Holder.invokeSpecial(java.lang.Object, java.lang.Object, java.lang.Object, int, java.lang.Object)'> (0x0000000711fbe8c8) 
thrown [s\open\src\hotspot\share\interpreter\linkResolver.cpp, line 796]
Event: 9.376 Thread 0x000001ea488f2390 Exception <a 'java/lang/NoSuchMethodError'{0x0000000711fc2af8}: 'java.lang.Object java.lang.invoke.Invokers$Holder.linkToTargetMethod(java.lang.Object, int, java.lang.Object, java.lang.Object)'> (0x0000000711fc2af8) 
thrown [s\open\src\hotspot\share\interpreter\linkResolver.cpp, line 796]
Event: 9.463 Thread 0x000001ea488f2390 Exception <a 'java/lang/NoSuchMethodError'{0x0000000711468ec8}: 'java.lang.Object java.lang.invoke.DirectMethodHandle$Holder.invokeStatic(java.lang.Object, int, java.lang.Object)'> (0x0000000711468ec8) 
thrown [s\open\src\hotspot\share\interpreter\linkResolver.cpp, line 796]
Event: 9.637 Thread 0x000001ea488f2390 Implicit null exception at 0x000001ea62277dc0 to 0x000001ea62277e94
Event: 9.655 Thread 0x000001ea488f2390 Exception <a 'java/lang/IncompatibleClassChangeError'{0x000000071375d7d8}: Found class java.lang.Object, but interface was expected> (0x000000071375d7d8) 
thrown [s\open\src\hotspot\share\interpreter\linkResolver.cpp, line 863]
Event: 9.678 Thread 0x000001ea488f2390 Implicit null exception at 0x000001ea6217eeea to 0x000001ea6217f4c8
Event: 9.740 Thread 0x000001ea488f2390 Exception <a 'java/lang/NoSuchMethodError'{0x00000007132f6450}: 'int java.lang.invoke.DirectMethodHandle$Holder.invokeSpecialIFC(java.lang.Object, java.lang.Object, java.lang.Object, java.lang.Object, java.lang.Object)'> (0x00000007132f6450) 
thrown [s\open\src\hotspot\share\interpreter\linkResolver.cpp, line 796]
Event: 9.866 Thread 0x000001ea488f2390 Implicit null exception at 0x000001ea62277a90 to 0x000001ea62277b24
Event: 9.878 Thread 0x000001ea488f2390 Exception <a 'java/lang/NoSuchMethodError'{0x00000007126c8eb8}: 'java.lang.Object java.lang.invoke.DirectMethodHandle$Holder.invokeStatic(java.lang.Object, int, java.lang.Object, java.lang.Object)'> (0x00000007126c8eb8) 
thrown [s\open\src\hotspot\share\interpreter\linkResolver.cpp, line 796]
Event: 9.878 Thread 0x000001ea488f2390 Exception <a 'java/lang/NoSuchMethodError'{0x00000007126d0e20}: 'java.lang.Object java.lang.invoke.DirectMethodHandle$Holder.newInvokeSpecial(java.lang.Object, int, java.lang.Object)'> (0x00000007126d0e20) 
thrown [s\open\src\hotspot\share\interpreter\linkResolver.cpp, line 796]
Event: 10.166 Thread 0x000001ea488f2390 Exception <a 'java/lang/NoSuchMethodError'{0x000000071b3909e0}: 'int java.lang.invoke.DirectMethodHandle$Holder.invokeStatic(java.lang.Object, java.lang.Object, int, java.lang.Object)'> (0x000000071b3909e0) 
thrown [s\open\src\hotspot\share\interpreter\linkResolver.cpp, line 796]
Event: 10.173 Thread 0x000001ea488f2390 Exception <a 'java/lang/IncompatibleClassChangeError'{0x0000000719819ea8}: Found class java.lang.Object, but interface was expected> (0x0000000719819ea8) 
thrown [s\open\src\hotspot\share\interpreter\linkResolver.cpp, line 863]
Event: 10.173 Thread 0x000001ea488f2390 Exception <a 'java/lang/NoSuchMethodError'{0x000000071981cdb8}: 'int java.lang.invoke.DirectMethodHandle$Holder.invokeSpecialIFC(java.lang.Object, java.lang.Object, java.lang.Object)'> (0x000000071981cdb8) 
thrown [s\open\src\hotspot\share\interpreter\linkResolver.cpp, line 796]
Event: 10.285 Thread 0x000001ea488f4460 Implicit null exception at 0x000001ea61f8f773 to 0x000001ea61f91024
Event: 10.610 Thread 0x000001ea4a46df30 Exception <a 'java/lang/NoSuchMethodError'{0x00000007162d42a8}: 'java.lang.Object java.lang.invoke.DirectMethodHandle$Holder.invokeStatic(java.lang.Object, java.lang.Object, java.lang.Object, java.lang.Object, long, java.lang.Object)'> (0x00000007162d42a8) 
thrown [s\open\src\hotspot\share\interpreter\linkResolver.cpp, line 796]
Event: 10.610 Thread 0x000001ea4a46df30 Exception <a 'java/lang/NoSuchMethodError'{0x00000007162db6c8}: 'java.lang.Object java.lang.invoke.DirectMethodHandle$Holder.newInvokeSpecial(java.lang.Object, java.lang.Object, java.lang.Object, java.lang.Object, long)'> (0x00000007162db6c8) 
thrown [s\open\src\hotspot\share\interpreter\linkResolver.cpp, line 796]
Event: 10.611 Thread 0x000001ea4a46df30 Exception <a 'java/lang/NoSuchMethodError'{0x00000007162df400}: 'java.lang.Object java.lang.invoke.DirectMethodHandle$Holder.invokeSpecial(java.lang.Object, java.lang.Object, java.lang.Object, java.lang.Object, java.lang.Object, long)'> (0x00000007162df400) 
thrown [s\open\src\hotspot\share\interpreter\linkResolver.cpp, line 796]
Event: 10.611 Thread 0x000001ea4a46df30 Exception <a 'java/lang/NoSuchMethodError'{0x00000007162e2bd8}: 'java.lang.Object java.lang.invoke.Invokers$Holder.linkToTargetMethod(java.lang.Object, java.lang.Object, java.lang.Object, long, java.lang.Object)'> (0x00000007162e2bd8) 
thrown [s\open\src\hotspot\share\interpreter\linkResolver.cpp, line 796]
Event: 14.020 Thread 0x000001ea488f4460 Implicit null exception at 0x000001ea623c9aa7 to 0x000001ea623c9dc0
Event: 14.119 Thread 0x000001ea488f4460 Exception <a 'java/lang/NoSuchMethodError'{0x000000071bc44280}: 'java.lang.Object java.lang.invoke.DirectMethodHandle$Holder.invokeStatic(java.lang.Object, int, int, java.lang.Object)'> (0x000000071bc44280) 
thrown [s\open\src\hotspot\share\interpreter\linkResolver.cpp, line 796]

VM Operations (20 events):
Event: 14.032 Executing VM operation: HandshakeAllThreads (Deoptimize) done
Event: 14.069 Executing VM operation: HandshakeAllThreads (Deoptimize)
Event: 14.069 Executing VM operation: HandshakeAllThreads (Deoptimize) done
Event: 14.199 Executing VM operation: G1CollectForAllocation (G1 Evacuation Pause)
Event: 14.213 Executing VM operation: G1CollectForAllocation (G1 Evacuation Pause) done
Event: 14.220 Executing VM operation: G1TryInitiateConcMark (G1 Humongous Allocation)
Event: 14.226 Executing VM operation: G1TryInitiateConcMark (G1 Humongous Allocation) done
Event: 14.255 Executing VM operation: HandshakeAllThreads (Deoptimize)
Event: 14.255 Executing VM operation: HandshakeAllThreads (Deoptimize) done
Event: 14.362 Executing VM operation: G1PauseRemark
Event: 14.369 Executing VM operation: G1PauseRemark done
Event: 14.464 Executing VM operation: HandshakeAllThreads (Deoptimize)
Event: 14.464 Executing VM operation: HandshakeAllThreads (Deoptimize) done
Event: 14.467 Executing VM operation: HandshakeAllThreads (Deoptimize)
Event: 14.468 Executing VM operation: HandshakeAllThreads (Deoptimize) done
Event: 14.481 Executing VM operation: G1PauseCleanup
Event: 14.481 Executing VM operation: G1PauseCleanup done
Event: 14.682 Executing VM operation: G1CollectForAllocation (G1 Evacuation Pause)
Event: 14.689 Executing VM operation: G1CollectForAllocation (G1 Evacuation Pause) done
Event: 14.883 Executing VM operation: G1CollectForAllocation (G1 Evacuation Pause)

Memory protections (0 events):
No events

Nmethod flushes (20 events):
Event: 14.367 Thread 0x000001ea717ecbf0 flushing  nmethod 0x000001ea5aa7fe08
Event: 14.367 Thread 0x000001ea717ecbf0 flushing  nmethod 0x000001ea5ab56308
Event: 14.367 Thread 0x000001ea717ecbf0 flushing  nmethod 0x000001ea5ac81b88
Event: 14.367 Thread 0x000001ea717ecbf0 flushing  nmethod 0x000001ea5ac83188
Event: 14.367 Thread 0x000001ea717ecbf0 flushing  nmethod 0x000001ea5ac84208
Event: 14.367 Thread 0x000001ea717ecbf0 flushing  nmethod 0x000001ea5acdee08
Event: 14.367 Thread 0x000001ea717ecbf0 flushing  nmethod 0x000001ea5ace0408
Event: 14.367 Thread 0x000001ea717ecbf0 flushing  nmethod 0x000001ea5ad68888
Event: 14.367 Thread 0x000001ea717ecbf0 flushing  nmethod 0x000001ea5ad6a808
Event: 14.367 Thread 0x000001ea717ecbf0 flushing  nmethod 0x000001ea5ad71988
Event: 14.367 Thread 0x000001ea717ecbf0 flushing  nmethod 0x000001ea5ae24788
Event: 14.367 Thread 0x000001ea717ecbf0 flushing  nmethod 0x000001ea5ae25208
Event: 14.367 Thread 0x000001ea717ecbf0 flushing  nmethod 0x000001ea5ae25608
Event: 14.367 Thread 0x000001ea717ecbf0 flushing  nmethod 0x000001ea5af0e408
Event: 14.367 Thread 0x000001ea717ecbf0 flushing  nmethod 0x000001ea5b136688
Event: 14.367 Thread 0x000001ea717ecbf0 flushing  nmethod 0x000001ea5b139488
Event: 14.367 Thread 0x000001ea717ecbf0 flushing  nmethod 0x000001ea5b1e6b88
Event: 14.367 Thread 0x000001ea717ecbf0 flushing  nmethod 0x000001ea5b1e6e88
Event: 14.367 Thread 0x000001ea717ecbf0 flushing  nmethod 0x000001ea5b1e7388
Event: 14.367 Thread 0x000001ea717ecbf0 flushing  nmethod 0x000001ea5b1e7b08

Events (20 events):
Event: 0.081 Thread 0x000001ea4f9ea1a0 Thread added: 0x000001ea451659f0
Event: 0.134 Thread 0x000001ea7181ab40 Thread added: 0x000001ea4525ce40
Event: 0.134 Thread 0x000001ea7181ab40 Thread added: 0x000001ea4525d910
Event: 0.303 Thread 0x000001ea7183b600 Thread added: 0x000001ea4578dba0
Event: 0.303 Thread 0x000001ea7183b600 Thread added: 0x000001ea4578e260
Event: 0.870 Thread 0x000001ea4525ce40 Thread exited: 0x000001ea4525ce40
Event: 0.870 Thread 0x000001ea4525d910 Thread exited: 0x000001ea4525d910
Event: 1.269 Thread 0x000001ea4578e260 Thread added: 0x000001ea4670f240
Event: 2.430 Thread 0x000001ea4f9ea1a0 Thread added: 0x000001ea47726a10
Event: 2.431 Thread 0x000001ea47726a10 Thread exited: 0x000001ea47726a10
Event: 2.813 Thread 0x000001ea4f9ea1a0 Thread added: 0x000001ea490af0b0
Event: 2.814 Thread 0x000001ea4f9ea1a0 Thread exited: 0x000001ea4f9ea1a0
Event: 2.814 Thread 0x000001ea4f9ea1a0 Thread added: 0x000001ea4f9ea1a0
Event: 2.926 Thread 0x000001ea490af0b0 Thread added: 0x000001ea46f79030
Event: 4.634 Thread 0x000001ea4670f240 Thread exited: 0x000001ea4670f240
Event: 4.679 Thread 0x000001ea46f79030 Thread added: 0x000001ea488f1d00
Event: 5.104 Thread 0x000001ea46f79030 Thread added: 0x000001ea488f4460
Event: 5.186 Thread 0x000001ea490af0b0 Thread added: 0x000001ea488f2390
Event: 5.356 Thread 0x000001ea4578e260 Thread added: 0x000001ea458eafb0
Event: 10.251 Thread 0x000001ea488f2390 Thread added: 0x000001ea4a46df30


Dynamic libraries:
0x00007ff649290000 - 0x00007ff6492a0000 	C:\Program Files\Java\jdk-23\bin\java.exe
0x00007ffd85a70000 - 0x00007ffd85c68000 	C:\Windows\SYSTEM32\ntdll.dll
0x00007ffd83c30000 - 0x00007ffd83cf2000 	C:\Windows\System32\KERNEL32.DLL
0x00007ffd83450000 - 0x00007ffd83747000 	C:\Windows\System32\KERNELBASE.dll
0x00007ffd83100000 - 0x00007ffd83200000 	C:\Windows\System32\ucrtbase.dll
0x00007ffd7c240000 - 0x00007ffd7c257000 	C:\Program Files\Java\jdk-23\bin\jli.dll
0x00007ffd712c0000 - 0x00007ffd712db000 	C:\Program Files\Java\jdk-23\bin\VCRUNTIME140.dll
0x00007ffd83a90000 - 0x00007ffd83c2d000 	C:\Windows\System32\USER32.dll
0x00007ffd83750000 - 0x00007ffd83772000 	C:\Windows\System32\win32u.dll
0x00007ffd70bf0000 - 0x00007ffd70e8a000 	C:\Windows\WinSxS\amd64_microsoft.windows.common-controls_6595b64144ccf1df_6.0.19041.5915_none_60b4b9d171f9c7c7\COMCTL32.dll
0x00007ffd84bc0000 - 0x00007ffd84beb000 	C:\Windows\System32\GDI32.dll
0x00007ffd84b20000 - 0x00007ffd84bbe000 	C:\Windows\System32\msvcrt.dll
0x00007ffd83200000 - 0x00007ffd83319000 	C:\Windows\System32\gdi32full.dll
0x00007ffd839f0000 - 0x00007ffd83a8d000 	C:\Windows\System32\msvcp_win.dll
0x00007ffd83ed0000 - 0x00007ffd83eff000 	C:\Windows\System32\IMM32.DLL
0x00007ffd7d530000 - 0x00007ffd7d53c000 	C:\Program Files\Java\jdk-23\bin\vcruntime140_1.dll
0x00007ffd627f0000 - 0x00007ffd6287e000 	C:\Program Files\Java\jdk-23\bin\msvcp140.dll
0x00007ffcfa970000 - 0x00007ffcfb6bf000 	C:\Program Files\Java\jdk-23\bin\server\jvm.dll
0x00007ffd84880000 - 0x00007ffd84931000 	C:\Windows\System32\ADVAPI32.dll
0x00007ffd84f20000 - 0x00007ffd84fbf000 	C:\Windows\System32\sechost.dll
0x00007ffd85900000 - 0x00007ffd85a26000 	C:\Windows\System32\RPCRT4.dll
0x00007ffd83780000 - 0x00007ffd837a7000 	C:\Windows\System32\bcrypt.dll
0x00007ffd84aa0000 - 0x00007ffd84b0b000 	C:\Windows\System32\WS2_32.dll
0x00007ffd82f60000 - 0x00007ffd82fab000 	C:\Windows\SYSTEM32\POWRPROF.dll
0x00007ffd72550000 - 0x00007ffd72577000 	C:\Windows\SYSTEM32\WINMM.dll
0x00007ffd79bd0000 - 0x00007ffd79bda000 	C:\Windows\SYSTEM32\VERSION.dll
0x00007ffd82f40000 - 0x00007ffd82f52000 	C:\Windows\SYSTEM32\UMPDC.dll
0x00007ffd81920000 - 0x00007ffd81932000 	C:\Windows\SYSTEM32\kernel.appcore.dll
0x00007ffd712b0000 - 0x00007ffd712ba000 	C:\Program Files\Java\jdk-23\bin\jimage.dll
0x00007ffd80930000 - 0x00007ffd80b31000 	C:\Windows\SYSTEM32\DBGHELP.DLL
0x00007ffd6a040000 - 0x00007ffd6a074000 	C:\Windows\SYSTEM32\dbgcore.DLL
0x00007ffd837b0000 - 0x00007ffd83832000 	C:\Windows\System32\bcryptPrimitives.dll
0x00007ffd71290000 - 0x00007ffd712ae000 	C:\Program Files\Java\jdk-23\bin\java.dll
0x00007ffd84c50000 - 0x00007ffd84d7b000 	C:\Windows\System32\ole32.dll
0x00007ffd83f00000 - 0x00007ffd84253000 	C:\Windows\System32\combase.dll
0x00007ffd85080000 - 0x00007ffd857ee000 	C:\Windows\System32\SHELL32.dll
0x00007ffd80b40000 - 0x00007ffd812e4000 	C:\Windows\SYSTEM32\windows.storage.dll
0x00007ffd82a60000 - 0x00007ffd82a8b000 	C:\Windows\SYSTEM32\Wldp.dll
0x00007ffd84e50000 - 0x00007ffd84f1d000 	C:\Windows\System32\OLEAUT32.dll
0x00007ffd83d00000 - 0x00007ffd83dad000 	C:\Windows\System32\SHCORE.dll
0x00007ffd85020000 - 0x00007ffd8507b000 	C:\Windows\System32\shlwapi.dll
0x00007ffd83030000 - 0x00007ffd83054000 	C:\Windows\SYSTEM32\profapi.dll
0x00007ffd625d0000 - 0x00007ffd626a7000 	C:\Program Files\Java\jdk-23\bin\jsvml.dll
0x00007ffd71280000 - 0x00007ffd71290000 	C:\Program Files\Java\jdk-23\bin\net.dll
0x00007ffd827c0000 - 0x00007ffd8282a000 	C:\Windows\system32\mswsock.dll
0x00007ffd627d0000 - 0x00007ffd627e6000 	C:\Program Files\Java\jdk-23\bin\nio.dll
0x00007ffd627b0000 - 0x00007ffd627c7000 	C:\Program Files\Java\jdk-23\bin\zip.dll
0x00007ffd829b0000 - 0x00007ffd829c8000 	C:\Windows\SYSTEM32\CRYPTSP.dll
0x00007ffd820e0000 - 0x00007ffd82118000 	C:\Windows\system32\rsaenh.dll
0x00007ffd82ff0000 - 0x00007ffd8301e000 	C:\Windows\SYSTEM32\USERENV.dll
0x00007ffd829d0000 - 0x00007ffd829dc000 	C:\Windows\SYSTEM32\CRYPTBASE.dll
0x00007ffd824a0000 - 0x00007ffd824db000 	C:\Windows\SYSTEM32\IPHLPAPI.DLL
0x00007ffd84d80000 - 0x00007ffd84d88000 	C:\Windows\System32\NSI.dll
0x00007ffd62790000 - 0x00007ffd627a0000 	C:\Program Files\Java\jdk-23\bin\verify.dll
0x00007ffd48070000 - 0x00007ffd48159000 	C:\Users\Haqii\AppData\Local\Temp\sqlite-3.41.2.1-ac20a81b-ad86-4e0f-a606-5239cccb5b5d-sqlitejdbc.dll

dbghelp: loaded successfully - version: 4.0.5 - missing functions: none
symbol engine: initialized successfully - sym options: 0x614 - pdb path: .;C:\Program Files\Java\jdk-23\bin;C:\Windows\SYSTEM32;C:\Windows\WinSxS\amd64_microsoft.windows.common-controls_6595b64144ccf1df_6.0.19041.5915_none_60b4b9d171f9c7c7;C:\Program Files\Java\jdk-23\bin\server;C:\Users\Haqii\AppData\Local\Temp

VM Arguments:
jvm_args: -DkotlinLanguageServer.version=1.3.13 
java_command: org.javacs.kt.MainKt
java_class_path (initial): c:\Users\Haqii\AppData\Roaming\Code\User\globalStorage\fwcd.kotlin\langServerInstall\server\lib\server-1.3.13.jar;c:\Users\Haqii\AppData\Roaming\Code\User\globalStorage\fwcd.kotlin\langServerInstall\server\lib\shared-1.3.13.jar;c:\Users\Haqii\AppData\Roaming\Code\User\globalStorage\fwcd.kotlin\langServerInstall\server\lib\kotlin-scripting-jvm-host-unshaded-2.1.0.jar;c:\Users\Haqii\AppData\Roaming\Code\User\globalStorage\fwcd.kotlin\langServerInstall\server\lib\kotlin-scripting-compiler-2.1.0.jar;c:\Users\Haqii\AppData\Roaming\Code\User\globalStorage\fwcd.kotlin\langServerInstall\server\lib\ktfmt-b5d31d1.jar;c:\Users\Haqii\AppData\Roaming\Code\User\globalStorage\fwcd.kotlin\langServerInstall\server\lib\kotlin-compiler-2.1.0.jar;c:\Users\Haqii\AppData\Roaming\Code\User\globalStorage\fwcd.kotlin\langServerInstall\server\lib\exposed-dao-0.37.3.jar;c:\Users\Haqii\AppData\Roaming\Code\User\globalStorage\fwcd.kotlin\langServerInstall\server\lib\exposed-jdbc-0.37.3.jar;c:\Users\Haqii\AppData\Roaming\Code\User\globalStorage\fwcd.kotlin\langServerInstall\server\lib\exposed-core-0.37.3.jar;c:\Users\Haqii\AppData\Roaming\Code\User\globalStorage\fwcd.kotlin\langServerInstall\server\lib\kotlin-scripting-compiler-impl-2.1.0.jar;c:\Users\Haqii\AppData\Roaming\Code\User\globalStorage\fwcd.kotlin\langServerInstall\server\lib\kotlin-reflect-2.1.0.jar;c:\Users\Haqii\AppData\Roaming\Code\User\globalStorage\fwcd.kotlin\langServerInstall\server\lib\kotlin-scripting-jvm-2.1.0.jar;c:\Users\Haqii\AppData\Roaming\Code\User\globalStorage\fwcd.kotlin\langServerInstall\server\lib\kotlin-scripting-common-2.1.0.jar;c:\Users\Haqii\AppData\Roaming\Code\User\globalStorage\fwcd.kotlin\langServerInstall\server\lib\kotlinx-coroutines-core-jvm-1.6.4.jar;c:\Users\Haqii\AppData\Roaming\Code\User\globalStorage\fwcd.kotlin\langServerInstall\server\lib\kotlin-stdlib-jdk8-2.1.0.jar;c:\Users\Haqii\AppData\Roaming\Code\User\globalStorage\fwcd.kotlin\langServerInstall\server\lib\kotlin-stdlib-jdk7-2.1.0.jar;c:\Users\Haqii\AppData\Roaming\Code\User\globalStorage\fwcd.kotlin\langServerInstall\server\lib\kotlin-stdlib-2.1.0.jar;c:\Users\Haqii\AppData\Roaming\Code\User\globalStorage\fwcd.kotlin\langServerInstall\server\lib\org.eclipse.lsp4j-0.21.2.jar;c:\Users\Haqii\AppData\Roaming\Code\User\globalStorage\fwcd.kotlin\langServerInstall\server\lib\org.eclipse.lsp4j.jsonrpc-0.21.2.jar;c:\Users\Haqii\AppData\Roaming\Code\User\globalStorage\fwcd.kotlin\langServerInstall\server\lib\kotlin-sam-with-receiver-compiler-plugin-2.1.0.jar;c:\Users\Haqii\AppData\Roaming\Code\User\globalStorage\fwcd.kotlin\langServerInstall\server\lib\fernflower-1.0.jar;c:\Users\Haqii\AppData\Roaming\Code\User\globalStorage\fwcd.kotlin\langServerInstall\server\lib\h2-1.4.200.jar;c:\Users\Haqii\AppData\Roaming\Code\User\globalStorage\fwcd.kotlin\langServerInstall\server\lib\jcommander-1.78.jar;c:\Users\Haqii\AppData\Roaming\Code\User\globalStorage\fwcd.kotlin\langServerInstall\server\lib\sqlite-jdbc-3.41.2.1.jar;c:\Users\Haqii\AppData\Roaming\Code\User\globalStorage\fwcd.kotlin\langServerInstall\server\lib\google-java-format-1.8.jar;c:\Users\Haqii\AppData\Roaming\Code\User\globalStorage\fwcd.kotlin\langServerInstall\server\lib\guava-33.3.0-jre.jar;c:\Users\Haqii\AppData\Roaming\Code\User\globalStorage\fwcd.kotlin\langServerInstall\server\lib\annotations-13.0.jar;c:\Users\Haqii\AppData\Roaming\Code\User\globalStorage\fwcd.kotlin\langServerInstall\server\lib\gson-2.10.1.jar;c:\Users\Haqii\AppData\Roaming\Code\User\globalStorage\fwcd.kotlin\langServerInstall\server\lib\kotlin-script-runtime-2.1.0.jar;c:\Users\Haqii\AppData\Roaming\Code\User\globalStorage\fwcd.kotlin\langServerInstall\server\lib\trove4j-1.0.20200330.jar;c:\Users\Haqii\AppData\Roaming\Code\User\globalStorage\fwcd.kotlin\langServerInstall\server\lib\jline-3.24.1.jar;c:\Users\Haqii\AppData\Roaming\Code\User\globalStorage\fwcd.kotlin\langServerInstall\server\lib\slf4j-api-1.7.25.jar;c:\Users\Haqii\AppData\Roaming\Code\User\globalStorage\fwcd.kotlin\langServerInstall\server\lib\jna-4.2.2.jar;c:\Users\Haqii\AppData\Roaming\Code\User\globalStorage\fwcd.kotlin\langServerInstall\server\lib\failureaccess-1.0.2.jar;c:\Users\Haqii\AppData\Roaming\Code\User\globalStorage\fwcd.kotlin\langServerInstall\server\lib\listenablefuture-9999.0-empty-to-avoid-conflict-with-guava.jar;c:\Users\Haqii\AppData\Roaming\Code\User\globalStorage\fwcd.kotlin\langServerInstall\server\lib\jsr305-3.0.2.jar;c:\Users\Haqii\AppData\Roaming\Code\User\globalStorage\fwcd.kotlin\langServerInstall\server\lib\checker-qual-3.43.0.jar;c:\Users\Haqii\AppData\Roaming\Code\User\globalStorage\fwcd.kotlin\langServerInstall\server\lib\error_prone_annotations-2.28.0.jar
Launcher Type: SUN_STANDARD

[Global flags]
     intx CICompilerCount                          = 12                                        {product} {ergonomic}
     uint ConcGCThreads                            = 3                                         {product} {ergonomic}
     uint G1ConcRefinementThreads                  = 13                                        {product} {ergonomic}
   size_t G1HeapRegionSize                         = 2097152                                   {product} {ergonomic}
   size_t InitialHeapSize                          = 255852544                                 {product} {ergonomic}
   size_t MarkStackSize                            = 4194304                                   {product} {ergonomic}
   size_t MarkStackSizeMax                         = 536870912                                 {product} {ergonomic}
   size_t MaxHeapSize                              = 4093640704                                {product} {ergonomic}
   size_t MaxNewSize                               = 2455764992                                {product} {ergonomic}
   size_t MinHeapDeltaBytes                        = 2097152                                   {product} {ergonomic}
   size_t MinHeapSize                              = 8388608                                   {product} {ergonomic}
    uintx NonNMethodCodeHeapSize                   = 7602176                                {pd product} {ergonomic}
    uintx NonProfiledCodeHeapSize                  = 122093568                              {pd product} {ergonomic}
    uintx ProfiledCodeHeapSize                     = 121962496                              {pd product} {ergonomic}
    uintx ReservedCodeCacheSize                    = 251658240                              {pd product} {ergonomic}
     bool SegmentedCodeCache                       = true                                      {product} {ergonomic}
   size_t SoftMaxHeapSize                          = 4093640704                             {manageable} {ergonomic}
     bool UseCompressedOops                        = true                           {product lp64_product} {ergonomic}
     bool UseG1GC                                  = true                                      {product} {ergonomic}
     bool UseLargePagesIndividualAllocation        = false                                  {pd product} {ergonomic}

Logging:
Log output configuration:
 #0: stdout all=warning uptime,level,tags foldmultilines=false
 #1: stderr all=off uptime,level,tags foldmultilines=false

Environment Variables:
CLASSPATH=c:\Users\Haqii\AppData\Roaming\Code\User\globalStorage\fwcd.kotlin\langServerInstall\server\lib\server-1.3.13.jar;c:\Users\Haqii\AppData\Roaming\Code\User\globalStorage\fwcd.kotlin\langServerInstall\server\lib\shared-1.3.13.jar;c:\Users\Haqii\AppData\Roaming\Code\User\globalStorage\fwcd.kotlin\langServerInstall\server\lib\kotlin-scripting-jvm-host-unshaded-2.1.0.jar;c:\Users\Haqii\AppData\Roaming\Code\User\globalStorage\fwcd.kotlin\langServerInstall\server\lib\kotlin-scripting-compiler-2.1.0.jar;c:\Users\Haqii\AppData\Roaming\Code\User\globalStorage\fwcd.kotlin\langServerInstall\server\lib\ktfmt-b5d31d1.jar;c:\Users\Haqii\AppData\Roaming\Code\User\globalStorage\fwcd.kotlin\langServerInstall\server\lib\kotlin-compiler-2.1.0.jar;c:\Users\Haqii\AppData\Roaming\Code\User\globalStorage\fwcd.kotlin\langServerInstall\server\lib\exposed-dao-0.37.3.jar;c:\Users\Haqii\AppData\Roaming\Code\User\globalStorage\fwcd.kotlin\langServerInstall\server\lib\exposed-jdbc-0.37.3.jar;c:\Users\Haqii\AppData\Roaming\Code\User\globalStorage\fwcd.kotlin\langServerInstall\server\lib\exposed-core-0.37.3.jar;c:\Users\Haqii\AppData\Roaming\Code\User\globalStorage\fwcd.kotlin\langServerInstall\server\lib\kotlin-scripting-compiler-impl-2.1.0.jar;c:\Users\Haqii\AppData\Roaming\Code\User\globalStorage\fwcd.kotlin\langServerInstall\server\lib\kotlin-reflect-2.1.0.jar;c:\Users\Haqii\AppData\Roaming\Code\User\globalStorage\fwcd.kotlin\langServerInstall\server\lib\kotlin-scripting-jvm-2.1.0.jar;c:\Users\Haqii\AppData\Roaming\Code\User\globalStorage\fwcd.kotlin\langServerInstall\server\lib\kotlin-scripting-common-2.1.0.jar;c:\Users\Haqii\AppData\Roaming\Code\User\globalStorage\fwcd.kotlin\langServerInstall\server\lib\kotlinx-coroutines-core-jvm-1.6.4.jar;c:\Users\Haqii\AppData\Roaming\Code\User\globalStorage\fwcd.kotlin\langServerInstall\server\lib\kotlin-stdlib-jdk8-2.1.0.jar;c:\Users\Haqii\AppData\Roaming\Code\User\globalStorage\fwcd.kotlin\langServerInstall\server\lib\kotlin-stdlib-jdk7-2.1.0.jar;c:\Users\Haqii\AppData\Roaming\Code\User\globalStorage\fwcd.kotlin\langServerInstall\server\lib\kotlin-stdlib-2.1.0.jar;c:\Users\Haqii\AppData\Roaming\Code\User\globalStorage\fwcd.kotlin\langServerInstall\server\lib\org.eclipse.lsp4j-0.21.2.jar;c:\Users\Haqii\AppData\Roaming\Code\User\globalStorage\fwcd.kotlin\langServerInstall\server\lib\org.eclipse.lsp4j.jsonrpc-0.21.2.jar;c:\Users\Haqii\AppData\Roaming\Code\User\globalStorage\fwcd.kotlin\langServerInstall\server\lib\kotlin-sam-with-receiver-compiler-plugin-2.1.0.jar;c:\Users\Haqii\AppData\Roaming\Code\User\globalStorage\fwcd.kotlin\langServerInstall\server\lib\fernflower-1.0.jar;c:\Users\Haqii\AppData\Roaming\Code\User\globalStorage\fwcd.kotlin\langServerInstall\server\lib\h2-1.4.200.jar;c:\Users\Haqii\AppData\Roaming\Code\User\globalStorage\fwcd.kotlin\langServerInstall\server\lib\jcommander-1.78.jar;c:\Users\Haqii\AppData\Roaming\Code\User\globalStorage\fwcd.kotlin\langServerInstall\server\lib\sqlite-jdbc-3.41.2.1.jar;c:\Users\Haqii\AppData\Roaming\Code\User\globalStorage\fwcd.kotlin\langServerInstall\server\lib\google-java-format-1.8.jar;c:\Users\Haqii\AppData\Roaming\Code\User\globalStorage\fwcd.kotlin\langServerInstall\server\lib\guava-33.3.0-jre.jar;c:\Users\Haqii\AppData\Roaming\Code\User\globalStorage\fwcd.kotlin\langServerInstall\server\lib\annotations-13.0.jar;c:\Users\Haqii\AppData\Roaming\Code\User\globalStorage\fwcd.kotlin\langServerInstall\server\lib\gson-2.10.1.jar;c:\Users\Haqii\AppData\Roaming\Code\User\globalStorage\fwcd.kotlin\langServerInstall\server\lib\kotlin-script-runtime-2.1.0.jar;c:\Users\Haqii\AppData\Roaming\Code\User\globalStorage\fwcd.kotlin\langServerInstall\server\lib\trove4j-1.0.20200330.jar;c:\Users\Haqii\AppData\Roaming\Code\User\globalStorage\fwcd.kotlin\langServerInstall\server\lib\jline-3.24.1.jar;c:\Users\Haqii\AppData\Roaming\Code\User\globalStorage\fwcd.kotlin\langServerInstall\server\lib\slf4j-api-1.7.25.jar;c:\Users\Haqii\AppData\Roaming\Code\User\globalStorage\fwcd.kotlin\langServerInstall\server\lib\jna-4.2.2.jar;c:\Users\Haqii\AppData\Roaming\Code\User\globalStorage\fwcd.kotlin\langServerInstall\server\lib\failureaccess-1.0.2.jar;c:\Users\Haqii\AppData\Roaming\Code\User\globalStorage\fwcd.kotlin\langServerInstall\server\lib\listenablefuture-9999.0-empty-to-avoid-conflict-with-guava.jar;c:\Users\Haqii\AppData\Roaming\Code\User\globalStorage\fwcd.kotlin\langServerInstall\server\lib\jsr305-3.0.2.jar;c:\Users\Haqii\AppData\Roaming\Code\User\globalStorage\fwcd.kotlin\langServerInstall\server\lib\checker-qual-3.43.0.jar;c:\Users\Haqii\AppData\Roaming\Code\User\globalStorage\fwcd.kotlin\langServerInstall\server\lib\error_prone_annotations-2.28.0.jar
PATH=C:\Program Files\Common Files\Oracle\Java\javapath;C:\Program Files (x86)\Common Files\Oracle\Java\java8path;C:\Program Files (x86)\Common Files\Oracle\Java\javapath;C:\Windows\system32;C:\Windows;C:\Windows\System32\Wbem;C:\Windows\System32\WindowsPowerShell\v1.0\;C:\Windows\System32\OpenSSH\;C:\xampp\php;C:\ProgramData\ComposerSetup\bin;C:\Program Files\Git\cmd;C:\Program Files\dotnet\;C:\ProgramData\chocolatey\bin;C:\Program Files\Neovim\bin;C:\Program Files\nodejs\;C:\Program Files\Common Files\Oracle\Java\javapath;C:\Windows\system32;C:\Windows;C:\Windows\System32\Wbem;C:\Windows\System32\WindowsPowerShell\v1.0\;C:\Windows\System32\OpenSSH\;C:\xampp\php;C:\ProgramData\ComposerSetup\bin;C:\Program Files\nodejs\;C:\Program Files\Git\cmd;C:\Program Files\dotnet\;C:\ProgramData\chocolatey\bin;c:\Users\Haqii\AppData\Local\Programs\cursor\resources\app\codeBin;C:\Users\Haqii\AppData\Local\Programs\Python\Launcher\;c:\Users\Haqii\AppData\Local\Programs\Trae\bin;C:\Users\Haqii\AppData\Local\Microsoft\WindowsApps;C:\Users\Haqii\AppData\Local\Programs\Microsoft VS Code\bin;C:\Users\Haqii\AppData\Roaming\Composer\vendor\bin;C:\msys64\ucrt64\bin;C:\Users\Haqii\AppData\Local\spicetify;C:\xampp\php;C:\Users\Haqii\.deno\bin;C:\Android\cmdline-tools\latest\bin;C:\Android\platform-tools;C:\Android\emulator;C:\Users\Haqii\AppData\Roaming\npm
USERNAME=Haqii
OS=Windows_NT
PROCESSOR_IDENTIFIER=AMD64 Family 25 Model 68 Stepping 1, AuthenticAMD
TMP=C:\Users\Haqii\AppData\Local\Temp
TEMP=C:\Users\Haqii\AppData\Local\Temp




Periodic native trim disabled

---------------  S Y S T E M  ---------------

OS:
 Windows 10 , 64 bit Build 19041 (10.0.19041.5915)
OS uptime: 0 days 5:49 hours

CPU: total 16 (initial active 16) (16 cores per cpu, 2 threads per core) family 25 model 68 stepping 1 microcode 0x0, cx8, cmov, fxsr, ht, mmx, 3dnowpref, sse, sse2, sse3, ssse3, sse4a, sse4.1, sse4.2, popcnt, lzcnt, tsc, tscinvbit, avx, avx2, aes, erms, clmul, bmi1, bmi2, adx, sha, fma, vzeroupper, clflush, clflushopt, rdtscp, rdpid, fsrm, f16c, pku, cet_ss
Processor Information for processor 0
  Max Mhz: 3201, Current Mhz: 2560, Mhz Limit: 3201
Processor Information for processor 1
  Max Mhz: 3201, Current Mhz: 2560, Mhz Limit: 3201
Processor Information for processor 2
  Max Mhz: 3201, Current Mhz: 3201, Mhz Limit: 3201
Processor Information for processor 3
  Max Mhz: 3201, Current Mhz: 2560, Mhz Limit: 3201
Processor Information for processor 4
  Max Mhz: 3201, Current Mhz: 2560, Mhz Limit: 3201
Processor Information for processor 5
  Max Mhz: 3201, Current Mhz: 2560, Mhz Limit: 3201
Processor Information for processor 6
  Max Mhz: 3201, Current Mhz: 2560, Mhz Limit: 3201
Processor Information for processor 7
  Max Mhz: 3201, Current Mhz: 3201, Mhz Limit: 3201
Processor Information for processor 8
  Max Mhz: 3201, Current Mhz: 2560, Mhz Limit: 3201
Processor Information for processor 9
  Max Mhz: 3201, Current Mhz: 2560, Mhz Limit: 3201
Processor Information for processor 10
  Max Mhz: 3201, Current Mhz: 2560, Mhz Limit: 3201
Processor Information for processor 11
  Max Mhz: 3201, Current Mhz: 3201, Mhz Limit: 3201
Processor Information for processor 12
  Max Mhz: 3201, Current Mhz: 2560, Mhz Limit: 3201
Processor Information for processor 13
  Max Mhz: 3201, Current Mhz: 2560, Mhz Limit: 3201
Processor Information for processor 14
  Max Mhz: 3201, Current Mhz: 3201, Mhz Limit: 3201
Processor Information for processor 15
  Max Mhz: 3201, Current Mhz: 2560, Mhz Limit: 3201

Memory: 4k page, system-wide physical 15613M (437M free)
TotalPageFile size 28925M (AvailPageFile size 235M)
current process WorkingSet (physical memory assigned to process): 612M, peak: 614M
current process commit charge ("private bytes"): 662M, peak: 995M

vm_info: Java HotSpot(TM) 64-Bit Server VM (23.0.1+11-39) for windows-amd64 JRE (23.0.1+11-39), built on 2024-09-30T07:20:43Z with MS VC++ 17.6 (VS2022)

END.
