#
# There is insufficient memory for the Java Runtime Environment to continue.
# Native memory allocation (malloc) failed to allocate 1332176 bytes. Error detail: Chunk::new
# Possible reasons:
#   The system is out of physical RAM or swap space
#   This process is running with CompressedOops enabled, and the Java Heap may be blocking the growth of the native heap
# Possible solutions:
#   Reduce memory load on the system
#   Increase physical memory or swap space
#   Check if swap backing store is full
#   Decrease Java heap size (-Xmx/-Xms)
#   Decrease number of Java threads
#   Decrease Java thread stack sizes (-Xss)
#   Set larger code cache with -XX:ReservedCodeCacheSize=
#   JVM is running with Unscaled Compressed Oops mode in which the Java heap is
#     placed in the first 4GB address space. The Java Heap base address is the
#     maximum limit for the native heap growth. Please use -XX:HeapBaseMinAddress
#     to set the Java Heap base and to place the Java Heap above 4GB virtual address.
# This output file may be truncated or incomplete.
#
#  Out of Memory Error (arena.cpp:168), pid=18348, tid=4644
#
# JRE version: OpenJDK Runtime Environment Temurin-21.0.8+9 (21.0.8+9) (build 21.0.8+9-LTS)
# Java VM: OpenJDK 64-Bit Server VM Temurin-21.0.8+9 (21.0.8+9-LTS, mixed mode, sharing, tiered, compressed oops, compressed class ptrs, parallel gc, windows-amd64)
# No core dump will be written. Minidumps are not enabled by default on client versions of Windows
#

---------------  S U M M A R Y ------------

Command Line: --add-modules=ALL-SYSTEM --add-opens=java.base/java.util=ALL-UNNAMED --add-opens=java.base/java.lang=ALL-UNNAMED --add-opens=java.base/sun.nio.fs=ALL-UNNAMED -Declipse.application=org.eclipse.jdt.ls.core.id1 -Dosgi.bundles.defaultStartLevel=4 -Declipse.product=org.eclipse.jdt.ls.core.product -Djava.import.generatesMetadataFilesAtProjectRoot=false -DDetectVMInstallationsJob.disabled=true -Dfile.encoding=utf8 -XX:+UseParallelGC -XX:GCTimeRatio=4 -XX:AdaptiveSizePolicyWeight=90 -Dsun.zip.disableMemoryMapping=true -Xmx2G -Xms100m -Xlog:disable -javaagent:c:\Users\Haqii\.vscode\extensions\redhat.java-1.47.0-win32-x64\lombok\lombok-1.18.39-4050.jar -XX:+HeapDumpOnOutOfMemoryError -XX:HeapDumpPath=c:\Users\Haqii\AppData\Roaming\Code\User\workspaceStorage\3dc9cd43f3ba78d4e4c793072e614d38\redhat.java -Daether.dependencyCollector.impl=bf c:\Users\Haqii\.vscode\extensions\redhat.java-1.47.0-win32-x64\server\plugins\org.eclipse.equinox.launcher_1.7.100.v20251014-1222.jar -configuration c:\Users\Haqii\AppData\Roaming\Code\User\globalStorage\redhat.java\1.47.0\config_win -data c:\Users\Haqii\AppData\Roaming\Code\User\workspaceStorage\3dc9cd43f3ba78d4e4c793072e614d38\redhat.java\jdt_ws --pipe=\\.\pipe\lsp-17d2ed77982983d147a1327d1aafc594-sock

Host: AMD Ryzen 7 7735HS with Radeon Graphics        , 16 cores, 13G,  Windows 11 , 64 bit Build 26100 (10.0.26100.6725)
Time: Wed Nov 12 07:41:22 2025 SE Asia Standard Time elapsed time: 20.725914 seconds (0d 0h 0m 20s)

---------------  T H R E A D  ---------------

Current thread (0x000001e75a582200):  JavaThread "C2 CompilerThread5" daemon [_thread_in_native, id=4644, stack(0x000000523b500000,0x000000523b600000) (1024K)]


Current CompileTask:
C2:20725 9533   !   4       java.nio.file.FileTreeWalker::visit (204 bytes)

Stack: [0x000000523b500000,0x000000523b600000]
Native frames: (J=compiled Java code, j=interpreted, Vv=VM code, C=native code)
V  [jvm.dll+0x6d2449]
V  [jvm.dll+0x8ae341]
V  [jvm.dll+0x8b08be]
V  [jvm.dll+0x8b0fa3]
V  [jvm.dll+0x280c96]
V  [jvm.dll+0xc581d]
V  [jvm.dll+0xc5d53]
V  [jvm.dll+0x3b9162]
V  [jvm.dll+0x385315]
V  [jvm.dll+0x38477a]
V  [jvm.dll+0x248ed0]
V  [jvm.dll+0x2484af]
V  [jvm.dll+0x1c89ee]
V  [jvm.dll+0x257d4d]
V  [jvm.dll+0x2562ea]
V  [jvm.dll+0x3f2d16]
V  [jvm.dll+0x857e6b]
V  [jvm.dll+0x6d0b0d]
C  [ucrtbase.dll+0x37b0]
C  [KERNEL32.DLL+0x2e8d7]
C  [ntdll.dll+0x8c53c]


---------------  P R O C E S S  ---------------

Threads class SMR info:
_java_thread_list=0x000001e7599466e0, length=61, elements={
0x000001e7760b2520, 0x000001e77f0f8370, 0x000001e77f0f9770, 0x000001e77f0fbd30,
0x000001e77f0fc980, 0x000001e77f103070, 0x000001e77f10e3d0, 0x000001e77f117a00,
0x000001e77f11ac20, 0x000001e77f10bc70, 0x000001e77f10ea60, 0x000001e77f10c300,
0x000001e77f10d020, 0x000001e77f10d6b0, 0x000001e77f10f0f0, 0x000001e77f10dd40,
0x000001e755e44320, 0x000001e755e46a80, 0x000001e755e45040, 0x000001e755e456d0,
0x000001e755e45d60, 0x000001e755e463f0, 0x000001e755e47110, 0x000001e755e43c90,
0x000001e755e4ac20, 0x000001e755e477a0, 0x000001e755e49f00, 0x000001e755e4a590,
0x000001e755e4b2b0, 0x000001e755e484c0, 0x000001e755e49870, 0x000001e755e48b50,
0x000001e755e491e0, 0x000001e755e47e30, 0x000001e758936f40, 0x000001e758937c60,
0x000001e7589368b0, 0x000001e7589347e0, 0x000001e758934e70, 0x000001e758935500,
0x000001e758938980, 0x000001e758936220, 0x000001e7589382f0, 0x000001e7589375d0,
0x000001e758939010, 0x000001e758935b90, 0x000001e7589396a0, 0x000001e75893b0e0,
0x000001e758939d30, 0x000001e75893b770, 0x000001e75893be00, 0x000001e756d8f520,
0x000001e756d8e170, 0x000001e756d8e800, 0x000001e756d8dae0, 0x000001e75a57eb80,
0x000001e75a57fff0, 0x000001e75a580d90, 0x000001e75a581460, 0x000001e75a582200,
0x000001e75a57dde0
}

Java Threads: ( => current thread )
  0x000001e7760b2520 JavaThread "main"                              [_thread_blocked, id=16744, stack(0x0000005236600000,0x0000005236700000) (1024K)]
  0x000001e77f0f8370 JavaThread "Reference Handler"          daemon [_thread_blocked, id=12160, stack(0x0000005236a00000,0x0000005236b00000) (1024K)]
  0x000001e77f0f9770 JavaThread "Finalizer"                  daemon [_thread_blocked, id=8100, stack(0x0000005236b00000,0x0000005236c00000) (1024K)]
  0x000001e77f0fbd30 JavaThread "Signal Dispatcher"          daemon [_thread_blocked, id=19984, stack(0x0000005236c00000,0x0000005236d00000) (1024K)]
  0x000001e77f0fc980 JavaThread "Attach Listener"            daemon [_thread_blocked, id=11816, stack(0x0000005236d00000,0x0000005236e00000) (1024K)]
  0x000001e77f103070 JavaThread "Service Thread"             daemon [_thread_blocked, id=16024, stack(0x0000005236e00000,0x0000005236f00000) (1024K)]
  0x000001e77f10e3d0 JavaThread "Monitor Deflation Thread"   daemon [_thread_blocked, id=21896, stack(0x0000005236f00000,0x0000005237000000) (1024K)]
  0x000001e77f117a00 JavaThread "C2 CompilerThread0"         daemon [_thread_in_native, id=17808, stack(0x0000005237000000,0x0000005237100000) (1024K)]
  0x000001e77f11ac20 JavaThread "C1 CompilerThread0"         daemon [_thread_blocked, id=13816, stack(0x0000005237100000,0x0000005237200000) (1024K)]
  0x000001e77f10bc70 JavaThread "Common-Cleaner"             daemon [_thread_blocked, id=23124, stack(0x0000005237200000,0x0000005237300000) (1024K)]
  0x000001e77f10ea60 JavaThread "Notification Thread"        daemon [_thread_blocked, id=20048, stack(0x0000005237700000,0x0000005237800000) (1024K)]
  0x000001e77f10c300 JavaThread "Active Thread: Equinox Container: bff6008c-c258-4657-9fcf-e4e73d7033dd"        [_thread_blocked, id=17236, stack(0x0000005238000000,0x0000005238100000) (1024K)]
  0x000001e77f10d020 JavaThread "Refresh Thread: Equinox Container: bff6008c-c258-4657-9fcf-e4e73d7033dd" daemon [_thread_blocked, id=20168, stack(0x0000005238200000,0x0000005238300000) (1024K)]
  0x000001e77f10d6b0 JavaThread "Framework Event Dispatcher: Equinox Container: bff6008c-c258-4657-9fcf-e4e73d7033dd" daemon [_thread_blocked, id=20912, stack(0x0000005238300000,0x0000005238400000) (1024K)]
  0x000001e77f10f0f0 JavaThread "Start Level: Equinox Container: bff6008c-c258-4657-9fcf-e4e73d7033dd" daemon [_thread_blocked, id=3480, stack(0x0000005238400000,0x0000005238500000) (1024K)]
  0x000001e77f10dd40 JavaThread "Bundle File Closer"         daemon [_thread_blocked, id=19708, stack(0x0000005238800000,0x0000005238900000) (1024K)]
  0x000001e755e44320 JavaThread "SCR Component Actor"        daemon [_thread_blocked, id=13872, stack(0x0000005238900000,0x0000005238a00000) (1024K)]
  0x000001e755e46a80 JavaThread "Worker-JM"                         [_thread_blocked, id=9404, stack(0x0000005238a00000,0x0000005238b00000) (1024K)]
  0x000001e755e45040 JavaThread "JNA Cleaner"                daemon [_thread_blocked, id=11556, stack(0x0000005238c00000,0x0000005238d00000) (1024K)]
  0x000001e755e456d0 JavaThread "Worker-0: Building"                [_thread_in_Java, id=21128, stack(0x0000005238d00000,0x0000005238e00000) (1024K)]
  0x000001e755e45d60 JavaThread "Worker-1"                          [_thread_blocked, id=18680, stack(0x0000005238e00000,0x0000005238f00000) (1024K)]
  0x000001e755e463f0 JavaThread "Java indexing"              daemon [_thread_blocked, id=22344, stack(0x0000005238f00000,0x0000005239000000) (1024K)]
  0x000001e755e47110 JavaThread "Worker-2: Initialize workspace"        [_thread_blocked, id=10940, stack(0x0000005239200000,0x0000005239300000) (1024K)]
  0x000001e755e43c90 JavaThread "Worker-3"                          [_thread_blocked, id=20612, stack(0x0000005239300000,0x0000005239400000) (1024K)]
  0x000001e755e4ac20 JavaThread "Thread-1"                   daemon [_thread_in_native, id=3268, stack(0x0000005239400000,0x0000005239500000) (1024K)]
  0x000001e755e477a0 JavaThread "Thread-2"                   daemon [_thread_in_native, id=22216, stack(0x0000005239500000,0x0000005239600000) (1024K)]
  0x000001e755e49f00 JavaThread "Thread-3"                   daemon [_thread_in_native, id=11540, stack(0x0000005239600000,0x0000005239700000) (1024K)]
  0x000001e755e4a590 JavaThread "Thread-4"                   daemon [_thread_in_native, id=3008, stack(0x0000005239700000,0x0000005239800000) (1024K)]
  0x000001e755e4b2b0 JavaThread "Thread-5"                   daemon [_thread_in_native, id=20916, stack(0x0000005239800000,0x0000005239900000) (1024K)]
  0x000001e755e484c0 JavaThread "Thread-6"                   daemon [_thread_in_native, id=18400, stack(0x0000005239900000,0x0000005239a00000) (1024K)]
  0x000001e755e49870 JavaThread "Thread-7"                   daemon [_thread_in_native, id=18520, stack(0x0000005239a00000,0x0000005239b00000) (1024K)]
  0x000001e755e48b50 JavaThread "Thread-8"                   daemon [_thread_in_native, id=22220, stack(0x0000005239b00000,0x0000005239c00000) (1024K)]
  0x000001e755e491e0 JavaThread "Thread-9"                   daemon [_thread_in_native, id=18716, stack(0x0000005239c00000,0x0000005239d00000) (1024K)]
  0x000001e755e47e30 JavaThread "Thread-10"                  daemon [_thread_in_native, id=13092, stack(0x0000005239d00000,0x0000005239e00000) (1024K)]
  0x000001e758936f40 JavaThread "Thread-11"                  daemon [_thread_in_native, id=18128, stack(0x0000005239e00000,0x0000005239f00000) (1024K)]
  0x000001e758937c60 JavaThread "Thread-12"                  daemon [_thread_in_native, id=17524, stack(0x0000005239f00000,0x000000523a000000) (1024K)]
  0x000001e7589368b0 JavaThread "Thread-13"                  daemon [_thread_in_native, id=11488, stack(0x000000523a000000,0x000000523a100000) (1024K)]
  0x000001e7589347e0 JavaThread "Thread-14"                  daemon [_thread_in_native, id=21592, stack(0x000000523a100000,0x000000523a200000) (1024K)]
  0x000001e758934e70 JavaThread "Thread-15"                  daemon [_thread_in_native, id=23272, stack(0x000000523a200000,0x000000523a300000) (1024K)]
  0x000001e758935500 JavaThread "Thread-16"                  daemon [_thread_in_native, id=12788, stack(0x000000523a300000,0x000000523a400000) (1024K)]
  0x000001e758938980 JavaThread "Thread-17"                  daemon [_thread_in_native, id=23248, stack(0x000000523a400000,0x000000523a500000) (1024K)]
  0x000001e758936220 JavaThread "pool-2-thread-1"                   [_thread_blocked, id=21924, stack(0x000000523a500000,0x000000523a600000) (1024K)]
  0x000001e7589382f0 JavaThread "WorkspaceEventsHandler"            [_thread_blocked, id=12700, stack(0x000000523a600000,0x000000523a700000) (1024K)]
  0x000001e7589375d0 JavaThread "pool-1-thread-1"                   [_thread_blocked, id=8864, stack(0x000000523a700000,0x000000523a800000) (1024K)]
  0x000001e758939010 JavaThread "Worker-4"                          [_thread_blocked, id=22648, stack(0x000000523a800000,0x000000523a900000) (1024K)]
  0x000001e758935b90 JavaThread "ForkJoinPool.commonPool-worker-1" daemon [_thread_blocked, id=12064, stack(0x000000523a900000,0x000000523aa00000) (1024K)]
  0x000001e7589396a0 JavaThread "ForkJoinPool.commonPool-worker-2" daemon [_thread_blocked, id=11972, stack(0x000000523aa00000,0x000000523ab00000) (1024K)]
  0x000001e75893b0e0 JavaThread "Timer-0"                           [_thread_blocked, id=16988, stack(0x000000523ab00000,0x000000523ac00000) (1024K)]
  0x000001e758939d30 JavaThread "Timer-1"                           [_thread_blocked, id=9220, stack(0x000000523ac00000,0x000000523ad00000) (1024K)]
  0x000001e75893b770 JavaThread "Timer-2"                           [_thread_blocked, id=23316, stack(0x000000523ad00000,0x000000523ae00000) (1024K)]
  0x000001e75893be00 JavaThread "Timer-3"                           [_thread_blocked, id=20908, stack(0x000000523ae00000,0x000000523af00000) (1024K)]
  0x000001e756d8f520 JavaThread "Timer-4"                           [_thread_blocked, id=8496, stack(0x000000523af00000,0x000000523b000000) (1024K)]
  0x000001e756d8e170 JavaThread "Timer-5"                           [_thread_blocked, id=20548, stack(0x0000005237500000,0x0000005237600000) (1024K)]
  0x000001e756d8e800 JavaThread "Timer-6"                           [_thread_blocked, id=21116, stack(0x000000523b000000,0x000000523b100000) (1024K)]
  0x000001e756d8dae0 JavaThread "Timer-7"                           [_thread_blocked, id=6484, stack(0x000000523b200000,0x000000523b300000) (1024K)]
  0x000001e75a57eb80 JavaThread "C2 CompilerThread1"         daemon [_thread_in_native, id=6344, stack(0x0000005237300000,0x0000005237400000) (1024K)]
  0x000001e75a57fff0 JavaThread "C2 CompilerThread2"         daemon [_thread_in_native, id=19680, stack(0x0000005237400000,0x0000005237500000) (1024K)]
  0x000001e75a580d90 JavaThread "C2 CompilerThread3"         daemon [_thread_in_native, id=21216, stack(0x0000005237800000,0x0000005237900000) (1024K)]
  0x000001e75a581460 JavaThread "C2 CompilerThread4"         daemon [_thread_in_native, id=19704, stack(0x000000523b300000,0x000000523b400000) (1024K)]
=>0x000001e75a582200 JavaThread "C2 CompilerThread5"         daemon [_thread_in_native, id=4644, stack(0x000000523b500000,0x000000523b600000) (1024K)]
  0x000001e75a57dde0 JavaThread "C1 CompilerThread1"         daemon [_thread_blocked, id=13856, stack(0x000000523b100000,0x000000523b200000) (1024K)]
Total: 61

Other Threads:
  0x000001e77f0f32d0 VMThread "VM Thread"                           [id=22412, stack(0x0000005236900000,0x0000005236a00000) (1024K)]
  0x000001e77da2ca00 WatcherThread "VM Periodic Task Thread"        [id=17512, stack(0x0000005236800000,0x0000005236900000) (1024K)]
  0x000001e7760d08e0 WorkerThread "GC Thread#0"                     [id=21196, stack(0x0000005236700000,0x0000005236800000) (1024K)]
  0x000001e75502ce90 WorkerThread "GC Thread#1"                     [id=1532, stack(0x0000005237900000,0x0000005237a00000) (1024K)]
  0x000001e755050460 WorkerThread "GC Thread#2"                     [id=22016, stack(0x0000005237a00000,0x0000005237b00000) (1024K)]
  0x000001e755050800 WorkerThread "GC Thread#3"                     [id=3492, stack(0x0000005237b00000,0x0000005237c00000) (1024K)]
  0x000001e755160430 WorkerThread "GC Thread#4"                     [id=11640, stack(0x0000005237c00000,0x0000005237d00000) (1024K)]
  0x000001e7551607d0 WorkerThread "GC Thread#5"                     [id=20448, stack(0x0000005237d00000,0x0000005237e00000) (1024K)]
  0x000001e75554f220 WorkerThread "GC Thread#6"                     [id=20820, stack(0x0000005237e00000,0x0000005237f00000) (1024K)]
  0x000001e7558f9f60 WorkerThread "GC Thread#7"                     [id=17756, stack(0x0000005238100000,0x0000005238200000) (1024K)]
  0x000001e7558a8c30 WorkerThread "GC Thread#8"                     [id=17056, stack(0x0000005238500000,0x0000005238600000) (1024K)]
  0x000001e7558a9ab0 WorkerThread "GC Thread#9"                     [id=7812, stack(0x0000005238600000,0x0000005238700000) (1024K)]
  0x000001e7558a8890 WorkerThread "GC Thread#10"                    [id=12272, stack(0x0000005238700000,0x0000005238800000) (1024K)]
  0x000001e7558a8150 WorkerThread "GC Thread#11"                    [id=11020, stack(0x0000005237f00000,0x0000005238000000) (1024K)]
  0x000001e7558a84f0 WorkerThread "GC Thread#12"                    [id=19428, stack(0x0000005238b00000,0x0000005238c00000) (1024K)]
Total: 15

Threads with active compile tasks:
C2 CompilerThread0  20747 9521   !   4       java.nio.file.FileTreeWalker::next (144 bytes)
C2 CompilerThread1  20747 9682       4       org.eclipse.jdt.internal.core.util.Util::splitOn (134 bytes)
C2 CompilerThread2  20747 9251       4       org.eclipse.core.internal.dtree.DataDeltaNode::compareWithParent (78 bytes)
C2 CompilerThread3  20747 9566       4       jdk.internal.jimage.ImageLocation::getFullName (109 bytes)
C2 CompilerThread4  20747 9298       4       org.eclipse.core.internal.events.ResourceDeltaFactory::createDelta (249 bytes)
C2 CompilerThread5  20747 9533   !   4       java.nio.file.FileTreeWalker::visit (204 bytes)
Total: 6

VM state: not at safepoint (normal execution)

VM Mutex/Monitor currently owned by a thread: None

Heap address: 0x0000000080000000, size: 2048 MB, Compressed Oops mode: 32-bit

CDS archive(s) mapped at: [0x000001e70f000000-0x000001e70fba0000-0x000001e70fba0000), size 12189696, SharedBaseAddress: 0x000001e70f000000, ArchiveRelocationMode: 1.
Compressed class space mapped at: 0x000001e710000000-0x000001e750000000, reserved size: 1073741824
Narrow klass base: 0x000001e70f000000, Narrow klass shift: 0, Narrow klass range: 0x100000000

GC Precious Log:
 CardTable entry size: 512
 CPUs: 16 total, 16 available
 Memory: 14077M
 Large Page Support: Disabled
 NUMA Support: Disabled
 Compressed Oops: Enabled (32-bit)
 Alignments: Space 512K, Generation 512K, Heap 2M
 Heap Min Capacity: 100M
 Heap Initial Capacity: 100M
 Heap Max Capacity: 2G
 Pre-touch: Disabled
 Parallel Workers: 13

Heap:
 PSYoungGen      total 14336K, used 11280K [0x00000000d5580000, 0x00000000d6600000, 0x0000000100000000)
  eden space 12800K, 77% used [0x00000000d5580000,0x00000000d5f3c248,0x00000000d6200000)
  from space 1536K, 85% used [0x00000000d6200000,0x00000000d6348010,0x00000000d6380000)
  to   space 2048K, 0% used [0x00000000d6400000,0x00000000d6400000,0x00000000d6600000)
 ParOldGen       total 68608K, used 56118K [0x0000000080000000, 0x0000000084300000, 0x00000000d5580000)
  object space 68608K, 81% used [0x0000000080000000,0x00000000836cd8a8,0x0000000084300000)
 Metaspace       used 67305K, committed 68864K, reserved 1114112K
  class space    used 8432K, committed 9088K, reserved 1048576K

Card table byte_map: [0x000001e775a50000,0x000001e775e60000] _byte_map_base: 0x000001e775650000

Marking Bits: (ParMarkBitMap*) 0x00007ff91669a340
 Begin Bits: [0x000001e779550000, 0x000001e77b550000)
 End Bits:   [0x000001e77b550000, 0x000001e77d550000)

Polling page: 0x000001e775830000

Metaspace:

Usage:
  Non-class:     57.49 MB used.
      Class:      8.24 MB used.
       Both:     65.73 MB used.

Virtual space:
  Non-class space:       64.00 MB reserved,      58.38 MB ( 91%) committed,  1 nodes.
      Class space:        1.00 GB reserved,       8.88 MB ( <1%) committed,  1 nodes.
             Both:        1.06 GB reserved,      67.25 MB (  6%) committed. 

Chunk freelists:
   Non-Class:  4.98 MB
       Class:  6.95 MB
        Both:  11.94 MB

MaxMetaspaceSize: unlimited
CompressedClassSpaceSize: 1.00 GB
Initial GC threshold: 21.00 MB
Current GC threshold: 97.31 MB
CDS: on
 - commit_granule_bytes: 65536.
 - commit_granule_words: 8192.
 - virtual_space_node_default_size: 8388608.
 - enlarge_chunks_in_place: 1.
 - use_allocation_guard: 0.


Internal statistics:

num_allocs_failed_limit: 9.
num_arena_births: 1364.
num_arena_deaths: 14.
num_vsnodes_births: 2.
num_vsnodes_deaths: 0.
num_space_committed: 1076.
num_space_uncommitted: 0.
num_chunks_returned_to_freelist: 23.
num_chunks_taken_from_freelist: 4347.
num_chunk_merges: 15.
num_chunk_splits: 2817.
num_chunks_enlarged: 1755.
num_inconsistent_stats: 0.

CodeHeap 'non-profiled nmethods': size=119168Kb used=7745Kb max_used=7745Kb free=111422Kb
 bounds [0x000001e707ba0000, 0x000001e708340000, 0x000001e70f000000]
CodeHeap 'profiled nmethods': size=119104Kb used=18185Kb max_used=18185Kb free=100918Kb
 bounds [0x000001e700000000, 0x000001e7011d0000, 0x000001e707450000]
CodeHeap 'non-nmethods': size=7488Kb used=1964Kb max_used=3155Kb free=5523Kb
 bounds [0x000001e707450000, 0x000001e707770000, 0x000001e707ba0000]
CodeCache: size=245760Kb, used=27894Kb, max_used=29085Kb, free=217863Kb
 total_blobs=9579, nmethods=8872, adapters=612, full_count=0
Compilation: enabled, stopped_count=0, restarted_count=0

Compilation events (20 events):
Event: 19.708 Thread 0x000001e75a57e4b0 9643       3       java.util.regex.Pattern::compile (537 bytes)
Event: 19.708 Thread 0x000001e77f11ac20 9642       3       org.eclipse.jdt.internal.core.JavaModelStatus::getSeverity (65 bytes)
Event: 19.708 Thread 0x000001e77f11ac20 nmethod 9642 0x000001e7011a2e10 code [0x000001e7011a2fe0, 0x000001e7011a3358]
Event: 19.709 Thread 0x000001e75a57dde0 nmethod 9639 0x000001e7011a3510 code [0x000001e7011a3820, 0x000001e7011a4968]
Event: 19.710 Thread 0x000001e75a57dde0 9645       3       org.eclipse.jdt.core.JavaConventions::validateIdentifier (33 bytes)
Event: 19.710 Thread 0x000001e75a57dde0 nmethod 9645 0x000001e7011a4e90 code [0x000001e7011a5060, 0x000001e7011a52f8]
Event: 19.710 Thread 0x000001e75a57e4b0 nmethod 9643 0x000001e7011a5410 code [0x000001e7011a58a0, 0x000001e7011a80b8]
Event: 19.711 Thread 0x000001e75a580d90 nmethod 9612 0x000001e708324210 code [0x000001e7083243c0, 0x000001e7083246e0]
Event: 19.711 Thread 0x000001e75a580d90 9646       4       java.util.stream.SpinedBuffer::clear (88 bytes)
Event: 19.713 Thread 0x000001e75a580d90 nmethod 9646 0x000001e708324990 code [0x000001e708324b20, 0x000001e708324c28]
Event: 19.713 Thread 0x000001e75a580d90 9631       4       org.eclipse.jdt.internal.compiler.classfmt.ClassFileStruct::u2At (35 bytes)
Event: 19.715 Thread 0x000001e75a580d90 nmethod 9631 0x000001e708324d10 code [0x000001e708324ea0, 0x000001e708324fb0]
Event: 19.715 Thread 0x000001e75a580d90 9620       4       org.eclipse.core.runtime.PlatformObject::<init> (5 bytes)
Event: 19.716 Thread 0x000001e75a580d90 nmethod 9620 0x000001e708325090 code [0x000001e708325220, 0x000001e7083252a8]
Event: 19.716 Thread 0x000001e75a580d90 9538       4       java.util.ArrayList$SubList::checkForComodification (23 bytes)
Event: 19.717 Thread 0x000001e75a580d90 nmethod 9538 0x000001e708325390 code [0x000001e708325520, 0x000001e7083255e0]
Event: 19.717 Thread 0x000001e75a580d90 9566       4       jdk.internal.jimage.ImageLocation::getFullName (109 bytes)
Event: 19.725 Thread 0x000001e75a57dde0 9655       3       jdk.internal.jimage.ImageReader$SharedImageReader::newDirectory (25 bytes)
Event: 19.725 Thread 0x000001e75a57dde0 nmethod 9655 0x000001e7011a8b90 code [0x000001e7011a8d60, 0x000001e7011a8ff8]
Event: 19.729 Thread 0x000001e77f11ac20 9660       3       org.eclipse.jdt.ls.core.internal.JobHelpers$BuildJobMatcher::matches (41 bytes)

GC Heap History (20 events):
Event: 17.798 GC heap after
{Heap after GC invocations=78 (full 3):
 PSYoungGen      total 15360K, used 128K [0x00000000d5580000, 0x00000000d6580000, 0x0000000100000000)
  eden space 14848K, 0% used [0x00000000d5580000,0x00000000d5580000,0x00000000d6400000)
  from space 512K, 25% used [0x00000000d6400000,0x00000000d6420000,0x00000000d6480000)
  to   space 512K, 0% used [0x00000000d6500000,0x00000000d6500000,0x00000000d6580000)
 ParOldGen       total 68608K, used 47807K [0x0000000080000000, 0x0000000084300000, 0x00000000d5580000)
  object space 68608K, 69% used [0x0000000080000000,0x0000000082eafe80,0x0000000084300000)
 Metaspace       used 65081K, committed 66496K, reserved 1114112K
  class space    used 8201K, committed 8832K, reserved 1048576K
}
Event: 17.900 GC heap before
{Heap before GC invocations=79 (full 3):
 PSYoungGen      total 15360K, used 14976K [0x00000000d5580000, 0x00000000d6580000, 0x0000000100000000)
  eden space 14848K, 100% used [0x00000000d5580000,0x00000000d6400000,0x00000000d6400000)
  from space 512K, 25% used [0x00000000d6400000,0x00000000d6420000,0x00000000d6480000)
  to   space 512K, 0% used [0x00000000d6500000,0x00000000d6500000,0x00000000d6580000)
 ParOldGen       total 68608K, used 47807K [0x0000000080000000, 0x0000000084300000, 0x00000000d5580000)
  object space 68608K, 69% used [0x0000000080000000,0x0000000082eafe80,0x0000000084300000)
 Metaspace       used 65081K, committed 66496K, reserved 1114112K
  class space    used 8201K, committed 8832K, reserved 1048576K
}
Event: 17.900 GC heap after
{Heap after GC invocations=79 (full 3):
 PSYoungGen      total 15360K, used 128K [0x00000000d5580000, 0x00000000d6580000, 0x0000000100000000)
  eden space 14848K, 0% used [0x00000000d5580000,0x00000000d5580000,0x00000000d6400000)
  from space 512K, 25% used [0x00000000d6500000,0x00000000d6520000,0x00000000d6580000)
  to   space 512K, 0% used [0x00000000d6400000,0x00000000d6400000,0x00000000d6480000)
 ParOldGen       total 68608K, used 47863K [0x0000000080000000, 0x0000000084300000, 0x00000000d5580000)
  object space 68608K, 69% used [0x0000000080000000,0x0000000082ebde80,0x0000000084300000)
 Metaspace       used 65081K, committed 66496K, reserved 1114112K
  class space    used 8201K, committed 8832K, reserved 1048576K
}
Event: 18.010 GC heap before
{Heap before GC invocations=80 (full 3):
 PSYoungGen      total 15360K, used 14976K [0x00000000d5580000, 0x00000000d6580000, 0x0000000100000000)
  eden space 14848K, 100% used [0x00000000d5580000,0x00000000d6400000,0x00000000d6400000)
  from space 512K, 25% used [0x00000000d6500000,0x00000000d6520000,0x00000000d6580000)
  to   space 512K, 0% used [0x00000000d6400000,0x00000000d6400000,0x00000000d6480000)
 ParOldGen       total 68608K, used 47863K [0x0000000080000000, 0x0000000084300000, 0x00000000d5580000)
  object space 68608K, 69% used [0x0000000080000000,0x0000000082ebde80,0x0000000084300000)
 Metaspace       used 65081K, committed 66496K, reserved 1114112K
  class space    used 8201K, committed 8832K, reserved 1048576K
}
Event: 18.012 GC heap after
{Heap after GC invocations=80 (full 3):
 PSYoungGen      total 15360K, used 96K [0x00000000d5580000, 0x00000000d6580000, 0x0000000100000000)
  eden space 14848K, 0% used [0x00000000d5580000,0x00000000d5580000,0x00000000d6400000)
  from space 512K, 18% used [0x00000000d6400000,0x00000000d6418000,0x00000000d6480000)
  to   space 512K, 0% used [0x00000000d6500000,0x00000000d6500000,0x00000000d6580000)
 ParOldGen       total 68608K, used 47863K [0x0000000080000000, 0x0000000084300000, 0x00000000d5580000)
  object space 68608K, 69% used [0x0000000080000000,0x0000000082ebde80,0x0000000084300000)
 Metaspace       used 65081K, committed 66496K, reserved 1114112K
  class space    used 8201K, committed 8832K, reserved 1048576K
}
Event: 18.304 GC heap before
{Heap before GC invocations=81 (full 3):
 PSYoungGen      total 15360K, used 14944K [0x00000000d5580000, 0x00000000d6580000, 0x0000000100000000)
  eden space 14848K, 100% used [0x00000000d5580000,0x00000000d6400000,0x00000000d6400000)
  from space 512K, 18% used [0x00000000d6400000,0x00000000d6418000,0x00000000d6480000)
  to   space 512K, 0% used [0x00000000d6500000,0x00000000d6500000,0x00000000d6580000)
 ParOldGen       total 68608K, used 47863K [0x0000000080000000, 0x0000000084300000, 0x00000000d5580000)
  object space 68608K, 69% used [0x0000000080000000,0x0000000082ebde80,0x0000000084300000)
 Metaspace       used 65117K, committed 66560K, reserved 1114112K
  class space    used 8207K, committed 8832K, reserved 1048576K
}
Event: 18.305 GC heap after
{Heap after GC invocations=81 (full 3):
 PSYoungGen      total 15360K, used 416K [0x00000000d5580000, 0x00000000d6580000, 0x0000000100000000)
  eden space 14848K, 0% used [0x00000000d5580000,0x00000000d5580000,0x00000000d6400000)
  from space 512K, 81% used [0x00000000d6500000,0x00000000d6568000,0x00000000d6580000)
  to   space 512K, 0% used [0x00000000d6400000,0x00000000d6400000,0x00000000d6480000)
 ParOldGen       total 68608K, used 47879K [0x0000000080000000, 0x0000000084300000, 0x00000000d5580000)
  object space 68608K, 69% used [0x0000000080000000,0x0000000082ec1e80,0x0000000084300000)
 Metaspace       used 65117K, committed 66560K, reserved 1114112K
  class space    used 8207K, committed 8832K, reserved 1048576K
}
Event: 18.325 GC heap before
{Heap before GC invocations=82 (full 3):
 PSYoungGen      total 15360K, used 15264K [0x00000000d5580000, 0x00000000d6580000, 0x0000000100000000)
  eden space 14848K, 100% used [0x00000000d5580000,0x00000000d6400000,0x00000000d6400000)
  from space 512K, 81% used [0x00000000d6500000,0x00000000d6568000,0x00000000d6580000)
  to   space 512K, 0% used [0x00000000d6400000,0x00000000d6400000,0x00000000d6480000)
 ParOldGen       total 68608K, used 47879K [0x0000000080000000, 0x0000000084300000, 0x00000000d5580000)
  object space 68608K, 69% used [0x0000000080000000,0x0000000082ec1e80,0x0000000084300000)
 Metaspace       used 65191K, committed 66624K, reserved 1114112K
  class space    used 8214K, committed 8832K, reserved 1048576K
}
Event: 18.326 GC heap after
{Heap after GC invocations=82 (full 3):
 PSYoungGen      total 15360K, used 512K [0x00000000d5580000, 0x00000000d6700000, 0x0000000100000000)
  eden space 14848K, 0% used [0x00000000d5580000,0x00000000d5580000,0x00000000d6400000)
  from space 512K, 100% used [0x00000000d6400000,0x00000000d6480000,0x00000000d6480000)
  to   space 1536K, 0% used [0x00000000d6580000,0x00000000d6580000,0x00000000d6700000)
 ParOldGen       total 68608K, used 48639K [0x0000000080000000, 0x0000000084300000, 0x00000000d5580000)
  object space 68608K, 70% used [0x0000000080000000,0x0000000082f7fe80,0x0000000084300000)
 Metaspace       used 65191K, committed 66624K, reserved 1114112K
  class space    used 8214K, committed 8832K, reserved 1048576K
}
Event: 18.414 GC heap before
{Heap before GC invocations=83 (full 3):
 PSYoungGen      total 15360K, used 15356K [0x00000000d5580000, 0x00000000d6700000, 0x0000000100000000)
  eden space 14848K, 99% used [0x00000000d5580000,0x00000000d63ff368,0x00000000d6400000)
  from space 512K, 100% used [0x00000000d6400000,0x00000000d6480000,0x00000000d6480000)
  to   space 1536K, 0% used [0x00000000d6580000,0x00000000d6580000,0x00000000d6700000)
 ParOldGen       total 68608K, used 48639K [0x0000000080000000, 0x0000000084300000, 0x00000000d5580000)
  object space 68608K, 70% used [0x0000000080000000,0x0000000082f7fe80,0x0000000084300000)
 Metaspace       used 65691K, committed 67264K, reserved 1114112K
  class space    used 8276K, committed 8960K, reserved 1048576K
}
Event: 18.415 GC heap after
{Heap after GC invocations=83 (full 3):
 PSYoungGen      total 15360K, used 1536K [0x00000000d5580000, 0x00000000d6900000, 0x0000000100000000)
  eden space 13824K, 0% used [0x00000000d5580000,0x00000000d5580000,0x00000000d6300000)
  from space 1536K, 100% used [0x00000000d6580000,0x00000000d6700000,0x00000000d6700000)
  to   space 2560K, 0% used [0x00000000d6300000,0x00000000d6300000,0x00000000d6580000)
 ParOldGen       total 68608K, used 49143K [0x0000000080000000, 0x0000000084300000, 0x00000000d5580000)
  object space 68608K, 71% used [0x0000000080000000,0x0000000082ffde80,0x0000000084300000)
 Metaspace       used 65691K, committed 67264K, reserved 1114112K
  class space    used 8276K, committed 8960K, reserved 1048576K
}
Event: 19.593 GC heap before
{Heap before GC invocations=84 (full 3):
 PSYoungGen      total 15360K, used 15360K [0x00000000d5580000, 0x00000000d6900000, 0x0000000100000000)
  eden space 13824K, 100% used [0x00000000d5580000,0x00000000d6300000,0x00000000d6300000)
  from space 1536K, 100% used [0x00000000d6580000,0x00000000d6700000,0x00000000d6700000)
  to   space 2560K, 0% used [0x00000000d6300000,0x00000000d6300000,0x00000000d6580000)
 ParOldGen       total 68608K, used 49143K [0x0000000080000000, 0x0000000084300000, 0x00000000d5580000)
  object space 68608K, 71% used [0x0000000080000000,0x0000000082ffde80,0x0000000084300000)
 Metaspace       used 66878K, committed 68416K, reserved 1114112K
  class space    used 8374K, committed 9024K, reserved 1048576K
}
Event: 19.595 GC heap after
{Heap after GC invocations=84 (full 3):
 PSYoungGen      total 15872K, used 1609K [0x00000000d5580000, 0x00000000d6700000, 0x0000000100000000)
  eden space 13824K, 0% used [0x00000000d5580000,0x00000000d5580000,0x00000000d6300000)
  from space 2048K, 78% used [0x00000000d6300000,0x00000000d64924b0,0x00000000d6500000)
  to   space 2048K, 0% used [0x00000000d6500000,0x00000000d6500000,0x00000000d6700000)
 ParOldGen       total 68608K, used 50577K [0x0000000080000000, 0x0000000084300000, 0x00000000d5580000)
  object space 68608K, 73% used [0x0000000080000000,0x0000000083164740,0x0000000084300000)
 Metaspace       used 66878K, committed 68416K, reserved 1114112K
  class space    used 8374K, committed 9024K, reserved 1048576K
}
Event: 19.625 GC heap before
{Heap before GC invocations=85 (full 3):
 PSYoungGen      total 15872K, used 15433K [0x00000000d5580000, 0x00000000d6700000, 0x0000000100000000)
  eden space 13824K, 100% used [0x00000000d5580000,0x00000000d6300000,0x00000000d6300000)
  from space 2048K, 78% used [0x00000000d6300000,0x00000000d64924b0,0x00000000d6500000)
  to   space 2048K, 0% used [0x00000000d6500000,0x00000000d6500000,0x00000000d6700000)
 ParOldGen       total 68608K, used 50577K [0x0000000080000000, 0x0000000084300000, 0x00000000d5580000)
  object space 68608K, 73% used [0x0000000080000000,0x0000000083164740,0x0000000084300000)
 Metaspace       used 66893K, committed 68416K, reserved 1114112K
  class space    used 8374K, committed 9024K, reserved 1048576K
}
Event: 19.627 GC heap after
{Heap after GC invocations=85 (full 3):
 PSYoungGen      total 15360K, used 1408K [0x00000000d5580000, 0x00000000d6680000, 0x0000000100000000)
  eden space 13824K, 0% used [0x00000000d5580000,0x00000000d5580000,0x00000000d6300000)
  from space 1536K, 91% used [0x00000000d6500000,0x00000000d6660010,0x00000000d6680000)
  to   space 1536K, 0% used [0x00000000d6380000,0x00000000d6380000,0x00000000d6500000)
 ParOldGen       total 68608K, used 52039K [0x0000000080000000, 0x0000000084300000, 0x00000000d5580000)
  object space 68608K, 75% used [0x0000000080000000,0x00000000832d1f58,0x0000000084300000)
 Metaspace       used 66893K, committed 68416K, reserved 1114112K
  class space    used 8374K, committed 9024K, reserved 1048576K
}
Event: 19.649 GC heap before
{Heap before GC invocations=86 (full 3):
 PSYoungGen      total 15360K, used 15232K [0x00000000d5580000, 0x00000000d6680000, 0x0000000100000000)
  eden space 13824K, 100% used [0x00000000d5580000,0x00000000d6300000,0x00000000d6300000)
  from space 1536K, 91% used [0x00000000d6500000,0x00000000d6660010,0x00000000d6680000)
  to   space 1536K, 0% used [0x00000000d6380000,0x00000000d6380000,0x00000000d6500000)
 ParOldGen       total 68608K, used 52039K [0x0000000080000000, 0x0000000084300000, 0x00000000d5580000)
  object space 68608K, 75% used [0x0000000080000000,0x00000000832d1f58,0x0000000084300000)
 Metaspace       used 66896K, committed 68416K, reserved 1114112K
  class space    used 8374K, committed 9024K, reserved 1048576K
}
Event: 19.651 GC heap after
{Heap after GC invocations=86 (full 3):
 PSYoungGen      total 15360K, used 1472K [0x00000000d5580000, 0x00000000d6600000, 0x0000000100000000)
  eden space 13824K, 0% used [0x00000000d5580000,0x00000000d5580000,0x00000000d6300000)
  from space 1536K, 95% used [0x00000000d6380000,0x00000000d64f0010,0x00000000d6500000)
  to   space 1024K, 0% used [0x00000000d6500000,0x00000000d6500000,0x00000000d6600000)
 ParOldGen       total 68608K, used 53295K [0x0000000080000000, 0x0000000084300000, 0x00000000d5580000)
  object space 68608K, 77% used [0x0000000080000000,0x000000008340bf58,0x0000000084300000)
 Metaspace       used 66896K, committed 68416K, reserved 1114112K
  class space    used 8374K, committed 9024K, reserved 1048576K
}
Event: 19.713 GC heap before
{Heap before GC invocations=87 (full 3):
 PSYoungGen      total 15360K, used 15296K [0x00000000d5580000, 0x00000000d6600000, 0x0000000100000000)
  eden space 13824K, 100% used [0x00000000d5580000,0x00000000d6300000,0x00000000d6300000)
  from space 1536K, 95% used [0x00000000d6380000,0x00000000d64f0010,0x00000000d6500000)
  to   space 1024K, 0% used [0x00000000d6500000,0x00000000d6500000,0x00000000d6600000)
 ParOldGen       total 68608K, used 53295K [0x0000000080000000, 0x0000000084300000, 0x00000000d5580000)
  object space 68608K, 77% used [0x0000000080000000,0x000000008340bf58,0x0000000084300000)
 Metaspace       used 67292K, committed 68800K, reserved 1114112K
  class space    used 8432K, committed 9088K, reserved 1048576K
}
Event: 19.715 GC heap after
{Heap after GC invocations=87 (full 3):
 PSYoungGen      total 13824K, used 994K [0x00000000d5580000, 0x00000000d6900000, 0x0000000100000000)
  eden space 12800K, 0% used [0x00000000d5580000,0x00000000d5580000,0x00000000d6200000)
  from space 1024K, 97% used [0x00000000d6500000,0x00000000d65f8810,0x00000000d6600000)
  to   space 3072K, 0% used [0x00000000d6200000,0x00000000d6200000,0x00000000d6500000)
 ParOldGen       total 68608K, used 55071K [0x0000000080000000, 0x0000000084300000, 0x00000000d5580000)
  object space 68608K, 80% used [0x0000000080000000,0x00000000835c7f68,0x0000000084300000)
 Metaspace       used 67292K, committed 68800K, reserved 1114112K
  class space    used 8432K, committed 9088K, reserved 1048576K
}
Event: 19.734 GC heap before
{Heap before GC invocations=88 (full 3):
 PSYoungGen      total 13824K, used 13794K [0x00000000d5580000, 0x00000000d6900000, 0x0000000100000000)
  eden space 12800K, 100% used [0x00000000d5580000,0x00000000d6200000,0x00000000d6200000)
  from space 1024K, 97% used [0x00000000d6500000,0x00000000d65f8810,0x00000000d6600000)
  to   space 3072K, 0% used [0x00000000d6200000,0x00000000d6200000,0x00000000d6500000)
 ParOldGen       total 68608K, used 55071K [0x0000000080000000, 0x0000000084300000, 0x00000000d5580000)
  object space 68608K, 80% used [0x0000000080000000,0x00000000835c7f68,0x0000000084300000)
 Metaspace       used 67292K, committed 68800K, reserved 1114112K
  class space    used 8432K, committed 9088K, reserved 1048576K
}

Dll operation events (15 events):
Event: 0.010 Loaded shared library c:\Users\Haqii\.vscode\extensions\redhat.java-1.47.0-win32-x64\jre\21.0.8-win32-x86_64\bin\java.dll
Event: 0.085 Loaded shared library c:\Users\Haqii\.vscode\extensions\redhat.java-1.47.0-win32-x64\jre\21.0.8-win32-x86_64\bin\zip.dll
Event: 0.105 Loaded shared library C:\Users\Haqii\.vscode\extensions\redhat.java-1.47.0-win32-x64\jre\21.0.8-win32-x86_64\bin\instrument.dll
Event: 0.109 Loaded shared library C:\Users\Haqii\.vscode\extensions\redhat.java-1.47.0-win32-x64\jre\21.0.8-win32-x86_64\bin\net.dll
Event: 0.111 Loaded shared library C:\Users\Haqii\.vscode\extensions\redhat.java-1.47.0-win32-x64\jre\21.0.8-win32-x86_64\bin\nio.dll
Event: 0.114 Loaded shared library C:\Users\Haqii\.vscode\extensions\redhat.java-1.47.0-win32-x64\jre\21.0.8-win32-x86_64\bin\zip.dll
Event: 0.129 Loaded shared library C:\Users\Haqii\.vscode\extensions\redhat.java-1.47.0-win32-x64\jre\21.0.8-win32-x86_64\bin\jimage.dll
Event: 0.184 Loaded shared library c:\Users\Haqii\.vscode\extensions\redhat.java-1.47.0-win32-x64\jre\21.0.8-win32-x86_64\bin\verify.dll
Event: 0.936 Loaded shared library C:\Users\Haqii\AppData\Roaming\Code\User\globalStorage\redhat.java\1.47.0\config_win\org.eclipse.equinox.launcher\org.eclipse.equinox.launcher.win32.win32.x86_64_1.2.1400.v20250801-0854\eclipse_11916.dll
Event: 1.971 Loaded shared library C:\Users\Haqii\AppData\Local\Temp\jna-69495192\jna9523034790474550795.dll
Event: 5.102 Loaded shared library C:\Users\Haqii\.gradle\native\1def1411415f61bf3af743bc5b6707747c0891f09f0c88961ee8f79bc544acac\windows-amd64\native-platform.dll
Event: 5.959 Loaded shared library C:\Users\Haqii\.vscode\extensions\redhat.java-1.47.0-win32-x64\jre\21.0.8-win32-x86_64\bin\management.dll
Event: 5.964 Loaded shared library C:\Users\Haqii\.vscode\extensions\redhat.java-1.47.0-win32-x64\jre\21.0.8-win32-x86_64\bin\management_ext.dll
Event: 9.470 Loaded shared library C:\Users\Haqii\.vscode\extensions\redhat.java-1.47.0-win32-x64\jre\21.0.8-win32-x86_64\bin\extnet.dll
Event: 10.086 Loaded shared library C:\Users\Haqii\.vscode\extensions\redhat.java-1.47.0-win32-x64\jre\21.0.8-win32-x86_64\bin\sunmscapi.dll

Deoptimization events (20 events):
Event: 19.668 Thread 0x000001e755e456d0 Uncommon trap: trap_request=0xffffffde fr.pc=0x000001e707cb51cc relative=0x000000000000046c
Event: 19.668 Thread 0x000001e755e456d0 Uncommon trap: reason=class_check action=maybe_recompile pc=0x000001e707cb51cc method=java.util.ImmutableCollections$MapN.probe(Ljava/lang/Object;)I @ 1 c2
Event: 19.668 Thread 0x000001e755e456d0 DEOPT PACKING pc=0x000001e707cb51cc sp=0x0000005238dfd910
Event: 19.668 Thread 0x000001e755e456d0 DEOPT UNPACKING pc=0x000001e7074a3aa2 sp=0x0000005238dfd8c0 mode 2
Event: 19.668 Thread 0x000001e755e456d0 Uncommon trap: trap_request=0xffffffde fr.pc=0x000001e707cb51cc relative=0x000000000000046c
Event: 19.668 Thread 0x000001e755e456d0 Uncommon trap: reason=class_check action=maybe_recompile pc=0x000001e707cb51cc method=java.util.ImmutableCollections$MapN.probe(Ljava/lang/Object;)I @ 1 c2
Event: 19.668 Thread 0x000001e755e456d0 DEOPT PACKING pc=0x000001e707cb51cc sp=0x0000005238dfd910
Event: 19.668 Thread 0x000001e755e456d0 DEOPT UNPACKING pc=0x000001e7074a3aa2 sp=0x0000005238dfd8c0 mode 2
Event: 19.668 Thread 0x000001e755e456d0 Uncommon trap: trap_request=0xffffffde fr.pc=0x000001e707cb51cc relative=0x000000000000046c
Event: 19.668 Thread 0x000001e755e456d0 Uncommon trap: reason=class_check action=maybe_recompile pc=0x000001e707cb51cc method=java.util.ImmutableCollections$MapN.probe(Ljava/lang/Object;)I @ 1 c2
Event: 19.668 Thread 0x000001e755e456d0 DEOPT PACKING pc=0x000001e707cb51cc sp=0x0000005238dfd910
Event: 19.668 Thread 0x000001e755e456d0 DEOPT UNPACKING pc=0x000001e7074a3aa2 sp=0x0000005238dfd8c0 mode 2
Event: 19.668 Thread 0x000001e755e456d0 Uncommon trap: trap_request=0xffffffde fr.pc=0x000001e707cb51cc relative=0x000000000000046c
Event: 19.668 Thread 0x000001e755e456d0 Uncommon trap: reason=class_check action=maybe_recompile pc=0x000001e707cb51cc method=java.util.ImmutableCollections$MapN.probe(Ljava/lang/Object;)I @ 1 c2
Event: 19.668 Thread 0x000001e755e456d0 DEOPT PACKING pc=0x000001e707cb51cc sp=0x0000005238dfd910
Event: 19.668 Thread 0x000001e755e456d0 DEOPT UNPACKING pc=0x000001e7074a3aa2 sp=0x0000005238dfd8c0 mode 2
Event: 19.682 Thread 0x000001e755e456d0 Uncommon trap: trap_request=0xffffffde fr.pc=0x000001e707cb5ef0 relative=0x0000000000000510
Event: 19.682 Thread 0x000001e755e456d0 Uncommon trap: reason=class_check action=maybe_recompile pc=0x000001e707cb5ef0 method=java.util.ImmutableCollections$MapN.probe(Ljava/lang/Object;)I @ 1 c2
Event: 19.682 Thread 0x000001e755e456d0 DEOPT PACKING pc=0x000001e707cb5ef0 sp=0x0000005238dfdc10
Event: 19.682 Thread 0x000001e755e456d0 DEOPT UNPACKING pc=0x000001e7074a3aa2 sp=0x0000005238dfdb50 mode 2

Classes loaded (20 events):
Event: 19.507 Loading class sun/nio/ch/FileChannelImpl$Unmapper done
Event: 19.507 Loading class sun/nio/ch/FileChannelImpl$DefaultUnmapper done
Event: 19.507 Loading class sun/nio/ch/Util$4
Event: 19.508 Loading class sun/nio/ch/Util$4 done
Event: 19.515 Loading class java/nio/file/ClosedDirectoryStreamException
Event: 19.515 Loading class java/nio/file/ClosedDirectoryStreamException done
Event: 19.515 Loading class jdk/internal/jrtfs/JrtFileSystem
Event: 19.516 Loading class jdk/internal/jrtfs/JrtFileSystem done
Event: 19.516 Loading class jdk/internal/jrtfs/JrtPath
Event: 19.516 Loading class jdk/internal/jrtfs/JrtPath done
Event: 19.516 Loading class jdk/internal/jimage/ImageReader$Node
Event: 19.516 Loading class jdk/internal/jimage/ImageReader$Node done
Event: 19.520 Loading class java/nio/ByteBufferAsIntBufferL
Event: 19.520 Loading class java/nio/ByteBufferAsIntBufferL done
Event: 19.523 Loading class jdk/internal/jimage/ImageReader$Directory
Event: 19.523 Loading class jdk/internal/jimage/ImageReader$Directory done
Event: 19.689 Loading class java/nio/channels/Channels$ReadableByteChannelImpl
Event: 19.690 Loading class java/nio/channels/Channels$ReadableByteChannelImpl done
Event: 19.690 Loading class java/nio/channels/NonWritableChannelException
Event: 19.690 Loading class java/nio/channels/NonWritableChannelException done

Classes unloaded (7 events):
Event: 2.334 Thread 0x000001e77f0f32d0 Unloading class 0x000001e7101aac00 'java/lang/invoke/LambdaForm$MH+0x000001e7101aac00'
Event: 2.334 Thread 0x000001e77f0f32d0 Unloading class 0x000001e7101aa800 'java/lang/invoke/LambdaForm$MH+0x000001e7101aa800'
Event: 2.334 Thread 0x000001e77f0f32d0 Unloading class 0x000001e7101aa400 'java/lang/invoke/LambdaForm$MH+0x000001e7101aa400'
Event: 2.334 Thread 0x000001e77f0f32d0 Unloading class 0x000001e7101aa000 'java/lang/invoke/LambdaForm$MH+0x000001e7101aa000'
Event: 2.334 Thread 0x000001e77f0f32d0 Unloading class 0x000001e7101a9c00 'java/lang/invoke/LambdaForm$BMH+0x000001e7101a9c00'
Event: 2.334 Thread 0x000001e77f0f32d0 Unloading class 0x000001e7101a9800 'java/lang/invoke/LambdaForm$DMH+0x000001e7101a9800'
Event: 2.334 Thread 0x000001e77f0f32d0 Unloading class 0x000001e7101a8400 'java/lang/invoke/LambdaForm$DMH+0x000001e7101a8400'

Classes redefined (0 events):
No events

Internal exceptions (20 events):
Event: 18.314 Thread 0x000001e755e47110 Implicit null exception at 0x000001e708259d57 to 0x000001e70825a4c8
Event: 18.315 Thread 0x000001e755e47110 Implicit null exception at 0x000001e707fdcd2d to 0x000001e707fdcf20
Event: 18.318 Thread 0x000001e7589375d0 Exception <a 'java/io/FileNotFoundException'{0x00000000d5f696b8}> (0x00000000d5f696b8) 
thrown [s\src\hotspot\share\prims\jni.cpp, line 520]
Event: 18.320 Thread 0x000001e7589375d0 Implicit null exception at 0x000001e707f35500 to 0x000001e707f35904
Event: 18.320 Thread 0x000001e7589375d0 Exception <a 'sun/nio/fs/WindowsException'{0x00000000d601d7e0}> (0x00000000d601d7e0) 
thrown [s\src\hotspot\share\prims\jni.cpp, line 520]
Event: 18.321 Thread 0x000001e7589375d0 Exception <a 'sun/nio/fs/WindowsException'{0x00000000d607f0c8}> (0x00000000d607f0c8) 
thrown [s\src\hotspot\share\prims\jni.cpp, line 520]
Event: 18.321 Thread 0x000001e7589375d0 Exception <a 'sun/nio/fs/WindowsException'{0x00000000d60faaf8}> (0x00000000d60faaf8) 
thrown [s\src\hotspot\share\prims\jni.cpp, line 520]
Event: 18.322 Thread 0x000001e7589375d0 Exception <a 'sun/nio/fs/WindowsException'{0x00000000d611c320}> (0x00000000d611c320) 
thrown [s\src\hotspot\share\prims\jni.cpp, line 520]
Event: 18.322 Thread 0x000001e7589375d0 Exception <a 'sun/nio/fs/WindowsException'{0x00000000d6166ee8}> (0x00000000d6166ee8) 
thrown [s\src\hotspot\share\prims\jni.cpp, line 520]
Event: 18.322 Thread 0x000001e7589375d0 Exception <a 'sun/nio/fs/WindowsException'{0x00000000d6170b20}> (0x00000000d6170b20) 
thrown [s\src\hotspot\share\prims\jni.cpp, line 520]
Event: 18.322 Thread 0x000001e7589375d0 Exception <a 'sun/nio/fs/WindowsException'{0x00000000d6184748}> (0x00000000d6184748) 
thrown [s\src\hotspot\share\prims\jni.cpp, line 520]
Event: 18.322 Thread 0x000001e7589375d0 Exception <a 'sun/nio/fs/WindowsException'{0x00000000d6191848}> (0x00000000d6191848) 
thrown [s\src\hotspot\share\prims\jni.cpp, line 520]
Event: 18.380 Thread 0x000001e7589375d0 Exception <a 'java/lang/IncompatibleClassChangeError'{0x00000000d5f93cc0}: Found class java.lang.Object, but interface was expected> (0x00000000d5f93cc0) 
thrown [s\src\hotspot\share\interpreter\linkResolver.cpp, line 840]
Event: 18.424 Thread 0x000001e7589396a0 Implicit null exception at 0x000001e707da938d to 0x000001e707da96d8
Event: 18.457 Thread 0x000001e755e456d0 Exception <a 'java/io/FileNotFoundException'{0x00000000d59a11e0}> (0x00000000d59a11e0) 
thrown [s\src\hotspot\share\prims\jni.cpp, line 520]
Event: 18.457 Thread 0x000001e755e456d0 Exception <a 'java/io/FileNotFoundException'{0x00000000d59a24a8}> (0x00000000d59a24a8) 
thrown [s\src\hotspot\share\prims\jni.cpp, line 520]
Event: 18.458 Thread 0x000001e755e456d0 Exception <a 'java/io/FileNotFoundException'{0x00000000d59a3710}> (0x00000000d59a3710) 
thrown [s\src\hotspot\share\prims\jni.cpp, line 520]
Event: 19.508 Thread 0x000001e755e456d0 Implicit null exception at 0x000001e707e56c03 to 0x000001e707e56e84
Event: 19.508 Thread 0x000001e755e456d0 Exception <a 'java/lang/NoSuchMethodError'{0x00000000d5c4d470}: 'java.lang.Object java.lang.invoke.DelegatingMethodHandle$Holder.reinvoke_L(java.lang.Object, int, long, java.lang.Object, java.lang.Object, int, java.lang.Object)'> (0x00000000d5c4d470) 
thrown [s\src\hotspot\share\interpreter\linkResolver.cpp, line 773]
Event: 19.574 Thread 0x000001e755e456d0 Exception <a 'java/lang/NoSuchMethodError'{0x00000000d61feab0}: 'java.lang.Object java.lang.invoke.Invokers$Holder.invoke_MT(java.lang.Object, java.lang.Object, java.lang.Object, java.lang.Object, java.lang.Object, java.lang.Object, java.lang.Object, java.lang.Object, java.lang.Object, java.lang.Object)'> (0x00000000d61feab0) 
thrown [s\src\hotspot\share\interpreter\linkResolver.cpp, line 773]

ZGC Phase Switch (0 events):
No events

VM Operations (20 events):
Event: 19.482 Executing VM operation: HandshakeAllThreads (Deoptimize) done
Event: 19.493 Executing VM operation: HandshakeAllThreads (Deoptimize)
Event: 19.493 Executing VM operation: HandshakeAllThreads (Deoptimize) done
Event: 19.497 Executing VM operation: HandshakeAllThreads (Deoptimize)
Event: 19.497 Executing VM operation: HandshakeAllThreads (Deoptimize) done
Event: 19.514 Executing VM operation: HandshakeAllThreads (Deoptimize)
Event: 19.514 Executing VM operation: HandshakeAllThreads (Deoptimize) done
Event: 19.522 Executing VM operation: HandshakeAllThreads (Deoptimize)
Event: 19.522 Executing VM operation: HandshakeAllThreads (Deoptimize) done
Event: 19.548 Executing VM operation: HandshakeAllThreads (Deoptimize)
Event: 19.548 Executing VM operation: HandshakeAllThreads (Deoptimize) done
Event: 19.593 Executing VM operation: ParallelGCFailedAllocation (Allocation Failure)
Event: 19.595 Executing VM operation: ParallelGCFailedAllocation (Allocation Failure) done
Event: 19.625 Executing VM operation: ParallelGCFailedAllocation (Allocation Failure)
Event: 19.628 Executing VM operation: ParallelGCFailedAllocation (Allocation Failure) done
Event: 19.649 Executing VM operation: ParallelGCFailedAllocation (Allocation Failure)
Event: 19.651 Executing VM operation: ParallelGCFailedAllocation (Allocation Failure) done
Event: 19.713 Executing VM operation: ParallelGCFailedAllocation (Allocation Failure)
Event: 19.715 Executing VM operation: ParallelGCFailedAllocation (Allocation Failure) done
Event: 19.734 Executing VM operation: ParallelGCFailedAllocation (Allocation Failure)

Memory protections (0 events):
No events

Nmethod flushes (20 events):
Event: 7.508 Thread 0x000001e77f0f32d0 flushing  nmethod 0x000001e700959090
Event: 7.508 Thread 0x000001e77f0f32d0 flushing  nmethod 0x000001e700959f90
Event: 7.508 Thread 0x000001e77f0f32d0 flushing  nmethod 0x000001e70096b710
Event: 7.508 Thread 0x000001e77f0f32d0 flushing  nmethod 0x000001e700972710
Event: 7.508 Thread 0x000001e77f0f32d0 flushing  nmethod 0x000001e700975890
Event: 7.508 Thread 0x000001e77f0f32d0 flushing  nmethod 0x000001e70098c610
Event: 7.508 Thread 0x000001e77f0f32d0 flushing  nmethod 0x000001e70098da90
Event: 7.508 Thread 0x000001e77f0f32d0 flushing  nmethod 0x000001e70098df90
Event: 7.508 Thread 0x000001e77f0f32d0 flushing  nmethod 0x000001e70098ec90
Event: 7.508 Thread 0x000001e77f0f32d0 flushing  nmethod 0x000001e70098fd90
Event: 7.508 Thread 0x000001e77f0f32d0 flushing  nmethod 0x000001e700991290
Event: 7.508 Thread 0x000001e77f0f32d0 flushing  nmethod 0x000001e700992a10
Event: 7.508 Thread 0x000001e77f0f32d0 flushing  nmethod 0x000001e700993790
Event: 7.508 Thread 0x000001e77f0f32d0 flushing  nmethod 0x000001e700994910
Event: 7.508 Thread 0x000001e77f0f32d0 flushing  nmethod 0x000001e700995c10
Event: 7.508 Thread 0x000001e77f0f32d0 flushing  nmethod 0x000001e700998e10
Event: 7.508 Thread 0x000001e77f0f32d0 flushing  nmethod 0x000001e7009a4810
Event: 7.508 Thread 0x000001e77f0f32d0 flushing  nmethod 0x000001e7009a5090
Event: 7.508 Thread 0x000001e77f0f32d0 flushing  nmethod 0x000001e7009a6b90
Event: 7.508 Thread 0x000001e77f0f32d0 flushing  nmethod 0x000001e7009b4c90

Events (20 events):
Event: 17.274 Thread 0x000001e758939010 Thread added: 0x000001e756d8dae0
Event: 17.275 Thread 0x000001e758939010 Thread added: 0x000001e756d8ee90
Event: 17.288 Thread 0x000001e756d8ee90 Thread added: 0x000001e756d8c0a0
Event: 17.403 Thread 0x000001e758f6bce0 Thread exited: 0x000001e758f6bce0
Event: 17.426 Thread 0x000001e758f6b610 Thread exited: 0x000001e758f6b610
Event: 17.643 Thread 0x000001e758f6c3b0 Thread exited: 0x000001e758f6c3b0
Event: 17.734 Thread 0x000001e77f11ac20 Thread added: 0x000001e75a57eb80
Event: 17.734 Thread 0x000001e77f11ac20 Thread added: 0x000001e75a57fff0
Event: 17.734 Thread 0x000001e77f11ac20 Thread added: 0x000001e75a580d90
Event: 18.079 Thread 0x000001e756d8c0a0 Thread exited: 0x000001e756d8c0a0
Event: 18.080 Thread 0x000001e756d8ee90 Thread exited: 0x000001e756d8ee90
Event: 18.224 Thread 0x000001e75a580d90 Thread exited: 0x000001e75a580d90
Event: 18.356 Thread 0x000001e77f11ac20 Thread added: 0x000001e75a580d90
Event: 18.377 Thread 0x000001e75a57e4b0 Thread added: 0x000001e75a581460
Event: 18.391 Thread 0x000001e75a580d90 Thread added: 0x000001e75a57f250
Event: 18.973 Thread 0x000001e75a57f250 Thread exited: 0x000001e75a57f250
Event: 19.477 Thread 0x000001e75a57e4b0 Thread exited: 0x000001e75a57e4b0
Event: 19.532 Thread 0x000001e77f11ac20 Thread added: 0x000001e75a57e4b0
Event: 19.532 Thread 0x000001e77f11ac20 Thread added: 0x000001e75a57dde0
Event: 19.551 Thread 0x000001e75a57dde0 Thread added: 0x000001e75a582200


Dynamic libraries:
0x00007ff6dc750000 - 0x00007ff6dc75e000 	c:\Users\Haqii\.vscode\extensions\redhat.java-1.47.0-win32-x64\jre\21.0.8-win32-x86_64\bin\java.exe
0x00007ff9d3ac0000 - 0x00007ff9d3d28000 	C:\WINDOWS\SYSTEM32\ntdll.dll
0x00007ff9d3310000 - 0x00007ff9d33d9000 	C:\WINDOWS\System32\KERNEL32.DLL
0x00007ff9d0f10000 - 0x00007ff9d1302000 	C:\WINDOWS\System32\KERNELBASE.dll
0x00007ff9d0dc0000 - 0x00007ff9d0f0b000 	C:\WINDOWS\System32\ucrtbase.dll
0x00007ff9b94f0000 - 0x00007ff9b9508000 	c:\Users\Haqii\.vscode\extensions\redhat.java-1.47.0-win32-x64\jre\21.0.8-win32-x86_64\bin\jli.dll
0x00007ff9b8510000 - 0x00007ff9b852e000 	c:\Users\Haqii\.vscode\extensions\redhat.java-1.47.0-win32-x64\jre\21.0.8-win32-x86_64\bin\VCRUNTIME140.dll
0x00007ff9d35e0000 - 0x00007ff9d37a5000 	C:\WINDOWS\System32\USER32.dll
0x00007ff9c0a70000 - 0x00007ff9c0d03000 	C:\WINDOWS\WinSxS\amd64_microsoft.windows.common-controls_6595b64144ccf1df_6.0.26100.6899_none_3e0efeeae32e88c1\COMCTL32.dll
0x00007ff9d13b0000 - 0x00007ff9d13d7000 	C:\WINDOWS\System32\win32u.dll
0x00007ff9d37b0000 - 0x00007ff9d3859000 	C:\WINDOWS\System32\msvcrt.dll
0x00007ff9d34a0000 - 0x00007ff9d34cb000 	C:\WINDOWS\System32\GDI32.dll
0x00007ff9d1490000 - 0x00007ff9d15bd000 	C:\WINDOWS\System32\gdi32full.dll
0x00007ff9d13e0000 - 0x00007ff9d1483000 	C:\WINDOWS\System32\msvcp_win.dll
0x00007ff9d3170000 - 0x00007ff9d319f000 	C:\WINDOWS\System32\IMM32.DLL
0x00007ff9bc660000 - 0x00007ff9bc66c000 	c:\Users\Haqii\.vscode\extensions\redhat.java-1.47.0-win32-x64\jre\21.0.8-win32-x86_64\bin\vcruntime140_1.dll
0x00007ff98ce90000 - 0x00007ff98cf1d000 	c:\Users\Haqii\.vscode\extensions\redhat.java-1.47.0-win32-x64\jre\21.0.8-win32-x86_64\bin\msvcp140.dll
0x00007ff9159e0000 - 0x00007ff916777000 	c:\Users\Haqii\.vscode\extensions\redhat.java-1.47.0-win32-x64\jre\21.0.8-win32-x86_64\bin\server\jvm.dll
0x00007ff9d29c0000 - 0x00007ff9d2a74000 	C:\WINDOWS\System32\ADVAPI32.dll
0x00007ff9d2800000 - 0x00007ff9d28a6000 	C:\WINDOWS\System32\sechost.dll
0x00007ff9d1890000 - 0x00007ff9d19a8000 	C:\WINDOWS\System32\RPCRT4.dll
0x00007ff9d2940000 - 0x00007ff9d29b4000 	C:\WINDOWS\System32\WS2_32.dll
0x00007ff9d0ad0000 - 0x00007ff9d0b2e000 	C:\WINDOWS\SYSTEM32\POWRPROF.dll
0x00007ff9c50e0000 - 0x00007ff9c5115000 	C:\WINDOWS\SYSTEM32\WINMM.dll
0x00007ff9ca0f0000 - 0x00007ff9ca0fb000 	C:\WINDOWS\SYSTEM32\VERSION.dll
0x00007ff9d0ab0000 - 0x00007ff9d0ac4000 	C:\WINDOWS\SYSTEM32\UMPDC.dll
0x00007ff9cfa20000 - 0x00007ff9cfa3b000 	C:\WINDOWS\SYSTEM32\kernel.appcore.dll
0x00007ff9bb650000 - 0x00007ff9bb65a000 	c:\Users\Haqii\.vscode\extensions\redhat.java-1.47.0-win32-x64\jre\21.0.8-win32-x86_64\bin\jimage.dll
0x00007ff9ce050000 - 0x00007ff9ce292000 	C:\WINDOWS\SYSTEM32\DBGHELP.DLL
0x00007ff9d1d00000 - 0x00007ff9d207b000 	C:\WINDOWS\System32\combase.dll
0x00007ff9d31b0000 - 0x00007ff9d3287000 	C:\WINDOWS\System32\OLEAUT32.dll
0x00007ff9ba550000 - 0x00007ff9ba58c000 	C:\WINDOWS\SYSTEM32\dbgcore.DLL
0x00007ff9d1310000 - 0x00007ff9d13a8000 	C:\WINDOWS\System32\bcryptPrimitives.dll
0x00007ff9cb420000 - 0x00007ff9cb42f000 	c:\Users\Haqii\.vscode\extensions\redhat.java-1.47.0-win32-x64\jre\21.0.8-win32-x86_64\bin\instrument.dll
0x00007ff9b4c00000 - 0x00007ff9b4c1f000 	c:\Users\Haqii\.vscode\extensions\redhat.java-1.47.0-win32-x64\jre\21.0.8-win32-x86_64\bin\java.dll
0x00007ff9d20b0000 - 0x00007ff9d27fd000 	C:\WINDOWS\System32\SHELL32.dll
0x00007ff9d0c50000 - 0x00007ff9d0dbb000 	C:\WINDOWS\System32\wintypes.dll
0x00007ff9ce8e0000 - 0x00007ff9cf13d000 	C:\WINDOWS\SYSTEM32\windows.storage.dll
0x00007ff9d34d0000 - 0x00007ff9d35c2000 	C:\WINDOWS\System32\SHCORE.dll
0x00007ff9d1c90000 - 0x00007ff9d1cf2000 	C:\WINDOWS\System32\shlwapi.dll
0x00007ff9d0b70000 - 0x00007ff9d0b99000 	C:\WINDOWS\SYSTEM32\profapi.dll
0x00007ff9b98c0000 - 0x00007ff9b98d8000 	c:\Users\Haqii\.vscode\extensions\redhat.java-1.47.0-win32-x64\jre\21.0.8-win32-x86_64\bin\zip.dll
0x00007ff9bb320000 - 0x00007ff9bb330000 	C:\Users\Haqii\.vscode\extensions\redhat.java-1.47.0-win32-x64\jre\21.0.8-win32-x86_64\bin\net.dll
0x00007ff9c5c80000 - 0x00007ff9c5d9f000 	C:\WINDOWS\SYSTEM32\WINHTTP.dll
0x00007ff9cff90000 - 0x00007ff9cfffb000 	C:\WINDOWS\system32\mswsock.dll
0x00007ff9aa290000 - 0x00007ff9aa2a6000 	C:\Users\Haqii\.vscode\extensions\redhat.java-1.47.0-win32-x64\jre\21.0.8-win32-x86_64\bin\nio.dll
0x00007ff9cb410000 - 0x00007ff9cb420000 	c:\Users\Haqii\.vscode\extensions\redhat.java-1.47.0-win32-x64\jre\21.0.8-win32-x86_64\bin\verify.dll
0x00007ff9bb6a0000 - 0x00007ff9bb6e4000 	C:\Users\Haqii\AppData\Roaming\Code\User\globalStorage\redhat.java\1.47.0\config_win\org.eclipse.equinox.launcher\org.eclipse.equinox.launcher.win32.win32.x86_64_1.2.1400.v20250801-0854\eclipse_11916.dll
0x00007ff9d38e0000 - 0x00007ff9d3a78000 	C:\WINDOWS\System32\ole32.dll
0x00007ff9d0240000 - 0x00007ff9d025b000 	C:\WINDOWS\SYSTEM32\CRYPTSP.dll
0x00007ff9cf980000 - 0x00007ff9cf9bb000 	C:\WINDOWS\system32\rsaenh.dll
0x00007ff9d0030000 - 0x00007ff9d005b000 	C:\WINDOWS\SYSTEM32\USERENV.dll
0x00007ff9d0b40000 - 0x00007ff9d0b66000 	C:\WINDOWS\SYSTEM32\bcrypt.dll
0x00007ff9d0260000 - 0x00007ff9d026c000 	C:\WINDOWS\SYSTEM32\CRYPTBASE.dll
0x00007ff9cf440000 - 0x00007ff9cf474000 	C:\WINDOWS\SYSTEM32\IPHLPAPI.DLL
0x00007ff9d2cd0000 - 0x00007ff9d2cda000 	C:\WINDOWS\System32\NSI.dll
0x00007ff9b96f0000 - 0x00007ff9b9739000 	C:\Users\Haqii\AppData\Local\Temp\jna-69495192\jna9523034790474550795.dll
0x00007ff9d35d0000 - 0x00007ff9d35d8000 	C:\WINDOWS\System32\PSAPI.DLL
0x00007ff9c91f0000 - 0x00007ff9c920e000 	C:\WINDOWS\SYSTEM32\dhcpcsvc6.DLL
0x00007ff9c5460000 - 0x00007ff9c5483000 	C:\WINDOWS\SYSTEM32\dhcpcsvc.DLL
0x00007ff9add80000 - 0x00007ff9adda7000 	C:\Users\Haqii\.gradle\native\1def1411415f61bf3af743bc5b6707747c0891f09f0c88961ee8f79bc544acac\windows-amd64\native-platform.dll
0x00007ff9aff40000 - 0x00007ff9aff4a000 	C:\Users\Haqii\.vscode\extensions\redhat.java-1.47.0-win32-x64\jre\21.0.8-win32-x86_64\bin\management.dll
0x00007ff9aff30000 - 0x00007ff9aff3b000 	C:\Users\Haqii\.vscode\extensions\redhat.java-1.47.0-win32-x64\jre\21.0.8-win32-x86_64\bin\management_ext.dll
0x00007ff9af800000 - 0x00007ff9af809000 	C:\Users\Haqii\.vscode\extensions\redhat.java-1.47.0-win32-x64\jre\21.0.8-win32-x86_64\bin\extnet.dll
0x00007ff9af930000 - 0x00007ff9af93e000 	C:\Users\Haqii\.vscode\extensions\redhat.java-1.47.0-win32-x64\jre\21.0.8-win32-x86_64\bin\sunmscapi.dll
0x00007ff9d15c0000 - 0x00007ff9d1737000 	C:\WINDOWS\System32\CRYPT32.dll
0x00007ff9d0460000 - 0x00007ff9d0490000 	C:\WINDOWS\SYSTEM32\ncrypt.dll
0x00007ff9d0410000 - 0x00007ff9d044f000 	C:\WINDOWS\SYSTEM32\NTASN1.dll
0x00007ff964230000 - 0x00007ff964238000 	C:\WINDOWS\system32\wshunix.dll

JVMTI agents:
c:\Users\Haqii\.vscode\extensions\redhat.java-1.47.0-win32-x64\lombok\lombok-1.18.39-4050.jar path:c:\Users\Haqii\.vscode\extensions\redhat.java-1.47.0-win32-x64\jre\21.0.8-win32-x86_64\bin\instrument.dll, loaded, initialized, instrumentlib options:none

dbghelp: loaded successfully - version: 4.0.5 - missing functions: none
symbol engine: initialized successfully - sym options: 0x614 - pdb path: .;c:\Users\Haqii\.vscode\extensions\redhat.java-1.47.0-win32-x64\jre\21.0.8-win32-x86_64\bin;C:\WINDOWS\SYSTEM32;C:\WINDOWS\WinSxS\amd64_microsoft.windows.common-controls_6595b64144ccf1df_6.0.26100.6899_none_3e0efeeae32e88c1;c:\Users\Haqii\.vscode\extensions\redhat.java-1.47.0-win32-x64\jre\21.0.8-win32-x86_64\bin\server;C:\Users\Haqii\AppData\Roaming\Code\User\globalStorage\redhat.java\1.47.0\config_win\org.eclipse.equinox.launcher\org.eclipse.equinox.launcher.win32.win32.x86_64_1.2.1400.v20250801-0854;C:\Users\Haqii\AppData\Local\Temp\jna-69495192;C:\Users\Haqii\.gradle\native\1def1411415f61bf3af743bc5b6707747c0891f09f0c88961ee8f79bc544acac\windows-amd64

VM Arguments:
jvm_args: --add-modules=ALL-SYSTEM --add-opens=java.base/java.util=ALL-UNNAMED --add-opens=java.base/java.lang=ALL-UNNAMED --add-opens=java.base/sun.nio.fs=ALL-UNNAMED -Declipse.application=org.eclipse.jdt.ls.core.id1 -Dosgi.bundles.defaultStartLevel=4 -Declipse.product=org.eclipse.jdt.ls.core.product -Djava.import.generatesMetadataFilesAtProjectRoot=false -DDetectVMInstallationsJob.disabled=true -Dfile.encoding=utf8 -XX:+UseParallelGC -XX:GCTimeRatio=4 -XX:AdaptiveSizePolicyWeight=90 -Dsun.zip.disableMemoryMapping=true -Xmx2G -Xms100m -Xlog:disable -javaagent:c:\Users\Haqii\.vscode\extensions\redhat.java-1.47.0-win32-x64\lombok\lombok-1.18.39-4050.jar -XX:+HeapDumpOnOutOfMemoryError -XX:HeapDumpPath=c:\Users\Haqii\AppData\Roaming\Code\User\workspaceStorage\3dc9cd43f3ba78d4e4c793072e614d38\redhat.java -Daether.dependencyCollector.impl=bf 
java_command: c:\Users\Haqii\.vscode\extensions\redhat.java-1.47.0-win32-x64\server\plugins\org.eclipse.equinox.launcher_1.7.100.v20251014-1222.jar -configuration c:\Users\Haqii\AppData\Roaming\Code\User\globalStorage\redhat.java\1.47.0\config_win -data c:\Users\Haqii\AppData\Roaming\Code\User\workspaceStorage\3dc9cd43f3ba78d4e4c793072e614d38\redhat.java\jdt_ws --pipe=\\.\pipe\lsp-17d2ed77982983d147a1327d1aafc594-sock
java_class_path (initial): c:\Users\Haqii\.vscode\extensions\redhat.java-1.47.0-win32-x64\server\plugins\org.eclipse.equinox.launcher_1.7.100.v20251014-1222.jar
Launcher Type: SUN_STANDARD

[Global flags]
    uintx AdaptiveSizePolicyWeight                 = 90                                        {product} {command line}
     intx CICompilerCount                          = 12                                        {product} {ergonomic}
    uintx GCTimeRatio                              = 4                                         {product} {command line}
     bool HeapDumpOnOutOfMemoryError               = true                                   {manageable} {command line}
    ccstr HeapDumpPath                             = c:\Users\Haqii\AppData\Roaming\Code\User\workspaceStorage\3dc9cd43f3ba78d4e4c793072e614d38\redhat.java         {manageable} {command line}
   size_t InitialHeapSize                          = 104857600                                 {product} {command line}
   size_t MaxHeapSize                              = 2147483648                                {product} {command line}
   size_t MaxNewSize                               = 715653120                                 {product} {ergonomic}
   size_t MinHeapDeltaBytes                        = 524288                                    {product} {ergonomic}
   size_t MinHeapSize                              = 104857600                                 {product} {command line}
   size_t NewSize                                  = 34603008                                  {product} {ergonomic}
    uintx NonNMethodCodeHeapSize                   = 7602480                                {pd product} {ergonomic}
    uintx NonProfiledCodeHeapSize                  = 122027880                              {pd product} {ergonomic}
   size_t OldSize                                  = 70254592                                  {product} {ergonomic}
    uintx ProfiledCodeHeapSize                     = 122027880                              {pd product} {ergonomic}
    uintx ReservedCodeCacheSize                    = 251658240                              {pd product} {ergonomic}
     bool SegmentedCodeCache                       = true                                      {product} {ergonomic}
   size_t SoftMaxHeapSize                          = 2147483648                             {manageable} {ergonomic}
     bool UseCompressedOops                        = true                           {product lp64_product} {ergonomic}
     bool UseLargePagesIndividualAllocation        = false                                  {pd product} {ergonomic}
     bool UseParallelGC                            = true                                      {product} {command line}

Logging:
Log output configuration:
 #0: stdout all=off uptime,level,tags foldmultilines=false
 #1: stderr all=off uptime,level,tags foldmultilines=false

Environment Variables:
PATH=C:\Program Files\Common Files\Oracle\Java\javapath;C:\Program Files (x86)\Common Files\Oracle\Java\java8path;C:\Program Files (x86)\Common Files\Oracle\Java\javapath;C:\WINDOWS\system32;C:\WINDOWS;C:\WINDOWS\System32\Wbem;C:\WINDOWS\System32\WindowsPowerShell\v1.0\;C:\WINDOWS\System32\OpenSSH\;C:\xampp\php;C:\ProgramData\ComposerSetup\bin;C:\Program Files\Git\cmd;C:\Program Files\dotnet\;C:\ProgramData\chocolatey\bin;C:\Program Files\Neovim\bin;C:\Program Files\nodejs\;C:\Program Files\Common Files\Oracle\Java\javapath;C:\Windows\system32;C:\Windows;C:\Windows\System32\Wbem;C:\Windows\System32\WindowsPowerShell\v1.0\;C:\Windows\System32\OpenSSH\;C:\xampp\php;C:\ProgramData\ComposerSetup\bin;C:\Program Files\nodejs\;C:\Program Files\Git\cmd;C:\Program Files\dotnet\;C:\ProgramData\chocolatey\bin;c:\Users\Haqii\AppData\Local\Programs\cursor\resources\app\codeBin;C:\Users\Haqii\AppData\Local\Programs\Python\Launcher\;C:\Users\Haqii\AppData\Local\Microsoft\WindowsApps;C:\Users\Haqii\AppData\Local\Programs\Microsoft VS Code\bin;C:\Users\Haqii\AppData\Roaming\Composer\vendor\bin;C:\msys64\ucrt64\bin;C:\Users\Haqii\AppData\Local\spicetify;C:\Users\Haqii\.deno\bin;C:\Android\cmdline-tools\latest\bin;C:\Android\platform-tools;C:\Android\emulator;C:\Users\Haqii\AppData\Roaming\npm;C:\Users\Haqii\AppData\Local\Microsoft\WindowsApps
USERNAME=Haqii
OS=Windows_NT
PROCESSOR_IDENTIFIER=AMD64 Family 25 Model 68 Stepping 1, AuthenticAMD
TMP=C:\Users\Haqii\AppData\Local\Temp
TEMP=C:\Users\Haqii\AppData\Local\Temp




Periodic native trim disabled

---------------  S Y S T E M  ---------------

OS:
 Windows 11 , 64 bit Build 26100 (10.0.26100.6725)
OS uptime: 0 days 0:40 hours

CPU: total 16 (initial active 16) (16 cores per cpu, 2 threads per core) family 25 model 68 stepping 1 microcode 0xa404102, cx8, cmov, fxsr, ht, mmx, 3dnowpref, sse, sse2, sse3, ssse3, sse4a, sse4.1, sse4.2, popcnt, lzcnt, tsc, tscinvbit, avx, avx2, aes, erms, clmul, bmi1, bmi2, adx, sha, fma, vzeroupper, clflush, clflushopt, rdtscp, rdpid, fsrm, f16c, pku, cet_ss
Processor Information for the first 16 processors :
  Max Mhz: 3201, Current Mhz: 3201, Mhz Limit: 3201

Memory: 4k page, system-wide physical 14077M (1270M free)
TotalPageFile size 27389M (AvailPageFile size 5M)
current process WorkingSet (physical memory assigned to process): 355M, peak: 355M
current process commit charge ("private bytes"): 461M, peak: 461M

vm_info: OpenJDK 64-Bit Server VM (21.0.8+9-LTS) for windows-amd64 JRE (21.0.8+9-LTS), built on 2025-07-15T00:00:00Z by "admin" with MS VC++ 17.7 (VS2022)

END.
