#
# There is insufficient memory for the Java Runtime Environment to continue.
# Native memory allocation (mmap) failed to map 769654784 bytes. Error detail: G1 virtual space
# Possible reasons:
#   The system is out of physical RAM or swap space
#   This process is running with CompressedOops enabled, and the Java Heap may be blocking the growth of the native heap
# Possible solutions:
#   Reduce memory load on the system
#   Increase physical memory or swap space
#   Check if swap backing store is full
#   Decrease Java heap size (-Xmx/-Xms)
#   Decrease number of Java threads
#   Decrease Java thread stack sizes (-Xss)
#   Set larger code cache with -XX:ReservedCodeCacheSize=
#   JVM is running with Zero Based Compressed Oops mode in which the Java heap is
#     placed in the first 32GB address space. The Java Heap base address is the
#     maximum limit for the native heap growth. Please use -XX:HeapBaseMinAddress
#     to set the Java Heap base and to place the Java Heap above 32GB virtual address.
# This output file may be truncated or incomplete.
#
#  Out of Memory Error (os_windows.cpp:3703), pid=21436, tid=13076
#
# JRE version: Java(TM) SE Runtime Environment (23.0.1+11) (build 23.0.1+11-39)
# Java VM: Java HotSpot(TM) 64-Bit Server VM (23.0.1+11-39, mixed mode, sharing, tiered, compressed oops, compressed class ptrs, g1 gc, windows-amd64)
# No core dump will be written. Minidumps are not enabled by default on client versions of Windows
#

---------------  S U M M A R Y ------------

Command Line: -DkotlinLanguageServer.version=1.3.13 org.javacs.kt.MainKt

Host: AMD Ryzen 7 7735HS with Radeon Graphics        , 16 cores, 15G,  Windows 10 , 64 bit Build 19041 (10.0.19041.5915)
Time: Wed Oct  8 13:11:10 2025 SE Asia Standard Time elapsed time: 12.235120 seconds (0d 0h 0m 12s)

---------------  T H R E A D  ---------------

Current thread (0x00000257fd444730):  VMThread "VM Thread"          [id=13076, stack(0x0000007b5d000000,0x0000007b5d100000) (1024K)]

Stack: [0x0000007b5d000000,0x0000007b5d100000]
Native frames: (J=compiled Java code, j=interpreted, Vv=VM code, C=native code)
V  [jvm.dll+0x6e08b9]  (no source info available)
V  [jvm.dll+0x87dc83]  (no source info available)
V  [jvm.dll+0x88010e]  (no source info available)
V  [jvm.dll+0x8807e3]  (no source info available)
V  [jvm.dll+0x27aee6]  (no source info available)
V  [jvm.dll+0x6dd1c5]  (no source info available)
V  [jvm.dll+0x6d104a]  (no source info available)
V  [jvm.dll+0x35b3ea]  (no source info available)
V  [jvm.dll+0x3637f6]  (no source info available)
V  [jvm.dll+0x34fd5e]  (no source info available)
V  [jvm.dll+0x34fff8]  (no source info available)
V  [jvm.dll+0x3289cc]  (no source info available)
V  [jvm.dll+0x328a5a]  (no source info available)
V  [jvm.dll+0x374c92]  (no source info available)
V  [jvm.dll+0x373392]  (no source info available)
V  [jvm.dll+0x3281a7]  (no source info available)
V  [jvm.dll+0x372b44]  (no source info available)
V  [jvm.dll+0x886720]  (no source info available)
V  [jvm.dll+0x887a47]  (no source info available)
V  [jvm.dll+0x887f78]  (no source info available)
V  [jvm.dll+0x888213]  (no source info available)
V  [jvm.dll+0x824f8b]  (no source info available)
V  [jvm.dll+0x6df065]  (no source info available)
C  [ucrtbase.dll+0x21bb2]  (no source info available)
C  [KERNEL32.DLL+0x17374]  (no source info available)
C  [ntdll.dll+0x4cc91]  (no source info available)

VM_Operation (0x0000007b5f2fb770): G1CollectForAllocation, mode: safepoint, requested by thread 0x00000257d0676150


---------------  P R O C E S S  ---------------

Threads class SMR info:
_java_thread_list=0x00000257d50fe630, length=23, elements={
0x00000257fd45c2d0, 0x00000257fd45cff0, 0x00000257fd45ebc0, 0x00000257fd45f620,
0x00000257fd460f20, 0x00000257fd461d90, 0x00000257fd463540, 0x00000257fd469110,
0x00000257c50fb240, 0x00000257c517fbb0, 0x00000257c5182ac0, 0x00000257c5276120,
0x00000257c5800620, 0x00000257c5810070, 0x00000257cfcc86f0, 0x00000257de29b310,
0x00000257d12818f0, 0x00000257d454b900, 0x00000257d27d5cf0, 0x00000257d27d63b0,
0x00000257d454c620, 0x00000257d1c26f30, 0x00000257d0676150
}

Java Threads: ( => current thread )
  0x00000257fd45c2d0 JavaThread "Reference Handler"          daemon [_thread_blocked, id=12108, stack(0x0000007b5d100000,0x0000007b5d200000) (1024K)]
  0x00000257fd45cff0 JavaThread "Finalizer"                  daemon [_thread_blocked, id=21484, stack(0x0000007b5d200000,0x0000007b5d300000) (1024K)]
  0x00000257fd45ebc0 JavaThread "Signal Dispatcher"          daemon [_thread_blocked, id=10232, stack(0x0000007b5d300000,0x0000007b5d400000) (1024K)]
  0x00000257fd45f620 JavaThread "Attach Listener"            daemon [_thread_blocked, id=16852, stack(0x0000007b5d400000,0x0000007b5d500000) (1024K)]
  0x00000257fd460f20 JavaThread "Service Thread"             daemon [_thread_blocked, id=19044, stack(0x0000007b5d500000,0x0000007b5d600000) (1024K)]
  0x00000257fd461d90 JavaThread "Monitor Deflation Thread"   daemon [_thread_blocked, id=1120, stack(0x0000007b5d600000,0x0000007b5d700000) (1024K)]
  0x00000257fd463540 JavaThread "C2 CompilerThread0"         daemon [_thread_blocked, id=1992, stack(0x0000007b5d700000,0x0000007b5d800000) (1024K)]
  0x00000257fd469110 JavaThread "C1 CompilerThread0"         daemon [_thread_blocked, id=14812, stack(0x0000007b5d800000,0x0000007b5d900000) (1024K)]
  0x00000257c50fb240 JavaThread "C1 CompilerThread1"         daemon [_thread_blocked, id=3784, stack(0x0000007b5d900000,0x0000007b5da00000) (1024K)]
  0x00000257c517fbb0 JavaThread "Notification Thread"        daemon [_thread_blocked, id=4024, stack(0x0000007b5da00000,0x0000007b5db00000) (1024K)]
  0x00000257c5182ac0 JavaThread "Common-Cleaner"             daemon [_thread_blocked, id=608, stack(0x0000007b5db00000,0x0000007b5dc00000) (1024K)]
  0x00000257c5276120 JavaThread "C2 CompilerThread1"         daemon [_thread_blocked, id=12988, stack(0x0000007b5dc00000,0x0000007b5dd00000) (1024K)]
  0x00000257c5800620 JavaThread "C1 CompilerThread2"         daemon [_thread_blocked, id=12324, stack(0x0000007b5dd00000,0x0000007b5de00000) (1024K)]
  0x00000257c5810070 JavaThread "C1 CompilerThread3"         daemon [_thread_blocked, id=20848, stack(0x0000007b5de00000,0x0000007b5df00000) (1024K)]
  0x00000257cfcc86f0 JavaThread "client"                            [_thread_in_native, id=12124, stack(0x0000007b5ef00000,0x0000007b5f000000) (1024K)]
  0x00000257de29b310 JavaThread "DestroyJavaVM"                     [_thread_blocked, id=19416, stack(0x0000007b5c900000,0x0000007b5ca00000) (1024K)]
  0x00000257d12818f0 JavaThread "async0"                            [_thread_blocked, id=16724, stack(0x0000007b5f000000,0x0000007b5f100000) (1024K)]
  0x00000257d454b900 JavaThread "async1"                            [_thread_blocked, id=21404, stack(0x0000007b5ed00000,0x0000007b5ee00000) (1024K)]
  0x00000257d27d5cf0 JavaThread "C2 CompilerThread2"         daemon [_thread_blocked, id=10164, stack(0x0000007b5ee00000,0x0000007b5ef00000) (1024K)]
  0x00000257d27d63b0 JavaThread "C2 CompilerThread3"         daemon [_thread_blocked, id=7708, stack(0x0000007b5f100000,0x0000007b5f200000) (1024K)]
  0x00000257d454c620 JavaThread "debounce0"                         [_thread_blocked, id=12460, stack(0x0000007b5f300000,0x0000007b5f400000) (1024K)]
  0x00000257d1c26f30 JavaThread "async2"                            [_thread_blocked, id=10832, stack(0x0000007b5f400000,0x0000007b5f500000) (1024K)]
  0x00000257d0676150 JavaThread "async3"                            [_thread_blocked, id=1528, stack(0x0000007b5f200000,0x0000007b5f300000) (1024K)]
Total: 23

Other Threads:
=>0x00000257fd444730 VMThread "VM Thread"                           [id=13076, stack(0x0000007b5d000000,0x0000007b5d100000) (1024K)]
  0x00000257fd42ffb0 WatcherThread "VM Periodic Task Thread"        [id=19800, stack(0x0000007b5cf00000,0x0000007b5d000000) (1024K)]
  0x00000257de303c70 WorkerThread "GC Thread#0"                     [id=13024, stack(0x0000007b5ca00000,0x0000007b5cb00000) (1024K)]
  0x00000257c5cfaae0 WorkerThread "GC Thread#1"                     [id=12780, stack(0x0000007b5df00000,0x0000007b5e000000) (1024K)]
  0x00000257c5cfae90 WorkerThread "GC Thread#2"                     [id=19680, stack(0x0000007b5e000000,0x0000007b5e100000) (1024K)]
  0x00000257c5cfb240 WorkerThread "GC Thread#3"                     [id=5132, stack(0x0000007b5e100000,0x0000007b5e200000) (1024K)]
  0x00000257c5cad420 WorkerThread "GC Thread#4"                     [id=17324, stack(0x0000007b5e200000,0x0000007b5e300000) (1024K)]
  0x00000257c5d47ff0 WorkerThread "GC Thread#5"                     [id=18876, stack(0x0000007b5e300000,0x0000007b5e400000) (1024K)]
  0x00000257c5d483a0 WorkerThread "GC Thread#6"                     [id=7676, stack(0x0000007b5e400000,0x0000007b5e500000) (1024K)]
  0x00000257c6138e70 WorkerThread "GC Thread#7"                     [id=19136, stack(0x0000007b5e500000,0x0000007b5e600000) (1024K)]
  0x00000257c6328070 WorkerThread "GC Thread#8"                     [id=8480, stack(0x0000007b5e600000,0x0000007b5e700000) (1024K)]
  0x00000257c63287d0 WorkerThread "GC Thread#9"                     [id=8228, stack(0x0000007b5e700000,0x0000007b5e800000) (1024K)]
  0x00000257c696f590 WorkerThread "GC Thread#10"                    [id=12188, stack(0x0000007b5e800000,0x0000007b5e900000) (1024K)]
  0x00000257c6970f60 WorkerThread "GC Thread#11"                    [id=8780, stack(0x0000007b5e900000,0x0000007b5ea00000) (1024K)]
  0x00000257c6971e20 WorkerThread "GC Thread#12"                    [id=20940, stack(0x0000007b5ea00000,0x0000007b5eb00000) (1024K)]
  0x00000257de317f70 ConcurrentGCThread "G1 Main Marker"            [id=5212, stack(0x0000007b5cb00000,0x0000007b5cc00000) (1024K)]
  0x00000257de319220 WorkerThread "G1 Conc#0"                       [id=19212, stack(0x0000007b5cc00000,0x0000007b5cd00000) (1024K)]
  0x00000257c69716c0 WorkerThread "G1 Conc#1"                       [id=4032, stack(0x0000007b5eb00000,0x0000007b5ec00000) (1024K)]
  0x00000257c69700a0 WorkerThread "G1 Conc#2"                       [id=21376, stack(0x0000007b5ec00000,0x0000007b5ed00000) (1024K)]
  0x00000257de35ead0 ConcurrentGCThread "G1 Refine#0"               [id=18020, stack(0x0000007b5cd00000,0x0000007b5ce00000) (1024K)]
  0x00000257fd3026c0 ConcurrentGCThread "G1 Service"                [id=10420, stack(0x0000007b5ce00000,0x0000007b5cf00000) (1024K)]
Total: 21

Threads with active compile tasks:
C2 CompilerThread2  12265 17938       4       org.jetbrains.kotlin.cfg.pseudocode.PseudocodeImpl::addInstruction (181 bytes)
C2 CompilerThread3  12265 17936       4       org.jetbrains.kotlin.cfg.pseudocode.ControlFlowInstructionsGenerator$ControlFlowInstructionsGeneratorWorker::add (9 bytes)
Total: 2

VM state: at safepoint (normal execution)

VM Mutex/Monitor currently owned by a thread:  ([mutex/lock_event])
[0x00007ffcfb5e3910] Threads_lock - owner thread: 0x00000257fd444730
[0x00007ffcfb5e3a10] Heap_lock - owner thread: 0x00000257d0676150

Heap address: 0x000000070c000000, size: 3904 MB, Compressed Oops mode: Zero based, Oop shift amount: 3

CDS archive(s) mapped at: [0x0000025780000000-0x0000025780d70000-0x0000025780d70000), size 14090240, SharedBaseAddress: 0x0000025780000000, ArchiveRelocationMode: 1.
Compressed class space mapped at: 0x0000025781000000-0x00000257c1000000, reserved size: 1073741824
Narrow klass base: 0x0000025780000000, Narrow klass shift: 0, Narrow klass range: 0x41000000

GC Precious Log:
 CardTable entry size: 512
 Card Set container configuration: InlinePtr #cards 4 size 8 Array Of Cards #cards 16 size 48 Howl #buckets 8 coarsen threshold 3686 Howl Bitmap #cards 512 size 80 coarsen threshold 460 Card regions per heap region 1 cards per card region 4096
 CPUs: 16 total, 16 available
 Memory: 15613M
 Large Page Support: Disabled
 NUMA Support: Disabled
 Compressed Oops: Enabled (Zero based)
 Heap Region Size: 2M
 Heap Min Capacity: 8M
 Heap Initial Capacity: 244M
 Heap Max Capacity: 3904M
 Pre-touch: Disabled
 Parallel Workers: 13
 Concurrent Workers: 3
 Concurrent Refinement Workers: 13
 Periodic GC: Disabled

Heap:
 garbage-first heap   total reserved 3997696K, committed 378880K, used 235638K [0x000000070c000000, 0x0000000800000000)
  region size 2048K, 8 young (16384K), 8 survivors (16384K)
 Metaspace       used 78344K, committed 79360K, reserved 1179648K
  class space    used 9065K, committed 9536K, reserved 1048576K

Heap Regions: E=young(eden), S=young(survivor), O=old, HS=humongous(starts), HC=humongous(continues), CS=collection set, F=free, TAMS=top-at-mark-start, PB=parsable bottom
|   0|0x000000070c000000, 0x000000070c200000, 0x000000070c200000|100%|HS|  |TAMS 0x000000070c000000| PB 0x000000070c000000| Complete |  0
|   1|0x000000070c200000, 0x000000070c400000, 0x000000070c400000|100%|HC|  |TAMS 0x000000070c200000| PB 0x000000070c200000| Complete |  0
|   2|0x000000070c400000, 0x000000070c600000, 0x000000070c600000|100%| O|  |TAMS 0x000000070c400000| PB 0x000000070c400000| Untracked |  0
|   3|0x000000070c600000, 0x000000070c800000, 0x000000070c800000|100%| O|  |TAMS 0x000000070c600000| PB 0x000000070c600000| Untracked |  0
|   4|0x000000070c800000, 0x000000070ca00000, 0x000000070ca00000|100%| O|  |TAMS 0x000000070c800000| PB 0x000000070c800000| Untracked |  0
|   5|0x000000070ca00000, 0x000000070cc00000, 0x000000070cc00000|100%| O|  |TAMS 0x000000070ca00000| PB 0x000000070ca00000| Untracked |  0
|   6|0x000000070cc00000, 0x000000070ce00000, 0x000000070ce00000|100%| O|  |TAMS 0x000000070cc00000| PB 0x000000070cc00000| Untracked |  0
|   7|0x000000070ce00000, 0x000000070d000000, 0x000000070d000000|100%| O|  |TAMS 0x000000070ce00000| PB 0x000000070ce00000| Untracked |  0
|   8|0x000000070d000000, 0x000000070d200000, 0x000000070d200000|100%| O|  |TAMS 0x000000070d000000| PB 0x000000070d000000| Untracked |  0
|   9|0x000000070d200000, 0x000000070d400000, 0x000000070d400000|100%| O|  |TAMS 0x000000070d200000| PB 0x000000070d200000| Untracked |  0
|  10|0x000000070d400000, 0x000000070d600000, 0x000000070d600000|100%| O|  |TAMS 0x000000070d400000| PB 0x000000070d400000| Untracked |  0
|  11|0x000000070d600000, 0x000000070d800000, 0x000000070d800000|100%| O|  |TAMS 0x000000070d600000| PB 0x000000070d600000| Untracked |  0
|  12|0x000000070d800000, 0x000000070da00000, 0x000000070da00000|100%| O|  |TAMS 0x000000070d800000| PB 0x000000070d800000| Untracked |  0
|  13|0x000000070da00000, 0x000000070dc00000, 0x000000070dc00000|100%| O|  |TAMS 0x000000070da00000| PB 0x000000070da00000| Untracked |  0
|  14|0x000000070dc00000, 0x000000070de00000, 0x000000070de00000|100%| O|  |TAMS 0x000000070dc00000| PB 0x000000070dc00000| Untracked |  0
|  15|0x000000070de00000, 0x000000070e000000, 0x000000070e000000|100%| O|  |TAMS 0x000000070de00000| PB 0x000000070de00000| Untracked |  0
|  16|0x000000070e000000, 0x000000070e200000, 0x000000070e200000|100%| O|  |TAMS 0x000000070e000000| PB 0x000000070e000000| Untracked |  0
|  17|0x000000070e200000, 0x000000070e400000, 0x000000070e400000|100%| O|  |TAMS 0x000000070e200000| PB 0x000000070e200000| Untracked |  0
|  18|0x000000070e400000, 0x000000070e600000, 0x000000070e600000|100%| O|  |TAMS 0x000000070e400000| PB 0x000000070e400000| Untracked |  0
|  19|0x000000070e600000, 0x000000070e800000, 0x000000070e800000|100%|HS|  |TAMS 0x000000070e600000| PB 0x000000070e600000| Complete |  0
|  20|0x000000070e800000, 0x000000070ea00000, 0x000000070ea00000|100%| O|  |TAMS 0x000000070e800000| PB 0x000000070e800000| Untracked |  0
|  21|0x000000070ea00000, 0x000000070ec00000, 0x000000070ec00000|100%| O|  |TAMS 0x000000070ea00000| PB 0x000000070ea00000| Untracked |  0
|  22|0x000000070ec00000, 0x000000070ee00000, 0x000000070ee00000|100%| O|  |TAMS 0x000000070ec00000| PB 0x000000070ec00000| Untracked |  0
|  23|0x000000070ee00000, 0x000000070f000000, 0x000000070f000000|100%| O|  |TAMS 0x000000070ee00000| PB 0x000000070ee00000| Untracked |  0
|  24|0x000000070f000000, 0x000000070f200000, 0x000000070f200000|100%| O|  |TAMS 0x000000070f000000| PB 0x000000070f000000| Untracked |  0
|  25|0x000000070f200000, 0x000000070f400000, 0x000000070f400000|100%| O|  |TAMS 0x000000070f200000| PB 0x000000070f200000| Untracked |  0
|  26|0x000000070f400000, 0x000000070f600000, 0x000000070f600000|100%| O|  |TAMS 0x000000070f400000| PB 0x000000070f400000| Untracked |  0
|  27|0x000000070f600000, 0x000000070f800000, 0x000000070f800000|100%| O|  |TAMS 0x000000070f600000| PB 0x000000070f600000| Untracked |  0
|  28|0x000000070f800000, 0x000000070fa00000, 0x000000070fa00000|100%| O|  |TAMS 0x000000070f800000| PB 0x000000070f800000| Untracked |  0
|  29|0x000000070fa00000, 0x000000070fc00000, 0x000000070fc00000|100%| O|  |TAMS 0x000000070fa00000| PB 0x000000070fa00000| Untracked |  0
|  30|0x000000070fc00000, 0x000000070fe00000, 0x000000070fe00000|100%| O|  |TAMS 0x000000070fc00000| PB 0x000000070fc00000| Untracked |  0
|  31|0x000000070fe00000, 0x0000000710000000, 0x0000000710000000|100%| O|  |TAMS 0x000000070fe00000| PB 0x000000070fe00000| Untracked |  0
|  32|0x0000000710000000, 0x0000000710200000, 0x0000000710200000|100%| O|  |TAMS 0x0000000710000000| PB 0x0000000710000000| Untracked |  0
|  33|0x0000000710200000, 0x0000000710400000, 0x0000000710400000|100%| O|  |TAMS 0x0000000710200000| PB 0x0000000710200000| Untracked |  0
|  34|0x0000000710400000, 0x0000000710600000, 0x0000000710600000|100%| O|  |TAMS 0x0000000710400000| PB 0x0000000710400000| Untracked |  0
|  35|0x0000000710600000, 0x0000000710800000, 0x0000000710800000|100%| O|  |TAMS 0x0000000710600000| PB 0x0000000710600000| Untracked |  0
|  36|0x0000000710800000, 0x0000000710a00000, 0x0000000710a00000|100%| O|  |TAMS 0x0000000710800000| PB 0x0000000710800000| Untracked |  0
|  37|0x0000000710a00000, 0x0000000710c00000, 0x0000000710c00000|100%| O|  |TAMS 0x0000000710a00000| PB 0x0000000710a00000| Untracked |  0
|  38|0x0000000710c00000, 0x0000000710e00000, 0x0000000710e00000|100%| O|  |TAMS 0x0000000710c00000| PB 0x0000000710c00000| Untracked |  0
|  39|0x0000000710e00000, 0x0000000711000000, 0x0000000711000000|100%| O|  |TAMS 0x0000000710e00000| PB 0x0000000710e00000| Untracked |  0
|  40|0x0000000711000000, 0x0000000711200000, 0x0000000711200000|100%| O|  |TAMS 0x0000000711000000| PB 0x0000000711000000| Untracked |  0
|  41|0x0000000711200000, 0x0000000711400000, 0x0000000711400000|100%| O|  |TAMS 0x0000000711200000| PB 0x0000000711200000| Untracked |  0
|  42|0x0000000711400000, 0x0000000711600000, 0x0000000711600000|100%| O|  |TAMS 0x0000000711400000| PB 0x0000000711400000| Untracked |  0
|  43|0x0000000711600000, 0x0000000711800000, 0x0000000711800000|100%| O|  |TAMS 0x0000000711600000| PB 0x0000000711600000| Untracked |  0
|  44|0x0000000711800000, 0x0000000711a00000, 0x0000000711a00000|100%| O|  |TAMS 0x0000000711800000| PB 0x0000000711800000| Untracked |  0
|  45|0x0000000711a00000, 0x0000000711c00000, 0x0000000711c00000|100%| O|  |TAMS 0x0000000711a00000| PB 0x0000000711a00000| Untracked |  0
|  46|0x0000000711c00000, 0x0000000711e00000, 0x0000000711e00000|100%| O|  |TAMS 0x0000000711c00000| PB 0x0000000711c00000| Untracked |  0
|  47|0x0000000711e00000, 0x0000000712000000, 0x0000000712000000|100%| O|  |TAMS 0x0000000711e00000| PB 0x0000000711e00000| Untracked |  0
|  48|0x0000000712000000, 0x0000000712200000, 0x0000000712200000|100%| O|  |TAMS 0x0000000712000000| PB 0x0000000712000000| Untracked |  0
|  49|0x0000000712200000, 0x0000000712400000, 0x0000000712400000|100%| O|  |TAMS 0x0000000712200000| PB 0x0000000712200000| Untracked |  0
|  50|0x0000000712400000, 0x0000000712600000, 0x0000000712600000|100%| O|  |TAMS 0x0000000712400000| PB 0x0000000712400000| Untracked |  0
|  51|0x0000000712600000, 0x0000000712800000, 0x0000000712800000|100%| O|  |TAMS 0x0000000712600000| PB 0x0000000712600000| Untracked |  0
|  52|0x0000000712800000, 0x0000000712a00000, 0x0000000712a00000|100%| O|  |TAMS 0x0000000712800000| PB 0x0000000712800000| Untracked |  0
|  53|0x0000000712a00000, 0x0000000712c00000, 0x0000000712c00000|100%| O|  |TAMS 0x0000000712a00000| PB 0x0000000712a00000| Untracked |  0
|  54|0x0000000712c00000, 0x0000000712e00000, 0x0000000712e00000|100%| O|  |TAMS 0x0000000712c00000| PB 0x0000000712c00000| Untracked |  0
|  55|0x0000000712e00000, 0x0000000713000000, 0x0000000713000000|100%| O|  |TAMS 0x0000000712e00000| PB 0x0000000712e00000| Untracked |  0
|  56|0x0000000713000000, 0x0000000713200000, 0x0000000713200000|100%| O|  |TAMS 0x0000000713000000| PB 0x0000000713000000| Untracked |  0
|  57|0x0000000713200000, 0x0000000713400000, 0x0000000713400000|100%| O|  |TAMS 0x0000000713200000| PB 0x0000000713200000| Untracked |  0
|  58|0x0000000713400000, 0x0000000713600000, 0x0000000713600000|100%| O|  |TAMS 0x0000000713400000| PB 0x0000000713400000| Untracked |  0
|  59|0x0000000713600000, 0x0000000713800000, 0x0000000713800000|100%| O|  |TAMS 0x0000000713600000| PB 0x0000000713600000| Untracked |  0
|  60|0x0000000713800000, 0x0000000713a00000, 0x0000000713a00000|100%| O|  |TAMS 0x0000000713800000| PB 0x0000000713800000| Untracked |  0
|  61|0x0000000713a00000, 0x0000000713c00000, 0x0000000713c00000|100%| O|  |TAMS 0x0000000713a00000| PB 0x0000000713a00000| Untracked |  0
|  62|0x0000000713c00000, 0x0000000713e00000, 0x0000000713e00000|100%| O|  |TAMS 0x0000000713c00000| PB 0x0000000713c00000| Untracked |  0
|  63|0x0000000713e00000, 0x0000000714000000, 0x0000000714000000|100%| O|  |TAMS 0x0000000713e00000| PB 0x0000000713e00000| Untracked |  0
|  64|0x0000000714000000, 0x0000000714200000, 0x0000000714200000|100%| O|  |TAMS 0x0000000714000000| PB 0x0000000714000000| Untracked |  0
|  65|0x0000000714200000, 0x0000000714400000, 0x0000000714400000|100%| O|  |TAMS 0x0000000714200000| PB 0x0000000714200000| Untracked |  0
|  66|0x0000000714400000, 0x0000000714600000, 0x0000000714600000|100%| O|  |TAMS 0x0000000714400000| PB 0x0000000714400000| Untracked |  0
|  67|0x0000000714600000, 0x0000000714800000, 0x0000000714800000|100%| O|  |TAMS 0x0000000714600000| PB 0x0000000714600000| Untracked |  0
|  68|0x0000000714800000, 0x0000000714a00000, 0x0000000714a00000|100%| O|  |TAMS 0x0000000714800000| PB 0x0000000714800000| Untracked |  0
|  69|0x0000000714a00000, 0x0000000714c00000, 0x0000000714c00000|100%| O|  |TAMS 0x0000000714a00000| PB 0x0000000714a00000| Untracked |  0
|  70|0x0000000714c00000, 0x0000000714c00000, 0x0000000714e00000|  0%| F|  |TAMS 0x0000000714c00000| PB 0x0000000714c00000| Untracked |  0
|  71|0x0000000714e00000, 0x0000000714e00000, 0x0000000715000000|  0%| F|  |TAMS 0x0000000714e00000| PB 0x0000000714e00000| Untracked |  0
|  72|0x0000000715000000, 0x0000000715200000, 0x0000000715200000|100%| O|  |TAMS 0x0000000715000000| PB 0x0000000715000000| Untracked |  0
|  73|0x0000000715200000, 0x0000000715400000, 0x0000000715400000|100%| O|  |TAMS 0x0000000715200000| PB 0x0000000715200000| Untracked |  0
|  74|0x0000000715400000, 0x0000000715600000, 0x0000000715600000|100%| O|  |TAMS 0x0000000715400000| PB 0x0000000715400000| Untracked |  0
|  75|0x0000000715600000, 0x0000000715800000, 0x0000000715800000|100%| O|  |TAMS 0x0000000715600000| PB 0x0000000715600000| Untracked |  0
|  76|0x0000000715800000, 0x0000000715a00000, 0x0000000715a00000|100%| O|  |TAMS 0x0000000715800000| PB 0x0000000715800000| Untracked |  0
|  77|0x0000000715a00000, 0x0000000715c00000, 0x0000000715c00000|100%| O|  |TAMS 0x0000000715a00000| PB 0x0000000715a00000| Untracked |  0
|  78|0x0000000715c00000, 0x0000000715e00000, 0x0000000715e00000|100%| O|  |TAMS 0x0000000715c00000| PB 0x0000000715c00000| Untracked |  0
|  79|0x0000000715e00000, 0x0000000716000000, 0x0000000716000000|100%| O|  |TAMS 0x0000000715e00000| PB 0x0000000715e00000| Untracked |  0
|  80|0x0000000716000000, 0x0000000716200000, 0x0000000716200000|100%| O|  |TAMS 0x0000000716000000| PB 0x0000000716000000| Untracked |  0
|  81|0x0000000716200000, 0x0000000716400000, 0x0000000716400000|100%| O|  |TAMS 0x0000000716200000| PB 0x0000000716200000| Untracked |  0
|  82|0x0000000716400000, 0x0000000716600000, 0x0000000716600000|100%| O|  |TAMS 0x0000000716400000| PB 0x0000000716400000| Untracked |  0
|  83|0x0000000716600000, 0x0000000716800000, 0x0000000716800000|100%| O|  |TAMS 0x0000000716600000| PB 0x0000000716600000| Untracked |  0
|  84|0x0000000716800000, 0x0000000716a00000, 0x0000000716a00000|100%| O|  |TAMS 0x0000000716800000| PB 0x0000000716800000| Untracked |  0
|  85|0x0000000716a00000, 0x0000000716c00000, 0x0000000716c00000|100%| O|  |TAMS 0x0000000716a00000| PB 0x0000000716a00000| Untracked |  0
|  86|0x0000000716c00000, 0x0000000716e00000, 0x0000000716e00000|100%| O|  |TAMS 0x0000000716c00000| PB 0x0000000716c00000| Untracked |  0
|  87|0x0000000716e00000, 0x0000000717000000, 0x0000000717000000|100%| O|  |TAMS 0x0000000716e00000| PB 0x0000000716e00000| Untracked |  0
|  88|0x0000000717000000, 0x0000000717200000, 0x0000000717200000|100%| O|  |TAMS 0x0000000717000000| PB 0x0000000717000000| Untracked |  0
|  89|0x0000000717200000, 0x0000000717400000, 0x0000000717400000|100%| O|  |TAMS 0x0000000717200000| PB 0x0000000717200000| Untracked |  0
|  90|0x0000000717400000, 0x0000000717600000, 0x0000000717600000|100%| O|  |TAMS 0x0000000717400000| PB 0x0000000717400000| Untracked |  0
|  91|0x0000000717600000, 0x0000000717800000, 0x0000000717800000|100%| O|  |TAMS 0x0000000717600000| PB 0x0000000717600000| Untracked |  0
|  92|0x0000000717800000, 0x0000000717a00000, 0x0000000717a00000|100%| O|  |TAMS 0x0000000717800000| PB 0x0000000717800000| Untracked |  0
|  93|0x0000000717a00000, 0x0000000717c00000, 0x0000000717c00000|100%| O|  |TAMS 0x0000000717a00000| PB 0x0000000717a00000| Untracked |  0
|  94|0x0000000717c00000, 0x0000000717e00000, 0x0000000717e00000|100%| O|  |TAMS 0x0000000717c00000| PB 0x0000000717c00000| Untracked |  0
|  95|0x0000000717e00000, 0x0000000717e00000, 0x0000000718000000|  0%| F|  |TAMS 0x0000000717e00000| PB 0x0000000717e00000| Untracked |  0
|  96|0x0000000718000000, 0x0000000718000000, 0x0000000718200000|  0%| F|  |TAMS 0x0000000718000000| PB 0x0000000718000000| Untracked |  0
|  97|0x0000000718200000, 0x0000000718400000, 0x0000000718400000|100%|HS|  |TAMS 0x0000000718200000| PB 0x0000000718200000| Complete |  0
|  98|0x0000000718400000, 0x0000000718600000, 0x0000000718600000|100%| O|  |TAMS 0x0000000718400000| PB 0x0000000718400000| Untracked |  0
|  99|0x0000000718600000, 0x0000000718800000, 0x0000000718800000|100%| O|  |TAMS 0x0000000718600000| PB 0x0000000718600000| Untracked |  0
| 100|0x0000000718800000, 0x0000000718a00000, 0x0000000718a00000|100%| O|  |TAMS 0x0000000718800000| PB 0x0000000718800000| Untracked |  0
| 101|0x0000000718a00000, 0x0000000718c00000, 0x0000000718c00000|100%| O|  |TAMS 0x0000000718a00000| PB 0x0000000718a00000| Untracked |  0
| 102|0x0000000718c00000, 0x0000000718e00000, 0x0000000718e00000|100%| O|  |TAMS 0x0000000718c00000| PB 0x0000000718c00000| Untracked |  0
| 103|0x0000000718e00000, 0x0000000719000000, 0x0000000719000000|100%| O|  |TAMS 0x0000000718e00000| PB 0x0000000718e00000| Untracked |  0
| 104|0x0000000719000000, 0x0000000719200000, 0x0000000719200000|100%| O|  |TAMS 0x0000000719000000| PB 0x0000000719000000| Untracked |  0
| 105|0x0000000719200000, 0x0000000719400000, 0x0000000719400000|100%| O|  |TAMS 0x0000000719200000| PB 0x0000000719200000| Untracked |  0
| 106|0x0000000719400000, 0x000000071941dba0, 0x0000000719600000|  5%| O|  |TAMS 0x0000000719400000| PB 0x0000000719400000| Untracked |  0
| 107|0x0000000719600000, 0x0000000719600000, 0x0000000719800000|  0%| F|  |TAMS 0x0000000719600000| PB 0x0000000719600000| Untracked |  0
| 108|0x0000000719800000, 0x0000000719a00000, 0x0000000719a00000|100%| S|CS|TAMS 0x0000000719800000| PB 0x0000000719800000| Complete |  0
| 109|0x0000000719a00000, 0x0000000719c00000, 0x0000000719c00000|100%| S|CS|TAMS 0x0000000719a00000| PB 0x0000000719a00000| Complete |  0
| 110|0x0000000719c00000, 0x0000000719e00000, 0x0000000719e00000|100%| S|CS|TAMS 0x0000000719c00000| PB 0x0000000719c00000| Complete |  0
| 111|0x0000000719e00000, 0x0000000719e00000, 0x000000071a000000|  0%| F|  |TAMS 0x0000000719e00000| PB 0x0000000719e00000| Untracked |  0
| 112|0x000000071a000000, 0x000000071a000000, 0x000000071a200000|  0%| F|  |TAMS 0x000000071a000000| PB 0x000000071a000000| Untracked |  0
| 113|0x000000071a200000, 0x000000071a200000, 0x000000071a400000|  0%| F|  |TAMS 0x000000071a200000| PB 0x000000071a200000| Untracked |  0
| 114|0x000000071a400000, 0x000000071a400000, 0x000000071a600000|  0%| F|  |TAMS 0x000000071a400000| PB 0x000000071a400000| Untracked |  0
| 115|0x000000071a600000, 0x000000071a600000, 0x000000071a800000|  0%| F|  |TAMS 0x000000071a600000| PB 0x000000071a600000| Untracked |  0
| 116|0x000000071a800000, 0x000000071a800000, 0x000000071aa00000|  0%| F|  |TAMS 0x000000071a800000| PB 0x000000071a800000| Untracked |  0
| 117|0x000000071aa00000, 0x000000071aa00000, 0x000000071ac00000|  0%| F|  |TAMS 0x000000071aa00000| PB 0x000000071aa00000| Untracked |  0
| 118|0x000000071ac00000, 0x000000071ac00000, 0x000000071ae00000|  0%| F|  |TAMS 0x000000071ac00000| PB 0x000000071ac00000| Untracked |  0
| 119|0x000000071ae00000, 0x000000071b000000, 0x000000071b000000|100%| S|CS|TAMS 0x000000071ae00000| PB 0x000000071ae00000| Complete |  0
| 120|0x000000071b000000, 0x000000071b200000, 0x000000071b200000|100%| S|CS|TAMS 0x000000071b000000| PB 0x000000071b000000| Complete |  0
| 121|0x000000071b200000, 0x000000071b400000, 0x000000071b400000|100%| S|CS|TAMS 0x000000071b200000| PB 0x000000071b200000| Complete |  0
| 122|0x000000071b400000, 0x000000071b600000, 0x000000071b600000|100%| S|CS|TAMS 0x000000071b400000| PB 0x000000071b400000| Complete |  0
| 123|0x000000071b600000, 0x000000071b800000, 0x000000071b800000|100%| S|CS|TAMS 0x000000071b600000| PB 0x000000071b600000| Complete |  0
| 124|0x000000071b800000, 0x000000071b800000, 0x000000071ba00000|  0%| F|  |TAMS 0x000000071b800000| PB 0x000000071b800000| Untracked |  0
| 125|0x000000071ba00000, 0x000000071ba00000, 0x000000071bc00000|  0%| F|  |TAMS 0x000000071ba00000| PB 0x000000071ba00000| Untracked |  0
| 126|0x000000071bc00000, 0x000000071bc00000, 0x000000071be00000|  0%| F|  |TAMS 0x000000071bc00000| PB 0x000000071bc00000| Untracked |  0
| 127|0x000000071be00000, 0x000000071be00000, 0x000000071c000000|  0%| F|  |TAMS 0x000000071be00000| PB 0x000000071be00000| Untracked |  0
| 128|0x000000071c000000, 0x000000071c000000, 0x000000071c200000|  0%| F|  |TAMS 0x000000071c000000| PB 0x000000071c000000| Untracked |  0
| 129|0x000000071c200000, 0x000000071c200000, 0x000000071c400000|  0%| F|  |TAMS 0x000000071c200000| PB 0x000000071c200000| Untracked |  0
| 130|0x000000071c400000, 0x000000071c400000, 0x000000071c600000|  0%| F|  |TAMS 0x000000071c400000| PB 0x000000071c400000| Untracked |  0
| 131|0x000000071c600000, 0x000000071c600000, 0x000000071c800000|  0%| F|  |TAMS 0x000000071c600000| PB 0x000000071c600000| Untracked |  0
| 132|0x000000071c800000, 0x000000071c800000, 0x000000071ca00000|  0%| F|  |TAMS 0x000000071c800000| PB 0x000000071c800000| Untracked |  0
| 133|0x000000071ca00000, 0x000000071ca00000, 0x000000071cc00000|  0%| F|  |TAMS 0x000000071ca00000| PB 0x000000071ca00000| Untracked |  0
| 134|0x000000071cc00000, 0x000000071cc00000, 0x000000071ce00000|  0%| F|  |TAMS 0x000000071cc00000| PB 0x000000071cc00000| Untracked |  0
| 135|0x000000071ce00000, 0x000000071ce00000, 0x000000071d000000|  0%| F|  |TAMS 0x000000071ce00000| PB 0x000000071ce00000| Untracked |  0
| 136|0x000000071d000000, 0x000000071d000000, 0x000000071d200000|  0%| F|  |TAMS 0x000000071d000000| PB 0x000000071d000000| Untracked |  0
| 137|0x000000071d200000, 0x000000071d200000, 0x000000071d400000|  0%| F|  |TAMS 0x000000071d200000| PB 0x000000071d200000| Untracked |  0
| 138|0x000000071d400000, 0x000000071d400000, 0x000000071d600000|  0%| F|  |TAMS 0x000000071d400000| PB 0x000000071d400000| Untracked |  0
| 139|0x000000071d600000, 0x000000071d600000, 0x000000071d800000|  0%| F|  |TAMS 0x000000071d600000| PB 0x000000071d600000| Untracked |  0
| 140|0x000000071d800000, 0x000000071d800000, 0x000000071da00000|  0%| F|  |TAMS 0x000000071d800000| PB 0x000000071d800000| Untracked |  0
| 141|0x000000071da00000, 0x000000071da00000, 0x000000071dc00000|  0%| F|  |TAMS 0x000000071da00000| PB 0x000000071da00000| Untracked |  0
| 142|0x000000071dc00000, 0x000000071dc00000, 0x000000071de00000|  0%| F|  |TAMS 0x000000071dc00000| PB 0x000000071dc00000| Untracked |  0
| 143|0x000000071de00000, 0x000000071de00000, 0x000000071e000000|  0%| F|  |TAMS 0x000000071de00000| PB 0x000000071de00000| Untracked |  0
| 144|0x000000071e000000, 0x000000071e000000, 0x000000071e200000|  0%| F|  |TAMS 0x000000071e000000| PB 0x000000071e000000| Untracked |  0
| 145|0x000000071e200000, 0x000000071e200000, 0x000000071e400000|  0%| F|  |TAMS 0x000000071e200000| PB 0x000000071e200000| Untracked |  0
| 146|0x000000071e400000, 0x000000071e400000, 0x000000071e600000|  0%| F|  |TAMS 0x000000071e400000| PB 0x000000071e400000| Untracked |  0
| 147|0x000000071e600000, 0x000000071e600000, 0x000000071e800000|  0%| F|  |TAMS 0x000000071e600000| PB 0x000000071e600000| Untracked |  0
| 148|0x000000071e800000, 0x000000071e800000, 0x000000071ea00000|  0%| F|  |TAMS 0x000000071e800000| PB 0x000000071e800000| Untracked |  0
| 149|0x000000071ea00000, 0x000000071ea00000, 0x000000071ec00000|  0%| F|  |TAMS 0x000000071ea00000| PB 0x000000071ea00000| Untracked |  0
| 150|0x000000071ec00000, 0x000000071ec00000, 0x000000071ee00000|  0%| F|  |TAMS 0x000000071ec00000| PB 0x000000071ec00000| Untracked |  0
| 151|0x000000071ee00000, 0x000000071ee00000, 0x000000071f000000|  0%| F|  |TAMS 0x000000071ee00000| PB 0x000000071ee00000| Untracked |  0
| 152|0x000000071f000000, 0x000000071f000000, 0x000000071f200000|  0%| F|  |TAMS 0x000000071f000000| PB 0x000000071f000000| Untracked |  0
| 153|0x000000071f200000, 0x000000071f200000, 0x000000071f400000|  0%| F|  |TAMS 0x000000071f200000| PB 0x000000071f200000| Untracked |  0
| 154|0x000000071f400000, 0x000000071f400000, 0x000000071f600000|  0%| F|  |TAMS 0x000000071f400000| PB 0x000000071f400000| Untracked |  0
| 155|0x000000071f600000, 0x000000071f600000, 0x000000071f800000|  0%| F|  |TAMS 0x000000071f600000| PB 0x000000071f600000| Untracked |  0
| 156|0x000000071f800000, 0x000000071f800000, 0x000000071fa00000|  0%| F|  |TAMS 0x000000071f800000| PB 0x000000071f800000| Untracked |  0
| 157|0x000000071fa00000, 0x000000071fa00000, 0x000000071fc00000|  0%| F|  |TAMS 0x000000071fa00000| PB 0x000000071fa00000| Untracked |  0
| 158|0x000000071fc00000, 0x000000071fc00000, 0x000000071fe00000|  0%| F|  |TAMS 0x000000071fc00000| PB 0x000000071fc00000| Untracked |  0
| 159|0x000000071fe00000, 0x000000071fe00000, 0x0000000720000000|  0%| F|  |TAMS 0x000000071fe00000| PB 0x000000071fe00000| Untracked |  0
| 160|0x0000000720000000, 0x0000000720000000, 0x0000000720200000|  0%| F|  |TAMS 0x0000000720000000| PB 0x0000000720000000| Untracked |  0
| 161|0x0000000720200000, 0x0000000720200000, 0x0000000720400000|  0%| F|  |TAMS 0x0000000720200000| PB 0x0000000720200000| Untracked |  0
| 162|0x0000000720400000, 0x0000000720400000, 0x0000000720600000|  0%| F|  |TAMS 0x0000000720400000| PB 0x0000000720400000| Untracked |  0
| 163|0x0000000720600000, 0x0000000720600000, 0x0000000720800000|  0%| F|  |TAMS 0x0000000720600000| PB 0x0000000720600000| Untracked |  0
| 164|0x0000000720800000, 0x0000000720800000, 0x0000000720a00000|  0%| F|  |TAMS 0x0000000720800000| PB 0x0000000720800000| Untracked |  0
| 165|0x0000000720a00000, 0x0000000720a00000, 0x0000000720c00000|  0%| F|  |TAMS 0x0000000720a00000| PB 0x0000000720a00000| Untracked |  0
| 166|0x0000000720c00000, 0x0000000720c00000, 0x0000000720e00000|  0%| F|  |TAMS 0x0000000720c00000| PB 0x0000000720c00000| Untracked |  0
| 167|0x0000000720e00000, 0x0000000720e00000, 0x0000000721000000|  0%| F|  |TAMS 0x0000000720e00000| PB 0x0000000720e00000| Untracked |  0
| 168|0x0000000721000000, 0x0000000721000000, 0x0000000721200000|  0%| F|  |TAMS 0x0000000721000000| PB 0x0000000721000000| Untracked |  0
| 169|0x0000000721200000, 0x0000000721200000, 0x0000000721400000|  0%| F|  |TAMS 0x0000000721200000| PB 0x0000000721200000| Untracked |  0
| 170|0x0000000721400000, 0x0000000721400000, 0x0000000721600000|  0%| F|  |TAMS 0x0000000721400000| PB 0x0000000721400000| Untracked |  0
| 171|0x0000000721600000, 0x0000000721600000, 0x0000000721800000|  0%| F|  |TAMS 0x0000000721600000| PB 0x0000000721600000| Untracked |  0
| 172|0x0000000721800000, 0x0000000721800000, 0x0000000721a00000|  0%| F|  |TAMS 0x0000000721800000| PB 0x0000000721800000| Untracked |  0
| 173|0x0000000721a00000, 0x0000000721a00000, 0x0000000721c00000|  0%| F|  |TAMS 0x0000000721a00000| PB 0x0000000721a00000| Untracked |  0
| 174|0x0000000721c00000, 0x0000000721c00000, 0x0000000721e00000|  0%| F|  |TAMS 0x0000000721c00000| PB 0x0000000721c00000| Untracked |  0
| 175|0x0000000721e00000, 0x0000000721e00000, 0x0000000722000000|  0%| F|  |TAMS 0x0000000721e00000| PB 0x0000000721e00000| Untracked |  0
| 176|0x0000000722000000, 0x0000000722000000, 0x0000000722200000|  0%| F|  |TAMS 0x0000000722000000| PB 0x0000000722000000| Untracked |  0
| 177|0x0000000722200000, 0x0000000722200000, 0x0000000722400000|  0%| F|  |TAMS 0x0000000722200000| PB 0x0000000722200000| Untracked |  0
| 178|0x0000000722400000, 0x0000000722400000, 0x0000000722600000|  0%| F|  |TAMS 0x0000000722400000| PB 0x0000000722400000| Untracked |  0
|1946|0x00000007ff400000, 0x00000007ff400000, 0x00000007ff600000|  0%| F|  |TAMS 0x00000007ff400000| PB 0x00000007ff400000| Untracked |  0
|1947|0x00000007ff600000, 0x00000007ff800000, 0x00000007ff800000|100%| O|  |TAMS 0x00000007ff600000| PB 0x00000007ff600000| Untracked |  0
|1948|0x00000007ff800000, 0x00000007ffa00000, 0x00000007ffa00000|100%| O|  |TAMS 0x00000007ff800000| PB 0x00000007ff800000| Untracked |  0
|1949|0x00000007ffa00000, 0x00000007ffc00000, 0x00000007ffc00000|100%| O|  |TAMS 0x00000007ffa00000| PB 0x00000007ffa00000| Untracked |  0
|1950|0x00000007ffc00000, 0x00000007ffe00000, 0x00000007ffe00000|100%| O|  |TAMS 0x00000007ffc00000| PB 0x00000007ffc00000| Untracked |  0
|1951|0x00000007ffe00000, 0x0000000800000000, 0x0000000800000000|100%| O|  |TAMS 0x00000007ffe00000| PB 0x00000007ffe00000| Untracked |  0

Card table byte_map: [0x00000257f69f0000,0x00000257f7190000] _byte_map_base: 0x00000257f3190000

Marking Bits: (CMBitMap*) 0x00000257de304380
 Bits: [0x00000257f7190000, 0x00000257fae90000)

Polling page: 0x00000257dda60000

Metaspace:

Usage:
  Non-class:     67.66 MB used.
      Class:      8.85 MB used.
       Both:     76.51 MB used.

Virtual space:
  Non-class space:      128.00 MB reserved,      68.19 MB ( 53%) committed,  2 nodes.
      Class space:        1.00 GB reserved,       9.31 MB ( <1%) committed,  1 nodes.
             Both:        1.12 GB reserved,      77.50 MB (  7%) committed. 

Chunk freelists:
   Non-Class:  11.55 MB
       Class:  6.63 MB
        Both:  18.18 MB

MaxMetaspaceSize: unlimited
CompressedClassSpaceSize: 1.00 GB
Initial GC threshold: 21.00 MB
Current GC threshold: 128.69 MB
CDS: on
 - commit_granule_bytes: 65536.
 - commit_granule_words: 8192.
 - virtual_space_node_default_size: 8388608.
 - enlarge_chunks_in_place: 1.
 - use_allocation_guard: 0.


Internal statistics:

num_allocs_failed_limit: 17.
num_arena_births: 1620.
num_arena_deaths: 0.
num_vsnodes_births: 3.
num_vsnodes_deaths: 0.
num_space_committed: 1238.
num_space_uncommitted: 0.
num_chunks_returned_to_freelist: 17.
num_chunks_taken_from_freelist: 4595.
num_chunk_merges: 17.
num_chunk_splits: 3368.
num_chunks_enlarged: 2531.
num_inconsistent_stats: 0.

CodeHeap 'non-profiled nmethods': size=119232Kb used=7598Kb max_used=8212Kb free=111633Kb
 bounds [0x00000257ee560000, 0x00000257eed70000, 0x00000257f59d0000]
CodeHeap 'profiled nmethods': size=119104Kb used=30833Kb max_used=35214Kb free=88270Kb
 bounds [0x00000257e69d0000, 0x00000257e8c40000, 0x00000257ede20000]
CodeHeap 'non-nmethods': size=7424Kb used=3438Kb max_used=3545Kb free=3985Kb
 bounds [0x00000257ede20000, 0x00000257ee1a0000, 0x00000257ee560000]
CodeCache: size=245760Kb, used=41869Kb, max_used=46971Kb, free=203888Kb
 total_blobs=14307, nmethods=13528, adapters=678, full_count=0
Compilation: enabled, stopped_count=0, restarted_count=0

Compilation events (20 events):
Event: 12.152 Thread 0x00000257c5800620 nmethod 18009 0x00000257e70d5c88 code [0x00000257e70d5e40, 0x00000257e70d67d0]
Event: 12.152 Thread 0x00000257c50fb240 nmethod 18008 0x00000257e6da5988 code [0x00000257e6da5b60, 0x00000257e6da65d0]
Event: 12.154 Thread 0x00000257c5800620 18011       3       org.jetbrains.kotlin.psi.KtNamedFunction::getContextReceivers (40 bytes)
Event: 12.155 Thread 0x00000257c5800620 nmethod 18011 0x00000257e70bbf08 code [0x00000257e70bc100, 0x00000257e70bcc58]
Event: 12.161 Thread 0x00000257c5276120 nmethod 17953 0x00000257ee736e88 code [0x00000257ee737140, 0x00000257ee7390e0]
Event: 12.161 Thread 0x00000257c5276120 17954       4       org.jetbrains.kotlin.cfg.variable.PseudocodeVariablesData::computeInitInfoForTrivialVals$lambda$7 (208 bytes)
Event: 12.178 Thread 0x00000257fd463540 nmethod 17917 0x00000257eeadef08 code [0x00000257eeadf500, 0x00000257eeae3650]
Event: 12.179 Thread 0x00000257fd463540 17963       4       org.jetbrains.kotlin.cfg.ControlFlowInformationProviderImpl$$Lambda/0x000002578176d678::invoke (44 bytes)
Event: 12.187 Thread 0x00000257c5276120 nmethod 17954 0x00000257eeb54b08 code [0x00000257eeb54dc0, 0x00000257eeb56c28]
Event: 12.187 Thread 0x00000257c5276120 17964       4       org.jetbrains.kotlin.cfg.ControlFlowInformationProviderImpl::markUninitializedVariables$lambda$1 (236 bytes)
Event: 12.193 Thread 0x00000257fd463540 nmethod 17963 0x00000257ee925588 code [0x00000257ee925800, 0x00000257ee926bc0]
Event: 12.193 Thread 0x00000257fd463540 17965       4       org.jetbrains.kotlin.cfg.ControlFlowInformationProviderImpl$VariableInitContext::<init> (78 bytes)
Event: 12.201 Thread 0x00000257fd463540 nmethod 17965 0x00000257ee73f188 code [0x00000257ee73f340, 0x00000257ee740188]
Event: 12.201 Thread 0x00000257fd463540 17966       4       org.jetbrains.kotlin.cfg.variable.PseudocodeVariablesData$$Lambda/0x000002578176dec8::invoke (16 bytes)
Event: 12.202 Thread 0x00000257fd463540 nmethod 17966 0x00000257ee6c3088 code [0x00000257ee6c31c0, 0x00000257ee6c33a8]
Event: 12.202 Thread 0x00000257c5276120 nmethod 17964 0x00000257ee6dad88 code [0x00000257ee6dafe0, 0x00000257ee6dc358]
Event: 12.202 Thread 0x00000257fd463540 17967       4       org.jetbrains.kotlin.cfg.variable.PseudocodeVariablesData::computeUseInfoForTrivialVals$lambda$18 (42 bytes)
Event: 12.203 Thread 0x00000257c5276120 18002       4       com.intellij.psi.infos.CandidateInfo::getElement (14 bytes)
Event: 12.203 Thread 0x00000257c5276120 nmethod 18002 0x00000257ee632c88 code [0x00000257ee632d80, 0x00000257ee632e18]
Event: 12.203 Thread 0x00000257fd463540 nmethod 17967 0x00000257ee633c08 code [0x00000257ee633d40, 0x00000257ee633e98]

GC Heap History (20 events):
Event: 7.069 GC heap after
{Heap after GC invocations=26 (full 0):
 garbage-first heap   total reserved 3997696K, committed 180224K, used 109705K [0x000000070c000000, 0x0000000800000000)
  region size 2048K, 5 young (10240K), 5 survivors (10240K)
 Metaspace       used 73073K, committed 74112K, reserved 1114112K
  class space    used 8747K, committed 9216K, reserved 1048576K
}
Event: 7.188 GC heap before
{Heap before GC invocations=27 (full 0):
 garbage-first heap   total reserved 3997696K, committed 184320K, used 158857K [0x000000070c000000, 0x0000000800000000)
  region size 2048K, 29 young (59392K), 5 survivors (10240K)
 Metaspace       used 73079K, committed 74112K, reserved 1114112K
  class space    used 8747K, committed 9216K, reserved 1048576K
}
Event: 7.195 GC heap after
{Heap after GC invocations=28 (full 0):
 garbage-first heap   total reserved 3997696K, committed 184320K, used 115594K [0x000000070c000000, 0x0000000800000000)
  region size 2048K, 3 young (6144K), 3 survivors (6144K)
 Metaspace       used 73079K, committed 74112K, reserved 1114112K
  class space    used 8747K, committed 9216K, reserved 1048576K
}
Event: 7.229 GC heap before
{Heap before GC invocations=28 (full 0):
 garbage-first heap   total reserved 3997696K, committed 184320K, used 164746K [0x000000070c000000, 0x0000000800000000)
  region size 2048K, 27 young (55296K), 3 survivors (6144K)
 Metaspace       used 73079K, committed 74112K, reserved 1114112K
  class space    used 8747K, committed 9216K, reserved 1048576K
}
Event: 7.236 GC heap after
{Heap after GC invocations=29 (full 0):
 garbage-first heap   total reserved 3997696K, committed 378880K, used 121999K [0x000000070c000000, 0x0000000800000000)
  region size 2048K, 3 young (6144K), 3 survivors (6144K)
 Metaspace       used 73079K, committed 74112K, reserved 1114112K
  class space    used 8747K, committed 9216K, reserved 1048576K
}
Event: 9.958 GC heap before
{Heap before GC invocations=29 (full 0):
 garbage-first heap   total reserved 3997696K, committed 378880K, used 322703K [0x000000070c000000, 0x0000000800000000)
  region size 2048K, 101 young (206848K), 3 survivors (6144K)
 Metaspace       used 76637K, committed 77696K, reserved 1179648K
  class space    used 8911K, committed 9408K, reserved 1048576K
}
Event: 9.975 GC heap after
{Heap after GC invocations=30 (full 0):
 garbage-first heap   total reserved 3997696K, committed 378880K, used 147888K [0x000000070c000000, 0x0000000800000000)
  region size 2048K, 13 young (26624K), 13 survivors (26624K)
 Metaspace       used 76637K, committed 77696K, reserved 1179648K
  class space    used 8911K, committed 9408K, reserved 1048576K
}
Event: 10.350 GC heap before
{Heap before GC invocations=30 (full 0):
 garbage-first heap   total reserved 3997696K, committed 378880K, used 291248K [0x000000070c000000, 0x0000000800000000)
  region size 2048K, 81 young (165888K), 13 survivors (26624K)
 Metaspace       used 76836K, committed 77888K, reserved 1179648K
  class space    used 8920K, committed 9408K, reserved 1048576K
}
Event: 10.372 GC heap after
{Heap after GC invocations=31 (full 0):
 garbage-first heap   total reserved 3997696K, committed 378880K, used 165101K [0x000000070c000000, 0x0000000800000000)
  region size 2048K, 9 young (18432K), 9 survivors (18432K)
 Metaspace       used 76836K, committed 77888K, reserved 1179648K
  class space    used 8920K, committed 9408K, reserved 1048576K
}
Event: 10.691 GC heap before
{Heap before GC invocations=31 (full 0):
 garbage-first heap   total reserved 3997696K, committed 378880K, used 257261K [0x000000070c000000, 0x0000000800000000)
  region size 2048K, 55 young (112640K), 9 survivors (18432K)
 Metaspace       used 77406K, committed 78400K, reserved 1179648K
  class space    used 9003K, committed 9472K, reserved 1048576K
}
Event: 10.704 GC heap after
{Heap after GC invocations=32 (full 0):
 garbage-first heap   total reserved 3997696K, committed 378880K, used 176387K [0x000000070c000000, 0x0000000800000000)
  region size 2048K, 7 young (14336K), 7 survivors (14336K)
 Metaspace       used 77406K, committed 78400K, reserved 1179648K
  class space    used 9003K, committed 9472K, reserved 1048576K
}
Event: 11.181 GC heap before
{Heap before GC invocations=33 (full 0):
 garbage-first heap   total reserved 3997696K, committed 378880K, used 321795K [0x000000070c000000, 0x0000000800000000)
  region size 2048K, 75 young (153600K), 7 survivors (14336K)
 Metaspace       used 77863K, committed 78912K, reserved 1179648K
  class space    used 9038K, committed 9536K, reserved 1048576K
}
Event: 11.193 GC heap after
{Heap after GC invocations=34 (full 0):
 garbage-first heap   total reserved 3997696K, committed 378880K, used 193866K [0x000000070c000000, 0x0000000800000000)
  region size 2048K, 9 young (18432K), 9 survivors (18432K)
 Metaspace       used 77863K, committed 78912K, reserved 1179648K
  class space    used 9038K, committed 9536K, reserved 1048576K
}
Event: 11.531 GC heap before
{Heap before GC invocations=34 (full 0):
 garbage-first heap   total reserved 3997696K, committed 378880K, used 329034K [0x000000070c000000, 0x0000000800000000)
  region size 2048K, 73 young (149504K), 9 survivors (18432K)
 Metaspace       used 78001K, committed 79040K, reserved 1179648K
  class space    used 9039K, committed 9536K, reserved 1048576K
}
Event: 11.545 GC heap after
{Heap after GC invocations=35 (full 0):
 garbage-first heap   total reserved 3997696K, committed 378880K, used 207105K [0x000000070c000000, 0x0000000800000000)
  region size 2048K, 9 young (18432K), 9 survivors (18432K)
 Metaspace       used 78001K, committed 79040K, reserved 1179648K
  class space    used 9039K, committed 9536K, reserved 1048576K
}
Event: 11.558 GC heap before
{Heap before GC invocations=35 (full 0):
 garbage-first heap   total reserved 3997696K, committed 378880K, used 209153K [0x000000070c000000, 0x0000000800000000)
  region size 2048K, 11 young (22528K), 9 survivors (18432K)
 Metaspace       used 78005K, committed 79040K, reserved 1179648K
  class space    used 9039K, committed 9536K, reserved 1048576K
}
Event: 11.565 GC heap after
{Heap after GC invocations=36 (full 0):
 garbage-first heap   total reserved 3997696K, committed 378880K, used 209098K [0x000000070c000000, 0x0000000800000000)
  region size 2048K, 2 young (4096K), 2 survivors (4096K)
 Metaspace       used 78005K, committed 79040K, reserved 1179648K
  class space    used 9039K, committed 9536K, reserved 1048576K
}
Event: 11.868 GC heap before
{Heap before GC invocations=37 (full 0):
 garbage-first heap   total reserved 3997696K, committed 378880K, used 329930K [0x000000070c000000, 0x0000000800000000)
  region size 2048K, 60 young (122880K), 2 survivors (4096K)
 Metaspace       used 78054K, committed 79104K, reserved 1179648K
  class space    used 9043K, committed 9536K, reserved 1048576K
}
Event: 11.875 GC heap after
{Heap after GC invocations=38 (full 0):
 garbage-first heap   total reserved 3997696K, committed 378880K, used 223396K [0x000000070c000000, 0x0000000800000000)
  region size 2048K, 8 young (16384K), 8 survivors (16384K)
 Metaspace       used 78054K, committed 79104K, reserved 1179648K
  class space    used 9043K, committed 9536K, reserved 1048576K
}
Event: 12.217 GC heap before
{Heap before GC invocations=38 (full 0):
 garbage-first heap   total reserved 3997696K, committed 378880K, used 340132K [0x000000070c000000, 0x0000000800000000)
  region size 2048K, 63 young (129024K), 8 survivors (16384K)
 Metaspace       used 78344K, committed 79360K, reserved 1179648K
  class space    used 9065K, committed 9536K, reserved 1048576K
}

Dll operation events (8 events):
Event: 0.005 Loaded shared library C:\Program Files\Java\jdk-23\bin\java.dll
Event: 0.038 Loaded shared library C:\Program Files\Java\jdk-23\bin\jsvml.dll
Event: 0.065 Loaded shared library C:\Program Files\Java\jdk-23\bin\net.dll
Event: 0.066 Loaded shared library C:\Program Files\Java\jdk-23\bin\nio.dll
Event: 0.069 Loaded shared library C:\Program Files\Java\jdk-23\bin\zip.dll
Event: 0.119 Loaded shared library C:\Program Files\Java\jdk-23\bin\jimage.dll
Event: 0.776 Loaded shared library C:\Program Files\Java\jdk-23\bin\verify.dll
Event: 1.682 Loaded shared library C:\Users\Haqii\AppData\Local\Temp\sqlite-3.41.2.1-ea10880d-5dc8-4901-bc90-0e885c481cae-sqlitejdbc.dll

Deoptimization events (20 events):
Event: 12.026 Thread 0x00000257d454c620 DEOPT PACKING pc=0x00000257e72bd164 sp=0x0000007b5f3fad40
Event: 12.026 Thread 0x00000257d454c620 DEOPT UNPACKING pc=0x00000257ede74b22 sp=0x0000007b5f3fa2f0 mode 0
Event: 12.027 Thread 0x00000257d454c620 Uncommon trap: trap_request=0xffffff45 fr.pc=0x00000257ee6506b8 relative=0x0000000000000858
Event: 12.027 Thread 0x00000257d454c620 Uncommon trap: reason=unstable_if action=reinterpret pc=0x00000257ee6506b8 method=org.jetbrains.kotlin.resolve.calls.util.CallUtilKt.getCall(Lorg/jetbrains/kotlin/psi/KtElement;Lorg/jetbrains/kotlin/resolve/BindingContext;)Lorg/jetbrains/kotlin/psi/Call; 
Event: 12.027 Thread 0x00000257d454c620 DEOPT PACKING pc=0x00000257ee6506b8 sp=0x0000007b5f3fb4c0
Event: 12.027 Thread 0x00000257d454c620 DEOPT UNPACKING pc=0x00000257ede74402 sp=0x0000007b5f3fb438 mode 2
Event: 12.027 Thread 0x00000257d454c620 Uncommon trap: trap_request=0xffffff45 fr.pc=0x00000257ee90bf44 relative=0x0000000000000384
Event: 12.027 Thread 0x00000257d454c620 Uncommon trap: reason=unstable_if action=reinterpret pc=0x00000257ee90bf44 method=org.jetbrains.kotlin.resolve.calls.smartcasts.DataFlowValueFactoryImpl.isComplexExpression(Lorg/jetbrains/kotlin/psi/KtExpression;)Z @ 20 c2
Event: 12.027 Thread 0x00000257d454c620 DEOPT PACKING pc=0x00000257ee90bf44 sp=0x0000007b5f3fb0a0
Event: 12.027 Thread 0x00000257d454c620 DEOPT UNPACKING pc=0x00000257ede74402 sp=0x0000007b5f3fb020 mode 2
Event: 12.028 Thread 0x00000257d454c620 DEOPT PACKING pc=0x00000257e72bd164 sp=0x0000007b5f3fdc00
Event: 12.028 Thread 0x00000257d454c620 DEOPT UNPACKING pc=0x00000257ede74b22 sp=0x0000007b5f3fd1b0 mode 0
Event: 12.040 Thread 0x00000257d454c620 DEOPT PACKING pc=0x00000257e807e89c sp=0x0000007b5f3f9b40
Event: 12.040 Thread 0x00000257d454c620 DEOPT UNPACKING pc=0x00000257ede74b22 sp=0x0000007b5f3f90e0 mode 0
Event: 12.040 Thread 0x00000257d454c620 DEOPT PACKING pc=0x00000257e7cd256c sp=0x0000007b5f3f9e70
Event: 12.040 Thread 0x00000257d454c620 DEOPT UNPACKING pc=0x00000257ede74b22 sp=0x0000007b5f3f9320 mode 0
Event: 12.154 Thread 0x00000257d0676150 Uncommon trap: trap_request=0xffffff45 fr.pc=0x00000257eec9cb04 relative=0x0000000000001b44
Event: 12.154 Thread 0x00000257d0676150 Uncommon trap: reason=unstable_if action=reinterpret pc=0x00000257eec9cb04 method=org.jetbrains.kotlin.load.kotlin.KotlinBinaryClassCache$Companion.getKotlinBinaryClassOrClassFileContent(Lcom/intellij/openapi/vfs/VirtualFile;Lorg/jetbrains/kotlin/metadata
Event: 12.154 Thread 0x00000257d0676150 DEOPT PACKING pc=0x00000257eec9cb04 sp=0x0000007b5f2fba40
Event: 12.154 Thread 0x00000257d0676150 DEOPT UNPACKING pc=0x00000257ede74402 sp=0x0000007b5f2fb908 mode 2

Classes loaded (20 events):
Event: 6.090 Loading class java/util/stream/SortedOps$RefSortingSink
Event: 6.090 Loading class java/util/stream/SortedOps$AbstractRefSortingSink
Event: 6.090 Loading class java/util/stream/SortedOps$AbstractRefSortingSink done
Event: 6.090 Loading class java/util/stream/SortedOps$RefSortingSink done
Event: 6.491 Loading class java/util/function/IntBinaryOperator
Event: 6.491 Loading class java/util/function/IntBinaryOperator done
Event: 6.554 Loading class java/util/concurrent/CompletableFuture$AsyncRun
Event: 6.554 Loading class java/util/concurrent/CompletableFuture$AsyncRun done
Event: 6.591 Loading class java/util/concurrent/locks/ReentrantReadWriteLock$Sync$HoldCounter
Event: 6.591 Loading class java/util/concurrent/locks/ReentrantReadWriteLock$Sync$HoldCounter done
Event: 6.938 Loading class java/util/concurrent/ConcurrentLinkedQueue$Itr
Event: 6.938 Loading class java/util/concurrent/ConcurrentLinkedQueue$Itr done
Event: 10.422 Loading class java/util/EnumMap$EntrySet
Event: 10.422 Loading class java/util/EnumMap$EntrySet done
Event: 10.422 Loading class java/util/EnumMap$EntryIterator
Event: 10.422 Loading class java/util/EnumMap$EnumMapIterator
Event: 10.423 Loading class java/util/EnumMap$EnumMapIterator done
Event: 10.423 Loading class java/util/EnumMap$EntryIterator done
Event: 10.423 Loading class java/util/EnumMap$EntryIterator$Entry
Event: 10.423 Loading class java/util/EnumMap$EntryIterator$Entry done

Classes unloaded (0 events):
No events

Classes redefined (0 events):
No events

Internal exceptions (20 events):
Event: 5.867 Thread 0x00000257d1c26f30 Implicit null exception at 0x00000257ee9da740 to 0x00000257ee9da844
Event: 5.988 Thread 0x00000257d1c26f30 Implicit null exception at 0x00000257ee9f0f2e to 0x00000257ee9f1620
Event: 6.004 Thread 0x00000257d1c26f30 Implicit null exception at 0x00000257ee5c4ac0 to 0x00000257ee5c4b94
Event: 6.019 Thread 0x00000257d1c26f30 Exception <a 'java/lang/IncompatibleClassChangeError'{0x0000000711937b90}: Found class java.lang.Object, but interface was expected> (0x0000000711937b90) 
thrown [s\open\src\hotspot\share\interpreter\linkResolver.cpp, line 863]
Event: 6.036 Thread 0x00000257d1c26f30 Implicit null exception at 0x00000257ee73a86a to 0x00000257ee73ae4c
Event: 6.089 Thread 0x00000257d1c26f30 Exception <a 'java/lang/NoSuchMethodError'{0x00000007114cb988}: 'int java.lang.invoke.DirectMethodHandle$Holder.invokeSpecialIFC(java.lang.Object, java.lang.Object, java.lang.Object, java.lang.Object, java.lang.Object)'> (0x00000007114cb988) 
thrown [s\open\src\hotspot\share\interpreter\linkResolver.cpp, line 796]
Event: 6.231 Thread 0x00000257d1c26f30 Exception <a 'java/lang/NoSuchMethodError'{0x0000000714077f70}: 'java.lang.Object java.lang.invoke.DirectMethodHandle$Holder.invokeStatic(java.lang.Object, int, java.lang.Object, java.lang.Object)'> (0x0000000714077f70) 
thrown [s\open\src\hotspot\share\interpreter\linkResolver.cpp, line 796]
Event: 6.232 Thread 0x00000257d1c26f30 Exception <a 'java/lang/NoSuchMethodError'{0x000000071407fb78}: 'java.lang.Object java.lang.invoke.DirectMethodHandle$Holder.newInvokeSpecial(java.lang.Object, int, java.lang.Object)'> (0x000000071407fb78) 
thrown [s\open\src\hotspot\share\interpreter\linkResolver.cpp, line 796]
Event: 6.491 Thread 0x00000257d1c26f30 Exception <a 'java/lang/NoSuchMethodError'{0x000000071300e9a0}: 'int java.lang.invoke.DirectMethodHandle$Holder.invokeStatic(java.lang.Object, java.lang.Object, int, java.lang.Object)'> (0x000000071300e9a0) 
thrown [s\open\src\hotspot\share\interpreter\linkResolver.cpp, line 796]
Event: 6.499 Thread 0x00000257d1c26f30 Exception <a 'java/lang/IncompatibleClassChangeError'{0x0000000713095e28}: Found class java.lang.Object, but interface was expected> (0x0000000713095e28) 
thrown [s\open\src\hotspot\share\interpreter\linkResolver.cpp, line 863]
Event: 6.499 Thread 0x00000257d1c26f30 Exception <a 'java/lang/NoSuchMethodError'{0x0000000713098c40}: 'int java.lang.invoke.DirectMethodHandle$Holder.invokeSpecialIFC(java.lang.Object, java.lang.Object, java.lang.Object)'> (0x0000000713098c40) 
thrown [s\open\src\hotspot\share\interpreter\linkResolver.cpp, line 796]
Event: 6.591 Thread 0x00000257d454c620 Implicit null exception at 0x00000257ee97c543 to 0x00000257ee97de58
Event: 6.912 Thread 0x00000257d0676150 Exception <a 'java/lang/NoSuchMethodError'{0x0000000714fbfa00}: 'java.lang.Object java.lang.invoke.DirectMethodHandle$Holder.invokeStatic(java.lang.Object, java.lang.Object, java.lang.Object, java.lang.Object, long, java.lang.Object)'> (0x0000000714fbfa00) 
thrown [s\open\src\hotspot\share\interpreter\linkResolver.cpp, line 796]
Event: 6.913 Thread 0x00000257d0676150 Exception <a 'java/lang/NoSuchMethodError'{0x0000000714fc6a18}: 'java.lang.Object java.lang.invoke.DirectMethodHandle$Holder.newInvokeSpecial(java.lang.Object, java.lang.Object, java.lang.Object, java.lang.Object, long)'> (0x0000000714fc6a18) 
thrown [s\open\src\hotspot\share\interpreter\linkResolver.cpp, line 796]
Event: 6.913 Thread 0x00000257d0676150 Exception <a 'java/lang/NoSuchMethodError'{0x0000000714fca728}: 'java.lang.Object java.lang.invoke.DirectMethodHandle$Holder.invokeSpecial(java.lang.Object, java.lang.Object, java.lang.Object, java.lang.Object, java.lang.Object, long)'> (0x0000000714fca728) 
thrown [s\open\src\hotspot\share\interpreter\linkResolver.cpp, line 796]
Event: 6.913 Thread 0x00000257d0676150 Exception <a 'java/lang/NoSuchMethodError'{0x0000000714fcdeb8}: 'java.lang.Object java.lang.invoke.Invokers$Holder.linkToTargetMethod(java.lang.Object, java.lang.Object, java.lang.Object, long, java.lang.Object)'> (0x0000000714fcdeb8) 
thrown [s\open\src\hotspot\share\interpreter\linkResolver.cpp, line 796]
Event: 10.575 Thread 0x00000257d454c620 Implicit null exception at 0x00000257eea4933b to 0x00000257eea49c78
Event: 10.637 Thread 0x00000257d454c620 Implicit null exception at 0x00000257ee90bd80 to 0x00000257ee90c08c
Event: 10.653 Thread 0x00000257d454c620 Implicit null exception at 0x00000257eea9e628 to 0x00000257eea9e885
Event: 10.680 Thread 0x00000257d454c620 Exception <a 'java/lang/NoSuchMethodError'{0x000000071cc7bd10}: 'java.lang.Object java.lang.invoke.DirectMethodHandle$Holder.invokeStatic(java.lang.Object, int, int, java.lang.Object)'> (0x000000071cc7bd10) 
thrown [s\open\src\hotspot\share\interpreter\linkResolver.cpp, line 796]

VM Operations (20 events):
Event: 11.062 Executing VM operation: HandshakeAllThreads (Deoptimize) done
Event: 11.064 Executing VM operation: HandshakeAllThreads (Deoptimize)
Event: 11.064 Executing VM operation: HandshakeAllThreads (Deoptimize) done
Event: 11.181 Executing VM operation: G1CollectForAllocation (G1 Evacuation Pause)
Event: 11.193 Executing VM operation: G1CollectForAllocation (G1 Evacuation Pause) done
Event: 11.531 Executing VM operation: G1CollectForAllocation (G1 Evacuation Pause)
Event: 11.545 Executing VM operation: G1CollectForAllocation (G1 Evacuation Pause) done
Event: 11.558 Executing VM operation: G1TryInitiateConcMark (G1 Humongous Allocation)
Event: 11.565 Executing VM operation: G1TryInitiateConcMark (G1 Humongous Allocation) done
Event: 11.724 Executing VM operation: G1PauseRemark
Event: 11.735 Executing VM operation: G1PauseRemark done
Event: 11.868 Executing VM operation: G1PauseCleanup
Event: 11.868 Executing VM operation: G1PauseCleanup done
Event: 11.868 Executing VM operation: G1CollectForAllocation (G1 Evacuation Pause)
Event: 11.875 Executing VM operation: G1CollectForAllocation (G1 Evacuation Pause) done
Event: 11.989 Executing VM operation: HandshakeAllThreads (Deoptimize)
Event: 11.989 Executing VM operation: HandshakeAllThreads (Deoptimize) done
Event: 12.040 Executing VM operation: HandshakeAllThreads (Deoptimize)
Event: 12.040 Executing VM operation: HandshakeAllThreads (Deoptimize) done
Event: 12.217 Executing VM operation: G1CollectForAllocation (G1 Evacuation Pause)

Memory protections (0 events):
No events

Nmethod flushes (20 events):
Event: 11.732 Thread 0x00000257fd444730 flushing  nmethod 0x00000257e7b26b08
Event: 11.732 Thread 0x00000257fd444730 flushing  nmethod 0x00000257e7b30788
Event: 11.732 Thread 0x00000257fd444730 flushing  nmethod 0x00000257e7bdb488
Event: 11.732 Thread 0x00000257fd444730 flushing  nmethod 0x00000257e7c38008
Event: 11.732 Thread 0x00000257fd444730 flushing  nmethod 0x00000257e7c38488
Event: 11.732 Thread 0x00000257fd444730 flushing  nmethod 0x00000257e7d0d808
Event: 11.732 Thread 0x00000257fd444730 flushing  nmethod 0x00000257e7e00f88
Event: 11.732 Thread 0x00000257fd444730 flushing  nmethod 0x00000257e7e07508
Event: 11.732 Thread 0x00000257fd444730 flushing  nmethod 0x00000257e7edd888
Event: 11.732 Thread 0x00000257fd444730 flushing  nmethod 0x00000257e7f2d308
Event: 11.732 Thread 0x00000257fd444730 flushing  nmethod 0x00000257e808eb88
Event: 11.732 Thread 0x00000257fd444730 flushing  nmethod 0x00000257e819d608
Event: 11.732 Thread 0x00000257fd444730 flushing  nmethod 0x00000257e8254b08
Event: 11.732 Thread 0x00000257fd444730 flushing  nmethod 0x00000257e8256e88
Event: 11.732 Thread 0x00000257fd444730 flushing  nmethod 0x00000257e8259a08
Event: 11.732 Thread 0x00000257fd444730 flushing  nmethod 0x00000257e82f0988
Event: 11.732 Thread 0x00000257fd444730 flushing  nmethod 0x00000257e82f0c88
Event: 11.732 Thread 0x00000257fd444730 flushing  nmethod 0x00000257e8369d08
Event: 11.732 Thread 0x00000257fd444730 flushing  nmethod 0x00000257e896df88
Event: 11.732 Thread 0x00000257fd444730 flushing  nmethod 0x00000257e896f988

Events (20 events):
Event: 1.104 Thread 0x00000257c5810070 Thread added: 0x00000257cfef8ce0
Event: 1.106 Thread 0x00000257c50fb240 Thread added: 0x00000257d05187b0
Event: 1.345 Thread 0x00000257de29b310 Thread added: 0x00000257d0ba78f0
Event: 1.346 Thread 0x00000257d0ba78f0 Thread exited: 0x00000257d0ba78f0
Event: 1.528 Thread 0x00000257de29b310 Thread added: 0x00000257cfcc86f0
Event: 1.528 Thread 0x00000257de29b310 Thread exited: 0x00000257de29b310
Event: 1.528 Thread 0x00000257de29b310 Thread added: 0x00000257de29b310
Event: 1.576 Thread 0x00000257cfcc86f0 Thread added: 0x00000257d12818f0
Event: 1.643 Thread 0x00000257c5276120 Thread added: 0x00000257d1c9fe20
Event: 2.483 Thread 0x00000257d1c9fe20 Thread exited: 0x00000257d1c9fe20
Event: 2.500 Thread 0x00000257d05187b0 Thread exited: 0x00000257d05187b0
Event: 2.501 Thread 0x00000257cfef8ce0 Thread exited: 0x00000257cfef8ce0
Event: 2.507 Thread 0x00000257d12818f0 Thread added: 0x00000257d454b900
Event: 2.568 Thread 0x00000257fd463540 Thread added: 0x00000257d27d5cf0
Event: 2.570 Thread 0x00000257c5276120 Thread added: 0x00000257d27d63b0
Event: 2.570 Thread 0x00000257c5276120 Thread added: 0x00000257d20c8bb0
Event: 2.681 Thread 0x00000257d12818f0 Thread added: 0x00000257d454c620
Event: 2.723 Thread 0x00000257cfcc86f0 Thread added: 0x00000257d1c26f30
Event: 4.729 Thread 0x00000257d20c8bb0 Thread exited: 0x00000257d20c8bb0
Event: 6.554 Thread 0x00000257d1c26f30 Thread added: 0x00000257d0676150


Dynamic libraries:
0x00007ff649290000 - 0x00007ff6492a0000 	C:\Program Files\Java\jdk-23\bin\java.exe
0x00007ffd85a70000 - 0x00007ffd85c68000 	C:\Windows\SYSTEM32\ntdll.dll
0x00007ffd83c30000 - 0x00007ffd83cf2000 	C:\Windows\System32\KERNEL32.DLL
0x00007ffd83450000 - 0x00007ffd83747000 	C:\Windows\System32\KERNELBASE.dll
0x00007ffd83100000 - 0x00007ffd83200000 	C:\Windows\System32\ucrtbase.dll
0x00007ffd7c240000 - 0x00007ffd7c257000 	C:\Program Files\Java\jdk-23\bin\jli.dll
0x00007ffd712c0000 - 0x00007ffd712db000 	C:\Program Files\Java\jdk-23\bin\VCRUNTIME140.dll
0x00007ffd83a90000 - 0x00007ffd83c2d000 	C:\Windows\System32\USER32.dll
0x00007ffd83750000 - 0x00007ffd83772000 	C:\Windows\System32\win32u.dll
0x00007ffd70bf0000 - 0x00007ffd70e8a000 	C:\Windows\WinSxS\amd64_microsoft.windows.common-controls_6595b64144ccf1df_6.0.19041.5915_none_60b4b9d171f9c7c7\COMCTL32.dll
0x00007ffd84bc0000 - 0x00007ffd84beb000 	C:\Windows\System32\GDI32.dll
0x00007ffd84b20000 - 0x00007ffd84bbe000 	C:\Windows\System32\msvcrt.dll
0x00007ffd83200000 - 0x00007ffd83319000 	C:\Windows\System32\gdi32full.dll
0x00007ffd839f0000 - 0x00007ffd83a8d000 	C:\Windows\System32\msvcp_win.dll
0x00007ffd83ed0000 - 0x00007ffd83eff000 	C:\Windows\System32\IMM32.DLL
0x00007ffd7d530000 - 0x00007ffd7d53c000 	C:\Program Files\Java\jdk-23\bin\vcruntime140_1.dll
0x00007ffd627f0000 - 0x00007ffd6287e000 	C:\Program Files\Java\jdk-23\bin\msvcp140.dll
0x00007ffcfa970000 - 0x00007ffcfb6bf000 	C:\Program Files\Java\jdk-23\bin\server\jvm.dll
0x00007ffd84880000 - 0x00007ffd84931000 	C:\Windows\System32\ADVAPI32.dll
0x00007ffd84f20000 - 0x00007ffd84fbf000 	C:\Windows\System32\sechost.dll
0x00007ffd85900000 - 0x00007ffd85a26000 	C:\Windows\System32\RPCRT4.dll
0x00007ffd83780000 - 0x00007ffd837a7000 	C:\Windows\System32\bcrypt.dll
0x00007ffd84aa0000 - 0x00007ffd84b0b000 	C:\Windows\System32\WS2_32.dll
0x00007ffd82f60000 - 0x00007ffd82fab000 	C:\Windows\SYSTEM32\POWRPROF.dll
0x00007ffd79bd0000 - 0x00007ffd79bda000 	C:\Windows\SYSTEM32\VERSION.dll
0x00007ffd72550000 - 0x00007ffd72577000 	C:\Windows\SYSTEM32\WINMM.dll
0x00007ffd82f40000 - 0x00007ffd82f52000 	C:\Windows\SYSTEM32\UMPDC.dll
0x00007ffd81920000 - 0x00007ffd81932000 	C:\Windows\SYSTEM32\kernel.appcore.dll
0x00007ffd7c800000 - 0x00007ffd7c80a000 	C:\Program Files\Java\jdk-23\bin\jimage.dll
0x00007ffd80930000 - 0x00007ffd80b31000 	C:\Windows\SYSTEM32\DBGHELP.DLL
0x00007ffd6a040000 - 0x00007ffd6a074000 	C:\Windows\SYSTEM32\dbgcore.DLL
0x00007ffd837b0000 - 0x00007ffd83832000 	C:\Windows\System32\bcryptPrimitives.dll
0x00007ffd712a0000 - 0x00007ffd712be000 	C:\Program Files\Java\jdk-23\bin\java.dll
0x00007ffd84c50000 - 0x00007ffd84d7b000 	C:\Windows\System32\ole32.dll
0x00007ffd83f00000 - 0x00007ffd84253000 	C:\Windows\System32\combase.dll
0x00007ffd85080000 - 0x00007ffd857ee000 	C:\Windows\System32\SHELL32.dll
0x00007ffd80b40000 - 0x00007ffd812e4000 	C:\Windows\SYSTEM32\windows.storage.dll
0x00007ffd82a60000 - 0x00007ffd82a8b000 	C:\Windows\SYSTEM32\Wldp.dll
0x00007ffd84e50000 - 0x00007ffd84f1d000 	C:\Windows\System32\OLEAUT32.dll
0x00007ffd83d00000 - 0x00007ffd83dad000 	C:\Windows\System32\SHCORE.dll
0x00007ffd85020000 - 0x00007ffd8507b000 	C:\Windows\System32\shlwapi.dll
0x00007ffd83030000 - 0x00007ffd83054000 	C:\Windows\SYSTEM32\profapi.dll
0x00007ffd625d0000 - 0x00007ffd626a7000 	C:\Program Files\Java\jdk-23\bin\jsvml.dll
0x00007ffd7c5c0000 - 0x00007ffd7c5d0000 	C:\Program Files\Java\jdk-23\bin\net.dll
0x00007ffd827c0000 - 0x00007ffd8282a000 	C:\Windows\system32\mswsock.dll
0x00007ffd71280000 - 0x00007ffd71296000 	C:\Program Files\Java\jdk-23\bin\nio.dll
0x00007ffd70f90000 - 0x00007ffd70fa7000 	C:\Program Files\Java\jdk-23\bin\zip.dll
0x00007ffd829b0000 - 0x00007ffd829c8000 	C:\Windows\SYSTEM32\CRYPTSP.dll
0x00007ffd820e0000 - 0x00007ffd82118000 	C:\Windows\system32\rsaenh.dll
0x00007ffd82ff0000 - 0x00007ffd8301e000 	C:\Windows\SYSTEM32\USERENV.dll
0x00007ffd829d0000 - 0x00007ffd829dc000 	C:\Windows\SYSTEM32\CRYPTBASE.dll
0x00007ffd824a0000 - 0x00007ffd824db000 	C:\Windows\SYSTEM32\IPHLPAPI.DLL
0x00007ffd84d80000 - 0x00007ffd84d88000 	C:\Windows\System32\NSI.dll
0x00007ffd69900000 - 0x00007ffd69910000 	C:\Program Files\Java\jdk-23\bin\verify.dll
0x00007ffd251b0000 - 0x00007ffd25299000 	C:\Users\Haqii\AppData\Local\Temp\sqlite-3.41.2.1-ea10880d-5dc8-4901-bc90-0e885c481cae-sqlitejdbc.dll

dbghelp: loaded successfully - version: 4.0.5 - missing functions: none
symbol engine: initialized successfully - sym options: 0x614 - pdb path: .;C:\Program Files\Java\jdk-23\bin;C:\Windows\SYSTEM32;C:\Windows\WinSxS\amd64_microsoft.windows.common-controls_6595b64144ccf1df_6.0.19041.5915_none_60b4b9d171f9c7c7;C:\Program Files\Java\jdk-23\bin\server;C:\Users\Haqii\AppData\Local\Temp

VM Arguments:
jvm_args: -DkotlinLanguageServer.version=1.3.13 
java_command: org.javacs.kt.MainKt
java_class_path (initial): c:\Users\Haqii\AppData\Roaming\Code\User\globalStorage\fwcd.kotlin\langServerInstall\server\lib\server-1.3.13.jar;c:\Users\Haqii\AppData\Roaming\Code\User\globalStorage\fwcd.kotlin\langServerInstall\server\lib\shared-1.3.13.jar;c:\Users\Haqii\AppData\Roaming\Code\User\globalStorage\fwcd.kotlin\langServerInstall\server\lib\kotlin-scripting-jvm-host-unshaded-2.1.0.jar;c:\Users\Haqii\AppData\Roaming\Code\User\globalStorage\fwcd.kotlin\langServerInstall\server\lib\kotlin-scripting-compiler-2.1.0.jar;c:\Users\Haqii\AppData\Roaming\Code\User\globalStorage\fwcd.kotlin\langServerInstall\server\lib\ktfmt-b5d31d1.jar;c:\Users\Haqii\AppData\Roaming\Code\User\globalStorage\fwcd.kotlin\langServerInstall\server\lib\kotlin-compiler-2.1.0.jar;c:\Users\Haqii\AppData\Roaming\Code\User\globalStorage\fwcd.kotlin\langServerInstall\server\lib\exposed-dao-0.37.3.jar;c:\Users\Haqii\AppData\Roaming\Code\User\globalStorage\fwcd.kotlin\langServerInstall\server\lib\exposed-jdbc-0.37.3.jar;c:\Users\Haqii\AppData\Roaming\Code\User\globalStorage\fwcd.kotlin\langServerInstall\server\lib\exposed-core-0.37.3.jar;c:\Users\Haqii\AppData\Roaming\Code\User\globalStorage\fwcd.kotlin\langServerInstall\server\lib\kotlin-scripting-compiler-impl-2.1.0.jar;c:\Users\Haqii\AppData\Roaming\Code\User\globalStorage\fwcd.kotlin\langServerInstall\server\lib\kotlin-reflect-2.1.0.jar;c:\Users\Haqii\AppData\Roaming\Code\User\globalStorage\fwcd.kotlin\langServerInstall\server\lib\kotlin-scripting-jvm-2.1.0.jar;c:\Users\Haqii\AppData\Roaming\Code\User\globalStorage\fwcd.kotlin\langServerInstall\server\lib\kotlin-scripting-common-2.1.0.jar;c:\Users\Haqii\AppData\Roaming\Code\User\globalStorage\fwcd.kotlin\langServerInstall\server\lib\kotlinx-coroutines-core-jvm-1.6.4.jar;c:\Users\Haqii\AppData\Roaming\Code\User\globalStorage\fwcd.kotlin\langServerInstall\server\lib\kotlin-stdlib-jdk8-2.1.0.jar;c:\Users\Haqii\AppData\Roaming\Code\User\globalStorage\fwcd.kotlin\langServerInstall\server\lib\kotlin-stdlib-jdk7-2.1.0.jar;c:\Users\Haqii\AppData\Roaming\Code\User\globalStorage\fwcd.kotlin\langServerInstall\server\lib\kotlin-stdlib-2.1.0.jar;c:\Users\Haqii\AppData\Roaming\Code\User\globalStorage\fwcd.kotlin\langServerInstall\server\lib\org.eclipse.lsp4j-0.21.2.jar;c:\Users\Haqii\AppData\Roaming\Code\User\globalStorage\fwcd.kotlin\langServerInstall\server\lib\org.eclipse.lsp4j.jsonrpc-0.21.2.jar;c:\Users\Haqii\AppData\Roaming\Code\User\globalStorage\fwcd.kotlin\langServerInstall\server\lib\kotlin-sam-with-receiver-compiler-plugin-2.1.0.jar;c:\Users\Haqii\AppData\Roaming\Code\User\globalStorage\fwcd.kotlin\langServerInstall\server\lib\fernflower-1.0.jar;c:\Users\Haqii\AppData\Roaming\Code\User\globalStorage\fwcd.kotlin\langServerInstall\server\lib\h2-1.4.200.jar;c:\Users\Haqii\AppData\Roaming\Code\User\globalStorage\fwcd.kotlin\langServerInstall\server\lib\jcommander-1.78.jar;c:\Users\Haqii\AppData\Roaming\Code\User\globalStorage\fwcd.kotlin\langServerInstall\server\lib\sqlite-jdbc-3.41.2.1.jar;c:\Users\Haqii\AppData\Roaming\Code\User\globalStorage\fwcd.kotlin\langServerInstall\server\lib\google-java-format-1.8.jar;c:\Users\Haqii\AppData\Roaming\Code\User\globalStorage\fwcd.kotlin\langServerInstall\server\lib\guava-33.3.0-jre.jar;c:\Users\Haqii\AppData\Roaming\Code\User\globalStorage\fwcd.kotlin\langServerInstall\server\lib\annotations-13.0.jar;c:\Users\Haqii\AppData\Roaming\Code\User\globalStorage\fwcd.kotlin\langServerInstall\server\lib\gson-2.10.1.jar;c:\Users\Haqii\AppData\Roaming\Code\User\globalStorage\fwcd.kotlin\langServerInstall\server\lib\kotlin-script-runtime-2.1.0.jar;c:\Users\Haqii\AppData\Roaming\Code\User\globalStorage\fwcd.kotlin\langServerInstall\server\lib\trove4j-1.0.20200330.jar;c:\Users\Haqii\AppData\Roaming\Code\User\globalStorage\fwcd.kotlin\langServerInstall\server\lib\jline-3.24.1.jar;c:\Users\Haqii\AppData\Roaming\Code\User\globalStorage\fwcd.kotlin\langServerInstall\server\lib\slf4j-api-1.7.25.jar;c:\Users\Haqii\AppData\Roaming\Code\User\globalStorage\fwcd.kotlin\langServerInstall\server\lib\jna-4.2.2.jar;c:\Users\Haqii\AppData\Roaming\Code\User\globalStorage\fwcd.kotlin\langServerInstall\server\lib\failureaccess-1.0.2.jar;c:\Users\Haqii\AppData\Roaming\Code\User\globalStorage\fwcd.kotlin\langServerInstall\server\lib\listenablefuture-9999.0-empty-to-avoid-conflict-with-guava.jar;c:\Users\Haqii\AppData\Roaming\Code\User\globalStorage\fwcd.kotlin\langServerInstall\server\lib\jsr305-3.0.2.jar;c:\Users\Haqii\AppData\Roaming\Code\User\globalStorage\fwcd.kotlin\langServerInstall\server\lib\checker-qual-3.43.0.jar;c:\Users\Haqii\AppData\Roaming\Code\User\globalStorage\fwcd.kotlin\langServerInstall\server\lib\error_prone_annotations-2.28.0.jar
Launcher Type: SUN_STANDARD

[Global flags]
     intx CICompilerCount                          = 12                                        {product} {ergonomic}
     uint ConcGCThreads                            = 3                                         {product} {ergonomic}
     uint G1ConcRefinementThreads                  = 13                                        {product} {ergonomic}
   size_t G1HeapRegionSize                         = 2097152                                   {product} {ergonomic}
   size_t InitialHeapSize                          = 255852544                                 {product} {ergonomic}
   size_t MarkStackSize                            = 4194304                                   {product} {ergonomic}
   size_t MarkStackSizeMax                         = 536870912                                 {product} {ergonomic}
   size_t MaxHeapSize                              = 4093640704                                {product} {ergonomic}
   size_t MaxNewSize                               = 2455764992                                {product} {ergonomic}
   size_t MinHeapDeltaBytes                        = 2097152                                   {product} {ergonomic}
   size_t MinHeapSize                              = 8388608                                   {product} {ergonomic}
    uintx NonNMethodCodeHeapSize                   = 7602176                                {pd product} {ergonomic}
    uintx NonProfiledCodeHeapSize                  = 122093568                              {pd product} {ergonomic}
    uintx ProfiledCodeHeapSize                     = 121962496                              {pd product} {ergonomic}
    uintx ReservedCodeCacheSize                    = 251658240                              {pd product} {ergonomic}
     bool SegmentedCodeCache                       = true                                      {product} {ergonomic}
   size_t SoftMaxHeapSize                          = 4093640704                             {manageable} {ergonomic}
     bool UseCompressedOops                        = true                           {product lp64_product} {ergonomic}
     bool UseG1GC                                  = true                                      {product} {ergonomic}
     bool UseLargePagesIndividualAllocation        = false                                  {pd product} {ergonomic}

Logging:
Log output configuration:
 #0: stdout all=warning uptime,level,tags foldmultilines=false
 #1: stderr all=off uptime,level,tags foldmultilines=false

Environment Variables:
CLASSPATH=c:\Users\Haqii\AppData\Roaming\Code\User\globalStorage\fwcd.kotlin\langServerInstall\server\lib\server-1.3.13.jar;c:\Users\Haqii\AppData\Roaming\Code\User\globalStorage\fwcd.kotlin\langServerInstall\server\lib\shared-1.3.13.jar;c:\Users\Haqii\AppData\Roaming\Code\User\globalStorage\fwcd.kotlin\langServerInstall\server\lib\kotlin-scripting-jvm-host-unshaded-2.1.0.jar;c:\Users\Haqii\AppData\Roaming\Code\User\globalStorage\fwcd.kotlin\langServerInstall\server\lib\kotlin-scripting-compiler-2.1.0.jar;c:\Users\Haqii\AppData\Roaming\Code\User\globalStorage\fwcd.kotlin\langServerInstall\server\lib\ktfmt-b5d31d1.jar;c:\Users\Haqii\AppData\Roaming\Code\User\globalStorage\fwcd.kotlin\langServerInstall\server\lib\kotlin-compiler-2.1.0.jar;c:\Users\Haqii\AppData\Roaming\Code\User\globalStorage\fwcd.kotlin\langServerInstall\server\lib\exposed-dao-0.37.3.jar;c:\Users\Haqii\AppData\Roaming\Code\User\globalStorage\fwcd.kotlin\langServerInstall\server\lib\exposed-jdbc-0.37.3.jar;c:\Users\Haqii\AppData\Roaming\Code\User\globalStorage\fwcd.kotlin\langServerInstall\server\lib\exposed-core-0.37.3.jar;c:\Users\Haqii\AppData\Roaming\Code\User\globalStorage\fwcd.kotlin\langServerInstall\server\lib\kotlin-scripting-compiler-impl-2.1.0.jar;c:\Users\Haqii\AppData\Roaming\Code\User\globalStorage\fwcd.kotlin\langServerInstall\server\lib\kotlin-reflect-2.1.0.jar;c:\Users\Haqii\AppData\Roaming\Code\User\globalStorage\fwcd.kotlin\langServerInstall\server\lib\kotlin-scripting-jvm-2.1.0.jar;c:\Users\Haqii\AppData\Roaming\Code\User\globalStorage\fwcd.kotlin\langServerInstall\server\lib\kotlin-scripting-common-2.1.0.jar;c:\Users\Haqii\AppData\Roaming\Code\User\globalStorage\fwcd.kotlin\langServerInstall\server\lib\kotlinx-coroutines-core-jvm-1.6.4.jar;c:\Users\Haqii\AppData\Roaming\Code\User\globalStorage\fwcd.kotlin\langServerInstall\server\lib\kotlin-stdlib-jdk8-2.1.0.jar;c:\Users\Haqii\AppData\Roaming\Code\User\globalStorage\fwcd.kotlin\langServerInstall\server\lib\kotlin-stdlib-jdk7-2.1.0.jar;c:\Users\Haqii\AppData\Roaming\Code\User\globalStorage\fwcd.kotlin\langServerInstall\server\lib\kotlin-stdlib-2.1.0.jar;c:\Users\Haqii\AppData\Roaming\Code\User\globalStorage\fwcd.kotlin\langServerInstall\server\lib\org.eclipse.lsp4j-0.21.2.jar;c:\Users\Haqii\AppData\Roaming\Code\User\globalStorage\fwcd.kotlin\langServerInstall\server\lib\org.eclipse.lsp4j.jsonrpc-0.21.2.jar;c:\Users\Haqii\AppData\Roaming\Code\User\globalStorage\fwcd.kotlin\langServerInstall\server\lib\kotlin-sam-with-receiver-compiler-plugin-2.1.0.jar;c:\Users\Haqii\AppData\Roaming\Code\User\globalStorage\fwcd.kotlin\langServerInstall\server\lib\fernflower-1.0.jar;c:\Users\Haqii\AppData\Roaming\Code\User\globalStorage\fwcd.kotlin\langServerInstall\server\lib\h2-1.4.200.jar;c:\Users\Haqii\AppData\Roaming\Code\User\globalStorage\fwcd.kotlin\langServerInstall\server\lib\jcommander-1.78.jar;c:\Users\Haqii\AppData\Roaming\Code\User\globalStorage\fwcd.kotlin\langServerInstall\server\lib\sqlite-jdbc-3.41.2.1.jar;c:\Users\Haqii\AppData\Roaming\Code\User\globalStorage\fwcd.kotlin\langServerInstall\server\lib\google-java-format-1.8.jar;c:\Users\Haqii\AppData\Roaming\Code\User\globalStorage\fwcd.kotlin\langServerInstall\server\lib\guava-33.3.0-jre.jar;c:\Users\Haqii\AppData\Roaming\Code\User\globalStorage\fwcd.kotlin\langServerInstall\server\lib\annotations-13.0.jar;c:\Users\Haqii\AppData\Roaming\Code\User\globalStorage\fwcd.kotlin\langServerInstall\server\lib\gson-2.10.1.jar;c:\Users\Haqii\AppData\Roaming\Code\User\globalStorage\fwcd.kotlin\langServerInstall\server\lib\kotlin-script-runtime-2.1.0.jar;c:\Users\Haqii\AppData\Roaming\Code\User\globalStorage\fwcd.kotlin\langServerInstall\server\lib\trove4j-1.0.20200330.jar;c:\Users\Haqii\AppData\Roaming\Code\User\globalStorage\fwcd.kotlin\langServerInstall\server\lib\jline-3.24.1.jar;c:\Users\Haqii\AppData\Roaming\Code\User\globalStorage\fwcd.kotlin\langServerInstall\server\lib\slf4j-api-1.7.25.jar;c:\Users\Haqii\AppData\Roaming\Code\User\globalStorage\fwcd.kotlin\langServerInstall\server\lib\jna-4.2.2.jar;c:\Users\Haqii\AppData\Roaming\Code\User\globalStorage\fwcd.kotlin\langServerInstall\server\lib\failureaccess-1.0.2.jar;c:\Users\Haqii\AppData\Roaming\Code\User\globalStorage\fwcd.kotlin\langServerInstall\server\lib\listenablefuture-9999.0-empty-to-avoid-conflict-with-guava.jar;c:\Users\Haqii\AppData\Roaming\Code\User\globalStorage\fwcd.kotlin\langServerInstall\server\lib\jsr305-3.0.2.jar;c:\Users\Haqii\AppData\Roaming\Code\User\globalStorage\fwcd.kotlin\langServerInstall\server\lib\checker-qual-3.43.0.jar;c:\Users\Haqii\AppData\Roaming\Code\User\globalStorage\fwcd.kotlin\langServerInstall\server\lib\error_prone_annotations-2.28.0.jar
PATH=C:\Program Files\Common Files\Oracle\Java\javapath;C:\Program Files (x86)\Common Files\Oracle\Java\java8path;C:\Program Files (x86)\Common Files\Oracle\Java\javapath;C:\Windows\system32;C:\Windows;C:\Windows\System32\Wbem;C:\Windows\System32\WindowsPowerShell\v1.0\;C:\Windows\System32\OpenSSH\;C:\xampp\php;C:\ProgramData\ComposerSetup\bin;C:\Program Files\Git\cmd;C:\Program Files\dotnet\;C:\ProgramData\chocolatey\bin;C:\Program Files\Neovim\bin;C:\Program Files\nodejs\;C:\Program Files\Common Files\Oracle\Java\javapath;C:\Windows\system32;C:\Windows;C:\Windows\System32\Wbem;C:\Windows\System32\WindowsPowerShell\v1.0\;C:\Windows\System32\OpenSSH\;C:\xampp\php;C:\ProgramData\ComposerSetup\bin;C:\Program Files\nodejs\;C:\Program Files\Git\cmd;C:\Program Files\dotnet\;C:\ProgramData\chocolatey\bin;c:\Users\Haqii\AppData\Local\Programs\cursor\resources\app\codeBin;C:\Users\Haqii\AppData\Local\Programs\Python\Launcher\;c:\Users\Haqii\AppData\Local\Programs\Trae\bin;C:\Users\Haqii\AppData\Local\Microsoft\WindowsApps;C:\Users\Haqii\AppData\Local\Programs\Microsoft VS Code\bin;C:\Users\Haqii\AppData\Roaming\Composer\vendor\bin;C:\msys64\ucrt64\bin;C:\Users\Haqii\AppData\Local\spicetify;C:\xampp\php;C:\Users\Haqii\.deno\bin;C:\Android\cmdline-tools\latest\bin;C:\Android\platform-tools;C:\Android\emulator;C:\Users\Haqii\AppData\Roaming\npm
USERNAME=Haqii
OS=Windows_NT
PROCESSOR_IDENTIFIER=AMD64 Family 25 Model 68 Stepping 1, AuthenticAMD
TMP=C:\Users\Haqii\AppData\Local\Temp
TEMP=C:\Users\Haqii\AppData\Local\Temp




Periodic native trim disabled

---------------  S Y S T E M  ---------------

OS:
 Windows 10 , 64 bit Build 19041 (10.0.19041.5915)
OS uptime: 0 days 5:50 hours

CPU: total 16 (initial active 16) (16 cores per cpu, 2 threads per core) family 25 model 68 stepping 1 microcode 0x0, cx8, cmov, fxsr, ht, mmx, 3dnowpref, sse, sse2, sse3, ssse3, sse4a, sse4.1, sse4.2, popcnt, lzcnt, tsc, tscinvbit, avx, avx2, aes, erms, clmul, bmi1, bmi2, adx, sha, fma, vzeroupper, clflush, clflushopt, rdtscp, rdpid, fsrm, f16c, pku, cet_ss
Processor Information for processor 0
  Max Mhz: 3201, Current Mhz: 2560, Mhz Limit: 3201
Processor Information for processor 1
  Max Mhz: 3201, Current Mhz: 2560, Mhz Limit: 3201
Processor Information for processor 2
  Max Mhz: 3201, Current Mhz: 3201, Mhz Limit: 3201
Processor Information for processor 3
  Max Mhz: 3201, Current Mhz: 2560, Mhz Limit: 3201
Processor Information for processor 4
  Max Mhz: 3201, Current Mhz: 2560, Mhz Limit: 3201
Processor Information for processor 5
  Max Mhz: 3201, Current Mhz: 2560, Mhz Limit: 3201
Processor Information for processor 6
  Max Mhz: 3201, Current Mhz: 2560, Mhz Limit: 3201
Processor Information for processor 7
  Max Mhz: 3201, Current Mhz: 2560, Mhz Limit: 3201
Processor Information for processor 8
  Max Mhz: 3201, Current Mhz: 2560, Mhz Limit: 3201
Processor Information for processor 9
  Max Mhz: 3201, Current Mhz: 2560, Mhz Limit: 3201
Processor Information for processor 10
  Max Mhz: 3201, Current Mhz: 2560, Mhz Limit: 3201
Processor Information for processor 11
  Max Mhz: 3201, Current Mhz: 3201, Mhz Limit: 3201
Processor Information for processor 12
  Max Mhz: 3201, Current Mhz: 2560, Mhz Limit: 3201
Processor Information for processor 13
  Max Mhz: 3201, Current Mhz: 2560, Mhz Limit: 3201
Processor Information for processor 14
  Max Mhz: 3201, Current Mhz: 2560, Mhz Limit: 3201
Processor Information for processor 15
  Max Mhz: 3201, Current Mhz: 2560, Mhz Limit: 3201

Memory: 4k page, system-wide physical 15613M (636M free)
TotalPageFile size 28925M (AvailPageFile size 466M)
current process WorkingSet (physical memory assigned to process): 669M, peak: 674M
current process commit charge ("private bytes"): 718M, peak: 1451M

vm_info: Java HotSpot(TM) 64-Bit Server VM (23.0.1+11-39) for windows-amd64 JRE (23.0.1+11-39), built on 2024-09-30T07:20:43Z with MS VC++ 17.6 (VS2022)

END.
