#
# There is insufficient memory for the Java Runtime Environment to continue.
# Native memory allocation (mmap) failed to map 27262976 bytes. Error detail: G1 virtual space
# Possible reasons:
#   The system is out of physical RAM or swap space
#   This process is running with CompressedOops enabled, and the Java Heap may be blocking the growth of the native heap
# Possible solutions:
#   Reduce memory load on the system
#   Increase physical memory or swap space
#   Check if swap backing store is full
#   Decrease Java heap size (-Xmx/-Xms)
#   Decrease number of Java threads
#   Decrease Java thread stack sizes (-Xss)
#   Set larger code cache with -XX:ReservedCodeCacheSize=
#   JVM is running with Zero Based Compressed Oops mode in which the Java heap is
#     placed in the first 32GB address space. The Java Heap base address is the
#     maximum limit for the native heap growth. Please use -XX:HeapBaseMinAddress
#     to set the Java Heap base and to place the Java Heap above 32GB virtual address.
# This output file may be truncated or incomplete.
#
#  Out of Memory Error (os_windows.cpp:3703), pid=18720, tid=13620
#
# JRE version: Java(TM) SE Runtime Environment (23.0.1+11) (build 23.0.1+11-39)
# Java VM: Java HotSpot(TM) 64-Bit Server VM (23.0.1+11-39, mixed mode, sharing, tiered, compressed oops, compressed class ptrs, g1 gc, windows-amd64)
# No core dump will be written. Minidumps are not enabled by default on client versions of Windows
#

---------------  S U M M A R Y ------------

Command Line: -DkotlinLanguageServer.version=1.3.13 org.javacs.kt.MainKt

Host: AMD Ryzen 7 7735HS with Radeon Graphics        , 16 cores, 15G,  Windows 11 , 64 bit Build 26100 (10.0.26100.6725)
Time: Wed Oct 15 08:40:31 2025 SE Asia Standard Time elapsed time: 13.857335 seconds (0d 0h 0m 13s)

---------------  T H R E A D  ---------------

Current thread (0x000002f07faecb80):  VMThread "VM Thread"          [id=13620, stack(0x000000f2cee00000,0x000000f2cef00000) (1024K)]

Stack: [0x000000f2cee00000,0x000000f2cef00000]
Native frames: (J=compiled Java code, j=interpreted, Vv=VM code, C=native code)
V  [jvm.dll+0x6e08b9]  (no source info available)
V  [jvm.dll+0x87dc83]  (no source info available)
V  [jvm.dll+0x88010e]  (no source info available)
V  [jvm.dll+0x8807e3]  (no source info available)
V  [jvm.dll+0x27aee6]  (no source info available)
V  [jvm.dll+0x6dd1c5]  (no source info available)
V  [jvm.dll+0x6d104a]  (no source info available)
V  [jvm.dll+0x35b3ea]  (no source info available)
V  [jvm.dll+0x3637f6]  (no source info available)
V  [jvm.dll+0x34fd5e]  (no source info available)
V  [jvm.dll+0x34fff8]  (no source info available)
V  [jvm.dll+0x3289cc]  (no source info available)
V  [jvm.dll+0x328a5a]  (no source info available)
V  [jvm.dll+0x374c92]  (no source info available)
V  [jvm.dll+0x373392]  (no source info available)
V  [jvm.dll+0x3281a7]  (no source info available)
V  [jvm.dll+0x372b44]  (no source info available)
V  [jvm.dll+0x886720]  (no source info available)
V  [jvm.dll+0x887a47]  (no source info available)
V  [jvm.dll+0x887f78]  (no source info available)
V  [jvm.dll+0x888213]  (no source info available)
V  [jvm.dll+0x824f8b]  (no source info available)
V  [jvm.dll+0x6df065]  (no source info available)
C  [ucrtbase.dll+0x37b0]  (no source info available)
C  [KERNEL32.DLL+0x2e8d7]  (no source info available)
C  [ntdll.dll+0x8c53c]  (no source info available)

VM_Operation (0x000000f2d10fa3c0): G1CollectForAllocation, mode: safepoint, requested by thread 0x000002f06b806060


---------------  P R O C E S S  ---------------

Threads class SMR info:
_java_thread_list=0x000002f06cd19810, length=23, elements={
0x000002f07fb03ce0, 0x000002f07fb0b480, 0x000002f07fb0d340, 0x000002f07fb0ded0,
0x000002f07fb1ae00, 0x000002f07fb26140, 0x000002f0196a0c00, 0x000002f07fb26ae0,
0x000002f01976a270, 0x000002f0197eb7e0, 0x000002f0197ef690, 0x000002f05f2016e0,
0x000002f05f0f8460, 0x000002f06a9aee30, 0x000002f0796e5230, 0x000002f069e650d0,
0x000002f06b803900, 0x000002f06a65e3c0, 0x000002f05f14e000, 0x000002f06b806060,
0x000002f06b805340, 0x000002f06046d6d0, 0x000002f0199012d0
}

Java Threads: ( => current thread )
  0x000002f07fb03ce0 JavaThread "Reference Handler"          daemon [_thread_blocked, id=22696, stack(0x000000f2cef00000,0x000000f2cf000000) (1024K)]
  0x000002f07fb0b480 JavaThread "Finalizer"                  daemon [_thread_blocked, id=25236, stack(0x000000f2cf000000,0x000000f2cf100000) (1024K)]
  0x000002f07fb0d340 JavaThread "Signal Dispatcher"          daemon [_thread_blocked, id=21980, stack(0x000000f2cf100000,0x000000f2cf200000) (1024K)]
  0x000002f07fb0ded0 JavaThread "Attach Listener"            daemon [_thread_blocked, id=25052, stack(0x000000f2cf200000,0x000000f2cf300000) (1024K)]
  0x000002f07fb1ae00 JavaThread "Service Thread"             daemon [_thread_blocked, id=5996, stack(0x000000f2cf300000,0x000000f2cf400000) (1024K)]
  0x000002f07fb26140 JavaThread "Monitor Deflation Thread"   daemon [_thread_blocked, id=5760, stack(0x000000f2cf400000,0x000000f2cf500000) (1024K)]
  0x000002f0196a0c00 JavaThread "C2 CompilerThread0"         daemon [_thread_blocked, id=25216, stack(0x000000f2cf500000,0x000000f2cf600000) (1024K)]
  0x000002f07fb26ae0 JavaThread "C1 CompilerThread0"         daemon [_thread_blocked, id=25544, stack(0x000000f2cf600000,0x000000f2cf700000) (1024K)]
  0x000002f01976a270 JavaThread "C1 CompilerThread1"         daemon [_thread_blocked, id=25324, stack(0x000000f2cf700000,0x000000f2cf800000) (1024K)]
  0x000002f0197eb7e0 JavaThread "Notification Thread"        daemon [_thread_blocked, id=20504, stack(0x000000f2cf800000,0x000000f2cf900000) (1024K)]
  0x000002f0197ef690 JavaThread "Common-Cleaner"             daemon [_thread_blocked, id=19540, stack(0x000000f2cf900000,0x000000f2cfa00000) (1024K)]
  0x000002f05f2016e0 JavaThread "C1 CompilerThread2"         daemon [_thread_blocked, id=12484, stack(0x000000f2cfb00000,0x000000f2cfc00000) (1024K)]
  0x000002f05f0f8460 JavaThread "C1 CompilerThread3"         daemon [_thread_blocked, id=11188, stack(0x000000f2cfc00000,0x000000f2cfd00000) (1024K)]
  0x000002f06a9aee30 JavaThread "client"                            [_thread_in_native, id=3016, stack(0x000000f2d0c00000,0x000000f2d0d00000) (1024K)]
  0x000002f0796e5230 JavaThread "DestroyJavaVM"                     [_thread_blocked, id=2824, stack(0x000000f2ce700000,0x000000f2ce800000) (1024K)]
  0x000002f069e650d0 JavaThread "async0"                            [_thread_blocked, id=3480, stack(0x000000f2d0d00000,0x000000f2d0e00000) (1024K)]
  0x000002f06b803900 JavaThread "async1"                            [_thread_blocked, id=16292, stack(0x000000f2cfa00000,0x000000f2cfb00000) (1024K)]
  0x000002f06a65e3c0 JavaThread "C2 CompilerThread1"         daemon [_thread_blocked, id=5912, stack(0x000000f2d0b00000,0x000000f2d0c00000) (1024K)]
  0x000002f05f14e000 JavaThread "C2 CompilerThread2"         daemon [_thread_blocked, id=24348, stack(0x000000f2d0e00000,0x000000f2d0f00000) (1024K)]
  0x000002f06b806060 JavaThread "debounce0"                         [_thread_blocked, id=16024, stack(0x000000f2d1000000,0x000000f2d1100000) (1024K)]
  0x000002f06b805340 JavaThread "async2"                            [_thread_blocked, id=23356, stack(0x000000f2d1200000,0x000000f2d1300000) (1024K)]
  0x000002f06046d6d0 JavaThread "C2 CompilerThread3"         daemon [_thread_blocked, id=14048, stack(0x000000f2d0f00000,0x000000f2d1000000) (1024K)]
  0x000002f0199012d0 JavaThread "async3"                            [_thread_blocked, id=15428, stack(0x000000f2d1100000,0x000000f2d1200000) (1024K)]
Total: 23

Other Threads:
=>0x000002f07faecb80 VMThread "VM Thread"                           [id=13620, stack(0x000000f2cee00000,0x000000f2cef00000) (1024K)]
  0x000002f07fad9870 WatcherThread "VM Periodic Task Thread"        [id=23740, stack(0x000000f2ced00000,0x000000f2cee00000) (1024K)]
  0x000002f07974dce0 WorkerThread "GC Thread#0"                     [id=3664, stack(0x000000f2ce800000,0x000000f2ce900000) (1024K)]
  0x000002f05f7d2940 WorkerThread "GC Thread#1"                     [id=13596, stack(0x000000f2cfd00000,0x000000f2cfe00000) (1024K)]
  0x000002f05f7d2cf0 WorkerThread "GC Thread#2"                     [id=9564, stack(0x000000f2cfe00000,0x000000f2cff00000) (1024K)]
  0x000002f05f643c20 WorkerThread "GC Thread#3"                     [id=25572, stack(0x000000f2cff00000,0x000000f2d0000000) (1024K)]
  0x000002f05f70ac90 WorkerThread "GC Thread#4"                     [id=5744, stack(0x000000f2d0000000,0x000000f2d0100000) (1024K)]
  0x000002f05f70a530 WorkerThread "GC Thread#5"                     [id=18756, stack(0x000000f2d0100000,0x000000f2d0200000) (1024K)]
  0x000002f05f70a8e0 WorkerThread "GC Thread#6"                     [id=20020, stack(0x000000f2d0200000,0x000000f2d0300000) (1024K)]
  0x000002f05f70b040 WorkerThread "GC Thread#7"                     [id=21308, stack(0x000000f2d0300000,0x000000f2d0400000) (1024K)]
  0x000002f05fd0b710 WorkerThread "GC Thread#8"                     [id=4576, stack(0x000000f2d0400000,0x000000f2d0500000) (1024K)]
  0x000002f05fd0bac0 WorkerThread "GC Thread#9"                     [id=2564, stack(0x000000f2d0500000,0x000000f2d0600000) (1024K)]
  0x000002f06066dda0 WorkerThread "GC Thread#10"                    [id=13820, stack(0x000000f2d0600000,0x000000f2d0700000) (1024K)]
  0x000002f06066d640 WorkerThread "GC Thread#11"                    [id=7620, stack(0x000000f2d0700000,0x000000f2d0800000) (1024K)]
  0x000002f06066c780 WorkerThread "GC Thread#12"                    [id=21848, stack(0x000000f2d0800000,0x000000f2d0900000) (1024K)]
  0x000002f079762d50 ConcurrentGCThread "G1 Main Marker"            [id=6568, stack(0x000000f2ce900000,0x000000f2cea00000) (1024K)]
  0x000002f079763860 WorkerThread "G1 Conc#0"                       [id=24860, stack(0x000000f2cea00000,0x000000f2ceb00000) (1024K)]
  0x000002f06066ec60 WorkerThread "G1 Conc#1"                       [id=2740, stack(0x000000f2d0900000,0x000000f2d0a00000) (1024K)]
  0x000002f06066e150 WorkerThread "G1 Conc#2"                       [id=12448, stack(0x000000f2d0a00000,0x000000f2d0b00000) (1024K)]
  0x000002f07f9ad310 ConcurrentGCThread "G1 Refine#0"               [id=15512, stack(0x000000f2ceb00000,0x000000f2cec00000) (1024K)]
  0x000002f07f9adc30 ConcurrentGCThread "G1 Service"                [id=7436, stack(0x000000f2cec00000,0x000000f2ced00000) (1024K)]
Total: 21

Threads with active compile tasks:
C2 CompilerThread0  13919 13569       4       org.jetbrains.org.objectweb.asm.ClassReader::accept (1380 bytes)
C2 CompilerThread1  13919 13208       4       org.jetbrains.kotlin.serialization.deserialization.descriptors.DeserializedMemberScope$OptimizedImplementation::<init> (856 bytes)
C2 CompilerThread2  13919 13214       4       org.jetbrains.kotlin.metadata.jvm.JvmProtoBuf$JvmPropertySignature::writeTo (113 bytes)
C2 CompilerThread3  13919 13568   !   4       org.jetbrains.kotlin.cli.jvm.index.JvmDependenciesIndexImpl::findClasses (415 bytes)
Total: 4

VM state: at safepoint (normal execution)

VM Mutex/Monitor currently owned by a thread:  ([mutex/lock_event])
[0x00007ffd34c93910] Threads_lock - owner thread: 0x000002f07faecb80
[0x00007ffd34c93a10] Heap_lock - owner thread: 0x000002f06b806060

Heap address: 0x000000070c000000, size: 3904 MB, Compressed Oops mode: Zero based, Oop shift amount: 3

CDS archive(s) mapped at: [0x000002f01a000000-0x000002f01ad70000-0x000002f01ad70000), size 14090240, SharedBaseAddress: 0x000002f01a000000, ArchiveRelocationMode: 1.
Compressed class space mapped at: 0x000002f01b000000-0x000002f05b000000, reserved size: 1073741824
Narrow klass base: 0x000002f01a000000, Narrow klass shift: 0, Narrow klass range: 0x41000000

GC Precious Log:
 CardTable entry size: 512
 Card Set container configuration: InlinePtr #cards 4 size 8 Array Of Cards #cards 16 size 48 Howl #buckets 8 coarsen threshold 3686 Howl Bitmap #cards 512 size 80 coarsen threshold 460 Card regions per heap region 1 cards per card region 4096
 CPUs: 16 total, 16 available
 Memory: 15613M
 Large Page Support: Disabled
 NUMA Support: Disabled
 Compressed Oops: Enabled (Zero based)
 Heap Region Size: 2M
 Heap Min Capacity: 8M
 Heap Initial Capacity: 244M
 Heap Max Capacity: 3904M
 Pre-touch: Disabled
 Parallel Workers: 13
 Concurrent Workers: 3
 Concurrent Refinement Workers: 13
 Periodic GC: Disabled

Heap:
 garbage-first heap   total reserved 3997696K, committed 229376K, used 118875K [0x000000070c000000, 0x0000000800000000)
  region size 2048K, 2 young (4096K), 2 survivors (4096K)
 Metaspace       used 74483K, committed 75584K, reserved 1179648K
  class space    used 8865K, committed 9344K, reserved 1048576K

Heap Regions: E=young(eden), S=young(survivor), O=old, HS=humongous(starts), HC=humongous(continues), CS=collection set, F=free, TAMS=top-at-mark-start, PB=parsable bottom
|   0|0x000000070c000000, 0x000000070c200000, 0x000000070c200000|100%|HS|  |TAMS 0x000000070c200000| PB 0x000000070c000000| Complete |  0
|   1|0x000000070c200000, 0x000000070c400000, 0x000000070c400000|100%|HC|  |TAMS 0x000000070c400000| PB 0x000000070c200000| Complete |  0
|   2|0x000000070c400000, 0x000000070c600000, 0x000000070c600000|100%| O|  |TAMS 0x000000070c600000| PB 0x000000070c400000| Untracked |  0
|   3|0x000000070c600000, 0x000000070c800000, 0x000000070c800000|100%| O|  |TAMS 0x000000070c800000| PB 0x000000070c600000| Untracked |  0
|   4|0x000000070c800000, 0x000000070ca00000, 0x000000070ca00000|100%| O|  |TAMS 0x000000070ca00000| PB 0x000000070c800000| Untracked |  0
|   5|0x000000070ca00000, 0x000000070cc00000, 0x000000070cc00000|100%| O|  |TAMS 0x000000070cc00000| PB 0x000000070ca00000| Untracked |  0
|   6|0x000000070cc00000, 0x000000070ce00000, 0x000000070ce00000|100%| O|  |TAMS 0x000000070ce00000| PB 0x000000070cc00000| Untracked |  0
|   7|0x000000070ce00000, 0x000000070d000000, 0x000000070d000000|100%| O|  |TAMS 0x000000070d000000| PB 0x000000070ce00000| Untracked |  0
|   8|0x000000070d000000, 0x000000070d200000, 0x000000070d200000|100%| O|  |TAMS 0x000000070d200000| PB 0x000000070d000000| Untracked |  0
|   9|0x000000070d200000, 0x000000070d400000, 0x000000070d400000|100%| O|  |TAMS 0x000000070d400000| PB 0x000000070d200000| Untracked |  0
|  10|0x000000070d400000, 0x000000070d600000, 0x000000070d600000|100%| O|  |TAMS 0x000000070d600000| PB 0x000000070d400000| Untracked |  0
|  11|0x000000070d600000, 0x000000070d800000, 0x000000070d800000|100%| O|  |TAMS 0x000000070d800000| PB 0x000000070d600000| Untracked |  0
|  12|0x000000070d800000, 0x000000070da00000, 0x000000070da00000|100%| O|  |TAMS 0x000000070da00000| PB 0x000000070d800000| Untracked |  0
|  13|0x000000070da00000, 0x000000070dc00000, 0x000000070dc00000|100%| O|  |TAMS 0x000000070dc00000| PB 0x000000070da00000| Untracked |  0
|  14|0x000000070dc00000, 0x000000070de00000, 0x000000070de00000|100%| O|  |TAMS 0x000000070de00000| PB 0x000000070dc00000| Untracked |  0
|  15|0x000000070de00000, 0x000000070e000000, 0x000000070e000000|100%| O|  |TAMS 0x000000070e000000| PB 0x000000070de00000| Untracked |  0
|  16|0x000000070e000000, 0x000000070e200000, 0x000000070e200000|100%| O|  |TAMS 0x000000070e200000| PB 0x000000070e000000| Untracked |  0
|  17|0x000000070e200000, 0x000000070e400000, 0x000000070e400000|100%| O|  |TAMS 0x000000070e400000| PB 0x000000070e200000| Untracked |  0
|  18|0x000000070e400000, 0x000000070e600000, 0x000000070e600000|100%|HS|  |TAMS 0x000000070e600000| PB 0x000000070e400000| Complete |  0
|  19|0x000000070e600000, 0x000000070e800000, 0x000000070e800000|100%| O|  |TAMS 0x000000070e800000| PB 0x000000070e600000| Untracked |  0
|  20|0x000000070e800000, 0x000000070ea00000, 0x000000070ea00000|100%| O|  |TAMS 0x000000070ea00000| PB 0x000000070e800000| Untracked |  0
|  21|0x000000070ea00000, 0x000000070ec00000, 0x000000070ec00000|100%| O|  |TAMS 0x000000070ec00000| PB 0x000000070ea00000| Untracked |  0
|  22|0x000000070ec00000, 0x000000070ee00000, 0x000000070ee00000|100%| O|  |TAMS 0x000000070ee00000| PB 0x000000070ec00000| Untracked |  0
|  23|0x000000070ee00000, 0x000000070f000000, 0x000000070f000000|100%| O|  |TAMS 0x000000070f000000| PB 0x000000070ee00000| Untracked |  0
|  24|0x000000070f000000, 0x000000070f200000, 0x000000070f200000|100%| O|  |TAMS 0x000000070f200000| PB 0x000000070f000000| Untracked |  0
|  25|0x000000070f200000, 0x000000070f400000, 0x000000070f400000|100%| O|  |TAMS 0x000000070f400000| PB 0x000000070f200000| Untracked |  0
|  26|0x000000070f400000, 0x000000070f600000, 0x000000070f600000|100%| O|  |TAMS 0x000000070f600000| PB 0x000000070f400000| Untracked |  0
|  27|0x000000070f600000, 0x000000070f800000, 0x000000070f800000|100%| O|  |TAMS 0x000000070f800000| PB 0x000000070f600000| Untracked |  0
|  28|0x000000070f800000, 0x000000070fa00000, 0x000000070fa00000|100%| O|  |TAMS 0x000000070fa00000| PB 0x000000070f800000| Untracked |  0
|  29|0x000000070fa00000, 0x000000070fc00000, 0x000000070fc00000|100%| O|  |TAMS 0x000000070fc00000| PB 0x000000070fa00000| Untracked |  0
|  30|0x000000070fc00000, 0x000000070fe00000, 0x000000070fe00000|100%| O|  |TAMS 0x000000070fe00000| PB 0x000000070fc00000| Untracked |  0
|  31|0x000000070fe00000, 0x0000000710000000, 0x0000000710000000|100%|HS|  |TAMS 0x0000000710000000| PB 0x000000070fe00000| Complete |  0
|  32|0x0000000710000000, 0x0000000710200000, 0x0000000710200000|100%| O|  |TAMS 0x0000000710200000| PB 0x0000000710000000| Untracked |  0
|  33|0x0000000710200000, 0x0000000710400000, 0x0000000710400000|100%| O|  |TAMS 0x0000000710400000| PB 0x0000000710200000| Untracked |  0
|  34|0x0000000710400000, 0x0000000710600000, 0x0000000710600000|100%| O|  |TAMS 0x0000000710600000| PB 0x0000000710400000| Untracked |  0
|  35|0x0000000710600000, 0x0000000710800000, 0x0000000710800000|100%| O|  |TAMS 0x0000000710800000| PB 0x0000000710600000| Untracked |  0
|  36|0x0000000710800000, 0x0000000710a00000, 0x0000000710a00000|100%| O|  |TAMS 0x0000000710a00000| PB 0x0000000710800000| Untracked |  0
|  37|0x0000000710a00000, 0x0000000710c00000, 0x0000000710c00000|100%| O|  |TAMS 0x0000000710a00000| PB 0x0000000710a00000| Untracked |  0
|  38|0x0000000710c00000, 0x0000000710e00000, 0x0000000710e00000|100%| O|  |TAMS 0x0000000710e00000| PB 0x0000000710c00000| Untracked |  0
|  39|0x0000000710e00000, 0x0000000711000000, 0x0000000711000000|100%| O|  |TAMS 0x0000000711000000| PB 0x0000000710e00000| Untracked |  0
|  40|0x0000000711000000, 0x0000000711200000, 0x0000000711200000|100%| O|  |TAMS 0x0000000711200000| PB 0x0000000711000000| Untracked |  0
|  41|0x0000000711200000, 0x0000000711400000, 0x0000000711400000|100%| O|  |TAMS 0x0000000711400000| PB 0x0000000711200000| Untracked |  0
|  42|0x0000000711400000, 0x0000000711600000, 0x0000000711600000|100%| O|  |TAMS 0x0000000711400000| PB 0x0000000711400000| Untracked |  0
|  43|0x0000000711600000, 0x0000000711800000, 0x0000000711800000|100%| O|  |TAMS 0x0000000711800000| PB 0x0000000711600000| Untracked |  0
|  44|0x0000000711800000, 0x0000000711a00000, 0x0000000711a00000|100%| O|  |TAMS 0x0000000711a00000| PB 0x0000000711800000| Untracked |  0
|  45|0x0000000711a00000, 0x0000000711c00000, 0x0000000711c00000|100%| O|  |TAMS 0x0000000711c00000| PB 0x0000000711a00000| Untracked |  0
|  46|0x0000000711c00000, 0x0000000711e00000, 0x0000000711e00000|100%| O|  |TAMS 0x0000000711e00000| PB 0x0000000711c00000| Untracked |  0
|  47|0x0000000711e00000, 0x0000000712000000, 0x0000000712000000|100%| O|  |TAMS 0x0000000712000000| PB 0x0000000711e00000| Untracked |  0
|  48|0x0000000712000000, 0x0000000712200000, 0x0000000712200000|100%| O|  |TAMS 0x0000000712200000| PB 0x0000000712000000| Untracked |  0
|  49|0x0000000712200000, 0x0000000712400000, 0x0000000712400000|100%| O|  |TAMS 0x0000000712400000| PB 0x0000000712200000| Untracked |  0
|  50|0x0000000712400000, 0x0000000712600000, 0x0000000712600000|100%| O|  |TAMS 0x0000000712570e50| PB 0x0000000712400000| Untracked |  0
|  51|0x0000000712600000, 0x0000000712800000, 0x0000000712800000|100%| O|  |TAMS 0x0000000712600000| PB 0x0000000712600000| Untracked |  0
|  52|0x0000000712800000, 0x0000000712800000, 0x0000000712a00000|  0%| F|  |TAMS 0x0000000712800000| PB 0x0000000712800000| Untracked |  0
|  53|0x0000000712a00000, 0x0000000712a00000, 0x0000000712c00000|  0%| F|  |TAMS 0x0000000712a00000| PB 0x0000000712a00000| Untracked |  0
|  54|0x0000000712c00000, 0x0000000712c00000, 0x0000000712e00000|  0%| F|  |TAMS 0x0000000712c00000| PB 0x0000000712c00000| Untracked |  0
|  55|0x0000000712e00000, 0x0000000712e00000, 0x0000000713000000|  0%| F|  |TAMS 0x0000000712e00000| PB 0x0000000712e00000| Untracked |  0
|  56|0x0000000713000000, 0x0000000713200000, 0x0000000713200000|100%| O|  |TAMS 0x0000000713000000| PB 0x0000000713000000| Untracked |  0
|  57|0x0000000713200000, 0x000000071324f908, 0x0000000713400000| 15%| O|  |TAMS 0x0000000713200000| PB 0x0000000713200000| Untracked |  0
|  58|0x0000000713400000, 0x0000000713400000, 0x0000000713600000|  0%| F|  |TAMS 0x0000000713400000| PB 0x0000000713400000| Untracked |  0
|  59|0x0000000713600000, 0x0000000713600000, 0x0000000713800000|  0%| F|  |TAMS 0x0000000713600000| PB 0x0000000713600000| Untracked |  0
|  60|0x0000000713800000, 0x00000007139c76a0, 0x0000000713a00000| 88%| S|CS|TAMS 0x0000000713800000| PB 0x0000000713800000| Complete |  0
|  61|0x0000000713a00000, 0x0000000713c00000, 0x0000000713c00000|100%| S|CS|TAMS 0x0000000713a00000| PB 0x0000000713a00000| Complete |  0
|  62|0x0000000713c00000, 0x0000000713c00000, 0x0000000713e00000|  0%| F|  |TAMS 0x0000000713c00000| PB 0x0000000713c00000| Untracked |  0
|  63|0x0000000713e00000, 0x0000000713e00000, 0x0000000714000000|  0%| F|  |TAMS 0x0000000713e00000| PB 0x0000000713e00000| Untracked |  0
|  64|0x0000000714000000, 0x0000000714000000, 0x0000000714200000|  0%| F|  |TAMS 0x0000000714000000| PB 0x0000000714000000| Untracked |  0
|  65|0x0000000714200000, 0x0000000714200000, 0x0000000714400000|  0%| F|  |TAMS 0x0000000714200000| PB 0x0000000714200000| Untracked |  0
|  66|0x0000000714400000, 0x0000000714400000, 0x0000000714600000|  0%| F|  |TAMS 0x0000000714400000| PB 0x0000000714400000| Untracked |  0
|  67|0x0000000714600000, 0x0000000714600000, 0x0000000714800000|  0%| F|  |TAMS 0x0000000714600000| PB 0x0000000714600000| Untracked |  0
|  68|0x0000000714800000, 0x0000000714800000, 0x0000000714a00000|  0%| F|  |TAMS 0x0000000714800000| PB 0x0000000714800000| Untracked |  0
|  69|0x0000000714a00000, 0x0000000714a00000, 0x0000000714c00000|  0%| F|  |TAMS 0x0000000714a00000| PB 0x0000000714a00000| Untracked |  0
|  70|0x0000000714c00000, 0x0000000714c00000, 0x0000000714e00000|  0%| F|  |TAMS 0x0000000714c00000| PB 0x0000000714c00000| Untracked |  0
|  71|0x0000000714e00000, 0x0000000714e00000, 0x0000000715000000|  0%| F|  |TAMS 0x0000000714e00000| PB 0x0000000714e00000| Untracked |  0
|  72|0x0000000715000000, 0x0000000715000000, 0x0000000715200000|  0%| F|  |TAMS 0x0000000715000000| PB 0x0000000715000000| Untracked |  0
|  73|0x0000000715200000, 0x0000000715200000, 0x0000000715400000|  0%| F|  |TAMS 0x0000000715200000| PB 0x0000000715200000| Untracked |  0
|  74|0x0000000715400000, 0x0000000715400000, 0x0000000715600000|  0%| F|  |TAMS 0x0000000715400000| PB 0x0000000715400000| Untracked |  0
|  75|0x0000000715600000, 0x0000000715600000, 0x0000000715800000|  0%| F|  |TAMS 0x0000000715600000| PB 0x0000000715600000| Untracked |  0
|  76|0x0000000715800000, 0x0000000715800000, 0x0000000715a00000|  0%| F|  |TAMS 0x0000000715800000| PB 0x0000000715800000| Untracked |  0
|  77|0x0000000715a00000, 0x0000000715a00000, 0x0000000715c00000|  0%| F|  |TAMS 0x0000000715a00000| PB 0x0000000715a00000| Untracked |  0
|  78|0x0000000715c00000, 0x0000000715c00000, 0x0000000715e00000|  0%| F|  |TAMS 0x0000000715c00000| PB 0x0000000715c00000| Untracked |  0
|  79|0x0000000715e00000, 0x0000000715e00000, 0x0000000716000000|  0%| F|  |TAMS 0x0000000715e00000| PB 0x0000000715e00000| Untracked |  0
|  80|0x0000000716000000, 0x0000000716000000, 0x0000000716200000|  0%| F|  |TAMS 0x0000000716000000| PB 0x0000000716000000| Untracked |  0
|  81|0x0000000716200000, 0x0000000716200000, 0x0000000716400000|  0%| F|  |TAMS 0x0000000716200000| PB 0x0000000716200000| Untracked |  0
|  82|0x0000000716400000, 0x0000000716400000, 0x0000000716600000|  0%| F|  |TAMS 0x0000000716400000| PB 0x0000000716400000| Untracked |  0
|  83|0x0000000716600000, 0x0000000716600000, 0x0000000716800000|  0%| F|  |TAMS 0x0000000716600000| PB 0x0000000716600000| Untracked |  0
|  84|0x0000000716800000, 0x0000000716800000, 0x0000000716a00000|  0%| F|  |TAMS 0x0000000716800000| PB 0x0000000716800000| Untracked |  0
|  85|0x0000000716a00000, 0x0000000716a00000, 0x0000000716c00000|  0%| F|  |TAMS 0x0000000716a00000| PB 0x0000000716a00000| Untracked |  0
|  86|0x0000000716c00000, 0x0000000716c00000, 0x0000000716e00000|  0%| F|  |TAMS 0x0000000716c00000| PB 0x0000000716c00000| Untracked |  0
|  87|0x0000000716e00000, 0x0000000716e00000, 0x0000000717000000|  0%| F|  |TAMS 0x0000000716e00000| PB 0x0000000716e00000| Untracked |  0
|  88|0x0000000717000000, 0x0000000717000000, 0x0000000717200000|  0%| F|  |TAMS 0x0000000717000000| PB 0x0000000717000000| Untracked |  0
|  89|0x0000000717200000, 0x0000000717200000, 0x0000000717400000|  0%| F|  |TAMS 0x0000000717200000| PB 0x0000000717200000| Untracked |  0
|  90|0x0000000717400000, 0x0000000717400000, 0x0000000717600000|  0%| F|  |TAMS 0x0000000717400000| PB 0x0000000717400000| Untracked |  0
|  91|0x0000000717600000, 0x0000000717600000, 0x0000000717800000|  0%| F|  |TAMS 0x0000000717600000| PB 0x0000000717600000| Untracked |  0
|  92|0x0000000717800000, 0x0000000717800000, 0x0000000717a00000|  0%| F|  |TAMS 0x0000000717800000| PB 0x0000000717800000| Untracked |  0
|  93|0x0000000717a00000, 0x0000000717a00000, 0x0000000717c00000|  0%| F|  |TAMS 0x0000000717a00000| PB 0x0000000717a00000| Untracked |  0
|  94|0x0000000717c00000, 0x0000000717c00000, 0x0000000717e00000|  0%| F|  |TAMS 0x0000000717c00000| PB 0x0000000717c00000| Untracked |  0
|  95|0x0000000717e00000, 0x0000000717e00000, 0x0000000718000000|  0%| F|  |TAMS 0x0000000717e00000| PB 0x0000000717e00000| Untracked |  0
|  96|0x0000000718000000, 0x0000000718000000, 0x0000000718200000|  0%| F|  |TAMS 0x0000000718000000| PB 0x0000000718000000| Untracked |  0
|  97|0x0000000718200000, 0x0000000718200000, 0x0000000718400000|  0%| F|  |TAMS 0x0000000718200000| PB 0x0000000718200000| Untracked |  0
|  98|0x0000000718400000, 0x0000000718400000, 0x0000000718600000|  0%| F|  |TAMS 0x0000000718400000| PB 0x0000000718400000| Untracked |  0
|  99|0x0000000718600000, 0x0000000718600000, 0x0000000718800000|  0%| F|  |TAMS 0x0000000718600000| PB 0x0000000718600000| Untracked |  0
| 100|0x0000000718800000, 0x0000000718800000, 0x0000000718a00000|  0%| F|  |TAMS 0x0000000718800000| PB 0x0000000718800000| Untracked |  0
| 101|0x0000000718a00000, 0x0000000718a00000, 0x0000000718c00000|  0%| F|  |TAMS 0x0000000718a00000| PB 0x0000000718a00000| Untracked |  0
| 102|0x0000000718c00000, 0x0000000718c00000, 0x0000000718e00000|  0%| F|  |TAMS 0x0000000718c00000| PB 0x0000000718c00000| Untracked |  0
| 103|0x0000000718e00000, 0x0000000718e00000, 0x0000000719000000|  0%| F|  |TAMS 0x0000000718e00000| PB 0x0000000718e00000| Untracked |  0
| 104|0x0000000719000000, 0x0000000719000000, 0x0000000719200000|  0%| F|  |TAMS 0x0000000719000000| PB 0x0000000719000000| Untracked |  0
| 105|0x0000000719200000, 0x0000000719200000, 0x0000000719400000|  0%| F|  |TAMS 0x0000000719200000| PB 0x0000000719200000| Untracked |  0
| 106|0x0000000719400000, 0x0000000719400000, 0x0000000719600000|  0%| F|  |TAMS 0x0000000719400000| PB 0x0000000719400000| Untracked |  0
| 107|0x0000000719600000, 0x0000000719600000, 0x0000000719800000|  0%| F|  |TAMS 0x0000000719600000| PB 0x0000000719600000| Untracked |  0
| 121|0x000000071b200000, 0x000000071b200000, 0x000000071b400000|  0%| F|  |TAMS 0x000000071b200000| PB 0x000000071b200000| Untracked |  0
|1949|0x00000007ffa00000, 0x00000007ffc00000, 0x00000007ffc00000|100%| O|  |TAMS 0x00000007ffc00000| PB 0x00000007ffa00000| Untracked |  0
|1950|0x00000007ffc00000, 0x00000007ffe00000, 0x00000007ffe00000|100%| O|  |TAMS 0x00000007ffe00000| PB 0x00000007ffc00000| Untracked |  0
|1951|0x00000007ffe00000, 0x0000000800000000, 0x0000000800000000|100%| O|  |TAMS 0x0000000800000000| PB 0x00000007ffe00000| Untracked |  0

Card table byte_map: [0x000002f07a7d0000,0x000002f07af70000] _byte_map_base: 0x000002f076f70000

Marking Bits: (CMBitMap*) 0x000002f07974e3f0
 Bits: [0x000002f07af70000, 0x000002f07ec70000)

Polling page: 0x000002f077590000

Metaspace:

Usage:
  Non-class:     64.08 MB used.
      Class:      8.66 MB used.
       Both:     72.74 MB used.

Virtual space:
  Non-class space:      128.00 MB reserved,      64.69 MB ( 51%) committed,  2 nodes.
      Class space:        1.00 GB reserved,       9.12 MB ( <1%) committed,  1 nodes.
             Both:        1.12 GB reserved,      73.81 MB (  6%) committed. 

Chunk freelists:
   Non-Class:  15.05 MB
       Class:  6.69 MB
        Both:  21.74 MB

MaxMetaspaceSize: unlimited
CompressedClassSpaceSize: 1.00 GB
Initial GC threshold: 21.00 MB
Current GC threshold: 121.88 MB
CDS: on
 - commit_granule_bytes: 65536.
 - commit_granule_words: 8192.
 - virtual_space_node_default_size: 8388608.
 - enlarge_chunks_in_place: 1.
 - use_allocation_guard: 0.


Internal statistics:

num_allocs_failed_limit: 6.
num_arena_births: 1668.
num_arena_deaths: 0.
num_vsnodes_births: 3.
num_vsnodes_deaths: 0.
num_space_committed: 1179.
num_space_uncommitted: 0.
num_chunks_returned_to_freelist: 6.
num_chunks_taken_from_freelist: 4507.
num_chunk_merges: 3.
num_chunk_splits: 3272.
num_chunks_enlarged: 2396.
num_inconsistent_stats: 0.

CodeHeap 'non-profiled nmethods': size=119232Kb used=5093Kb max_used=5496Kb free=114138Kb
 bounds [0x000002f010200000, 0x000002f010760000, 0x000002f017670000]
CodeHeap 'profiled nmethods': size=119104Kb used=23768Kb max_used=25176Kb free=95335Kb
 bounds [0x000002f008670000, 0x000002f009f10000, 0x000002f00fac0000]
CodeHeap 'non-nmethods': size=7424Kb used=3450Kb max_used=3514Kb free=3973Kb
 bounds [0x000002f00fac0000, 0x000002f00fe40000, 0x000002f010200000]
CodeCache: size=245760Kb, used=32311Kb, max_used=34186Kb, free=213446Kb
 total_blobs=12138, nmethods=11348, adapters=690, full_count=0
Compilation: enabled, stopped_count=0, restarted_count=0

Compilation events (20 events):
Event: 12.756 Thread 0x000002f05f14e000 nmethod 13562 0x000002f0105ccc08 code [0x000002f0105ccd20, 0x000002f0105ccf58]
Event: 12.756 Thread 0x000002f05f14e000 13218       4       org.jetbrains.kotlin.metadata.jvm.JvmProtoBuf$JvmPropertySignature$Builder::mergeFrom (7 bytes)
Event: 12.763 Thread 0x000002f06046d6d0 nmethod 13204 0x000002f010574508 code [0x000002f010574fa0, 0x000002f01057dd88]
Event: 12.763 Thread 0x000002f05f14e000 nmethod 13218 0x000002f0104f1c08 code [0x000002f0104f1da0, 0x000002f0104f2558]
Event: 12.764 Thread 0x000002f05f14e000 13219   !   4       org.jetbrains.kotlin.metadata.jvm.JvmProtoBuf$JvmPropertySignature$Builder::mergeFrom (60 bytes)
Event: 12.764 Thread 0x000002f06046d6d0 13564       4       org.jetbrains.kotlin.load.kotlin.FileBasedKotlinClass$1::visitAnnotation (21 bytes)
Event: 12.769 Thread 0x000002f0196a0c00 nmethod 13561 0x000002f0104fbc88 code [0x000002f0104fbfa0, 0x000002f0104fde40]
Event: 12.769 Thread 0x000002f0196a0c00 13565       4       org.jetbrains.kotlin.load.kotlin.header.ReadKotlinClassHeaderAnnotationVisitor::visitAnnotation (115 bytes)
Event: 12.773 Thread 0x000002f05f14e000 nmethod 13219 0x000002f0106e7b88 code [0x000002f0106e7d20, 0x000002f0106e84d8]
Event: 12.773 Thread 0x000002f05f14e000 13220       4       org.jetbrains.kotlin.metadata.jvm.JvmProtoBuf$JvmPropertySignature$1::parsePartialFrom (7 bytes)
Event: 12.774 Thread 0x000002f05f14e000 nmethod 13220 0x000002f0104f1888 code [0x000002f0104f19a0, 0x000002f0104f1ac8]
Event: 12.774 Thread 0x000002f05f14e000 13214       4       org.jetbrains.kotlin.metadata.jvm.JvmProtoBuf$JvmPropertySignature::writeTo (113 bytes)
Event: 12.779 Thread 0x000002f0196a0c00 nmethod 13565 0x000002f0104be808 code [0x000002f0104be9c0, 0x000002f0104bf670]
Event: 12.779 Thread 0x000002f0196a0c00 13569       4       org.jetbrains.org.objectweb.asm.ClassReader::accept (1380 bytes)
Event: 12.779 Thread 0x000002f06046d6d0 nmethod 13564 0x000002f0106e3c88 code [0x000002f0106e3e60, 0x000002f0106e4c60]
Event: 12.779 Thread 0x000002f06046d6d0 13570   !   4       java.util.concurrent.ConcurrentHashMap::putVal (432 bytes)
Event: 12.795 Thread 0x000002f06046d6d0 nmethod 13570 0x000002f010292708 code [0x000002f0102928e0, 0x000002f010293980]
Event: 12.795 Thread 0x000002f06046d6d0 13567       4       org.jetbrains.kotlin.cli.jvm.index.JvmDependenciesDynamicCompoundIndex$$Lambda/0x000002f01b6bcb48::invoke (20 bytes)
Event: 12.796 Thread 0x000002f06046d6d0 nmethod 13567 0x000002f0106e7808 code [0x000002f0106e7940, 0x000002f0106e7b20]
Event: 12.796 Thread 0x000002f06046d6d0 13568   !   4       org.jetbrains.kotlin.cli.jvm.index.JvmDependenciesIndexImpl::findClasses (415 bytes)

GC Heap History (20 events):
Event: 8.838 GC heap after
{Heap after GC invocations=38 (full 0):
 garbage-first heap   total reserved 3997696K, committed 100352K, used 68411K [0x000000070c000000, 0x0000000800000000)
  region size 2048K, 2 young (4096K), 2 survivors (4096K)
 Metaspace       used 60424K, committed 61312K, reserved 1114112K
  class space    used 7291K, committed 7680K, reserved 1048576K
}
Event: 8.874 GC heap before
{Heap before GC invocations=38 (full 0):
 garbage-first heap   total reserved 3997696K, committed 100352K, used 88891K [0x000000070c000000, 0x0000000800000000)
  region size 2048K, 12 young (24576K), 2 survivors (4096K)
 Metaspace       used 60425K, committed 61312K, reserved 1114112K
  class space    used 7291K, committed 7680K, reserved 1048576K
}
Event: 8.876 GC heap after
{Heap after GC invocations=39 (full 0):
 garbage-first heap   total reserved 3997696K, committed 149504K, used 69122K [0x000000070c000000, 0x0000000800000000)
  region size 2048K, 1 young (2048K), 1 survivors (2048K)
 Metaspace       used 60425K, committed 61312K, reserved 1114112K
  class space    used 7291K, committed 7680K, reserved 1048576K
}
Event: 10.277 GC heap before
{Heap before GC invocations=40 (full 0):
 garbage-first heap   total reserved 3997696K, committed 149504K, used 128514K [0x000000070c000000, 0x0000000800000000)
  region size 2048K, 29 young (59392K), 1 survivors (2048K)
 Metaspace       used 69408K, committed 70400K, reserved 1114112K
  class space    used 8357K, committed 8832K, reserved 1048576K
}
Event: 10.283 GC heap after
{Heap after GC invocations=41 (full 0):
 garbage-first heap   total reserved 3997696K, committed 149504K, used 77789K [0x000000070c000000, 0x0000000800000000)
  region size 2048K, 4 young (8192K), 4 survivors (8192K)
 Metaspace       used 69408K, committed 70400K, reserved 1114112K
  class space    used 8357K, committed 8832K, reserved 1048576K
}
Event: 11.539 GC heap before
{Heap before GC invocations=41 (full 0):
 garbage-first heap   total reserved 3997696K, committed 149504K, used 122845K [0x000000070c000000, 0x0000000800000000)
  region size 2048K, 26 young (53248K), 4 survivors (8192K)
 Metaspace       used 72101K, committed 73088K, reserved 1114112K
  class space    used 8647K, committed 9088K, reserved 1048576K
}
Event: 11.545 GC heap after
{Heap after GC invocations=42 (full 0):
 garbage-first heap   total reserved 3997696K, committed 149504K, used 84211K [0x000000070c000000, 0x0000000800000000)
  region size 2048K, 4 young (8192K), 4 survivors (8192K)
 Metaspace       used 72101K, committed 73088K, reserved 1114112K
  class space    used 8647K, committed 9088K, reserved 1048576K
}
Event: 12.090 GC heap before
{Heap before GC invocations=42 (full 0):
 garbage-first heap   total reserved 3997696K, committed 149504K, used 127219K [0x000000070c000000, 0x0000000800000000)
  region size 2048K, 25 young (51200K), 4 survivors (8192K)
 Metaspace       used 73834K, committed 74880K, reserved 1179648K
  class space    used 8787K, committed 9280K, reserved 1048576K
}
Event: 12.094 GC heap after
{Heap after GC invocations=43 (full 0):
 garbage-first heap   total reserved 3997696K, committed 149504K, used 90239K [0x000000070c000000, 0x0000000800000000)
  region size 2048K, 4 young (8192K), 4 survivors (8192K)
 Metaspace       used 73834K, committed 74880K, reserved 1179648K
  class space    used 8787K, committed 9280K, reserved 1048576K
}
Event: 12.185 GC heap before
{Heap before GC invocations=44 (full 0):
 garbage-first heap   total reserved 3997696K, committed 153600K, used 127103K [0x000000070c000000, 0x0000000800000000)
  region size 2048K, 23 young (47104K), 4 survivors (8192K)
 Metaspace       used 73847K, committed 74880K, reserved 1179648K
  class space    used 8789K, committed 9280K, reserved 1048576K
}
Event: 12.188 GC heap after
{Heap after GC invocations=45 (full 0):
 garbage-first heap   total reserved 3997696K, committed 153600K, used 93418K [0x000000070c000000, 0x0000000800000000)
  region size 2048K, 2 young (4096K), 2 survivors (4096K)
 Metaspace       used 73847K, committed 74880K, reserved 1179648K
  class space    used 8789K, committed 9280K, reserved 1048576K
}
Event: 12.310 GC heap before
{Heap before GC invocations=45 (full 0):
 garbage-first heap   total reserved 3997696K, committed 153600K, used 136426K [0x000000070c000000, 0x0000000800000000)
  region size 2048K, 23 young (47104K), 2 survivors (4096K)
 Metaspace       used 73847K, committed 74880K, reserved 1179648K
  class space    used 8789K, committed 9280K, reserved 1048576K
}
Event: 12.315 GC heap after
{Heap after GC invocations=46 (full 0):
 garbage-first heap   total reserved 3997696K, committed 153600K, used 96153K [0x000000070c000000, 0x0000000800000000)
  region size 2048K, 3 young (6144K), 3 survivors (6144K)
 Metaspace       used 73847K, committed 74880K, reserved 1179648K
  class space    used 8789K, committed 9280K, reserved 1048576K
}
Event: 12.357 GC heap before
{Heap before GC invocations=46 (full 0):
 garbage-first heap   total reserved 3997696K, committed 153600K, used 137113K [0x000000070c000000, 0x0000000800000000)
  region size 2048K, 23 young (47104K), 3 survivors (6144K)
 Metaspace       used 73847K, committed 74880K, reserved 1179648K
  class space    used 8789K, committed 9280K, reserved 1048576K
}
Event: 12.360 GC heap after
{Heap after GC invocations=47 (full 0):
 garbage-first heap   total reserved 3997696K, committed 153600K, used 101399K [0x000000070c000000, 0x0000000800000000)
  region size 2048K, 3 young (6144K), 3 survivors (6144K)
 Metaspace       used 73847K, committed 74880K, reserved 1179648K
  class space    used 8789K, committed 9280K, reserved 1048576K
}
Event: 12.462 GC heap before
{Heap before GC invocations=48 (full 0):
 garbage-first heap   total reserved 3997696K, committed 174080K, used 134167K [0x000000070c000000, 0x0000000800000000)
  region size 2048K, 19 young (38912K), 3 survivors (6144K)
 Metaspace       used 73951K, committed 75008K, reserved 1179648K
  class space    used 8804K, committed 9280K, reserved 1048576K
}
Event: 12.465 GC heap after
{Heap after GC invocations=49 (full 0):
 garbage-first heap   total reserved 3997696K, committed 174080K, used 105622K [0x000000070c000000, 0x0000000800000000)
  region size 2048K, 3 young (6144K), 3 survivors (6144K)
 Metaspace       used 73951K, committed 75008K, reserved 1179648K
  class space    used 8804K, committed 9280K, reserved 1048576K
}
Event: 12.679 GC heap before
{Heap before GC invocations=49 (full 0):
 garbage-first heap   total reserved 3997696K, committed 174080K, used 152726K [0x000000070c000000, 0x0000000800000000)
  region size 2048K, 26 young (53248K), 3 survivors (6144K)
 Metaspace       used 74483K, committed 75584K, reserved 1179648K
  class space    used 8865K, committed 9344K, reserved 1048576K
}
Event: 12.685 GC heap after
{Heap after GC invocations=50 (full 0):
 garbage-first heap   total reserved 3997696K, committed 174080K, used 114115K [0x000000070c000000, 0x0000000800000000)
  region size 2048K, 4 young (8192K), 4 survivors (8192K)
 Metaspace       used 74483K, committed 75584K, reserved 1179648K
  class space    used 8865K, committed 9344K, reserved 1048576K
}
Event: 12.802 GC heap before
{Heap before GC invocations=50 (full 0):
 garbage-first heap   total reserved 3997696K, committed 174080K, used 155075K [0x000000070c000000, 0x0000000800000000)
  region size 2048K, 24 young (49152K), 4 survivors (8192K)
 Metaspace       used 74483K, committed 75584K, reserved 1179648K
  class space    used 8865K, committed 9344K, reserved 1048576K
}

Dll operation events (8 events):
Event: 0.015 Loaded shared library C:\Program Files\Java\jdk-23\bin\java.dll
Event: 0.055 Loaded shared library C:\Program Files\Java\jdk-23\bin\jsvml.dll
Event: 0.116 Loaded shared library C:\Program Files\Java\jdk-23\bin\net.dll
Event: 0.119 Loaded shared library C:\Program Files\Java\jdk-23\bin\nio.dll
Event: 0.127 Loaded shared library C:\Program Files\Java\jdk-23\bin\zip.dll
Event: 0.281 Loaded shared library C:\Program Files\Java\jdk-23\bin\jimage.dll
Event: 1.746 Loaded shared library C:\Program Files\Java\jdk-23\bin\verify.dll
Event: 3.253 Loaded shared library C:\Users\Haqii\AppData\Local\Temp\sqlite-3.41.2.1-4fb0fdf8-266c-4b58-944d-d8a571f756b0-sqlitejdbc.dll

Deoptimization events (20 events):
Event: 12.489 Thread 0x000002f06b806060 DEOPT PACKING pc=0x000002f0106a0730 sp=0x000000f2d10fe7c0
Event: 12.489 Thread 0x000002f06b806060 DEOPT UNPACKING pc=0x000002f00fb14402 sp=0x000000f2d10fe6b8 mode 2
Event: 12.579 Thread 0x000002f06b806060 Uncommon trap: trap_request=0xffffff45 fr.pc=0x000002f01058fc84 relative=0x0000000000007924
Event: 12.579 Thread 0x000002f06b806060 Uncommon trap: reason=unstable_if action=reinterpret pc=0x000002f01058fc84 method=org.jetbrains.org.objectweb.asm.ClassReader.accept(Lorg/jetbrains/org/objectweb/asm/ClassVisitor;[Lorg/jetbrains/org/objectweb/asm/Attribute;I)V @ 400 c2
Event: 12.579 Thread 0x000002f06b806060 DEOPT PACKING pc=0x000002f01058fc84 sp=0x000000f2d10fa850
Event: 12.579 Thread 0x000002f06b806060 DEOPT UNPACKING pc=0x000002f00fb14402 sp=0x000000f2d10fa828 mode 2
Event: 12.583 Thread 0x000002f06b806060 Uncommon trap: trap_request=0xffffffde fr.pc=0x000002f0106cd7d0 relative=0x0000000000001990
Event: 12.583 Thread 0x000002f06b806060 Uncommon trap: reason=class_check action=maybe_recompile pc=0x000002f0106cd7d0 method=org.jetbrains.org.objectweb.asm.ClassReader.readElementValue(Lorg/jetbrains/org/objectweb/asm/AnnotationVisitor;ILjava/lang/String;[C)I @ 556 c2
Event: 12.583 Thread 0x000002f06b806060 DEOPT PACKING pc=0x000002f0106cd7d0 sp=0x000000f2d10fa950
Event: 12.583 Thread 0x000002f06b806060 DEOPT UNPACKING pc=0x000002f00fb14402 sp=0x000000f2d10fa8b8 mode 2
Event: 12.583 Thread 0x000002f06b806060 Uncommon trap: trap_request=0xffffffde fr.pc=0x000002f0106cd3cc relative=0x000000000000158c
Event: 12.583 Thread 0x000002f06b806060 Uncommon trap: reason=class_check action=maybe_recompile pc=0x000002f0106cd3cc method=org.jetbrains.org.objectweb.asm.ClassReader.readElementValue(Lorg/jetbrains/org/objectweb/asm/AnnotationVisitor;ILjava/lang/String;[C)I @ 398 c2
Event: 12.583 Thread 0x000002f06b806060 DEOPT PACKING pc=0x000002f0106cd3cc sp=0x000000f2d10fa800
Event: 12.583 Thread 0x000002f06b806060 DEOPT UNPACKING pc=0x000002f00fb14402 sp=0x000000f2d10fa770 mode 2
Event: 12.583 Thread 0x000002f06b806060 Uncommon trap: trap_request=0xffffffde fr.pc=0x000002f0106cd7d0 relative=0x0000000000001990
Event: 12.583 Thread 0x000002f06b806060 Uncommon trap: reason=class_check action=maybe_recompile pc=0x000002f0106cd7d0 method=org.jetbrains.org.objectweb.asm.ClassReader.readElementValue(Lorg/jetbrains/org/objectweb/asm/AnnotationVisitor;ILjava/lang/String;[C)I @ 556 c2
Event: 12.583 Thread 0x000002f06b806060 DEOPT PACKING pc=0x000002f0106cd7d0 sp=0x000000f2d10fa950
Event: 12.583 Thread 0x000002f06b806060 DEOPT UNPACKING pc=0x000002f00fb14402 sp=0x000000f2d10fa8b8 mode 2
Event: 12.659 Thread 0x000002f06b806060 DEOPT PACKING pc=0x000002f0092e5931 sp=0x000000f2d10fa250
Event: 12.659 Thread 0x000002f06b806060 DEOPT UNPACKING pc=0x000002f00fb14b22 sp=0x000000f2d10f9718 mode 0

Classes loaded (20 events):
Event: 11.212 Loading class java/util/Comparators$NullComparator
Event: 11.212 Loading class java/util/Comparators$NullComparator done
Event: 11.212 Loading class java/util/Comparators$NaturalOrderComparator
Event: 11.212 Loading class java/util/Comparators$NaturalOrderComparator done
Event: 11.213 Loading class java/util/stream/SortedOps
Event: 11.213 Loading class java/util/stream/SortedOps done
Event: 11.213 Loading class java/util/stream/SortedOps$OfRef
Event: 11.213 Loading class java/util/stream/SortedOps$OfRef done
Event: 11.213 Loading class java/util/stream/SortedOps$RefSortingSink
Event: 11.214 Loading class java/util/stream/SortedOps$AbstractRefSortingSink
Event: 11.214 Loading class java/util/stream/SortedOps$AbstractRefSortingSink done
Event: 11.214 Loading class java/util/stream/SortedOps$RefSortingSink done
Event: 11.955 Loading class java/util/function/IntBinaryOperator
Event: 11.955 Loading class java/util/function/IntBinaryOperator done
Event: 12.027 Loading class java/util/concurrent/CompletableFuture$AsyncRun
Event: 12.027 Loading class java/util/concurrent/CompletableFuture$AsyncRun done
Event: 12.085 Loading class java/util/concurrent/locks/ReentrantReadWriteLock$Sync$HoldCounter
Event: 12.085 Loading class java/util/concurrent/locks/ReentrantReadWriteLock$Sync$HoldCounter done
Event: 12.490 Loading class java/util/concurrent/ConcurrentLinkedQueue$Itr
Event: 12.490 Loading class java/util/concurrent/ConcurrentLinkedQueue$Itr done

Classes unloaded (0 events):
No events

Classes redefined (0 events):
No events

Internal exceptions (20 events):
Event: 10.289 Thread 0x000002f06b805340 Exception <a 'java/lang/NoSuchMethodError'{0x000000071b23e2b0}: 'java.lang.Object java.lang.invoke.Invokers$Holder.linkToTargetMethod(java.lang.Object, int, java.lang.Object, java.lang.Object)'> (0x000000071b23e2b0) 
thrown [s\open\src\hotspot\share\interpreter\linkResolver.cpp, line 796]
Event: 10.326 Thread 0x000002f06b805340 Exception <a 'java/lang/NoSuchMethodError'{0x000000071b3e94a8}: 'java.lang.Object java.lang.invoke.DirectMethodHandle$Holder.invokeStatic(java.lang.Object, java.lang.Object, java.lang.Object, java.lang.Object, java.lang.Object, int, java.lang.Object)'> (0x000000071b3e94a8) 
thrown [s\open\src\hotspot\share\interpreter\linkResolver.cpp, line 796]
Event: 10.327 Thread 0x000002f06b805340 Exception <a 'java/lang/NoSuchMethodError'{0x000000071b3f2e20}: 'java.lang.Object java.lang.invoke.DirectMethodHandle$Holder.newInvokeSpecial(java.lang.Object, java.lang.Object, java.lang.Object, java.lang.Object, java.lang.Object, int, java.lang.Object)'> (0x000000071b3f2e20) 
thrown [s\open\src\hotspot\share\interpreter\linkResolver.cpp, line 796]
Event: 10.327 Thread 0x000002f06b805340 Exception <a 'java/lang/NoSuchMethodError'{0x000000071b3f8058}: 'java.lang.Object java.lang.invoke.DirectMethodHandle$Holder.invokeSpecial(java.lang.Object, java.lang.Object, java.lang.Object, java.lang.Object, java.lang.Object, java.lang.Object, int, java.lang.Object)'> (0x000000071b3f8058) 
thrown [s\open\src\hotspot\share\interpreter\linkResolver.cpp, line 796]
Event: 10.327 Thread 0x000002f06b805340 Exception <a 'java/lang/NoSuchMethodError'{0x000000071b3fcbe0}: 'java.lang.Object java.lang.invoke.Invokers$Holder.linkToTargetMethod(java.lang.Object, java.lang.Object, java.lang.Object, java.lang.Object, int, java.lang.Object, java.lang.Object)'> (0x000000071b3fcbe0) 
thrown [s\open\src\hotspot\share\interpreter\linkResolver.cpp, line 796]
Event: 11.142 Thread 0x000002f06b805340 Exception <a 'java/lang/NoSuchMethodError'{0x00000007130e0838}: 'java.lang.Object java.lang.invoke.DirectMethodHandle$Holder.invokeStatic(java.lang.Object, int, java.lang.Object, java.lang.Object)'> (0x00000007130e0838) 
thrown [s\open\src\hotspot\share\interpreter\linkResolver.cpp, line 796]
Event: 11.143 Thread 0x000002f06b805340 Exception <a 'java/lang/NoSuchMethodError'{0x00000007130e8a48}: 'java.lang.Object java.lang.invoke.DirectMethodHandle$Holder.newInvokeSpecial(java.lang.Object, int, java.lang.Object)'> (0x00000007130e8a48) 
thrown [s\open\src\hotspot\share\interpreter\linkResolver.cpp, line 796]
Event: 11.156 Thread 0x000002f06b805340 Exception <a 'java/lang/IncompatibleClassChangeError'{0x00000007131564d0}: Found class java.lang.Object, but interface was expected> (0x00000007131564d0) 
thrown [s\open\src\hotspot\share\interpreter\linkResolver.cpp, line 863]
Event: 11.212 Thread 0x000002f06b805340 Exception <a 'java/lang/NoSuchMethodError'{0x0000000712f11500}: 'int java.lang.invoke.DirectMethodHandle$Holder.invokeSpecialIFC(java.lang.Object, java.lang.Object, java.lang.Object, java.lang.Object, java.lang.Object)'> (0x0000000712f11500) 
thrown [s\open\src\hotspot\share\interpreter\linkResolver.cpp, line 796]
Event: 11.955 Thread 0x000002f06b805340 Exception <a 'java/lang/NoSuchMethodError'{0x0000000713cce6f8}: 'int java.lang.invoke.DirectMethodHandle$Holder.invokeStatic(java.lang.Object, java.lang.Object, int, java.lang.Object)'> (0x0000000713cce6f8) 
thrown [s\open\src\hotspot\share\interpreter\linkResolver.cpp, line 796]
Event: 11.962 Thread 0x000002f06b805340 Exception <a 'java/lang/IncompatibleClassChangeError'{0x0000000713d24e40}: Found class java.lang.Object, but interface was expected> (0x0000000713d24e40) 
thrown [s\open\src\hotspot\share\interpreter\linkResolver.cpp, line 863]
Event: 11.962 Thread 0x000002f06b805340 Exception <a 'java/lang/NoSuchMethodError'{0x0000000713d27c98}: 'int java.lang.invoke.DirectMethodHandle$Holder.invokeSpecialIFC(java.lang.Object, java.lang.Object, java.lang.Object)'> (0x0000000713d27c98) 
thrown [s\open\src\hotspot\share\interpreter\linkResolver.cpp, line 796]
Event: 12.050 Thread 0x000002f06b805340 Exception <a 'java/lang/NoSuchMethodError'{0x00000007133b1700}: 'java.lang.Object java.lang.invoke.DirectMethodHandle$Holder.invokeSpecial(java.lang.Object, java.lang.Object, java.lang.Object, int, int)'> (0x00000007133b1700) 
thrown [s\open\src\hotspot\share\interpreter\linkResolver.cpp, line 796]
Event: 12.050 Thread 0x000002f06b805340 Exception <a 'java/lang/NoSuchMethodError'{0x00000007133b4d80}: 'java.lang.Object java.lang.invoke.Invokers$Holder.linkToTargetMethod(java.lang.Object, int, int, java.lang.Object)'> (0x00000007133b4d80) 
thrown [s\open\src\hotspot\share\interpreter\linkResolver.cpp, line 796]
Event: 12.076 Thread 0x000002f06b806060 Implicit null exception at 0x000002f0105d068f to 0x000002f0105d1bb4
Event: 12.430 Thread 0x000002f06b806060 Implicit null exception at 0x000002f0105ebdeb to 0x000002f0105ed298
Event: 12.447 Thread 0x000002f0199012d0 Exception <a 'java/lang/NoSuchMethodError'{0x0000000715d3cc18}: 'java.lang.Object java.lang.invoke.DirectMethodHandle$Holder.invokeStatic(java.lang.Object, java.lang.Object, java.lang.Object, java.lang.Object, long, java.lang.Object)'> (0x0000000715d3cc18) 
thrown [s\open\src\hotspot\share\interpreter\linkResolver.cpp, line 796]
Event: 12.448 Thread 0x000002f0199012d0 Exception <a 'java/lang/NoSuchMethodError'{0x0000000715d43c30}: 'java.lang.Object java.lang.invoke.DirectMethodHandle$Holder.newInvokeSpecial(java.lang.Object, java.lang.Object, java.lang.Object, java.lang.Object, long)'> (0x0000000715d43c30) 
thrown [s\open\src\hotspot\share\interpreter\linkResolver.cpp, line 796]
Event: 12.448 Thread 0x000002f0199012d0 Exception <a 'java/lang/NoSuchMethodError'{0x0000000715d47940}: 'java.lang.Object java.lang.invoke.DirectMethodHandle$Holder.invokeSpecial(java.lang.Object, java.lang.Object, java.lang.Object, java.lang.Object, java.lang.Object, long)'> (0x0000000715d47940) 
thrown [s\open\src\hotspot\share\interpreter\linkResolver.cpp, line 796]
Event: 12.448 Thread 0x000002f0199012d0 Exception <a 'java/lang/NoSuchMethodError'{0x0000000715d4b0d0}: 'java.lang.Object java.lang.invoke.Invokers$Holder.linkToTargetMethod(java.lang.Object, java.lang.Object, java.lang.Object, long, java.lang.Object)'> (0x0000000715d4b0d0) 
thrown [s\open\src\hotspot\share\interpreter\linkResolver.cpp, line 796]

VM Operations (20 events):
Event: 12.154 Executing VM operation: G1PauseCleanup done
Event: 12.185 Executing VM operation: G1CollectForAllocation (G1 Evacuation Pause)
Event: 12.188 Executing VM operation: G1CollectForAllocation (G1 Evacuation Pause) done
Event: 12.310 Executing VM operation: G1CollectForAllocation (G1 Evacuation Pause)
Event: 12.315 Executing VM operation: G1CollectForAllocation (G1 Evacuation Pause) done
Event: 12.357 Executing VM operation: G1CollectForAllocation (G1 Evacuation Pause)
Event: 12.360 Executing VM operation: G1CollectForAllocation (G1 Evacuation Pause) done
Event: 12.407 Executing VM operation: G1PauseRemark
Event: 12.412 Executing VM operation: G1PauseRemark done
Event: 12.426 Executing VM operation: G1PauseCleanup
Event: 12.426 Executing VM operation: G1PauseCleanup done
Event: 12.456 Executing VM operation: HandshakeAllThreads (Deoptimize)
Event: 12.456 Executing VM operation: HandshakeAllThreads (Deoptimize) done
Event: 12.458 Executing VM operation: HandshakeAllThreads (Deoptimize)
Event: 12.458 Executing VM operation: HandshakeAllThreads (Deoptimize) done
Event: 12.461 Executing VM operation: G1CollectForAllocation (G1 Evacuation Pause)
Event: 12.465 Executing VM operation: G1CollectForAllocation (G1 Evacuation Pause) done
Event: 12.679 Executing VM operation: G1CollectForAllocation (G1 Evacuation Pause)
Event: 12.685 Executing VM operation: G1CollectForAllocation (G1 Evacuation Pause) done
Event: 12.802 Executing VM operation: G1CollectForAllocation (G1 Evacuation Pause)

Memory protections (0 events):
No events

Nmethod flushes (20 events):
Event: 12.411 Thread 0x000002f07faecb80 flushing  nmethod 0x000002f009098988
Event: 12.411 Thread 0x000002f07faecb80 flushing  nmethod 0x000002f009099408
Event: 12.411 Thread 0x000002f07faecb80 flushing  nmethod 0x000002f00909c688
Event: 12.411 Thread 0x000002f07faecb80 flushing  nmethod 0x000002f00909c988
Event: 12.411 Thread 0x000002f07faecb80 flushing  nmethod 0x000002f00909d508
Event: 12.411 Thread 0x000002f07faecb80 flushing  nmethod 0x000002f0090d9688
Event: 12.411 Thread 0x000002f07faecb80 flushing  nmethod 0x000002f0090e2608
Event: 12.411 Thread 0x000002f07faecb80 flushing  nmethod 0x000002f0091bd688
Event: 12.411 Thread 0x000002f07faecb80 flushing  nmethod 0x000002f0091bd988
Event: 12.411 Thread 0x000002f07faecb80 flushing  nmethod 0x000002f009306588
Event: 12.411 Thread 0x000002f07faecb80 flushing  nmethod 0x000002f009308b08
Event: 12.411 Thread 0x000002f07faecb80 flushing  nmethod 0x000002f009309c08
Event: 12.411 Thread 0x000002f07faecb80 flushing  nmethod 0x000002f00930a988
Event: 12.411 Thread 0x000002f07faecb80 flushing  nmethod 0x000002f00930d288
Event: 12.411 Thread 0x000002f07faecb80 flushing  nmethod 0x000002f009397a88
Event: 12.411 Thread 0x000002f07faecb80 flushing  nmethod 0x000002f009601988
Event: 12.411 Thread 0x000002f07faecb80 flushing  nmethod 0x000002f0096cb508
Event: 12.411 Thread 0x000002f07faecb80 flushing  nmethod 0x000002f0096ccc88
Event: 12.411 Thread 0x000002f07faecb80 flushing  nmethod 0x000002f009b1a208
Event: 12.411 Thread 0x000002f07faecb80 flushing  nmethod 0x000002f009b1c608

Events (20 events):
Event: 3.097 Thread 0x000002f06a9aee30 Thread added: 0x000002f069e650d0
Event: 3.392 Thread 0x000002f06959c2b0 Thread added: 0x000002f06b83b420
Event: 3.392 Thread 0x000002f06959c2b0 Thread added: 0x000002f06b12b2a0
Event: 3.872 Thread 0x000002f06b12b2a0 Thread exited: 0x000002f06b12b2a0
Event: 4.077 Thread 0x000002f06b83b420 Thread exited: 0x000002f06b83b420
Event: 4.755 Thread 0x000002f06959c2b0 Thread exited: 0x000002f06959c2b0
Event: 4.756 Thread 0x000002f0198c6f80 Thread exited: 0x000002f0198c6f80
Event: 5.431 Thread 0x000002f069e650d0 Thread added: 0x000002f06b803900
Event: 5.452 Thread 0x000002f0196a0c00 Thread added: 0x000002f06a65e3c0
Event: 5.521 Thread 0x000002f06a65e3c0 Thread added: 0x000002f05f14e000
Event: 5.521 Thread 0x000002f06a65e3c0 Thread added: 0x000002f05f14e6c0
Event: 5.521 Thread 0x000002f06a65e3c0 Thread added: 0x000002f069555910
Event: 5.735 Thread 0x000002f069555910 Thread exited: 0x000002f069555910
Event: 5.789 Thread 0x000002f069e650d0 Thread added: 0x000002f06b806060
Event: 6.092 Thread 0x000002f07fb26ae0 Thread added: 0x000002f06a24f750
Event: 6.102 Thread 0x000002f06a9aee30 Thread added: 0x000002f06b805340
Event: 7.535 Thread 0x000002f05f14e6c0 Thread exited: 0x000002f05f14e6c0
Event: 7.535 Thread 0x000002f06a24f750 Thread exited: 0x000002f06a24f750
Event: 7.590 Thread 0x000002f05f2016e0 Thread added: 0x000002f06046d6d0
Event: 12.027 Thread 0x000002f06b805340 Thread added: 0x000002f0199012d0


Dynamic libraries:
0x00007ff7a2950000 - 0x00007ff7a2960000 	C:\Program Files\Java\jdk-23\bin\java.exe
0x00007ffe251e0000 - 0x00007ffe25448000 	C:\WINDOWS\SYSTEM32\ntdll.dll
0x00007ffe24a60000 - 0x00007ffe24b29000 	C:\WINDOWS\System32\KERNEL32.DLL
0x00007ffe22810000 - 0x00007ffe22c02000 	C:\WINDOWS\System32\KERNELBASE.dll
0x00007ffe22e60000 - 0x00007ffe22fab000 	C:\WINDOWS\System32\ucrtbase.dll
0x00007ffe0f910000 - 0x00007ffe0f927000 	C:\Program Files\Java\jdk-23\bin\jli.dll
0x00007ffe1ca30000 - 0x00007ffe1ca4b000 	C:\Program Files\Java\jdk-23\bin\VCRUNTIME140.dll
0x00007ffe24f00000 - 0x00007ffe250c5000 	C:\WINDOWS\System32\USER32.dll
0x00007ffe112f0000 - 0x00007ffe11583000 	C:\WINDOWS\WinSxS\amd64_microsoft.windows.common-controls_6595b64144ccf1df_6.0.26100.6725_none_3e085828e334708b\COMCTL32.dll
0x00007ffe22c10000 - 0x00007ffe22c37000 	C:\WINDOWS\System32\win32u.dll
0x00007ffe250d0000 - 0x00007ffe25179000 	C:\WINDOWS\System32\msvcrt.dll
0x00007ffe24bf0000 - 0x00007ffe24c1b000 	C:\WINDOWS\System32\GDI32.dll
0x00007ffe22370000 - 0x00007ffe2249d000 	C:\WINDOWS\System32\gdi32full.dll
0x00007ffe22db0000 - 0x00007ffe22e53000 	C:\WINDOWS\System32\msvcp_win.dll
0x00007ffe23a20000 - 0x00007ffe23a4f000 	C:\WINDOWS\System32\IMM32.DLL
0x00007ffe1ca20000 - 0x00007ffe1ca2c000 	C:\Program Files\Java\jdk-23\bin\vcruntime140_1.dll
0x00007ffe08110000 - 0x00007ffe0819e000 	C:\Program Files\Java\jdk-23\bin\msvcp140.dll
0x00007ffd34020000 - 0x00007ffd34d6f000 	C:\Program Files\Java\jdk-23\bin\server\jvm.dll
0x00007ffe247e0000 - 0x00007ffe24894000 	C:\WINDOWS\System32\ADVAPI32.dll
0x00007ffe24b30000 - 0x00007ffe24bd6000 	C:\WINDOWS\System32\sechost.dll
0x00007ffe22fb0000 - 0x00007ffe230c8000 	C:\WINDOWS\System32\RPCRT4.dll
0x00007ffe24e80000 - 0x00007ffe24ef4000 	C:\WINDOWS\System32\WS2_32.dll
0x00007ffe221f0000 - 0x00007ffe2224e000 	C:\WINDOWS\SYSTEM32\POWRPROF.dll
0x00007ffe1bb40000 - 0x00007ffe1bb4b000 	C:\WINDOWS\SYSTEM32\VERSION.dll
0x00007ffe167c0000 - 0x00007ffe167f5000 	C:\WINDOWS\SYSTEM32\WINMM.dll
0x00007ffe221b0000 - 0x00007ffe221c4000 	C:\WINDOWS\SYSTEM32\UMPDC.dll
0x00007ffe21140000 - 0x00007ffe2115b000 	C:\WINDOWS\SYSTEM32\kernel.appcore.dll
0x00007ffe1c4c0000 - 0x00007ffe1c4ca000 	C:\Program Files\Java\jdk-23\bin\jimage.dll
0x00007ffe1f770000 - 0x00007ffe1f9b2000 	C:\WINDOWS\SYSTEM32\DBGHELP.DLL
0x00007ffe23ec0000 - 0x00007ffe2423b000 	C:\WINDOWS\System32\combase.dll
0x00007ffe24240000 - 0x00007ffe24317000 	C:\WINDOWS\System32\OLEAUT32.dll
0x00007ffe124f0000 - 0x00007ffe1252c000 	C:\WINDOWS\SYSTEM32\dbgcore.DLL
0x00007ffe22770000 - 0x00007ffe22808000 	C:\WINDOWS\System32\bcryptPrimitives.dll
0x00007ffe0f8f0000 - 0x00007ffe0f90e000 	C:\Program Files\Java\jdk-23\bin\java.dll
0x00007ffe23d10000 - 0x00007ffe23ea8000 	C:\WINDOWS\System32\ole32.dll
0x00007ffe230d0000 - 0x00007ffe2381c000 	C:\WINDOWS\System32\SHELL32.dll
0x00007ffe22c40000 - 0x00007ffe22dab000 	C:\WINDOWS\System32\wintypes.dll
0x00007ffe20000000 - 0x00007ffe2085d000 	C:\WINDOWS\SYSTEM32\windows.storage.dll
0x00007ffe23830000 - 0x00007ffe23922000 	C:\WINDOWS\System32\SHCORE.dll
0x00007ffe23930000 - 0x00007ffe23992000 	C:\WINDOWS\System32\shlwapi.dll
0x00007ffe22290000 - 0x00007ffe222b9000 	C:\WINDOWS\SYSTEM32\profapi.dll
0x00007ffe02db0000 - 0x00007ffe02e87000 	C:\Program Files\Java\jdk-23\bin\jsvml.dll
0x00007ffe1acc0000 - 0x00007ffe1acd0000 	C:\Program Files\Java\jdk-23\bin\net.dll
0x00007ffe216b0000 - 0x00007ffe2171b000 	C:\WINDOWS\system32\mswsock.dll
0x00007ffe0f8d0000 - 0x00007ffe0f8e6000 	C:\Program Files\Java\jdk-23\bin\nio.dll
0x00007ffe0d1b0000 - 0x00007ffe0d1c7000 	C:\Program Files\Java\jdk-23\bin\zip.dll
0x00007ffe21960000 - 0x00007ffe2197b000 	C:\WINDOWS\SYSTEM32\CRYPTSP.dll
0x00007ffe210a0000 - 0x00007ffe210db000 	C:\WINDOWS\system32\rsaenh.dll
0x00007ffe21750000 - 0x00007ffe2177b000 	C:\WINDOWS\SYSTEM32\USERENV.dll
0x00007ffe22260000 - 0x00007ffe22286000 	C:\WINDOWS\SYSTEM32\bcrypt.dll
0x00007ffe21980000 - 0x00007ffe2198c000 	C:\WINDOWS\SYSTEM32\CRYPTBASE.dll
0x00007ffe20b60000 - 0x00007ffe20b94000 	C:\WINDOWS\SYSTEM32\IPHLPAPI.DLL
0x00007ffe23820000 - 0x00007ffe2382a000 	C:\WINDOWS\System32\NSI.dll
0x00007ffe0d150000 - 0x00007ffe0d160000 	C:\Program Files\Java\jdk-23\bin\verify.dll
0x00007ffdae9e0000 - 0x00007ffdaeac9000 	C:\Users\Haqii\AppData\Local\Temp\sqlite-3.41.2.1-4fb0fdf8-266c-4b58-944d-d8a571f756b0-sqlitejdbc.dll

dbghelp: loaded successfully - version: 4.0.5 - missing functions: none
symbol engine: initialized successfully - sym options: 0x614 - pdb path: .;C:\Program Files\Java\jdk-23\bin;C:\WINDOWS\SYSTEM32;C:\WINDOWS\WinSxS\amd64_microsoft.windows.common-controls_6595b64144ccf1df_6.0.26100.6725_none_3e085828e334708b;C:\Program Files\Java\jdk-23\bin\server;C:\Users\Haqii\AppData\Local\Temp

VM Arguments:
jvm_args: -DkotlinLanguageServer.version=1.3.13 
java_command: org.javacs.kt.MainKt
java_class_path (initial): c:\Users\Haqii\AppData\Roaming\Code\User\globalStorage\fwcd.kotlin\langServerInstall\server\lib\server-1.3.13.jar;c:\Users\Haqii\AppData\Roaming\Code\User\globalStorage\fwcd.kotlin\langServerInstall\server\lib\shared-1.3.13.jar;c:\Users\Haqii\AppData\Roaming\Code\User\globalStorage\fwcd.kotlin\langServerInstall\server\lib\kotlin-scripting-jvm-host-unshaded-2.1.0.jar;c:\Users\Haqii\AppData\Roaming\Code\User\globalStorage\fwcd.kotlin\langServerInstall\server\lib\kotlin-scripting-compiler-2.1.0.jar;c:\Users\Haqii\AppData\Roaming\Code\User\globalStorage\fwcd.kotlin\langServerInstall\server\lib\ktfmt-b5d31d1.jar;c:\Users\Haqii\AppData\Roaming\Code\User\globalStorage\fwcd.kotlin\langServerInstall\server\lib\kotlin-compiler-2.1.0.jar;c:\Users\Haqii\AppData\Roaming\Code\User\globalStorage\fwcd.kotlin\langServerInstall\server\lib\exposed-dao-0.37.3.jar;c:\Users\Haqii\AppData\Roaming\Code\User\globalStorage\fwcd.kotlin\langServerInstall\server\lib\exposed-jdbc-0.37.3.jar;c:\Users\Haqii\AppData\Roaming\Code\User\globalStorage\fwcd.kotlin\langServerInstall\server\lib\exposed-core-0.37.3.jar;c:\Users\Haqii\AppData\Roaming\Code\User\globalStorage\fwcd.kotlin\langServerInstall\server\lib\kotlin-scripting-compiler-impl-2.1.0.jar;c:\Users\Haqii\AppData\Roaming\Code\User\globalStorage\fwcd.kotlin\langServerInstall\server\lib\kotlin-reflect-2.1.0.jar;c:\Users\Haqii\AppData\Roaming\Code\User\globalStorage\fwcd.kotlin\langServerInstall\server\lib\kotlin-scripting-jvm-2.1.0.jar;c:\Users\Haqii\AppData\Roaming\Code\User\globalStorage\fwcd.kotlin\langServerInstall\server\lib\kotlin-scripting-common-2.1.0.jar;c:\Users\Haqii\AppData\Roaming\Code\User\globalStorage\fwcd.kotlin\langServerInstall\server\lib\kotlinx-coroutines-core-jvm-1.6.4.jar;c:\Users\Haqii\AppData\Roaming\Code\User\globalStorage\fwcd.kotlin\langServerInstall\server\lib\kotlin-stdlib-jdk8-2.1.0.jar;c:\Users\Haqii\AppData\Roaming\Code\User\globalStorage\fwcd.kotlin\langServerInstall\server\lib\kotlin-stdlib-jdk7-2.1.0.jar;c:\Users\Haqii\AppData\Roaming\Code\User\globalStorage\fwcd.kotlin\langServerInstall\server\lib\kotlin-stdlib-2.1.0.jar;c:\Users\Haqii\AppData\Roaming\Code\User\globalStorage\fwcd.kotlin\langServerInstall\server\lib\org.eclipse.lsp4j-0.21.2.jar;c:\Users\Haqii\AppData\Roaming\Code\User\globalStorage\fwcd.kotlin\langServerInstall\server\lib\org.eclipse.lsp4j.jsonrpc-0.21.2.jar;c:\Users\Haqii\AppData\Roaming\Code\User\globalStorage\fwcd.kotlin\langServerInstall\server\lib\kotlin-sam-with-receiver-compiler-plugin-2.1.0.jar;c:\Users\Haqii\AppData\Roaming\Code\User\globalStorage\fwcd.kotlin\langServerInstall\server\lib\fernflower-1.0.jar;c:\Users\Haqii\AppData\Roaming\Code\User\globalStorage\fwcd.kotlin\langServerInstall\server\lib\h2-1.4.200.jar;c:\Users\Haqii\AppData\Roaming\Code\User\globalStorage\fwcd.kotlin\langServerInstall\server\lib\jcommander-1.78.jar;c:\Users\Haqii\AppData\Roaming\Code\User\globalStorage\fwcd.kotlin\langServerInstall\server\lib\sqlite-jdbc-3.41.2.1.jar;c:\Users\Haqii\AppData\Roaming\Code\User\globalStorage\fwcd.kotlin\langServerInstall\server\lib\google-java-format-1.8.jar;c:\Users\Haqii\AppData\Roaming\Code\User\globalStorage\fwcd.kotlin\langServerInstall\server\lib\guava-33.3.0-jre.jar;c:\Users\Haqii\AppData\Roaming\Code\User\globalStorage\fwcd.kotlin\langServerInstall\server\lib\annotations-13.0.jar;c:\Users\Haqii\AppData\Roaming\Code\User\globalStorage\fwcd.kotlin\langServerInstall\server\lib\gson-2.10.1.jar;c:\Users\Haqii\AppData\Roaming\Code\User\globalStorage\fwcd.kotlin\langServerInstall\server\lib\kotlin-script-runtime-2.1.0.jar;c:\Users\Haqii\AppData\Roaming\Code\User\globalStorage\fwcd.kotlin\langServerInstall\server\lib\trove4j-1.0.20200330.jar;c:\Users\Haqii\AppData\Roaming\Code\User\globalStorage\fwcd.kotlin\langServerInstall\server\lib\jline-3.24.1.jar;c:\Users\Haqii\AppData\Roaming\Code\User\globalStorage\fwcd.kotlin\langServerInstall\server\lib\slf4j-api-1.7.25.jar;c:\Users\Haqii\AppData\Roaming\Code\User\globalStorage\fwcd.kotlin\langServerInstall\server\lib\jna-4.2.2.jar;c:\Users\Haqii\AppData\Roaming\Code\User\globalStorage\fwcd.kotlin\langServerInstall\server\lib\failureaccess-1.0.2.jar;c:\Users\Haqii\AppData\Roaming\Code\User\globalStorage\fwcd.kotlin\langServerInstall\server\lib\listenablefuture-9999.0-empty-to-avoid-conflict-with-guava.jar;c:\Users\Haqii\AppData\Roaming\Code\User\globalStorage\fwcd.kotlin\langServerInstall\server\lib\jsr305-3.0.2.jar;c:\Users\Haqii\AppData\Roaming\Code\User\globalStorage\fwcd.kotlin\langServerInstall\server\lib\checker-qual-3.43.0.jar;c:\Users\Haqii\AppData\Roaming\Code\User\globalStorage\fwcd.kotlin\langServerInstall\server\lib\error_prone_annotations-2.28.0.jar
Launcher Type: SUN_STANDARD

[Global flags]
     intx CICompilerCount                          = 12                                        {product} {ergonomic}
     uint ConcGCThreads                            = 3                                         {product} {ergonomic}
     uint G1ConcRefinementThreads                  = 13                                        {product} {ergonomic}
   size_t G1HeapRegionSize                         = 2097152                                   {product} {ergonomic}
   size_t InitialHeapSize                          = 255852544                                 {product} {ergonomic}
   size_t MarkStackSize                            = 4194304                                   {product} {ergonomic}
   size_t MarkStackSizeMax                         = 536870912                                 {product} {ergonomic}
   size_t MaxHeapSize                              = 4093640704                                {product} {ergonomic}
   size_t MaxNewSize                               = 2455764992                                {product} {ergonomic}
   size_t MinHeapDeltaBytes                        = 2097152                                   {product} {ergonomic}
   size_t MinHeapSize                              = 8388608                                   {product} {ergonomic}
    uintx NonNMethodCodeHeapSize                   = 7602176                                {pd product} {ergonomic}
    uintx NonProfiledCodeHeapSize                  = 122093568                              {pd product} {ergonomic}
    uintx ProfiledCodeHeapSize                     = 121962496                              {pd product} {ergonomic}
    uintx ReservedCodeCacheSize                    = 251658240                              {pd product} {ergonomic}
     bool SegmentedCodeCache                       = true                                      {product} {ergonomic}
   size_t SoftMaxHeapSize                          = 4093640704                             {manageable} {ergonomic}
     bool UseCompressedOops                        = true                           {product lp64_product} {ergonomic}
     bool UseG1GC                                  = true                                      {product} {ergonomic}
     bool UseLargePagesIndividualAllocation        = false                                  {pd product} {ergonomic}

Logging:
Log output configuration:
 #0: stdout all=warning uptime,level,tags foldmultilines=false
 #1: stderr all=off uptime,level,tags foldmultilines=false

Environment Variables:
CLASSPATH=c:\Users\Haqii\AppData\Roaming\Code\User\globalStorage\fwcd.kotlin\langServerInstall\server\lib\server-1.3.13.jar;c:\Users\Haqii\AppData\Roaming\Code\User\globalStorage\fwcd.kotlin\langServerInstall\server\lib\shared-1.3.13.jar;c:\Users\Haqii\AppData\Roaming\Code\User\globalStorage\fwcd.kotlin\langServerInstall\server\lib\kotlin-scripting-jvm-host-unshaded-2.1.0.jar;c:\Users\Haqii\AppData\Roaming\Code\User\globalStorage\fwcd.kotlin\langServerInstall\server\lib\kotlin-scripting-compiler-2.1.0.jar;c:\Users\Haqii\AppData\Roaming\Code\User\globalStorage\fwcd.kotlin\langServerInstall\server\lib\ktfmt-b5d31d1.jar;c:\Users\Haqii\AppData\Roaming\Code\User\globalStorage\fwcd.kotlin\langServerInstall\server\lib\kotlin-compiler-2.1.0.jar;c:\Users\Haqii\AppData\Roaming\Code\User\globalStorage\fwcd.kotlin\langServerInstall\server\lib\exposed-dao-0.37.3.jar;c:\Users\Haqii\AppData\Roaming\Code\User\globalStorage\fwcd.kotlin\langServerInstall\server\lib\exposed-jdbc-0.37.3.jar;c:\Users\Haqii\AppData\Roaming\Code\User\globalStorage\fwcd.kotlin\langServerInstall\server\lib\exposed-core-0.37.3.jar;c:\Users\Haqii\AppData\Roaming\Code\User\globalStorage\fwcd.kotlin\langServerInstall\server\lib\kotlin-scripting-compiler-impl-2.1.0.jar;c:\Users\Haqii\AppData\Roaming\Code\User\globalStorage\fwcd.kotlin\langServerInstall\server\lib\kotlin-reflect-2.1.0.jar;c:\Users\Haqii\AppData\Roaming\Code\User\globalStorage\fwcd.kotlin\langServerInstall\server\lib\kotlin-scripting-jvm-2.1.0.jar;c:\Users\Haqii\AppData\Roaming\Code\User\globalStorage\fwcd.kotlin\langServerInstall\server\lib\kotlin-scripting-common-2.1.0.jar;c:\Users\Haqii\AppData\Roaming\Code\User\globalStorage\fwcd.kotlin\langServerInstall\server\lib\kotlinx-coroutines-core-jvm-1.6.4.jar;c:\Users\Haqii\AppData\Roaming\Code\User\globalStorage\fwcd.kotlin\langServerInstall\server\lib\kotlin-stdlib-jdk8-2.1.0.jar;c:\Users\Haqii\AppData\Roaming\Code\User\globalStorage\fwcd.kotlin\langServerInstall\server\lib\kotlin-stdlib-jdk7-2.1.0.jar;c:\Users\Haqii\AppData\Roaming\Code\User\globalStorage\fwcd.kotlin\langServerInstall\server\lib\kotlin-stdlib-2.1.0.jar;c:\Users\Haqii\AppData\Roaming\Code\User\globalStorage\fwcd.kotlin\langServerInstall\server\lib\org.eclipse.lsp4j-0.21.2.jar;c:\Users\Haqii\AppData\Roaming\Code\User\globalStorage\fwcd.kotlin\langServerInstall\server\lib\org.eclipse.lsp4j.jsonrpc-0.21.2.jar;c:\Users\Haqii\AppData\Roaming\Code\User\globalStorage\fwcd.kotlin\langServerInstall\server\lib\kotlin-sam-with-receiver-compiler-plugin-2.1.0.jar;c:\Users\Haqii\AppData\Roaming\Code\User\globalStorage\fwcd.kotlin\langServerInstall\server\lib\fernflower-1.0.jar;c:\Users\Haqii\AppData\Roaming\Code\User\globalStorage\fwcd.kotlin\langServerInstall\server\lib\h2-1.4.200.jar;c:\Users\Haqii\AppData\Roaming\Code\User\globalStorage\fwcd.kotlin\langServerInstall\server\lib\jcommander-1.78.jar;c:\Users\Haqii\AppData\Roaming\Code\User\globalStorage\fwcd.kotlin\langServerInstall\server\lib\sqlite-jdbc-3.41.2.1.jar;c:\Users\Haqii\AppData\Roaming\Code\User\globalStorage\fwcd.kotlin\langServerInstall\server\lib\google-java-format-1.8.jar;c:\Users\Haqii\AppData\Roaming\Code\User\globalStorage\fwcd.kotlin\langServerInstall\server\lib\guava-33.3.0-jre.jar;c:\Users\Haqii\AppData\Roaming\Code\User\globalStorage\fwcd.kotlin\langServerInstall\server\lib\annotations-13.0.jar;c:\Users\Haqii\AppData\Roaming\Code\User\globalStorage\fwcd.kotlin\langServerInstall\server\lib\gson-2.10.1.jar;c:\Users\Haqii\AppData\Roaming\Code\User\globalStorage\fwcd.kotlin\langServerInstall\server\lib\kotlin-script-runtime-2.1.0.jar;c:\Users\Haqii\AppData\Roaming\Code\User\globalStorage\fwcd.kotlin\langServerInstall\server\lib\trove4j-1.0.20200330.jar;c:\Users\Haqii\AppData\Roaming\Code\User\globalStorage\fwcd.kotlin\langServerInstall\server\lib\jline-3.24.1.jar;c:\Users\Haqii\AppData\Roaming\Code\User\globalStorage\fwcd.kotlin\langServerInstall\server\lib\slf4j-api-1.7.25.jar;c:\Users\Haqii\AppData\Roaming\Code\User\globalStorage\fwcd.kotlin\langServerInstall\server\lib\jna-4.2.2.jar;c:\Users\Haqii\AppData\Roaming\Code\User\globalStorage\fwcd.kotlin\langServerInstall\server\lib\failureaccess-1.0.2.jar;c:\Users\Haqii\AppData\Roaming\Code\User\globalStorage\fwcd.kotlin\langServerInstall\server\lib\listenablefuture-9999.0-empty-to-avoid-conflict-with-guava.jar;c:\Users\Haqii\AppData\Roaming\Code\User\globalStorage\fwcd.kotlin\langServerInstall\server\lib\jsr305-3.0.2.jar;c:\Users\Haqii\AppData\Roaming\Code\User\globalStorage\fwcd.kotlin\langServerInstall\server\lib\checker-qual-3.43.0.jar;c:\Users\Haqii\AppData\Roaming\Code\User\globalStorage\fwcd.kotlin\langServerInstall\server\lib\error_prone_annotations-2.28.0.jar
PATH=C:\Program Files\Common Files\Oracle\Java\javapath;C:\Program Files (x86)\Common Files\Oracle\Java\java8path;C:\Program Files (x86)\Common Files\Oracle\Java\javapath;C:\WINDOWS\system32;C:\WINDOWS;C:\WINDOWS\System32\Wbem;C:\WINDOWS\System32\WindowsPowerShell\v1.0\;C:\WINDOWS\System32\OpenSSH\;C:\xampp\php;C:\ProgramData\ComposerSetup\bin;C:\Program Files\Git\cmd;C:\Program Files\dotnet\;C:\ProgramData\chocolatey\bin;C:\Program Files\Neovim\bin;C:\Program Files\nodejs\;C:\Program Files\Common Files\Oracle\Java\javapath;C:\Windows\system32;C:\Windows;C:\Windows\System32\Wbem;C:\Windows\System32\WindowsPowerShell\v1.0\;C:\Windows\System32\OpenSSH\;C:\xampp\php;C:\ProgramData\ComposerSetup\bin;C:\Program Files\nodejs\;C:\Program Files\Git\cmd;C:\Program Files\dotnet\;C:\ProgramData\chocolatey\bin;c:\Users\Haqii\AppData\Local\Programs\cursor\resources\app\codeBin;C:\Users\Haqii\AppData\Local\Programs\Python\Launcher\;C:\Users\Haqii\AppData\Local\Microsoft\WindowsApps;C:\Users\Haqii\AppData\Local\Programs\Microsoft VS Code\bin;C:\Users\Haqii\AppData\Roaming\Composer\vendor\bin;C:\msys64\ucrt64\bin;C:\Users\Haqii\AppData\Local\spicetify;C:\Users\Haqii\.deno\bin;C:\Android\cmdline-tools\latest\bin;C:\Android\platform-tools;C:\Android\emulator;C:\Users\Haqii\AppData\Roaming\npm;C:\Users\Haqii\AppData\Local\Microsoft\WindowsApps
USERNAME=Haqii
OS=Windows_NT
PROCESSOR_IDENTIFIER=AMD64 Family 25 Model 68 Stepping 1, AuthenticAMD
TMP=C:\Users\Haqii\AppData\Local\Temp
TEMP=C:\Users\Haqii\AppData\Local\Temp




Periodic native trim disabled

---------------  S Y S T E M  ---------------

OS:
 Windows 11 , 64 bit Build 26100 (10.0.26100.6725)
OS uptime: 0 days 1:36 hours

CPU: total 16 (initial active 16) (16 cores per cpu, 2 threads per core) family 25 model 68 stepping 1 microcode 0xa404102, cx8, cmov, fxsr, ht, mmx, 3dnowpref, sse, sse2, sse3, ssse3, sse4a, sse4.1, sse4.2, popcnt, lzcnt, tsc, tscinvbit, avx, avx2, aes, erms, clmul, bmi1, bmi2, adx, sha, fma, vzeroupper, clflush, clflushopt, rdtscp, rdpid, fsrm, f16c, pku, cet_ss
Processor Information for processor 0
  Max Mhz: 3201, Current Mhz: 3201, Mhz Limit: 3201
Processor Information for processor 1
  Max Mhz: 3201, Current Mhz: 3201, Mhz Limit: 3201
Processor Information for processor 2
  Max Mhz: 3201, Current Mhz: 3201, Mhz Limit: 3201
Processor Information for processor 3
  Max Mhz: 3201, Current Mhz: 1804, Mhz Limit: 3201
Processor Information for processor 4
  Max Mhz: 3201, Current Mhz: 2502, Mhz Limit: 3201
Processor Information for processor 5
  Max Mhz: 3201, Current Mhz: 3201, Mhz Limit: 3201
Processor Information for processor 6
  Max Mhz: 3201, Current Mhz: 2502, Mhz Limit: 3201
Processor Information for processor 7
  Max Mhz: 3201, Current Mhz: 3201, Mhz Limit: 3201
Processor Information for processor 8
  Max Mhz: 3201, Current Mhz: 1804, Mhz Limit: 3201
Processor Information for processor 9
  Max Mhz: 3201, Current Mhz: 1804, Mhz Limit: 3201
Processor Information for processor 10
  Max Mhz: 3201, Current Mhz: 2502, Mhz Limit: 3201
Processor Information for processor 11
  Max Mhz: 3201, Current Mhz: 2502, Mhz Limit: 3201
Processor Information for processor 12
  Max Mhz: 3201, Current Mhz: 3201, Mhz Limit: 3201
Processor Information for processor 13
  Max Mhz: 3201, Current Mhz: 1804, Mhz Limit: 3201
Processor Information for processor 14
  Max Mhz: 3201, Current Mhz: 2502, Mhz Limit: 3201
Processor Information for processor 15
  Max Mhz: 3201, Current Mhz: 3201, Mhz Limit: 3201

Memory: 4k page, system-wide physical 15613M (636M free)
TotalPageFile size 28925M (AvailPageFile size 102M)
current process WorkingSet (physical memory assigned to process): 438M, peak: 447M
current process commit charge ("private bytes"): 539M, peak: 567M

vm_info: Java HotSpot(TM) 64-Bit Server VM (23.0.1+11-39) for windows-amd64 JRE (23.0.1+11-39), built on 2024-09-30T07:20:43Z with MS VC++ 17.6 (VS2022)

END.
