#
# There is insufficient memory for the Java Runtime Environment to continue.
# Native memory allocation (mmap) failed to map 197132288 bytes. Error detail: G1 virtual space
# Possible reasons:
#   The system is out of physical RAM or swap space
#   This process is running with CompressedOops enabled, and the Java Heap may be blocking the growth of the native heap
# Possible solutions:
#   Reduce memory load on the system
#   Increase physical memory or swap space
#   Check if swap backing store is full
#   Decrease Java heap size (-Xmx/-Xms)
#   Decrease number of Java threads
#   Decrease Java thread stack sizes (-Xss)
#   Set larger code cache with -XX:ReservedCodeCacheSize=
#   JVM is running with Zero Based Compressed Oops mode in which the Java heap is
#     placed in the first 32GB address space. The Java Heap base address is the
#     maximum limit for the native heap growth. Please use -XX:HeapBaseMinAddress
#     to set the Java Heap base and to place the Java Heap above 32GB virtual address.
# This output file may be truncated or incomplete.
#
#  Out of Memory Error (os_windows.cpp:3703), pid=712, tid=16736
#
# JRE version: Java(TM) SE Runtime Environment (23.0.1+11) (build 23.0.1+11-39)
# Java VM: Java HotSpot(TM) 64-Bit Server VM (23.0.1+11-39, mixed mode, sharing, tiered, compressed oops, compressed class ptrs, g1 gc, windows-amd64)
# No core dump will be written. Minidumps are not enabled by default on client versions of Windows
#

---------------  S U M M A R Y ------------

Command Line: -DkotlinLanguageServer.version=1.3.13 org.javacs.kt.MainKt

Host: AMD Ryzen 7 7735HS with Radeon Graphics        , 16 cores, 15G,  Windows 10 , 64 bit Build 19041 (10.0.19041.5915)
Time: Wed Oct  8 12:49:57 2025 SE Asia Standard Time elapsed time: 16.320268 seconds (0d 0h 0m 16s)

---------------  T H R E A D  ---------------

Current thread (0x000001d14b17dc50):  VMThread "VM Thread"          [id=16736, stack(0x000000cd32800000,0x000000cd32900000) (1024K)]

Stack: [0x000000cd32800000,0x000000cd32900000]
Native frames: (J=compiled Java code, j=interpreted, Vv=VM code, C=native code)
V  [jvm.dll+0x6e08b9]  (no source info available)
V  [jvm.dll+0x87dc83]  (no source info available)
V  [jvm.dll+0x88010e]  (no source info available)
V  [jvm.dll+0x8807e3]  (no source info available)
V  [jvm.dll+0x27aee6]  (no source info available)
V  [jvm.dll+0x6dd1c5]  (no source info available)
V  [jvm.dll+0x6d104a]  (no source info available)
V  [jvm.dll+0x35b3ea]  (no source info available)
V  [jvm.dll+0x3637f6]  (no source info available)
V  [jvm.dll+0x34fd5e]  (no source info available)
V  [jvm.dll+0x34fff8]  (no source info available)
V  [jvm.dll+0x3289cc]  (no source info available)
V  [jvm.dll+0x328a5a]  (no source info available)
V  [jvm.dll+0x374c92]  (no source info available)
V  [jvm.dll+0x373392]  (no source info available)
V  [jvm.dll+0x3281a7]  (no source info available)
V  [jvm.dll+0x372e58]  (no source info available)
V  [jvm.dll+0x886720]  (no source info available)
V  [jvm.dll+0x887a47]  (no source info available)
V  [jvm.dll+0x887f78]  (no source info available)
V  [jvm.dll+0x888213]  (no source info available)
V  [jvm.dll+0x824f8b]  (no source info available)
V  [jvm.dll+0x6df065]  (no source info available)
C  [ucrtbase.dll+0x21bb2]  (no source info available)
C  [KERNEL32.DLL+0x17374]  (no source info available)
C  [ntdll.dll+0x4cc91]  (no source info available)

VM_Operation (0x000000cd347fd9b8): G1TryInitiateConcMark, mode: safepoint, requested by thread 0x000001d19bcffac0


---------------  P R O C E S S  ---------------

Threads class SMR info:
_java_thread_list=0x000001d19ecba9f0, length=21, elements={
0x000001d14b196b10, 0x000001d14b197570, 0x000001d14b197fd0, 0x000001d14b198cb0,
0x000001d14b19b720, 0x000001d14b19c180, 0x000001d14b1a4f20, 0x000001d14b1b1050,
0x000001d14b1b02b0, 0x000001d14b302df0, 0x000001d14b306c90, 0x000001d14b1b0980,
0x000001d14b1b1df0, 0x000001d19bcff430, 0x000001d19bcfccd0, 0x000001d19bcfe710,
0x000001d19bcfd9f0, 0x000001d19bcffac0, 0x000001d19d7ee4f0, 0x000001d19c247730,
0x000001d19db87890
}

Java Threads: ( => current thread )
  0x000001d14b196b10 JavaThread "Reference Handler"          daemon [_thread_blocked, id=7196, stack(0x000000cd32900000,0x000000cd32a00000) (1024K)]
  0x000001d14b197570 JavaThread "Finalizer"                  daemon [_thread_blocked, id=14632, stack(0x000000cd32a00000,0x000000cd32b00000) (1024K)]
  0x000001d14b197fd0 JavaThread "Signal Dispatcher"          daemon [_thread_blocked, id=20240, stack(0x000000cd32b00000,0x000000cd32c00000) (1024K)]
  0x000001d14b198cb0 JavaThread "Attach Listener"            daemon [_thread_blocked, id=17392, stack(0x000000cd32c00000,0x000000cd32d00000) (1024K)]
  0x000001d14b19b720 JavaThread "Service Thread"             daemon [_thread_blocked, id=2884, stack(0x000000cd32d00000,0x000000cd32e00000) (1024K)]
  0x000001d14b19c180 JavaThread "Monitor Deflation Thread"   daemon [_thread_blocked, id=5240, stack(0x000000cd32e00000,0x000000cd32f00000) (1024K)]
  0x000001d14b1a4f20 JavaThread "C2 CompilerThread0"         daemon [_thread_blocked, id=1652, stack(0x000000cd32f00000,0x000000cd33000000) (1024K)]
  0x000001d14b1b1050 JavaThread "C1 CompilerThread0"         daemon [_thread_blocked, id=17916, stack(0x000000cd33000000,0x000000cd33100000) (1024K)]
  0x000001d14b1b02b0 JavaThread "C1 CompilerThread1"         daemon [_thread_blocked, id=7948, stack(0x000000cd33100000,0x000000cd33200000) (1024K)]
  0x000001d14b302df0 JavaThread "Notification Thread"        daemon [_thread_blocked, id=16924, stack(0x000000cd33200000,0x000000cd33300000) (1024K)]
  0x000001d14b306c90 JavaThread "Common-Cleaner"             daemon [_thread_blocked, id=13156, stack(0x000000cd33300000,0x000000cd33400000) (1024K)]
  0x000001d14b1b0980 JavaThread "C2 CompilerThread1"         daemon [_thread_blocked, id=18452, stack(0x000000cd33400000,0x000000cd33500000) (1024K)]
  0x000001d14b1b1df0 JavaThread "C1 CompilerThread2"         daemon [_thread_blocked, id=8248, stack(0x000000cd33500000,0x000000cd33600000) (1024K)]
  0x000001d19bcff430 JavaThread "client"                            [_thread_in_native, id=6524, stack(0x000000cd34500000,0x000000cd34600000) (1024K)]
  0x000001d19bcfccd0 JavaThread "DestroyJavaVM"                     [_thread_blocked, id=13472, stack(0x000000cd32100000,0x000000cd32200000) (1024K)]
  0x000001d19bcfe710 JavaThread "async0"                            [_thread_blocked, id=16844, stack(0x000000cd34600000,0x000000cd34700000) (1024K)]
  0x000001d19bcfd9f0 JavaThread "async1"                            [_thread_blocked, id=14936, stack(0x000000cd33600000,0x000000cd33700000) (1024K)]
  0x000001d19bcffac0 JavaThread "debounce0"                         [_thread_blocked, id=12540, stack(0x000000cd34700000,0x000000cd34800000) (1024K)]
  0x000001d19d7ee4f0 JavaThread "async2"                            [_thread_blocked, id=12528, stack(0x000000cd34800000,0x000000cd34900000) (1024K)]
  0x000001d19c247730 JavaThread "C1 CompilerThread3"         daemon [_thread_blocked, id=1208, stack(0x000000cd34900000,0x000000cd34a00000) (1024K)]
  0x000001d19db87890 JavaThread "async3"                            [_thread_blocked, id=15508, stack(0x000000cd34a00000,0x000000cd34b00000) (1024K)]
Total: 21

Other Threads:
=>0x000001d14b17dc50 VMThread "VM Thread"                           [id=16736, stack(0x000000cd32800000,0x000000cd32900000) (1024K)]
  0x000001d14b16a560 WatcherThread "VM Periodic Task Thread"        [id=12588, stack(0x000000cd32700000,0x000000cd32800000) (1024K)]
  0x000001d12b663110 WorkerThread "GC Thread#0"                     [id=19516, stack(0x000000cd32200000,0x000000cd32300000) (1024K)]
  0x000001d14bd01660 WorkerThread "GC Thread#1"                     [id=8708, stack(0x000000cd33700000,0x000000cd33800000) (1024K)]
  0x000001d14bd01a10 WorkerThread "GC Thread#2"                     [id=16752, stack(0x000000cd33800000,0x000000cd33900000) (1024K)]
  0x000001d14bd01dc0 WorkerThread "GC Thread#3"                     [id=17828, stack(0x000000cd33900000,0x000000cd33a00000) (1024K)]
  0x000001d14bd605e0 WorkerThread "GC Thread#4"                     [id=16100, stack(0x000000cd33a00000,0x000000cd33b00000) (1024K)]
  0x000001d14bdb5540 WorkerThread "GC Thread#5"                     [id=11784, stack(0x000000cd33b00000,0x000000cd33c00000) (1024K)]
  0x000001d14bdb58f0 WorkerThread "GC Thread#6"                     [id=4708, stack(0x000000cd33c00000,0x000000cd33d00000) (1024K)]
  0x000001d14bdb5ca0 WorkerThread "GC Thread#7"                     [id=468, stack(0x000000cd33d00000,0x000000cd33e00000) (1024K)]
  0x000001d19156fef0 WorkerThread "GC Thread#8"                     [id=9380, stack(0x000000cd33e00000,0x000000cd33f00000) (1024K)]
  0x000001d1915702a0 WorkerThread "GC Thread#9"                     [id=14956, stack(0x000000cd33f00000,0x000000cd34000000) (1024K)]
  0x000001d191cb3bc0 WorkerThread "GC Thread#10"                    [id=21320, stack(0x000000cd34000000,0x000000cd34100000) (1024K)]
  0x000001d191cb3f70 WorkerThread "GC Thread#11"                    [id=19520, stack(0x000000cd34100000,0x000000cd34200000) (1024K)]
  0x000001d191cb5590 WorkerThread "GC Thread#12"                    [id=20040, stack(0x000000cd34200000,0x000000cd34300000) (1024K)]
  0x000001d12b677410 ConcurrentGCThread "G1 Main Marker"            [id=14832, stack(0x000000cd32300000,0x000000cd32400000) (1024K)]
  0x000001d12b679ad0 WorkerThread "G1 Conc#0"                       [id=14012, stack(0x000000cd32400000,0x000000cd32500000) (1024K)]
  0x000001d191cb6800 WorkerThread "G1 Conc#1"                       [id=8228, stack(0x000000cd34300000,0x000000cd34400000) (1024K)]
  0x000001d191cb30b0 WorkerThread "G1 Conc#2"                       [id=16564, stack(0x000000cd34400000,0x000000cd34500000) (1024K)]
  0x000001d14b039670 ConcurrentGCThread "G1 Refine#0"               [id=12924, stack(0x000000cd32500000,0x000000cd32600000) (1024K)]
  0x000001d14b03cfb0 ConcurrentGCThread "G1 Service"                [id=9100, stack(0x000000cd32600000,0x000000cd32700000) (1024K)]
Total: 21

Threads with active compile tasks:
C2 CompilerThread0  16376 17114       4       org.jetbrains.kotlin.load.kotlin.VirtualFileFinder::findKotlinClassOrContent (37 bytes)
C2 CompilerThread1  16376 18461       4       org.jetbrains.org.objectweb.asm.ClassReader::readParameterAnnotations (106 bytes)
Total: 2

VM state: at safepoint (normal execution)

VM Mutex/Monitor currently owned by a thread:  ([mutex/lock_event])
[0x00007ffcfb5e3910] Threads_lock - owner thread: 0x000001d14b17dc50
[0x00007ffcfb5e3a10] Heap_lock - owner thread: 0x000001d19bcffac0

Heap address: 0x000000070c000000, size: 3904 MB, Compressed Oops mode: Zero based, Oop shift amount: 3

CDS archive(s) mapped at: [0x000001d14c000000-0x000001d14cd70000-0x000001d14cd70000), size 14090240, SharedBaseAddress: 0x000001d14c000000, ArchiveRelocationMode: 1.
Compressed class space mapped at: 0x000001d14d000000-0x000001d18d000000, reserved size: 1073741824
Narrow klass base: 0x000001d14c000000, Narrow klass shift: 0, Narrow klass range: 0x41000000

GC Precious Log:
 CardTable entry size: 512
 Card Set container configuration: InlinePtr #cards 4 size 8 Array Of Cards #cards 16 size 48 Howl #buckets 8 coarsen threshold 3686 Howl Bitmap #cards 512 size 80 coarsen threshold 460 Card regions per heap region 1 cards per card region 4096
 CPUs: 16 total, 16 available
 Memory: 15613M
 Large Page Support: Disabled
 NUMA Support: Disabled
 Compressed Oops: Enabled (Zero based)
 Heap Region Size: 2M
 Heap Min Capacity: 8M
 Heap Initial Capacity: 244M
 Heap Max Capacity: 3904M
 Pre-touch: Disabled
 Parallel Workers: 13
 Concurrent Workers: 3
 Concurrent Refinement Workers: 13
 Periodic GC: Disabled

Heap:
 garbage-first heap   total reserved 3997696K, committed 421888K, used 228008K [0x000000070c000000, 0x0000000800000000)
  region size 2048K, 9 young (18432K), 9 survivors (18432K)
 Metaspace       used 78295K, committed 79360K, reserved 1179648K
  class space    used 9054K, committed 9536K, reserved 1048576K

Heap Regions: E=young(eden), S=young(survivor), O=old, HS=humongous(starts), HC=humongous(continues), CS=collection set, F=free, TAMS=top-at-mark-start, PB=parsable bottom
|   0|0x000000070c000000, 0x000000070c200000, 0x000000070c200000|100%|HS|  |TAMS 0x000000070c200000| PB 0x000000070c000000| Complete |  0
|   1|0x000000070c200000, 0x000000070c400000, 0x000000070c400000|100%|HC|  |TAMS 0x000000070c400000| PB 0x000000070c200000| Complete |  0
|   2|0x000000070c400000, 0x000000070c600000, 0x000000070c600000|100%| O|  |TAMS 0x000000070c600000| PB 0x000000070c400000| Untracked |  0
|   3|0x000000070c600000, 0x000000070c800000, 0x000000070c800000|100%| O|  |TAMS 0x000000070c800000| PB 0x000000070c600000| Untracked |  0
|   4|0x000000070c800000, 0x000000070ca00000, 0x000000070ca00000|100%| O|  |TAMS 0x000000070ca00000| PB 0x000000070c800000| Untracked |  0
|   5|0x000000070ca00000, 0x000000070cc00000, 0x000000070cc00000|100%| O|  |TAMS 0x000000070cc00000| PB 0x000000070ca00000| Untracked |  0
|   6|0x000000070cc00000, 0x000000070ce00000, 0x000000070ce00000|100%| O|  |TAMS 0x000000070ce00000| PB 0x000000070cc00000| Untracked |  0
|   7|0x000000070ce00000, 0x000000070d000000, 0x000000070d000000|100%| O|  |TAMS 0x000000070d000000| PB 0x000000070ce00000| Untracked |  0
|   8|0x000000070d000000, 0x000000070d200000, 0x000000070d200000|100%| O|  |TAMS 0x000000070d200000| PB 0x000000070d000000| Untracked |  0
|   9|0x000000070d200000, 0x000000070d400000, 0x000000070d400000|100%| O|  |TAMS 0x000000070d400000| PB 0x000000070d200000| Untracked |  0
|  10|0x000000070d400000, 0x000000070d600000, 0x000000070d600000|100%|HS|  |TAMS 0x000000070d600000| PB 0x000000070d400000| Complete |  0
|  11|0x000000070d600000, 0x000000070d800000, 0x000000070d800000|100%| O|  |TAMS 0x000000070d800000| PB 0x000000070d600000| Untracked |  0
|  12|0x000000070d800000, 0x000000070da00000, 0x000000070da00000|100%| O|  |TAMS 0x000000070da00000| PB 0x000000070d800000| Untracked |  0
|  13|0x000000070da00000, 0x000000070dc00000, 0x000000070dc00000|100%| O|  |TAMS 0x000000070dc00000| PB 0x000000070da00000| Untracked |  0
|  14|0x000000070dc00000, 0x000000070de00000, 0x000000070de00000|100%| O|  |TAMS 0x000000070de00000| PB 0x000000070dc00000| Untracked |  0
|  15|0x000000070de00000, 0x000000070e000000, 0x000000070e000000|100%| O|  |TAMS 0x000000070e000000| PB 0x000000070de00000| Untracked |  0
|  16|0x000000070e000000, 0x000000070e200000, 0x000000070e200000|100%| O|  |TAMS 0x000000070e200000| PB 0x000000070e000000| Untracked |  0
|  17|0x000000070e200000, 0x000000070e400000, 0x000000070e400000|100%| O|  |TAMS 0x000000070e400000| PB 0x000000070e200000| Untracked |  0
|  18|0x000000070e400000, 0x000000070e600000, 0x000000070e600000|100%| O|  |TAMS 0x000000070e600000| PB 0x000000070e400000| Untracked |  0
|  19|0x000000070e600000, 0x000000070e800000, 0x000000070e800000|100%| O|  |TAMS 0x000000070e800000| PB 0x000000070e600000| Untracked |  0
|  20|0x000000070e800000, 0x000000070ea00000, 0x000000070ea00000|100%| O|  |TAMS 0x000000070ea00000| PB 0x000000070e800000| Untracked |  0
|  21|0x000000070ea00000, 0x000000070ec00000, 0x000000070ec00000|100%| O|  |TAMS 0x000000070ec00000| PB 0x000000070ea00000| Untracked |  0
|  22|0x000000070ec00000, 0x000000070ee00000, 0x000000070ee00000|100%| O|  |TAMS 0x000000070ee00000| PB 0x000000070ec00000| Untracked |  0
|  23|0x000000070ee00000, 0x000000070f000000, 0x000000070f000000|100%| O|  |TAMS 0x000000070f000000| PB 0x000000070ee00000| Untracked |  0
|  24|0x000000070f000000, 0x000000070f200000, 0x000000070f200000|100%| O|  |TAMS 0x000000070f200000| PB 0x000000070f000000| Untracked |  0
|  25|0x000000070f200000, 0x000000070f400000, 0x000000070f400000|100%| O|  |TAMS 0x000000070f400000| PB 0x000000070f200000| Untracked |  0
|  26|0x000000070f400000, 0x000000070f600000, 0x000000070f600000|100%| O|  |TAMS 0x000000070f600000| PB 0x000000070f400000| Untracked |  0
|  27|0x000000070f600000, 0x000000070f800000, 0x000000070f800000|100%| O|  |TAMS 0x000000070f800000| PB 0x000000070f600000| Untracked |  0
|  28|0x000000070f800000, 0x000000070fa00000, 0x000000070fa00000|100%| O|  |TAMS 0x000000070fa00000| PB 0x000000070f800000| Untracked |  0
|  29|0x000000070fa00000, 0x000000070fc00000, 0x000000070fc00000|100%| O|  |TAMS 0x000000070fc00000| PB 0x000000070fa00000| Untracked |  0
|  30|0x000000070fc00000, 0x000000070fe00000, 0x000000070fe00000|100%| O|  |TAMS 0x000000070fe00000| PB 0x000000070fc00000| Untracked |  0
|  31|0x000000070fe00000, 0x0000000710000000, 0x0000000710000000|100%| O|  |TAMS 0x0000000710000000| PB 0x000000070fe00000| Untracked |  0
|  32|0x0000000710000000, 0x0000000710200000, 0x0000000710200000|100%| O|  |TAMS 0x0000000710200000| PB 0x0000000710000000| Untracked |  0
|  33|0x0000000710200000, 0x0000000710400000, 0x0000000710400000|100%| O|  |TAMS 0x0000000710400000| PB 0x0000000710200000| Untracked |  0
|  34|0x0000000710400000, 0x0000000710600000, 0x0000000710600000|100%| O|  |TAMS 0x0000000710600000| PB 0x0000000710400000| Untracked |  0
|  35|0x0000000710600000, 0x0000000710800000, 0x0000000710800000|100%| O|  |TAMS 0x0000000710800000| PB 0x0000000710600000| Untracked |  0
|  36|0x0000000710800000, 0x0000000710a00000, 0x0000000710a00000|100%| O|  |TAMS 0x0000000710a00000| PB 0x0000000710800000| Untracked |  0
|  37|0x0000000710a00000, 0x0000000710c00000, 0x0000000710c00000|100%| O|  |TAMS 0x0000000710c00000| PB 0x0000000710a00000| Untracked |  0
|  38|0x0000000710c00000, 0x0000000710e00000, 0x0000000710e00000|100%| O|  |TAMS 0x0000000710e00000| PB 0x0000000710c00000| Untracked |  0
|  39|0x0000000710e00000, 0x0000000711000000, 0x0000000711000000|100%| O|  |TAMS 0x0000000711000000| PB 0x0000000710e00000| Untracked |  0
|  40|0x0000000711000000, 0x0000000711200000, 0x0000000711200000|100%| O|  |TAMS 0x0000000711200000| PB 0x0000000711000000| Untracked |  0
|  41|0x0000000711200000, 0x0000000711400000, 0x0000000711400000|100%| O|  |TAMS 0x0000000711400000| PB 0x0000000711200000| Untracked |  0
|  42|0x0000000711400000, 0x0000000711600000, 0x0000000711600000|100%| O|  |TAMS 0x0000000711600000| PB 0x0000000711400000| Untracked |  0
|  43|0x0000000711600000, 0x0000000711800000, 0x0000000711800000|100%| O|  |TAMS 0x0000000711800000| PB 0x0000000711600000| Untracked |  0
|  44|0x0000000711800000, 0x0000000711a00000, 0x0000000711a00000|100%| O|  |TAMS 0x0000000711a00000| PB 0x0000000711800000| Untracked |  0
|  45|0x0000000711a00000, 0x0000000711c00000, 0x0000000711c00000|100%| O|  |TAMS 0x0000000711c00000| PB 0x0000000711a00000| Untracked |  0
|  46|0x0000000711c00000, 0x0000000711e00000, 0x0000000711e00000|100%| O|  |TAMS 0x0000000711e00000| PB 0x0000000711c00000| Untracked |  0
|  47|0x0000000711e00000, 0x0000000712000000, 0x0000000712000000|100%| O|  |TAMS 0x0000000712000000| PB 0x0000000711e00000| Untracked |  0
|  48|0x0000000712000000, 0x0000000712200000, 0x0000000712200000|100%| O|  |TAMS 0x0000000712200000| PB 0x0000000712000000| Untracked |  0
|  49|0x0000000712200000, 0x0000000712400000, 0x0000000712400000|100%| O|  |TAMS 0x0000000712400000| PB 0x0000000712200000| Untracked |  0
|  50|0x0000000712400000, 0x0000000712600000, 0x0000000712600000|100%| O|  |TAMS 0x0000000712600000| PB 0x0000000712400000| Untracked |  0
|  51|0x0000000712600000, 0x0000000712800000, 0x0000000712800000|100%| O|  |TAMS 0x0000000712800000| PB 0x0000000712600000| Untracked |  0
|  52|0x0000000712800000, 0x0000000712a00000, 0x0000000712a00000|100%| O|  |TAMS 0x0000000712a00000| PB 0x0000000712800000| Untracked |  0
|  53|0x0000000712a00000, 0x0000000712c00000, 0x0000000712c00000|100%| O|  |TAMS 0x0000000712c00000| PB 0x0000000712a00000| Untracked |  0
|  54|0x0000000712c00000, 0x0000000712e00000, 0x0000000712e00000|100%| O|  |TAMS 0x0000000712e00000| PB 0x0000000712c00000| Untracked |  0
|  55|0x0000000712e00000, 0x0000000713000000, 0x0000000713000000|100%| O|  |TAMS 0x0000000713000000| PB 0x0000000712e00000| Untracked |  0
|  56|0x0000000713000000, 0x0000000713200000, 0x0000000713200000|100%| O|  |TAMS 0x0000000713000000| PB 0x0000000713000000| Untracked |  0
|  57|0x0000000713200000, 0x0000000713400000, 0x0000000713400000|100%| O|  |TAMS 0x0000000713400000| PB 0x0000000713200000| Untracked |  0
|  58|0x0000000713400000, 0x0000000713600000, 0x0000000713600000|100%| O|  |TAMS 0x0000000713600000| PB 0x0000000713400000| Untracked |  0
|  59|0x0000000713600000, 0x0000000713800000, 0x0000000713800000|100%| O|  |TAMS 0x0000000713600000| PB 0x0000000713600000| Untracked |  0
|  60|0x0000000713800000, 0x0000000713a00000, 0x0000000713a00000|100%| O|  |TAMS 0x0000000713a00000| PB 0x0000000713800000| Untracked |  0
|  61|0x0000000713a00000, 0x0000000713c00000, 0x0000000713c00000|100%| O|  |TAMS 0x0000000713c00000| PB 0x0000000713a00000| Untracked |  0
|  62|0x0000000713c00000, 0x0000000713e00000, 0x0000000713e00000|100%| O|  |TAMS 0x0000000713e00000| PB 0x0000000713c00000| Untracked |  0
|  63|0x0000000713e00000, 0x0000000714000000, 0x0000000714000000|100%| O|  |TAMS 0x0000000714000000| PB 0x0000000713e00000| Untracked |  0
|  64|0x0000000714000000, 0x0000000714200000, 0x0000000714200000|100%| O|  |TAMS 0x0000000714000000| PB 0x0000000714000000| Untracked |  0
|  65|0x0000000714200000, 0x0000000714400000, 0x0000000714400000|100%| O|  |TAMS 0x0000000714400000| PB 0x0000000714200000| Untracked |  0
|  66|0x0000000714400000, 0x0000000714600000, 0x0000000714600000|100%| O|  |TAMS 0x0000000714600000| PB 0x0000000714400000| Untracked |  0
|  67|0x0000000714600000, 0x0000000714800000, 0x0000000714800000|100%| O|  |TAMS 0x0000000714800000| PB 0x0000000714600000| Untracked |  0
|  68|0x0000000714800000, 0x0000000714a00000, 0x0000000714a00000|100%| O|  |TAMS 0x0000000714a00000| PB 0x0000000714800000| Untracked |  0
|  69|0x0000000714a00000, 0x0000000714c00000, 0x0000000714c00000|100%| O|  |TAMS 0x0000000714a00000| PB 0x0000000714a00000| Untracked |  0
|  70|0x0000000714c00000, 0x0000000714e00000, 0x0000000714e00000|100%| O|  |TAMS 0x0000000714e00000| PB 0x0000000714c00000| Untracked |  0
|  71|0x0000000714e00000, 0x0000000715000000, 0x0000000715000000|100%| O|  |TAMS 0x0000000715000000| PB 0x0000000714e00000| Untracked |  0
|  72|0x0000000715000000, 0x0000000715200000, 0x0000000715200000|100%| O|  |TAMS 0x0000000715200000| PB 0x0000000715000000| Untracked |  0
|  73|0x0000000715200000, 0x0000000715400000, 0x0000000715400000|100%| O|  |TAMS 0x0000000715400000| PB 0x0000000715200000| Untracked |  0
|  74|0x0000000715400000, 0x0000000715600000, 0x0000000715600000|100%| O|  |TAMS 0x0000000715600000| PB 0x0000000715400000| Untracked |  0
|  75|0x0000000715600000, 0x0000000715800000, 0x0000000715800000|100%| O|  |TAMS 0x0000000715800000| PB 0x0000000715600000| Untracked |  0
|  76|0x0000000715800000, 0x0000000715a00000, 0x0000000715a00000|100%| O|  |TAMS 0x0000000715a00000| PB 0x0000000715800000| Untracked |  0
|  77|0x0000000715a00000, 0x0000000715c00000, 0x0000000715c00000|100%| O|  |TAMS 0x0000000715c00000| PB 0x0000000715a00000| Untracked |  0
|  78|0x0000000715c00000, 0x0000000715e00000, 0x0000000715e00000|100%| O|  |TAMS 0x0000000715e00000| PB 0x0000000715c00000| Untracked |  0
|  79|0x0000000715e00000, 0x0000000716000000, 0x0000000716000000|100%| O|  |TAMS 0x0000000716000000| PB 0x0000000715e00000| Untracked |  0
|  80|0x0000000716000000, 0x0000000716200000, 0x0000000716200000|100%| O|  |TAMS 0x0000000716200000| PB 0x0000000716000000| Untracked |  0
|  81|0x0000000716200000, 0x0000000716400000, 0x0000000716400000|100%| O|  |TAMS 0x0000000716400000| PB 0x0000000716200000| Untracked |  0
|  82|0x0000000716400000, 0x0000000716400000, 0x0000000716600000|  0%| F|  |TAMS 0x0000000716400000| PB 0x0000000716400000| Untracked |  0
|  83|0x0000000716600000, 0x0000000716800000, 0x0000000716800000|100%| O|  |TAMS 0x0000000716800000| PB 0x0000000716600000| Untracked |  0
|  84|0x0000000716800000, 0x0000000716a00000, 0x0000000716a00000|100%| O|  |TAMS 0x0000000716800000| PB 0x0000000716800000| Untracked |  0
|  85|0x0000000716a00000, 0x0000000716c00000, 0x0000000716c00000|100%| O|  |TAMS 0x0000000716c00000| PB 0x0000000716a00000| Untracked |  0
|  86|0x0000000716c00000, 0x0000000716e00000, 0x0000000716e00000|100%| O|  |TAMS 0x0000000716e00000| PB 0x0000000716c00000| Untracked |  0
|  87|0x0000000716e00000, 0x0000000717000000, 0x0000000717000000|100%| O|  |TAMS 0x0000000717000000| PB 0x0000000716e00000| Untracked |  0
|  88|0x0000000717000000, 0x0000000717200000, 0x0000000717200000|100%| O|  |TAMS 0x0000000717200000| PB 0x0000000717000000| Untracked |  0
|  89|0x0000000717200000, 0x0000000717400000, 0x0000000717400000|100%| O|  |TAMS 0x0000000717400000| PB 0x0000000717200000| Untracked |  0
|  90|0x0000000717400000, 0x0000000717600000, 0x0000000717600000|100%| O|  |TAMS 0x0000000717600000| PB 0x0000000717400000| Untracked |  0
|  91|0x0000000717600000, 0x0000000717800000, 0x0000000717800000|100%| O|  |TAMS 0x0000000717800000| PB 0x0000000717600000| Untracked |  0
|  92|0x0000000717800000, 0x0000000717a00000, 0x0000000717a00000|100%| O|  |TAMS 0x0000000717a00000| PB 0x0000000717800000| Untracked |  0
|  93|0x0000000717a00000, 0x0000000717c00000, 0x0000000717c00000|100%| O|  |TAMS 0x0000000717c00000| PB 0x0000000717a00000| Untracked |  0
|  94|0x0000000717c00000, 0x0000000717e00000, 0x0000000717e00000|100%| O|  |TAMS 0x0000000717d7aa80| PB 0x0000000717c00000| Untracked |  0
|  95|0x0000000717e00000, 0x0000000718000000, 0x0000000718000000|100%| O|  |TAMS 0x0000000717e00000| PB 0x0000000717e00000| Untracked |  0
|  96|0x0000000718000000, 0x0000000718200000, 0x0000000718200000|100%| O|  |TAMS 0x0000000718000000| PB 0x0000000718000000| Untracked |  0
|  97|0x0000000718200000, 0x0000000718400000, 0x0000000718400000|100%| O|  |TAMS 0x0000000718200000| PB 0x0000000718200000| Untracked |  0
|  98|0x0000000718400000, 0x00000007184c28e0, 0x0000000718600000| 37%| O|  |TAMS 0x0000000718400000| PB 0x0000000718400000| Untracked |  0
|  99|0x0000000718600000, 0x0000000718600000, 0x0000000718800000|  0%| F|  |TAMS 0x0000000718600000| PB 0x0000000718600000| Untracked |  0
| 100|0x0000000718800000, 0x0000000718800000, 0x0000000718a00000|  0%| F|  |TAMS 0x0000000718800000| PB 0x0000000718800000| Untracked |  0
| 101|0x0000000718a00000, 0x0000000718a00000, 0x0000000718c00000|  0%| F|  |TAMS 0x0000000718a00000| PB 0x0000000718a00000| Untracked |  0
| 102|0x0000000718c00000, 0x0000000718c00000, 0x0000000718e00000|  0%| F|  |TAMS 0x0000000718c00000| PB 0x0000000718c00000| Untracked |  0
| 103|0x0000000718e00000, 0x0000000718e00000, 0x0000000719000000|  0%| F|  |TAMS 0x0000000718e00000| PB 0x0000000718e00000| Untracked |  0
| 104|0x0000000719000000, 0x0000000719000000, 0x0000000719200000|  0%| F|  |TAMS 0x0000000719000000| PB 0x0000000719000000| Untracked |  0
| 105|0x0000000719200000, 0x0000000719200000, 0x0000000719400000|  0%| F|  |TAMS 0x0000000719200000| PB 0x0000000719200000| Untracked |  0
| 106|0x0000000719400000, 0x0000000719400000, 0x0000000719600000|  0%| F|  |TAMS 0x0000000719400000| PB 0x0000000719400000| Untracked |  0
| 107|0x0000000719600000, 0x0000000719600000, 0x0000000719800000|  0%| F|  |TAMS 0x0000000719600000| PB 0x0000000719600000| Untracked |  0
| 108|0x0000000719800000, 0x0000000719800000, 0x0000000719a00000|  0%| F|  |TAMS 0x0000000719800000| PB 0x0000000719800000| Untracked |  0
| 109|0x0000000719a00000, 0x0000000719a00000, 0x0000000719c00000|  0%| F|  |TAMS 0x0000000719a00000| PB 0x0000000719a00000| Untracked |  0
| 110|0x0000000719c00000, 0x0000000719c00000, 0x0000000719e00000|  0%| F|  |TAMS 0x0000000719c00000| PB 0x0000000719c00000| Untracked |  0
| 111|0x0000000719e00000, 0x0000000719e00000, 0x000000071a000000|  0%| F|  |TAMS 0x0000000719e00000| PB 0x0000000719e00000| Untracked |  0
| 112|0x000000071a000000, 0x000000071a000000, 0x000000071a200000|  0%| F|  |TAMS 0x000000071a000000| PB 0x000000071a000000| Untracked |  0
| 113|0x000000071a200000, 0x000000071a200000, 0x000000071a400000|  0%| F|  |TAMS 0x000000071a200000| PB 0x000000071a200000| Untracked |  0
| 114|0x000000071a400000, 0x000000071a400000, 0x000000071a600000|  0%| F|  |TAMS 0x000000071a400000| PB 0x000000071a400000| Untracked |  0
| 115|0x000000071a600000, 0x000000071a600000, 0x000000071a800000|  0%| F|  |TAMS 0x000000071a600000| PB 0x000000071a600000| Untracked |  0
| 116|0x000000071a800000, 0x000000071a800000, 0x000000071aa00000|  0%| F|  |TAMS 0x000000071a800000| PB 0x000000071a800000| Untracked |  0
| 117|0x000000071aa00000, 0x000000071aa00000, 0x000000071ac00000|  0%| F|  |TAMS 0x000000071aa00000| PB 0x000000071aa00000| Untracked |  0
| 118|0x000000071ac00000, 0x000000071ac00000, 0x000000071ae00000|  0%| F|  |TAMS 0x000000071ac00000| PB 0x000000071ac00000| Untracked |  0
| 119|0x000000071ae00000, 0x000000071ae00000, 0x000000071b000000|  0%| F|  |TAMS 0x000000071ae00000| PB 0x000000071ae00000| Untracked |  0
| 120|0x000000071b000000, 0x000000071b000000, 0x000000071b200000|  0%| F|  |TAMS 0x000000071b000000| PB 0x000000071b000000| Untracked |  0
| 121|0x000000071b200000, 0x000000071b200000, 0x000000071b400000|  0%| F|  |TAMS 0x000000071b200000| PB 0x000000071b200000| Untracked |  0
| 122|0x000000071b400000, 0x000000071b5e7a40, 0x000000071b600000| 95%| S|CS|TAMS 0x000000071b400000| PB 0x000000071b400000| Complete |  0
| 123|0x000000071b600000, 0x000000071b600000, 0x000000071b800000|  0%| F|  |TAMS 0x000000071b600000| PB 0x000000071b600000| Untracked |  0
| 124|0x000000071b800000, 0x000000071b800000, 0x000000071ba00000|  0%| F|  |TAMS 0x000000071b800000| PB 0x000000071b800000| Untracked |  0
| 125|0x000000071ba00000, 0x000000071ba00000, 0x000000071bc00000|  0%| F|  |TAMS 0x000000071ba00000| PB 0x000000071ba00000| Untracked |  0
| 126|0x000000071bc00000, 0x000000071bc00000, 0x000000071be00000|  0%| F|  |TAMS 0x000000071bc00000| PB 0x000000071bc00000| Untracked |  0
| 127|0x000000071be00000, 0x000000071c000000, 0x000000071c000000|100%| S|CS|TAMS 0x000000071be00000| PB 0x000000071be00000| Complete |  0
| 128|0x000000071c000000, 0x000000071c200000, 0x000000071c200000|100%| S|CS|TAMS 0x000000071c000000| PB 0x000000071c000000| Complete |  0
| 129|0x000000071c200000, 0x000000071c400000, 0x000000071c400000|100%| S|CS|TAMS 0x000000071c200000| PB 0x000000071c200000| Complete |  0
| 130|0x000000071c400000, 0x000000071c600000, 0x000000071c600000|100%| S|CS|TAMS 0x000000071c400000| PB 0x000000071c400000| Complete |  0
| 131|0x000000071c600000, 0x000000071c800000, 0x000000071c800000|100%| S|CS|TAMS 0x000000071c600000| PB 0x000000071c600000| Complete |  0
| 132|0x000000071c800000, 0x000000071ca00000, 0x000000071ca00000|100%| S|CS|TAMS 0x000000071c800000| PB 0x000000071c800000| Complete |  0
| 133|0x000000071ca00000, 0x000000071cc00000, 0x000000071cc00000|100%| S|CS|TAMS 0x000000071ca00000| PB 0x000000071ca00000| Complete |  0
| 134|0x000000071cc00000, 0x000000071ce00000, 0x000000071ce00000|100%| S|CS|TAMS 0x000000071cc00000| PB 0x000000071cc00000| Complete |  0
| 135|0x000000071ce00000, 0x000000071ce00000, 0x000000071d000000|  0%| F|  |TAMS 0x000000071ce00000| PB 0x000000071ce00000| Untracked |  0
| 136|0x000000071d000000, 0x000000071d000000, 0x000000071d200000|  0%| F|  |TAMS 0x000000071d000000| PB 0x000000071d000000| Untracked |  0
| 137|0x000000071d200000, 0x000000071d200000, 0x000000071d400000|  0%| F|  |TAMS 0x000000071d200000| PB 0x000000071d200000| Untracked |  0
| 138|0x000000071d400000, 0x000000071d400000, 0x000000071d600000|  0%| F|  |TAMS 0x000000071d400000| PB 0x000000071d400000| Untracked |  0
| 139|0x000000071d600000, 0x000000071d600000, 0x000000071d800000|  0%| F|  |TAMS 0x000000071d600000| PB 0x000000071d600000| Untracked |  0
| 140|0x000000071d800000, 0x000000071d800000, 0x000000071da00000|  0%| F|  |TAMS 0x000000071d800000| PB 0x000000071d800000| Untracked |  0
| 141|0x000000071da00000, 0x000000071da00000, 0x000000071dc00000|  0%| F|  |TAMS 0x000000071da00000| PB 0x000000071da00000| Untracked |  0
| 142|0x000000071dc00000, 0x000000071dc00000, 0x000000071de00000|  0%| F|  |TAMS 0x000000071dc00000| PB 0x000000071dc00000| Untracked |  0
| 143|0x000000071de00000, 0x000000071de00000, 0x000000071e000000|  0%| F|  |TAMS 0x000000071de00000| PB 0x000000071de00000| Untracked |  0
| 144|0x000000071e000000, 0x000000071e000000, 0x000000071e200000|  0%| F|  |TAMS 0x000000071e000000| PB 0x000000071e000000| Untracked |  0
| 145|0x000000071e200000, 0x000000071e200000, 0x000000071e400000|  0%| F|  |TAMS 0x000000071e200000| PB 0x000000071e200000| Untracked |  0
| 146|0x000000071e400000, 0x000000071e400000, 0x000000071e600000|  0%| F|  |TAMS 0x000000071e400000| PB 0x000000071e400000| Untracked |  0
| 147|0x000000071e600000, 0x000000071e600000, 0x000000071e800000|  0%| F|  |TAMS 0x000000071e600000| PB 0x000000071e600000| Untracked |  0
| 148|0x000000071e800000, 0x000000071e800000, 0x000000071ea00000|  0%| F|  |TAMS 0x000000071e800000| PB 0x000000071e800000| Untracked |  0
| 149|0x000000071ea00000, 0x000000071ea00000, 0x000000071ec00000|  0%| F|  |TAMS 0x000000071ea00000| PB 0x000000071ea00000| Untracked |  0
| 150|0x000000071ec00000, 0x000000071ec00000, 0x000000071ee00000|  0%| F|  |TAMS 0x000000071ec00000| PB 0x000000071ec00000| Untracked |  0
| 151|0x000000071ee00000, 0x000000071ee00000, 0x000000071f000000|  0%| F|  |TAMS 0x000000071ee00000| PB 0x000000071ee00000| Untracked |  0
| 152|0x000000071f000000, 0x000000071f000000, 0x000000071f200000|  0%| F|  |TAMS 0x000000071f000000| PB 0x000000071f000000| Untracked |  0
| 153|0x000000071f200000, 0x000000071f200000, 0x000000071f400000|  0%| F|  |TAMS 0x000000071f200000| PB 0x000000071f200000| Untracked |  0
| 154|0x000000071f400000, 0x000000071f400000, 0x000000071f600000|  0%| F|  |TAMS 0x000000071f400000| PB 0x000000071f400000| Untracked |  0
| 155|0x000000071f600000, 0x000000071f600000, 0x000000071f800000|  0%| F|  |TAMS 0x000000071f600000| PB 0x000000071f600000| Untracked |  0
| 156|0x000000071f800000, 0x000000071f800000, 0x000000071fa00000|  0%| F|  |TAMS 0x000000071f800000| PB 0x000000071f800000| Untracked |  0
| 157|0x000000071fa00000, 0x000000071fa00000, 0x000000071fc00000|  0%| F|  |TAMS 0x000000071fa00000| PB 0x000000071fa00000| Untracked |  0
| 158|0x000000071fc00000, 0x000000071fc00000, 0x000000071fe00000|  0%| F|  |TAMS 0x000000071fc00000| PB 0x000000071fc00000| Untracked |  0
| 159|0x000000071fe00000, 0x000000071fe00000, 0x0000000720000000|  0%| F|  |TAMS 0x000000071fe00000| PB 0x000000071fe00000| Untracked |  0
| 160|0x0000000720000000, 0x0000000720000000, 0x0000000720200000|  0%| F|  |TAMS 0x0000000720000000| PB 0x0000000720000000| Untracked |  0
| 161|0x0000000720200000, 0x0000000720200000, 0x0000000720400000|  0%| F|  |TAMS 0x0000000720200000| PB 0x0000000720200000| Untracked |  0
| 162|0x0000000720400000, 0x0000000720400000, 0x0000000720600000|  0%| F|  |TAMS 0x0000000720400000| PB 0x0000000720400000| Untracked |  0
| 163|0x0000000720600000, 0x0000000720600000, 0x0000000720800000|  0%| F|  |TAMS 0x0000000720600000| PB 0x0000000720600000| Untracked |  0
| 164|0x0000000720800000, 0x0000000720800000, 0x0000000720a00000|  0%| F|  |TAMS 0x0000000720800000| PB 0x0000000720800000| Untracked |  0
| 165|0x0000000720a00000, 0x0000000720a00000, 0x0000000720c00000|  0%| F|  |TAMS 0x0000000720a00000| PB 0x0000000720a00000| Untracked |  0
| 166|0x0000000720c00000, 0x0000000720c00000, 0x0000000720e00000|  0%| F|  |TAMS 0x0000000720c00000| PB 0x0000000720c00000| Untracked |  0
| 167|0x0000000720e00000, 0x0000000720e00000, 0x0000000721000000|  0%| F|  |TAMS 0x0000000720e00000| PB 0x0000000720e00000| Untracked |  0
| 168|0x0000000721000000, 0x0000000721000000, 0x0000000721200000|  0%| F|  |TAMS 0x0000000721000000| PB 0x0000000721000000| Untracked |  0
| 169|0x0000000721200000, 0x0000000721200000, 0x0000000721400000|  0%| F|  |TAMS 0x0000000721200000| PB 0x0000000721200000| Untracked |  0
| 170|0x0000000721400000, 0x0000000721400000, 0x0000000721600000|  0%| F|  |TAMS 0x0000000721400000| PB 0x0000000721400000| Untracked |  0
| 171|0x0000000721600000, 0x0000000721600000, 0x0000000721800000|  0%| F|  |TAMS 0x0000000721600000| PB 0x0000000721600000| Untracked |  0
| 172|0x0000000721800000, 0x0000000721800000, 0x0000000721a00000|  0%| F|  |TAMS 0x0000000721800000| PB 0x0000000721800000| Untracked |  0
| 173|0x0000000721a00000, 0x0000000721a00000, 0x0000000721c00000|  0%| F|  |TAMS 0x0000000721a00000| PB 0x0000000721a00000| Untracked |  0
| 174|0x0000000721c00000, 0x0000000721c00000, 0x0000000721e00000|  0%| F|  |TAMS 0x0000000721c00000| PB 0x0000000721c00000| Untracked |  0
| 175|0x0000000721e00000, 0x0000000721e00000, 0x0000000722000000|  0%| F|  |TAMS 0x0000000721e00000| PB 0x0000000721e00000| Untracked |  0
| 176|0x0000000722000000, 0x0000000722000000, 0x0000000722200000|  0%| F|  |TAMS 0x0000000722000000| PB 0x0000000722000000| Untracked |  0
| 177|0x0000000722200000, 0x0000000722200000, 0x0000000722400000|  0%| F|  |TAMS 0x0000000722200000| PB 0x0000000722200000| Untracked |  0
| 178|0x0000000722400000, 0x0000000722400000, 0x0000000722600000|  0%| F|  |TAMS 0x0000000722400000| PB 0x0000000722400000| Untracked |  0
| 179|0x0000000722600000, 0x0000000722600000, 0x0000000722800000|  0%| F|  |TAMS 0x0000000722600000| PB 0x0000000722600000| Untracked |  0
| 180|0x0000000722800000, 0x0000000722800000, 0x0000000722a00000|  0%| F|  |TAMS 0x0000000722800000| PB 0x0000000722800000| Untracked |  0
| 181|0x0000000722a00000, 0x0000000722a00000, 0x0000000722c00000|  0%| F|  |TAMS 0x0000000722a00000| PB 0x0000000722a00000| Untracked |  0
| 182|0x0000000722c00000, 0x0000000722c00000, 0x0000000722e00000|  0%| F|  |TAMS 0x0000000722c00000| PB 0x0000000722c00000| Untracked |  0
| 183|0x0000000722e00000, 0x0000000722e00000, 0x0000000723000000|  0%| F|  |TAMS 0x0000000722e00000| PB 0x0000000722e00000| Untracked |  0
| 184|0x0000000723000000, 0x0000000723000000, 0x0000000723200000|  0%| F|  |TAMS 0x0000000723000000| PB 0x0000000723000000| Untracked |  0
| 185|0x0000000723200000, 0x0000000723200000, 0x0000000723400000|  0%| F|  |TAMS 0x0000000723200000| PB 0x0000000723200000| Untracked |  0
| 186|0x0000000723400000, 0x0000000723400000, 0x0000000723600000|  0%| F|  |TAMS 0x0000000723400000| PB 0x0000000723400000| Untracked |  0
| 187|0x0000000723600000, 0x0000000723600000, 0x0000000723800000|  0%| F|  |TAMS 0x0000000723600000| PB 0x0000000723600000| Untracked |  0
| 188|0x0000000723800000, 0x0000000723800000, 0x0000000723a00000|  0%| F|  |TAMS 0x0000000723800000| PB 0x0000000723800000| Untracked |  0
| 189|0x0000000723a00000, 0x0000000723a00000, 0x0000000723c00000|  0%| F|  |TAMS 0x0000000723a00000| PB 0x0000000723a00000| Untracked |  0
| 190|0x0000000723c00000, 0x0000000723c00000, 0x0000000723e00000|  0%| F|  |TAMS 0x0000000723c00000| PB 0x0000000723c00000| Untracked |  0
| 191|0x0000000723e00000, 0x0000000723e00000, 0x0000000724000000|  0%| F|  |TAMS 0x0000000723e00000| PB 0x0000000723e00000| Untracked |  0
| 192|0x0000000724000000, 0x0000000724000000, 0x0000000724200000|  0%| F|  |TAMS 0x0000000724000000| PB 0x0000000724000000| Untracked |  0
| 193|0x0000000724200000, 0x0000000724200000, 0x0000000724400000|  0%| F|  |TAMS 0x0000000724200000| PB 0x0000000724200000| Untracked |  0
| 194|0x0000000724400000, 0x0000000724400000, 0x0000000724600000|  0%| F|  |TAMS 0x0000000724400000| PB 0x0000000724400000| Untracked |  0
| 195|0x0000000724600000, 0x0000000724600000, 0x0000000724800000|  0%| F|  |TAMS 0x0000000724600000| PB 0x0000000724600000| Untracked |  0
| 196|0x0000000724800000, 0x0000000724800000, 0x0000000724a00000|  0%| F|  |TAMS 0x0000000724800000| PB 0x0000000724800000| Untracked |  0
| 197|0x0000000724a00000, 0x0000000724a00000, 0x0000000724c00000|  0%| F|  |TAMS 0x0000000724a00000| PB 0x0000000724a00000| Untracked |  0
| 198|0x0000000724c00000, 0x0000000724c00000, 0x0000000724e00000|  0%| F|  |TAMS 0x0000000724c00000| PB 0x0000000724c00000| Untracked |  0
| 199|0x0000000724e00000, 0x0000000724e00000, 0x0000000725000000|  0%| F|  |TAMS 0x0000000724e00000| PB 0x0000000724e00000| Untracked |  0
|1946|0x00000007ff400000, 0x00000007ff400000, 0x00000007ff600000|  0%| F|  |TAMS 0x00000007ff400000| PB 0x00000007ff400000| Untracked |  0
|1947|0x00000007ff600000, 0x00000007ff800000, 0x00000007ff800000|100%| O|  |TAMS 0x00000007ff800000| PB 0x00000007ff600000| Untracked |  0
|1948|0x00000007ff800000, 0x00000007ffa00000, 0x00000007ffa00000|100%| O|  |TAMS 0x00000007ffa00000| PB 0x00000007ff800000| Untracked |  0
|1949|0x00000007ffa00000, 0x00000007ffc00000, 0x00000007ffc00000|100%| O|  |TAMS 0x00000007ffc00000| PB 0x00000007ffa00000| Untracked |  0
|1950|0x00000007ffc00000, 0x00000007ffe00000, 0x00000007ffe00000|100%| O|  |TAMS 0x00000007ffe00000| PB 0x00000007ffc00000| Untracked |  0
|1951|0x00000007ffe00000, 0x0000000800000000, 0x0000000800000000|100%| O|  |TAMS 0x0000000800000000| PB 0x00000007ffe00000| Untracked |  0

Card table byte_map: [0x000001d143d50000,0x000001d1444f0000] _byte_map_base: 0x000001d1404f0000

Marking Bits: (CMBitMap*) 0x000001d12b663820
 Bits: [0x000001d1444f0000, 0x000001d1481f0000)

Polling page: 0x000001d129160000

Metaspace:

Usage:
  Non-class:     67.62 MB used.
      Class:      8.84 MB used.
       Both:     76.46 MB used.

Virtual space:
  Non-class space:      128.00 MB reserved,      68.19 MB ( 53%) committed,  2 nodes.
      Class space:        1.00 GB reserved,       9.31 MB ( <1%) committed,  1 nodes.
             Both:        1.12 GB reserved,      77.50 MB (  7%) committed. 

Chunk freelists:
   Non-Class:  11.61 MB
       Class:  6.66 MB
        Both:  18.26 MB

MaxMetaspaceSize: unlimited
CompressedClassSpaceSize: 1.00 GB
Initial GC threshold: 21.00 MB
Current GC threshold: 127.81 MB
CDS: on
 - commit_granule_bytes: 65536.
 - commit_granule_words: 8192.
 - virtual_space_node_default_size: 8388608.
 - enlarge_chunks_in_place: 1.
 - use_allocation_guard: 0.


Internal statistics:

num_allocs_failed_limit: 9.
num_arena_births: 1602.
num_arena_deaths: 0.
num_vsnodes_births: 3.
num_vsnodes_deaths: 0.
num_space_committed: 1239.
num_space_uncommitted: 0.
num_chunks_returned_to_freelist: 9.
num_chunks_taken_from_freelist: 4567.
num_chunk_merges: 6.
num_chunk_splits: 3342.
num_chunks_enlarged: 2543.
num_inconsistent_stats: 0.

CodeHeap 'non-profiled nmethods': size=119232Kb used=6347Kb max_used=6347Kb free=112884Kb
 bounds [0x000001d13b8c0000, 0x000001d13bf00000, 0x000001d142d30000]
CodeHeap 'profiled nmethods': size=119104Kb used=32874Kb max_used=32874Kb free=86229Kb
 bounds [0x000001d133d30000, 0x000001d135d50000, 0x000001d13b180000]
CodeHeap 'non-nmethods': size=7424Kb used=3440Kb max_used=3508Kb free=3983Kb
 bounds [0x000001d13b180000, 0x000001d13b570000, 0x000001d13b8c0000]
CodeCache: size=245760Kb, used=42661Kb, max_used=42729Kb, free=203096Kb
 total_blobs=16561, nmethods=15782, adapters=678, full_count=0
Compilation: enabled, stopped_count=0, restarted_count=0

Compilation events (20 events):
Event: 16.292 Thread 0x000001d14b1b02b0 18539       2       org.jetbrains.kotlin.psi.KtPsiUtil::getLastReference (30 bytes)
Event: 16.292 Thread 0x000001d14b1b02b0 nmethod 18539 0x000001d135d48008 code [0x000001d135d48140, 0x000001d135d48360]
Event: 16.292 Thread 0x000001d14b1b02b0 18540       2       com.google.common.collect.AbstractSetMultimap::wrapCollection (14 bytes)
Event: 16.292 Thread 0x000001d19c247730 18541       2       com.google.common.collect.AbstractMapBasedMultimap$WrappedSet::<init> (14 bytes)
Event: 16.292 Thread 0x000001d14b1b02b0 nmethod 18540 0x000001d135d48388 code [0x000001d135d484c0, 0x000001d135d486b8]
Event: 16.292 Thread 0x000001d19c247730 nmethod 18541 0x000001d135d48708 code [0x000001d135d48820, 0x000001d135d489a0]
Event: 16.294 Thread 0x000001d19c247730 18542       2       org.jetbrains.kotlin.psi.KtBlockExpression::accept (34 bytes)
Event: 16.294 Thread 0x000001d14b1b1df0 18543       3       org.jetbrains.kotlin.psi.KtVisitorVoid::visitExpression (10 bytes)
Event: 16.294 Thread 0x000001d19c247730 nmethod 18542 0x000001d135d48a08 code [0x000001d135d48b60, 0x000001d135d48df8]
Event: 16.294 Thread 0x000001d14b1b1df0 nmethod 18543 0x000001d135d48e88 code [0x000001d135d48fc0, 0x000001d135d49348]
Event: 16.295 Thread 0x000001d19c247730 18544       2       org.jetbrains.kotlin.config.CompilerConfiguration::get (35 bytes)
Event: 16.295 Thread 0x000001d19c247730 nmethod 18544 0x000001d135d49388 code [0x000001d135d494c0, 0x000001d135d49680]
Event: 16.295 Thread 0x000001d14b1b1050 18546       3       org.jetbrains.kotlin.cli.common.localfs.KotlinLocalVirtualFile::hashCode (8 bytes)
Event: 16.295 Thread 0x000001d14b1b1050 nmethod 18546 0x000001d135d49708 code [0x000001d135d49860, 0x000001d135d49ae0]
Event: 16.296 Thread 0x000001d14b1b1050 18550       2       java.util.jar.JarFile::<init> (95 bytes)
Event: 16.296 Thread 0x000001d19c247730 18551       2       java.net.URLConnection::setUseCaches (10 bytes)
Event: 16.296 Thread 0x000001d14b1b1df0 18552       2       java.net.URLConnection::checkConnected (19 bytes)
Event: 16.297 Thread 0x000001d19c247730 nmethod 18551 0x000001d135d49b88 code [0x000001d135d49cc0, 0x000001d135d49ea0]
Event: 16.297 Thread 0x000001d14b1b1df0 nmethod 18552 0x000001d135d49f08 code [0x000001d135d4a040, 0x000001d135d4a210]
Event: 16.297 Thread 0x000001d14b1b1050 nmethod 18550 0x000001d135d4a288 code [0x000001d135d4a460, 0x000001d135d4aad8]

GC Heap History (20 events):
Event: 11.483 GC heap after
{Heap after GC invocations=27 (full 0):
 garbage-first heap   total reserved 3997696K, committed 231424K, used 115074K [0x000000070c000000, 0x0000000800000000)
  region size 2048K, 7 young (14336K), 7 survivors (14336K)
 Metaspace       used 73049K, committed 74048K, reserved 1114112K
  class space    used 8736K, committed 9216K, reserved 1048576K
}
Event: 11.608 GC heap before
{Heap before GC invocations=27 (full 0):
 garbage-first heap   total reserved 3997696K, committed 231424K, used 201090K [0x000000070c000000, 0x0000000800000000)
  region size 2048K, 49 young (100352K), 7 survivors (14336K)
 Metaspace       used 73061K, committed 74048K, reserved 1114112K
  class space    used 8736K, committed 9216K, reserved 1048576K
}
Event: 11.620 GC heap after
{Heap after GC invocations=28 (full 0):
 garbage-first heap   total reserved 3997696K, committed 231424K, used 126631K [0x000000070c000000, 0x0000000800000000)
  region size 2048K, 6 young (12288K), 6 survivors (12288K)
 Metaspace       used 73061K, committed 74048K, reserved 1114112K
  class space    used 8736K, committed 9216K, reserved 1048576K
}
Event: 12.391 GC heap before
{Heap before GC invocations=28 (full 0):
 garbage-first heap   total reserved 3997696K, committed 231424K, used 202407K [0x000000070c000000, 0x0000000800000000)
  region size 2048K, 43 young (88064K), 6 survivors (12288K)
 Metaspace       used 75568K, committed 76608K, reserved 1179648K
  class space    used 8877K, committed 9344K, reserved 1048576K
}
Event: 12.402 GC heap after
{Heap after GC invocations=29 (full 0):
 garbage-first heap   total reserved 3997696K, committed 231424K, used 139156K [0x000000070c000000, 0x0000000800000000)
  region size 2048K, 6 young (12288K), 6 survivors (12288K)
 Metaspace       used 75568K, committed 76608K, reserved 1179648K
  class space    used 8877K, committed 9344K, reserved 1048576K
}
Event: 13.713 GC heap before
{Heap before GC invocations=30 (full 0):
 garbage-first heap   total reserved 3997696K, committed 233472K, used 204692K [0x000000070c000000, 0x0000000800000000)
  region size 2048K, 38 young (77824K), 6 survivors (12288K)
 Metaspace       used 76437K, committed 77504K, reserved 1179648K
  class space    used 8900K, committed 9408K, reserved 1048576K
}
Event: 13.724 GC heap after
{Heap after GC invocations=31 (full 0):
 garbage-first heap   total reserved 3997696K, committed 233472K, used 148871K [0x000000070c000000, 0x0000000800000000)
  region size 2048K, 5 young (10240K), 5 survivors (10240K)
 Metaspace       used 76437K, committed 77504K, reserved 1179648K
  class space    used 8900K, committed 9408K, reserved 1048576K
}
Event: 14.338 GC heap before
{Heap before GC invocations=31 (full 0):
 garbage-first heap   total reserved 3997696K, committed 233472K, used 208263K [0x000000070c000000, 0x0000000800000000)
  region size 2048K, 33 young (67584K), 5 survivors (10240K)
 Metaspace       used 76821K, committed 77888K, reserved 1179648K
  class space    used 8909K, committed 9408K, reserved 1048576K
}
Event: 14.347 GC heap after
{Heap after GC invocations=32 (full 0):
 garbage-first heap   total reserved 3997696K, committed 233472K, used 154451K [0x000000070c000000, 0x0000000800000000)
  region size 2048K, 4 young (8192K), 4 survivors (8192K)
 Metaspace       used 76821K, committed 77888K, reserved 1179648K
  class space    used 8909K, committed 9408K, reserved 1048576K
}
Event: 14.409 GC heap before
{Heap before GC invocations=32 (full 0):
 garbage-first heap   total reserved 3997696K, committed 233472K, used 170835K [0x000000070c000000, 0x0000000800000000)
  region size 2048K, 13 young (26624K), 4 survivors (8192K)
 Metaspace       used 76951K, committed 77952K, reserved 1179648K
  class space    used 8927K, committed 9408K, reserved 1048576K
}
Event: 14.415 GC heap after
{Heap after GC invocations=33 (full 0):
 garbage-first heap   total reserved 3997696K, committed 421888K, used 155608K [0x000000070c000000, 0x0000000800000000)
  region size 2048K, 2 young (4096K), 2 survivors (4096K)
 Metaspace       used 76951K, committed 77952K, reserved 1179648K
  class space    used 8927K, committed 9408K, reserved 1048576K
}
Event: 14.876 GC heap before
{Heap before GC invocations=33 (full 0):
 garbage-first heap   total reserved 3997696K, committed 421888K, used 331736K [0x000000070c000000, 0x0000000800000000)
  region size 2048K, 88 young (180224K), 2 survivors (4096K)
 Metaspace       used 77378K, committed 78400K, reserved 1179648K
  class space    used 8989K, committed 9472K, reserved 1048576K
}
Event: 14.888 GC heap after
{Heap after GC invocations=34 (full 0):
 garbage-first heap   total reserved 3997696K, committed 421888K, used 176959K [0x000000070c000000, 0x0000000800000000)
  region size 2048K, 11 young (22528K), 11 survivors (22528K)
 Metaspace       used 77378K, committed 78400K, reserved 1179648K
  class space    used 8989K, committed 9472K, reserved 1048576K
}
Event: 14.906 GC heap before
{Heap before GC invocations=34 (full 0):
 garbage-first heap   total reserved 3997696K, committed 421888K, used 181055K [0x000000070c000000, 0x0000000800000000)
  region size 2048K, 14 young (28672K), 11 survivors (22528K)
 Metaspace       used 77416K, committed 78400K, reserved 1179648K
  class space    used 8992K, committed 9472K, reserved 1048576K
}
Event: 14.915 GC heap after
{Heap after GC invocations=35 (full 0):
 garbage-first heap   total reserved 3997696K, committed 421888K, used 178451K [0x000000070c000000, 0x0000000800000000)
  region size 2048K, 2 young (4096K), 2 survivors (4096K)
 Metaspace       used 77416K, committed 78400K, reserved 1179648K
  class space    used 8992K, committed 9472K, reserved 1048576K
}
Event: 15.497 GC heap before
{Heap before GC invocations=36 (full 0):
 garbage-first heap   total reserved 3997696K, committed 421888K, used 342291K [0x000000070c000000, 0x0000000800000000)
  region size 2048K, 78 young (159744K), 2 survivors (4096K)
 Metaspace       used 77975K, committed 78912K, reserved 1179648K
  class space    used 9028K, committed 9472K, reserved 1048576K
}
Event: 15.507 GC heap after
{Heap after GC invocations=37 (full 0):
 garbage-first heap   total reserved 3997696K, committed 421888K, used 197859K [0x000000070c000000, 0x0000000800000000)
  region size 2048K, 10 young (20480K), 10 survivors (20480K)
 Metaspace       used 77975K, committed 78912K, reserved 1179648K
  class space    used 9028K, committed 9472K, reserved 1048576K
}
Event: 15.781 GC heap before
{Heap before GC invocations=37 (full 0):
 garbage-first heap   total reserved 3997696K, committed 421888K, used 353507K [0x000000070c000000, 0x0000000800000000)
  region size 2048K, 84 young (172032K), 10 survivors (20480K)
 Metaspace       used 78023K, committed 78976K, reserved 1179648K
  class space    used 9028K, committed 9472K, reserved 1048576K
}
Event: 15.800 GC heap after
{Heap after GC invocations=38 (full 0):
 garbage-first heap   total reserved 3997696K, committed 421888K, used 213402K [0x000000070c000000, 0x0000000800000000)
  region size 2048K, 10 young (20480K), 10 survivors (20480K)
 Metaspace       used 78023K, committed 78976K, reserved 1179648K
  class space    used 9028K, committed 9472K, reserved 1048576K
}
Event: 16.301 GC heap before
{Heap before GC invocations=38 (full 0):
 garbage-first heap   total reserved 3997696K, committed 421888K, used 346522K [0x000000070c000000, 0x0000000800000000)
  region size 2048K, 76 young (155648K), 10 survivors (20480K)
 Metaspace       used 78295K, committed 79360K, reserved 1179648K
  class space    used 9054K, committed 9536K, reserved 1048576K
}

Dll operation events (8 events):
Event: 0.005 Loaded shared library C:\Program Files\Java\jdk-23\bin\java.dll
Event: 0.045 Loaded shared library C:\Program Files\Java\jdk-23\bin\jsvml.dll
Event: 0.077 Loaded shared library C:\Program Files\Java\jdk-23\bin\net.dll
Event: 0.079 Loaded shared library C:\Program Files\Java\jdk-23\bin\nio.dll
Event: 0.084 Loaded shared library C:\Program Files\Java\jdk-23\bin\zip.dll
Event: 0.182 Loaded shared library C:\Program Files\Java\jdk-23\bin\jimage.dll
Event: 1.145 Loaded shared library C:\Program Files\Java\jdk-23\bin\verify.dll
Event: 2.984 Loaded shared library C:\Users\Haqii\AppData\Local\Temp\sqlite-3.41.2.1-13c46c0f-d394-4c59-9681-664cb395f960-sqlitejdbc.dll

Deoptimization events (20 events):
Event: 16.062 Thread 0x000001d19bcffac0 DEOPT PACKING pc=0x000001d1348bfc09 sp=0x000000cd347f6520
Event: 16.062 Thread 0x000001d19bcffac0 DEOPT UNPACKING pc=0x000001d13b1d4b22 sp=0x000000cd347f5a28 mode 0
Event: 16.169 Thread 0x000001d19bcffac0 DEOPT PACKING pc=0x000001d1351fbf24 sp=0x000000cd347f7850
Event: 16.169 Thread 0x000001d19bcffac0 DEOPT UNPACKING pc=0x000001d13b1d4b22 sp=0x000000cd347f6df8 mode 0
Event: 16.173 Thread 0x000001d19bcffac0 DEOPT PACKING pc=0x000001d134b59b7c sp=0x000000cd347f93d0
Event: 16.173 Thread 0x000001d19bcffac0 DEOPT UNPACKING pc=0x000001d13b1d4b22 sp=0x000000cd347f8980 mode 0
Event: 16.188 Thread 0x000001d19bcffac0 DEOPT PACKING pc=0x000001d1351fbf24 sp=0x000000cd347f9d30
Event: 16.188 Thread 0x000001d19bcffac0 DEOPT UNPACKING pc=0x000001d13b1d4b22 sp=0x000000cd347f92d8 mode 0
Event: 16.200 Thread 0x000001d19bcffac0 DEOPT PACKING pc=0x000001d134b59834 sp=0x000000cd347fb060
Event: 16.200 Thread 0x000001d19bcffac0 DEOPT UNPACKING pc=0x000001d13b1d4b22 sp=0x000000cd347fa610 mode 0
Event: 16.202 Thread 0x000001d19bcffac0 DEOPT PACKING pc=0x000001d134b59834 sp=0x000000cd347fdf30
Event: 16.202 Thread 0x000001d19bcffac0 DEOPT UNPACKING pc=0x000001d13b1d4b22 sp=0x000000cd347fd4e0 mode 0
Event: 16.216 Thread 0x000001d19bcffac0 DEOPT PACKING pc=0x000001d1342fc0c4 sp=0x000000cd347f9c10
Event: 16.216 Thread 0x000001d19bcffac0 DEOPT UNPACKING pc=0x000001d13b1d4b22 sp=0x000000cd347f91b0 mode 0
Event: 16.216 Thread 0x000001d19bcffac0 DEOPT PACKING pc=0x000001d134e67fec sp=0x000000cd347f9f40
Event: 16.216 Thread 0x000001d19bcffac0 DEOPT UNPACKING pc=0x000001d13b1d4b22 sp=0x000000cd347f93f0 mode 0
Event: 16.285 Thread 0x000001d19bcffac0 DEOPT PACKING pc=0x000001d13527e8ef sp=0x000000cd347fe000
Event: 16.285 Thread 0x000001d19bcffac0 DEOPT UNPACKING pc=0x000001d13b1d4b22 sp=0x000000cd347fd528 mode 0
Event: 16.297 Thread 0x000001d19db87890 DEOPT PACKING pc=0x000001d13418268e sp=0x000000cd34afe6c0
Event: 16.297 Thread 0x000001d19db87890 DEOPT UNPACKING pc=0x000001d13b1d4b22 sp=0x000000cd34afdb88 mode 0

Classes loaded (20 events):
Event: 10.079 Loading class java/util/stream/SortedOps$RefSortingSink
Event: 10.079 Loading class java/util/stream/SortedOps$AbstractRefSortingSink
Event: 10.079 Loading class java/util/stream/SortedOps$AbstractRefSortingSink done
Event: 10.079 Loading class java/util/stream/SortedOps$RefSortingSink done
Event: 10.658 Loading class java/util/function/IntBinaryOperator
Event: 10.658 Loading class java/util/function/IntBinaryOperator done
Event: 10.735 Loading class java/util/concurrent/CompletableFuture$AsyncRun
Event: 10.736 Loading class java/util/concurrent/CompletableFuture$AsyncRun done
Event: 10.775 Loading class java/util/concurrent/locks/ReentrantReadWriteLock$Sync$HoldCounter
Event: 10.776 Loading class java/util/concurrent/locks/ReentrantReadWriteLock$Sync$HoldCounter done
Event: 11.198 Loading class java/util/concurrent/ConcurrentLinkedQueue$Itr
Event: 11.199 Loading class java/util/concurrent/ConcurrentLinkedQueue$Itr done
Event: 14.386 Loading class java/util/EnumMap$EntrySet
Event: 14.387 Loading class java/util/EnumMap$EntrySet done
Event: 14.387 Loading class java/util/EnumMap$EntryIterator
Event: 14.387 Loading class java/util/EnumMap$EnumMapIterator
Event: 14.387 Loading class java/util/EnumMap$EnumMapIterator done
Event: 14.387 Loading class java/util/EnumMap$EntryIterator done
Event: 14.387 Loading class java/util/EnumMap$EntryIterator$Entry
Event: 14.387 Loading class java/util/EnumMap$EntryIterator$Entry done

Classes unloaded (0 events):
No events

Classes redefined (0 events):
No events

Internal exceptions (20 events):
Event: 9.653 Thread 0x000001d19d7ee4f0 Exception <a 'java/lang/NoSuchMethodError'{0x000000071180ad20}: 'java.lang.Object java.lang.invoke.DirectMethodHandle$Holder.newInvokeSpecial(java.lang.Object, java.lang.Object, int, java.lang.Object)'> (0x000000071180ad20) 
thrown [s\open\src\hotspot\share\interpreter\linkResolver.cpp, line 796]
Event: 9.654 Thread 0x000001d19d7ee4f0 Exception <a 'java/lang/NoSuchMethodError'{0x000000071180f3f8}: 'java.lang.Object java.lang.invoke.DirectMethodHandle$Holder.invokeSpecial(java.lang.Object, java.lang.Object, java.lang.Object, int, java.lang.Object)'> (0x000000071180f3f8) 
thrown [s\open\src\hotspot\share\interpreter\linkResolver.cpp, line 796]
Event: 9.654 Thread 0x000001d19d7ee4f0 Exception <a 'java/lang/NoSuchMethodError'{0x0000000711813628}: 'java.lang.Object java.lang.invoke.Invokers$Holder.linkToTargetMethod(java.lang.Object, int, java.lang.Object, java.lang.Object)'> (0x0000000711813628) 
thrown [s\open\src\hotspot\share\interpreter\linkResolver.cpp, line 796]
Event: 9.751 Thread 0x000001d19d7ee4f0 Exception <a 'java/lang/NoSuchMethodError'{0x00000007110b9328}: 'java.lang.Object java.lang.invoke.DirectMethodHandle$Holder.invokeStatic(java.lang.Object, int, java.lang.Object)'> (0x00000007110b9328) 
thrown [s\open\src\hotspot\share\interpreter\linkResolver.cpp, line 796]
Event: 9.960 Thread 0x000001d19d7ee4f0 Implicit null exception at 0x000001d13bc574ed to 0x000001d13bc57758
Event: 9.980 Thread 0x000001d19d7ee4f0 Exception <a 'java/lang/IncompatibleClassChangeError'{0x0000000713932b10}: Found class java.lang.Object, but interface was expected> (0x0000000713932b10) 
thrown [s\open\src\hotspot\share\interpreter\linkResolver.cpp, line 863]
Event: 10.004 Thread 0x000001d19d7ee4f0 Implicit null exception at 0x000001d13ba8680a to 0x000001d13ba86b94
Event: 10.077 Thread 0x000001d19d7ee4f0 Exception <a 'java/lang/NoSuchMethodError'{0x00000007134c7ee0}: 'int java.lang.invoke.DirectMethodHandle$Holder.invokeSpecialIFC(java.lang.Object, java.lang.Object, java.lang.Object, java.lang.Object, java.lang.Object)'> (0x00000007134c7ee0) 
thrown [s\open\src\hotspot\share\interpreter\linkResolver.cpp, line 796]
Event: 10.241 Thread 0x000001d19d7ee4f0 Implicit null exception at 0x000001d13bc55dd5 to 0x000001d13bc55fcc
Event: 10.253 Thread 0x000001d19d7ee4f0 Exception <a 'java/lang/NoSuchMethodError'{0x000000071289e548}: 'java.lang.Object java.lang.invoke.DirectMethodHandle$Holder.invokeStatic(java.lang.Object, int, java.lang.Object, java.lang.Object)'> (0x000000071289e548) 
thrown [s\open\src\hotspot\share\interpreter\linkResolver.cpp, line 796]
Event: 10.254 Thread 0x000001d19d7ee4f0 Exception <a 'java/lang/NoSuchMethodError'{0x00000007128a64f0}: 'java.lang.Object java.lang.invoke.DirectMethodHandle$Holder.newInvokeSpecial(java.lang.Object, int, java.lang.Object)'> (0x00000007128a64f0) 
thrown [s\open\src\hotspot\share\interpreter\linkResolver.cpp, line 796]
Event: 10.659 Thread 0x000001d19d7ee4f0 Exception <a 'java/lang/NoSuchMethodError'{0x00000007119837d0}: 'int java.lang.invoke.DirectMethodHandle$Holder.invokeStatic(java.lang.Object, java.lang.Object, int, java.lang.Object)'> (0x00000007119837d0) 
thrown [s\open\src\hotspot\share\interpreter\linkResolver.cpp, line 796]
Event: 10.667 Thread 0x000001d19d7ee4f0 Exception <a 'java/lang/IncompatibleClassChangeError'{0x000000071160b558}: Found class java.lang.Object, but interface was expected> (0x000000071160b558) 
thrown [s\open\src\hotspot\share\interpreter\linkResolver.cpp, line 863]
Event: 10.668 Thread 0x000001d19d7ee4f0 Exception <a 'java/lang/NoSuchMethodError'{0x000000071160e498}: 'int java.lang.invoke.DirectMethodHandle$Holder.invokeSpecialIFC(java.lang.Object, java.lang.Object, java.lang.Object)'> (0x000000071160e498) 
thrown [s\open\src\hotspot\share\interpreter\linkResolver.cpp, line 796]
Event: 11.169 Thread 0x000001d19db87890 Exception <a 'java/lang/NoSuchMethodError'{0x000000071b3fc0c8}: 'java.lang.Object java.lang.invoke.DirectMethodHandle$Holder.invokeStatic(java.lang.Object, java.lang.Object, java.lang.Object, java.lang.Object, long, java.lang.Object)'> (0x000000071b3fc0c8) 
thrown [s\open\src\hotspot\share\interpreter\linkResolver.cpp, line 796]
Event: 11.170 Thread 0x000001d19db87890 Exception <a 'java/lang/NoSuchMethodError'{0x00000007196037f0}: 'java.lang.Object java.lang.invoke.DirectMethodHandle$Holder.newInvokeSpecial(java.lang.Object, java.lang.Object, java.lang.Object, java.lang.Object, long)'> (0x00000007196037f0) 
thrown [s\open\src\hotspot\share\interpreter\linkResolver.cpp, line 796]
Event: 11.170 Thread 0x000001d19db87890 Exception <a 'java/lang/NoSuchMethodError'{0x0000000719607548}: 'java.lang.Object java.lang.invoke.DirectMethodHandle$Holder.invokeSpecial(java.lang.Object, java.lang.Object, java.lang.Object, java.lang.Object, java.lang.Object, long)'> (0x0000000719607548) 
thrown [s\open\src\hotspot\share\interpreter\linkResolver.cpp, line 796]
Event: 11.170 Thread 0x000001d19db87890 Exception <a 'java/lang/NoSuchMethodError'{0x000000071960ad20}: 'java.lang.Object java.lang.invoke.Invokers$Holder.linkToTargetMethod(java.lang.Object, java.lang.Object, java.lang.Object, long, java.lang.Object)'> (0x000000071960ad20) 
thrown [s\open\src\hotspot\share\interpreter\linkResolver.cpp, line 796]
Event: 14.776 Thread 0x000001d19bcffac0 Implicit null exception at 0x000001d13bac3657 to 0x000001d13bac3e6e
Event: 14.896 Thread 0x000001d19bcffac0 Exception <a 'java/lang/NoSuchMethodError'{0x00000007ff453170}: 'java.lang.Object java.lang.invoke.DirectMethodHandle$Holder.invokeStatic(java.lang.Object, int, int, java.lang.Object)'> (0x00000007ff453170) 
thrown [s\open\src\hotspot\share\interpreter\linkResolver.cpp, line 796]

VM Operations (20 events):
Event: 14.915 Executing VM operation: G1TryInitiateConcMark (G1 Humongous Allocation) done
Event: 15.039 Executing VM operation: HandshakeAllThreads (Deoptimize)
Event: 15.039 Executing VM operation: HandshakeAllThreads (Deoptimize) done
Event: 15.051 Executing VM operation: G1PauseRemark
Event: 15.058 Executing VM operation: G1PauseRemark done
Event: 15.168 Executing VM operation: G1PauseCleanup
Event: 15.168 Executing VM operation: G1PauseCleanup done
Event: 15.237 Executing VM operation: HandshakeAllThreads (Deoptimize)
Event: 15.237 Executing VM operation: HandshakeAllThreads (Deoptimize) done
Event: 15.240 Executing VM operation: HandshakeAllThreads (Deoptimize)
Event: 15.240 Executing VM operation: HandshakeAllThreads (Deoptimize) done
Event: 15.497 Executing VM operation: G1CollectForAllocation (G1 Evacuation Pause)
Event: 15.507 Executing VM operation: G1CollectForAllocation (G1 Evacuation Pause) done
Event: 15.781 Executing VM operation: G1CollectForAllocation (G1 Evacuation Pause)
Event: 15.800 Executing VM operation: G1CollectForAllocation (G1 Evacuation Pause) done
Event: 16.161 Executing VM operation: HandshakeAllThreads (Deoptimize)
Event: 16.161 Executing VM operation: HandshakeAllThreads (Deoptimize) done
Event: 16.216 Executing VM operation: HandshakeAllThreads (Deoptimize)
Event: 16.216 Executing VM operation: HandshakeAllThreads (Deoptimize) done
Event: 16.301 Executing VM operation: G1TryInitiateConcMark (G1 Humongous Allocation)

Memory protections (0 events):
No events

Nmethod flushes (20 events):
Event: 15.057 Thread 0x000001d14b17dc50 flushing  nmethod 0x000001d134ad2588
Event: 15.057 Thread 0x000001d14b17dc50 flushing  nmethod 0x000001d134da2988
Event: 15.057 Thread 0x000001d14b17dc50 flushing  nmethod 0x000001d134da7988
Event: 15.057 Thread 0x000001d14b17dc50 flushing  nmethod 0x000001d134da7e08
Event: 15.057 Thread 0x000001d14b17dc50 flushing  nmethod 0x000001d134da8a88
Event: 15.057 Thread 0x000001d14b17dc50 flushing  nmethod 0x000001d134da8f08
Event: 15.057 Thread 0x000001d14b17dc50 flushing  nmethod 0x000001d1350bb988
Event: 15.057 Thread 0x000001d14b17dc50 flushing  nmethod 0x000001d135139d08
Event: 15.057 Thread 0x000001d14b17dc50 flushing  nmethod 0x000001d13513a408
Event: 15.057 Thread 0x000001d14b17dc50 flushing  nmethod 0x000001d13513d088
Event: 15.057 Thread 0x000001d14b17dc50 flushing  nmethod 0x000001d135330e08
Event: 15.057 Thread 0x000001d14b17dc50 flushing  nmethod 0x000001d135331108
Event: 15.057 Thread 0x000001d14b17dc50 flushing  nmethod 0x000001d135331788
Event: 15.057 Thread 0x000001d14b17dc50 flushing  nmethod 0x000001d135332b88
Event: 15.057 Thread 0x000001d14b17dc50 flushing  nmethod 0x000001d135333208
Event: 15.057 Thread 0x000001d14b17dc50 flushing  nmethod 0x000001d135333708
Event: 15.057 Thread 0x000001d14b17dc50 flushing  nmethod 0x000001d135334908
Event: 15.057 Thread 0x000001d14b17dc50 flushing  nmethod 0x000001d135335c08
Event: 15.057 Thread 0x000001d14b17dc50 flushing  nmethod 0x000001d135375f88
Event: 15.057 Thread 0x000001d14b17dc50 flushing  nmethod 0x000001d135377008

Events (20 events):
Event: 0.044 Thread 0x000001d1291aed10 Thread added: 0x000001d14b1a4f20
Event: 0.044 Thread 0x000001d1291aed10 Thread added: 0x000001d14b1b1050
Event: 0.068 Thread 0x000001d14b1b1050 Thread added: 0x000001d14b1b02b0
Event: 0.071 Thread 0x000001d1291aed10 Thread added: 0x000001d14b302df0
Event: 0.074 Thread 0x000001d1291aed10 Thread added: 0x000001d14b306c90
Event: 0.117 Thread 0x000001d14b1a4f20 Thread added: 0x000001d14b1b0980
Event: 0.302 Thread 0x000001d14b1b02b0 Thread added: 0x000001d14b1b1df0
Event: 0.302 Thread 0x000001d14b1b02b0 Thread added: 0x000001d14b1b1720
Event: 2.231 Thread 0x000001d1291aed10 Thread added: 0x000001d19bd00150
Event: 2.259 Thread 0x000001d19bd00150 Thread exited: 0x000001d19bd00150
Event: 2.695 Thread 0x000001d1291aed10 Thread added: 0x000001d19bcff430
Event: 2.696 Thread 0x000001d1291aed10 Thread exited: 0x000001d1291aed10
Event: 2.696 Thread 0x000001d19bcfccd0 Thread added: 0x000001d19bcfccd0
Event: 2.781 Thread 0x000001d19bcff430 Thread added: 0x000001d19bcfe710
Event: 3.826 Thread 0x000001d14b1b1720 Thread exited: 0x000001d14b1b1720
Event: 5.058 Thread 0x000001d19bcfe710 Thread added: 0x000001d19bcfd9f0
Event: 5.403 Thread 0x000001d19bcfe710 Thread added: 0x000001d19bcffac0
Event: 5.499 Thread 0x000001d19bcff430 Thread added: 0x000001d19d7ee4f0
Event: 8.616 Thread 0x000001d14b1b02b0 Thread added: 0x000001d19c247730
Event: 10.736 Thread 0x000001d19d7ee4f0 Thread added: 0x000001d19db87890


Dynamic libraries:
0x00007ff690160000 - 0x00007ff690170000 	C:\Program Files\Java\jdk-23\bin\java.exe
0x00007ffd85a70000 - 0x00007ffd85c68000 	C:\Windows\SYSTEM32\ntdll.dll
0x00007ffd83c30000 - 0x00007ffd83cf2000 	C:\Windows\System32\KERNEL32.DLL
0x00007ffd83450000 - 0x00007ffd83747000 	C:\Windows\System32\KERNELBASE.dll
0x00007ffd83100000 - 0x00007ffd83200000 	C:\Windows\System32\ucrtbase.dll
0x00007ffd5d3d0000 - 0x00007ffd5d3e7000 	C:\Program Files\Java\jdk-23\bin\jli.dll
0x00007ffd5d380000 - 0x00007ffd5d39b000 	C:\Program Files\Java\jdk-23\bin\VCRUNTIME140.dll
0x00007ffd83a90000 - 0x00007ffd83c2d000 	C:\Windows\System32\USER32.dll
0x00007ffd83750000 - 0x00007ffd83772000 	C:\Windows\System32\win32u.dll
0x00007ffd70bf0000 - 0x00007ffd70e8a000 	C:\Windows\WinSxS\amd64_microsoft.windows.common-controls_6595b64144ccf1df_6.0.19041.5915_none_60b4b9d171f9c7c7\COMCTL32.dll
0x00007ffd84bc0000 - 0x00007ffd84beb000 	C:\Windows\System32\GDI32.dll
0x00007ffd83200000 - 0x00007ffd83319000 	C:\Windows\System32\gdi32full.dll
0x00007ffd84b20000 - 0x00007ffd84bbe000 	C:\Windows\System32\msvcrt.dll
0x00007ffd839f0000 - 0x00007ffd83a8d000 	C:\Windows\System32\msvcp_win.dll
0x00007ffd83ed0000 - 0x00007ffd83eff000 	C:\Windows\System32\IMM32.DLL
0x00007ffd62120000 - 0x00007ffd6212c000 	C:\Program Files\Java\jdk-23\bin\vcruntime140_1.dll
0x00007ffd54a40000 - 0x00007ffd54ace000 	C:\Program Files\Java\jdk-23\bin\msvcp140.dll
0x00007ffcfa970000 - 0x00007ffcfb6bf000 	C:\Program Files\Java\jdk-23\bin\server\jvm.dll
0x00007ffd84880000 - 0x00007ffd84931000 	C:\Windows\System32\ADVAPI32.dll
0x00007ffd84f20000 - 0x00007ffd84fbf000 	C:\Windows\System32\sechost.dll
0x00007ffd85900000 - 0x00007ffd85a26000 	C:\Windows\System32\RPCRT4.dll
0x00007ffd83780000 - 0x00007ffd837a7000 	C:\Windows\System32\bcrypt.dll
0x00007ffd84aa0000 - 0x00007ffd84b0b000 	C:\Windows\System32\WS2_32.dll
0x00007ffd82f60000 - 0x00007ffd82fab000 	C:\Windows\SYSTEM32\POWRPROF.dll
0x00007ffd72550000 - 0x00007ffd72577000 	C:\Windows\SYSTEM32\WINMM.dll
0x00007ffd79bd0000 - 0x00007ffd79bda000 	C:\Windows\SYSTEM32\VERSION.dll
0x00007ffd82f40000 - 0x00007ffd82f52000 	C:\Windows\SYSTEM32\UMPDC.dll
0x00007ffd81920000 - 0x00007ffd81932000 	C:\Windows\SYSTEM32\kernel.appcore.dll
0x00007ffd5fa30000 - 0x00007ffd5fa3a000 	C:\Program Files\Java\jdk-23\bin\jimage.dll
0x00007ffd80930000 - 0x00007ffd80b31000 	C:\Windows\SYSTEM32\DBGHELP.DLL
0x00007ffd6a040000 - 0x00007ffd6a074000 	C:\Windows\SYSTEM32\dbgcore.DLL
0x00007ffd837b0000 - 0x00007ffd83832000 	C:\Windows\System32\bcryptPrimitives.dll
0x00007ffd5cfd0000 - 0x00007ffd5cfee000 	C:\Program Files\Java\jdk-23\bin\java.dll
0x00007ffd84c50000 - 0x00007ffd84d7b000 	C:\Windows\System32\ole32.dll
0x00007ffd83f00000 - 0x00007ffd84253000 	C:\Windows\System32\combase.dll
0x00007ffd85080000 - 0x00007ffd857ee000 	C:\Windows\System32\SHELL32.dll
0x00007ffd80b40000 - 0x00007ffd812e4000 	C:\Windows\SYSTEM32\windows.storage.dll
0x00007ffd82a60000 - 0x00007ffd82a8b000 	C:\Windows\SYSTEM32\Wldp.dll
0x00007ffd84e50000 - 0x00007ffd84f1d000 	C:\Windows\System32\OLEAUT32.dll
0x00007ffd83d00000 - 0x00007ffd83dad000 	C:\Windows\System32\SHCORE.dll
0x00007ffd85020000 - 0x00007ffd8507b000 	C:\Windows\System32\shlwapi.dll
0x00007ffd83030000 - 0x00007ffd83054000 	C:\Windows\SYSTEM32\profapi.dll
0x00007ffd4cca0000 - 0x00007ffd4cd77000 	C:\Program Files\Java\jdk-23\bin\jsvml.dll
0x00007ffd5f9f0000 - 0x00007ffd5fa00000 	C:\Program Files\Java\jdk-23\bin\net.dll
0x00007ffd827c0000 - 0x00007ffd8282a000 	C:\Windows\system32\mswsock.dll
0x00007ffd5cde0000 - 0x00007ffd5cdf6000 	C:\Program Files\Java\jdk-23\bin\nio.dll
0x00007ffd56f80000 - 0x00007ffd56f97000 	C:\Program Files\Java\jdk-23\bin\zip.dll
0x00007ffd829b0000 - 0x00007ffd829c8000 	C:\Windows\SYSTEM32\CRYPTSP.dll
0x00007ffd820e0000 - 0x00007ffd82118000 	C:\Windows\system32\rsaenh.dll
0x00007ffd82ff0000 - 0x00007ffd8301e000 	C:\Windows\SYSTEM32\USERENV.dll
0x00007ffd829d0000 - 0x00007ffd829dc000 	C:\Windows\SYSTEM32\CRYPTBASE.dll
0x00007ffd824a0000 - 0x00007ffd824db000 	C:\Windows\SYSTEM32\IPHLPAPI.DLL
0x00007ffd84d80000 - 0x00007ffd84d88000 	C:\Windows\System32\NSI.dll
0x00007ffd56f70000 - 0x00007ffd56f80000 	C:\Program Files\Java\jdk-23\bin\verify.dll
0x00007ffd48070000 - 0x00007ffd48159000 	C:\Users\Haqii\AppData\Local\Temp\sqlite-3.41.2.1-13c46c0f-d394-4c59-9681-664cb395f960-sqlitejdbc.dll

dbghelp: loaded successfully - version: 4.0.5 - missing functions: none
symbol engine: initialized successfully - sym options: 0x614 - pdb path: .;C:\Program Files\Java\jdk-23\bin;C:\Windows\SYSTEM32;C:\Windows\WinSxS\amd64_microsoft.windows.common-controls_6595b64144ccf1df_6.0.19041.5915_none_60b4b9d171f9c7c7;C:\Program Files\Java\jdk-23\bin\server;C:\Users\Haqii\AppData\Local\Temp

VM Arguments:
jvm_args: -DkotlinLanguageServer.version=1.3.13 
java_command: org.javacs.kt.MainKt
java_class_path (initial): c:\Users\Haqii\AppData\Roaming\Code\User\globalStorage\fwcd.kotlin\langServerInstall\server\lib\server-1.3.13.jar;c:\Users\Haqii\AppData\Roaming\Code\User\globalStorage\fwcd.kotlin\langServerInstall\server\lib\shared-1.3.13.jar;c:\Users\Haqii\AppData\Roaming\Code\User\globalStorage\fwcd.kotlin\langServerInstall\server\lib\kotlin-scripting-jvm-host-unshaded-2.1.0.jar;c:\Users\Haqii\AppData\Roaming\Code\User\globalStorage\fwcd.kotlin\langServerInstall\server\lib\kotlin-scripting-compiler-2.1.0.jar;c:\Users\Haqii\AppData\Roaming\Code\User\globalStorage\fwcd.kotlin\langServerInstall\server\lib\ktfmt-b5d31d1.jar;c:\Users\Haqii\AppData\Roaming\Code\User\globalStorage\fwcd.kotlin\langServerInstall\server\lib\kotlin-compiler-2.1.0.jar;c:\Users\Haqii\AppData\Roaming\Code\User\globalStorage\fwcd.kotlin\langServerInstall\server\lib\exposed-dao-0.37.3.jar;c:\Users\Haqii\AppData\Roaming\Code\User\globalStorage\fwcd.kotlin\langServerInstall\server\lib\exposed-jdbc-0.37.3.jar;c:\Users\Haqii\AppData\Roaming\Code\User\globalStorage\fwcd.kotlin\langServerInstall\server\lib\exposed-core-0.37.3.jar;c:\Users\Haqii\AppData\Roaming\Code\User\globalStorage\fwcd.kotlin\langServerInstall\server\lib\kotlin-scripting-compiler-impl-2.1.0.jar;c:\Users\Haqii\AppData\Roaming\Code\User\globalStorage\fwcd.kotlin\langServerInstall\server\lib\kotlin-reflect-2.1.0.jar;c:\Users\Haqii\AppData\Roaming\Code\User\globalStorage\fwcd.kotlin\langServerInstall\server\lib\kotlin-scripting-jvm-2.1.0.jar;c:\Users\Haqii\AppData\Roaming\Code\User\globalStorage\fwcd.kotlin\langServerInstall\server\lib\kotlin-scripting-common-2.1.0.jar;c:\Users\Haqii\AppData\Roaming\Code\User\globalStorage\fwcd.kotlin\langServerInstall\server\lib\kotlinx-coroutines-core-jvm-1.6.4.jar;c:\Users\Haqii\AppData\Roaming\Code\User\globalStorage\fwcd.kotlin\langServerInstall\server\lib\kotlin-stdlib-jdk8-2.1.0.jar;c:\Users\Haqii\AppData\Roaming\Code\User\globalStorage\fwcd.kotlin\langServerInstall\server\lib\kotlin-stdlib-jdk7-2.1.0.jar;c:\Users\Haqii\AppData\Roaming\Code\User\globalStorage\fwcd.kotlin\langServerInstall\server\lib\kotlin-stdlib-2.1.0.jar;c:\Users\Haqii\AppData\Roaming\Code\User\globalStorage\fwcd.kotlin\langServerInstall\server\lib\org.eclipse.lsp4j-0.21.2.jar;c:\Users\Haqii\AppData\Roaming\Code\User\globalStorage\fwcd.kotlin\langServerInstall\server\lib\org.eclipse.lsp4j.jsonrpc-0.21.2.jar;c:\Users\Haqii\AppData\Roaming\Code\User\globalStorage\fwcd.kotlin\langServerInstall\server\lib\kotlin-sam-with-receiver-compiler-plugin-2.1.0.jar;c:\Users\Haqii\AppData\Roaming\Code\User\globalStorage\fwcd.kotlin\langServerInstall\server\lib\fernflower-1.0.jar;c:\Users\Haqii\AppData\Roaming\Code\User\globalStorage\fwcd.kotlin\langServerInstall\server\lib\h2-1.4.200.jar;c:\Users\Haqii\AppData\Roaming\Code\User\globalStorage\fwcd.kotlin\langServerInstall\server\lib\jcommander-1.78.jar;c:\Users\Haqii\AppData\Roaming\Code\User\globalStorage\fwcd.kotlin\langServerInstall\server\lib\sqlite-jdbc-3.41.2.1.jar;c:\Users\Haqii\AppData\Roaming\Code\User\globalStorage\fwcd.kotlin\langServerInstall\server\lib\google-java-format-1.8.jar;c:\Users\Haqii\AppData\Roaming\Code\User\globalStorage\fwcd.kotlin\langServerInstall\server\lib\guava-33.3.0-jre.jar;c:\Users\Haqii\AppData\Roaming\Code\User\globalStorage\fwcd.kotlin\langServerInstall\server\lib\annotations-13.0.jar;c:\Users\Haqii\AppData\Roaming\Code\User\globalStorage\fwcd.kotlin\langServerInstall\server\lib\gson-2.10.1.jar;c:\Users\Haqii\AppData\Roaming\Code\User\globalStorage\fwcd.kotlin\langServerInstall\server\lib\kotlin-script-runtime-2.1.0.jar;c:\Users\Haqii\AppData\Roaming\Code\User\globalStorage\fwcd.kotlin\langServerInstall\server\lib\trove4j-1.0.20200330.jar;c:\Users\Haqii\AppData\Roaming\Code\User\globalStorage\fwcd.kotlin\langServerInstall\server\lib\jline-3.24.1.jar;c:\Users\Haqii\AppData\Roaming\Code\User\globalStorage\fwcd.kotlin\langServerInstall\server\lib\slf4j-api-1.7.25.jar;c:\Users\Haqii\AppData\Roaming\Code\User\globalStorage\fwcd.kotlin\langServerInstall\server\lib\jna-4.2.2.jar;c:\Users\Haqii\AppData\Roaming\Code\User\globalStorage\fwcd.kotlin\langServerInstall\server\lib\failureaccess-1.0.2.jar;c:\Users\Haqii\AppData\Roaming\Code\User\globalStorage\fwcd.kotlin\langServerInstall\server\lib\listenablefuture-9999.0-empty-to-avoid-conflict-with-guava.jar;c:\Users\Haqii\AppData\Roaming\Code\User\globalStorage\fwcd.kotlin\langServerInstall\server\lib\jsr305-3.0.2.jar;c:\Users\Haqii\AppData\Roaming\Code\User\globalStorage\fwcd.kotlin\langServerInstall\server\lib\checker-qual-3.43.0.jar;c:\Users\Haqii\AppData\Roaming\Code\User\globalStorage\fwcd.kotlin\langServerInstall\server\lib\error_prone_annotations-2.28.0.jar
Launcher Type: SUN_STANDARD

[Global flags]
     intx CICompilerCount                          = 12                                        {product} {ergonomic}
     uint ConcGCThreads                            = 3                                         {product} {ergonomic}
     uint G1ConcRefinementThreads                  = 13                                        {product} {ergonomic}
   size_t G1HeapRegionSize                         = 2097152                                   {product} {ergonomic}
   size_t InitialHeapSize                          = 255852544                                 {product} {ergonomic}
   size_t MarkStackSize                            = 4194304                                   {product} {ergonomic}
   size_t MarkStackSizeMax                         = 536870912                                 {product} {ergonomic}
   size_t MaxHeapSize                              = 4093640704                                {product} {ergonomic}
   size_t MaxNewSize                               = 2455764992                                {product} {ergonomic}
   size_t MinHeapDeltaBytes                        = 2097152                                   {product} {ergonomic}
   size_t MinHeapSize                              = 8388608                                   {product} {ergonomic}
    uintx NonNMethodCodeHeapSize                   = 7602176                                {pd product} {ergonomic}
    uintx NonProfiledCodeHeapSize                  = 122093568                              {pd product} {ergonomic}
    uintx ProfiledCodeHeapSize                     = 121962496                              {pd product} {ergonomic}
    uintx ReservedCodeCacheSize                    = 251658240                              {pd product} {ergonomic}
     bool SegmentedCodeCache                       = true                                      {product} {ergonomic}
   size_t SoftMaxHeapSize                          = 4093640704                             {manageable} {ergonomic}
     bool UseCompressedOops                        = true                           {product lp64_product} {ergonomic}
     bool UseG1GC                                  = true                                      {product} {ergonomic}
     bool UseLargePagesIndividualAllocation        = false                                  {pd product} {ergonomic}

Logging:
Log output configuration:
 #0: stdout all=warning uptime,level,tags foldmultilines=false
 #1: stderr all=off uptime,level,tags foldmultilines=false

Environment Variables:
CLASSPATH=c:\Users\Haqii\AppData\Roaming\Code\User\globalStorage\fwcd.kotlin\langServerInstall\server\lib\server-1.3.13.jar;c:\Users\Haqii\AppData\Roaming\Code\User\globalStorage\fwcd.kotlin\langServerInstall\server\lib\shared-1.3.13.jar;c:\Users\Haqii\AppData\Roaming\Code\User\globalStorage\fwcd.kotlin\langServerInstall\server\lib\kotlin-scripting-jvm-host-unshaded-2.1.0.jar;c:\Users\Haqii\AppData\Roaming\Code\User\globalStorage\fwcd.kotlin\langServerInstall\server\lib\kotlin-scripting-compiler-2.1.0.jar;c:\Users\Haqii\AppData\Roaming\Code\User\globalStorage\fwcd.kotlin\langServerInstall\server\lib\ktfmt-b5d31d1.jar;c:\Users\Haqii\AppData\Roaming\Code\User\globalStorage\fwcd.kotlin\langServerInstall\server\lib\kotlin-compiler-2.1.0.jar;c:\Users\Haqii\AppData\Roaming\Code\User\globalStorage\fwcd.kotlin\langServerInstall\server\lib\exposed-dao-0.37.3.jar;c:\Users\Haqii\AppData\Roaming\Code\User\globalStorage\fwcd.kotlin\langServerInstall\server\lib\exposed-jdbc-0.37.3.jar;c:\Users\Haqii\AppData\Roaming\Code\User\globalStorage\fwcd.kotlin\langServerInstall\server\lib\exposed-core-0.37.3.jar;c:\Users\Haqii\AppData\Roaming\Code\User\globalStorage\fwcd.kotlin\langServerInstall\server\lib\kotlin-scripting-compiler-impl-2.1.0.jar;c:\Users\Haqii\AppData\Roaming\Code\User\globalStorage\fwcd.kotlin\langServerInstall\server\lib\kotlin-reflect-2.1.0.jar;c:\Users\Haqii\AppData\Roaming\Code\User\globalStorage\fwcd.kotlin\langServerInstall\server\lib\kotlin-scripting-jvm-2.1.0.jar;c:\Users\Haqii\AppData\Roaming\Code\User\globalStorage\fwcd.kotlin\langServerInstall\server\lib\kotlin-scripting-common-2.1.0.jar;c:\Users\Haqii\AppData\Roaming\Code\User\globalStorage\fwcd.kotlin\langServerInstall\server\lib\kotlinx-coroutines-core-jvm-1.6.4.jar;c:\Users\Haqii\AppData\Roaming\Code\User\globalStorage\fwcd.kotlin\langServerInstall\server\lib\kotlin-stdlib-jdk8-2.1.0.jar;c:\Users\Haqii\AppData\Roaming\Code\User\globalStorage\fwcd.kotlin\langServerInstall\server\lib\kotlin-stdlib-jdk7-2.1.0.jar;c:\Users\Haqii\AppData\Roaming\Code\User\globalStorage\fwcd.kotlin\langServerInstall\server\lib\kotlin-stdlib-2.1.0.jar;c:\Users\Haqii\AppData\Roaming\Code\User\globalStorage\fwcd.kotlin\langServerInstall\server\lib\org.eclipse.lsp4j-0.21.2.jar;c:\Users\Haqii\AppData\Roaming\Code\User\globalStorage\fwcd.kotlin\langServerInstall\server\lib\org.eclipse.lsp4j.jsonrpc-0.21.2.jar;c:\Users\Haqii\AppData\Roaming\Code\User\globalStorage\fwcd.kotlin\langServerInstall\server\lib\kotlin-sam-with-receiver-compiler-plugin-2.1.0.jar;c:\Users\Haqii\AppData\Roaming\Code\User\globalStorage\fwcd.kotlin\langServerInstall\server\lib\fernflower-1.0.jar;c:\Users\Haqii\AppData\Roaming\Code\User\globalStorage\fwcd.kotlin\langServerInstall\server\lib\h2-1.4.200.jar;c:\Users\Haqii\AppData\Roaming\Code\User\globalStorage\fwcd.kotlin\langServerInstall\server\lib\jcommander-1.78.jar;c:\Users\Haqii\AppData\Roaming\Code\User\globalStorage\fwcd.kotlin\langServerInstall\server\lib\sqlite-jdbc-3.41.2.1.jar;c:\Users\Haqii\AppData\Roaming\Code\User\globalStorage\fwcd.kotlin\langServerInstall\server\lib\google-java-format-1.8.jar;c:\Users\Haqii\AppData\Roaming\Code\User\globalStorage\fwcd.kotlin\langServerInstall\server\lib\guava-33.3.0-jre.jar;c:\Users\Haqii\AppData\Roaming\Code\User\globalStorage\fwcd.kotlin\langServerInstall\server\lib\annotations-13.0.jar;c:\Users\Haqii\AppData\Roaming\Code\User\globalStorage\fwcd.kotlin\langServerInstall\server\lib\gson-2.10.1.jar;c:\Users\Haqii\AppData\Roaming\Code\User\globalStorage\fwcd.kotlin\langServerInstall\server\lib\kotlin-script-runtime-2.1.0.jar;c:\Users\Haqii\AppData\Roaming\Code\User\globalStorage\fwcd.kotlin\langServerInstall\server\lib\trove4j-1.0.20200330.jar;c:\Users\Haqii\AppData\Roaming\Code\User\globalStorage\fwcd.kotlin\langServerInstall\server\lib\jline-3.24.1.jar;c:\Users\Haqii\AppData\Roaming\Code\User\globalStorage\fwcd.kotlin\langServerInstall\server\lib\slf4j-api-1.7.25.jar;c:\Users\Haqii\AppData\Roaming\Code\User\globalStorage\fwcd.kotlin\langServerInstall\server\lib\jna-4.2.2.jar;c:\Users\Haqii\AppData\Roaming\Code\User\globalStorage\fwcd.kotlin\langServerInstall\server\lib\failureaccess-1.0.2.jar;c:\Users\Haqii\AppData\Roaming\Code\User\globalStorage\fwcd.kotlin\langServerInstall\server\lib\listenablefuture-9999.0-empty-to-avoid-conflict-with-guava.jar;c:\Users\Haqii\AppData\Roaming\Code\User\globalStorage\fwcd.kotlin\langServerInstall\server\lib\jsr305-3.0.2.jar;c:\Users\Haqii\AppData\Roaming\Code\User\globalStorage\fwcd.kotlin\langServerInstall\server\lib\checker-qual-3.43.0.jar;c:\Users\Haqii\AppData\Roaming\Code\User\globalStorage\fwcd.kotlin\langServerInstall\server\lib\error_prone_annotations-2.28.0.jar
PATH=C:\Program Files\Common Files\Oracle\Java\javapath;C:\Program Files (x86)\Common Files\Oracle\Java\java8path;C:\Program Files (x86)\Common Files\Oracle\Java\javapath;C:\Windows\system32;C:\Windows;C:\Windows\System32\Wbem;C:\Windows\System32\WindowsPowerShell\v1.0\;C:\Windows\System32\OpenSSH\;C:\xampp\php;C:\ProgramData\ComposerSetup\bin;C:\Program Files\Git\cmd;C:\Program Files\dotnet\;C:\ProgramData\chocolatey\bin;C:\Program Files\Neovim\bin;C:\Program Files\nodejs\;C:\Program Files\Common Files\Oracle\Java\javapath;C:\Windows\system32;C:\Windows;C:\Windows\System32\Wbem;C:\Windows\System32\WindowsPowerShell\v1.0\;C:\Windows\System32\OpenSSH\;C:\xampp\php;C:\ProgramData\ComposerSetup\bin;C:\Program Files\nodejs\;C:\Program Files\Git\cmd;C:\Program Files\dotnet\;C:\ProgramData\chocolatey\bin;c:\Users\Haqii\AppData\Local\Programs\cursor\resources\app\codeBin;C:\Users\Haqii\AppData\Local\Programs\Python\Launcher\;c:\Users\Haqii\AppData\Local\Programs\Trae\bin;C:\Users\Haqii\AppData\Local\Microsoft\WindowsApps;C:\Users\Haqii\AppData\Local\Programs\Microsoft VS Code\bin;C:\Users\Haqii\AppData\Roaming\Composer\vendor\bin;C:\msys64\ucrt64\bin;C:\Users\Haqii\AppData\Local\spicetify;C:\xampp\php;C:\Users\Haqii\.deno\bin;C:\Android\cmdline-tools\latest\bin;C:\Android\platform-tools;C:\Android\emulator;C:\Users\Haqii\AppData\Roaming\npm
USERNAME=Haqii
OS=Windows_NT
PROCESSOR_IDENTIFIER=AMD64 Family 25 Model 68 Stepping 1, AuthenticAMD
TMP=C:\Users\Haqii\AppData\Local\Temp
TEMP=C:\Users\Haqii\AppData\Local\Temp




Periodic native trim disabled

---------------  S Y S T E M  ---------------

OS:
 Windows 10 , 64 bit Build 19041 (10.0.19041.5915)
OS uptime: 0 days 5:29 hours

CPU: total 16 (initial active 16) (16 cores per cpu, 2 threads per core) family 25 model 68 stepping 1 microcode 0x0, cx8, cmov, fxsr, ht, mmx, 3dnowpref, sse, sse2, sse3, ssse3, sse4a, sse4.1, sse4.2, popcnt, lzcnt, tsc, tscinvbit, avx, avx2, aes, erms, clmul, bmi1, bmi2, adx, sha, fma, vzeroupper, clflush, clflushopt, rdtscp, rdpid, fsrm, f16c, pku, cet_ss
Processor Information for processor 0
  Max Mhz: 3201, Current Mhz: 3201, Mhz Limit: 3201
Processor Information for processor 1
  Max Mhz: 3201, Current Mhz: 2560, Mhz Limit: 3201
Processor Information for processor 2
  Max Mhz: 3201, Current Mhz: 3201, Mhz Limit: 3201
Processor Information for processor 3
  Max Mhz: 3201, Current Mhz: 2560, Mhz Limit: 3201
Processor Information for processor 4
  Max Mhz: 3201, Current Mhz: 3201, Mhz Limit: 3201
Processor Information for processor 5
  Max Mhz: 3201, Current Mhz: 2560, Mhz Limit: 3201
Processor Information for processor 6
  Max Mhz: 3201, Current Mhz: 2560, Mhz Limit: 3201
Processor Information for processor 7
  Max Mhz: 3201, Current Mhz: 3201, Mhz Limit: 3201
Processor Information for processor 8
  Max Mhz: 3201, Current Mhz: 2560, Mhz Limit: 3201
Processor Information for processor 9
  Max Mhz: 3201, Current Mhz: 2560, Mhz Limit: 3201
Processor Information for processor 10
  Max Mhz: 3201, Current Mhz: 3201, Mhz Limit: 3201
Processor Information for processor 11
  Max Mhz: 3201, Current Mhz: 2560, Mhz Limit: 3201
Processor Information for processor 12
  Max Mhz: 3201, Current Mhz: 3201, Mhz Limit: 3201
Processor Information for processor 13
  Max Mhz: 3201, Current Mhz: 2560, Mhz Limit: 3201
Processor Information for processor 14
  Max Mhz: 3201, Current Mhz: 3201, Mhz Limit: 3201
Processor Information for processor 15
  Max Mhz: 3201, Current Mhz: 2560, Mhz Limit: 3201

Memory: 4k page, system-wide physical 15613M (377M free)
TotalPageFile size 28925M (AvailPageFile size 142M)
current process WorkingSet (physical memory assigned to process): 683M, peak: 688M
current process commit charge ("private bytes"): 731M, peak: 919M

vm_info: Java HotSpot(TM) 64-Bit Server VM (23.0.1+11-39) for windows-amd64 JRE (23.0.1+11-39), built on 2024-09-30T07:20:43Z with MS VC++ 17.6 (VS2022)

END.
