#
# There is insufficient memory for the Java Runtime Environment to continue.
# Native memory allocation (malloc) failed to allocate 1401856 bytes. Error detail: Chunk::new
# Possible reasons:
#   The system is out of physical RAM or swap space
#   This process is running with CompressedOops enabled, and the Java Heap may be blocking the growth of the native heap
# Possible solutions:
#   Reduce memory load on the system
#   Increase physical memory or swap space
#   Check if swap backing store is full
#   Decrease Java heap size (-Xmx/-Xms)
#   Decrease number of Java threads
#   Decrease Java thread stack sizes (-Xss)
#   Set larger code cache with -XX:ReservedCodeCacheSize=
#   JVM is running with Zero Based Compressed Oops mode in which the Java heap is
#     placed in the first 32GB address space. The Java Heap base address is the
#     maximum limit for the native heap growth. Please use -XX:HeapBaseMinAddress
#     to set the Java Heap base and to place the Java Heap above 32GB virtual address.
# This output file may be truncated or incomplete.
#
#  Out of Memory Error (arena.cpp:149), pid=12648, tid=22872
#
# JRE version: Java(TM) SE Runtime Environment (23.0.1+11) (build 23.0.1+11-39)
# Java VM: Java HotSpot(TM) 64-Bit Server VM (23.0.1+11-39, mixed mode, sharing, tiered, compressed oops, compressed class ptrs, g1 gc, windows-amd64)
# No core dump will be written. Minidumps are not enabled by default on client versions of Windows
#

---------------  S U M M A R Y ------------

Command Line: -DkotlinLanguageServer.version=1.3.13 org.javacs.kt.MainKt

Host: AMD Ryzen 7 7735HS with Radeon Graphics        , 16 cores, 13G,  Windows 11 , 64 bit Build 26100 (10.0.26100.7019)
Time: Wed Dec 10 10:15:52 2025 SE Asia Standard Time elapsed time: 47.632930 seconds (0d 0h 0m 47s)

---------------  T H R E A D  ---------------

Current thread (0x000001bff74646c0):  JavaThread "C2 CompilerThread3" daemon [_thread_in_native, id=22872, stack(0x000000a69da00000,0x000000a69db00000) (1024K)]


Current CompileTask:
C2:47633 16570       4       org.jetbrains.kotlin.load.kotlin.KotlinBinaryClassCache$Companion::getKotlinBinaryClassOrClassFileContent (143 bytes)

Stack: [0x000000a69da00000,0x000000a69db00000]
Native frames: (J=compiled Java code, j=interpreted, Vv=VM code, C=native code)
V  [jvm.dll+0x6e08b9]  (no source info available)
V  [jvm.dll+0x87dc83]  (no source info available)
V  [jvm.dll+0x88010e]  (no source info available)
V  [jvm.dll+0x8807e3]  (no source info available)
V  [jvm.dll+0x27aee6]  (no source info available)
V  [jvm.dll+0xbc06f]  (no source info available)
V  [jvm.dll+0xbc2cb]  (no source info available)
V  [jvm.dll+0x3b3a9c]  (no source info available)
V  [jvm.dll+0x1dc39e]  (no source info available)
V  [jvm.dll+0x244be5]  (no source info available)
V  [jvm.dll+0x243dff]  (no source info available)
V  [jvm.dll+0x1c33a0]  (no source info available)
V  [jvm.dll+0x253cf1]  (no source info available)
V  [jvm.dll+0x251faa]  (no source info available)
V  [jvm.dll+0x3ee036]  (no source info available)
V  [jvm.dll+0x824f8b]  (no source info available)
V  [jvm.dll+0x6df065]  (no source info available)
C  [ucrtbase.dll+0x37b0]  (no source info available)
C  [KERNEL32.DLL+0x2e8d7]  (no source info available)
C  [ntdll.dll+0x8c53c]  (no source info available)

Lock stack of current Java thread (top to bottom):


---------------  P R O C E S S  ---------------

Threads class SMR info:
_java_thread_list=0x000001bff61b8b70, length=23, elements={
0x000001bfa43ac6f0, 0x000001bfa43afcd0, 0x000001bfa43b1be0, 0x000001bfa43b2640,
0x000001bfa43b4780, 0x000001bfa43b7060, 0x000001bfa43cc240, 0x000001bfa43cf480,
0x000001bfa453dc00, 0x000001bfa4545910, 0x000001bfeb22fe10, 0x000001bf82a024f0,
0x000001bff4aa9ff0, 0x000001bff40ad6d0, 0x000001bff40add90, 0x000001bff4901380,
0x000001bff4903450, 0x000001bff5f518a0, 0x000001bff81852a0, 0x000001bff647aec0,
0x000001bff7461de0, 0x000001bff5f4e420, 0x000001bff74646c0
}

Java Threads: ( => current thread )
  0x000001bfa43ac6f0 JavaThread "Reference Handler"          daemon [_thread_blocked, id=19372, stack(0x000000a69b900000,0x000000a69ba00000) (1024K)]
  0x000001bfa43afcd0 JavaThread "Finalizer"                  daemon [_thread_blocked, id=12228, stack(0x000000a69ba00000,0x000000a69bb00000) (1024K)]
  0x000001bfa43b1be0 JavaThread "Signal Dispatcher"          daemon [_thread_blocked, id=6712, stack(0x000000a69bb00000,0x000000a69bc00000) (1024K)]
  0x000001bfa43b2640 JavaThread "Attach Listener"            daemon [_thread_blocked, id=19412, stack(0x000000a69bc00000,0x000000a69bd00000) (1024K)]
  0x000001bfa43b4780 JavaThread "Service Thread"             daemon [_thread_blocked, id=22356, stack(0x000000a69bd00000,0x000000a69be00000) (1024K)]
  0x000001bfa43b7060 JavaThread "Monitor Deflation Thread"   daemon [_thread_blocked, id=18692, stack(0x000000a69be00000,0x000000a69bf00000) (1024K)]
  0x000001bfa43cc240 JavaThread "C2 CompilerThread0"         daemon [_thread_in_native, id=23496, stack(0x000000a69bf00000,0x000000a69c000000) (1024K)]
  0x000001bfa43cf480 JavaThread "C1 CompilerThread0"         daemon [_thread_blocked, id=19356, stack(0x000000a69c000000,0x000000a69c100000) (1024K)]
  0x000001bfa453dc00 JavaThread "Notification Thread"        daemon [_thread_blocked, id=22980, stack(0x000000a69c200000,0x000000a69c300000) (1024K)]
  0x000001bfa4545910 JavaThread "Common-Cleaner"             daemon [_thread_blocked, id=19164, stack(0x000000a69c300000,0x000000a69c400000) (1024K)]
  0x000001bfeb22fe10 JavaThread "client"                            [_thread_in_native, id=17608, stack(0x000000a69d500000,0x000000a69d600000) (1024K)]
  0x000001bf82a024f0 JavaThread "DestroyJavaVM"                     [_thread_blocked, id=17576, stack(0x000000a69b100000,0x000000a69b200000) (1024K)]
  0x000001bff4aa9ff0 JavaThread "async0"                            [_thread_blocked, id=10116, stack(0x000000a69d600000,0x000000a69d700000) (1024K)]
  0x000001bff40ad6d0 JavaThread "C1 CompilerThread1"         daemon [_thread_blocked, id=14972, stack(0x000000a69c100000,0x000000a69c200000) (1024K)]
  0x000001bff40add90 JavaThread "C1 CompilerThread2"         daemon [_thread_blocked, id=6696, stack(0x000000a69c500000,0x000000a69c600000) (1024K)]
  0x000001bff4901380 JavaThread "async1"                            [_thread_blocked, id=21052, stack(0x000000a69c600000,0x000000a69c700000) (1024K)]
  0x000001bff4903450 JavaThread "debounce0"                         [_thread_in_Java, id=18172, stack(0x000000a69d900000,0x000000a69da00000) (1024K)]
  0x000001bff5f518a0 JavaThread "async2"                            [_thread_blocked, id=2588, stack(0x000000a69d800000,0x000000a69d900000) (1024K)]
  0x000001bff81852a0 JavaThread "C1 CompilerThread3"         daemon [_thread_blocked, id=22808, stack(0x000000a69b000000,0x000000a69b100000) (1024K)]
  0x000001bff647aec0 JavaThread "C2 CompilerThread1"         daemon [_thread_in_native, id=12420, stack(0x000000a69af00000,0x000000a69b000000) (1024K)]
  0x000001bff7461de0 JavaThread "C2 CompilerThread2"         daemon [_thread_in_native, id=21860, stack(0x000000a69cf00000,0x000000a69d000000) (1024K)]
  0x000001bff5f4e420 JavaThread "async3"                            [_thread_blocked, id=11188, stack(0x000000a69d700000,0x000000a69d800000) (1024K)]
=>0x000001bff74646c0 JavaThread "C2 CompilerThread3"         daemon [_thread_in_native, id=22872, stack(0x000000a69da00000,0x000000a69db00000) (1024K)]
Total: 23

Other Threads:
  0x000001bfa4391540 VMThread "VM Thread"                           [id=22896, stack(0x000000a69b800000,0x000000a69b900000) (1024K)]
  0x000001bfa437e300 WatcherThread "VM Periodic Task Thread"        [id=1464, stack(0x000000a69b700000,0x000000a69b800000) (1024K)]
  0x000001bf84ff7e80 WorkerThread "GC Thread#0"                     [id=7100, stack(0x000000a69b200000,0x000000a69b300000) (1024K)]
  0x000001bfea5a8390 WorkerThread "GC Thread#1"                     [id=10400, stack(0x000000a69c400000,0x000000a69c500000) (1024K)]
  0x000001bfea5a8740 WorkerThread "GC Thread#2"                     [id=5840, stack(0x000000a69c700000,0x000000a69c800000) (1024K)]
  0x000001bfea55fcf0 WorkerThread "GC Thread#3"                     [id=7572, stack(0x000000a69c800000,0x000000a69c900000) (1024K)]
  0x000001bfea5600a0 WorkerThread "GC Thread#4"                     [id=3428, stack(0x000000a69c900000,0x000000a69ca00000) (1024K)]
  0x000001bfea6c5bf0 WorkerThread "GC Thread#5"                     [id=12396, stack(0x000000a69ca00000,0x000000a69cb00000) (1024K)]
  0x000001bfea64a030 WorkerThread "GC Thread#6"                     [id=19904, stack(0x000000a69cb00000,0x000000a69cc00000) (1024K)]
  0x000001bfea64a3e0 WorkerThread "GC Thread#7"                     [id=4872, stack(0x000000a69cc00000,0x000000a69cd00000) (1024K)]
  0x000001bfea919890 WorkerThread "GC Thread#8"                     [id=12588, stack(0x000000a69cd00000,0x000000a69ce00000) (1024K)]
  0x000001bfea91aeb0 WorkerThread "GC Thread#9"                     [id=18940, stack(0x000000a69ce00000,0x000000a69cf00000) (1024K)]
  0x000001bfeade8e80 WorkerThread "GC Thread#10"                    [id=13792, stack(0x000000a69d000000,0x000000a69d100000) (1024K)]
  0x000001bfeade7100 WorkerThread "GC Thread#11"                    [id=9488, stack(0x000000a69d100000,0x000000a69d200000) (1024K)]
  0x000001bfeade9230 WorkerThread "GC Thread#12"                    [id=9776, stack(0x000000a69d200000,0x000000a69d300000) (1024K)]
  0x000001bf8500a270 ConcurrentGCThread "G1 Main Marker"            [id=1552, stack(0x000000a69b300000,0x000000a69b400000) (1024K)]
  0x000001bf8500cab0 WorkerThread "G1 Conc#0"                       [id=12084, stack(0x000000a69b400000,0x000000a69b500000) (1024K)]
  0x000001bfeade95e0 WorkerThread "G1 Conc#1"                       [id=17268, stack(0x000000a69d300000,0x000000a69d400000) (1024K)]
  0x000001bfeade9990 WorkerThread "G1 Conc#2"                       [id=23348, stack(0x000000a69d400000,0x000000a69d500000) (1024K)]
  0x000001bfa424ca40 ConcurrentGCThread "G1 Refine#0"               [id=9232, stack(0x000000a69b500000,0x000000a69b600000) (1024K)]
  0x000001bfa424d460 ConcurrentGCThread "G1 Service"                [id=20592, stack(0x000000a69b600000,0x000000a69b700000) (1024K)]
Total: 21

Threads with active compile tasks:
C2 CompilerThread0  47704 16571       4       org.jetbrains.kotlin.load.kotlin.KotlinBinaryClassCache$Companion$$Lambda/0x000001bfa66d26b0::compute (16 bytes)
C2 CompilerThread1  47704 16577       4       org.jetbrains.kotlin.load.kotlin.VirtualFileFinder::findKotlinClassOrContent (37 bytes)
C2 CompilerThread2  47704 16591   !   4       org.jetbrains.kotlin.metadata.ProtoBuf$Property::<init> (1283 bytes)
C2 CompilerThread3  47705 16570       4       org.jetbrains.kotlin.load.kotlin.KotlinBinaryClassCache$Companion::getKotlinBinaryClassOrClassFileContent (143 bytes)
Total: 4

VM state: not at safepoint (normal execution)

VM Mutex/Monitor currently owned by a thread: None

Heap address: 0x0000000724000000, size: 3520 MB, Compressed Oops mode: Zero based, Oop shift amount: 3

CDS archive(s) mapped at: [0x000001bfa5000000-0x000001bfa5d70000-0x000001bfa5d70000), size 14090240, SharedBaseAddress: 0x000001bfa5000000, ArchiveRelocationMode: 1.
Compressed class space mapped at: 0x000001bfa6000000-0x000001bfe6000000, reserved size: 1073741824
Narrow klass base: 0x000001bfa5000000, Narrow klass shift: 0, Narrow klass range: 0x41000000

GC Precious Log:
 CardTable entry size: 512
 Card Set container configuration: InlinePtr #cards 4 size 8 Array Of Cards #cards 16 size 48 Howl #buckets 8 coarsen threshold 3686 Howl Bitmap #cards 512 size 80 coarsen threshold 460 Card regions per heap region 1 cards per card region 4096
 CPUs: 16 total, 16 available
 Memory: 14077M
 Large Page Support: Disabled
 NUMA Support: Disabled
 Compressed Oops: Enabled (Zero based)
 Heap Region Size: 2M
 Heap Min Capacity: 8M
 Heap Initial Capacity: 220M
 Heap Max Capacity: 3520M
 Pre-touch: Disabled
 Parallel Workers: 13
 Concurrent Workers: 3
 Concurrent Refinement Workers: 13
 Periodic GC: Disabled

Heap:
 garbage-first heap   total reserved 3604480K, committed 243712K, used 167407K [0x0000000724000000, 0x0000000800000000)
  region size 2048K, 18 young (36864K), 4 survivors (8192K)
 Metaspace       used 77227K, committed 78272K, reserved 1179648K
  class space    used 8961K, committed 9408K, reserved 1048576K

Heap Regions: E=young(eden), S=young(survivor), O=old, HS=humongous(starts), HC=humongous(continues), CS=collection set, F=free, TAMS=top-at-mark-start, PB=parsable bottom
|   0|0x0000000724000000, 0x0000000724200000, 0x0000000724200000|100%|HS|  |TAMS 0x0000000724000000| PB 0x0000000724000000| Complete |  0
|   1|0x0000000724200000, 0x0000000724400000, 0x0000000724400000|100%|HC|  |TAMS 0x0000000724200000| PB 0x0000000724200000| Complete |  0
|   2|0x0000000724400000, 0x0000000724600000, 0x0000000724600000|100%| O|  |TAMS 0x0000000724400000| PB 0x0000000724400000| Untracked |  0
|   3|0x0000000724600000, 0x0000000724800000, 0x0000000724800000|100%| O|  |TAMS 0x0000000724600000| PB 0x0000000724600000| Untracked |  0
|   4|0x0000000724800000, 0x0000000724a00000, 0x0000000724a00000|100%| O|  |TAMS 0x0000000724800000| PB 0x0000000724800000| Untracked |  0
|   5|0x0000000724a00000, 0x0000000724c00000, 0x0000000724c00000|100%| O|  |TAMS 0x0000000724a00000| PB 0x0000000724a00000| Untracked |  0
|   6|0x0000000724c00000, 0x0000000724e00000, 0x0000000724e00000|100%| O|  |TAMS 0x0000000724c00000| PB 0x0000000724c00000| Untracked |  0
|   7|0x0000000724e00000, 0x0000000725000000, 0x0000000725000000|100%| O|  |TAMS 0x0000000724e00000| PB 0x0000000724e00000| Untracked |  0
|   8|0x0000000725000000, 0x0000000725200000, 0x0000000725200000|100%| O|  |TAMS 0x0000000725000000| PB 0x0000000725000000| Untracked |  0
|   9|0x0000000725200000, 0x0000000725400000, 0x0000000725400000|100%| O|  |TAMS 0x0000000725200000| PB 0x0000000725200000| Untracked |  0
|  10|0x0000000725400000, 0x0000000725600000, 0x0000000725600000|100%| O|  |TAMS 0x0000000725400000| PB 0x0000000725400000| Untracked |  0
|  11|0x0000000725600000, 0x0000000725800000, 0x0000000725800000|100%| O|  |TAMS 0x0000000725600000| PB 0x0000000725600000| Untracked |  0
|  12|0x0000000725800000, 0x0000000725a00000, 0x0000000725a00000|100%| O|  |TAMS 0x0000000725800000| PB 0x0000000725800000| Untracked |  0
|  13|0x0000000725a00000, 0x0000000725c00000, 0x0000000725c00000|100%| O|  |TAMS 0x0000000725a00000| PB 0x0000000725a00000| Untracked |  0
|  14|0x0000000725c00000, 0x0000000725e00000, 0x0000000725e00000|100%| O|  |TAMS 0x0000000725c00000| PB 0x0000000725c00000| Untracked |  0
|  15|0x0000000725e00000, 0x0000000726000000, 0x0000000726000000|100%| O|  |TAMS 0x0000000725e00000| PB 0x0000000725e00000| Untracked |  0
|  16|0x0000000726000000, 0x0000000726200000, 0x0000000726200000|100%| O|  |TAMS 0x0000000726000000| PB 0x0000000726000000| Untracked |  0
|  17|0x0000000726200000, 0x0000000726400000, 0x0000000726400000|100%| O|  |TAMS 0x0000000726200000| PB 0x0000000726200000| Untracked |  0
|  18|0x0000000726400000, 0x0000000726600000, 0x0000000726600000|100%| O|  |TAMS 0x0000000726400000| PB 0x0000000726400000| Untracked |  0
|  19|0x0000000726600000, 0x0000000726800000, 0x0000000726800000|100%| O|  |TAMS 0x0000000726600000| PB 0x0000000726600000| Untracked |  0
|  20|0x0000000726800000, 0x0000000726a00000, 0x0000000726a00000|100%| O|  |TAMS 0x0000000726800000| PB 0x0000000726800000| Untracked |  0
|  21|0x0000000726a00000, 0x0000000726c00000, 0x0000000726c00000|100%| O|  |TAMS 0x0000000726a00000| PB 0x0000000726a00000| Untracked |  0
|  22|0x0000000726c00000, 0x0000000726e00000, 0x0000000726e00000|100%| O|  |TAMS 0x0000000726c00000| PB 0x0000000726c00000| Untracked |  0
|  23|0x0000000726e00000, 0x0000000727000000, 0x0000000727000000|100%| O|  |TAMS 0x0000000726e00000| PB 0x0000000726e00000| Untracked |  0
|  24|0x0000000727000000, 0x0000000727200000, 0x0000000727200000|100%|HS|  |TAMS 0x0000000727000000| PB 0x0000000727000000| Complete |  0
|  25|0x0000000727200000, 0x0000000727400000, 0x0000000727400000|100%| O|  |TAMS 0x0000000727200000| PB 0x0000000727200000| Untracked |  0
|  26|0x0000000727400000, 0x0000000727600000, 0x0000000727600000|100%| O|  |TAMS 0x0000000727400000| PB 0x0000000727400000| Untracked |  0
|  27|0x0000000727600000, 0x0000000727800000, 0x0000000727800000|100%| O|  |TAMS 0x0000000727600000| PB 0x0000000727600000| Untracked |  0
|  28|0x0000000727800000, 0x0000000727a00000, 0x0000000727a00000|100%| O|  |TAMS 0x0000000727800000| PB 0x0000000727800000| Untracked |  0
|  29|0x0000000727a00000, 0x0000000727c00000, 0x0000000727c00000|100%| O|  |TAMS 0x0000000727a00000| PB 0x0000000727a00000| Untracked |  0
|  30|0x0000000727c00000, 0x0000000727e00000, 0x0000000727e00000|100%| O|  |TAMS 0x0000000727c00000| PB 0x0000000727c00000| Untracked |  0
|  31|0x0000000727e00000, 0x0000000728000000, 0x0000000728000000|100%| O|  |TAMS 0x0000000727e00000| PB 0x0000000727e00000| Untracked |  0
|  32|0x0000000728000000, 0x0000000728200000, 0x0000000728200000|100%| O|  |TAMS 0x0000000728000000| PB 0x0000000728000000| Untracked |  0
|  33|0x0000000728200000, 0x0000000728400000, 0x0000000728400000|100%| O|  |TAMS 0x0000000728200000| PB 0x0000000728200000| Untracked |  0
|  34|0x0000000728400000, 0x0000000728600000, 0x0000000728600000|100%| O|  |TAMS 0x0000000728400000| PB 0x0000000728400000| Untracked |  0
|  35|0x0000000728600000, 0x0000000728800000, 0x0000000728800000|100%| O|  |TAMS 0x0000000728600000| PB 0x0000000728600000| Untracked |  0
|  36|0x0000000728800000, 0x0000000728a00000, 0x0000000728a00000|100%| O|  |TAMS 0x0000000728800000| PB 0x0000000728800000| Untracked |  0
|  37|0x0000000728a00000, 0x0000000728c00000, 0x0000000728c00000|100%| O|  |TAMS 0x0000000728a00000| PB 0x0000000728a00000| Untracked |  0
|  38|0x0000000728c00000, 0x0000000728e00000, 0x0000000728e00000|100%| O|  |TAMS 0x0000000728c00000| PB 0x0000000728c00000| Untracked |  0
|  39|0x0000000728e00000, 0x0000000729000000, 0x0000000729000000|100%| O|  |TAMS 0x0000000728e00000| PB 0x0000000728e00000| Untracked |  0
|  40|0x0000000729000000, 0x0000000729200000, 0x0000000729200000|100%| O|  |TAMS 0x0000000729000000| PB 0x0000000729000000| Untracked |  0
|  41|0x0000000729200000, 0x0000000729400000, 0x0000000729400000|100%| O|  |TAMS 0x0000000729200000| PB 0x0000000729200000| Untracked |  0
|  42|0x0000000729400000, 0x0000000729600000, 0x0000000729600000|100%| O|  |TAMS 0x0000000729400000| PB 0x0000000729400000| Untracked |  0
|  43|0x0000000729600000, 0x0000000729800000, 0x0000000729800000|100%|HS|  |TAMS 0x0000000729600000| PB 0x0000000729600000| Complete |  0
|  44|0x0000000729800000, 0x0000000729a00000, 0x0000000729a00000|100%| O|  |TAMS 0x0000000729800000| PB 0x0000000729800000| Untracked |  0
|  45|0x0000000729a00000, 0x0000000729c00000, 0x0000000729c00000|100%| O|  |TAMS 0x0000000729a00000| PB 0x0000000729a00000| Untracked |  0
|  46|0x0000000729c00000, 0x0000000729e00000, 0x0000000729e00000|100%| O|  |TAMS 0x0000000729c00000| PB 0x0000000729c00000| Untracked |  0
|  47|0x0000000729e00000, 0x000000072a000000, 0x000000072a000000|100%| O|  |TAMS 0x0000000729e00000| PB 0x0000000729e00000| Untracked |  0
|  48|0x000000072a000000, 0x000000072a200000, 0x000000072a200000|100%| O|  |TAMS 0x000000072a000000| PB 0x000000072a000000| Untracked |  0
|  49|0x000000072a200000, 0x000000072a400000, 0x000000072a400000|100%| O|  |TAMS 0x000000072a200000| PB 0x000000072a200000| Untracked |  0
|  50|0x000000072a400000, 0x000000072a600000, 0x000000072a600000|100%| O|  |TAMS 0x000000072a400000| PB 0x000000072a400000| Untracked |  0
|  51|0x000000072a600000, 0x000000072a800000, 0x000000072a800000|100%| O|  |TAMS 0x000000072a600000| PB 0x000000072a600000| Untracked |  0
|  52|0x000000072a800000, 0x000000072aa00000, 0x000000072aa00000|100%| O|  |TAMS 0x000000072a800000| PB 0x000000072a800000| Untracked |  0
|  53|0x000000072aa00000, 0x000000072ac00000, 0x000000072ac00000|100%| O|  |TAMS 0x000000072aa00000| PB 0x000000072aa00000| Untracked |  0
|  54|0x000000072ac00000, 0x000000072ae00000, 0x000000072ae00000|100%| O|  |TAMS 0x000000072ac00000| PB 0x000000072ac00000| Untracked |  0
|  55|0x000000072ae00000, 0x000000072b000000, 0x000000072b000000|100%| O|Cm|TAMS 0x000000072ae00000| PB 0x000000072ae00000| Complete |  0
|  56|0x000000072b000000, 0x000000072b200000, 0x000000072b200000|100%|HS|  |TAMS 0x000000072b000000| PB 0x000000072b000000| Complete |  0
|  57|0x000000072b200000, 0x000000072b400000, 0x000000072b400000|100%| O|  |TAMS 0x000000072b200000| PB 0x000000072b200000| Untracked |  0
|  58|0x000000072b400000, 0x000000072b600000, 0x000000072b600000|100%| O|  |TAMS 0x000000072b400000| PB 0x000000072b400000| Untracked |  0
|  59|0x000000072b600000, 0x000000072b800000, 0x000000072b800000|100%| O|  |TAMS 0x000000072b600000| PB 0x000000072b600000| Untracked |  0
|  60|0x000000072b800000, 0x000000072ba00000, 0x000000072ba00000|100%| O|Cm|TAMS 0x000000072b800000| PB 0x000000072b800000| Complete |  0
|  61|0x000000072ba00000, 0x000000072bc00000, 0x000000072bc00000|100%| O|  |TAMS 0x000000072ba00000| PB 0x000000072ba00000| Untracked |  0
|  62|0x000000072bc00000, 0x000000072be00000, 0x000000072be00000|100%| O|  |TAMS 0x000000072bc00000| PB 0x000000072bc00000| Untracked |  0
|  63|0x000000072be00000, 0x000000072c000000, 0x000000072c000000|100%| O|  |TAMS 0x000000072be00000| PB 0x000000072be00000| Untracked |  0
|  64|0x000000072c000000, 0x000000072c200000, 0x000000072c200000|100%| O|  |TAMS 0x000000072c000000| PB 0x000000072c000000| Untracked |  0
|  65|0x000000072c200000, 0x000000072c29b3d0, 0x000000072c400000| 30%| O|  |TAMS 0x000000072c200000| PB 0x000000072c200000| Untracked |  0
|  66|0x000000072c400000, 0x000000072c400000, 0x000000072c600000|  0%| F|  |TAMS 0x000000072c400000| PB 0x000000072c400000| Untracked |  0
|  67|0x000000072c600000, 0x000000072c600000, 0x000000072c800000|  0%| F|  |TAMS 0x000000072c600000| PB 0x000000072c600000| Untracked |  0
|  68|0x000000072c800000, 0x000000072c800000, 0x000000072ca00000|  0%| F|  |TAMS 0x000000072c800000| PB 0x000000072c800000| Untracked |  0
|  69|0x000000072ca00000, 0x000000072ca00000, 0x000000072cc00000|  0%| F|  |TAMS 0x000000072ca00000| PB 0x000000072ca00000| Untracked |  0
|  70|0x000000072cc00000, 0x000000072cc00000, 0x000000072ce00000|  0%| F|  |TAMS 0x000000072cc00000| PB 0x000000072cc00000| Untracked |  0
|  71|0x000000072ce00000, 0x000000072ce00000, 0x000000072d000000|  0%| F|  |TAMS 0x000000072ce00000| PB 0x000000072ce00000| Untracked |  0
|  72|0x000000072d000000, 0x000000072d000000, 0x000000072d200000|  0%| F|  |TAMS 0x000000072d000000| PB 0x000000072d000000| Untracked |  0
|  73|0x000000072d200000, 0x000000072d2e0a98, 0x000000072d400000| 43%| S|CS|TAMS 0x000000072d200000| PB 0x000000072d200000| Complete |  0
|  74|0x000000072d400000, 0x000000072d600000, 0x000000072d600000|100%| S|CS|TAMS 0x000000072d400000| PB 0x000000072d400000| Complete |  0
|  75|0x000000072d600000, 0x000000072d800000, 0x000000072d800000|100%| S|CS|TAMS 0x000000072d600000| PB 0x000000072d600000| Complete |  0
|  76|0x000000072d800000, 0x000000072da00000, 0x000000072da00000|100%| S|CS|TAMS 0x000000072d800000| PB 0x000000072d800000| Complete |  0
|  77|0x000000072da00000, 0x000000072da00000, 0x000000072dc00000|  0%| F|  |TAMS 0x000000072da00000| PB 0x000000072da00000| Untracked |  0
|  78|0x000000072dc00000, 0x000000072dc00000, 0x000000072de00000|  0%| F|  |TAMS 0x000000072dc00000| PB 0x000000072dc00000| Untracked |  0
|  79|0x000000072de00000, 0x000000072de00000, 0x000000072e000000|  0%| F|  |TAMS 0x000000072de00000| PB 0x000000072de00000| Untracked |  0
|  80|0x000000072e000000, 0x000000072e000000, 0x000000072e200000|  0%| F|  |TAMS 0x000000072e000000| PB 0x000000072e000000| Untracked |  0
|  81|0x000000072e200000, 0x000000072e200000, 0x000000072e400000|  0%| F|  |TAMS 0x000000072e200000| PB 0x000000072e200000| Untracked |  0
|  82|0x000000072e400000, 0x000000072e400000, 0x000000072e600000|  0%| F|  |TAMS 0x000000072e400000| PB 0x000000072e400000| Untracked |  0
|  83|0x000000072e600000, 0x000000072e600000, 0x000000072e800000|  0%| F|  |TAMS 0x000000072e600000| PB 0x000000072e600000| Untracked |  0
|  84|0x000000072e800000, 0x000000072e800000, 0x000000072ea00000|  0%| F|  |TAMS 0x000000072e800000| PB 0x000000072e800000| Untracked |  0
|  85|0x000000072ea00000, 0x000000072ea00000, 0x000000072ec00000|  0%| F|  |TAMS 0x000000072ea00000| PB 0x000000072ea00000| Untracked |  0
|  86|0x000000072ec00000, 0x000000072ec00000, 0x000000072ee00000|  0%| F|  |TAMS 0x000000072ec00000| PB 0x000000072ec00000| Untracked |  0
|  87|0x000000072ee00000, 0x000000072ee00000, 0x000000072f000000|  0%| F|  |TAMS 0x000000072ee00000| PB 0x000000072ee00000| Untracked |  0
|  88|0x000000072f000000, 0x000000072f000000, 0x000000072f200000|  0%| F|  |TAMS 0x000000072f000000| PB 0x000000072f000000| Untracked |  0
|  89|0x000000072f200000, 0x000000072f200000, 0x000000072f400000|  0%| F|  |TAMS 0x000000072f200000| PB 0x000000072f200000| Untracked |  0
|  90|0x000000072f400000, 0x000000072f400000, 0x000000072f600000|  0%| F|  |TAMS 0x000000072f400000| PB 0x000000072f400000| Untracked |  0
|  91|0x000000072f600000, 0x000000072f600000, 0x000000072f800000|  0%| F|  |TAMS 0x000000072f600000| PB 0x000000072f600000| Untracked |  0
|  92|0x000000072f800000, 0x000000072f800000, 0x000000072fa00000|  0%| F|  |TAMS 0x000000072f800000| PB 0x000000072f800000| Untracked |  0
|  93|0x000000072fa00000, 0x000000072fa00000, 0x000000072fc00000|  0%| F|  |TAMS 0x000000072fa00000| PB 0x000000072fa00000| Untracked |  0
|  94|0x000000072fc00000, 0x000000072fe00000, 0x000000072fe00000|100%| E|CS|TAMS 0x000000072fc00000| PB 0x000000072fc00000| Complete |  0
|  95|0x000000072fe00000, 0x0000000730000000, 0x0000000730000000|100%| E|  |TAMS 0x000000072fe00000| PB 0x000000072fe00000| Complete |  0
|  96|0x0000000730000000, 0x0000000730200000, 0x0000000730200000|100%| E|CS|TAMS 0x0000000730000000| PB 0x0000000730000000| Complete |  0
|  97|0x0000000730200000, 0x0000000730400000, 0x0000000730400000|100%| E|CS|TAMS 0x0000000730200000| PB 0x0000000730200000| Complete |  0
|  98|0x0000000730400000, 0x0000000730600000, 0x0000000730600000|100%| E|CS|TAMS 0x0000000730400000| PB 0x0000000730400000| Complete |  0
|  99|0x0000000730600000, 0x0000000730800000, 0x0000000730800000|100%| E|CS|TAMS 0x0000000730600000| PB 0x0000000730600000| Complete |  0
| 100|0x0000000730800000, 0x0000000730a00000, 0x0000000730a00000|100%| E|CS|TAMS 0x0000000730800000| PB 0x0000000730800000| Complete |  0
| 101|0x0000000730a00000, 0x0000000730a00000, 0x0000000730c00000|  0%| F|  |TAMS 0x0000000730a00000| PB 0x0000000730a00000| Untracked |  0
| 102|0x0000000730c00000, 0x0000000730c00000, 0x0000000730e00000|  0%| F|  |TAMS 0x0000000730c00000| PB 0x0000000730c00000| Untracked |  0
| 103|0x0000000730e00000, 0x0000000730e00000, 0x0000000731000000|  0%| F|  |TAMS 0x0000000730e00000| PB 0x0000000730e00000| Untracked |  0
| 104|0x0000000731000000, 0x0000000731000000, 0x0000000731200000|  0%| F|  |TAMS 0x0000000731000000| PB 0x0000000731000000| Untracked |  0
| 105|0x0000000731200000, 0x0000000731200000, 0x0000000731400000|  0%| F|  |TAMS 0x0000000731200000| PB 0x0000000731200000| Untracked |  0
| 106|0x0000000731400000, 0x0000000731400000, 0x0000000731600000|  0%| F|  |TAMS 0x0000000731400000| PB 0x0000000731400000| Untracked |  0
| 107|0x0000000731600000, 0x0000000731600000, 0x0000000731800000|  0%| F|  |TAMS 0x0000000731600000| PB 0x0000000731600000| Untracked |  0
| 108|0x0000000731800000, 0x0000000731a00000, 0x0000000731a00000|100%| E|CS|TAMS 0x0000000731800000| PB 0x0000000731800000| Complete |  0
| 109|0x0000000731a00000, 0x0000000731c00000, 0x0000000731c00000|100%| E|CS|TAMS 0x0000000731a00000| PB 0x0000000731a00000| Complete |  0
| 110|0x0000000731c00000, 0x0000000731c00000, 0x0000000731e00000|  0%| F|  |TAMS 0x0000000731c00000| PB 0x0000000731c00000| Untracked |  0
| 111|0x0000000731e00000, 0x0000000731e00000, 0x0000000732000000|  0%| F|  |TAMS 0x0000000731e00000| PB 0x0000000731e00000| Untracked |  0
| 112|0x0000000732000000, 0x0000000732000000, 0x0000000732200000|  0%| F|  |TAMS 0x0000000732000000| PB 0x0000000732000000| Untracked |  0
| 113|0x0000000732200000, 0x00000007322ee870, 0x0000000732400000| 46%| E|  |TAMS 0x0000000732200000| PB 0x0000000732200000| Complete |  0
| 114|0x0000000732400000, 0x0000000732600000, 0x0000000732600000|100%| E|CS|TAMS 0x0000000732400000| PB 0x0000000732400000| Complete |  0
| 115|0x0000000732600000, 0x0000000732800000, 0x0000000732800000|100%| E|CS|TAMS 0x0000000732600000| PB 0x0000000732600000| Complete |  0
| 116|0x0000000732800000, 0x0000000732a00000, 0x0000000732a00000|100%| E|CS|TAMS 0x0000000732800000| PB 0x0000000732800000| Complete |  0
| 117|0x0000000732a00000, 0x0000000732c00000, 0x0000000732c00000|100%| E|CS|TAMS 0x0000000732a00000| PB 0x0000000732a00000| Complete |  0
|1759|0x00000007ffe00000, 0x0000000800000000, 0x0000000800000000|100%| O|  |TAMS 0x00000007ffe00000| PB 0x00000007ffe00000| Untracked |  0

Card table byte_map: [0x000001bf9d620000,0x000001bf9dd00000] _byte_map_base: 0x000001bf99d00000

Marking Bits: (CMBitMap*) 0x000001bf84ff8590
 Bits: [0x000001bf9dd00000, 0x000001bfa1400000)

Polling page: 0x000001bf82d30000

Metaspace:

Usage:
  Non-class:     66.67 MB used.
      Class:      8.75 MB used.
       Both:     75.42 MB used.

Virtual space:
  Non-class space:      128.00 MB reserved,      67.25 MB ( 53%) committed,  2 nodes.
      Class space:        1.00 GB reserved,       9.19 MB ( <1%) committed,  1 nodes.
             Both:        1.12 GB reserved,      76.44 MB (  7%) committed. 

Chunk freelists:
   Non-Class:  12.11 MB
       Class:  6.63 MB
        Both:  18.74 MB

MaxMetaspaceSize: unlimited
CompressedClassSpaceSize: 1.00 GB
Initial GC threshold: 21.00 MB
Current GC threshold: 127.19 MB
CDS: on
 - commit_granule_bytes: 65536.
 - commit_granule_words: 8192.
 - virtual_space_node_default_size: 8388608.
 - enlarge_chunks_in_place: 1.
 - use_allocation_guard: 0.


Internal statistics:

num_allocs_failed_limit: 15.
num_arena_births: 1602.
num_arena_deaths: 0.
num_vsnodes_births: 3.
num_vsnodes_deaths: 0.
num_space_committed: 1222.
num_space_uncommitted: 0.
num_chunks_returned_to_freelist: 15.
num_chunks_taken_from_freelist: 4470.
num_chunk_merges: 15.
num_chunk_splits: 3319.
num_chunks_enlarged: 2528.
num_inconsistent_stats: 0.

CodeHeap 'non-profiled nmethods': size=119232Kb used=6626Kb max_used=6729Kb free=112605Kb
 bounds [0x000001bf95250000, 0x000001bf958f0000, 0x000001bf9c6c0000]
CodeHeap 'profiled nmethods': size=119104Kb used=29827Kb max_used=31891Kb free=89276Kb
 bounds [0x000001bf8d6c0000, 0x000001bf8f5f0000, 0x000001bf94b10000]
CodeHeap 'non-nmethods': size=7424Kb used=3430Kb max_used=3499Kb free=3993Kb
 bounds [0x000001bf94b10000, 0x000001bf94e90000, 0x000001bf95250000]
CodeCache: size=245760Kb, used=39883Kb, max_used=42119Kb, free=205874Kb
 total_blobs=14477, nmethods=13703, adapters=673, full_count=0
Compilation: enabled, stopped_count=0, restarted_count=0

Compilation events (20 events):
Event: 46.613 Thread 0x000001bfa43cf480 nmethod 16689 0x000001bf8e221588 code [0x000001bf8e221700, 0x000001bf8e221c68]
Event: 46.613 Thread 0x000001bff40ad6d0 16690       3       org.jetbrains.kotlin.descriptors.impl.TypeParameterDescriptorImpl::addUpperBound (19 bytes)
Event: 46.613 Thread 0x000001bfa43cf480 16691       3       org.jetbrains.kotlin.descriptors.impl.TypeParameterDescriptorImpl::doAddUpperBound (20 bytes)
Event: 46.613 Thread 0x000001bff81852a0 16692       3       org.jetbrains.kotlin.descriptors.impl.TypeParameterDescriptorImpl::setInitialized (10 bytes)
Event: 46.613 Thread 0x000001bff81852a0 nmethod 16692 0x000001bf8d7c5108 code [0x000001bf8d7c5220, 0x000001bf8d7c5370]
Event: 46.613 Thread 0x000001bfa43cf480 nmethod 16691 0x000001bf8d737088 code [0x000001bf8d7371c0, 0x000001bf8d737438]
Event: 46.614 Thread 0x000001bff40ad6d0 nmethod 16690 0x000001bf8dcca188 code [0x000001bf8dcca2e0, 0x000001bf8dcca630]
Event: 46.614 Thread 0x000001bff647aec0 nmethod 16594 0x000001bf95514488 code [0x000001bf95514600, 0x000001bf95514c88]
Event: 46.614 Thread 0x000001bff647aec0 16598       4       org.jetbrains.kotlin.metadata.jvm.JvmProtoBuf$JvmPropertySignature::initFields (36 bytes)
Event: 46.615 Thread 0x000001bfa43cf480 16693       3       org.jetbrains.kotlin.psi.KtParameter::<init> (14 bytes)
Event: 46.615 Thread 0x000001bfa43cf480 nmethod 16693 0x000001bf8dce7e88 code [0x000001bf8dce8040, 0x000001bf8dce86b0]
Event: 46.618 Thread 0x000001bff647aec0 nmethod 16598 0x000001bf95513e08 code [0x000001bf95513f20, 0x000001bf95514418]
Event: 46.618 Thread 0x000001bff647aec0 16694       4       java.util.regex.Pattern$SliceU::match (99 bytes)
Event: 46.619 Thread 0x000001bfa43cf480 16697 %     3       org.javacs.kt.position.PositionKt::offset @ 66 (162 bytes)
Event: 46.620 Thread 0x000001bfa43cf480 nmethod 16697% 0x000001bf8e26ff88 code [0x000001bf8e270220, 0x000001bf8e2712a8]
Event: 46.620 Thread 0x000001bff40ad6d0 16698       3       org.javacs.kt.position.PositionKt::offset (162 bytes)
Event: 46.620 Thread 0x000001bfa43cf480 16699       3       org.javacs.kt.SourcePath$SourceFile::parseIfChanged (31 bytes)
Event: 46.620 Thread 0x000001bfa43cf480 nmethod 16699 0x000001bf8da85a08 code [0x000001bf8da85b60, 0x000001bf8da85f20]
Event: 46.621 Thread 0x000001bff40ad6d0 nmethod 16698 0x000001bf8ded7108 code [0x000001bf8ded7380, 0x000001bf8ded82d0]
Event: 46.626 Thread 0x000001bff81852a0 16700       3       org.javacs.kt.inlayhints.InlayHintKt::lambdaValueParamHints (210 bytes)

GC Heap History (20 events):
Event: 36.236 GC heap before
{Heap before GC invocations=62 (full 0):
 garbage-first heap   total reserved 3604480K, committed 147456K, used 130665K [0x0000000724000000, 0x0000000800000000)
  region size 2048K, 20 young (40960K), 3 survivors (6144K)
 Metaspace       used 74291K, committed 75264K, reserved 1179648K
  class space    used 8803K, committed 9280K, reserved 1048576K
}
Event: 36.241 GC heap after
{Heap after GC invocations=63 (full 0):
 garbage-first heap   total reserved 3604480K, committed 147456K, used 102220K [0x0000000724000000, 0x0000000800000000)
  region size 2048K, 3 young (6144K), 3 survivors (6144K)
 Metaspace       used 74291K, committed 75264K, reserved 1179648K
  class space    used 8803K, committed 9280K, reserved 1048576K
}
Event: 37.750 GC heap before
{Heap before GC invocations=64 (full 0):
 garbage-first heap   total reserved 3604480K, committed 172032K, used 130892K [0x0000000724000000, 0x0000000800000000)
  region size 2048K, 17 young (34816K), 3 survivors (6144K)
 Metaspace       used 75327K, committed 76352K, reserved 1179648K
  class space    used 8861K, committed 9344K, reserved 1048576K
}
Event: 37.755 GC heap after
{Heap after GC invocations=65 (full 0):
 garbage-first heap   total reserved 3604480K, committed 172032K, used 105505K [0x0000000724000000, 0x0000000800000000)
  region size 2048K, 2 young (4096K), 2 survivors (4096K)
 Metaspace       used 75327K, committed 76352K, reserved 1179648K
  class space    used 8861K, committed 9344K, reserved 1048576K
}
Event: 42.870 GC heap before
{Heap before GC invocations=65 (full 0):
 garbage-first heap   total reserved 3604480K, committed 172032K, used 150561K [0x0000000724000000, 0x0000000800000000)
  region size 2048K, 24 young (49152K), 2 survivors (4096K)
 Metaspace       used 75929K, committed 76928K, reserved 1179648K
  class space    used 8873K, committed 9344K, reserved 1048576K
}
Event: 42.876 GC heap after
{Heap after GC invocations=66 (full 0):
 garbage-first heap   total reserved 3604480K, committed 172032K, used 107060K [0x0000000724000000, 0x0000000800000000)
  region size 2048K, 3 young (6144K), 3 survivors (6144K)
 Metaspace       used 75929K, committed 76928K, reserved 1179648K
  class space    used 8873K, committed 9344K, reserved 1048576K
}
Event: 43.425 GC heap before
{Heap before GC invocations=66 (full 0):
 garbage-first heap   total reserved 3604480K, committed 172032K, used 123444K [0x0000000724000000, 0x0000000800000000)
  region size 2048K, 12 young (24576K), 3 survivors (6144K)
 Metaspace       used 76054K, committed 77056K, reserved 1179648K
  class space    used 8876K, committed 9344K, reserved 1048576K
}
Event: 43.429 GC heap after
{Heap after GC invocations=67 (full 0):
 garbage-first heap   total reserved 3604480K, committed 172032K, used 109371K [0x0000000724000000, 0x0000000800000000)
  region size 2048K, 3 young (6144K), 3 survivors (6144K)
 Metaspace       used 76054K, committed 77056K, reserved 1179648K
  class space    used 8876K, committed 9344K, reserved 1048576K
}
Event: 45.346 GC heap before
{Heap before GC invocations=68 (full 0):
 garbage-first heap   total reserved 3604480K, committed 188416K, used 154427K [0x0000000724000000, 0x0000000800000000)
  region size 2048K, 24 young (49152K), 3 survivors (6144K)
 Metaspace       used 76584K, committed 77568K, reserved 1179648K
  class space    used 8919K, committed 9408K, reserved 1048576K
}
Event: 45.349 GC heap after
{Heap after GC invocations=69 (full 0):
 garbage-first heap   total reserved 3604480K, committed 188416K, used 114253K [0x0000000724000000, 0x0000000800000000)
  region size 2048K, 3 young (6144K), 3 survivors (6144K)
 Metaspace       used 76584K, committed 77568K, reserved 1179648K
  class space    used 8919K, committed 9408K, reserved 1048576K
}
Event: 45.641 GC heap before
{Heap before GC invocations=69 (full 0):
 garbage-first heap   total reserved 3604480K, committed 188416K, used 163405K [0x0000000724000000, 0x0000000800000000)
  region size 2048K, 28 young (57344K), 3 survivors (6144K)
 Metaspace       used 76937K, committed 77888K, reserved 1179648K
  class space    used 8944K, committed 9408K, reserved 1048576K
}
Event: 45.647 GC heap after
{Heap after GC invocations=70 (full 0):
 garbage-first heap   total reserved 3604480K, committed 188416K, used 116680K [0x0000000724000000, 0x0000000800000000)
  region size 2048K, 4 young (8192K), 4 survivors (8192K)
 Metaspace       used 76937K, committed 77888K, reserved 1179648K
  class space    used 8944K, committed 9408K, reserved 1048576K
}
Event: 45.793 GC heap before
{Heap before GC invocations=70 (full 0):
 garbage-first heap   total reserved 3604480K, committed 188416K, used 153544K [0x0000000724000000, 0x0000000800000000)
  region size 2048K, 23 young (47104K), 4 survivors (8192K)
 Metaspace       used 77091K, committed 78080K, reserved 1179648K
  class space    used 8960K, committed 9408K, reserved 1048576K
}
Event: 45.798 GC heap after
{Heap after GC invocations=71 (full 0):
 garbage-first heap   total reserved 3604480K, committed 188416K, used 123528K [0x0000000724000000, 0x0000000800000000)
  region size 2048K, 4 young (8192K), 4 survivors (8192K)
 Metaspace       used 77091K, committed 78080K, reserved 1179648K
  class space    used 8960K, committed 9408K, reserved 1048576K
}
Event: 46.057 GC heap before
{Heap before GC invocations=72 (full 0):
 garbage-first heap   total reserved 3604480K, committed 212992K, used 168584K [0x0000000724000000, 0x0000000800000000)
  region size 2048K, 25 young (51200K), 4 survivors (8192K)
 Metaspace       used 77099K, committed 78144K, reserved 1179648K
  class space    used 8961K, committed 9408K, reserved 1048576K
}
Event: 46.061 GC heap after
{Heap after GC invocations=73 (full 0):
 garbage-first heap   total reserved 3604480K, committed 212992K, used 130867K [0x0000000724000000, 0x0000000800000000)
  region size 2048K, 3 young (6144K), 3 survivors (6144K)
 Metaspace       used 77099K, committed 78144K, reserved 1179648K
  class space    used 8961K, committed 9408K, reserved 1048576K
}
Event: 46.232 GC heap before
{Heap before GC invocations=73 (full 0):
 garbage-first heap   total reserved 3604480K, committed 212992K, used 186163K [0x0000000724000000, 0x0000000800000000)
  region size 2048K, 30 young (61440K), 3 survivors (6144K)
 Metaspace       used 77099K, committed 78144K, reserved 1179648K
  class space    used 8961K, committed 9408K, reserved 1048576K
}
Event: 46.237 GC heap after
{Heap after GC invocations=74 (full 0):
 garbage-first heap   total reserved 3604480K, committed 212992K, used 135619K [0x0000000724000000, 0x0000000800000000)
  region size 2048K, 3 young (6144K), 3 survivors (6144K)
 Metaspace       used 77099K, committed 78144K, reserved 1179648K
  class space    used 8961K, committed 9408K, reserved 1048576K
}
Event: 46.386 GC heap before
{Heap before GC invocations=74 (full 0):
 garbage-first heap   total reserved 3604480K, committed 212992K, used 186819K [0x0000000724000000, 0x0000000800000000)
  region size 2048K, 29 young (59392K), 3 survivors (6144K)
 Metaspace       used 77129K, committed 78144K, reserved 1179648K
  class space    used 8961K, committed 9408K, reserved 1048576K
}
Event: 46.390 GC heap after
{Heap after GC invocations=75 (full 0):
 garbage-first heap   total reserved 3604480K, committed 212992K, used 142831K [0x0000000724000000, 0x0000000800000000)
  region size 2048K, 4 young (8192K), 4 survivors (8192K)
 Metaspace       used 77129K, committed 78144K, reserved 1179648K
  class space    used 8961K, committed 9408K, reserved 1048576K
}

Dll operation events (8 events):
Event: 0.016 Loaded shared library C:\Program Files\Java\jdk-23\bin\java.dll
Event: 0.053 Loaded shared library C:\Program Files\Java\jdk-23\bin\jsvml.dll
Event: 0.125 Loaded shared library C:\Program Files\Java\jdk-23\bin\net.dll
Event: 0.129 Loaded shared library C:\Program Files\Java\jdk-23\bin\nio.dll
Event: 0.136 Loaded shared library C:\Program Files\Java\jdk-23\bin\zip.dll
Event: 0.276 Loaded shared library C:\Program Files\Java\jdk-23\bin\jimage.dll
Event: 3.113 Loaded shared library C:\Program Files\Java\jdk-23\bin\verify.dll
Event: 6.144 Loaded shared library C:\Users\Haqii\AppData\Local\Temp\sqlite-3.41.2.1-a395e1bc-f986-4236-8428-5488fd19e943-sqlitejdbc.dll

Deoptimization events (20 events):
Event: 46.516 Thread 0x000001bff5f4e420 Uncommon trap: trap_request=0xffffff45 fr.pc=0x000001bf957d0788 relative=0x0000000000000828
Event: 46.516 Thread 0x000001bff5f4e420 Uncommon trap: reason=unstable_if action=reinterpret pc=0x000001bf957d0788 method=org.jetbrains.kotlin.storage.LockBasedStorageManager$MapBasedMemoizedFunction.invoke(Ljava/lang/Object;)Ljava/lang/Object; @ 139 c2
Event: 46.516 Thread 0x000001bff5f4e420 DEOPT PACKING pc=0x000001bf957d0788 sp=0x000000a69d7fe2a0
Event: 46.516 Thread 0x000001bff5f4e420 DEOPT UNPACKING pc=0x000001bf94b64402 sp=0x000000a69d7fe240 mode 2
Event: 46.520 Thread 0x000001bff5f4e420 DEOPT PACKING pc=0x000001bf8df2f710 sp=0x000000a69d7fc610
Event: 46.520 Thread 0x000001bff5f4e420 DEOPT UNPACKING pc=0x000001bf94b64b22 sp=0x000000a69d7fbb28 mode 0
Event: 46.525 Thread 0x000001bff4903450 Uncommon trap: trap_request=0xffffff45 fr.pc=0x000001bf95700330 relative=0x0000000000000530
Event: 46.525 Thread 0x000001bff4903450 Uncommon trap: reason=unstable_if action=reinterpret pc=0x000001bf95700330 method=java.util.concurrent.locks.ReentrantLock$Sync.tryLockNanos(J)Z @ 18 c2
Event: 46.525 Thread 0x000001bff4903450 DEOPT PACKING pc=0x000001bf95700330 sp=0x000000a69d9fe450
Event: 46.525 Thread 0x000001bff4903450 DEOPT UNPACKING pc=0x000001bf94b64402 sp=0x000000a69d9fe2c0 mode 2
Event: 46.570 Thread 0x000001bff4903450 Uncommon trap: trap_request=0xffffffc6 fr.pc=0x000001bf9577100c relative=0x0000000000000f0c
Event: 46.570 Thread 0x000001bff4903450 Uncommon trap: reason=bimorphic_or_optimized_type_check action=maybe_recompile pc=0x000001bf9577100c method=org.jetbrains.kotlin.types.expressions.DataFlowAnalyzer.recordExpectedType(Lorg/jetbrains/kotlin/resolve/BindingTrace;Lorg/jetbrains/kotlin/psi/KtE
Event: 46.570 Thread 0x000001bff4903450 DEOPT PACKING pc=0x000001bf9577100c sp=0x000000a69d9fcee0
Event: 46.570 Thread 0x000001bff4903450 DEOPT UNPACKING pc=0x000001bf94b64402 sp=0x000000a69d9fce08 mode 2
Event: 46.584 Thread 0x000001bff5f4e420 DEOPT PACKING pc=0x000001bf8df2f710 sp=0x000000a69d7fc500
Event: 46.584 Thread 0x000001bff5f4e420 DEOPT UNPACKING pc=0x000001bf94b64b22 sp=0x000000a69d7fba10 mode 0
Event: 46.596 Thread 0x000001bff4903450 Uncommon trap: trap_request=0xffffffc6 fr.pc=0x000001bf9577100c relative=0x0000000000000f0c
Event: 46.596 Thread 0x000001bff4903450 Uncommon trap: reason=bimorphic_or_optimized_type_check action=maybe_recompile pc=0x000001bf9577100c method=org.jetbrains.kotlin.types.expressions.DataFlowAnalyzer.recordExpectedType(Lorg/jetbrains/kotlin/resolve/BindingTrace;Lorg/jetbrains/kotlin/psi/KtE
Event: 46.596 Thread 0x000001bff4903450 DEOPT PACKING pc=0x000001bf9577100c sp=0x000000a69d9fcee0
Event: 46.596 Thread 0x000001bff4903450 DEOPT UNPACKING pc=0x000001bf94b64402 sp=0x000000a69d9fce08 mode 2

Classes loaded (20 events):
Event: 32.386 Loading class sun/util/logging/resources/logging_en
Event: 32.386 Loading class sun/util/logging/resources/logging_en done
Event: 32.386 Loading class sun/util/logging/resources/logging_en_ID
Event: 32.386 Loading class sun/util/logging/resources/logging_en_ID done
Event: 32.386 Loading class sun/util/logging/resources/logging_en_ID
Event: 32.386 Loading class sun/util/logging/resources/logging_en_ID done
Event: 32.387 Loading class java/util/Formatter$DateTime
Event: 32.387 Loading class java/util/Formatter$DateTime done
Event: 32.387 Loading class java/time/ZonedDateTime$1
Event: 32.387 Loading class java/time/ZonedDateTime$1 done
Event: 32.409 Loading class java/lang/Throwable$WrappedPrintStream
Event: 32.409 Loading class java/lang/Throwable$WrappedPrintStream done
Event: 33.871 Loading class java/util/concurrent/CompletionException
Event: 33.871 Loading class java/util/concurrent/CompletionException done
Event: 45.246 Loading class java/util/function/IntBinaryOperator
Event: 45.246 Loading class java/util/function/IntBinaryOperator done
Event: 45.487 Loading class java/util/concurrent/CompletableFuture$AsyncRun
Event: 45.487 Loading class java/util/concurrent/CompletableFuture$AsyncRun done
Event: 45.588 Loading class java/util/concurrent/locks/ReentrantReadWriteLock$Sync$HoldCounter
Event: 45.588 Loading class java/util/concurrent/locks/ReentrantReadWriteLock$Sync$HoldCounter done

Classes unloaded (0 events):
No events

Classes redefined (0 events):
No events

Internal exceptions (20 events):
Event: 31.841 Thread 0x000001bff5f518a0 Implicit null exception at 0x000001bf95696038 to 0x000001bf95696588
Event: 32.371 Thread 0x000001bfeb22fe10 Exception <a 'java/lang/IncompatibleClassChangeError'{0x000000072c0672c0}: Found class java.lang.Object, but interface was expected> (0x000000072c0672c0) 
thrown [s\open\src\hotspot\share\interpreter\linkResolver.cpp, line 863]
Event: 32.379 Thread 0x000001bfeb22fe10 Implicit null exception at 0x000001bf955a6241 to 0x000001bf955a6390
Event: 32.385 Thread 0x000001bfeb22fe10 Exception <a 'java/lang/ClassNotFoundException'{0x000000072c07fb68}: sun/util/logging/resources/spi/loggingProvider> (0x000000072c07fb68) 
thrown [s\open\src\hotspot\share\classfile\systemDictionary.cpp, line 313]
Event: 33.961 Thread 0x000001bff5f518a0 Exception <a 'java/lang/NoSuchMethodError'{0x000000072baa01d0}: 'java.lang.Object java.lang.invoke.DirectMethodHandle$Holder.invokeStatic(java.lang.Object, int, java.lang.Object)'> (0x000000072baa01d0) 
thrown [s\open\src\hotspot\share\interpreter\linkResolver.cpp, line 796]
Event: 33.971 Thread 0x000001bff5f518a0 Exception <a 'java/lang/NoSuchMethodError'{0x000000072bac4290}: 'java.lang.Object java.lang.invoke.DirectMethodHandle$Holder.invokeStatic(java.lang.Object, int, java.lang.Object, java.lang.Object)'> (0x000000072bac4290) 
thrown [s\open\src\hotspot\share\interpreter\linkResolver.cpp, line 796]
Event: 33.972 Thread 0x000001bff5f518a0 Exception <a 'java/lang/NoSuchMethodError'{0x000000072bacbec0}: 'java.lang.Object java.lang.invoke.DirectMethodHandle$Holder.newInvokeSpecial(java.lang.Object, int, java.lang.Object)'> (0x000000072bacbec0) 
thrown [s\open\src\hotspot\share\interpreter\linkResolver.cpp, line 796]
Event: 34.840 Thread 0x000001bff5f518a0 Exception <a 'java/lang/NoSuchMethodError'{0x00000007318803e8}: 'java.lang.Object java.lang.invoke.DirectMethodHandle$Holder.invokeSpecial(java.lang.Object, java.lang.Object, java.lang.Object, java.lang.Object, java.lang.Object, java.lang.Object, int)'> (0x00000007318803e8) 
thrown [s\open\src\hotspot\share\interpreter\linkResolver.cpp, line 796]
Event: 34.845 Thread 0x000001bff5f518a0 Exception <a 'java/lang/NoSuchMethodError'{0x0000000731899310}: 'java.lang.Object java.lang.invoke.DirectMethodHandle$Holder.newInvokeSpecial(java.lang.Object, java.lang.Object, java.lang.Object, java.lang.Object, java.lang.Object, java.lang.Object, java.lang.Object, int, java.lang.Object)'> (0x0000000731899310) 
thrown [s\open\src\hotspot\share\interpreter\linkResolver.cpp, line 796]
Event: 35.626 Thread 0x000001bff5f518a0 Exception <a 'java/lang/NoSuchMethodError'{0x000000072bde2308}: 'java.lang.Object java.lang.invoke.DirectMethodHandle$Holder.invokeStatic(java.lang.Object, java.lang.Object, java.lang.Object, java.lang.Object, java.lang.Object, java.lang.Object, java.lang.Object, java.lang.Object, int)'> (0x000000072bde2308) 
thrown [s\open\src\hotspot\share\interpreter\linkResolver.cpp, line 796]
Event: 35.626 Thread 0x000001bff5f518a0 Exception <a 'java/lang/NoSuchMethodError'{0x000000072bdebbe8}: 'java.lang.Object java.lang.invoke.DirectMethodHandle$Holder.newInvokeSpecial(java.lang.Object, java.lang.Object, java.lang.Object, java.lang.Object, java.lang.Object, java.lang.Object, java.lang.Object, java.lang.Object, int)'> (0x000000072bdebbe8) 
thrown [s\open\src\hotspot\share\interpreter\linkResolver.cpp, line 796]
Event: 35.627 Thread 0x000001bff5f518a0 Exception <a 'java/lang/NoSuchMethodError'{0x000000072bdf05e0}: 'java.lang.Object java.lang.invoke.DirectMethodHandle$Holder.invokeSpecial(java.lang.Object, java.lang.Object, java.lang.Object, java.lang.Object, java.lang.Object, java.lang.Object, java.lang.Object, java.lang.Object, java.lang.Object, int)'> (0x000000072bdf05e0) 
thrown [s\open\src\hotspot\share\interpreter\linkResolver.cpp, line 796]
Event: 35.627 Thread 0x000001bff5f518a0 Exception <a 'java/lang/NoSuchMethodError'{0x000000072bdf4a80}: 'java.lang.Object java.lang.invoke.Invokers$Holder.linkToTargetMethod(java.lang.Object, java.lang.Object, java.lang.Object, java.lang.Object, java.lang.Object, java.lang.Object, java.lang.Object, int, java.lang.Object)'> (0x000000072bdf4a80) 
thrown [s\open\src\hotspot\share\interpreter\linkResolver.cpp, line 796]
Event: 36.196 Thread 0x000001bff5f518a0 Exception <a 'java/lang/NoSuchMethodError'{0x000000072ad216d8}: 'java.lang.Object java.lang.invoke.DirectMethodHandle$Holder.newInvokeSpecial(java.lang.Object, java.lang.Object, java.lang.Object, java.lang.Object, int, int)'> (0x000000072ad216d8) 
thrown [s\open\src\hotspot\share\interpreter\linkResolver.cpp, line 796]
Event: 37.206 Thread 0x000001bff5f518a0 Implicit null exception at 0x000001bf9550787d to 0x000001bf95507ae0
Event: 45.247 Thread 0x000001bff5f518a0 Exception <a 'java/lang/NoSuchMethodError'{0x000000072d6cd1a8}: 'int java.lang.invoke.DirectMethodHandle$Holder.invokeStatic(java.lang.Object, java.lang.Object, int, java.lang.Object)'> (0x000000072d6cd1a8) 
thrown [s\open\src\hotspot\share\interpreter\linkResolver.cpp, line 796]
Event: 45.254 Thread 0x000001bff5f518a0 Exception <a 'java/lang/IncompatibleClassChangeError'{0x000000072d7333a8}: Found class java.lang.Object, but interface was expected> (0x000000072d7333a8) 
thrown [s\open\src\hotspot\share\interpreter\linkResolver.cpp, line 863]
Event: 45.254 Thread 0x000001bff5f518a0 Exception <a 'java/lang/NoSuchMethodError'{0x000000072d7361c0}: 'int java.lang.invoke.DirectMethodHandle$Holder.invokeSpecialIFC(java.lang.Object, java.lang.Object, java.lang.Object)'> (0x000000072d7361c0) 
thrown [s\open\src\hotspot\share\interpreter\linkResolver.cpp, line 796]
Event: 45.588 Thread 0x000001bff4903450 Implicit null exception at 0x000001bf9579622f to 0x000001bf957987f4
Event: 45.695 Thread 0x000001bff4903450 Implicit null exception at 0x000001bf957bab47 to 0x000001bf957bc940

VM Operations (20 events):
Event: 45.345 Executing VM operation: G1CollectForAllocation (G1 Evacuation Pause)
Event: 45.349 Executing VM operation: G1CollectForAllocation (G1 Evacuation Pause) done
Event: 45.641 Executing VM operation: G1CollectForAllocation (G1 Evacuation Pause)
Event: 45.647 Executing VM operation: G1CollectForAllocation (G1 Evacuation Pause) done
Event: 45.793 Executing VM operation: G1TryInitiateConcMark (G1 Humongous Allocation)
Event: 45.798 Executing VM operation: G1TryInitiateConcMark (G1 Humongous Allocation) done
Event: 45.874 Executing VM operation: G1PauseRemark
Event: 45.881 Executing VM operation: G1PauseRemark done
Event: 45.902 Executing VM operation: G1PauseCleanup
Event: 45.902 Executing VM operation: G1PauseCleanup done
Event: 46.057 Executing VM operation: G1CollectForAllocation (G1 Evacuation Pause)
Event: 46.061 Executing VM operation: G1CollectForAllocation (G1 Evacuation Pause) done
Event: 46.232 Executing VM operation: G1CollectForAllocation (G1 Evacuation Pause)
Event: 46.237 Executing VM operation: G1CollectForAllocation (G1 Evacuation Pause) done
Event: 46.386 Executing VM operation: G1CollectForAllocation (G1 Evacuation Pause)
Event: 46.390 Executing VM operation: G1CollectForAllocation (G1 Evacuation Pause) done
Event: 46.497 Executing VM operation: G1PauseRemark
Event: 46.505 Executing VM operation: G1PauseRemark done
Event: 46.531 Executing VM operation: G1PauseCleanup
Event: 46.531 Executing VM operation: G1PauseCleanup done

Memory protections (0 events):
No events

Nmethod flushes (20 events):
Event: 46.504 Thread 0x000001bfa4391540 flushing  nmethod 0x000001bf8f526288
Event: 46.504 Thread 0x000001bfa4391540 flushing  nmethod 0x000001bf8f527188
Event: 46.504 Thread 0x000001bfa4391540 flushing  nmethod 0x000001bf8f527d88
Event: 46.504 Thread 0x000001bfa4391540 flushing  nmethod 0x000001bf955e6808
Event: 46.504 Thread 0x000001bfa4391540 flushing  nmethod 0x000001bf95714508
Event: 46.504 Thread 0x000001bfa4391540 flushing  nmethod 0x000001bf957ec408
Event: 46.504 Thread 0x000001bfa4391540 flushing  nmethod 0x000001bf8d6f3f08
Event: 46.504 Thread 0x000001bfa4391540 flushing  nmethod 0x000001bf8d6f4408
Event: 46.504 Thread 0x000001bfa4391540 flushing  nmethod 0x000001bf8d822708
Event: 46.504 Thread 0x000001bfa4391540 flushing  nmethod 0x000001bf8d8b0888
Event: 46.504 Thread 0x000001bfa4391540 flushing  nmethod 0x000001bf8da9bd88
Event: 46.504 Thread 0x000001bfa4391540 flushing  nmethod 0x000001bf8db51208
Event: 46.504 Thread 0x000001bfa4391540 flushing  nmethod 0x000001bf8e423588
Event: 46.504 Thread 0x000001bfa4391540 flushing  nmethod 0x000001bf8e424d08
Event: 46.504 Thread 0x000001bfa4391540 flushing  nmethod 0x000001bf8e92a988
Event: 46.504 Thread 0x000001bfa4391540 flushing  nmethod 0x000001bf8e92fc08
Event: 46.504 Thread 0x000001bfa4391540 flushing  nmethod 0x000001bf8e9ae288
Event: 46.504 Thread 0x000001bfa4391540 flushing  nmethod 0x000001bf8ea77108
Event: 46.504 Thread 0x000001bfa4391540 flushing  nmethod 0x000001bf8ebc6708
Event: 46.504 Thread 0x000001bfa4391540 flushing  nmethod 0x000001bf8ebd0408

Events (20 events):
Event: 29.849 Thread 0x000001bff40ad6d0 Thread added: 0x000001bff647b590
Event: 30.652 Thread 0x000001bff647b590 Thread exited: 0x000001bff647b590
Event: 31.044 Thread 0x000001bfa43cf480 Thread added: 0x000001bff647b590
Event: 31.440 Thread 0x000001bff40add90 Thread added: 0x000001bff647a7f0
Event: 32.317 Thread 0x000001bff647a7f0 Thread exited: 0x000001bff647a7f0
Event: 32.373 Thread 0x000001bff647b590 Thread exited: 0x000001bff647b590
Event: 33.873 Thread 0x000001bff4d0d4b0 Thread added: 0x000001bff647b590
Event: 34.027 Thread 0x000001bfa43cf480 Thread added: 0x000001bff647f2e0
Event: 36.316 Thread 0x000001bff647f2e0 Thread exited: 0x000001bff647f2e0
Event: 38.654 Thread 0x000001bff647b590 Thread exited: 0x000001bff647b590
Event: 39.503 Thread 0x000001bff4d0d4b0 Thread exited: 0x000001bff4d0d4b0
Event: 41.397 Thread 0x000001bff40ad6d0 Thread added: 0x000001bff8186710
Event: 43.096 Thread 0x000001bff40ad6d0 Thread added: 0x000001bff81852a0
Event: 43.695 Thread 0x000001bfa43cf480 Thread added: 0x000001bff647aec0
Event: 44.390 Thread 0x000001bff647aec0 Thread exited: 0x000001bff647aec0
Event: 44.390 Thread 0x000001bff8186710 Thread exited: 0x000001bff8186710
Event: 44.974 Thread 0x000001bfa43cc240 Thread added: 0x000001bff647aec0
Event: 45.304 Thread 0x000001bfa43cf480 Thread added: 0x000001bff7461de0
Event: 45.488 Thread 0x000001bff5f518a0 Thread added: 0x000001bff5f4e420
Event: 45.503 Thread 0x000001bff40ad6d0 Thread added: 0x000001bff74646c0


Dynamic libraries:
0x00007ff6ec6e0000 - 0x00007ff6ec6f0000 	C:\Program Files\Java\jdk-23\bin\java.exe
0x00007ffc23ee0000 - 0x00007ffc24148000 	C:\WINDOWS\SYSTEM32\ntdll.dll
0x00007ffc21e70000 - 0x00007ffc21f39000 	C:\WINDOWS\System32\KERNEL32.DLL
0x00007ffc21290000 - 0x00007ffc21688000 	C:\WINDOWS\System32\KERNELBASE.dll
0x00007ffc21740000 - 0x00007ffc2188b000 	C:\WINDOWS\System32\ucrtbase.dll
0x00007ffbd3ce0000 - 0x00007ffbd3cfb000 	C:\Program Files\Java\jdk-23\bin\VCRUNTIME140.dll
0x00007ffbd3cc0000 - 0x00007ffbd3cd7000 	C:\Program Files\Java\jdk-23\bin\jli.dll
0x00007ffc234a0000 - 0x00007ffc23667000 	C:\WINDOWS\System32\USER32.dll
0x00007ffc0ffe0000 - 0x00007ffc10274000 	C:\WINDOWS\WinSxS\amd64_microsoft.windows.common-controls_6595b64144ccf1df_6.0.26100.7019_none_3e06ffa0e335b8a8\COMCTL32.dll
0x00007ffc21030000 - 0x00007ffc21057000 	C:\WINDOWS\System32\win32u.dll
0x00007ffc23910000 - 0x00007ffc239b9000 	C:\WINDOWS\System32\msvcrt.dll
0x00007ffc22bb0000 - 0x00007ffc22bdb000 	C:\WINDOWS\System32\GDI32.dll
0x00007ffc21890000 - 0x00007ffc219bc000 	C:\WINDOWS\System32\gdi32full.dll
0x00007ffc219c0000 - 0x00007ffc21a63000 	C:\WINDOWS\System32\msvcp_win.dll
0x00007ffc23e60000 - 0x00007ffc23e91000 	C:\WINDOWS\System32\IMM32.DLL
0x00007ffbf6450000 - 0x00007ffbf645c000 	C:\Program Files\Java\jdk-23\bin\vcruntime140_1.dll
0x00007ffbd1ac0000 - 0x00007ffbd1b4e000 	C:\Program Files\Java\jdk-23\bin\msvcp140.dll
0x00007ffb376c0000 - 0x00007ffb3840f000 	C:\Program Files\Java\jdk-23\bin\server\jvm.dll
0x00007ffc228c0000 - 0x00007ffc22974000 	C:\WINDOWS\System32\ADVAPI32.dll
0x00007ffc22c40000 - 0x00007ffc22ce6000 	C:\WINDOWS\System32\sechost.dll
0x00007ffc226a0000 - 0x00007ffc227b8000 	C:\WINDOWS\System32\RPCRT4.dll
0x00007ffc23890000 - 0x00007ffc23904000 	C:\WINDOWS\System32\WS2_32.dll
0x00007ffc20eb0000 - 0x00007ffc20f0e000 	C:\WINDOWS\SYSTEM32\POWRPROF.dll
0x00007ffc13dc0000 - 0x00007ffc13dcb000 	C:\WINDOWS\SYSTEM32\VERSION.dll
0x00007ffc14010000 - 0x00007ffc14045000 	C:\WINDOWS\SYSTEM32\WINMM.dll
0x00007ffc20e90000 - 0x00007ffc20ea4000 	C:\WINDOWS\SYSTEM32\UMPDC.dll
0x00007ffc1fdf0000 - 0x00007ffc1fe0b000 	C:\WINDOWS\SYSTEM32\kernel.appcore.dll
0x00007ffbdc430000 - 0x00007ffbdc43a000 	C:\Program Files\Java\jdk-23\bin\jimage.dll
0x00007ffc1a8e0000 - 0x00007ffc1ab22000 	C:\WINDOWS\SYSTEM32\DBGHELP.DLL
0x00007ffc22210000 - 0x00007ffc2259b000 	C:\WINDOWS\System32\combase.dll
0x00007ffc225b0000 - 0x00007ffc22687000 	C:\WINDOWS\System32\OLEAUT32.dll
0x00007ffc0a390000 - 0x00007ffc0a3cc000 	C:\WINDOWS\SYSTEM32\dbgcore.DLL
0x00007ffc21690000 - 0x00007ffc21735000 	C:\WINDOWS\System32\bcryptPrimitives.dll
0x00007ffbd3ba0000 - 0x00007ffbd3bbe000 	C:\Program Files\Java\jdk-23\bin\java.dll
0x00007ffc22a10000 - 0x00007ffc22ba7000 	C:\WINDOWS\System32\ole32.dll
0x00007ffc22d40000 - 0x00007ffc2348f000 	C:\WINDOWS\System32\SHELL32.dll
0x00007ffc21060000 - 0x00007ffc211cb000 	C:\WINDOWS\System32\wintypes.dll
0x00007ffc1ec90000 - 0x00007ffc1f4ed000 	C:\WINDOWS\SYSTEM32\windows.storage.dll
0x00007ffc227c0000 - 0x00007ffc228b2000 	C:\WINDOWS\System32\SHCORE.dll
0x00007ffc21f40000 - 0x00007ffc21fa7000 	C:\WINDOWS\System32\shlwapi.dll
0x00007ffc20f50000 - 0x00007ffc20f79000 	C:\WINDOWS\SYSTEM32\profapi.dll
0x00007ffbcc090000 - 0x00007ffbcc167000 	C:\Program Files\Java\jdk-23\bin\jsvml.dll
0x00007ffbdc200000 - 0x00007ffbdc210000 	C:\Program Files\Java\jdk-23\bin\net.dll
0x00007ffc20360000 - 0x00007ffc203cb000 	C:\WINDOWS\system32\mswsock.dll
0x00007ffbd08a0000 - 0x00007ffbd08b6000 	C:\Program Files\Java\jdk-23\bin\nio.dll
0x00007ffbd0040000 - 0x00007ffbd0057000 	C:\Program Files\Java\jdk-23\bin\zip.dll
0x00007ffc20630000 - 0x00007ffc2064b000 	C:\WINDOWS\SYSTEM32\CRYPTSP.dll
0x00007ffc1fd50000 - 0x00007ffc1fd8a000 	C:\WINDOWS\system32\rsaenh.dll
0x00007ffc20410000 - 0x00007ffc2043b000 	C:\WINDOWS\SYSTEM32\USERENV.dll
0x00007ffc20f20000 - 0x00007ffc20f4a000 	C:\WINDOWS\SYSTEM32\bcrypt.dll
0x00007ffc20620000 - 0x00007ffc2062c000 	C:\WINDOWS\SYSTEM32\CRYPTBASE.dll
0x00007ffc1f800000 - 0x00007ffc1f834000 	C:\WINDOWS\SYSTEM32\IPHLPAPI.DLL
0x00007ffc239c0000 - 0x00007ffc239ca000 	C:\WINDOWS\System32\NSI.dll
0x00007ffbd63f0000 - 0x00007ffbd6400000 	C:\Program Files\Java\jdk-23\bin\verify.dll
0x00007ffbaf380000 - 0x00007ffbaf469000 	C:\Users\Haqii\AppData\Local\Temp\sqlite-3.41.2.1-a395e1bc-f986-4236-8428-5488fd19e943-sqlitejdbc.dll

dbghelp: loaded successfully - version: 4.0.5 - missing functions: none
symbol engine: initialized successfully - sym options: 0x614 - pdb path: .;C:\Program Files\Java\jdk-23\bin;C:\WINDOWS\SYSTEM32;C:\WINDOWS\WinSxS\amd64_microsoft.windows.common-controls_6595b64144ccf1df_6.0.26100.7019_none_3e06ffa0e335b8a8;C:\Program Files\Java\jdk-23\bin\server;C:\Users\Haqii\AppData\Local\Temp

VM Arguments:
jvm_args: -DkotlinLanguageServer.version=1.3.13 
java_command: org.javacs.kt.MainKt
java_class_path (initial): c:\Users\Haqii\AppData\Roaming\Code\User\globalStorage\fwcd.kotlin\langServerInstall\server\lib\server-1.3.13.jar;c:\Users\Haqii\AppData\Roaming\Code\User\globalStorage\fwcd.kotlin\langServerInstall\server\lib\shared-1.3.13.jar;c:\Users\Haqii\AppData\Roaming\Code\User\globalStorage\fwcd.kotlin\langServerInstall\server\lib\kotlin-scripting-jvm-host-unshaded-2.1.0.jar;c:\Users\Haqii\AppData\Roaming\Code\User\globalStorage\fwcd.kotlin\langServerInstall\server\lib\kotlin-scripting-compiler-2.1.0.jar;c:\Users\Haqii\AppData\Roaming\Code\User\globalStorage\fwcd.kotlin\langServerInstall\server\lib\ktfmt-b5d31d1.jar;c:\Users\Haqii\AppData\Roaming\Code\User\globalStorage\fwcd.kotlin\langServerInstall\server\lib\kotlin-compiler-2.1.0.jar;c:\Users\Haqii\AppData\Roaming\Code\User\globalStorage\fwcd.kotlin\langServerInstall\server\lib\exposed-dao-0.37.3.jar;c:\Users\Haqii\AppData\Roaming\Code\User\globalStorage\fwcd.kotlin\langServerInstall\server\lib\exposed-jdbc-0.37.3.jar;c:\Users\Haqii\AppData\Roaming\Code\User\globalStorage\fwcd.kotlin\langServerInstall\server\lib\exposed-core-0.37.3.jar;c:\Users\Haqii\AppData\Roaming\Code\User\globalStorage\fwcd.kotlin\langServerInstall\server\lib\kotlin-scripting-compiler-impl-2.1.0.jar;c:\Users\Haqii\AppData\Roaming\Code\User\globalStorage\fwcd.kotlin\langServerInstall\server\lib\kotlin-reflect-2.1.0.jar;c:\Users\Haqii\AppData\Roaming\Code\User\globalStorage\fwcd.kotlin\langServerInstall\server\lib\kotlin-scripting-jvm-2.1.0.jar;c:\Users\Haqii\AppData\Roaming\Code\User\globalStorage\fwcd.kotlin\langServerInstall\server\lib\kotlin-scripting-common-2.1.0.jar;c:\Users\Haqii\AppData\Roaming\Code\User\globalStorage\fwcd.kotlin\langServerInstall\server\lib\kotlinx-coroutines-core-jvm-1.6.4.jar;c:\Users\Haqii\AppData\Roaming\Code\User\globalStorage\fwcd.kotlin\langServerInstall\server\lib\kotlin-stdlib-jdk8-2.1.0.jar;c:\Users\Haqii\AppData\Roaming\Code\User\globalStorage\fwcd.kotlin\langServerInstall\server\lib\kotlin-stdlib-jdk7-2.1.0.jar;c:\Users\Haqii\AppData\Roaming\Code\User\globalStorage\fwcd.kotlin\langServerInstall\server\lib\kotlin-stdlib-2.1.0.jar;c:\Users\Haqii\AppData\Roaming\Code\User\globalStorage\fwcd.kotlin\langServerInstall\server\lib\org.eclipse.lsp4j-0.21.2.jar;c:\Users\Haqii\AppData\Roaming\Code\User\globalStorage\fwcd.kotlin\langServerInstall\server\lib\org.eclipse.lsp4j.jsonrpc-0.21.2.jar;c:\Users\Haqii\AppData\Roaming\Code\User\globalStorage\fwcd.kotlin\langServerInstall\server\lib\kotlin-sam-with-receiver-compiler-plugin-2.1.0.jar;c:\Users\Haqii\AppData\Roaming\Code\User\globalStorage\fwcd.kotlin\langServerInstall\server\lib\fernflower-1.0.jar;c:\Users\Haqii\AppData\Roaming\Code\User\globalStorage\fwcd.kotlin\langServerInstall\server\lib\h2-1.4.200.jar;c:\Users\Haqii\AppData\Roaming\Code\User\globalStorage\fwcd.kotlin\langServerInstall\server\lib\jcommander-1.78.jar;c:\Users\Haqii\AppData\Roaming\Code\User\globalStorage\fwcd.kotlin\langServerInstall\server\lib\sqlite-jdbc-3.41.2.1.jar;c:\Users\Haqii\AppData\Roaming\Code\User\globalStorage\fwcd.kotlin\langServerInstall\server\lib\google-java-format-1.8.jar;c:\Users\Haqii\AppData\Roaming\Code\User\globalStorage\fwcd.kotlin\langServerInstall\server\lib\guava-33.3.0-jre.jar;c:\Users\Haqii\AppData\Roaming\Code\User\globalStorage\fwcd.kotlin\langServerInstall\server\lib\annotations-13.0.jar;c:\Users\Haqii\AppData\Roaming\Code\User\globalStorage\fwcd.kotlin\langServerInstall\server\lib\gson-2.10.1.jar;c:\Users\Haqii\AppData\Roaming\Code\User\globalStorage\fwcd.kotlin\langServerInstall\server\lib\kotlin-script-runtime-2.1.0.jar;c:\Users\Haqii\AppData\Roaming\Code\User\globalStorage\fwcd.kotlin\langServerInstall\server\lib\trove4j-1.0.20200330.jar;c:\Users\Haqii\AppData\Roaming\Code\User\globalStorage\fwcd.kotlin\langServerInstall\server\lib\jline-3.24.1.jar;c:\Users\Haqii\AppData\Roaming\Code\User\globalStorage\fwcd.kotlin\langServerInstall\server\lib\slf4j-api-1.7.25.jar;c:\Users\Haqii\AppData\Roaming\Code\User\globalStorage\fwcd.kotlin\langServerInstall\server\lib\jna-4.2.2.jar;c:\Users\Haqii\AppData\Roaming\Code\User\globalStorage\fwcd.kotlin\langServerInstall\server\lib\failureaccess-1.0.2.jar;c:\Users\Haqii\AppData\Roaming\Code\User\globalStorage\fwcd.kotlin\langServerInstall\server\lib\listenablefuture-9999.0-empty-to-avoid-conflict-with-guava.jar;c:\Users\Haqii\AppData\Roaming\Code\User\globalStorage\fwcd.kotlin\langServerInstall\server\lib\jsr305-3.0.2.jar;c:\Users\Haqii\AppData\Roaming\Code\User\globalStorage\fwcd.kotlin\langServerInstall\server\lib\checker-qual-3.43.0.jar;c:\Users\Haqii\AppData\Roaming\Code\User\globalStorage\fwcd.kotlin\langServerInstall\server\lib\error_prone_annotations-2.28.0.jar
Launcher Type: SUN_STANDARD

[Global flags]
     intx CICompilerCount                          = 12                                        {product} {ergonomic}
     uint ConcGCThreads                            = 3                                         {product} {ergonomic}
     uint G1ConcRefinementThreads                  = 13                                        {product} {ergonomic}
   size_t G1HeapRegionSize                         = 2097152                                   {product} {ergonomic}
   size_t InitialHeapSize                          = 230686720                                 {product} {ergonomic}
   size_t MarkStackSize                            = 4194304                                   {product} {ergonomic}
   size_t MarkStackSizeMax                         = 536870912                                 {product} {ergonomic}
   size_t MaxHeapSize                              = 3690987520                                {product} {ergonomic}
   size_t MaxNewSize                               = 2214592512                                {product} {ergonomic}
   size_t MinHeapDeltaBytes                        = 2097152                                   {product} {ergonomic}
   size_t MinHeapSize                              = 8388608                                   {product} {ergonomic}
    uintx NonNMethodCodeHeapSize                   = 7602176                                {pd product} {ergonomic}
    uintx NonProfiledCodeHeapSize                  = 122093568                              {pd product} {ergonomic}
    uintx ProfiledCodeHeapSize                     = 121962496                              {pd product} {ergonomic}
    uintx ReservedCodeCacheSize                    = 251658240                              {pd product} {ergonomic}
     bool SegmentedCodeCache                       = true                                      {product} {ergonomic}
   size_t SoftMaxHeapSize                          = 3690987520                             {manageable} {ergonomic}
     bool UseCompressedOops                        = true                           {product lp64_product} {ergonomic}
     bool UseG1GC                                  = true                                      {product} {ergonomic}
     bool UseLargePagesIndividualAllocation        = false                                  {pd product} {ergonomic}

Logging:
Log output configuration:
 #0: stdout all=warning uptime,level,tags foldmultilines=false
 #1: stderr all=off uptime,level,tags foldmultilines=false

Environment Variables:
CLASSPATH=c:\Users\Haqii\AppData\Roaming\Code\User\globalStorage\fwcd.kotlin\langServerInstall\server\lib\server-1.3.13.jar;c:\Users\Haqii\AppData\Roaming\Code\User\globalStorage\fwcd.kotlin\langServerInstall\server\lib\shared-1.3.13.jar;c:\Users\Haqii\AppData\Roaming\Code\User\globalStorage\fwcd.kotlin\langServerInstall\server\lib\kotlin-scripting-jvm-host-unshaded-2.1.0.jar;c:\Users\Haqii\AppData\Roaming\Code\User\globalStorage\fwcd.kotlin\langServerInstall\server\lib\kotlin-scripting-compiler-2.1.0.jar;c:\Users\Haqii\AppData\Roaming\Code\User\globalStorage\fwcd.kotlin\langServerInstall\server\lib\ktfmt-b5d31d1.jar;c:\Users\Haqii\AppData\Roaming\Code\User\globalStorage\fwcd.kotlin\langServerInstall\server\lib\kotlin-compiler-2.1.0.jar;c:\Users\Haqii\AppData\Roaming\Code\User\globalStorage\fwcd.kotlin\langServerInstall\server\lib\exposed-dao-0.37.3.jar;c:\Users\Haqii\AppData\Roaming\Code\User\globalStorage\fwcd.kotlin\langServerInstall\server\lib\exposed-jdbc-0.37.3.jar;c:\Users\Haqii\AppData\Roaming\Code\User\globalStorage\fwcd.kotlin\langServerInstall\server\lib\exposed-core-0.37.3.jar;c:\Users\Haqii\AppData\Roaming\Code\User\globalStorage\fwcd.kotlin\langServerInstall\server\lib\kotlin-scripting-compiler-impl-2.1.0.jar;c:\Users\Haqii\AppData\Roaming\Code\User\globalStorage\fwcd.kotlin\langServerInstall\server\lib\kotlin-reflect-2.1.0.jar;c:\Users\Haqii\AppData\Roaming\Code\User\globalStorage\fwcd.kotlin\langServerInstall\server\lib\kotlin-scripting-jvm-2.1.0.jar;c:\Users\Haqii\AppData\Roaming\Code\User\globalStorage\fwcd.kotlin\langServerInstall\server\lib\kotlin-scripting-common-2.1.0.jar;c:\Users\Haqii\AppData\Roaming\Code\User\globalStorage\fwcd.kotlin\langServerInstall\server\lib\kotlinx-coroutines-core-jvm-1.6.4.jar;c:\Users\Haqii\AppData\Roaming\Code\User\globalStorage\fwcd.kotlin\langServerInstall\server\lib\kotlin-stdlib-jdk8-2.1.0.jar;c:\Users\Haqii\AppData\Roaming\Code\User\globalStorage\fwcd.kotlin\langServerInstall\server\lib\kotlin-stdlib-jdk7-2.1.0.jar;c:\Users\Haqii\AppData\Roaming\Code\User\globalStorage\fwcd.kotlin\langServerInstall\server\lib\kotlin-stdlib-2.1.0.jar;c:\Users\Haqii\AppData\Roaming\Code\User\globalStorage\fwcd.kotlin\langServerInstall\server\lib\org.eclipse.lsp4j-0.21.2.jar;c:\Users\Haqii\AppData\Roaming\Code\User\globalStorage\fwcd.kotlin\langServerInstall\server\lib\org.eclipse.lsp4j.jsonrpc-0.21.2.jar;c:\Users\Haqii\AppData\Roaming\Code\User\globalStorage\fwcd.kotlin\langServerInstall\server\lib\kotlin-sam-with-receiver-compiler-plugin-2.1.0.jar;c:\Users\Haqii\AppData\Roaming\Code\User\globalStorage\fwcd.kotlin\langServerInstall\server\lib\fernflower-1.0.jar;c:\Users\Haqii\AppData\Roaming\Code\User\globalStorage\fwcd.kotlin\langServerInstall\server\lib\h2-1.4.200.jar;c:\Users\Haqii\AppData\Roaming\Code\User\globalStorage\fwcd.kotlin\langServerInstall\server\lib\jcommander-1.78.jar;c:\Users\Haqii\AppData\Roaming\Code\User\globalStorage\fwcd.kotlin\langServerInstall\server\lib\sqlite-jdbc-3.41.2.1.jar;c:\Users\Haqii\AppData\Roaming\Code\User\globalStorage\fwcd.kotlin\langServerInstall\server\lib\google-java-format-1.8.jar;c:\Users\Haqii\AppData\Roaming\Code\User\globalStorage\fwcd.kotlin\langServerInstall\server\lib\guava-33.3.0-jre.jar;c:\Users\Haqii\AppData\Roaming\Code\User\globalStorage\fwcd.kotlin\langServerInstall\server\lib\annotations-13.0.jar;c:\Users\Haqii\AppData\Roaming\Code\User\globalStorage\fwcd.kotlin\langServerInstall\server\lib\gson-2.10.1.jar;c:\Users\Haqii\AppData\Roaming\Code\User\globalStorage\fwcd.kotlin\langServerInstall\server\lib\kotlin-script-runtime-2.1.0.jar;c:\Users\Haqii\AppData\Roaming\Code\User\globalStorage\fwcd.kotlin\langServerInstall\server\lib\trove4j-1.0.20200330.jar;c:\Users\Haqii\AppData\Roaming\Code\User\globalStorage\fwcd.kotlin\langServerInstall\server\lib\jline-3.24.1.jar;c:\Users\Haqii\AppData\Roaming\Code\User\globalStorage\fwcd.kotlin\langServerInstall\server\lib\slf4j-api-1.7.25.jar;c:\Users\Haqii\AppData\Roaming\Code\User\globalStorage\fwcd.kotlin\langServerInstall\server\lib\jna-4.2.2.jar;c:\Users\Haqii\AppData\Roaming\Code\User\globalStorage\fwcd.kotlin\langServerInstall\server\lib\failureaccess-1.0.2.jar;c:\Users\Haqii\AppData\Roaming\Code\User\globalStorage\fwcd.kotlin\langServerInstall\server\lib\listenablefuture-9999.0-empty-to-avoid-conflict-with-guava.jar;c:\Users\Haqii\AppData\Roaming\Code\User\globalStorage\fwcd.kotlin\langServerInstall\server\lib\jsr305-3.0.2.jar;c:\Users\Haqii\AppData\Roaming\Code\User\globalStorage\fwcd.kotlin\langServerInstall\server\lib\checker-qual-3.43.0.jar;c:\Users\Haqii\AppData\Roaming\Code\User\globalStorage\fwcd.kotlin\langServerInstall\server\lib\error_prone_annotations-2.28.0.jar
PATH=C:\Program Files\Common Files\Oracle\Java\javapath;C:\Program Files (x86)\Common Files\Oracle\Java\java8path;C:\Program Files (x86)\Common Files\Oracle\Java\javapath;C:\WINDOWS\system32;C:\WINDOWS;C:\WINDOWS\System32\Wbem;C:\WINDOWS\System32\WindowsPowerShell\v1.0\;C:\WINDOWS\System32\OpenSSH\;C:\xampp\php;C:\ProgramData\ComposerSetup\bin;C:\Program Files\Git\cmd;C:\Program Files\dotnet\;C:\ProgramData\chocolatey\bin;C:\Program Files\Neovim\bin;C:\Program Files\nodejs\;C:\Program Files\Common Files\Oracle\Java\javapath;C:\Windows\system32;C:\Windows;C:\Windows\System32\Wbem;C:\Windows\System32\WindowsPowerShell\v1.0\;C:\Windows\System32\OpenSSH\;C:\xampp\php;C:\ProgramData\ComposerSetup\bin;C:\Program Files\nodejs\;C:\Program Files\Git\cmd;C:\Program Files\dotnet\;C:\ProgramData\chocolatey\bin;c:\Users\Haqii\AppData\Local\Programs\cursor\resources\app\codeBin;C:\Users\Haqii\AppData\Local\Programs\Python\Launcher\;C:\Users\Haqii\AppData\Local\Microsoft\WindowsApps;C:\Users\Haqii\AppData\Local\Programs\Microsoft VS Code\bin;C:\Users\Haqii\AppData\Roaming\Composer\vendor\bin;C:\msys64\ucrt64\bin;C:\Users\Haqii\AppData\Local\spicetify;C:\Users\Haqii\.deno\bin;C:\Android\cmdline-tools\latest\bin;C:\Android\platform-tools;C:\Android\emulator;C:\Users\Haqii\AppData\Roaming\npm;C:\Users\Haqii\AppData\Local\Microsoft\WindowsApps;C:\laragon\bin\php\php-8.3.26-Win32-vs16-x64;C:\laragon\bin\composer;
USERNAME=Haqii
OS=Windows_NT
PROCESSOR_IDENTIFIER=AMD64 Family 25 Model 68 Stepping 1, AuthenticAMD
TMP=C:\Users\Haqii\AppData\Local\Temp
TEMP=C:\Users\Haqii\AppData\Local\Temp




Periodic native trim disabled

---------------  S Y S T E M  ---------------

OS:
 Windows 11 , 64 bit Build 26100 (10.0.26100.7019)
OS uptime: 0 days 3:35 hours

CPU: total 16 (initial active 16) (16 cores per cpu, 2 threads per core) family 25 model 68 stepping 1 microcode 0xa404102, cx8, cmov, fxsr, ht, mmx, 3dnowpref, sse, sse2, sse3, ssse3, sse4a, sse4.1, sse4.2, popcnt, lzcnt, tsc, tscinvbit, avx, avx2, aes, erms, clmul, bmi1, bmi2, adx, sha, fma, vzeroupper, clflush, clflushopt, rdtscp, rdpid, fsrm, f16c, pku, cet_ss
Processor Information for processor 0
  Max Mhz: 3201, Current Mhz: 2502, Mhz Limit: 3201
Processor Information for processor 1
  Max Mhz: 3201, Current Mhz: 1804, Mhz Limit: 3201
Processor Information for processor 2
  Max Mhz: 3201, Current Mhz: 3201, Mhz Limit: 3201
Processor Information for processor 3
  Max Mhz: 3201, Current Mhz: 3201, Mhz Limit: 3201
Processor Information for processor 4
  Max Mhz: 3201, Current Mhz: 3201, Mhz Limit: 3201
Processor Information for processor 5
  Max Mhz: 3201, Current Mhz: 2502, Mhz Limit: 3201
Processor Information for processor 6
  Max Mhz: 3201, Current Mhz: 3201, Mhz Limit: 3201
Processor Information for processor 7
  Max Mhz: 3201, Current Mhz: 3201, Mhz Limit: 3201
Processor Information for processor 8
  Max Mhz: 3201, Current Mhz: 3201, Mhz Limit: 3201
Processor Information for processor 9
  Max Mhz: 3201, Current Mhz: 1804, Mhz Limit: 3201
Processor Information for processor 10
  Max Mhz: 3201, Current Mhz: 3201, Mhz Limit: 3201
Processor Information for processor 11
  Max Mhz: 3201, Current Mhz: 3201, Mhz Limit: 3201
Processor Information for processor 12
  Max Mhz: 3201, Current Mhz: 3201, Mhz Limit: 3201
Processor Information for processor 13
  Max Mhz: 3201, Current Mhz: 2502, Mhz Limit: 3201
Processor Information for processor 14
  Max Mhz: 3201, Current Mhz: 3201, Mhz Limit: 3201
Processor Information for processor 15
  Max Mhz: 3201, Current Mhz: 3201, Mhz Limit: 3201

Memory: 4k page, system-wide physical 14077M (731M free)
TotalPageFile size 27389M (AvailPageFile size 15M)
current process WorkingSet (physical memory assigned to process): 518M, peak: 520M
current process commit charge ("private bytes"): 589M, peak: 592M

vm_info: Java HotSpot(TM) 64-Bit Server VM (23.0.1+11-39) for windows-amd64 JRE (23.0.1+11-39), built on 2024-09-30T07:20:43Z with MS VC++ 17.6 (VS2022)

END.
