#
# There is insufficient memory for the Java Runtime Environment to continue.
# Native memory allocation (malloc) failed to allocate 1959776 bytes. Error detail: Chunk::new
# Possible reasons:
#   The system is out of physical RAM or swap space
#   This process is running with CompressedOops enabled, and the Java Heap may be blocking the growth of the native heap
# Possible solutions:
#   Reduce memory load on the system
#   Increase physical memory or swap space
#   Check if swap backing store is full
#   Decrease Java heap size (-Xmx/-Xms)
#   Decrease number of Java threads
#   Decrease Java thread stack sizes (-Xss)
#   Set larger code cache with -XX:ReservedCodeCacheSize=
#   JVM is running with Unscaled Compressed Oops mode in which the Java heap is
#     placed in the first 4GB address space. The Java Heap base address is the
#     maximum limit for the native heap growth. Please use -XX:HeapBaseMinAddress
#     to set the Java Heap base and to place the Java Heap above 4GB virtual address.
# This output file may be truncated or incomplete.
#
#  Out of Memory Error (arena.cpp:149), pid=2340, tid=12164
#
# JRE version: Java(TM) SE Runtime Environment (23.0.1+11) (build 23.0.1+11-39)
# Java VM: Java HotSpot(TM) 64-Bit Server VM (23.0.1+11-39, mixed mode, sharing, tiered, compressed oops, compressed class ptrs, g1 gc, windows-amd64)
# No core dump will be written. Minidumps are not enabled by default on client versions of Windows
#

---------------  S U M M A R Y ------------

Command Line: --add-opens=java.base/java.lang=ALL-UNNAMED --add-opens=java.base/java.lang.invoke=ALL-UNNAMED --add-opens=java.base/java.util=ALL-UNNAMED --add-opens=java.prefs/java.util.prefs=ALL-UNNAMED --add-exports=jdk.compiler/com.sun.tools.javac.api=ALL-UNNAMED --add-exports=jdk.compiler/com.sun.tools.javac.util=ALL-UNNAMED --add-opens=java.base/java.util=ALL-UNNAMED --add-opens=java.prefs/java.util.prefs=ALL-UNNAMED --add-opens=java.base/java.nio.charset=ALL-UNNAMED --add-opens=java.base/java.net=ALL-UNNAMED --add-opens=java.base/java.util.concurrent.atomic=ALL-UNNAMED --add-opens=java.xml/javax.xml.namespace=ALL-UNNAMED -Xmx2048m -Dfile.encoding=UTF-8 -Duser.country=ID -Duser.language=en -Duser.variant -javaagent:C:\Users\Haqii\.gradle\wrapper\dists\gradle-8.13-bin\5xuhj0ry160q40clulazy9h7d\gradle-8.13\lib\agents\gradle-instrumentation-agent-8.13.jar org.gradle.launcher.daemon.bootstrap.GradleDaemon 8.13

Host: AMD Ryzen 7 7735HS with Radeon Graphics        , 16 cores, 15G,  Windows 11 , 64 bit Build 26100 (10.0.26100.7309)
Time: Wed Mar  4 08:16:43 2026 SE Asia Standard Time elapsed time: 3.213199 seconds (0d 0h 0m 3s)

---------------  T H R E A D  ---------------

Current thread (0x000001f9c50db660):  JavaThread "C2 CompilerThread0" daemon [_thread_in_native, id=12164, stack(0x000000a5b4200000,0x000000a5b4300000) (1024K)]


Current CompileTask:
C2:3213 3401       4       java.net.URLClassLoader$1::run (5 bytes)

Stack: [0x000000a5b4200000,0x000000a5b4300000]
Native frames: (J=compiled Java code, j=interpreted, Vv=VM code, C=native code)
V  [jvm.dll+0x6e08b9]  (no source info available)
V  [jvm.dll+0x87dc83]  (no source info available)
V  [jvm.dll+0x88010e]  (no source info available)
V  [jvm.dll+0x8807e3]  (no source info available)
V  [jvm.dll+0x27aee6]  (no source info available)
V  [jvm.dll+0xbc06f]  (no source info available)
V  [jvm.dll+0xbc2cb]  (no source info available)
V  [jvm.dll+0x3b3a9c]  (no source info available)
V  [jvm.dll+0x38a42b]  (no source info available)
V  [jvm.dll+0x38989a]  (no source info available)
V  [jvm.dll+0x244aa1]  (no source info available)
V  [jvm.dll+0x243dff]  (no source info available)
V  [jvm.dll+0x1c33a0]  (no source info available)
V  [jvm.dll+0x253cf1]  (no source info available)
V  [jvm.dll+0x251faa]  (no source info available)
V  [jvm.dll+0x3ee036]  (no source info available)
V  [jvm.dll+0x824f8b]  (no source info available)
V  [jvm.dll+0x6df065]  (no source info available)
C  [ucrtbase.dll+0x37b0]  (no source info available)
C  [KERNEL32.DLL+0x2e8d7]  (no source info available)
C  [ntdll.dll+0x8c53c]  (no source info available)

Lock stack of current Java thread (top to bottom):


---------------  P R O C E S S  ---------------

Threads class SMR info:
_java_thread_list=0x000001fa0b8affd0, length=28, elements={
0x000001f9a53484f0, 0x000001f9c50b65e0, 0x000001f9c502ddf0, 0x000001f9c50bb0f0,
0x000001f9c50bbb50, 0x000001f9c50c45c0, 0x000001f9c50c5150, 0x000001f9c50db660,
0x000001f9c50e0d50, 0x000001f9c51ae400, 0x000001f9c51e9f30, 0x000001f9c51ea5f0,
0x000001f9c53ed4b0, 0x000001f9c548b460, 0x000001f9c565ab00, 0x000001fa0c264790,
0x000001fa0c397780, 0x000001fa0c38be70, 0x000001fa0c567770, 0x000001fa0c42d6e0,
0x000001fa0c3d8910, 0x000001fa0c3d8fa0, 0x000001fa0c3d9630, 0x000001fa0c3d9cc0,
0x000001fa0c458610, 0x000001fa0c457f80, 0x000001fa0c456bd0, 0x000001fa0c45a6e0
}

Java Threads: ( => current thread )
  0x000001f9a53484f0 JavaThread "main"                              [_thread_blocked, id=16992, stack(0x000000a5b3400000,0x000000a5b3500000) (1024K)]
  0x000001f9c50b65e0 JavaThread "Reference Handler"          daemon [_thread_blocked, id=23284, stack(0x000000a5b3c00000,0x000000a5b3d00000) (1024K)]
  0x000001f9c502ddf0 JavaThread "Finalizer"                  daemon [_thread_blocked, id=3836, stack(0x000000a5b3d00000,0x000000a5b3e00000) (1024K)]
  0x000001f9c50bb0f0 JavaThread "Signal Dispatcher"          daemon [_thread_blocked, id=6104, stack(0x000000a5b3e00000,0x000000a5b3f00000) (1024K)]
  0x000001f9c50bbb50 JavaThread "Attach Listener"            daemon [_thread_blocked, id=21200, stack(0x000000a5b3f00000,0x000000a5b4000000) (1024K)]
  0x000001f9c50c45c0 JavaThread "Service Thread"             daemon [_thread_blocked, id=18940, stack(0x000000a5b4000000,0x000000a5b4100000) (1024K)]
  0x000001f9c50c5150 JavaThread "Monitor Deflation Thread"   daemon [_thread_blocked, id=14564, stack(0x000000a5b4100000,0x000000a5b4200000) (1024K)]
=>0x000001f9c50db660 JavaThread "C2 CompilerThread0"         daemon [_thread_in_native, id=12164, stack(0x000000a5b4200000,0x000000a5b4300000) (1024K)]
  0x000001f9c50e0d50 JavaThread "C1 CompilerThread0"         daemon [_thread_blocked, id=17296, stack(0x000000a5b4300000,0x000000a5b4400000) (1024K)]
  0x000001f9c51ae400 JavaThread "Common-Cleaner"             daemon [_thread_blocked, id=22324, stack(0x000000a5b4400000,0x000000a5b4500000) (1024K)]
  0x000001f9c51e9f30 JavaThread "C1 CompilerThread1"         daemon [_thread_blocked, id=17724, stack(0x000000a5b4500000,0x000000a5b4600000) (1024K)]
  0x000001f9c51ea5f0 JavaThread "C1 CompilerThread2"         daemon [_thread_blocked, id=21284, stack(0x000000a5b4600000,0x000000a5b4700000) (1024K)]
  0x000001f9c53ed4b0 JavaThread "Notification Thread"        daemon [_thread_blocked, id=21272, stack(0x000000a5b4800000,0x000000a5b4900000) (1024K)]
  0x000001f9c548b460 JavaThread "C2 CompilerThread1"         daemon [_thread_in_native, id=23308, stack(0x000000a5b4900000,0x000000a5b4a00000) (1024K)]
  0x000001f9c565ab00 JavaThread "C2 CompilerThread2"         daemon [_thread_in_native, id=23040, stack(0x000000a5b4a00000,0x000000a5b4b00000) (1024K)]
  0x000001fa0c264790 JavaThread "Daemon health stats"               [_thread_blocked, id=13824, stack(0x000000a5b4c00000,0x000000a5b4d00000) (1024K)]
  0x000001fa0c397780 JavaThread "Incoming local TCP Connector on port 56747"        [_thread_in_native, id=5780, stack(0x000000a5b5200000,0x000000a5b5300000) (1024K)]
  0x000001fa0c38be70 JavaThread "Daemon periodic checks"            [_thread_blocked, id=17004, stack(0x000000a5b5300000,0x000000a5b5400000) (1024K)]
  0x000001fa0c567770 JavaThread "Daemon"                            [_thread_blocked, id=21308, stack(0x000000a5b5400000,0x000000a5b5500000) (1024K)]
  0x000001fa0c42d6e0 JavaThread "Handler for socket connection from /127.0.0.1:56747 to /127.0.0.1:56749"        [_thread_in_native, id=13748, stack(0x000000a5b5500000,0x000000a5b5600000) (1024K)]
  0x000001fa0c3d8910 JavaThread "Cancel handler"                    [_thread_blocked, id=14424, stack(0x000000a5b5600000,0x000000a5b5700000) (1024K)]
  0x000001fa0c3d8fa0 JavaThread "Daemon worker"                     [_thread_in_Java, id=13892, stack(0x000000a5b5700000,0x000000a5b5800000) (1024K)]
  0x000001fa0c3d9630 JavaThread "Asynchronous log dispatcher for DefaultDaemonConnection: socket connection from /127.0.0.1:56747 to /127.0.0.1:56749"        [_thread_blocked, id=6860, stack(0x000000a5b5800000,0x000000a5b5900000) (1024K)]
  0x000001fa0c3d9cc0 JavaThread "Stdin handler"                     [_thread_blocked, id=10956, stack(0x000000a5b5900000,0x000000a5b5a00000) (1024K)]
  0x000001fa0c458610 JavaThread "Daemon client event forwarder"        [_thread_blocked, id=14672, stack(0x000000a5b5a00000,0x000000a5b5b00000) (1024K)]
  0x000001fa0c457f80 JavaThread "Cache worker for journal cache (C:\Users\Haqii\.gradle\caches\journal-1)"        [_thread_blocked, id=15988, stack(0x000000a5b4b00000,0x000000a5b4c00000) (1024K)]
  0x000001fa0c456bd0 JavaThread "File lock request listener"        [_thread_in_native, id=2064, stack(0x000000a5b5b00000,0x000000a5b5c00000) (1024K)]
  0x000001fa0c45a6e0 JavaThread "Cache worker for file hash cache (C:\Users\Haqii\.gradle\caches\8.13\fileHashes)"        [_thread_blocked, id=6416, stack(0x000000a5b5c00000,0x000000a5b5d00000) (1024K)]
Total: 28

Other Threads:
  0x000001f9c501b0d0 VMThread "VM Thread"                           [id=22076, stack(0x000000a5b3b00000,0x000000a5b3c00000) (1024K)]
  0x000001f9c50b19e0 WatcherThread "VM Periodic Task Thread"        [id=19324, stack(0x000000a5b3a00000,0x000000a5b3b00000) (1024K)]
  0x000001f9a76f9b90 WorkerThread "GC Thread#0"                     [id=23472, stack(0x000000a5b3500000,0x000000a5b3600000) (1024K)]
  0x000001fa0b0120b0 WorkerThread "GC Thread#1"                     [id=14664, stack(0x000000a5b4d00000,0x000000a5b4e00000) (1024K)]
  0x000001fa0b13d4c0 WorkerThread "GC Thread#2"                     [id=18760, stack(0x000000a5b4e00000,0x000000a5b4f00000) (1024K)]
  0x000001f9c5834f60 WorkerThread "GC Thread#3"                     [id=5704, stack(0x000000a5b4f00000,0x000000a5b5000000) (1024K)]
  0x000001f9c5835720 WorkerThread "GC Thread#4"                     [id=16276, stack(0x000000a5b5000000,0x000000a5b5100000) (1024K)]
  0x000001fa0b618450 WorkerThread "GC Thread#5"                     [id=2752, stack(0x000000a5b5100000,0x000000a5b5200000) (1024K)]
  0x000001fa0b999100 WorkerThread "GC Thread#6"                     [id=12644, stack(0x000000a5b5d00000,0x000000a5b5e00000) (1024K)]
  0x000001fa0e99ea80 WorkerThread "GC Thread#7"                     [id=928, stack(0x000000a5b5e00000,0x000000a5b5f00000) (1024K)]
  0x000001fa0e99ee30 WorkerThread "GC Thread#8"                     [id=17812, stack(0x000000a5b5f00000,0x000000a5b6000000) (1024K)]
  0x000001fa0e99f1e0 WorkerThread "GC Thread#9"                     [id=21896, stack(0x000000a5b6000000,0x000000a5b6100000) (1024K)]
  0x000001fa0e9a0450 WorkerThread "GC Thread#10"                    [id=19592, stack(0x000000a5b6100000,0x000000a5b6200000) (1024K)]
  0x000001fa0e9a0800 WorkerThread "GC Thread#11"                    [id=19096, stack(0x000000a5b6200000,0x000000a5b6300000) (1024K)]
  0x000001fa0e99e320 WorkerThread "GC Thread#12"                    [id=20020, stack(0x000000a5b6300000,0x000000a5b6400000) (1024K)]
  0x000001f9a770f6b0 ConcurrentGCThread "G1 Main Marker"            [id=22696, stack(0x000000a5b3600000,0x000000a5b3700000) (1024K)]
  0x000001f9a7710c40 WorkerThread "G1 Conc#0"                       [id=22688, stack(0x000000a5b3700000,0x000000a5b3800000) (1024K)]
  0x000001f9c4f5d390 ConcurrentGCThread "G1 Refine#0"               [id=19492, stack(0x000000a5b3800000,0x000000a5b3900000) (1024K)]
  0x000001f9c4f5ebd0 ConcurrentGCThread "G1 Service"                [id=23440, stack(0x000000a5b3900000,0x000000a5b3a00000) (1024K)]
Total: 19

Threads with active compile tasks:
C2 CompilerThread0  4261 3401       4       java.net.URLClassLoader$1::run (5 bytes)
C2 CompilerThread1  4261 3400   !   4       java.net.URLClassLoader::findClass (47 bytes)
C2 CompilerThread2  4261 3402   !   4       java.net.URLClassLoader$1::run (81 bytes)
Total: 3

VM state: not at safepoint (normal execution)

VM Mutex/Monitor currently owned by a thread: None

Heap address: 0x0000000080000000, size: 2048 MB, Compressed Oops mode: 32-bit

CDS archive(s) mapped at: [0x000001f9c6000000-0x000001f9c6d70000-0x000001f9c6d70000), size 14090240, SharedBaseAddress: 0x000001f9c6000000, ArchiveRelocationMode: 1.
Compressed class space mapped at: 0x000001f9c7000000-0x000001fa07000000, reserved size: 1073741824
Narrow klass base: 0x000001f9c6000000, Narrow klass shift: 0, Narrow klass range: 0x41000000

GC Precious Log:
 CardTable entry size: 512
 Card Set container configuration: InlinePtr #cards 5 size 8 Array Of Cards #cards 10 size 36 Howl #buckets 4 coarsen threshold 1843 Howl Bitmap #cards 512 size 80 coarsen threshold 460 Card regions per heap region 1 cards per card region 2048
 CPUs: 16 total, 16 available
 Memory: 15613M
 Large Page Support: Disabled
 NUMA Support: Disabled
 Compressed Oops: Enabled (32-bit)
 Heap Region Size: 1M
 Heap Min Capacity: 8M
 Heap Initial Capacity: 244M
 Heap Max Capacity: 2G
 Pre-touch: Disabled
 Parallel Workers: 13
 Concurrent Workers: 3
 Concurrent Refinement Workers: 13
 Periodic GC: Disabled

Heap:
 garbage-first heap   total reserved 2097152K, committed 249856K, used 48802K [0x0000000080000000, 0x0000000100000000)
  region size 1024K, 37 young (37888K), 10 survivors (10240K)
 Metaspace       used 20257K, committed 20992K, reserved 1114112K
  class space    used 2991K, committed 3328K, reserved 1048576K

Heap Regions: E=young(eden), S=young(survivor), O=old, HS=humongous(starts), HC=humongous(continues), CS=collection set, F=free, TAMS=top-at-mark-start, PB=parsable bottom
|   0|0x0000000080000000, 0x0000000080100000, 0x0000000080100000|100%|HS|  |TAMS 0x0000000080000000| PB 0x0000000080000000| Complete |  0
|   1|0x0000000080100000, 0x0000000080200000, 0x0000000080200000|100%|HC|  |TAMS 0x0000000080100000| PB 0x0000000080100000| Complete |  0
|   2|0x0000000080200000, 0x0000000080300000, 0x0000000080300000|100%|HC|  |TAMS 0x0000000080200000| PB 0x0000000080200000| Complete |  0
|   3|0x0000000080300000, 0x0000000080400000, 0x0000000080400000|100%| O|  |TAMS 0x0000000080300000| PB 0x0000000080300000| Untracked |  0
|   4|0x0000000080400000, 0x0000000080500000, 0x0000000080500000|100%| O|  |TAMS 0x0000000080400000| PB 0x0000000080400000| Untracked |  0
|   5|0x0000000080500000, 0x0000000080600000, 0x0000000080600000|100%| O|  |TAMS 0x0000000080500000| PB 0x0000000080500000| Untracked |  0
|   6|0x0000000080600000, 0x0000000080700000, 0x0000000080700000|100%| O|  |TAMS 0x0000000080600000| PB 0x0000000080600000| Untracked |  0
|   7|0x0000000080700000, 0x0000000080800000, 0x0000000080800000|100%|HS|  |TAMS 0x0000000080700000| PB 0x0000000080700000| Complete |  0
|   8|0x0000000080800000, 0x0000000080800000, 0x0000000080900000|  0%| F|  |TAMS 0x0000000080800000| PB 0x0000000080800000| Untracked |  0
|   9|0x0000000080900000, 0x0000000080a00000, 0x0000000080a00000|100%| O|  |TAMS 0x0000000080900000| PB 0x0000000080900000| Untracked |  0
|  10|0x0000000080a00000, 0x0000000080b00000, 0x0000000080b00000|100%| O|  |TAMS 0x0000000080a00000| PB 0x0000000080a00000| Untracked |  0
|  11|0x0000000080b00000, 0x0000000080c00000, 0x0000000080c00000|100%| O|  |TAMS 0x0000000080b00000| PB 0x0000000080b00000| Untracked |  0
|  12|0x0000000080c00000, 0x0000000080ccc608, 0x0000000080d00000| 79%| O|  |TAMS 0x0000000080c00000| PB 0x0000000080c00000| Untracked |  0
|  13|0x0000000080d00000, 0x0000000080d00000, 0x0000000080e00000|  0%| F|  |TAMS 0x0000000080d00000| PB 0x0000000080d00000| Untracked |  0
|  14|0x0000000080e00000, 0x0000000080e00000, 0x0000000080f00000|  0%| F|  |TAMS 0x0000000080e00000| PB 0x0000000080e00000| Untracked |  0
|  15|0x0000000080f00000, 0x0000000080f00000, 0x0000000081000000|  0%| F|  |TAMS 0x0000000080f00000| PB 0x0000000080f00000| Untracked |  0
|  16|0x0000000081000000, 0x0000000081000000, 0x0000000081100000|  0%| F|  |TAMS 0x0000000081000000| PB 0x0000000081000000| Untracked |  0
|  17|0x0000000081100000, 0x0000000081100000, 0x0000000081200000|  0%| F|  |TAMS 0x0000000081100000| PB 0x0000000081100000| Untracked |  0
|  18|0x0000000081200000, 0x0000000081200000, 0x0000000081300000|  0%| F|  |TAMS 0x0000000081200000| PB 0x0000000081200000| Untracked |  0
|  19|0x0000000081300000, 0x0000000081300000, 0x0000000081400000|  0%| F|  |TAMS 0x0000000081300000| PB 0x0000000081300000| Untracked |  0
|  20|0x0000000081400000, 0x0000000081400000, 0x0000000081500000|  0%| F|  |TAMS 0x0000000081400000| PB 0x0000000081400000| Untracked |  0
|  21|0x0000000081500000, 0x0000000081500000, 0x0000000081600000|  0%| F|  |TAMS 0x0000000081500000| PB 0x0000000081500000| Untracked |  0
|  22|0x0000000081600000, 0x0000000081600000, 0x0000000081700000|  0%| F|  |TAMS 0x0000000081600000| PB 0x0000000081600000| Untracked |  0
|  23|0x0000000081700000, 0x0000000081700000, 0x0000000081800000|  0%| F|  |TAMS 0x0000000081700000| PB 0x0000000081700000| Untracked |  0
|  24|0x0000000081800000, 0x0000000081800000, 0x0000000081900000|  0%| F|  |TAMS 0x0000000081800000| PB 0x0000000081800000| Untracked |  0
|  25|0x0000000081900000, 0x0000000081900000, 0x0000000081a00000|  0%| F|  |TAMS 0x0000000081900000| PB 0x0000000081900000| Untracked |  0
|  26|0x0000000081a00000, 0x0000000081a00000, 0x0000000081b00000|  0%| F|  |TAMS 0x0000000081a00000| PB 0x0000000081a00000| Untracked |  0
|  27|0x0000000081b00000, 0x0000000081b00000, 0x0000000081c00000|  0%| F|  |TAMS 0x0000000081b00000| PB 0x0000000081b00000| Untracked |  0
|  28|0x0000000081c00000, 0x0000000081c00000, 0x0000000081d00000|  0%| F|  |TAMS 0x0000000081c00000| PB 0x0000000081c00000| Untracked |  0
|  29|0x0000000081d00000, 0x0000000081d00000, 0x0000000081e00000|  0%| F|  |TAMS 0x0000000081d00000| PB 0x0000000081d00000| Untracked |  0
|  30|0x0000000081e00000, 0x0000000081e00000, 0x0000000081f00000|  0%| F|  |TAMS 0x0000000081e00000| PB 0x0000000081e00000| Untracked |  0
|  31|0x0000000081f00000, 0x0000000081f00000, 0x0000000082000000|  0%| F|  |TAMS 0x0000000081f00000| PB 0x0000000081f00000| Untracked |  0
|  32|0x0000000082000000, 0x0000000082000000, 0x0000000082100000|  0%| F|  |TAMS 0x0000000082000000| PB 0x0000000082000000| Untracked |  0
|  33|0x0000000082100000, 0x0000000082100000, 0x0000000082200000|  0%| F|  |TAMS 0x0000000082100000| PB 0x0000000082100000| Untracked |  0
|  34|0x0000000082200000, 0x0000000082200000, 0x0000000082300000|  0%| F|  |TAMS 0x0000000082200000| PB 0x0000000082200000| Untracked |  0
|  35|0x0000000082300000, 0x0000000082300000, 0x0000000082400000|  0%| F|  |TAMS 0x0000000082300000| PB 0x0000000082300000| Untracked |  0
|  36|0x0000000082400000, 0x0000000082400000, 0x0000000082500000|  0%| F|  |TAMS 0x0000000082400000| PB 0x0000000082400000| Untracked |  0
|  37|0x0000000082500000, 0x0000000082500000, 0x0000000082600000|  0%| F|  |TAMS 0x0000000082500000| PB 0x0000000082500000| Untracked |  0
|  38|0x0000000082600000, 0x0000000082600000, 0x0000000082700000|  0%| F|  |TAMS 0x0000000082600000| PB 0x0000000082600000| Untracked |  0
|  39|0x0000000082700000, 0x0000000082700000, 0x0000000082800000|  0%| F|  |TAMS 0x0000000082700000| PB 0x0000000082700000| Untracked |  0
|  40|0x0000000082800000, 0x0000000082800000, 0x0000000082900000|  0%| F|  |TAMS 0x0000000082800000| PB 0x0000000082800000| Untracked |  0
|  41|0x0000000082900000, 0x0000000082900000, 0x0000000082a00000|  0%| F|  |TAMS 0x0000000082900000| PB 0x0000000082900000| Untracked |  0
|  42|0x0000000082a00000, 0x0000000082a00000, 0x0000000082b00000|  0%| F|  |TAMS 0x0000000082a00000| PB 0x0000000082a00000| Untracked |  0
|  43|0x0000000082b00000, 0x0000000082b00000, 0x0000000082c00000|  0%| F|  |TAMS 0x0000000082b00000| PB 0x0000000082b00000| Untracked |  0
|  44|0x0000000082c00000, 0x0000000082c00000, 0x0000000082d00000|  0%| F|  |TAMS 0x0000000082c00000| PB 0x0000000082c00000| Untracked |  0
|  45|0x0000000082d00000, 0x0000000082d00000, 0x0000000082e00000|  0%| F|  |TAMS 0x0000000082d00000| PB 0x0000000082d00000| Untracked |  0
|  46|0x0000000082e00000, 0x0000000082e00000, 0x0000000082f00000|  0%| F|  |TAMS 0x0000000082e00000| PB 0x0000000082e00000| Untracked |  0
|  47|0x0000000082f00000, 0x0000000082f00000, 0x0000000083000000|  0%| F|  |TAMS 0x0000000082f00000| PB 0x0000000082f00000| Untracked |  0
|  48|0x0000000083000000, 0x0000000083000000, 0x0000000083100000|  0%| F|  |TAMS 0x0000000083000000| PB 0x0000000083000000| Untracked |  0
|  49|0x0000000083100000, 0x0000000083100000, 0x0000000083200000|  0%| F|  |TAMS 0x0000000083100000| PB 0x0000000083100000| Untracked |  0
|  50|0x0000000083200000, 0x0000000083200000, 0x0000000083300000|  0%| F|  |TAMS 0x0000000083200000| PB 0x0000000083200000| Untracked |  0
|  51|0x0000000083300000, 0x0000000083300000, 0x0000000083400000|  0%| F|  |TAMS 0x0000000083300000| PB 0x0000000083300000| Untracked |  0
|  52|0x0000000083400000, 0x0000000083400000, 0x0000000083500000|  0%| F|  |TAMS 0x0000000083400000| PB 0x0000000083400000| Untracked |  0
|  53|0x0000000083500000, 0x0000000083500000, 0x0000000083600000|  0%| F|  |TAMS 0x0000000083500000| PB 0x0000000083500000| Untracked |  0
|  54|0x0000000083600000, 0x0000000083600000, 0x0000000083700000|  0%| F|  |TAMS 0x0000000083600000| PB 0x0000000083600000| Untracked |  0
|  55|0x0000000083700000, 0x0000000083700000, 0x0000000083800000|  0%| F|  |TAMS 0x0000000083700000| PB 0x0000000083700000| Untracked |  0
|  56|0x0000000083800000, 0x0000000083800000, 0x0000000083900000|  0%| F|  |TAMS 0x0000000083800000| PB 0x0000000083800000| Untracked |  0
|  57|0x0000000083900000, 0x0000000083900000, 0x0000000083a00000|  0%| F|  |TAMS 0x0000000083900000| PB 0x0000000083900000| Untracked |  0
|  58|0x0000000083a00000, 0x0000000083a00000, 0x0000000083b00000|  0%| F|  |TAMS 0x0000000083a00000| PB 0x0000000083a00000| Untracked |  0
|  59|0x0000000083b00000, 0x0000000083b00000, 0x0000000083c00000|  0%| F|  |TAMS 0x0000000083b00000| PB 0x0000000083b00000| Untracked |  0
|  60|0x0000000083c00000, 0x0000000083c00000, 0x0000000083d00000|  0%| F|  |TAMS 0x0000000083c00000| PB 0x0000000083c00000| Untracked |  0
|  61|0x0000000083d00000, 0x0000000083d00000, 0x0000000083e00000|  0%| F|  |TAMS 0x0000000083d00000| PB 0x0000000083d00000| Untracked |  0
|  62|0x0000000083e00000, 0x0000000083e00000, 0x0000000083f00000|  0%| F|  |TAMS 0x0000000083e00000| PB 0x0000000083e00000| Untracked |  0
|  63|0x0000000083f00000, 0x0000000083f00000, 0x0000000084000000|  0%| F|  |TAMS 0x0000000083f00000| PB 0x0000000083f00000| Untracked |  0
|  64|0x0000000084000000, 0x0000000084000000, 0x0000000084100000|  0%| F|  |TAMS 0x0000000084000000| PB 0x0000000084000000| Untracked |  0
|  65|0x0000000084100000, 0x0000000084100000, 0x0000000084200000|  0%| F|  |TAMS 0x0000000084100000| PB 0x0000000084100000| Untracked |  0
|  66|0x0000000084200000, 0x0000000084200000, 0x0000000084300000|  0%| F|  |TAMS 0x0000000084200000| PB 0x0000000084200000| Untracked |  0
|  67|0x0000000084300000, 0x0000000084300000, 0x0000000084400000|  0%| F|  |TAMS 0x0000000084300000| PB 0x0000000084300000| Untracked |  0
|  68|0x0000000084400000, 0x0000000084400000, 0x0000000084500000|  0%| F|  |TAMS 0x0000000084400000| PB 0x0000000084400000| Untracked |  0
|  69|0x0000000084500000, 0x0000000084500000, 0x0000000084600000|  0%| F|  |TAMS 0x0000000084500000| PB 0x0000000084500000| Untracked |  0
|  70|0x0000000084600000, 0x0000000084600000, 0x0000000084700000|  0%| F|  |TAMS 0x0000000084600000| PB 0x0000000084600000| Untracked |  0
|  71|0x0000000084700000, 0x0000000084700000, 0x0000000084800000|  0%| F|  |TAMS 0x0000000084700000| PB 0x0000000084700000| Untracked |  0
|  72|0x0000000084800000, 0x0000000084800000, 0x0000000084900000|  0%| F|  |TAMS 0x0000000084800000| PB 0x0000000084800000| Untracked |  0
|  73|0x0000000084900000, 0x0000000084900000, 0x0000000084a00000|  0%| F|  |TAMS 0x0000000084900000| PB 0x0000000084900000| Untracked |  0
|  74|0x0000000084a00000, 0x0000000084a00000, 0x0000000084b00000|  0%| F|  |TAMS 0x0000000084a00000| PB 0x0000000084a00000| Untracked |  0
|  75|0x0000000084b00000, 0x0000000084b00000, 0x0000000084c00000|  0%| F|  |TAMS 0x0000000084b00000| PB 0x0000000084b00000| Untracked |  0
|  76|0x0000000084c00000, 0x0000000084c00000, 0x0000000084d00000|  0%| F|  |TAMS 0x0000000084c00000| PB 0x0000000084c00000| Untracked |  0
|  77|0x0000000084d00000, 0x0000000084d00000, 0x0000000084e00000|  0%| F|  |TAMS 0x0000000084d00000| PB 0x0000000084d00000| Untracked |  0
|  78|0x0000000084e00000, 0x0000000084e00000, 0x0000000084f00000|  0%| F|  |TAMS 0x0000000084e00000| PB 0x0000000084e00000| Untracked |  0
|  79|0x0000000084f00000, 0x0000000084f00000, 0x0000000085000000|  0%| F|  |TAMS 0x0000000084f00000| PB 0x0000000084f00000| Untracked |  0
|  80|0x0000000085000000, 0x0000000085000000, 0x0000000085100000|  0%| F|  |TAMS 0x0000000085000000| PB 0x0000000085000000| Untracked |  0
|  81|0x0000000085100000, 0x0000000085100000, 0x0000000085200000|  0%| F|  |TAMS 0x0000000085100000| PB 0x0000000085100000| Untracked |  0
|  82|0x0000000085200000, 0x0000000085200000, 0x0000000085300000|  0%| F|  |TAMS 0x0000000085200000| PB 0x0000000085200000| Untracked |  0
|  83|0x0000000085300000, 0x0000000085300000, 0x0000000085400000|  0%| F|  |TAMS 0x0000000085300000| PB 0x0000000085300000| Untracked |  0
|  84|0x0000000085400000, 0x0000000085400000, 0x0000000085500000|  0%| F|  |TAMS 0x0000000085400000| PB 0x0000000085400000| Untracked |  0
|  85|0x0000000085500000, 0x0000000085500000, 0x0000000085600000|  0%| F|  |TAMS 0x0000000085500000| PB 0x0000000085500000| Untracked |  0
|  86|0x0000000085600000, 0x0000000085600000, 0x0000000085700000|  0%| F|  |TAMS 0x0000000085600000| PB 0x0000000085600000| Untracked |  0
|  87|0x0000000085700000, 0x0000000085700000, 0x0000000085800000|  0%| F|  |TAMS 0x0000000085700000| PB 0x0000000085700000| Untracked |  0
|  88|0x0000000085800000, 0x0000000085800000, 0x0000000085900000|  0%| F|  |TAMS 0x0000000085800000| PB 0x0000000085800000| Untracked |  0
|  89|0x0000000085900000, 0x0000000085900000, 0x0000000085a00000|  0%| F|  |TAMS 0x0000000085900000| PB 0x0000000085900000| Untracked |  0
|  90|0x0000000085a00000, 0x0000000085a00000, 0x0000000085b00000|  0%| F|  |TAMS 0x0000000085a00000| PB 0x0000000085a00000| Untracked |  0
|  91|0x0000000085b00000, 0x0000000085b00000, 0x0000000085c00000|  0%| F|  |TAMS 0x0000000085b00000| PB 0x0000000085b00000| Untracked |  0
|  92|0x0000000085c00000, 0x0000000085c00000, 0x0000000085d00000|  0%| F|  |TAMS 0x0000000085c00000| PB 0x0000000085c00000| Untracked |  0
|  93|0x0000000085d00000, 0x0000000085d00000, 0x0000000085e00000|  0%| F|  |TAMS 0x0000000085d00000| PB 0x0000000085d00000| Untracked |  0
|  94|0x0000000085e00000, 0x0000000085e00000, 0x0000000085f00000|  0%| F|  |TAMS 0x0000000085e00000| PB 0x0000000085e00000| Untracked |  0
|  95|0x0000000085f00000, 0x0000000085f00000, 0x0000000086000000|  0%| F|  |TAMS 0x0000000085f00000| PB 0x0000000085f00000| Untracked |  0
|  96|0x0000000086000000, 0x0000000086000000, 0x0000000086100000|  0%| F|  |TAMS 0x0000000086000000| PB 0x0000000086000000| Untracked |  0
|  97|0x0000000086100000, 0x0000000086100000, 0x0000000086200000|  0%| F|  |TAMS 0x0000000086100000| PB 0x0000000086100000| Untracked |  0
|  98|0x0000000086200000, 0x0000000086200000, 0x0000000086300000|  0%| F|  |TAMS 0x0000000086200000| PB 0x0000000086200000| Untracked |  0
|  99|0x0000000086300000, 0x0000000086300000, 0x0000000086400000|  0%| F|  |TAMS 0x0000000086300000| PB 0x0000000086300000| Untracked |  0
| 100|0x0000000086400000, 0x0000000086400000, 0x0000000086500000|  0%| F|  |TAMS 0x0000000086400000| PB 0x0000000086400000| Untracked |  0
| 101|0x0000000086500000, 0x0000000086500000, 0x0000000086600000|  0%| F|  |TAMS 0x0000000086500000| PB 0x0000000086500000| Untracked |  0
| 102|0x0000000086600000, 0x0000000086600000, 0x0000000086700000|  0%| F|  |TAMS 0x0000000086600000| PB 0x0000000086600000| Untracked |  0
| 103|0x0000000086700000, 0x0000000086700000, 0x0000000086800000|  0%| F|  |TAMS 0x0000000086700000| PB 0x0000000086700000| Untracked |  0
| 104|0x0000000086800000, 0x0000000086800000, 0x0000000086900000|  0%| F|  |TAMS 0x0000000086800000| PB 0x0000000086800000| Untracked |  0
| 105|0x0000000086900000, 0x0000000086900000, 0x0000000086a00000|  0%| F|  |TAMS 0x0000000086900000| PB 0x0000000086900000| Untracked |  0
| 106|0x0000000086a00000, 0x0000000086a00000, 0x0000000086b00000|  0%| F|  |TAMS 0x0000000086a00000| PB 0x0000000086a00000| Untracked |  0
| 107|0x0000000086b00000, 0x0000000086b00000, 0x0000000086c00000|  0%| F|  |TAMS 0x0000000086b00000| PB 0x0000000086b00000| Untracked |  0
| 108|0x0000000086c00000, 0x0000000086c00000, 0x0000000086d00000|  0%| F|  |TAMS 0x0000000086c00000| PB 0x0000000086c00000| Untracked |  0
| 109|0x0000000086d00000, 0x0000000086d00000, 0x0000000086e00000|  0%| F|  |TAMS 0x0000000086d00000| PB 0x0000000086d00000| Untracked |  0
| 110|0x0000000086e00000, 0x0000000086e00000, 0x0000000086f00000|  0%| F|  |TAMS 0x0000000086e00000| PB 0x0000000086e00000| Untracked |  0
| 111|0x0000000086f00000, 0x0000000086f00000, 0x0000000087000000|  0%| F|  |TAMS 0x0000000086f00000| PB 0x0000000086f00000| Untracked |  0
| 112|0x0000000087000000, 0x0000000087000000, 0x0000000087100000|  0%| F|  |TAMS 0x0000000087000000| PB 0x0000000087000000| Untracked |  0
| 113|0x0000000087100000, 0x0000000087100000, 0x0000000087200000|  0%| F|  |TAMS 0x0000000087100000| PB 0x0000000087100000| Untracked |  0
| 114|0x0000000087200000, 0x0000000087200000, 0x0000000087300000|  0%| F|  |TAMS 0x0000000087200000| PB 0x0000000087200000| Untracked |  0
| 115|0x0000000087300000, 0x0000000087300000, 0x0000000087400000|  0%| F|  |TAMS 0x0000000087300000| PB 0x0000000087300000| Untracked |  0
| 116|0x0000000087400000, 0x0000000087400000, 0x0000000087500000|  0%| F|  |TAMS 0x0000000087400000| PB 0x0000000087400000| Untracked |  0
| 117|0x0000000087500000, 0x0000000087500000, 0x0000000087600000|  0%| F|  |TAMS 0x0000000087500000| PB 0x0000000087500000| Untracked |  0
| 118|0x0000000087600000, 0x0000000087600000, 0x0000000087700000|  0%| F|  |TAMS 0x0000000087600000| PB 0x0000000087600000| Untracked |  0
| 119|0x0000000087700000, 0x0000000087700000, 0x0000000087800000|  0%| F|  |TAMS 0x0000000087700000| PB 0x0000000087700000| Untracked |  0
| 120|0x0000000087800000, 0x0000000087800000, 0x0000000087900000|  0%| F|  |TAMS 0x0000000087800000| PB 0x0000000087800000| Untracked |  0
| 121|0x0000000087900000, 0x0000000087900000, 0x0000000087a00000|  0%| F|  |TAMS 0x0000000087900000| PB 0x0000000087900000| Untracked |  0
| 122|0x0000000087a00000, 0x0000000087a00000, 0x0000000087b00000|  0%| F|  |TAMS 0x0000000087a00000| PB 0x0000000087a00000| Untracked |  0
| 123|0x0000000087b00000, 0x0000000087b00000, 0x0000000087c00000|  0%| F|  |TAMS 0x0000000087b00000| PB 0x0000000087b00000| Untracked |  0
| 124|0x0000000087c00000, 0x0000000087c00000, 0x0000000087d00000|  0%| F|  |TAMS 0x0000000087c00000| PB 0x0000000087c00000| Untracked |  0
| 125|0x0000000087d00000, 0x0000000087d00000, 0x0000000087e00000|  0%| F|  |TAMS 0x0000000087d00000| PB 0x0000000087d00000| Untracked |  0
| 126|0x0000000087e00000, 0x0000000087e00000, 0x0000000087f00000|  0%| F|  |TAMS 0x0000000087e00000| PB 0x0000000087e00000| Untracked |  0
| 127|0x0000000087f00000, 0x0000000087f00000, 0x0000000088000000|  0%| F|  |TAMS 0x0000000087f00000| PB 0x0000000087f00000| Untracked |  0
| 128|0x0000000088000000, 0x0000000088000000, 0x0000000088100000|  0%| F|  |TAMS 0x0000000088000000| PB 0x0000000088000000| Untracked |  0
| 129|0x0000000088100000, 0x0000000088100000, 0x0000000088200000|  0%| F|  |TAMS 0x0000000088100000| PB 0x0000000088100000| Untracked |  0
| 130|0x0000000088200000, 0x0000000088200000, 0x0000000088300000|  0%| F|  |TAMS 0x0000000088200000| PB 0x0000000088200000| Untracked |  0
| 131|0x0000000088300000, 0x0000000088300000, 0x0000000088400000|  0%| F|  |TAMS 0x0000000088300000| PB 0x0000000088300000| Untracked |  0
| 132|0x0000000088400000, 0x0000000088400000, 0x0000000088500000|  0%| F|  |TAMS 0x0000000088400000| PB 0x0000000088400000| Untracked |  0
| 133|0x0000000088500000, 0x0000000088500000, 0x0000000088600000|  0%| F|  |TAMS 0x0000000088500000| PB 0x0000000088500000| Untracked |  0
| 134|0x0000000088600000, 0x0000000088600000, 0x0000000088700000|  0%| F|  |TAMS 0x0000000088600000| PB 0x0000000088600000| Untracked |  0
| 135|0x0000000088700000, 0x0000000088700000, 0x0000000088800000|  0%| F|  |TAMS 0x0000000088700000| PB 0x0000000088700000| Untracked |  0
| 136|0x0000000088800000, 0x0000000088800000, 0x0000000088900000|  0%| F|  |TAMS 0x0000000088800000| PB 0x0000000088800000| Untracked |  0
| 137|0x0000000088900000, 0x0000000088900000, 0x0000000088a00000|  0%| F|  |TAMS 0x0000000088900000| PB 0x0000000088900000| Untracked |  0
| 138|0x0000000088a00000, 0x0000000088a00000, 0x0000000088b00000|  0%| F|  |TAMS 0x0000000088a00000| PB 0x0000000088a00000| Untracked |  0
| 139|0x0000000088b00000, 0x0000000088b00000, 0x0000000088c00000|  0%| F|  |TAMS 0x0000000088b00000| PB 0x0000000088b00000| Untracked |  0
| 140|0x0000000088c00000, 0x0000000088c00000, 0x0000000088d00000|  0%| F|  |TAMS 0x0000000088c00000| PB 0x0000000088c00000| Untracked |  0
| 141|0x0000000088d00000, 0x0000000088d00000, 0x0000000088e00000|  0%| F|  |TAMS 0x0000000088d00000| PB 0x0000000088d00000| Untracked |  0
| 142|0x0000000088e00000, 0x0000000088e00000, 0x0000000088f00000|  0%| F|  |TAMS 0x0000000088e00000| PB 0x0000000088e00000| Untracked |  0
| 143|0x0000000088f00000, 0x0000000088f00000, 0x0000000089000000|  0%| F|  |TAMS 0x0000000088f00000| PB 0x0000000088f00000| Untracked |  0
| 144|0x0000000089000000, 0x0000000089000000, 0x0000000089100000|  0%| F|  |TAMS 0x0000000089000000| PB 0x0000000089000000| Untracked |  0
| 145|0x0000000089100000, 0x0000000089100000, 0x0000000089200000|  0%| F|  |TAMS 0x0000000089100000| PB 0x0000000089100000| Untracked |  0
| 146|0x0000000089200000, 0x0000000089200000, 0x0000000089300000|  0%| F|  |TAMS 0x0000000089200000| PB 0x0000000089200000| Untracked |  0
| 147|0x0000000089300000, 0x0000000089300000, 0x0000000089400000|  0%| F|  |TAMS 0x0000000089300000| PB 0x0000000089300000| Untracked |  0
| 148|0x0000000089400000, 0x0000000089400000, 0x0000000089500000|  0%| F|  |TAMS 0x0000000089400000| PB 0x0000000089400000| Untracked |  0
| 149|0x0000000089500000, 0x0000000089500000, 0x0000000089600000|  0%| F|  |TAMS 0x0000000089500000| PB 0x0000000089500000| Untracked |  0
| 150|0x0000000089600000, 0x0000000089600000, 0x0000000089700000|  0%| F|  |TAMS 0x0000000089600000| PB 0x0000000089600000| Untracked |  0
| 151|0x0000000089700000, 0x0000000089700000, 0x0000000089800000|  0%| F|  |TAMS 0x0000000089700000| PB 0x0000000089700000| Untracked |  0
| 152|0x0000000089800000, 0x0000000089800000, 0x0000000089900000|  0%| F|  |TAMS 0x0000000089800000| PB 0x0000000089800000| Untracked |  0
| 153|0x0000000089900000, 0x0000000089900000, 0x0000000089a00000|  0%| F|  |TAMS 0x0000000089900000| PB 0x0000000089900000| Untracked |  0
| 154|0x0000000089a00000, 0x0000000089a00000, 0x0000000089b00000|  0%| F|  |TAMS 0x0000000089a00000| PB 0x0000000089a00000| Untracked |  0
| 155|0x0000000089b00000, 0x0000000089b00000, 0x0000000089c00000|  0%| F|  |TAMS 0x0000000089b00000| PB 0x0000000089b00000| Untracked |  0
| 156|0x0000000089c00000, 0x0000000089c00000, 0x0000000089d00000|  0%| F|  |TAMS 0x0000000089c00000| PB 0x0000000089c00000| Untracked |  0
| 157|0x0000000089d00000, 0x0000000089d00000, 0x0000000089e00000|  0%| F|  |TAMS 0x0000000089d00000| PB 0x0000000089d00000| Untracked |  0
| 158|0x0000000089e00000, 0x0000000089edc580, 0x0000000089f00000| 86%| S|CS|TAMS 0x0000000089e00000| PB 0x0000000089e00000| Complete |  0
| 159|0x0000000089f00000, 0x000000008a000000, 0x000000008a000000|100%| S|CS|TAMS 0x0000000089f00000| PB 0x0000000089f00000| Complete |  0
| 160|0x000000008a000000, 0x000000008a100000, 0x000000008a100000|100%| S|CS|TAMS 0x000000008a000000| PB 0x000000008a000000| Complete |  0
| 161|0x000000008a100000, 0x000000008a200000, 0x000000008a200000|100%| S|CS|TAMS 0x000000008a100000| PB 0x000000008a100000| Complete |  0
| 162|0x000000008a200000, 0x000000008a300000, 0x000000008a300000|100%| S|CS|TAMS 0x000000008a200000| PB 0x000000008a200000| Complete |  0
| 163|0x000000008a300000, 0x000000008a400000, 0x000000008a400000|100%| S|CS|TAMS 0x000000008a300000| PB 0x000000008a300000| Complete |  0
| 164|0x000000008a400000, 0x000000008a500000, 0x000000008a500000|100%| S|CS|TAMS 0x000000008a400000| PB 0x000000008a400000| Complete |  0
| 165|0x000000008a500000, 0x000000008a600000, 0x000000008a600000|100%| S|CS|TAMS 0x000000008a500000| PB 0x000000008a500000| Complete |  0
| 166|0x000000008a600000, 0x000000008a700000, 0x000000008a700000|100%| S|CS|TAMS 0x000000008a600000| PB 0x000000008a600000| Complete |  0
| 167|0x000000008a700000, 0x000000008a800000, 0x000000008a800000|100%| S|CS|TAMS 0x000000008a700000| PB 0x000000008a700000| Complete |  0
| 168|0x000000008a800000, 0x000000008a800000, 0x000000008a900000|  0%| F|  |TAMS 0x000000008a800000| PB 0x000000008a800000| Untracked |  0
| 169|0x000000008a900000, 0x000000008a900000, 0x000000008aa00000|  0%| F|  |TAMS 0x000000008a900000| PB 0x000000008a900000| Untracked |  0
| 170|0x000000008aa00000, 0x000000008aa00000, 0x000000008ab00000|  0%| F|  |TAMS 0x000000008aa00000| PB 0x000000008aa00000| Untracked |  0
| 171|0x000000008ab00000, 0x000000008ab00000, 0x000000008ac00000|  0%| F|  |TAMS 0x000000008ab00000| PB 0x000000008ab00000| Untracked |  0
| 172|0x000000008ac00000, 0x000000008ac00000, 0x000000008ad00000|  0%| F|  |TAMS 0x000000008ac00000| PB 0x000000008ac00000| Untracked |  0
| 173|0x000000008ad00000, 0x000000008ad00000, 0x000000008ae00000|  0%| F|  |TAMS 0x000000008ad00000| PB 0x000000008ad00000| Untracked |  0
| 174|0x000000008ae00000, 0x000000008ae00000, 0x000000008af00000|  0%| F|  |TAMS 0x000000008ae00000| PB 0x000000008ae00000| Untracked |  0
| 175|0x000000008af00000, 0x000000008af00000, 0x000000008b000000|  0%| F|  |TAMS 0x000000008af00000| PB 0x000000008af00000| Untracked |  0
| 176|0x000000008b000000, 0x000000008b000000, 0x000000008b100000|  0%| F|  |TAMS 0x000000008b000000| PB 0x000000008b000000| Untracked |  0
| 177|0x000000008b100000, 0x000000008b100000, 0x000000008b200000|  0%| F|  |TAMS 0x000000008b100000| PB 0x000000008b100000| Untracked |  0
| 178|0x000000008b200000, 0x000000008b200000, 0x000000008b300000|  0%| F|  |TAMS 0x000000008b200000| PB 0x000000008b200000| Untracked |  0
| 179|0x000000008b300000, 0x000000008b300000, 0x000000008b400000|  0%| F|  |TAMS 0x000000008b300000| PB 0x000000008b300000| Untracked |  0
| 180|0x000000008b400000, 0x000000008b400000, 0x000000008b500000|  0%| F|  |TAMS 0x000000008b400000| PB 0x000000008b400000| Untracked |  0
| 181|0x000000008b500000, 0x000000008b500000, 0x000000008b600000|  0%| F|  |TAMS 0x000000008b500000| PB 0x000000008b500000| Untracked |  0
| 182|0x000000008b600000, 0x000000008b600000, 0x000000008b700000|  0%| F|  |TAMS 0x000000008b600000| PB 0x000000008b600000| Untracked |  0
| 183|0x000000008b700000, 0x000000008b700000, 0x000000008b800000|  0%| F|  |TAMS 0x000000008b700000| PB 0x000000008b700000| Untracked |  0
| 184|0x000000008b800000, 0x000000008b800000, 0x000000008b900000|  0%| F|  |TAMS 0x000000008b800000| PB 0x000000008b800000| Untracked |  0
| 185|0x000000008b900000, 0x000000008b900000, 0x000000008ba00000|  0%| F|  |TAMS 0x000000008b900000| PB 0x000000008b900000| Untracked |  0
| 186|0x000000008ba00000, 0x000000008ba00000, 0x000000008bb00000|  0%| F|  |TAMS 0x000000008ba00000| PB 0x000000008ba00000| Untracked |  0
| 187|0x000000008bb00000, 0x000000008bb00000, 0x000000008bc00000|  0%| F|  |TAMS 0x000000008bb00000| PB 0x000000008bb00000| Untracked |  0
| 188|0x000000008bc00000, 0x000000008bc00000, 0x000000008bd00000|  0%| F|  |TAMS 0x000000008bc00000| PB 0x000000008bc00000| Untracked |  0
| 189|0x000000008bd00000, 0x000000008bd00000, 0x000000008be00000|  0%| F|  |TAMS 0x000000008bd00000| PB 0x000000008bd00000| Untracked |  0
| 190|0x000000008be00000, 0x000000008be00000, 0x000000008bf00000|  0%| F|  |TAMS 0x000000008be00000| PB 0x000000008be00000| Untracked |  0
| 191|0x000000008bf00000, 0x000000008bf00000, 0x000000008c000000|  0%| F|  |TAMS 0x000000008bf00000| PB 0x000000008bf00000| Untracked |  0
| 192|0x000000008c000000, 0x000000008c000000, 0x000000008c100000|  0%| F|  |TAMS 0x000000008c000000| PB 0x000000008c000000| Untracked |  0
| 193|0x000000008c100000, 0x000000008c100000, 0x000000008c200000|  0%| F|  |TAMS 0x000000008c100000| PB 0x000000008c100000| Untracked |  0
| 194|0x000000008c200000, 0x000000008c200000, 0x000000008c300000|  0%| F|  |TAMS 0x000000008c200000| PB 0x000000008c200000| Untracked |  0
| 195|0x000000008c300000, 0x000000008c300000, 0x000000008c400000|  0%| F|  |TAMS 0x000000008c300000| PB 0x000000008c300000| Untracked |  0
| 196|0x000000008c400000, 0x000000008c400000, 0x000000008c500000|  0%| F|  |TAMS 0x000000008c400000| PB 0x000000008c400000| Untracked |  0
| 197|0x000000008c500000, 0x000000008c500000, 0x000000008c600000|  0%| F|  |TAMS 0x000000008c500000| PB 0x000000008c500000| Untracked |  0
| 198|0x000000008c600000, 0x000000008c600000, 0x000000008c700000|  0%| F|  |TAMS 0x000000008c600000| PB 0x000000008c600000| Untracked |  0
| 199|0x000000008c700000, 0x000000008c700000, 0x000000008c800000|  0%| F|  |TAMS 0x000000008c700000| PB 0x000000008c700000| Untracked |  0
| 200|0x000000008c800000, 0x000000008c800000, 0x000000008c900000|  0%| F|  |TAMS 0x000000008c800000| PB 0x000000008c800000| Untracked |  0
| 201|0x000000008c900000, 0x000000008c900000, 0x000000008ca00000|  0%| F|  |TAMS 0x000000008c900000| PB 0x000000008c900000| Untracked |  0
| 202|0x000000008ca00000, 0x000000008ca00000, 0x000000008cb00000|  0%| F|  |TAMS 0x000000008ca00000| PB 0x000000008ca00000| Untracked |  0
| 203|0x000000008cb00000, 0x000000008cb00000, 0x000000008cc00000|  0%| F|  |TAMS 0x000000008cb00000| PB 0x000000008cb00000| Untracked |  0
| 204|0x000000008cc00000, 0x000000008cc00000, 0x000000008cd00000|  0%| F|  |TAMS 0x000000008cc00000| PB 0x000000008cc00000| Untracked |  0
| 205|0x000000008cd00000, 0x000000008cd00000, 0x000000008ce00000|  0%| F|  |TAMS 0x000000008cd00000| PB 0x000000008cd00000| Untracked |  0
| 206|0x000000008ce00000, 0x000000008ce00000, 0x000000008cf00000|  0%| F|  |TAMS 0x000000008ce00000| PB 0x000000008ce00000| Untracked |  0
| 207|0x000000008cf00000, 0x000000008cf00000, 0x000000008d000000|  0%| F|  |TAMS 0x000000008cf00000| PB 0x000000008cf00000| Untracked |  0
| 208|0x000000008d000000, 0x000000008d000000, 0x000000008d100000|  0%| F|  |TAMS 0x000000008d000000| PB 0x000000008d000000| Untracked |  0
| 209|0x000000008d100000, 0x000000008d100000, 0x000000008d200000|  0%| F|  |TAMS 0x000000008d100000| PB 0x000000008d100000| Untracked |  0
| 210|0x000000008d200000, 0x000000008d200000, 0x000000008d300000|  0%| F|  |TAMS 0x000000008d200000| PB 0x000000008d200000| Untracked |  0
| 211|0x000000008d300000, 0x000000008d300000, 0x000000008d400000|  0%| F|  |TAMS 0x000000008d300000| PB 0x000000008d300000| Untracked |  0
| 212|0x000000008d400000, 0x000000008d400000, 0x000000008d500000|  0%| F|  |TAMS 0x000000008d400000| PB 0x000000008d400000| Untracked |  0
| 213|0x000000008d500000, 0x000000008d500000, 0x000000008d600000|  0%| F|  |TAMS 0x000000008d500000| PB 0x000000008d500000| Untracked |  0
| 214|0x000000008d600000, 0x000000008d600000, 0x000000008d700000|  0%| F|  |TAMS 0x000000008d600000| PB 0x000000008d600000| Untracked |  0
| 215|0x000000008d700000, 0x000000008d700000, 0x000000008d800000|  0%| F|  |TAMS 0x000000008d700000| PB 0x000000008d700000| Untracked |  0
| 216|0x000000008d800000, 0x000000008d800000, 0x000000008d900000|  0%| F|  |TAMS 0x000000008d800000| PB 0x000000008d800000| Untracked |  0
| 217|0x000000008d900000, 0x000000008d9e7508, 0x000000008da00000| 90%| E|  |TAMS 0x000000008d900000| PB 0x000000008d900000| Complete |  0
| 218|0x000000008da00000, 0x000000008db00000, 0x000000008db00000|100%| E|CS|TAMS 0x000000008da00000| PB 0x000000008da00000| Complete |  0
| 219|0x000000008db00000, 0x000000008dc00000, 0x000000008dc00000|100%| E|CS|TAMS 0x000000008db00000| PB 0x000000008db00000| Complete |  0
| 220|0x000000008dc00000, 0x000000008dd00000, 0x000000008dd00000|100%| E|CS|TAMS 0x000000008dc00000| PB 0x000000008dc00000| Complete |  0
| 221|0x000000008dd00000, 0x000000008de00000, 0x000000008de00000|100%| E|CS|TAMS 0x000000008dd00000| PB 0x000000008dd00000| Complete |  0
| 222|0x000000008de00000, 0x000000008df00000, 0x000000008df00000|100%| E|CS|TAMS 0x000000008de00000| PB 0x000000008de00000| Complete |  0
| 223|0x000000008df00000, 0x000000008e000000, 0x000000008e000000|100%| E|CS|TAMS 0x000000008df00000| PB 0x000000008df00000| Complete |  0
| 224|0x000000008e000000, 0x000000008e100000, 0x000000008e100000|100%| E|CS|TAMS 0x000000008e000000| PB 0x000000008e000000| Complete |  0
| 225|0x000000008e100000, 0x000000008e200000, 0x000000008e200000|100%| E|CS|TAMS 0x000000008e100000| PB 0x000000008e100000| Complete |  0
| 226|0x000000008e200000, 0x000000008e300000, 0x000000008e300000|100%| E|CS|TAMS 0x000000008e200000| PB 0x000000008e200000| Complete |  0
| 227|0x000000008e300000, 0x000000008e400000, 0x000000008e400000|100%| E|CS|TAMS 0x000000008e300000| PB 0x000000008e300000| Complete |  0
| 228|0x000000008e400000, 0x000000008e500000, 0x000000008e500000|100%| E|CS|TAMS 0x000000008e400000| PB 0x000000008e400000| Complete |  0
| 229|0x000000008e500000, 0x000000008e600000, 0x000000008e600000|100%| E|CS|TAMS 0x000000008e500000| PB 0x000000008e500000| Complete |  0
| 230|0x000000008e600000, 0x000000008e700000, 0x000000008e700000|100%| E|CS|TAMS 0x000000008e600000| PB 0x000000008e600000| Complete |  0
| 231|0x000000008e700000, 0x000000008e800000, 0x000000008e800000|100%| E|CS|TAMS 0x000000008e700000| PB 0x000000008e700000| Complete |  0
| 232|0x000000008e800000, 0x000000008e900000, 0x000000008e900000|100%| E|CS|TAMS 0x000000008e800000| PB 0x000000008e800000| Complete |  0
| 233|0x000000008e900000, 0x000000008ea00000, 0x000000008ea00000|100%| E|CS|TAMS 0x000000008e900000| PB 0x000000008e900000| Complete |  0
| 234|0x000000008ea00000, 0x000000008eb00000, 0x000000008eb00000|100%| E|CS|TAMS 0x000000008ea00000| PB 0x000000008ea00000| Complete |  0
| 235|0x000000008eb00000, 0x000000008ec00000, 0x000000008ec00000|100%| E|CS|TAMS 0x000000008eb00000| PB 0x000000008eb00000| Complete |  0
| 236|0x000000008ec00000, 0x000000008ed00000, 0x000000008ed00000|100%| E|CS|TAMS 0x000000008ec00000| PB 0x000000008ec00000| Complete |  0
| 237|0x000000008ed00000, 0x000000008ee00000, 0x000000008ee00000|100%| E|CS|TAMS 0x000000008ed00000| PB 0x000000008ed00000| Complete |  0
| 238|0x000000008ee00000, 0x000000008ef00000, 0x000000008ef00000|100%| E|CS|TAMS 0x000000008ee00000| PB 0x000000008ee00000| Complete |  0
| 239|0x000000008ef00000, 0x000000008f000000, 0x000000008f000000|100%| E|CS|TAMS 0x000000008ef00000| PB 0x000000008ef00000| Complete |  0
| 240|0x000000008f000000, 0x000000008f100000, 0x000000008f100000|100%| E|CS|TAMS 0x000000008f000000| PB 0x000000008f000000| Complete |  0
| 241|0x000000008f100000, 0x000000008f200000, 0x000000008f200000|100%| E|CS|TAMS 0x000000008f100000| PB 0x000000008f100000| Complete |  0
| 242|0x000000008f200000, 0x000000008f300000, 0x000000008f300000|100%| E|CS|TAMS 0x000000008f200000| PB 0x000000008f200000| Complete |  0
| 243|0x000000008f300000, 0x000000008f400000, 0x000000008f400000|100%| E|CS|TAMS 0x000000008f300000| PB 0x000000008f300000| Complete |  0

Card table byte_map: [0x000001f9bfb70000,0x000001f9bff70000] _byte_map_base: 0x000001f9bf770000

Marking Bits: (CMBitMap*) 0x000001f9a76fa9c0
 Bits: [0x000001f9bff70000, 0x000001f9c1f70000)

Polling page: 0x000001f9a54f0000

Metaspace:

Usage:
  Non-class:     16.87 MB used.
      Class:      2.93 MB used.
       Both:     19.80 MB used.

Virtual space:
  Non-class space:       64.00 MB reserved,      17.25 MB ( 27%) committed,  1 nodes.
      Class space:        1.00 GB reserved,       3.25 MB ( <1%) committed,  1 nodes.
             Both:        1.06 GB reserved,      20.50 MB (  2%) committed. 

Chunk freelists:
   Non-Class:  14.16 MB
       Class:  12.61 MB
        Both:  26.77 MB

MaxMetaspaceSize: unlimited
CompressedClassSpaceSize: 1.00 GB
Initial GC threshold: 21.00 MB
Current GC threshold: 21.00 MB
CDS: on
 - commit_granule_bytes: 65536.
 - commit_granule_words: 8192.
 - virtual_space_node_default_size: 8388608.
 - enlarge_chunks_in_place: 1.
 - use_allocation_guard: 0.


Internal statistics:

num_allocs_failed_limit: 0.
num_arena_births: 912.
num_arena_deaths: 0.
num_vsnodes_births: 2.
num_vsnodes_deaths: 0.
num_space_committed: 328.
num_space_uncommitted: 0.
num_chunks_returned_to_freelist: 0.
num_chunks_taken_from_freelist: 1695.
num_chunk_merges: 0.
num_chunk_splits: 1088.
num_chunks_enlarged: 715.
num_inconsistent_stats: 0.

CodeHeap 'non-profiled nmethods': size=119232Kb used=1295Kb max_used=1295Kb free=117937Kb
 bounds [0x000001f9b7960000, 0x000001f9b7bd0000, 0x000001f9bedd0000]
CodeHeap 'profiled nmethods': size=119104Kb used=5289Kb max_used=5289Kb free=113814Kb
 bounds [0x000001f9afdd0000, 0x000001f9b0300000, 0x000001f9b7220000]
CodeHeap 'non-nmethods': size=7424Kb used=2642Kb max_used=3270Kb free=4781Kb
 bounds [0x000001f9b7220000, 0x000001f9b7560000, 0x000001f9b7960000]
CodeCache: size=245760Kb, used=9226Kb, max_used=9854Kb, free=236532Kb
 total_blobs=4040, nmethods=3441, adapters=502, full_count=0
Compilation: enabled, stopped_count=0, restarted_count=0

Compilation events (20 events):
Event: 2.191 Thread 0x000001f9c51e9f30 nmethod 3436 0x000001f9b02f2408 code [0x000001f9b02f25a0, 0x000001f9b02f2c80]
Event: 2.192 Thread 0x000001f9c51e9f30 3437       3       java.lang.invoke.Invokers$Holder::invokeExact_MT (24 bytes)
Event: 2.192 Thread 0x000001f9c51ea5f0 nmethod 3431 0x000001f9b02f2d88 code [0x000001f9b02f3400, 0x000001f9b02f70a0]
Event: 2.193 Thread 0x000001f9c51e9f30 nmethod 3437 0x000001f9b02f7208 code [0x000001f9b02f7380, 0x000001f9b02f79a0]
Event: 2.201 Thread 0x000001f9c51e9f30 3438       3       java.lang.Class::copyConstructors (38 bytes)
Event: 2.202 Thread 0x000001f9c51e9f30 nmethod 3438 0x000001f9b02f7a08 code [0x000001f9b02f7c00, 0x000001f9b02f8740]
Event: 2.203 Thread 0x000001f9c51e9f30 3439       3       org.gradle.internal.service.DefaultServiceRegistry::access$2000 (4 bytes)
Event: 2.203 Thread 0x000001f9c51e9f30 nmethod 3439 0x000001f9b02f8808 code [0x000001f9b02f8920, 0x000001f9b02f8a18]
Event: 2.844 Thread 0x000001f9c51ea5f0 3440       3       java.lang.Thread::isVirtual (5 bytes)
Event: 2.844 Thread 0x000001f9c51ea5f0 nmethod 3440 0x000001f9b02f8b08 code [0x000001f9b02f8c20, 0x000001f9b02f8e08]
Event: 2.998 Thread 0x000001f9c50e0d50 3443       3       java.util.concurrent.locks.ReentrantLock$NonfairSync::tryAcquire (27 bytes)
Event: 2.999 Thread 0x000001f9c50e0d50 nmethod 3443 0x000001f9b02f8e88 code [0x000001f9b02f8fc0, 0x000001f9b02f9238]
Event: 3.049 Thread 0x000001f9c50e0d50 3444       3       jdk.internal.misc.Unsafe::putReferenceOpaque (9 bytes)
Event: 3.050 Thread 0x000001f9c50e0d50 nmethod 3444 0x000001f9b02f9288 code [0x000001f9b02f93a0, 0x000001f9b02f9500]
Event: 3.097 Thread 0x000001f9c50e0d50 3445       3       java.util.concurrent.locks.LockSupport::setBlocker (12 bytes)
Event: 3.098 Thread 0x000001f9c50e0d50 nmethod 3445 0x000001f9b02f9588 code [0x000001f9b02f96a0, 0x000001f9b02f98a8]
Event: 3.112 Thread 0x000001f9c50e0d50 3446       3       java.util.concurrent.TimeUnit::toNanos (45 bytes)
Event: 3.112 Thread 0x000001f9c50e0d50 nmethod 3446 0x000001f9b02f9908 code [0x000001f9b02f9a40, 0x000001f9b02f9c88]
Event: 3.165 Thread 0x000001f9c50e0d50 3447       3       java.util.concurrent.locks.AbstractQueuedSynchronizer$ConditionObject::canReacquire (38 bytes)
Event: 3.165 Thread 0x000001f9c50e0d50 nmethod 3447 0x000001f9b02f9d08 code [0x000001f9b02f9e40, 0x000001f9b02fa178]

GC Heap History (8 events):
Event: 0.222 GC heap before
{Heap before GC invocations=0 (full 0):
 garbage-first heap   total reserved 2097152K, committed 249856K, used 23552K [0x0000000080000000, 0x0000000100000000)
  region size 1024K, 24 young (24576K), 0 survivors (0K)
 Metaspace       used 1093K, committed 1216K, reserved 1114112K
  class space    used 78K, committed 128K, reserved 1048576K
}
Event: 0.223 GC heap after
{Heap after GC invocations=1 (full 0):
 garbage-first heap   total reserved 2097152K, committed 249856K, used 2963K [0x0000000080000000, 0x0000000100000000)
  region size 1024K, 3 young (3072K), 3 survivors (3072K)
 Metaspace       used 1093K, committed 1216K, reserved 1114112K
  class space    used 78K, committed 128K, reserved 1048576K
}
Event: 0.545 GC heap before
{Heap before GC invocations=1 (full 0):
 garbage-first heap   total reserved 2097152K, committed 249856K, used 30611K [0x0000000080000000, 0x0000000100000000)
  region size 1024K, 28 young (28672K), 3 survivors (3072K)
 Metaspace       used 4705K, committed 4928K, reserved 1114112K
  class space    used 602K, committed 704K, reserved 1048576K
}
Event: 0.548 GC heap after
{Heap after GC invocations=2 (full 0):
 garbage-first heap   total reserved 2097152K, committed 249856K, used 11234K [0x0000000080000000, 0x0000000100000000)
  region size 1024K, 4 young (4096K), 4 survivors (4096K)
 Metaspace       used 4705K, committed 4928K, reserved 1114112K
  class space    used 602K, committed 704K, reserved 1048576K
}
Event: 0.804 GC heap before
{Heap before GC invocations=2 (full 0):
 garbage-first heap   total reserved 2097152K, committed 249856K, used 52194K [0x0000000080000000, 0x0000000100000000)
  region size 1024K, 43 young (44032K), 4 survivors (4096K)
 Metaspace       used 4791K, committed 4992K, reserved 1114112K
  class space    used 602K, committed 704K, reserved 1048576K
}
Event: 0.806 GC heap after
{Heap after GC invocations=3 (full 0):
 garbage-first heap   total reserved 2097152K, committed 249856K, used 13998K [0x0000000080000000, 0x0000000100000000)
  region size 1024K, 2 young (2048K), 2 survivors (2048K)
 Metaspace       used 4791K, committed 4992K, reserved 1114112K
  class space    used 602K, committed 704K, reserved 1048576K
}
Event: 1.855 GC heap before
{Heap before GC invocations=3 (full 0):
 garbage-first heap   total reserved 2097152K, committed 249856K, used 88750K [0x0000000080000000, 0x0000000100000000)
  region size 1024K, 76 young (77824K), 2 survivors (2048K)
 Metaspace       used 17245K, committed 17856K, reserved 1114112K
  class space    used 2450K, committed 2752K, reserved 1048576K
}
Event: 1.860 GC heap after
{Heap after GC invocations=4 (full 0):
 garbage-first heap   total reserved 2097152K, committed 249856K, used 22178K [0x0000000080000000, 0x0000000100000000)
  region size 1024K, 10 young (10240K), 10 survivors (10240K)
 Metaspace       used 17245K, committed 17856K, reserved 1114112K
  class space    used 2450K, committed 2752K, reserved 1048576K
}

Dll operation events (15 events):
Event: 0.008 Loaded shared library C:\Program Files\Java\jdk-23\bin\java.dll
Event: 0.030 Loaded shared library C:\Program Files\Java\jdk-23\bin\jsvml.dll
Event: 0.059 Loaded shared library C:\Program Files\Java\jdk-23\bin\zip.dll
Event: 0.062 Loaded shared library C:\Program Files\Java\jdk-23\bin\instrument.dll
Event: 0.065 Loaded shared library C:\Program Files\Java\jdk-23\bin\net.dll
Event: 0.066 Loaded shared library C:\Program Files\Java\jdk-23\bin\nio.dll
Event: 0.068 Loaded shared library C:\Program Files\Java\jdk-23\bin\zip.dll
Event: 0.190 Loaded shared library C:\Program Files\Java\jdk-23\bin\jimage.dll
Event: 0.259 Loaded shared library C:\Program Files\Java\jdk-23\bin\verify.dll
Event: 0.333 Loaded shared library C:\Users\Haqii\.gradle\native\1def1411415f61bf3af743bc5b6707747c0891f09f0c88961ee8f79bc544acac\windows-amd64\native-platform.dll
Event: 0.340 Loaded shared library C:\Users\Haqii\.gradle\native\0.2.7\x86_64-windows-gnu\gradle-fileevents.dll
Event: 1.033 Loaded shared library C:\Program Files\Java\jdk-23\bin\management.dll
Event: 1.035 Loaded shared library C:\Program Files\Java\jdk-23\bin\management_ext.dll
Event: 1.124 Loaded shared library C:\Program Files\Java\jdk-23\bin\extnet.dll
Event: 1.277 Loaded shared library C:\Program Files\Java\jdk-23\bin\sunmscapi.dll

Deoptimization events (20 events):
Event: 1.726 Thread 0x000001fa0c3d8fa0 Uncommon trap: trap_request=0xffffff45 fr.pc=0x000001f9b7981850 relative=0x0000000000000b70
Event: 1.726 Thread 0x000001fa0c3d8fa0 Uncommon trap: reason=unstable_if action=reinterpret pc=0x000001f9b7981850 method=java.io.WinNTFileSystem.resolve(Ljava/lang/String;Ljava/lang/String;)Ljava/lang/String; @ 42 c2
Event: 1.726 Thread 0x000001fa0c3d8fa0 DEOPT PACKING pc=0x000001f9b7981850 sp=0x000000a5b57fb790
Event: 1.726 Thread 0x000001fa0c3d8fa0 DEOPT UNPACKING pc=0x000001f9b7274402 sp=0x000000a5b57fb728 mode 2
Event: 1.727 Thread 0x000001fa0c3d8fa0 Uncommon trap: trap_request=0xffffff45 fr.pc=0x000001f9b798cfd4 relative=0x0000000000000594
Event: 1.727 Thread 0x000001fa0c3d8fa0 Uncommon trap: reason=unstable_if action=reinterpret pc=0x000001f9b798cfd4 method=java.io.File.getName()Ljava/lang/String; @ 16 c2
Event: 1.727 Thread 0x000001fa0c3d8fa0 DEOPT PACKING pc=0x000001f9b798cfd4 sp=0x000000a5b57fb770
Event: 1.727 Thread 0x000001fa0c3d8fa0 DEOPT UNPACKING pc=0x000001f9b7274402 sp=0x000000a5b57fb740 mode 2
Event: 1.739 Thread 0x000001fa0c3d8fa0 DEOPT PACKING pc=0x000001f9b01cdd11 sp=0x000000a5b57fabc0
Event: 1.739 Thread 0x000001fa0c3d8fa0 DEOPT UNPACKING pc=0x000001f9b7274b22 sp=0x000000a5b57fa0d0 mode 0
Event: 1.802 Thread 0x000001fa0c3d8fa0 Uncommon trap: trap_request=0xffffff45 fr.pc=0x000001f9b7a7180c relative=0x000000000000054c
Event: 1.802 Thread 0x000001fa0c3d8fa0 Uncommon trap: reason=unstable_if action=reinterpret pc=0x000001f9b7a7180c method=java.util.ArrayList.grow(I)[Ljava/lang/Object; @ 17 c2
Event: 1.802 Thread 0x000001fa0c3d8fa0 DEOPT PACKING pc=0x000001f9b7a7180c sp=0x000000a5b57fd750
Event: 1.802 Thread 0x000001fa0c3d8fa0 DEOPT UNPACKING pc=0x000001f9b7274402 sp=0x000000a5b57fd708 mode 2
Event: 1.925 Thread 0x000001fa0c3d8fa0 DEOPT PACKING pc=0x000001f9b01cdd32 sp=0x000000a5b57fa880
Event: 1.925 Thread 0x000001fa0c3d8fa0 DEOPT UNPACKING pc=0x000001f9b7274b22 sp=0x000000a5b57f9d90 mode 0
Event: 1.945 Thread 0x000001fa0c3d8fa0 DEOPT PACKING pc=0x000001f9b01cdd11 sp=0x000000a5b57fc0f0
Event: 1.945 Thread 0x000001fa0c3d8fa0 DEOPT UNPACKING pc=0x000001f9b7274b22 sp=0x000000a5b57fb600 mode 0
Event: 1.954 Thread 0x000001fa0c3d8fa0 DEOPT PACKING pc=0x000001f9b01cdd32 sp=0x000000a5b57fc2c0
Event: 1.954 Thread 0x000001fa0c3d8fa0 DEOPT UNPACKING pc=0x000001f9b7274b22 sp=0x000000a5b57fb7d0 mode 0

Classes loaded (20 events):
Event: 1.939 Loading class java/security/InvalidKeyException
Event: 1.939 Loading class java/security/KeyException
Event: 1.939 Loading class java/security/KeyException done
Event: 1.939 Loading class java/security/InvalidKeyException done
Event: 2.000 Loading class java/io/ObjectInputStream
Event: 2.000 Loading class java/io/ObjectInput
Event: 2.001 Loading class java/io/ObjectInput done
Event: 2.001 Loading class java/io/ObjectStreamConstants
Event: 2.001 Loading class java/io/ObjectStreamConstants done
Event: 2.001 Loading class java/io/ObjectInputStream done
Event: 2.002 Loading class java/io/ObjectOutputStream
Event: 2.002 Loading class java/io/ObjectOutput
Event: 2.002 Loading class java/io/ObjectOutput done
Event: 2.002 Loading class java/io/ObjectOutputStream done
Event: 2.068 Loading class java/lang/management/MemoryType
Event: 2.069 Loading class java/lang/management/MemoryType done
Event: 2.070 Loading class java/lang/management/MemoryUsage
Event: 2.070 Loading class java/lang/management/MemoryUsage done
Event: 2.070 Loading class java/util/concurrent/LinkedBlockingDeque$Node
Event: 2.070 Loading class java/util/concurrent/LinkedBlockingDeque$Node done

Classes unloaded (0 events):
No events

Classes redefined (0 events):
No events

Internal exceptions (20 events):
Event: 1.752 Thread 0x000001fa0c3d8fa0 Exception <a 'java/lang/IncompatibleClassChangeError'{0x000000008af26018}: Found class java.lang.Object, but interface was expected> (0x000000008af26018) 
thrown [s\open\src\hotspot\share\interpreter\linkResolver.cpp, line 863]
Event: 1.782 Thread 0x000001fa0c3d8fa0 Exception <a 'java/lang/NoSuchMethodError'{0x000000008ad1ef60}: 'int java.lang.invoke.DirectMethodHandle$Holder.invokeStatic(java.lang.Object, java.lang.Object, java.lang.Object, java.lang.Object)'> (0x000000008ad1ef60) 
thrown [s\open\src\hotspot\share\interpreter\linkResolver.cpp, line 796]
Event: 1.821 Thread 0x000001fa0c3d8fa0 Exception <a 'java/lang/NoSuchMethodError'{0x000000008ab9cf18}: 'java.lang.Object java.lang.invoke.DelegatingMethodHandle$Holder.reinvoke_L(java.lang.Object, java.lang.Object, java.lang.Object, java.lang.Object, java.lang.Object, java.lang.Object, java.lang.Object, java.lang.Object, java.lang.Object, java.lang.Object, java.lang.Object, java.lang.Object, java.lang.Object, java.lang.Object, java.lang.Object, java.lang.Object, java.lang.Object, java.lang.Object, java.lang.Object, java.lang.Object, java.lang.O
Event: 1.824 Thread 0x000001fa0c3d8fa0 Exception <a 'java/lang/NoSuchMethodError'{0x000000008aa0c180}: 'java.lang.Object java.lang.invoke.DirectMethodHandle$Holder.invokeStatic(java.lang.Object, java.lang.Object, java.lang.Object, java.lang.Object, java.lang.Object, java.lang.Object, java.lang.Object, java.lang.Object, java.lang.Object, java.lang.Object, java.lang.Object, java.lang.Object, java.lang.Object, java.lang.Object, java.lang.Object, java.lang.Object, java.lang.Object)'> (0x000000008aa0c180) 
thrown [s\open\src\hotspot\share\interprete
Event: 1.825 Thread 0x000001fa0c3d8fa0 Exception <a 'java/lang/NoSuchMethodError'{0x000000008aa35190}: 'java.lang.Object java.lang.invoke.DirectMethodHandle$Holder.invokeStatic(java.lang.Object, java.lang.Object, java.lang.Object, java.lang.Object, java.lang.Object, java.lang.Object, java.lang.Object, java.lang.Object, java.lang.Object, java.lang.Object, java.lang.Object, java.lang.Object, java.lang.Object, java.lang.Object, java.lang.Object, java.lang.Object, java.lang.Object, java.lang.Object)'> (0x000000008aa35190) 
thrown [s\open\src\hotspo
Event: 1.826 Thread 0x000001fa0c3d8fa0 Exception <a 'java/lang/NoSuchMethodError'{0x000000008aa5f678}: 'java.lang.Object java.lang.invoke.DirectMethodHandle$Holder.invokeStatic(java.lang.Object, java.lang.Object, java.lang.Object, java.lang.Object, java.lang.Object, java.lang.Object, java.lang.Object, java.lang.Object, java.lang.Object, java.lang.Object, java.lang.Object, java.lang.Object, java.lang.Object, java.lang.Object, java.lang.Object, java.lang.Object, java.lang.Object, java.lang.Object, java.lang.Object)'> (0x000000008aa5f678) 
thrown 
Event: 1.827 Thread 0x000001fa0c3d8fa0 Exception <a 'java/lang/NoSuchMethodError'{0x000000008aa8ad18}: 'java.lang.Object java.lang.invoke.DirectMethodHandle$Holder.invokeStatic(java.lang.Object, java.lang.Object, java.lang.Object, java.lang.Object, java.lang.Object, java.lang.Object, java.lang.Object, java.lang.Object, java.lang.Object, java.lang.Object, java.lang.Object, java.lang.Object, java.lang.Object, java.lang.Object, java.lang.Object, java.lang.Object, java.lang.Object, java.lang.Object, java.lang.Object, java.lang.Object)'> (0x00000000
Event: 1.828 Thread 0x000001fa0c3d8fa0 Exception <a 'java/lang/NoSuchMethodError'{0x000000008aab7f88}: 'java.lang.Object java.lang.invoke.DirectMethodHandle$Holder.invokeStatic(java.lang.Object, java.lang.Object, java.lang.Object, java.lang.Object, java.lang.Object, java.lang.Object, java.lang.Object, java.lang.Object, java.lang.Object, java.lang.Object, java.lang.Object, java.lang.Object, java.lang.Object, java.lang.Object, java.lang.Object, java.lang.Object, java.lang.Object, java.lang.Object, java.lang.Object, java.lang.Object, java.lang.Obj
Event: 1.829 Thread 0x000001fa0c3d8fa0 Exception <a 'java/lang/NoSuchMethodError'{0x000000008aae6608}: 'java.lang.Object java.lang.invoke.DirectMethodHandle$Holder.invokeStatic(java.lang.Object, java.lang.Object, java.lang.Object, java.lang.Object, java.lang.Object, java.lang.Object, java.lang.Object, java.lang.Object, java.lang.Object, java.lang.Object, java.lang.Object, java.lang.Object, java.lang.Object, java.lang.Object, java.lang.Object, java.lang.Object, java.lang.Object, java.lang.Object, java.lang.Object, java.lang.Object, java.lang.Obj
Event: 1.830 Thread 0x000001fa0c3d8fa0 Exception <a 'java/lang/NoSuchMethodError'{0x000000008a9153b0}: 'java.lang.Object java.lang.invoke.DirectMethodHandle$Holder.invokeStatic(java.lang.Object, java.lang.Object, java.lang.Object, java.lang.Object, java.lang.Object, java.lang.Object, java.lang.Object, java.lang.Object, java.lang.Object, java.lang.Object, java.lang.Object, java.lang.Object, java.lang.Object, java.lang.Object, java.lang.Object, java.lang.Object, java.lang.Object, java.lang.Object, java.lang.Object, java.lang.Object, java.lang.Obj
Event: 1.832 Thread 0x000001fa0c3d8fa0 Exception <a 'java/lang/NoSuchMethodError'{0x000000008a944ab8}: 'java.lang.Object java.lang.invoke.DirectMethodHandle$Holder.invokeStatic(java.lang.Object, java.lang.Object, java.lang.Object, java.lang.Object, java.lang.Object, java.lang.Object, java.lang.Object, java.lang.Object, java.lang.Object, java.lang.Object, java.lang.Object, java.lang.Object, java.lang.Object, java.lang.Object, java.lang.Object, java.lang.Object, java.lang.Object, java.lang.Object, java.lang.Object, java.lang.Object, java.lang.Obj
Event: 1.833 Thread 0x000001fa0c3d8fa0 Exception <a 'java/lang/NoSuchMethodError'{0x000000008a975490}: 'java.lang.Object java.lang.invoke.DirectMethodHandle$Holder.invokeStatic(java.lang.Object, java.lang.Object, java.lang.Object, java.lang.Object, java.lang.Object, java.lang.Object, java.lang.Object, java.lang.Object, java.lang.Object, java.lang.Object, java.lang.Object, java.lang.Object, java.lang.Object, java.lang.Object, java.lang.Object, java.lang.Object, java.lang.Object, java.lang.Object, java.lang.Object, java.lang.Object, java.lang.Obj
Event: 1.834 Thread 0x000001fa0c3d8fa0 Exception <a 'java/lang/NoSuchMethodError'{0x000000008a9a65e8}: 'java.lang.Object java.lang.invoke.DirectMethodHandle$Holder.invokeStatic(java.lang.Object, java.lang.Object, java.lang.Object, java.lang.Object, java.lang.Object, java.lang.Object, java.lang.Object, java.lang.Object, java.lang.Object, java.lang.Object, java.lang.Object, java.lang.Object, java.lang.Object, java.lang.Object, java.lang.Object, java.lang.Object, java.lang.Object, java.lang.Object, java.lang.Object, java.lang.Object, java.lang.Obj
Event: 1.835 Thread 0x000001fa0c3d8fa0 Exception <a 'java/lang/NoSuchMethodError'{0x000000008a9d9088}: 'java.lang.Object java.lang.invoke.DirectMethodHandle$Holder.invokeStatic(java.lang.Object, java.lang.Object, java.lang.Object, java.lang.Object, java.lang.Object, java.lang.Object, java.lang.Object, java.lang.Object, java.lang.Object, java.lang.Object, java.lang.Object, java.lang.Object, java.lang.Object, java.lang.Object, java.lang.Object, java.lang.Object, java.lang.Object, java.lang.Object, java.lang.Object, java.lang.Object, java.lang.Obj
Event: 1.986 Thread 0x000001fa0c3d8fa0 Exception <a 'java/lang/IncompatibleClassChangeError'{0x000000008e902e38}: Found class java.lang.Object, but interface was expected> (0x000000008e902e38) 
thrown [s\open\src\hotspot\share\interpreter\linkResolver.cpp, line 863]
Event: 1.990 Thread 0x000001fa0c3d8fa0 Exception <a 'java/lang/NoSuchMethodError'{0x000000008e930810}: 'java.lang.Object java.lang.invoke.DirectMethodHandle$Holder.newInvokeSpecial(java.lang.Object, java.lang.Object, java.lang.Object, java.lang.Object, java.lang.Object, java.lang.Object, java.lang.Object, java.lang.Object, java.lang.Object, java.lang.Object)'> (0x000000008e930810) 
thrown [s\open\src\hotspot\share\interpreter\linkResolver.cpp, line 796]
Event: 2.026 Thread 0x000001fa0c3d8fa0 Exception <a 'java/lang/NoSuchMethodError'{0x000000008e79d4b0}: 'int java.lang.invoke.DirectMethodHandle$Holder.invokeStaticInit(java.lang.Object, java.lang.Object, java.lang.Object)'> (0x000000008e79d4b0) 
thrown [s\open\src\hotspot\share\interpreter\linkResolver.cpp, line 796]
Event: 2.099 Thread 0x000001fa0c3d8fa0 Exception <a 'java/lang/NoSuchMethodError'{0x000000008e3e20c0}: 'void java.lang.invoke.DirectMethodHandle$Holder.invokeVirtual(java.lang.Object, java.lang.Object, java.lang.Object, java.lang.Object, java.lang.Object)'> (0x000000008e3e20c0) 
thrown [s\open\src\hotspot\share\interpreter\linkResolver.cpp, line 796]
Event: 2.099 Thread 0x000001fa0c3d8fa0 Exception <a 'java/lang/NoSuchMethodError'{0x000000008e3e5ec0}: 'void java.lang.invoke.DirectMethodHandle$Holder.invokeSpecial(java.lang.Object, java.lang.Object, java.lang.Object, java.lang.Object, java.lang.Object, java.lang.Object)'> (0x000000008e3e5ec0) 
thrown [s\open\src\hotspot\share\interpreter\linkResolver.cpp, line 796]
Event: 2.192 Thread 0x000001fa0c3d8fa0 Exception <a 'java/lang/NoSuchMethodError'{0x000000008ddcf8e0}: 'java.lang.Object java.lang.invoke.Invokers$Holder.invoker(java.lang.Object, java.lang.Object, java.lang.Object, java.lang.Object)'> (0x000000008ddcf8e0) 
thrown [s\open\src\hotspot\share\interpreter\linkResolver.cpp, line 796]

VM Operations (20 events):
Event: 1.062 Executing VM operation: HandshakeAllThreads (Deoptimize)
Event: 1.062 Executing VM operation: HandshakeAllThreads (Deoptimize) done
Event: 1.087 Executing VM operation: HandshakeAllThreads (Deoptimize)
Event: 1.087 Executing VM operation: HandshakeAllThreads (Deoptimize) done
Event: 1.131 Executing VM operation: HandshakeAllThreads (Deoptimize)
Event: 1.131 Executing VM operation: HandshakeAllThreads (Deoptimize) done
Event: 1.155 Executing VM operation: HandshakeAllThreads (Deoptimize)
Event: 1.155 Executing VM operation: HandshakeAllThreads (Deoptimize) done
Event: 1.181 Executing VM operation: HandshakeAllThreads (Deoptimize)
Event: 1.181 Executing VM operation: HandshakeAllThreads (Deoptimize) done
Event: 1.259 Executing VM operation: HandshakeAllThreads (Deoptimize)
Event: 1.259 Executing VM operation: HandshakeAllThreads (Deoptimize) done
Event: 1.668 Executing VM operation: HandshakeAllThreads (Deoptimize)
Event: 1.668 Executing VM operation: HandshakeAllThreads (Deoptimize) done
Event: 1.841 Executing VM operation: HandshakeAllThreads (Deoptimize)
Event: 1.841 Executing VM operation: HandshakeAllThreads (Deoptimize) done
Event: 1.842 Executing VM operation: HandshakeAllThreads (Deoptimize)
Event: 1.842 Executing VM operation: HandshakeAllThreads (Deoptimize) done
Event: 1.855 Executing VM operation: G1CollectForAllocation (G1 Evacuation Pause)
Event: 1.860 Executing VM operation: G1CollectForAllocation (G1 Evacuation Pause) done

Memory protections (0 events):
No events

Nmethod flushes (0 events):
No events

Events (20 events):
Event: 0.078 Thread 0x000001f9a53484f0 Thread added: 0x000001f9c53ed4b0
Event: 0.140 Thread 0x000001f9c51f9450 Thread added: 0x000001f9c548b460
Event: 0.191 Thread 0x000001f9c50e0d50 Thread added: 0x000001f9c565ab00
Event: 0.191 Thread 0x000001f9c50e0d50 Thread added: 0x000001f9c565b1c0
Event: 0.191 Thread 0x000001f9c50e0d50 Thread added: 0x000001f9c565b880
Event: 0.802 Thread 0x000001f9c565b880 Thread exited: 0x000001f9c565b880
Event: 1.062 Thread 0x000001f9a53484f0 Thread added: 0x000001fa0c264790
Event: 1.198 Thread 0x000001f9a53484f0 Thread added: 0x000001fa0c397780
Event: 1.250 Thread 0x000001f9a53484f0 Thread added: 0x000001fa0c38be70
Event: 1.293 Thread 0x000001fa0c397780 Thread added: 0x000001fa0c567770
Event: 1.296 Thread 0x000001fa0c567770 Thread added: 0x000001fa0c42d6e0
Event: 1.327 Thread 0x000001fa0c567770 Thread added: 0x000001fa0c3d8910
Event: 1.333 Thread 0x000001fa0c567770 Thread added: 0x000001fa0c3d8fa0
Event: 1.341 Thread 0x000001fa0c3d8fa0 Thread added: 0x000001fa0c3d9630
Event: 1.345 Thread 0x000001fa0c3d8fa0 Thread added: 0x000001fa0c3d9cc0
Event: 1.346 Thread 0x000001fa0c3d8fa0 Thread added: 0x000001fa0c458610
Event: 1.373 Thread 0x000001f9c565b1c0 Thread exited: 0x000001f9c565b1c0
Event: 1.668 Thread 0x000001fa0c3d8fa0 Thread added: 0x000001fa0c457f80
Event: 1.675 Thread 0x000001fa0c3d8fa0 Thread added: 0x000001fa0c456bd0
Event: 1.696 Thread 0x000001fa0c3d8fa0 Thread added: 0x000001fa0c45a6e0


Dynamic libraries:
0x00007ff6d09c0000 - 0x00007ff6d09d0000 	C:\Program Files\Java\jdk-23\bin\java.exe
0x00007ff841320000 - 0x00007ff841587000 	C:\WINDOWS\SYSTEM32\ntdll.dll
0x00007ff83fea0000 - 0x00007ff83ff69000 	C:\WINDOWS\System32\KERNEL32.DLL
0x00007ff83e730000 - 0x00007ff83eb1f000 	C:\WINDOWS\System32\KERNELBASE.dll
0x00007ff83ef70000 - 0x00007ff83f0bb000 	C:\WINDOWS\System32\ucrtbase.dll
0x00007ff821f30000 - 0x00007ff821f47000 	C:\Program Files\Java\jdk-23\bin\jli.dll
0x00007ff81d880000 - 0x00007ff81d89b000 	C:\Program Files\Java\jdk-23\bin\VCRUNTIME140.dll
0x00007ff83fb00000 - 0x00007ff83fcc5000 	C:\WINDOWS\System32\USER32.dll
0x00007ff82d9b0000 - 0x00007ff82dc43000 	C:\WINDOWS\WinSxS\amd64_microsoft.windows.common-controls_6595b64144ccf1df_6.0.26100.7309_none_3e05feeae336a044\COMCTL32.dll
0x00007ff83e700000 - 0x00007ff83e727000 	C:\WINDOWS\System32\win32u.dll
0x00007ff840c70000 - 0x00007ff840d19000 	C:\WINDOWS\System32\msvcrt.dll
0x00007ff83fcd0000 - 0x00007ff83fcfb000 	C:\WINDOWS\System32\GDI32.dll
0x00007ff83e470000 - 0x00007ff83e59c000 	C:\WINDOWS\System32\gdi32full.dll
0x00007ff83e5a0000 - 0x00007ff83e643000 	C:\WINDOWS\System32\msvcp_win.dll
0x00007ff840a30000 - 0x00007ff840a61000 	C:\WINDOWS\System32\IMM32.DLL
0x00007ff81d850000 - 0x00007ff81d85c000 	C:\Program Files\Java\jdk-23\bin\vcruntime140_1.dll
0x00007ff80a040000 - 0x00007ff80a0ce000 	C:\Program Files\Java\jdk-23\bin\msvcp140.dll
0x00007fffdde40000 - 0x00007fffdeb8f000 	C:\Program Files\Java\jdk-23\bin\server\jvm.dll
0x00007ff840330000 - 0x00007ff8403e4000 	C:\WINDOWS\System32\ADVAPI32.dll
0x00007ff83fff0000 - 0x00007ff840096000 	C:\WINDOWS\System32\sechost.dll
0x00007ff83fd80000 - 0x00007ff83fe98000 	C:\WINDOWS\System32\RPCRT4.dll
0x00007ff83fd00000 - 0x00007ff83fd74000 	C:\WINDOWS\System32\WS2_32.dll
0x00007ff83e2f0000 - 0x00007ff83e34e000 	C:\WINDOWS\SYSTEM32\POWRPROF.dll
0x00007ff832750000 - 0x00007ff83275b000 	C:\WINDOWS\SYSTEM32\VERSION.dll
0x00007ff832710000 - 0x00007ff832745000 	C:\WINDOWS\SYSTEM32\WINMM.dll
0x00007ff83e2d0000 - 0x00007ff83e2e4000 	C:\WINDOWS\SYSTEM32\UMPDC.dll
0x00007ff83d220000 - 0x00007ff83d23b000 	C:\WINDOWS\SYSTEM32\kernel.appcore.dll
0x00007ff81d840000 - 0x00007ff81d84a000 	C:\Program Files\Java\jdk-23\bin\jimage.dll
0x00007ff83b820000 - 0x00007ff83ba62000 	C:\WINDOWS\SYSTEM32\DBGHELP.DLL
0x00007ff8405a0000 - 0x00007ff840925000 	C:\WINDOWS\System32\combase.dll
0x00007ff8404b0000 - 0x00007ff840586000 	C:\WINDOWS\System32\OLEAUT32.dll
0x00007ff8270a0000 - 0x00007ff8270dc000 	C:\WINDOWS\SYSTEM32\dbgcore.DLL
0x00007ff83e650000 - 0x00007ff83e6f5000 	C:\WINDOWS\System32\bcryptPrimitives.dll
0x00007ff8191e0000 - 0x00007ff8191ef000 	C:\Program Files\Java\jdk-23\bin\instrument.dll
0x00007ff814240000 - 0x00007ff81425e000 	C:\Program Files\Java\jdk-23\bin\java.dll
0x00007ff840190000 - 0x00007ff840327000 	C:\WINDOWS\System32\ole32.dll
0x00007ff83f310000 - 0x00007ff83fa63000 	C:\WINDOWS\System32\SHELL32.dll
0x00007ff83ee00000 - 0x00007ff83ef6a000 	C:\WINDOWS\System32\wintypes.dll
0x00007ff83c0b0000 - 0x00007ff83c90e000 	C:\WINDOWS\SYSTEM32\windows.storage.dll
0x00007ff840d50000 - 0x00007ff840e45000 	C:\WINDOWS\System32\SHCORE.dll
0x00007ff83f0c0000 - 0x00007ff83f126000 	C:\WINDOWS\System32\shlwapi.dll
0x00007ff83e390000 - 0x00007ff83e3b9000 	C:\WINDOWS\SYSTEM32\profapi.dll
0x00007fffddd60000 - 0x00007fffdde37000 	C:\Program Files\Java\jdk-23\bin\jsvml.dll
0x00007ff811720000 - 0x00007ff811737000 	C:\Program Files\Java\jdk-23\bin\zip.dll
0x00007ff81a800000 - 0x00007ff81a810000 	C:\Program Files\Java\jdk-23\bin\net.dll
0x00007ff83d790000 - 0x00007ff83d7fb000 	C:\WINDOWS\system32\mswsock.dll
0x00007ff814220000 - 0x00007ff814236000 	C:\Program Files\Java\jdk-23\bin\nio.dll
0x00007ff8199e0000 - 0x00007ff8199f0000 	C:\Program Files\Java\jdk-23\bin\verify.dll
0x00007ff816f40000 - 0x00007ff816f67000 	C:\Users\Haqii\.gradle\native\1def1411415f61bf3af743bc5b6707747c0891f09f0c88961ee8f79bc544acac\windows-amd64\native-platform.dll
0x00007fffdebd0000 - 0x00007fffdec48000 	C:\Users\Haqii\.gradle\native\0.2.7\x86_64-windows-gnu\gradle-fileevents.dll
0x00007ff838c20000 - 0x00007ff838c2a000 	C:\Program Files\Java\jdk-23\bin\management.dll
0x00007ff838c10000 - 0x00007ff838c1b000 	C:\Program Files\Java\jdk-23\bin\management_ext.dll
0x00007ff840c60000 - 0x00007ff840c68000 	C:\WINDOWS\System32\PSAPI.DLL
0x00007ff83cc30000 - 0x00007ff83cc64000 	C:\WINDOWS\SYSTEM32\IPHLPAPI.DLL
0x00007ff83faf0000 - 0x00007ff83fafa000 	C:\WINDOWS\System32\NSI.dll
0x00007ff838c00000 - 0x00007ff838c09000 	C:\Program Files\Java\jdk-23\bin\extnet.dll
0x00007ff83da60000 - 0x00007ff83da7b000 	C:\WINDOWS\SYSTEM32\CRYPTSP.dll
0x00007ff83d180000 - 0x00007ff83d1ba000 	C:\WINDOWS\system32\rsaenh.dll
0x00007ff83d840000 - 0x00007ff83d86b000 	C:\WINDOWS\SYSTEM32\USERENV.dll
0x00007ff83e360000 - 0x00007ff83e38a000 	C:\WINDOWS\SYSTEM32\bcrypt.dll
0x00007ff83da50000 - 0x00007ff83da5c000 	C:\WINDOWS\SYSTEM32\CRYPTBASE.dll
0x00007ff819070000 - 0x00007ff81907e000 	C:\Program Files\Java\jdk-23\bin\sunmscapi.dll
0x00007ff83ebf0000 - 0x00007ff83ed67000 	C:\WINDOWS\System32\CRYPT32.dll
0x00007ff83dc70000 - 0x00007ff83dca0000 	C:\WINDOWS\SYSTEM32\ncrypt.dll
0x00007ff83dc20000 - 0x00007ff83dc5f000 	C:\WINDOWS\SYSTEM32\NTASN1.dll
0x00007fffcf8b0000 - 0x00007fffcf8b8000 	C:\WINDOWS\system32\wshunix.dll

dbghelp: loaded successfully - version: 4.0.5 - missing functions: none
symbol engine: initialized successfully - sym options: 0x614 - pdb path: .;C:\Program Files\Java\jdk-23\bin;C:\WINDOWS\SYSTEM32;C:\WINDOWS\WinSxS\amd64_microsoft.windows.common-controls_6595b64144ccf1df_6.0.26100.7309_none_3e05feeae336a044;C:\Program Files\Java\jdk-23\bin\server;C:\Users\Haqii\.gradle\native\1def1411415f61bf3af743bc5b6707747c0891f09f0c88961ee8f79bc544acac\windows-amd64;C:\Users\Haqii\.gradle\native\0.2.7\x86_64-windows-gnu

VM Arguments:
jvm_args: --add-opens=java.base/java.lang=ALL-UNNAMED --add-opens=java.base/java.lang.invoke=ALL-UNNAMED --add-opens=java.base/java.util=ALL-UNNAMED --add-opens=java.prefs/java.util.prefs=ALL-UNNAMED --add-exports=jdk.compiler/com.sun.tools.javac.api=ALL-UNNAMED --add-exports=jdk.compiler/com.sun.tools.javac.util=ALL-UNNAMED --add-opens=java.base/java.util=ALL-UNNAMED --add-opens=java.prefs/java.util.prefs=ALL-UNNAMED --add-opens=java.base/java.nio.charset=ALL-UNNAMED --add-opens=java.base/java.net=ALL-UNNAMED --add-opens=java.base/java.util.concurrent.atomic=ALL-UNNAMED --add-opens=java.xml/javax.xml.namespace=ALL-UNNAMED -Xmx2048m -Dfile.encoding=UTF-8 -Duser.country=ID -Duser.language=en -Duser.variant -javaagent:C:\Users\Haqii\.gradle\wrapper\dists\gradle-8.13-bin\5xuhj0ry160q40clulazy9h7d\gradle-8.13\lib\agents\gradle-instrumentation-agent-8.13.jar 
java_command: org.gradle.launcher.daemon.bootstrap.GradleDaemon 8.13
java_class_path (initial): C:\Users\Haqii\.gradle\wrapper\dists\gradle-8.13-bin\5xuhj0ry160q40clulazy9h7d\gradle-8.13\lib\gradle-daemon-main-8.13.jar
Launcher Type: SUN_STANDARD

[Global flags]
     intx CICompilerCount                          = 12                                        {product} {ergonomic}
     uint ConcGCThreads                            = 3                                         {product} {ergonomic}
     uint G1ConcRefinementThreads                  = 13                                        {product} {ergonomic}
   size_t G1HeapRegionSize                         = 1048576                                   {product} {ergonomic}
   size_t InitialHeapSize                          = 255852544                                 {product} {ergonomic}
   size_t MarkStackSize                            = 4194304                                   {product} {ergonomic}
   size_t MarkStackSizeMax                         = 536870912                                 {product} {ergonomic}
   size_t MaxHeapSize                              = 2147483648                                {product} {command line}
   size_t MaxNewSize                               = 1287651328                                {product} {ergonomic}
   size_t MinHeapDeltaBytes                        = 1048576                                   {product} {ergonomic}
   size_t MinHeapSize                              = 8388608                                   {product} {ergonomic}
    uintx NonNMethodCodeHeapSize                   = 7602176                                {pd product} {ergonomic}
    uintx NonProfiledCodeHeapSize                  = 122093568                              {pd product} {ergonomic}
    uintx ProfiledCodeHeapSize                     = 121962496                              {pd product} {ergonomic}
    uintx ReservedCodeCacheSize                    = 251658240                              {pd product} {ergonomic}
     bool SegmentedCodeCache                       = true                                      {product} {ergonomic}
   size_t SoftMaxHeapSize                          = 2147483648                             {manageable} {ergonomic}
     bool UseCompressedOops                        = true                           {product lp64_product} {ergonomic}
     bool UseG1GC                                  = true                                      {product} {ergonomic}
     bool UseLargePagesIndividualAllocation        = false                                  {pd product} {ergonomic}

Logging:
Log output configuration:
 #0: stdout all=warning uptime,level,tags foldmultilines=false
 #1: stderr all=off uptime,level,tags foldmultilines=false

Environment Variables:
CLASSPATH=d:\KELAS-XI\Tugas Akhir Semester 1\TrashBinFe\\gradle\wrapper\gradle-wrapper.jar
PATH=C:\Program Files\Common Files\Oracle\Java\javapath;C:\Program Files (x86)\Common Files\Oracle\Java\java8path;C:\Program Files (x86)\Common Files\Oracle\Java\javapath;C:\WINDOWS\system32;C:\WINDOWS;C:\WINDOWS\System32\Wbem;C:\WINDOWS\System32\WindowsPowerShell\v1.0\;C:\WINDOWS\System32\OpenSSH\;C:\xampp\php;C:\ProgramData\ComposerSetup\bin;C:\Program Files\Git\cmd;C:\Program Files\dotnet\;C:\ProgramData\chocolatey\bin;C:\Program Files\nodejs\;C:\Program Files\Common Files\Oracle\Java\javapath;C:\Windows\system32;C:\Windows;C:\Windows\System32\Wbem;C:\Windows\System32\WindowsPowerShell\v1.0\;C:\Windows\System32\OpenSSH\;C:\xampp\php;C:\ProgramData\ComposerSetup\bin;C:\Program Files\nodejs\;C:\Program Files\Git\cmd;C:\Program Files\dotnet\;C:\ProgramData\chocolatey\bin;c:\Users\Haqii\AppData\Local\Programs\cursor\resources\app\codeBin;C:\Users\Haqii\AppData\Local\Programs\Python\Launcher\;C:\Users\Haqii\AppData\Local\Microsoft\WindowsApps;C:\Users\Haqii\AppData\Local\Programs\Microsoft VS Code\bin;C:\Users\Haqii\AppData\Roaming\Composer\vendor\bin;C:\msys64\ucrt64\bin;C:\Users\Haqii\AppData\Local\spicetify;C:\Users\Haqii\.deno\bin;C:\Android\cmdline-tools\latest\bin;C:\Android\platform-tools;C:\Android\emulator;C:\Users\Haqii\AppData\Roaming\npm;C:\Users\Haqii\AppData\Local\Microsoft\WindowsApps;C:\laragon\bin\php\php-8.3.26-Win32-vs16-x64;C:\laragon\bin\composer;
USERNAME=Haqii
OS=Windows_NT
PROCESSOR_IDENTIFIER=AMD64 Family 25 Model 68 Stepping 1, AuthenticAMD
TMP=C:\Users\Haqii\AppData\Local\Temp
TEMP=C:\Users\Haqii\AppData\Local\Temp




Periodic native trim disabled

---------------  S Y S T E M  ---------------

OS:
 Windows 11 , 64 bit Build 26100 (10.0.26100.7309)
OS uptime: 0 days 1:17 hours

CPU: total 16 (initial active 16) (16 cores per cpu, 2 threads per core) family 25 model 68 stepping 1 microcode 0xa404102, cx8, cmov, fxsr, ht, mmx, 3dnowpref, sse, sse2, sse3, ssse3, sse4a, sse4.1, sse4.2, popcnt, lzcnt, tsc, tscinvbit, avx, avx2, aes, erms, clmul, bmi1, bmi2, adx, sha, fma, vzeroupper, clflush, clflushopt, rdtscp, rdpid, fsrm, f16c, pku, cet_ss
Processor Information for processor 0
  Max Mhz: 3201, Current Mhz: 2560, Mhz Limit: 3201
Processor Information for processor 1
  Max Mhz: 3201, Current Mhz: 3201, Mhz Limit: 3201
Processor Information for processor 2
  Max Mhz: 3201, Current Mhz: 3201, Mhz Limit: 3201
Processor Information for processor 3
  Max Mhz: 3201, Current Mhz: 2560, Mhz Limit: 3201
Processor Information for processor 4
  Max Mhz: 3201, Current Mhz: 2560, Mhz Limit: 3201
Processor Information for processor 5
  Max Mhz: 3201, Current Mhz: 3201, Mhz Limit: 3201
Processor Information for processor 6
  Max Mhz: 3201, Current Mhz: 2560, Mhz Limit: 3201
Processor Information for processor 7
  Max Mhz: 3201, Current Mhz: 3201, Mhz Limit: 3201
Processor Information for processor 8
  Max Mhz: 3201, Current Mhz: 2560, Mhz Limit: 3201
Processor Information for processor 9
  Max Mhz: 3201, Current Mhz: 3201, Mhz Limit: 3201
Processor Information for processor 10
  Max Mhz: 3201, Current Mhz: 3201, Mhz Limit: 3201
Processor Information for processor 11
  Max Mhz: 3201, Current Mhz: 3201, Mhz Limit: 3201
Processor Information for processor 12
  Max Mhz: 3201, Current Mhz: 3201, Mhz Limit: 3201
Processor Information for processor 13
  Max Mhz: 3201, Current Mhz: 2560, Mhz Limit: 3201
Processor Information for processor 14
  Max Mhz: 3201, Current Mhz: 2560, Mhz Limit: 3201
Processor Information for processor 15
  Max Mhz: 3201, Current Mhz: 3201, Mhz Limit: 3201

Memory: 4k page, system-wide physical 15613M (928M free)
TotalPageFile size 28925M (AvailPageFile size 13M)
current process WorkingSet (physical memory assigned to process): 248M, peak: 248M
current process commit charge ("private bytes"): 453M, peak: 453M

vm_info: Java HotSpot(TM) 64-Bit Server VM (23.0.1+11-39) for windows-amd64 JRE (23.0.1+11-39), built on 2024-09-30T07:20:43Z with MS VC++ 17.6 (VS2022)

END.
