#
# There is insufficient memory for the Java Runtime Environment to continue.
# Native memory allocation (malloc) failed to allocate 234016 bytes. Error detail: Chunk::new
# Possible reasons:
#   The system is out of physical RAM or swap space
#   This process is running with CompressedOops enabled, and the Java Heap may be blocking the growth of the native heap
# Possible solutions:
#   Reduce memory load on the system
#   Increase physical memory or swap space
#   Check if swap backing store is full
#   Decrease Java heap size (-Xmx/-Xms)
#   Decrease number of Java threads
#   Decrease Java thread stack sizes (-Xss)
#   Set larger code cache with -XX:ReservedCodeCacheSize=
#   JVM is running with Unscaled Compressed Oops mode in which the Java heap is
#     placed in the first 4GB address space. The Java Heap base address is the
#     maximum limit for the native heap growth. Please use -XX:HeapBaseMinAddress
#     to set the Java Heap base and to place the Java Heap above 4GB virtual address.
# This output file may be truncated or incomplete.
#
#  Out of Memory Error (arena.cpp:168), pid=16388, tid=16304
#
# JRE version: OpenJDK Runtime Environment Temurin-21.0.8+9 (21.0.8+9) (build 21.0.8+9-LTS)
# Java VM: OpenJDK 64-Bit Server VM Temurin-21.0.8+9 (21.0.8+9-LTS, mixed mode, sharing, tiered, compressed oops, compressed class ptrs, parallel gc, windows-amd64)
# No core dump will be written. Minidumps are not enabled by default on client versions of Windows
#

---------------  S U M M A R Y ------------

Command Line: --add-modules=ALL-SYSTEM --add-opens=java.base/java.util=ALL-UNNAMED --add-opens=java.base/java.lang=ALL-UNNAMED --add-opens=java.base/sun.nio.fs=ALL-UNNAMED -Declipse.application=org.eclipse.jdt.ls.core.id1 -Dosgi.bundles.defaultStartLevel=4 -Declipse.product=org.eclipse.jdt.ls.core.product -Djava.import.generatesMetadataFilesAtProjectRoot=false -DDetectVMInstallationsJob.disabled=true -Dfile.encoding=utf8 -XX:+UseParallelGC -XX:GCTimeRatio=4 -XX:AdaptiveSizePolicyWeight=90 -Dsun.zip.disableMemoryMapping=true -Xmx2G -Xms100m -Xlog:disable -javaagent:c:\Users\Haqii\.vscode\extensions\redhat.java-1.44.0-win32-x64\lombok\lombok-1.18.39-4050.jar c:\Users\Haqii\.vscode\extensions\redhat.java-1.44.0-win32-x64\server\plugins\org.eclipse.equinox.launcher_1.7.0.v20250519-0528.jar -configuration c:\Users\Haqii\AppData\Roaming\Code\User\globalStorage\redhat.java\1.44.0\config_ss_win -data c:\Users\Haqii\AppData\Roaming\Code\User\workspaceStorage\74e908b18a45d55618d2345d63f9b1de\redhat.java\ss_ws --pipe=\\.\pipe\lsp-1fdf6399cc729e780f864dbb2bc1749a-sock

Host: AMD Ryzen 7 7735HS with Radeon Graphics        , 16 cores, 13G,  Windows 10 , 64 bit Build 19041 (10.0.19041.5915)
Time: Mon Sep  1 14:02:20 2025 SE Asia Standard Time elapsed time: 0.413538 seconds (0d 0h 0m 0s)

---------------  T H R E A D  ---------------

Current thread (0x0000018479000080):  JavaThread "C2 CompilerThread1" daemon [_thread_in_native, id=16304, stack(0x0000000639b00000,0x0000000639c00000) (1024K)]


Current CompileTask:
C2:413  660   !   4       java.lang.String::replace (258 bytes)

Stack: [0x0000000639b00000,0x0000000639c00000]
Native frames: (J=compiled Java code, j=interpreted, Vv=VM code, C=native code)
V  [jvm.dll+0x6d2449]
V  [jvm.dll+0x8ae341]
V  [jvm.dll+0x8b08be]
V  [jvm.dll+0x8b0fa3]
V  [jvm.dll+0x280c96]
V  [jvm.dll+0xc581d]
V  [jvm.dll+0xc5d53]
V  [jvm.dll+0x2f539d]
V  [jvm.dll+0x5fa00a]
V  [jvm.dll+0x252092]
V  [jvm.dll+0x25244f]
V  [jvm.dll+0x24ad14]
V  [jvm.dll+0x2483a4]
V  [jvm.dll+0x1c89ee]
V  [jvm.dll+0x257d4d]
V  [jvm.dll+0x2562ea]
V  [jvm.dll+0x3f2d16]
V  [jvm.dll+0x857e6b]
V  [jvm.dll+0x6d0b0d]
C  [ucrtbase.dll+0x21bb2]
C  [KERNEL32.DLL+0x17374]
C  [ntdll.dll+0x4cc91]


---------------  P R O C E S S  ---------------

Threads class SMR info:
_java_thread_list=0x0000018473c21dd0, length=14, elements={
0x00000184184361b0, 0x000001843125c740, 0x000001843125d160, 0x0000018431260120,
0x00000184312614d0, 0x0000018431262880, 0x0000018431261b60, 0x00000184738e9ff0,
0x00000184738ee750, 0x000001843125f400, 0x00000184739ec2c0, 0x00000184739ee970,
0x0000018431260e40, 0x0000018479000080
}

Java Threads: ( => current thread )
  0x00000184184361b0 JavaThread "main"                              [_thread_in_vm, id=17172, stack(0x0000000638b00000,0x0000000638c00000) (1024K)]
  0x000001843125c740 JavaThread "Reference Handler"          daemon [_thread_blocked, id=11884, stack(0x0000000638f00000,0x0000000639000000) (1024K)]
  0x000001843125d160 JavaThread "Finalizer"                  daemon [_thread_blocked, id=20432, stack(0x0000000639000000,0x0000000639100000) (1024K)]
  0x0000018431260120 JavaThread "Signal Dispatcher"          daemon [_thread_blocked, id=6760, stack(0x0000000639100000,0x0000000639200000) (1024K)]
  0x00000184312614d0 JavaThread "Attach Listener"            daemon [_thread_blocked, id=17148, stack(0x0000000639200000,0x0000000639300000) (1024K)]
  0x0000018431262880 JavaThread "Service Thread"             daemon [_thread_blocked, id=21304, stack(0x0000000639300000,0x0000000639400000) (1024K)]
  0x0000018431261b60 JavaThread "Monitor Deflation Thread"   daemon [_thread_blocked, id=17824, stack(0x0000000639400000,0x0000000639500000) (1024K)]
  0x00000184738e9ff0 JavaThread "C2 CompilerThread0"         daemon [_thread_in_native, id=13120, stack(0x0000000639500000,0x0000000639600000) (1024K)]
  0x00000184738ee750 JavaThread "C1 CompilerThread0"         daemon [_thread_blocked, id=16800, stack(0x0000000639600000,0x0000000639700000) (1024K)]
  0x000001843125f400 JavaThread "Common-Cleaner"             daemon [_thread_blocked, id=15536, stack(0x0000000639700000,0x0000000639800000) (1024K)]
  0x00000184739ec2c0 JavaThread "C1 CompilerThread1"         daemon [_thread_blocked, id=18080, stack(0x0000000639800000,0x0000000639900000) (1024K)]
  0x00000184739ee970 JavaThread "C1 CompilerThread2"         daemon [_thread_blocked, id=18260, stack(0x0000000639900000,0x0000000639a00000) (1024K)]
  0x0000018431260e40 JavaThread "Notification Thread"        daemon [_thread_blocked, id=21024, stack(0x0000000639a00000,0x0000000639b00000) (1024K)]
=>0x0000018479000080 JavaThread "C2 CompilerThread1"         daemon [_thread_in_native, id=16304, stack(0x0000000639b00000,0x0000000639c00000) (1024K)]
Total: 14

Other Threads:
  0x0000018431254030 VMThread "VM Thread"                           [id=7424, stack(0x0000000638e00000,0x0000000638f00000) (1024K)]
  0x000001841a82b1e0 WatcherThread "VM Periodic Task Thread"        [id=18052, stack(0x0000000638d00000,0x0000000638e00000) (1024K)]
  0x000001841a7de810 WorkerThread "GC Thread#0"                     [id=18312, stack(0x0000000638c00000,0x0000000638d00000) (1024K)]
Total: 3

Threads with active compile tasks:
C2 CompilerThread0  427  671       4       java.util.HashMap::keySet (25 bytes)
C2 CompilerThread1  427  660   !   4       java.lang.String::replace (258 bytes)
Total: 2

VM state: not at safepoint (normal execution)

VM Mutex/Monitor currently owned by a thread: None

Heap address: 0x0000000080000000, size: 2048 MB, Compressed Oops mode: 32-bit

CDS archive(s) mapped at: [0x0000018432000000-0x0000018432ba0000-0x0000018432ba0000), size 12189696, SharedBaseAddress: 0x0000018432000000, ArchiveRelocationMode: 1.
Compressed class space mapped at: 0x0000018433000000-0x0000018473000000, reserved size: 1073741824
Narrow klass base: 0x0000018432000000, Narrow klass shift: 0, Narrow klass range: 0x100000000

GC Precious Log:
 CardTable entry size: 512
 CPUs: 16 total, 16 available
 Memory: 14077M
 Large Page Support: Disabled
 NUMA Support: Disabled
 Compressed Oops: Enabled (32-bit)
 Alignments: Space 512K, Generation 512K, Heap 2M
 Heap Min Capacity: 100M
 Heap Initial Capacity: 100M
 Heap Max Capacity: 2G
 Pre-touch: Disabled
 Parallel Workers: 13

Heap:
 PSYoungGen      total 29696K, used 13497K [0x00000000d5580000, 0x00000000d7680000, 0x0000000100000000)
  eden space 25600K, 52% used [0x00000000d5580000,0x00000000d62ae4d8,0x00000000d6e80000)
  from space 4096K, 0% used [0x00000000d7280000,0x00000000d7280000,0x00000000d7680000)
  to   space 4096K, 0% used [0x00000000d6e80000,0x00000000d6e80000,0x00000000d7280000)
 ParOldGen       total 68608K, used 0K [0x0000000080000000, 0x0000000084300000, 0x00000000d5580000)
  object space 68608K, 0% used [0x0000000080000000,0x0000000080000000,0x0000000084300000)
 Metaspace       used 2214K, committed 2432K, reserved 1114112K
  class space    used 219K, committed 320K, reserved 1048576K

Card table byte_map: [0x000001841a1a0000,0x000001841a5b0000] _byte_map_base: 0x0000018419da0000

Marking Bits: (ParMarkBitMap*) 0x00007ff9b7aba340
 Begin Bits: [0x000001842cc70000, 0x000001842ec70000)
 End Bits:   [0x000001842ec70000, 0x0000018430c70000)

Polling page: 0x0000018419f90000

Metaspace:

Usage:
  Non-class:      1.95 MB used.
      Class:    219.57 KB used.
       Both:      2.16 MB used.

Virtual space:
  Non-class space:       64.00 MB reserved,       2.06 MB (  3%) committed,  1 nodes.
      Class space:        1.00 GB reserved,     320.00 KB ( <1%) committed,  1 nodes.
             Both:        1.06 GB reserved,       2.38 MB ( <1%) committed. 

Chunk freelists:
   Non-Class:  11.65 MB
       Class:  15.67 MB
        Both:  27.32 MB

MaxMetaspaceSize: unlimited
CompressedClassSpaceSize: 1.00 GB
Initial GC threshold: 21.00 MB
Current GC threshold: 21.00 MB
CDS: on
 - commit_granule_bytes: 65536.
 - commit_granule_words: 8192.
 - virtual_space_node_default_size: 8388608.
 - enlarge_chunks_in_place: 1.
 - use_allocation_guard: 0.


Internal statistics:

num_allocs_failed_limit: 0.
num_arena_births: 80.
num_arena_deaths: 0.
num_vsnodes_births: 2.
num_vsnodes_deaths: 0.
num_space_committed: 38.
num_space_uncommitted: 0.
num_chunks_returned_to_freelist: 0.
num_chunks_taken_from_freelist: 102.
num_chunk_merges: 0.
num_chunk_splits: 72.
num_chunks_enlarged: 46.
num_inconsistent_stats: 0.

CodeHeap 'non-profiled nmethods': size=119168Kb used=232Kb max_used=232Kb free=118936Kb
 bounds [0x0000018425560000, 0x00000184257d0000, 0x000001842c9c0000]
CodeHeap 'profiled nmethods': size=119104Kb used=1027Kb max_used=1027Kb free=118076Kb
 bounds [0x000001841d9c0000, 0x000001841dc30000, 0x0000018424e10000]
CodeHeap 'non-nmethods': size=7488Kb used=2298Kb max_used=2312Kb free=5189Kb
 bounds [0x0000018424e10000, 0x0000018425080000, 0x0000018425560000]
CodeCache: size=245760Kb, used=3557Kb, max_used=3571Kb, free=242201Kb
 total_blobs=1107, nmethods=678, adapters=334, full_count=0
Compilation: enabled, stopped_count=0, restarted_count=0

Compilation events (20 events):
Event: 0.403 Thread 0x00000184738ee750 nmethod 654 0x000001841dab9810 code [0x000001841dab99e0, 0x000001841dab9ca8]
Event: 0.404 Thread 0x00000184738ee750  655       1       sun.security.util.KnownOIDs::value (5 bytes)
Event: 0.404 Thread 0x00000184738ee750 nmethod 655 0x0000018425596590 code [0x0000018425596720, 0x00000184255967e8]
Event: 0.405 Thread 0x00000184738ee750  656       1       java.security.Provider$Service::getType (5 bytes)
Event: 0.405 Thread 0x00000184739ec2c0  657       1       java.security.Provider$Service::getAlgorithm (5 bytes)
Event: 0.405 Thread 0x00000184739ee970  658       1       java.security.Provider$Service::getAliases (5 bytes)
Event: 0.405 Thread 0x00000184738ee750 nmethod 656 0x0000018425596890 code [0x0000018425596a20, 0x0000018425596ae8]
Event: 0.405 Thread 0x00000184739ec2c0 nmethod 657 0x0000018425596b90 code [0x0000018425596d20, 0x0000018425596de8]
Event: 0.405 Thread 0x00000184739ee970 nmethod 658 0x0000018425596e90 code [0x0000018425597020, 0x00000184255970e8]
Event: 0.405 Thread 0x00000184739ee970  659       3       java.security.Provider$ServiceKey::hashCode (19 bytes)
Event: 0.405 Thread 0x00000184739ee970 nmethod 659 0x000001841dab9d90 code [0x000001841dab9f40, 0x000001841daba0d8]
Event: 0.406 Thread 0x0000018479000080  660   !   4       java.lang.String::replace (258 bytes)
Event: 0.407 Thread 0x00000184738e9ff0 nmethod 651 0x0000018425597190 code [0x0000018425597340, 0x0000018425597878]
Event: 0.409 Thread 0x00000184738e9ff0  661       4       java.util.HashMap$KeyIterator::next (8 bytes)
Event: 0.411 Thread 0x00000184739ee970  662       3       java.lang.invoke.MethodHandle::<init> (37 bytes)
Event: 0.411 Thread 0x00000184738ee750  663       3       java.lang.invoke.LambdaForm::prepare (108 bytes)
Event: 0.411 Thread 0x00000184739ec2c0  664       3       java.lang.ref.SoftReference::get (29 bytes)
Event: 0.411 Thread 0x00000184739ec2c0 nmethod 664 0x000001841daba210 code [0x000001841daba3c0, 0x000001841daba558]
Event: 0.411 Thread 0x00000184739ee970 nmethod 662 0x000001841daba610 code [0x000001841daba820, 0x000001841dabad18]
Event: 0.411 Thread 0x00000184738ee750 nmethod 663 0x000001841dabaf90 code [0x000001841dabb1e0, 0x000001841dabb928]

GC Heap History (0 events):
No events

Dll operation events (8 events):
Event: 0.008 Loaded shared library c:\Users\Haqii\.vscode\extensions\redhat.java-1.44.0-win32-x64\jre\21.0.8-win32-x86_64\bin\java.dll
Event: 0.075 Loaded shared library c:\Users\Haqii\.vscode\extensions\redhat.java-1.44.0-win32-x64\jre\21.0.8-win32-x86_64\bin\zip.dll
Event: 0.093 Loaded shared library C:\Users\Haqii\.vscode\extensions\redhat.java-1.44.0-win32-x64\jre\21.0.8-win32-x86_64\bin\instrument.dll
Event: 0.097 Loaded shared library C:\Users\Haqii\.vscode\extensions\redhat.java-1.44.0-win32-x64\jre\21.0.8-win32-x86_64\bin\net.dll
Event: 0.099 Loaded shared library C:\Users\Haqii\.vscode\extensions\redhat.java-1.44.0-win32-x64\jre\21.0.8-win32-x86_64\bin\nio.dll
Event: 0.104 Loaded shared library C:\Users\Haqii\.vscode\extensions\redhat.java-1.44.0-win32-x64\jre\21.0.8-win32-x86_64\bin\zip.dll
Event: 0.123 Loaded shared library C:\Users\Haqii\.vscode\extensions\redhat.java-1.44.0-win32-x64\jre\21.0.8-win32-x86_64\bin\jimage.dll
Event: 0.196 Loaded shared library c:\Users\Haqii\.vscode\extensions\redhat.java-1.44.0-win32-x64\jre\21.0.8-win32-x86_64\bin\verify.dll

Deoptimization events (20 events):
Event: 0.297 Thread 0x00000184184361b0 DEOPT PACKING pc=0x00000184255713e0 sp=0x0000000638bfec20
Event: 0.297 Thread 0x00000184184361b0 DEOPT UNPACKING pc=0x0000018424e63aa2 sp=0x0000000638bfeb60 mode 2
Event: 0.300 Thread 0x00000184184361b0 DEOPT PACKING pc=0x000001841d9fc658 sp=0x0000000638bfc640
Event: 0.300 Thread 0x00000184184361b0 DEOPT UNPACKING pc=0x0000018424e64242 sp=0x0000000638bfbb00 mode 0
Event: 0.304 Thread 0x00000184184361b0 DEOPT PACKING pc=0x000001841d9fc658 sp=0x0000000638bfad30
Event: 0.304 Thread 0x00000184184361b0 DEOPT UNPACKING pc=0x0000018424e64242 sp=0x0000000638bfa1f0 mode 0
Event: 0.306 Thread 0x00000184184361b0 DEOPT PACKING pc=0x000001841d9fc658 sp=0x0000000638bf9390
Event: 0.306 Thread 0x00000184184361b0 DEOPT UNPACKING pc=0x0000018424e64242 sp=0x0000000638bf8850 mode 0
Event: 0.312 Thread 0x00000184184361b0 DEOPT PACKING pc=0x000001841d9fc658 sp=0x0000000638bfa9e0
Event: 0.312 Thread 0x00000184184361b0 DEOPT UNPACKING pc=0x0000018424e64242 sp=0x0000000638bf9ea0 mode 0
Event: 0.312 Thread 0x00000184184361b0 DEOPT PACKING pc=0x000001841d9fc658 sp=0x0000000638bfadd0
Event: 0.312 Thread 0x00000184184361b0 DEOPT UNPACKING pc=0x0000018424e64242 sp=0x0000000638bfa290 mode 0
Event: 0.315 Thread 0x00000184184361b0 DEOPT PACKING pc=0x000001841d9fc658 sp=0x0000000638bfc1f0
Event: 0.315 Thread 0x00000184184361b0 DEOPT UNPACKING pc=0x0000018424e64242 sp=0x0000000638bfb6b0 mode 0
Event: 0.316 Thread 0x00000184184361b0 DEOPT PACKING pc=0x000001841d9fc658 sp=0x0000000638bfc0a0
Event: 0.316 Thread 0x00000184184361b0 DEOPT UNPACKING pc=0x0000018424e64242 sp=0x0000000638bfb560 mode 0
Event: 0.410 Thread 0x00000184184361b0 Uncommon trap: trap_request=0xffffff45 fr.pc=0x0000018425591b6c relative=0x000000000000014c
Event: 0.410 Thread 0x00000184184361b0 Uncommon trap: reason=unstable_if action=reinterpret pc=0x0000018425591b6c method=jdk.internal.util.ArraysSupport.vectorizedHashCode(Ljava/lang/Object;IIII)I @ 2 c2
Event: 0.410 Thread 0x00000184184361b0 DEOPT PACKING pc=0x0000018425591b6c sp=0x0000000638bfc8c0
Event: 0.410 Thread 0x00000184184361b0 DEOPT UNPACKING pc=0x0000018424e63aa2 sp=0x0000000638bfc870 mode 2

Classes loaded (20 events):
Event: 0.407 Loading class java/security/interfaces/RSAKey done
Event: 0.407 Loading class java/security/interfaces/RSAPublicKey done
Event: 0.407 Loading class sun/security/rsa/RSAPublicKeyImpl done
Event: 0.408 Loading class sun/security/rsa/RSAUtil
Event: 0.408 Loading class sun/security/rsa/RSAUtil done
Event: 0.408 Loading class sun/security/x509/CertificateExtensions
Event: 0.408 Loading class sun/security/x509/CertificateExtensions done
Event: 0.409 Loading class sun/security/x509/Extension
Event: 0.409 Loading class java/security/cert/Extension
Event: 0.409 Loading class java/security/cert/Extension done
Event: 0.409 Loading class sun/security/x509/Extension done
Event: 0.409 Loading class sun/security/x509/OIDMap
Event: 0.410 Loading class sun/security/x509/OIDMap done
Event: 0.410 Loading class sun/security/x509/PKIXExtensions
Event: 0.410 Loading class sun/security/x509/PKIXExtensions done
Event: 0.410 Loading class sun/security/x509/OIDMap$OIDInfo
Event: 0.410 Loading class sun/security/x509/OIDMap$OIDInfo done
Event: 0.410 Loading class sun/security/x509/BasicConstraintsExtension
Event: 0.410 Loading class sun/security/x509/BasicConstraintsExtension done
Event: 0.412 Loading class sun/security/x509/KeyUsageExtension

Classes unloaded (0 events):
No events

Classes redefined (0 events):
No events

Internal exceptions (12 events):
Event: 0.072 Thread 0x00000184184361b0 Exception <a 'java/lang/NoSuchMethodError'{0x00000000d57aaa18}: 'void java.lang.invoke.DirectMethodHandle$Holder.invokeStatic(java.lang.Object, java.lang.Object, java.lang.Object)'> (0x00000000d57aaa18) 
thrown [s\src\hotspot\share\interpreter\linkResolver.cpp, line 773]
Event: 0.116 Thread 0x00000184184361b0 Exception <a 'java/lang/NoSuchMethodError'{0x00000000d5a12ee8}: 'java.lang.Object java.lang.invoke.Invokers$Holder.invokeExact_MT(java.lang.Object, java.lang.Object, java.lang.Object, java.lang.Object, java.lang.Object)'> (0x00000000d5a12ee8) 
thrown [s\src\hotspot\share\interpreter\linkResolver.cpp, line 773]
Event: 0.156 Thread 0x00000184184361b0 Exception <a 'java/lang/NoSuchMethodError'{0x00000000d5acbf48}: 'int java.lang.invoke.DirectMethodHandle$Holder.invokeSpecial(java.lang.Object, java.lang.Object, java.lang.Object, int)'> (0x00000000d5acbf48) 
thrown [s\src\hotspot\share\interpreter\linkResolver.cpp, line 773]
Event: 0.159 Thread 0x00000184184361b0 Exception <a 'java/lang/NoSuchMethodError'{0x00000000d5ade930}: 'java.lang.Object java.lang.invoke.DirectMethodHandle$Holder.invokeStatic(java.lang.Object, java.lang.Object, java.lang.Object, java.lang.Object, int)'> (0x00000000d5ade930) 
thrown [s\src\hotspot\share\interpreter\linkResolver.cpp, line 773]
Event: 0.161 Thread 0x00000184184361b0 Exception <a 'java/lang/NoSuchMethodError'{0x00000000d5ae9d70}: 'void java.lang.invoke.DelegatingMethodHandle$Holder.reinvoke_L(java.lang.Object, java.lang.Object, java.lang.Object, int, java.lang.Object)'> (0x00000000d5ae9d70) 
thrown [s\src\hotspot\share\interpreter\linkResolver.cpp, line 773]
Event: 0.164 Thread 0x00000184184361b0 Exception <a 'java/lang/NoSuchMethodError'{0x00000000d5afa6c0}: 'int java.lang.invoke.DirectMethodHandle$Holder.invokeSpecial(java.lang.Object, java.lang.Object, java.lang.Object)'> (0x00000000d5afa6c0) 
thrown [s\src\hotspot\share\interpreter\linkResolver.cpp, line 773]
Event: 0.165 Thread 0x00000184184361b0 Exception <a 'java/lang/NoSuchMethodError'{0x00000000d5b06380}: 'java.lang.Object java.lang.invoke.DirectMethodHandle$Holder.invokeStatic(java.lang.Object, java.lang.Object, int)'> (0x00000000d5b06380) 
thrown [s\src\hotspot\share\interpreter\linkResolver.cpp, line 773]
Event: 0.166 Thread 0x00000184184361b0 Exception <a 'java/lang/NoSuchMethodError'{0x00000000d5b0acd0}: 'void java.lang.invoke.DirectMethodHandle$Holder.invokeStatic(java.lang.Object, java.lang.Object, int, java.lang.Object)'> (0x00000000d5b0acd0) 
thrown [s\src\hotspot\share\interpreter\linkResolver.cpp, line 773]
Event: 0.166 Thread 0x00000184184361b0 Exception <a 'java/lang/NoSuchMethodError'{0x00000000d5b0e860}: 'void java.lang.invoke.DirectMethodHandle$Holder.invokeSpecial(java.lang.Object, java.lang.Object, java.lang.Object, int, java.lang.Object)'> (0x00000000d5b0e860) 
thrown [s\src\hotspot\share\interpreter\linkResolver.cpp, line 773]
Event: 0.166 Thread 0x00000184184361b0 Exception <a 'java/lang/NoSuchMethodError'{0x00000000d5b11f20}: 'void java.lang.invoke.DelegatingMethodHandle$Holder.delegate(java.lang.Object, java.lang.Object, int, java.lang.Object)'> (0x00000000d5b11f20) 
thrown [s\src\hotspot\share\interpreter\linkResolver.cpp, line 773]
Event: 0.218 Thread 0x00000184184361b0 Exception <a 'java/lang/NoSuchMethodError'{0x00000000d5cd1bb0}: 'void java.lang.invoke.DelegatingMethodHandle$Holder.reinvoke_L(java.lang.Object, java.lang.Object, java.lang.Object, int)'> (0x00000000d5cd1bb0) 
thrown [s\src\hotspot\share\interpreter\linkResolver.cpp, line 773]
Event: 0.402 Thread 0x00000184184361b0 Exception <a 'java/lang/NoSuchMethodError'{0x00000000d615f6e0}: 'void java.lang.invoke.DirectMethodHandle$Holder.invokeVirtual(java.lang.Object, java.lang.Object)'> (0x00000000d615f6e0) 
thrown [s\src\hotspot\share\interpreter\linkResolver.cpp, line 773]

ZGC Phase Switch (0 events):
No events

VM Operations (4 events):
Event: 0.074 Executing VM operation: HandshakeAllThreads (Deoptimize)
Event: 0.074 Executing VM operation: HandshakeAllThreads (Deoptimize) done
Event: 0.137 Executing VM operation: HandshakeAllThreads (Deoptimize)
Event: 0.137 Executing VM operation: HandshakeAllThreads (Deoptimize) done

Memory protections (0 events):
No events

Nmethod flushes (0 events):
No events

Events (14 events):
Event: 0.023 Thread 0x00000184184361b0 Thread added: 0x00000184184361b0
Event: 0.040 Thread 0x00000184184361b0 Thread added: 0x000001843125c740
Event: 0.040 Thread 0x00000184184361b0 Thread added: 0x000001843125d160
Event: 0.040 Thread 0x00000184184361b0 Thread added: 0x0000018431260120
Event: 0.040 Thread 0x00000184184361b0 Thread added: 0x00000184312614d0
Event: 0.040 Thread 0x00000184184361b0 Thread added: 0x0000018431262880
Event: 0.040 Thread 0x00000184184361b0 Thread added: 0x0000018431261b60
Event: 0.040 Thread 0x00000184184361b0 Thread added: 0x00000184738e9ff0
Event: 0.040 Thread 0x00000184184361b0 Thread added: 0x00000184738ee750
Event: 0.063 Thread 0x00000184184361b0 Thread added: 0x000001843125f400
Event: 0.073 Thread 0x00000184738ee750 Thread added: 0x00000184739ec2c0
Event: 0.074 Thread 0x00000184738ee750 Thread added: 0x00000184739ee970
Event: 0.294 Thread 0x00000184184361b0 Thread added: 0x0000018431260e40
Event: 0.359 Thread 0x00000184738e9ff0 Thread added: 0x0000018479000080


Dynamic libraries:
0x00007ff77f690000 - 0x00007ff77f69e000 	c:\Users\Haqii\.vscode\extensions\redhat.java-1.44.0-win32-x64\jre\21.0.8-win32-x86_64\bin\java.exe
0x00007ffa6a2f0000 - 0x00007ffa6a4e8000 	C:\Windows\SYSTEM32\ntdll.dll
0x00007ffa6a180000 - 0x00007ffa6a242000 	C:\Windows\System32\KERNEL32.DLL
0x00007ffa68010000 - 0x00007ffa68307000 	C:\Windows\System32\KERNELBASE.dll
0x00007ffa67a00000 - 0x00007ffa67b00000 	C:\Windows\System32\ucrtbase.dll
0x00007ffa46590000 - 0x00007ffa465a8000 	c:\Users\Haqii\.vscode\extensions\redhat.java-1.44.0-win32-x64\jre\21.0.8-win32-x86_64\bin\jli.dll
0x00007ffa41990000 - 0x00007ffa419ae000 	c:\Users\Haqii\.vscode\extensions\redhat.java-1.44.0-win32-x64\jre\21.0.8-win32-x86_64\bin\VCRUNTIME140.dll
0x00007ffa68e20000 - 0x00007ffa68fbd000 	C:\Windows\System32\USER32.dll
0x00007ffa67fe0000 - 0x00007ffa68002000 	C:\Windows\System32\win32u.dll
0x00007ffa54ca0000 - 0x00007ffa54f3a000 	C:\Windows\WinSxS\amd64_microsoft.windows.common-controls_6595b64144ccf1df_6.0.19041.5915_none_60b4b9d171f9c7c7\COMCTL32.dll
0x00007ffa69340000 - 0x00007ffa693de000 	C:\Windows\System32\msvcrt.dll
0x00007ffa69230000 - 0x00007ffa6925b000 	C:\Windows\System32\GDI32.dll
0x00007ffa67ec0000 - 0x00007ffa67fd9000 	C:\Windows\System32\gdi32full.dll
0x00007ffa67ce0000 - 0x00007ffa67d7d000 	C:\Windows\System32\msvcp_win.dll
0x00007ffa68fc0000 - 0x00007ffa68fef000 	C:\Windows\System32\IMM32.DLL
0x00007ffa45f20000 - 0x00007ffa45f2c000 	c:\Users\Haqii\.vscode\extensions\redhat.java-1.44.0-win32-x64\jre\21.0.8-win32-x86_64\bin\vcruntime140_1.dll
0x00007ff9f1f00000 - 0x00007ff9f1f8d000 	c:\Users\Haqii\.vscode\extensions\redhat.java-1.44.0-win32-x64\jre\21.0.8-win32-x86_64\bin\msvcp140.dll
0x00007ff9b6e00000 - 0x00007ff9b7b97000 	c:\Users\Haqii\.vscode\extensions\redhat.java-1.44.0-win32-x64\jre\21.0.8-win32-x86_64\bin\server\jvm.dll
0x00007ffa69260000 - 0x00007ffa69311000 	C:\Windows\System32\ADVAPI32.dll
0x00007ffa68310000 - 0x00007ffa683af000 	C:\Windows\System32\sechost.dll
0x00007ffa68ad0000 - 0x00007ffa68bf6000 	C:\Windows\System32\RPCRT4.dll
0x00007ffa679d0000 - 0x00007ffa679f7000 	C:\Windows\System32\bcrypt.dll
0x00007ffa691c0000 - 0x00007ffa6922b000 	C:\Windows\System32\WS2_32.dll
0x00007ffa67730000 - 0x00007ffa6777b000 	C:\Windows\SYSTEM32\POWRPROF.dll
0x00007ffa590d0000 - 0x00007ffa590f7000 	C:\Windows\SYSTEM32\WINMM.dll
0x00007ffa5e720000 - 0x00007ffa5e72a000 	C:\Windows\SYSTEM32\VERSION.dll
0x00007ffa67710000 - 0x00007ffa67722000 	C:\Windows\SYSTEM32\UMPDC.dll
0x00007ffa661a0000 - 0x00007ffa661b2000 	C:\Windows\SYSTEM32\kernel.appcore.dll
0x00007ffa459b0000 - 0x00007ffa459ba000 	c:\Users\Haqii\.vscode\extensions\redhat.java-1.44.0-win32-x64\jre\21.0.8-win32-x86_64\bin\jimage.dll
0x00007ffa65960000 - 0x00007ffa65b61000 	C:\Windows\SYSTEM32\DBGHELP.DLL
0x00007ffa50780000 - 0x00007ffa507b4000 	C:\Windows\SYSTEM32\dbgcore.DLL
0x00007ffa67e30000 - 0x00007ffa67eb2000 	C:\Windows\System32\bcryptPrimitives.dll
0x00007ffa42320000 - 0x00007ffa4232f000 	c:\Users\Haqii\.vscode\extensions\redhat.java-1.44.0-win32-x64\jre\21.0.8-win32-x86_64\bin\instrument.dll
0x00007ffa415e0000 - 0x00007ffa415ff000 	c:\Users\Haqii\.vscode\extensions\redhat.java-1.44.0-win32-x64\jre\21.0.8-win32-x86_64\bin\java.dll
0x00007ffa69a00000 - 0x00007ffa6a16e000 	C:\Windows\System32\SHELL32.dll
0x00007ffa651b0000 - 0x00007ffa65954000 	C:\Windows\SYSTEM32\windows.storage.dll
0x00007ffa69520000 - 0x00007ffa69873000 	C:\Windows\System32\combase.dll
0x00007ffa67330000 - 0x00007ffa6735b000 	C:\Windows\SYSTEM32\Wldp.dll
0x00007ffa69930000 - 0x00007ffa699fd000 	C:\Windows\System32\OLEAUT32.dll
0x00007ffa68ff0000 - 0x00007ffa6909d000 	C:\Windows\System32\SHCORE.dll
0x00007ffa68c00000 - 0x00007ffa68c5b000 	C:\Windows\System32\shlwapi.dll
0x00007ffa678b0000 - 0x00007ffa678d4000 	C:\Windows\SYSTEM32\profapi.dll
0x00007ffa3f950000 - 0x00007ffa3f968000 	c:\Users\Haqii\.vscode\extensions\redhat.java-1.44.0-win32-x64\jre\21.0.8-win32-x86_64\bin\zip.dll
0x00007ffa45650000 - 0x00007ffa45660000 	C:\Users\Haqii\.vscode\extensions\redhat.java-1.44.0-win32-x64\jre\21.0.8-win32-x86_64\bin\net.dll
0x00007ffa5eab0000 - 0x00007ffa5ebba000 	C:\Windows\SYSTEM32\WINHTTP.dll
0x00007ffa670a0000 - 0x00007ffa6710a000 	C:\Windows\system32\mswsock.dll
0x00007ffa3f8b0000 - 0x00007ffa3f8c6000 	C:\Users\Haqii\.vscode\extensions\redhat.java-1.44.0-win32-x64\jre\21.0.8-win32-x86_64\bin\nio.dll
0x00007ffa42350000 - 0x00007ffa42360000 	c:\Users\Haqii\.vscode\extensions\redhat.java-1.44.0-win32-x64\jre\21.0.8-win32-x86_64\bin\verify.dll

JVMTI agents:
c:\Users\Haqii\.vscode\extensions\redhat.java-1.44.0-win32-x64\lombok\lombok-1.18.39-4050.jar path:c:\Users\Haqii\.vscode\extensions\redhat.java-1.44.0-win32-x64\jre\21.0.8-win32-x86_64\bin\instrument.dll, loaded, initialized, instrumentlib options:none

dbghelp: loaded successfully - version: 4.0.5 - missing functions: none
symbol engine: initialized successfully - sym options: 0x614 - pdb path: .;c:\Users\Haqii\.vscode\extensions\redhat.java-1.44.0-win32-x64\jre\21.0.8-win32-x86_64\bin;C:\Windows\SYSTEM32;C:\Windows\WinSxS\amd64_microsoft.windows.common-controls_6595b64144ccf1df_6.0.19041.5915_none_60b4b9d171f9c7c7;c:\Users\Haqii\.vscode\extensions\redhat.java-1.44.0-win32-x64\jre\21.0.8-win32-x86_64\bin\server

VM Arguments:
jvm_args: --add-modules=ALL-SYSTEM --add-opens=java.base/java.util=ALL-UNNAMED --add-opens=java.base/java.lang=ALL-UNNAMED --add-opens=java.base/sun.nio.fs=ALL-UNNAMED -Declipse.application=org.eclipse.jdt.ls.core.id1 -Dosgi.bundles.defaultStartLevel=4 -Declipse.product=org.eclipse.jdt.ls.core.product -Djava.import.generatesMetadataFilesAtProjectRoot=false -DDetectVMInstallationsJob.disabled=true -Dfile.encoding=utf8 -XX:+UseParallelGC -XX:GCTimeRatio=4 -XX:AdaptiveSizePolicyWeight=90 -Dsun.zip.disableMemoryMapping=true -Xmx2G -Xms100m -Xlog:disable -javaagent:c:\Users\Haqii\.vscode\extensions\redhat.java-1.44.0-win32-x64\lombok\lombok-1.18.39-4050.jar 
java_command: c:\Users\Haqii\.vscode\extensions\redhat.java-1.44.0-win32-x64\server\plugins\org.eclipse.equinox.launcher_1.7.0.v20250519-0528.jar -configuration c:\Users\Haqii\AppData\Roaming\Code\User\globalStorage\redhat.java\1.44.0\config_ss_win -data c:\Users\Haqii\AppData\Roaming\Code\User\workspaceStorage\74e908b18a45d55618d2345d63f9b1de\redhat.java\ss_ws --pipe=\\.\pipe\lsp-1fdf6399cc729e780f864dbb2bc1749a-sock
java_class_path (initial): c:\Users\Haqii\.vscode\extensions\redhat.java-1.44.0-win32-x64\server\plugins\org.eclipse.equinox.launcher_1.7.0.v20250519-0528.jar
Launcher Type: SUN_STANDARD

[Global flags]
    uintx AdaptiveSizePolicyWeight                 = 90                                        {product} {command line}
     intx CICompilerCount                          = 12                                        {product} {ergonomic}
    uintx GCTimeRatio                              = 4                                         {product} {command line}
   size_t InitialHeapSize                          = 104857600                                 {product} {command line}
   size_t MaxHeapSize                              = 2147483648                                {product} {command line}
   size_t MaxNewSize                               = 715653120                                 {product} {ergonomic}
   size_t MinHeapDeltaBytes                        = 524288                                    {product} {ergonomic}
   size_t MinHeapSize                              = 104857600                                 {product} {command line}
   size_t NewSize                                  = 34603008                                  {product} {ergonomic}
    uintx NonNMethodCodeHeapSize                   = 7602480                                {pd product} {ergonomic}
    uintx NonProfiledCodeHeapSize                  = 122027880                              {pd product} {ergonomic}
   size_t OldSize                                  = 70254592                                  {product} {ergonomic}
    uintx ProfiledCodeHeapSize                     = 122027880                              {pd product} {ergonomic}
    uintx ReservedCodeCacheSize                    = 251658240                              {pd product} {ergonomic}
     bool SegmentedCodeCache                       = true                                      {product} {ergonomic}
   size_t SoftMaxHeapSize                          = 2147483648                             {manageable} {ergonomic}
     bool UseCompressedOops                        = true                           {product lp64_product} {ergonomic}
     bool UseLargePagesIndividualAllocation        = false                                  {pd product} {ergonomic}
     bool UseParallelGC                            = true                                      {product} {command line}

Logging:
Log output configuration:
 #0: stdout all=off uptime,level,tags foldmultilines=false
 #1: stderr all=off uptime,level,tags foldmultilines=false

Environment Variables:
PATH=C:\Program Files\Common Files\Oracle\Java\javapath;C:\Windows\system32;C:\Windows;C:\Windows\System32\Wbem;C:\Windows\System32\WindowsPowerShell\v1.0\;C:\Windows\System32\OpenSSH\;C:\xampp\php;C:\ProgramData\ComposerSetup\bin;C:\Program Files\nodejs\;C:\Program Files\Git\cmd;C:\Program Files\dotnet\;C:\ProgramData\chocolatey\bin;c:\Users\Haqii\AppData\Local\Programs\cursor\resources\app\codeBin;C:\Users\Haqii\AppData\Local\Programs\Python\Launcher\;c:\Users\Haqii\AppData\Local\Programs\Trae\bin;C:\Users\Haqii\AppData\Local\Microsoft\WindowsApps;C:\Users\Haqii\AppData\Local\Programs\Microsoft VS Code\bin;C:\Users\Haqii\AppData\Roaming\Composer\vendor\bin;C:\Users\Haqii\AppData\Roaming\npm;C:\msys64\ucrt64\bin;C:\Users\Haqii\AppData\Local\spicetify;C:\xampp\php;C:\Users\Haqii\.deno\bin;C:\Users\Haqii\AppData\Local\Programs\cursor\resources\app\bin
USERNAME=Haqii
OS=Windows_NT
PROCESSOR_IDENTIFIER=AMD64 Family 25 Model 68 Stepping 1, AuthenticAMD
TMP=C:\Users\Haqii\AppData\Local\Temp
TEMP=C:\Users\Haqii\AppData\Local\Temp




Periodic native trim disabled

---------------  S Y S T E M  ---------------

OS:
 Windows 10 , 64 bit Build 19041 (10.0.19041.5915)
OS uptime: 0 days 5:03 hours

CPU: total 16 (initial active 16) (16 cores per cpu, 2 threads per core) family 25 model 68 stepping 1 microcode 0x0, cx8, cmov, fxsr, ht, mmx, 3dnowpref, sse, sse2, sse3, ssse3, sse4a, sse4.1, sse4.2, popcnt, lzcnt, tsc, tscinvbit, avx, avx2, aes, erms, clmul, bmi1, bmi2, adx, sha, fma, vzeroupper, clflush, clflushopt, rdtscp, rdpid, fsrm, f16c, pku, cet_ss
Processor Information for the first 16 processors :
  Max Mhz: 3201, Current Mhz: 3201, Mhz Limit: 3201

Memory: 4k page, system-wide physical 14077M (527M free)
TotalPageFile size 27389M (AvailPageFile size 84M)
current process WorkingSet (physical memory assigned to process): 52M, peak: 52M
current process commit charge ("private bytes"): 242M, peak: 242M

vm_info: OpenJDK 64-Bit Server VM (21.0.8+9-LTS) for windows-amd64 JRE (21.0.8+9-LTS), built on 2025-07-15T00:00:00Z by "admin" with MS VC++ 17.7 (VS2022)

END.
