#
# There is insufficient memory for the Java Runtime Environment to continue.
# Native memory allocation (malloc) failed to allocate 1050384 bytes. Error detail: Chunk::new
# Possible reasons:
#   The system is out of physical RAM or swap space
#   This process is running with CompressedOops enabled, and the Java Heap may be blocking the growth of the native heap
# Possible solutions:
#   Reduce memory load on the system
#   Increase physical memory or swap space
#   Check if swap backing store is full
#   Decrease Java heap size (-Xmx/-Xms)
#   Decrease number of Java threads
#   Decrease Java thread stack sizes (-Xss)
#   Set larger code cache with -XX:ReservedCodeCacheSize=
#   JVM is running with Zero Based Compressed Oops mode in which the Java heap is
#     placed in the first 32GB address space. The Java Heap base address is the
#     maximum limit for the native heap growth. Please use -XX:HeapBaseMinAddress
#     to set the Java Heap base and to place the Java Heap above 32GB virtual address.
# This output file may be truncated or incomplete.
#
#  Out of Memory Error (arena.cpp:149), pid=16688, tid=17748
#
# JRE version: Java(TM) SE Runtime Environment (23.0.1+11) (build 23.0.1+11-39)
# Java VM: Java HotSpot(TM) 64-Bit Server VM (23.0.1+11-39, mixed mode, sharing, tiered, compressed oops, compressed class ptrs, g1 gc, windows-amd64)
# No core dump will be written. Minidumps are not enabled by default on client versions of Windows
#

---------------  S U M M A R Y ------------

Command Line: -DkotlinLanguageServer.version=1.3.13 org.javacs.kt.MainKt

Host: AMD Ryzen 7 7735HS with Radeon Graphics        , 16 cores, 13G,  Windows 10 , 64 bit Build 19041 (10.0.19041.5915)
Time: Mon Sep  1 14:02:44 2025 SE Asia Standard Time elapsed time: 10.952715 seconds (0d 0h 0m 10s)

---------------  T H R E A D  ---------------

Current thread (0x0000014bb92777d0):  JavaThread "C2 CompilerThread0" daemon [_thread_in_native, id=17748, stack(0x0000000817f00000,0x0000000818000000) (1024K)]


Current CompileTask:
C2:10952 15208       4       org.jetbrains.kotlin.load.java.lazy.descriptors.LazyJavaScope$$Lambda/0x0000014bbb6cf658::invoke (12 bytes)

Stack: [0x0000000817f00000,0x0000000818000000]
Native frames: (J=compiled Java code, j=interpreted, Vv=VM code, C=native code)
V  [jvm.dll+0x6e08b9]  (no source info available)
V  [jvm.dll+0x87dc83]  (no source info available)
V  [jvm.dll+0x88010e]  (no source info available)
V  [jvm.dll+0x8807e3]  (no source info available)
V  [jvm.dll+0x27aee6]  (no source info available)
V  [jvm.dll+0xbc06f]  (no source info available)
V  [jvm.dll+0xbc2cb]  (no source info available)
V  [jvm.dll+0x3b3a9c]  (no source info available)
V  [jvm.dll+0x1dc19c]  (no source info available)
V  [jvm.dll+0x244be5]  (no source info available)
V  [jvm.dll+0x243dff]  (no source info available)
V  [jvm.dll+0x1c33a0]  (no source info available)
V  [jvm.dll+0x253cf1]  (no source info available)
V  [jvm.dll+0x251faa]  (no source info available)
V  [jvm.dll+0x3ee036]  (no source info available)
V  [jvm.dll+0x824f8b]  (no source info available)
V  [jvm.dll+0x6df065]  (no source info available)
C  [ucrtbase.dll+0x21bb2]  (no source info available)
C  [KERNEL32.DLL+0x17374]  (no source info available)
C  [ntdll.dll+0x4cc91]  (no source info available)

Lock stack of current Java thread (top to bottom):


---------------  P R O C E S S  ---------------

Threads class SMR info:
_java_thread_list=0x0000014b8c882220, length=22, elements={
0x0000014bb9239970, 0x0000014bb923a4a0, 0x0000014bb923e010, 0x0000014bb923e680,
0x0000014bb9242d00, 0x0000014bb9245380, 0x0000014bb92777d0, 0x0000014bb9279ea0,
0x0000014bb93527b0, 0x0000014bb93b9ff0, 0x0000014bb93c08e0, 0x0000014bb949e530,
0x0000014bb98f5800, 0x0000014bb98f5ec0, 0x0000014b8b243840, 0x0000014b97bbb960,
0x0000014b89b53a00, 0x0000014b8bddd460, 0x0000014b8bddcdd0, 0x0000014b8bdd9fe0,
0x0000014b8ca8d020, 0x0000014b8d600b70
}

Java Threads: ( => current thread )
  0x0000014bb9239970 JavaThread "Reference Handler"          daemon [_thread_blocked, id=3368, stack(0x0000000817900000,0x0000000817a00000) (1024K)]
  0x0000014bb923a4a0 JavaThread "Finalizer"                  daemon [_thread_blocked, id=16496, stack(0x0000000817a00000,0x0000000817b00000) (1024K)]
  0x0000014bb923e010 JavaThread "Signal Dispatcher"          daemon [_thread_blocked, id=820, stack(0x0000000817b00000,0x0000000817c00000) (1024K)]
  0x0000014bb923e680 JavaThread "Attach Listener"            daemon [_thread_blocked, id=5100, stack(0x0000000817c00000,0x0000000817d00000) (1024K)]
  0x0000014bb9242d00 JavaThread "Service Thread"             daemon [_thread_blocked, id=632, stack(0x0000000817d00000,0x0000000817e00000) (1024K)]
  0x0000014bb9245380 JavaThread "Monitor Deflation Thread"   daemon [_thread_blocked, id=19492, stack(0x0000000817e00000,0x0000000817f00000) (1024K)]
=>0x0000014bb92777d0 JavaThread "C2 CompilerThread0"         daemon [_thread_in_native, id=17748, stack(0x0000000817f00000,0x0000000818000000) (1024K)]
  0x0000014bb9279ea0 JavaThread "C1 CompilerThread0"         daemon [_thread_blocked, id=13508, stack(0x0000000818000000,0x0000000818100000) (1024K)]
  0x0000014bb93527b0 JavaThread "C1 CompilerThread1"         daemon [_thread_in_native, id=3224, stack(0x0000000818100000,0x0000000818200000) (1024K)]
  0x0000014bb93b9ff0 JavaThread "Notification Thread"        daemon [_thread_blocked, id=18192, stack(0x0000000818200000,0x0000000818300000) (1024K)]
  0x0000014bb93c08e0 JavaThread "Common-Cleaner"             daemon [_thread_blocked, id=21244, stack(0x0000000818300000,0x0000000818400000) (1024K)]
  0x0000014bb949e530 JavaThread "C2 CompilerThread1"         daemon [_thread_in_native, id=4940, stack(0x0000000818400000,0x0000000818500000) (1024K)]
  0x0000014bb98f5800 JavaThread "C1 CompilerThread2"         daemon [_thread_blocked, id=16336, stack(0x0000000818600000,0x0000000818700000) (1024K)]
  0x0000014bb98f5ec0 JavaThread "C1 CompilerThread3"         daemon [_thread_blocked, id=17700, stack(0x0000000818700000,0x0000000818800000) (1024K)]
  0x0000014b8b243840 JavaThread "client"                            [_thread_in_native, id=17648, stack(0x0000000819700000,0x0000000819800000) (1024K)]
  0x0000014b97bbb960 JavaThread "DestroyJavaVM"                     [_thread_blocked, id=6624, stack(0x0000000817100000,0x0000000817200000) (1024K)]
  0x0000014b89b53a00 JavaThread "async0"                            [_thread_blocked, id=1860, stack(0x0000000819800000,0x0000000819900000) (1024K)]
  0x0000014b8bddd460 JavaThread "async1"                            [_thread_blocked, id=19388, stack(0x0000000819900000,0x0000000819a00000) (1024K)]
  0x0000014b8bddcdd0 JavaThread "debounce0"                         [_thread_in_Java, id=20404, stack(0x0000000819a00000,0x0000000819b00000) (1024K)]
  0x0000014b8bdd9fe0 JavaThread "async2"                            [_thread_blocked, id=20916, stack(0x0000000819b00000,0x0000000819c00000) (1024K)]
  0x0000014b8ca8d020 JavaThread "async3"                            [_thread_blocked, id=17888, stack(0x0000000819600000,0x0000000819700000) (1024K)]
  0x0000014b8d600b70 JavaThread "C2 CompilerThread2"         daemon [_thread_in_native, id=19760, stack(0x0000000818500000,0x0000000818600000) (1024K)]
Total: 22

Other Threads:
  0x0000014bb9222940 VMThread "VM Thread"                           [id=3240, stack(0x0000000817800000,0x0000000817900000) (1024K)]
  0x0000014bb9211aa0 WatcherThread "VM Periodic Task Thread"        [id=872, stack(0x0000000817700000,0x0000000817800000) (1024K)]
  0x0000014b99e9d940 WorkerThread "GC Thread#0"                     [id=15948, stack(0x0000000817200000,0x0000000817300000) (1024K)]
  0x0000014bb9ed52d0 WorkerThread "GC Thread#1"                     [id=8348, stack(0x0000000818800000,0x0000000818900000) (1024K)]
  0x0000014bb9ed5680 WorkerThread "GC Thread#2"                     [id=9280, stack(0x0000000818900000,0x0000000818a00000) (1024K)]
  0x0000014bb9ed5a30 WorkerThread "GC Thread#3"                     [id=17644, stack(0x0000000818a00000,0x0000000818b00000) (1024K)]
  0x0000014bb9ecfe50 WorkerThread "GC Thread#4"                     [id=3796, stack(0x0000000818b00000,0x0000000818c00000) (1024K)]
  0x0000014bb9f3dcc0 WorkerThread "GC Thread#5"                     [id=10720, stack(0x0000000818c00000,0x0000000818d00000) (1024K)]
  0x0000014bb9f3e070 WorkerThread "GC Thread#6"                     [id=5268, stack(0x0000000818d00000,0x0000000818e00000) (1024K)]
  0x0000014bb9f3ea30 WorkerThread "GC Thread#7"                     [id=21324, stack(0x0000000818e00000,0x0000000818f00000) (1024K)]
  0x0000014b8028ab00 WorkerThread "GC Thread#8"                     [id=20544, stack(0x0000000818f00000,0x0000000819000000) (1024K)]
  0x0000014b8028b260 WorkerThread "GC Thread#9"                     [id=5168, stack(0x0000000819000000,0x0000000819100000) (1024K)]
  0x0000014b804f62e0 WorkerThread "GC Thread#10"                    [id=19900, stack(0x0000000819100000,0x0000000819200000) (1024K)]
  0x0000014b804f71a0 WorkerThread "GC Thread#11"                    [id=18688, stack(0x0000000819200000,0x0000000819300000) (1024K)]
  0x0000014b804f7550 WorkerThread "GC Thread#12"                    [id=20836, stack(0x0000000819300000,0x0000000819400000) (1024K)]
  0x0000014b99eafba0 ConcurrentGCThread "G1 Main Marker"            [id=14036, stack(0x0000000817300000,0x0000000817400000) (1024K)]
  0x0000014b99eb0770 WorkerThread "G1 Conc#0"                       [id=16948, stack(0x0000000817400000,0x0000000817500000) (1024K)]
  0x0000014b804f5070 WorkerThread "G1 Conc#1"                       [id=2780, stack(0x0000000819400000,0x0000000819500000) (1024K)]
  0x0000014b804f5420 WorkerThread "G1 Conc#2"                       [id=3024, stack(0x0000000819500000,0x0000000819600000) (1024K)]
  0x0000014bb90e11e0 ConcurrentGCThread "G1 Refine#0"               [id=19140, stack(0x0000000817500000,0x0000000817600000) (1024K)]
  0x0000014bb90e1620 ConcurrentGCThread "G1 Service"                [id=20780, stack(0x0000000817600000,0x0000000817700000) (1024K)]
Total: 21

Threads with active compile tasks:
C2 CompilerThread0  11001 15208       4       org.jetbrains.kotlin.load.java.lazy.descriptors.LazyJavaScope$$Lambda/0x0000014bbb6cf658::invoke (12 bytes)
C2 CompilerThread1  11001 15236       4       com.intellij.codeInsight.AnnotationUtil::findAllAnnotations (110 bytes)
C2 CompilerThread2  11001 15235       4       com.intellij.codeInsight.AnnotationUtil::findAnnotation (45 bytes)
Total: 3

VM state: not at safepoint (normal execution)

VM Mutex/Monitor currently owned by a thread: None

Heap address: 0x0000000724000000, size: 3520 MB, Compressed Oops mode: Zero based, Oop shift amount: 3

CDS archive(s) mapped at: [0x0000014bba000000-0x0000014bbad70000-0x0000014bbad70000), size 14090240, SharedBaseAddress: 0x0000014bba000000, ArchiveRelocationMode: 1.
Compressed class space mapped at: 0x0000014bbb000000-0x0000014bfb000000, reserved size: 1073741824
Narrow klass base: 0x0000014bba000000, Narrow klass shift: 0, Narrow klass range: 0x41000000

GC Precious Log:
 CardTable entry size: 512
 Card Set container configuration: InlinePtr #cards 4 size 8 Array Of Cards #cards 16 size 48 Howl #buckets 8 coarsen threshold 3686 Howl Bitmap #cards 512 size 80 coarsen threshold 460 Card regions per heap region 1 cards per card region 4096
 CPUs: 16 total, 16 available
 Memory: 14077M
 Large Page Support: Disabled
 NUMA Support: Disabled
 Compressed Oops: Enabled (Zero based)
 Heap Region Size: 2M
 Heap Min Capacity: 8M
 Heap Initial Capacity: 220M
 Heap Max Capacity: 3520M
 Pre-touch: Disabled
 Parallel Workers: 13
 Concurrent Workers: 3
 Concurrent Refinement Workers: 13
 Periodic GC: Disabled

Heap:
 garbage-first heap   total reserved 3604480K, committed 215040K, used 166113K [0x0000000724000000, 0x0000000800000000)
  region size 2048K, 27 young (55296K), 5 survivors (10240K)
 Metaspace       used 76981K, committed 78080K, reserved 1179648K
  class space    used 9023K, committed 9536K, reserved 1048576K

Heap Regions: E=young(eden), S=young(survivor), O=old, HS=humongous(starts), HC=humongous(continues), CS=collection set, F=free, TAMS=top-at-mark-start, PB=parsable bottom
|   0|0x0000000724000000, 0x0000000724200000, 0x0000000724200000|100%|HS|  |TAMS 0x0000000724000000| PB 0x0000000724000000| Complete |  0
|   1|0x0000000724200000, 0x0000000724400000, 0x0000000724400000|100%|HC|  |TAMS 0x0000000724200000| PB 0x0000000724200000| Complete |  0
|   2|0x0000000724400000, 0x0000000724600000, 0x0000000724600000|100%| O|  |TAMS 0x0000000724400000| PB 0x0000000724400000| Untracked |  0
|   3|0x0000000724600000, 0x0000000724800000, 0x0000000724800000|100%| O|  |TAMS 0x0000000724600000| PB 0x0000000724600000| Untracked |  0
|   4|0x0000000724800000, 0x0000000724a00000, 0x0000000724a00000|100%| O|  |TAMS 0x0000000724800000| PB 0x0000000724800000| Untracked |  0
|   5|0x0000000724a00000, 0x0000000724c00000, 0x0000000724c00000|100%| O|  |TAMS 0x0000000724a00000| PB 0x0000000724a00000| Untracked |  0
|   6|0x0000000724c00000, 0x0000000724e00000, 0x0000000724e00000|100%| O|  |TAMS 0x0000000724c00000| PB 0x0000000724c00000| Untracked |  0
|   7|0x0000000724e00000, 0x0000000725000000, 0x0000000725000000|100%| O|  |TAMS 0x0000000724e00000| PB 0x0000000724e00000| Untracked |  0
|   8|0x0000000725000000, 0x0000000725200000, 0x0000000725200000|100%| O|  |TAMS 0x0000000725000000| PB 0x0000000725000000| Untracked |  0
|   9|0x0000000725200000, 0x0000000725400000, 0x0000000725400000|100%| O|  |TAMS 0x0000000725200000| PB 0x0000000725200000| Untracked |  0
|  10|0x0000000725400000, 0x0000000725600000, 0x0000000725600000|100%| O|  |TAMS 0x0000000725400000| PB 0x0000000725400000| Untracked |  0
|  11|0x0000000725600000, 0x0000000725800000, 0x0000000725800000|100%| O|  |TAMS 0x0000000725600000| PB 0x0000000725600000| Untracked |  0
|  12|0x0000000725800000, 0x0000000725a00000, 0x0000000725a00000|100%| O|  |TAMS 0x0000000725800000| PB 0x0000000725800000| Untracked |  0
|  13|0x0000000725a00000, 0x0000000725c00000, 0x0000000725c00000|100%| O|  |TAMS 0x0000000725a00000| PB 0x0000000725a00000| Untracked |  0
|  14|0x0000000725c00000, 0x0000000725e00000, 0x0000000725e00000|100%| O|  |TAMS 0x0000000725c00000| PB 0x0000000725c00000| Untracked |  0
|  15|0x0000000725e00000, 0x0000000726000000, 0x0000000726000000|100%| O|  |TAMS 0x0000000725e00000| PB 0x0000000725e00000| Untracked |  0
|  16|0x0000000726000000, 0x0000000726200000, 0x0000000726200000|100%| O|  |TAMS 0x0000000726000000| PB 0x0000000726000000| Untracked |  0
|  17|0x0000000726200000, 0x0000000726400000, 0x0000000726400000|100%| O|  |TAMS 0x0000000726200000| PB 0x0000000726200000| Untracked |  0
|  18|0x0000000726400000, 0x0000000726600000, 0x0000000726600000|100%| O|  |TAMS 0x0000000726400000| PB 0x0000000726400000| Untracked |  0
|  19|0x0000000726600000, 0x0000000726800000, 0x0000000726800000|100%| O|  |TAMS 0x0000000726600000| PB 0x0000000726600000| Untracked |  0
|  20|0x0000000726800000, 0x0000000726a00000, 0x0000000726a00000|100%| O|  |TAMS 0x0000000726800000| PB 0x0000000726800000| Untracked |  0
|  21|0x0000000726a00000, 0x0000000726c00000, 0x0000000726c00000|100%|HS|  |TAMS 0x0000000726a00000| PB 0x0000000726a00000| Complete |  0
|  22|0x0000000726c00000, 0x0000000726e00000, 0x0000000726e00000|100%| O|  |TAMS 0x0000000726c00000| PB 0x0000000726c00000| Untracked |  0
|  23|0x0000000726e00000, 0x0000000727000000, 0x0000000727000000|100%| O|  |TAMS 0x0000000726e00000| PB 0x0000000726e00000| Untracked |  0
|  24|0x0000000727000000, 0x0000000727200000, 0x0000000727200000|100%| O|  |TAMS 0x0000000727000000| PB 0x0000000727000000| Untracked |  0
|  25|0x0000000727200000, 0x0000000727400000, 0x0000000727400000|100%| O|  |TAMS 0x0000000727200000| PB 0x0000000727200000| Untracked |  0
|  26|0x0000000727400000, 0x0000000727600000, 0x0000000727600000|100%| O|  |TAMS 0x0000000727400000| PB 0x0000000727400000| Untracked |  0
|  27|0x0000000727600000, 0x0000000727800000, 0x0000000727800000|100%| O|  |TAMS 0x0000000727600000| PB 0x0000000727600000| Untracked |  0
|  28|0x0000000727800000, 0x0000000727a00000, 0x0000000727a00000|100%| O|  |TAMS 0x0000000727800000| PB 0x0000000727800000| Untracked |  0
|  29|0x0000000727a00000, 0x0000000727c00000, 0x0000000727c00000|100%| O|  |TAMS 0x0000000727a00000| PB 0x0000000727a00000| Untracked |  0
|  30|0x0000000727c00000, 0x0000000727e00000, 0x0000000727e00000|100%| O|  |TAMS 0x0000000727c00000| PB 0x0000000727c00000| Untracked |  0
|  31|0x0000000727e00000, 0x0000000728000000, 0x0000000728000000|100%| O|  |TAMS 0x0000000727e00000| PB 0x0000000727e00000| Untracked |  0
|  32|0x0000000728000000, 0x0000000728200000, 0x0000000728200000|100%| O|  |TAMS 0x0000000728000000| PB 0x0000000728000000| Untracked |  0
|  33|0x0000000728200000, 0x0000000728400000, 0x0000000728400000|100%| O|  |TAMS 0x0000000728200000| PB 0x0000000728200000| Untracked |  0
|  34|0x0000000728400000, 0x0000000728600000, 0x0000000728600000|100%| O|  |TAMS 0x0000000728400000| PB 0x0000000728400000| Untracked |  0
|  35|0x0000000728600000, 0x0000000728800000, 0x0000000728800000|100%| O|  |TAMS 0x0000000728600000| PB 0x0000000728600000| Untracked |  0
|  36|0x0000000728800000, 0x0000000728a00000, 0x0000000728a00000|100%| O|  |TAMS 0x0000000728800000| PB 0x0000000728800000| Untracked |  0
|  37|0x0000000728a00000, 0x0000000728c00000, 0x0000000728c00000|100%| O|  |TAMS 0x0000000728a00000| PB 0x0000000728a00000| Untracked |  0
|  38|0x0000000728c00000, 0x0000000728e00000, 0x0000000728e00000|100%| O|  |TAMS 0x0000000728c00000| PB 0x0000000728c00000| Untracked |  0
|  39|0x0000000728e00000, 0x0000000729000000, 0x0000000729000000|100%| O|  |TAMS 0x0000000728e00000| PB 0x0000000728e00000| Untracked |  0
|  40|0x0000000729000000, 0x0000000729038500, 0x0000000729200000| 10%| O|  |TAMS 0x0000000729000000| PB 0x0000000729000000| Untracked |  0
|  41|0x0000000729200000, 0x0000000729400000, 0x0000000729400000|100%| O|  |TAMS 0x0000000729200000| PB 0x0000000729200000| Untracked |  0
|  42|0x0000000729400000, 0x0000000729600000, 0x0000000729600000|100%| O|  |TAMS 0x0000000729400000| PB 0x0000000729400000| Untracked |  0
|  43|0x0000000729600000, 0x0000000729800000, 0x0000000729800000|100%| O|  |TAMS 0x0000000729600000| PB 0x0000000729600000| Untracked |  0
|  44|0x0000000729800000, 0x0000000729a00000, 0x0000000729a00000|100%| O|  |TAMS 0x0000000729800000| PB 0x0000000729800000| Untracked |  0
|  45|0x0000000729a00000, 0x0000000729c00000, 0x0000000729c00000|100%| O|  |TAMS 0x0000000729a00000| PB 0x0000000729a00000| Untracked |  0
|  46|0x0000000729c00000, 0x0000000729e00000, 0x0000000729e00000|100%| O|  |TAMS 0x0000000729c00000| PB 0x0000000729c00000| Untracked |  0
|  47|0x0000000729e00000, 0x000000072a000000, 0x000000072a000000|100%| O|  |TAMS 0x0000000729e00000| PB 0x0000000729e00000| Untracked |  0
|  48|0x000000072a000000, 0x000000072a200000, 0x000000072a200000|100%| O|  |TAMS 0x000000072a000000| PB 0x000000072a000000| Untracked |  0
|  49|0x000000072a200000, 0x000000072a400000, 0x000000072a400000|100%| O|  |TAMS 0x000000072a200000| PB 0x000000072a200000| Untracked |  0
|  50|0x000000072a400000, 0x000000072a600000, 0x000000072a600000|100%| O|  |TAMS 0x000000072a400000| PB 0x000000072a400000| Untracked |  0
|  51|0x000000072a600000, 0x000000072a800000, 0x000000072a800000|100%| O|  |TAMS 0x000000072a600000| PB 0x000000072a600000| Untracked |  0
|  52|0x000000072a800000, 0x000000072aa00000, 0x000000072aa00000|100%| O|  |TAMS 0x000000072a800000| PB 0x000000072a800000| Untracked |  0
|  53|0x000000072aa00000, 0x000000072ac00000, 0x000000072ac00000|100%| O|  |TAMS 0x000000072aa00000| PB 0x000000072aa00000| Untracked |  0
|  54|0x000000072ac00000, 0x000000072ae00000, 0x000000072ae00000|100%| O|  |TAMS 0x000000072ac00000| PB 0x000000072ac00000| Untracked |  0
|  55|0x000000072ae00000, 0x000000072b000000, 0x000000072b000000|100%| O|  |TAMS 0x000000072ae00000| PB 0x000000072ae00000| Untracked |  0
|  56|0x000000072b000000, 0x000000072b000000, 0x000000072b200000|  0%| F|  |TAMS 0x000000072b000000| PB 0x000000072b000000| Untracked |  0
|  57|0x000000072b200000, 0x000000072b200000, 0x000000072b400000|  0%| F|  |TAMS 0x000000072b200000| PB 0x000000072b200000| Untracked |  0
|  58|0x000000072b400000, 0x000000072b400000, 0x000000072b600000|  0%| F|  |TAMS 0x000000072b400000| PB 0x000000072b400000| Untracked |  0
|  59|0x000000072b600000, 0x000000072b600000, 0x000000072b800000|  0%| F|  |TAMS 0x000000072b600000| PB 0x000000072b600000| Untracked |  0
|  60|0x000000072b800000, 0x000000072b800000, 0x000000072ba00000|  0%| F|  |TAMS 0x000000072b800000| PB 0x000000072b800000| Untracked |  0
|  61|0x000000072ba00000, 0x000000072ba00000, 0x000000072bc00000|  0%| F|  |TAMS 0x000000072ba00000| PB 0x000000072ba00000| Untracked |  0
|  62|0x000000072bc00000, 0x000000072bc00000, 0x000000072be00000|  0%| F|  |TAMS 0x000000072bc00000| PB 0x000000072bc00000| Untracked |  0
|  63|0x000000072be00000, 0x000000072be00000, 0x000000072c000000|  0%| F|  |TAMS 0x000000072be00000| PB 0x000000072be00000| Untracked |  0
|  64|0x000000072c000000, 0x000000072c000000, 0x000000072c200000|  0%| F|  |TAMS 0x000000072c000000| PB 0x000000072c000000| Untracked |  0
|  65|0x000000072c200000, 0x000000072c200000, 0x000000072c400000|  0%| F|  |TAMS 0x000000072c200000| PB 0x000000072c200000| Untracked |  0
|  66|0x000000072c400000, 0x000000072c400000, 0x000000072c600000|  0%| F|  |TAMS 0x000000072c400000| PB 0x000000072c400000| Untracked |  0
|  67|0x000000072c600000, 0x000000072c800000, 0x000000072c800000|100%| S|CS|TAMS 0x000000072c600000| PB 0x000000072c600000| Complete |  0
|  68|0x000000072c800000, 0x000000072ca00000, 0x000000072ca00000|100%| S|CS|TAMS 0x000000072c800000| PB 0x000000072c800000| Complete |  0
|  69|0x000000072ca00000, 0x000000072cc00000, 0x000000072cc00000|100%| S|CS|TAMS 0x000000072ca00000| PB 0x000000072ca00000| Complete |  0
|  70|0x000000072cc00000, 0x000000072ce00000, 0x000000072ce00000|100%| S|CS|TAMS 0x000000072cc00000| PB 0x000000072cc00000| Complete |  0
|  71|0x000000072ce00000, 0x000000072d000000, 0x000000072d000000|100%| S|CS|TAMS 0x000000072ce00000| PB 0x000000072ce00000| Complete |  0
|  72|0x000000072d000000, 0x000000072d000000, 0x000000072d200000|  0%| F|  |TAMS 0x000000072d000000| PB 0x000000072d000000| Untracked |  0
|  73|0x000000072d200000, 0x000000072d200000, 0x000000072d400000|  0%| F|  |TAMS 0x000000072d200000| PB 0x000000072d200000| Untracked |  0
|  74|0x000000072d400000, 0x000000072d400000, 0x000000072d600000|  0%| F|  |TAMS 0x000000072d400000| PB 0x000000072d400000| Untracked |  0
|  75|0x000000072d600000, 0x000000072d600000, 0x000000072d800000|  0%| F|  |TAMS 0x000000072d600000| PB 0x000000072d600000| Untracked |  0
|  76|0x000000072d800000, 0x000000072d800000, 0x000000072da00000|  0%| F|  |TAMS 0x000000072d800000| PB 0x000000072d800000| Untracked |  0
|  77|0x000000072da00000, 0x000000072da00000, 0x000000072dc00000|  0%| F|  |TAMS 0x000000072da00000| PB 0x000000072da00000| Untracked |  0
|  78|0x000000072dc00000, 0x000000072dc00000, 0x000000072de00000|  0%| F|  |TAMS 0x000000072dc00000| PB 0x000000072dc00000| Untracked |  0
|  79|0x000000072de00000, 0x000000072de00000, 0x000000072e000000|  0%| F|  |TAMS 0x000000072de00000| PB 0x000000072de00000| Untracked |  0
|  80|0x000000072e000000, 0x000000072e000000, 0x000000072e200000|  0%| F|  |TAMS 0x000000072e000000| PB 0x000000072e000000| Untracked |  0
|  81|0x000000072e200000, 0x000000072e200000, 0x000000072e400000|  0%| F|  |TAMS 0x000000072e200000| PB 0x000000072e200000| Untracked |  0
|  82|0x000000072e400000, 0x000000072e400000, 0x000000072e600000|  0%| F|  |TAMS 0x000000072e400000| PB 0x000000072e400000| Untracked |  0
|  83|0x000000072e600000, 0x000000072e700000, 0x000000072e800000| 50%| E|  |TAMS 0x000000072e600000| PB 0x000000072e600000| Complete |  0
|  84|0x000000072e800000, 0x000000072ea00000, 0x000000072ea00000|100%| E|CS|TAMS 0x000000072e800000| PB 0x000000072e800000| Complete |  0
|  85|0x000000072ea00000, 0x000000072ec00000, 0x000000072ec00000|100%| E|CS|TAMS 0x000000072ea00000| PB 0x000000072ea00000| Complete |  0
|  86|0x000000072ec00000, 0x000000072ee00000, 0x000000072ee00000|100%| E|CS|TAMS 0x000000072ec00000| PB 0x000000072ec00000| Complete |  0
|  87|0x000000072ee00000, 0x000000072f000000, 0x000000072f000000|100%| E|CS|TAMS 0x000000072ee00000| PB 0x000000072ee00000| Complete |  0
|  88|0x000000072f000000, 0x000000072f200000, 0x000000072f200000|100%| E|CS|TAMS 0x000000072f000000| PB 0x000000072f000000| Complete |  0
|  89|0x000000072f200000, 0x000000072f400000, 0x000000072f400000|100%| E|CS|TAMS 0x000000072f200000| PB 0x000000072f200000| Complete |  0
|  90|0x000000072f400000, 0x000000072f600000, 0x000000072f600000|100%| E|CS|TAMS 0x000000072f400000| PB 0x000000072f400000| Complete |  0
|  91|0x000000072f600000, 0x000000072f800000, 0x000000072f800000|100%| E|CS|TAMS 0x000000072f600000| PB 0x000000072f600000| Complete |  0
|  92|0x000000072f800000, 0x000000072fa00000, 0x000000072fa00000|100%| E|CS|TAMS 0x000000072f800000| PB 0x000000072f800000| Complete |  0
|  93|0x000000072fa00000, 0x000000072fc00000, 0x000000072fc00000|100%| E|CS|TAMS 0x000000072fa00000| PB 0x000000072fa00000| Complete |  0
|  94|0x000000072fc00000, 0x000000072fe00000, 0x000000072fe00000|100%| E|CS|TAMS 0x000000072fc00000| PB 0x000000072fc00000| Complete |  0
|  95|0x000000072fe00000, 0x0000000730000000, 0x0000000730000000|100%| E|CS|TAMS 0x000000072fe00000| PB 0x000000072fe00000| Complete |  0
|  96|0x0000000730000000, 0x0000000730200000, 0x0000000730200000|100%| E|CS|TAMS 0x0000000730000000| PB 0x0000000730000000| Complete |  0
|  97|0x0000000730200000, 0x0000000730400000, 0x0000000730400000|100%| E|CS|TAMS 0x0000000730200000| PB 0x0000000730200000| Complete |  0
|  98|0x0000000730400000, 0x0000000730600000, 0x0000000730600000|100%| E|CS|TAMS 0x0000000730400000| PB 0x0000000730400000| Complete |  0
|  99|0x0000000730600000, 0x0000000730800000, 0x0000000730800000|100%| E|CS|TAMS 0x0000000730600000| PB 0x0000000730600000| Complete |  0
| 100|0x0000000730800000, 0x0000000730a00000, 0x0000000730a00000|100%| E|CS|TAMS 0x0000000730800000| PB 0x0000000730800000| Complete |  0
| 101|0x0000000730a00000, 0x0000000730c00000, 0x0000000730c00000|100%| E|CS|TAMS 0x0000000730a00000| PB 0x0000000730a00000| Complete |  0
| 102|0x0000000730c00000, 0x0000000730e00000, 0x0000000730e00000|100%| E|CS|TAMS 0x0000000730c00000| PB 0x0000000730c00000| Complete |  0
| 103|0x0000000730e00000, 0x0000000731000000, 0x0000000731000000|100%| E|CS|TAMS 0x0000000730e00000| PB 0x0000000730e00000| Complete |  0
| 109|0x0000000731a00000, 0x0000000731c00000, 0x0000000731c00000|100%| E|CS|TAMS 0x0000000731a00000| PB 0x0000000731a00000| Complete |  0

Card table byte_map: [0x0000014bb24d0000,0x0000014bb2bb0000] _byte_map_base: 0x0000014baebb0000

Marking Bits: (CMBitMap*) 0x0000014b99e9df60
 Bits: [0x0000014bb2bb0000, 0x0000014bb62b0000)

Polling page: 0x0000014b97c80000

Metaspace:

Usage:
  Non-class:     66.37 MB used.
      Class:      8.81 MB used.
       Both:     75.18 MB used.

Virtual space:
  Non-class space:      128.00 MB reserved,      66.94 MB ( 52%) committed,  2 nodes.
      Class space:        1.00 GB reserved,       9.31 MB ( <1%) committed,  1 nodes.
             Both:        1.12 GB reserved,      76.25 MB (  7%) committed. 

Chunk freelists:
   Non-Class:  12.75 MB
       Class:  6.55 MB
        Both:  19.30 MB

MaxMetaspaceSize: unlimited
CompressedClassSpaceSize: 1.00 GB
Initial GC threshold: 21.00 MB
Current GC threshold: 125.31 MB
CDS: on
 - commit_granule_bytes: 65536.
 - commit_granule_words: 8192.
 - virtual_space_node_default_size: 8388608.
 - enlarge_chunks_in_place: 1.
 - use_allocation_guard: 0.


Internal statistics:

num_allocs_failed_limit: 6.
num_arena_births: 1682.
num_arena_deaths: 0.
num_vsnodes_births: 3.
num_vsnodes_deaths: 0.
num_space_committed: 1218.
num_space_uncommitted: 0.
num_chunks_returned_to_freelist: 6.
num_chunks_taken_from_freelist: 4552.
num_chunk_merges: 3.
num_chunk_splits: 3352.
num_chunks_enlarged: 2538.
num_inconsistent_stats: 0.

CodeHeap 'non-profiled nmethods': size=119232Kb used=6142Kb max_used=6142Kb free=113090Kb
 bounds [0x0000014baa100000, 0x0000014baa700000, 0x0000014bb1570000]
CodeHeap 'profiled nmethods': size=119104Kb used=29157Kb max_used=29157Kb free=89946Kb
 bounds [0x0000014ba2570000, 0x0000014ba41f0000, 0x0000014ba99c0000]
CodeHeap 'non-nmethods': size=7424Kb used=3448Kb max_used=3550Kb free=3975Kb
 bounds [0x0000014ba99c0000, 0x0000014ba9d40000, 0x0000014baa100000]
CodeCache: size=245760Kb, used=38747Kb, max_used=38849Kb, free=207011Kb
 total_blobs=14021, nmethods=13232, adapters=688, full_count=0
Compilation: enabled, stopped_count=0, restarted_count=0

Compilation events (20 events):
Event: 10.937 Thread 0x0000014b8d600b70 nmethod 15231 0x0000014baa6f5708 code [0x0000014baa6f5c60, 0x0000014baa6f8c28]
Event: 10.938 Thread 0x0000014b8d600b70 15268       4       java.util.regex.Matcher::matches (10 bytes)
Event: 10.939 Thread 0x0000014bb98f5800 15311       3       io.vavr.control.Option$Some::<init> (6 bytes)
Event: 10.939 Thread 0x0000014bb98f5ec0 15310       3       io.vavr.control.Option::some (10 bytes)
Event: 10.939 Thread 0x0000014bb93527b0 15312       3       io.vavr.control.Option$Some::<init> (10 bytes)
Event: 10.939 Thread 0x0000014bb98f5800 nmethod 15311 0x0000014ba41d7808 code [0x0000014ba41d7920, 0x0000014ba41d7b48]
Event: 10.939 Thread 0x0000014bb93527b0 nmethod 15312 0x0000014ba41d7b88 code [0x0000014ba41d7ca0, 0x0000014ba41d7e60]
Event: 10.939 Thread 0x0000014bb98f5ec0 nmethod 15310 0x0000014ba41d7e88 code [0x0000014ba41d7fc0, 0x0000014ba41d8288]
Event: 10.939 Thread 0x0000014bb98f5ec0 15314       3       org.jetbrains.kotlin.util.vavr.VavrAdaptersKt::component2 (11 bytes)
Event: 10.939 Thread 0x0000014bb9279ea0 15313       3       org.jetbrains.kotlin.util.vavr.VavrAdaptersKt::component1 (11 bytes)
Event: 10.939 Thread 0x0000014bb9279ea0 nmethod 15313 0x0000014ba41d8308 code [0x0000014ba41d84a0, 0x0000014ba41d8a10]
Event: 10.940 Thread 0x0000014bb98f5ec0 nmethod 15314 0x0000014ba41d8a88 code [0x0000014ba41d8c20, 0x0000014ba41d9190]
Event: 10.946 Thread 0x0000014b8d600b70 nmethod 15268 0x0000014baa6f9188 code [0x0000014baa6f9340, 0x0000014baa6f9c98]
Event: 10.946 Thread 0x0000014b8d600b70 15292       4       kotlin.sequences.SequencesKt___SequencesKt::map (25 bytes)
Event: 10.947 Thread 0x0000014b8d600b70 nmethod 15292 0x0000014baa6f9d88 code [0x0000014baa6f9ea0, 0x0000014baa6f9fc8]
Event: 10.947 Thread 0x0000014b8d600b70 15279       4       org.jetbrains.kotlin.resolve.scopes.LexicalScopeStorage::definitelyDoesNotContainName (62 bytes)
Event: 10.948 Thread 0x0000014bb98f5ec0 15315       3       org.jetbrains.kotlin.load.java.SpecialBuiltinMembers::getOverriddenBuiltinWithDifferentJvmName (109 bytes)
Event: 10.948 Thread 0x0000014b8d600b70 nmethod 15279 0x0000014baa6fa088 code [0x0000014baa6fa1a0, 0x0000014baa6fa2f0]
Event: 10.948 Thread 0x0000014b8d600b70 15235       4       com.intellij.codeInsight.AnnotationUtil::findAnnotation (45 bytes)
Event: 10.949 Thread 0x0000014bb98f5ec0 nmethod 15315 0x0000014ba41d9208 code [0x0000014ba41d94c0, 0x0000014ba41da8a0]

GC Heap History (20 events):
Event: 8.694 GC heap before
{Heap before GC invocations=33 (full 0):
 garbage-first heap   total reserved 3604480K, committed 120832K, used 103543K [0x0000000724000000, 0x0000000800000000)
  region size 2048K, 17 young (34816K), 2 survivors (4096K)
 Metaspace       used 74562K, committed 75584K, reserved 1179648K
  class space    used 8849K, committed 9344K, reserved 1048576K
}
Event: 8.699 GC heap after
{Heap after GC invocations=34 (full 0):
 garbage-first heap   total reserved 3604480K, committed 120832K, used 77824K [0x0000000724000000, 0x0000000800000000)
  region size 2048K, 3 young (6144K), 3 survivors (6144K)
 Metaspace       used 74562K, committed 75584K, reserved 1179648K
  class space    used 8849K, committed 9344K, reserved 1048576K
}
Event: 8.949 GC heap before
{Heap before GC invocations=34 (full 0):
 garbage-first heap   total reserved 3604480K, committed 120832K, used 104448K [0x0000000724000000, 0x0000000800000000)
  region size 2048K, 17 young (34816K), 3 survivors (6144K)
 Metaspace       used 75085K, committed 76160K, reserved 1179648K
  class space    used 8876K, committed 9344K, reserved 1048576K
}
Event: 8.953 GC heap after
{Heap after GC invocations=35 (full 0):
 garbage-first heap   total reserved 3604480K, committed 120832K, used 84803K [0x0000000724000000, 0x0000000800000000)
  region size 2048K, 3 young (6144K), 3 survivors (6144K)
 Metaspace       used 75085K, committed 76160K, reserved 1179648K
  class space    used 8876K, committed 9344K, reserved 1048576K
}
Event: 9.114 GC heap before
{Heap before GC invocations=36 (full 0):
 garbage-first heap   total reserved 3604480K, committed 143360K, used 105283K [0x0000000724000000, 0x0000000800000000)
  region size 2048K, 13 young (26624K), 3 survivors (6144K)
 Metaspace       used 75274K, committed 76288K, reserved 1179648K
  class space    used 8882K, committed 9344K, reserved 1048576K
}
Event: 9.117 GC heap after
{Heap after GC invocations=37 (full 0):
 garbage-first heap   total reserved 3604480K, committed 143360K, used 85861K [0x0000000724000000, 0x0000000800000000)
  region size 2048K, 2 young (4096K), 2 survivors (4096K)
 Metaspace       used 75274K, committed 76288K, reserved 1179648K
  class space    used 8882K, committed 9344K, reserved 1048576K
}
Event: 9.253 GC heap before
{Heap before GC invocations=37 (full 0):
 garbage-first heap   total reserved 3604480K, committed 143360K, used 124773K [0x0000000724000000, 0x0000000800000000)
  region size 2048K, 21 young (43008K), 2 survivors (4096K)
 Metaspace       used 75542K, committed 76608K, reserved 1179648K
  class space    used 8935K, committed 9408K, reserved 1048576K
}
Event: 9.256 GC heap after
{Heap after GC invocations=38 (full 0):
 garbage-first heap   total reserved 3604480K, committed 172032K, used 87824K [0x0000000724000000, 0x0000000800000000)
  region size 2048K, 3 young (6144K), 3 survivors (6144K)
 Metaspace       used 75542K, committed 76608K, reserved 1179648K
  class space    used 8935K, committed 9408K, reserved 1048576K
}
Event: 9.522 GC heap before
{Heap before GC invocations=38 (full 0):
 garbage-first heap   total reserved 3604480K, committed 172032K, used 134928K [0x0000000724000000, 0x0000000800000000)
  region size 2048K, 27 young (55296K), 3 survivors (6144K)
 Metaspace       used 75799K, committed 76800K, reserved 1179648K
  class space    used 8948K, committed 9408K, reserved 1048576K
}
Event: 9.526 GC heap after
{Heap after GC invocations=39 (full 0):
 garbage-first heap   total reserved 3604480K, committed 172032K, used 93413K [0x0000000724000000, 0x0000000800000000)
  region size 2048K, 4 young (8192K), 4 survivors (8192K)
 Metaspace       used 75799K, committed 76800K, reserved 1179648K
  class space    used 8948K, committed 9408K, reserved 1048576K
}
Event: 9.643 GC heap before
{Heap before GC invocations=39 (full 0):
 garbage-first heap   total reserved 3604480K, committed 172032K, used 140517K [0x0000000724000000, 0x0000000800000000)
  region size 2048K, 28 young (57344K), 4 survivors (8192K)
 Metaspace       used 75875K, committed 76864K, reserved 1179648K
  class space    used 8948K, committed 9408K, reserved 1048576K
}
Event: 9.647 GC heap after
{Heap after GC invocations=40 (full 0):
 garbage-first heap   total reserved 3604480K, committed 172032K, used 99768K [0x0000000724000000, 0x0000000800000000)
  region size 2048K, 3 young (6144K), 3 survivors (6144K)
 Metaspace       used 75875K, committed 76864K, reserved 1179648K
  class space    used 8948K, committed 9408K, reserved 1048576K
}
Event: 9.901 GC heap before
{Heap before GC invocations=40 (full 0):
 garbage-first heap   total reserved 3604480K, committed 172032K, used 144824K [0x0000000724000000, 0x0000000800000000)
  region size 2048K, 26 young (53248K), 3 survivors (6144K)
 Metaspace       used 75965K, committed 76992K, reserved 1179648K
  class space    used 8949K, committed 9408K, reserved 1048576K
}
Event: 9.904 GC heap after
{Heap after GC invocations=41 (full 0):
 garbage-first heap   total reserved 3604480K, committed 172032K, used 104947K [0x0000000724000000, 0x0000000800000000)
  region size 2048K, 3 young (6144K), 3 survivors (6144K)
 Metaspace       used 75965K, committed 76992K, reserved 1179648K
  class space    used 8949K, committed 9408K, reserved 1048576K
}
Event: 10.173 GC heap before
{Heap before GC invocations=42 (full 0):
 garbage-first heap   total reserved 3604480K, committed 178176K, used 152051K [0x0000000724000000, 0x0000000800000000)
  region size 2048K, 26 young (53248K), 3 survivors (6144K)
 Metaspace       used 76286K, committed 77312K, reserved 1179648K
  class space    used 8985K, committed 9472K, reserved 1048576K
}
Event: 10.177 GC heap after
{Heap after GC invocations=43 (full 0):
 garbage-first heap   total reserved 3604480K, committed 178176K, used 112004K [0x0000000724000000, 0x0000000800000000)
  region size 2048K, 4 young (8192K), 4 survivors (8192K)
 Metaspace       used 76286K, committed 77312K, reserved 1179648K
  class space    used 8985K, committed 9472K, reserved 1048576K
}
Event: 10.259 GC heap before
{Heap before GC invocations=43 (full 0):
 garbage-first heap   total reserved 3604480K, committed 178176K, used 157060K [0x0000000724000000, 0x0000000800000000)
  region size 2048K, 26 young (53248K), 4 survivors (8192K)
 Metaspace       used 76320K, committed 77376K, reserved 1179648K
  class space    used 8987K, committed 9472K, reserved 1048576K
}
Event: 10.264 GC heap after
{Heap after GC invocations=44 (full 0):
 garbage-first heap   total reserved 3604480K, committed 215040K, used 114476K [0x0000000724000000, 0x0000000800000000)
  region size 2048K, 3 young (6144K), 3 survivors (6144K)
 Metaspace       used 76320K, committed 77376K, reserved 1179648K
  class space    used 8987K, committed 9472K, reserved 1048576K
}
Event: 10.736 GC heap before
{Heap before GC invocations=44 (full 0):
 garbage-first heap   total reserved 3604480K, committed 215040K, used 180012K [0x0000000724000000, 0x0000000800000000)
  region size 2048K, 36 young (73728K), 3 survivors (6144K)
 Metaspace       used 76808K, committed 77888K, reserved 1179648K
  class space    used 9014K, committed 9536K, reserved 1048576K
}
Event: 10.740 GC heap after
{Heap after GC invocations=45 (full 0):
 garbage-first heap   total reserved 3604480K, committed 215040K, used 123105K [0x0000000724000000, 0x0000000800000000)
  region size 2048K, 5 young (10240K), 5 survivors (10240K)
 Metaspace       used 76808K, committed 77888K, reserved 1179648K
  class space    used 9014K, committed 9536K, reserved 1048576K
}

Dll operation events (8 events):
Event: 0.005 Loaded shared library C:\Program Files\Java\jdk-23\bin\java.dll
Event: 0.029 Loaded shared library C:\Program Files\Java\jdk-23\bin\jsvml.dll
Event: 0.058 Loaded shared library C:\Program Files\Java\jdk-23\bin\net.dll
Event: 0.059 Loaded shared library C:\Program Files\Java\jdk-23\bin\nio.dll
Event: 0.064 Loaded shared library C:\Program Files\Java\jdk-23\bin\zip.dll
Event: 0.121 Loaded shared library C:\Program Files\Java\jdk-23\bin\jimage.dll
Event: 1.027 Loaded shared library C:\Program Files\Java\jdk-23\bin\verify.dll
Event: 2.058 Loaded shared library C:\Users\Haqii\AppData\Local\Temp\sqlite-3.41.2.1-7c1d3c31-cefa-4325-9ccf-71302a661f3d-sqlitejdbc.dll

Deoptimization events (20 events):
Event: 10.870 Thread 0x0000014b8bddcdd0 Uncommon trap: trap_request=0xffffffde fr.pc=0x0000014baa5e4e1c relative=0x000000000000007c
Event: 10.870 Thread 0x0000014b8bddcdd0 Uncommon trap: reason=class_check action=maybe_recompile pc=0x0000014baa5e4e1c method=org.jetbrains.kotlin.types.DelegatingSimpleType.isMarkedNullable()Z @ 1 c2
Event: 10.870 Thread 0x0000014b8bddcdd0 DEOPT PACKING pc=0x0000014baa5e4e1c sp=0x0000000819af9560
Event: 10.870 Thread 0x0000014b8bddcdd0 DEOPT UNPACKING pc=0x0000014ba9a14402 sp=0x0000000819af94e8 mode 2
Event: 10.876 Thread 0x0000014b8bddcdd0 Uncommon trap: trap_request=0xffffffc6 fr.pc=0x0000014baa6dc370 relative=0x00000000000005d0
Event: 10.876 Thread 0x0000014b8bddcdd0 Uncommon trap: reason=bimorphic_or_optimized_type_check action=maybe_recompile pc=0x0000014baa6dc370 method=org.jetbrains.kotlin.resolve.calls.inference.components.NewTypeSubstitutor.substitute(Lorg/jetbrains/kotlin/types/SimpleType;ZZ)Lorg/jetbrains/kotl
Event: 10.876 Thread 0x0000014b8bddcdd0 DEOPT PACKING pc=0x0000014baa6dc370 sp=0x0000000819af64e0
Event: 10.876 Thread 0x0000014b8bddcdd0 DEOPT UNPACKING pc=0x0000014ba9a14402 sp=0x0000000819af63a0 mode 2
Event: 10.876 Thread 0x0000014b8bddcdd0 Uncommon trap: trap_request=0xffffffc6 fr.pc=0x0000014baa6dc370 relative=0x00000000000005d0
Event: 10.876 Thread 0x0000014b8bddcdd0 Uncommon trap: reason=bimorphic_or_optimized_type_check action=maybe_recompile pc=0x0000014baa6dc370 method=org.jetbrains.kotlin.resolve.calls.inference.components.NewTypeSubstitutor.substitute(Lorg/jetbrains/kotlin/types/SimpleType;ZZ)Lorg/jetbrains/kotl
Event: 10.876 Thread 0x0000014b8bddcdd0 DEOPT PACKING pc=0x0000014baa6dc370 sp=0x0000000819af62f0
Event: 10.876 Thread 0x0000014b8bddcdd0 DEOPT UNPACKING pc=0x0000014ba9a14402 sp=0x0000000819af61b0 mode 2
Event: 10.876 Thread 0x0000014b8bddcdd0 Uncommon trap: trap_request=0xffffffc6 fr.pc=0x0000014baa6dc370 relative=0x00000000000005d0
Event: 10.876 Thread 0x0000014b8bddcdd0 Uncommon trap: reason=bimorphic_or_optimized_type_check action=maybe_recompile pc=0x0000014baa6dc370 method=org.jetbrains.kotlin.resolve.calls.inference.components.NewTypeSubstitutor.substitute(Lorg/jetbrains/kotlin/types/SimpleType;ZZ)Lorg/jetbrains/kotl
Event: 10.876 Thread 0x0000014b8bddcdd0 DEOPT PACKING pc=0x0000014baa6dc370 sp=0x0000000819af54c0
Event: 10.876 Thread 0x0000014b8bddcdd0 DEOPT UNPACKING pc=0x0000014ba9a14402 sp=0x0000000819af5380 mode 2
Event: 10.876 Thread 0x0000014b8bddcdd0 Uncommon trap: trap_request=0xffffffc6 fr.pc=0x0000014baa6dc370 relative=0x00000000000005d0
Event: 10.876 Thread 0x0000014b8bddcdd0 Uncommon trap: reason=bimorphic_or_optimized_type_check action=maybe_recompile pc=0x0000014baa6dc370 method=org.jetbrains.kotlin.resolve.calls.inference.components.NewTypeSubstitutor.substitute(Lorg/jetbrains/kotlin/types/SimpleType;ZZ)Lorg/jetbrains/kotl
Event: 10.876 Thread 0x0000014b8bddcdd0 DEOPT PACKING pc=0x0000014baa6dc370 sp=0x0000000819af54c0
Event: 10.876 Thread 0x0000014b8bddcdd0 DEOPT UNPACKING pc=0x0000014ba9a14402 sp=0x0000000819af5380 mode 2

Classes loaded (20 events):
Event: 5.081 Loading class java/lang/Character$Subset done
Event: 5.081 Loading class java/lang/Character$UnicodeBlock done
Event: 5.332 Loading class java/util/stream/SliceOps
Event: 5.332 Loading class java/util/stream/SliceOps done
Event: 5.332 Loading class java/util/stream/SliceOps$1
Event: 5.333 Loading class java/util/stream/SliceOps$1 done
Event: 5.333 Loading class java/util/stream/SliceOps$1$1
Event: 5.333 Loading class java/util/stream/SliceOps$1$1 done
Event: 8.860 Loading class java/util/function/IntBinaryOperator
Event: 8.860 Loading class java/util/function/IntBinaryOperator done
Event: 9.283 Loading class java/util/EnumMap$EntrySet
Event: 9.283 Loading class java/util/EnumMap$EntrySet done
Event: 9.283 Loading class java/util/EnumMap$EntryIterator
Event: 9.283 Loading class java/util/EnumMap$EnumMapIterator
Event: 9.283 Loading class java/util/EnumMap$EnumMapIterator done
Event: 9.283 Loading class java/util/EnumMap$EntryIterator done
Event: 9.283 Loading class java/util/EnumMap$EntryIterator$Entry
Event: 9.284 Loading class java/util/EnumMap$EntryIterator$Entry done
Event: 10.123 Loading class java/util/concurrent/CompletionException
Event: 10.123 Loading class java/util/concurrent/CompletionException done

Classes unloaded (0 events):
No events

Classes redefined (0 events):
No events

Internal exceptions (20 events):
Event: 6.592 Thread 0x0000014b8bddcdd0 Exception <a 'java/lang/NoSuchMethodError'{0x0000000728f5cee0}: 'java.lang.Object java.lang.invoke.DirectMethodHandle$Holder.invokeStatic(java.lang.Object, java.lang.Object, int, java.lang.Object)'> (0x0000000728f5cee0) 
thrown [s\open\src\hotspot\share\interpreter\linkResolver.cpp, line 796]
Event: 6.593 Thread 0x0000014b8bddcdd0 Exception <a 'java/lang/NoSuchMethodError'{0x0000000728f63b50}: 'java.lang.Object java.lang.invoke.DirectMethodHandle$Holder.newInvokeSpecial(java.lang.Object, java.lang.Object, int, java.lang.Object)'> (0x0000000728f63b50) 
thrown [s\open\src\hotspot\share\interpreter\linkResolver.cpp, line 796]
Event: 6.593 Thread 0x0000014b8bddcdd0 Exception <a 'java/lang/NoSuchMethodError'{0x0000000728f67a18}: 'java.lang.Object java.lang.invoke.DirectMethodHandle$Holder.invokeSpecial(java.lang.Object, java.lang.Object, java.lang.Object, int, java.lang.Object)'> (0x0000000728f67a18) 
thrown [s\open\src\hotspot\share\interpreter\linkResolver.cpp, line 796]
Event: 6.593 Thread 0x0000014b8bddcdd0 Exception <a 'java/lang/NoSuchMethodError'{0x0000000728f6b3f0}: 'java.lang.Object java.lang.invoke.Invokers$Holder.linkToTargetMethod(java.lang.Object, int, java.lang.Object, java.lang.Object)'> (0x0000000728f6b3f0) 
thrown [s\open\src\hotspot\share\interpreter\linkResolver.cpp, line 796]
Event: 6.805 Thread 0x0000014b8bddcdd0 Exception <a 'java/lang/NoSuchMethodError'{0x000000072acc9198}: 'java.lang.Object java.lang.invoke.DirectMethodHandle$Holder.invokeStatic(java.lang.Object, int, java.lang.Object)'> (0x000000072acc9198) 
thrown [s\open\src\hotspot\share\interpreter\linkResolver.cpp, line 796]
Event: 7.251 Thread 0x0000014b8bddcdd0 Implicit null exception at 0x0000014baa4fe700 to 0x0000014baa4fea0c
Event: 7.429 Thread 0x0000014b8bddcdd0 Implicit null exception at 0x0000014baa4bf5b8 to 0x0000014baa4bfb0c
Event: 7.539 Thread 0x0000014b8bddcdd0 Implicit null exception at 0x0000014baa50a3fa to 0x0000014baa50ab85
Event: 7.561 Thread 0x0000014b8bddcdd0 Exception <a 'java/lang/NoSuchMethodError'{0x0000000731bcac38}: 'java.lang.Object java.lang.invoke.DirectMethodHandle$Holder.newInvokeSpecial(java.lang.Object, java.lang.Object, java.lang.Object, java.lang.Object, int, int)'> (0x0000000731bcac38) 
thrown [s\open\src\hotspot\share\interpreter\linkResolver.cpp, line 796]
Event: 8.224 Thread 0x0000014b8bddcdd0 Exception <a 'java/lang/NoSuchMethodError'{0x000000072a4a90f0}: 'java.lang.Object java.lang.invoke.DirectMethodHandle$Holder.newInvokeSpecial(java.lang.Object, int, java.lang.Object, java.lang.Object)'> (0x000000072a4a90f0) 
thrown [s\open\src\hotspot\share\interpreter\linkResolver.cpp, line 796]
Event: 8.224 Thread 0x0000014b8bddcdd0 Exception <a 'java/lang/NoSuchMethodError'{0x000000072a4adcf0}: 'java.lang.Object java.lang.invoke.DirectMethodHandle$Holder.invokeSpecial(java.lang.Object, java.lang.Object, int, java.lang.Object, java.lang.Object)'> (0x000000072a4adcf0) 
thrown [s\open\src\hotspot\share\interpreter\linkResolver.cpp, line 796]
Event: 8.251 Thread 0x0000014b8bddcdd0 Implicit null exception at 0x0000014baa562ce1 to 0x0000014baa56323c
Event: 8.862 Thread 0x0000014b8bddcdd0 Exception <a 'java/lang/NoSuchMethodError'{0x000000072aeb00e8}: 'int java.lang.invoke.DirectMethodHandle$Holder.invokeStatic(java.lang.Object, java.lang.Object, int, java.lang.Object)'> (0x000000072aeb00e8) 
thrown [s\open\src\hotspot\share\interpreter\linkResolver.cpp, line 796]
Event: 8.864 Thread 0x0000014b8bddcdd0 Exception <a 'java/lang/IncompatibleClassChangeError'{0x000000072aec7ff0}: Found class java.lang.Object, but interface was expected> (0x000000072aec7ff0) 
thrown [s\open\src\hotspot\share\interpreter\linkResolver.cpp, line 863]
Event: 8.864 Thread 0x0000014b8bddcdd0 Exception <a 'java/lang/NoSuchMethodError'{0x000000072aecae08}: 'int java.lang.invoke.DirectMethodHandle$Holder.invokeSpecialIFC(java.lang.Object, java.lang.Object, java.lang.Object)'> (0x000000072aecae08) 
thrown [s\open\src\hotspot\share\interpreter\linkResolver.cpp, line 796]
Event: 8.901 Thread 0x0000014b8bddcdd0 Exception <a 'java/lang/NoSuchMethodError'{0x000000072ad162e0}: 'java.lang.Object java.lang.invoke.DirectMethodHandle$Holder.invokeStatic(java.lang.Object, int, int, java.lang.Object)'> (0x000000072ad162e0) 
thrown [s\open\src\hotspot\share\interpreter\linkResolver.cpp, line 796]
Event: 10.037 Thread 0x0000014b8b243840 Exception <a 'java/lang/IncompatibleClassChangeError'{0x000000072d6eeeb8}: Found class java.lang.Object, but interface was expected> (0x000000072d6eeeb8) 
thrown [s\open\src\hotspot\share\interpreter\linkResolver.cpp, line 863]
Event: 10.040 Thread 0x0000014b8bdd9fe0 Exception <a 'java/lang/NoSuchMethodError'{0x000000072d527bc8}: 'java.lang.Object java.lang.invoke.DirectMethodHandle$Holder.invokeSpecial(java.lang.Object, java.lang.Object, java.lang.Object, int, int)'> (0x000000072d527bc8) 
thrown [s\open\src\hotspot\share\interpreter\linkResolver.cpp, line 796]
Event: 10.040 Thread 0x0000014b8bdd9fe0 Exception <a 'java/lang/NoSuchMethodError'{0x000000072d52af98}: 'java.lang.Object java.lang.invoke.Invokers$Holder.linkToTargetMethod(java.lang.Object, int, int, java.lang.Object)'> (0x000000072d52af98) 
thrown [s\open\src\hotspot\share\interpreter\linkResolver.cpp, line 796]
Event: 10.051 Thread 0x0000014b8bdd9fe0 Exception <a 'java/lang/NoSuchMethodError'{0x000000072d5ad910}: 'int java.lang.invoke.DirectMethodHandle$Holder.invokeStatic(java.lang.Object, int, java.lang.Object, java.lang.Object)'> (0x000000072d5ad910) 
thrown [s\open\src\hotspot\share\interpreter\linkResolver.cpp, line 796]

VM Operations (20 events):
Event: 9.522 Executing VM operation: G1CollectForAllocation (G1 Evacuation Pause)
Event: 9.526 Executing VM operation: G1CollectForAllocation (G1 Evacuation Pause) done
Event: 9.643 Executing VM operation: G1CollectForAllocation (G1 Evacuation Pause)
Event: 9.647 Executing VM operation: G1CollectForAllocation (G1 Evacuation Pause) done
Event: 9.901 Executing VM operation: G1CollectForAllocation (G1 Evacuation Pause)
Event: 9.904 Executing VM operation: G1CollectForAllocation (G1 Evacuation Pause) done
Event: 9.959 Executing VM operation: G1PauseRemark
Event: 9.964 Executing VM operation: G1PauseRemark done
Event: 9.979 Executing VM operation: G1PauseCleanup
Event: 9.979 Executing VM operation: G1PauseCleanup done
Event: 10.091 Executing VM operation: HandshakeAllThreads (Deoptimize)
Event: 10.091 Executing VM operation: HandshakeAllThreads (Deoptimize) done
Event: 10.173 Executing VM operation: G1CollectForAllocation (G1 Evacuation Pause)
Event: 10.177 Executing VM operation: G1CollectForAllocation (G1 Evacuation Pause) done
Event: 10.259 Executing VM operation: G1CollectForAllocation (G1 Evacuation Pause)
Event: 10.264 Executing VM operation: G1CollectForAllocation (G1 Evacuation Pause) done
Event: 10.680 Executing VM operation: HandshakeAllThreads (Deoptimize)
Event: 10.680 Executing VM operation: HandshakeAllThreads (Deoptimize) done
Event: 10.736 Executing VM operation: G1CollectForAllocation (G1 Evacuation Pause)
Event: 10.740 Executing VM operation: G1CollectForAllocation (G1 Evacuation Pause) done

Memory protections (0 events):
No events

Nmethod flushes (20 events):
Event: 9.963 Thread 0x0000014bb9222940 flushing  nmethod 0x0000014ba307e308
Event: 9.963 Thread 0x0000014bb9222940 flushing  nmethod 0x0000014ba30bdd88
Event: 9.963 Thread 0x0000014bb9222940 flushing  nmethod 0x0000014ba3171e88
Event: 9.963 Thread 0x0000014bb9222940 flushing  nmethod 0x0000014ba3174008
Event: 9.963 Thread 0x0000014bb9222940 flushing  nmethod 0x0000014ba31ca488
Event: 9.963 Thread 0x0000014bb9222940 flushing  nmethod 0x0000014ba31ca788
Event: 9.963 Thread 0x0000014bb9222940 flushing  nmethod 0x0000014ba3384408
Event: 9.963 Thread 0x0000014bb9222940 flushing  nmethod 0x0000014ba3385a88
Event: 9.963 Thread 0x0000014bb9222940 flushing  nmethod 0x0000014ba3387508
Event: 9.963 Thread 0x0000014bb9222940 flushing  nmethod 0x0000014ba3388288
Event: 9.963 Thread 0x0000014bb9222940 flushing  nmethod 0x0000014ba37f8988
Event: 9.963 Thread 0x0000014bb9222940 flushing  nmethod 0x0000014ba37ff288
Event: 9.963 Thread 0x0000014bb9222940 flushing  nmethod 0x0000014ba38e6a88
Event: 9.963 Thread 0x0000014bb9222940 flushing  nmethod 0x0000014ba39d3f08
Event: 9.963 Thread 0x0000014bb9222940 flushing  nmethod 0x0000014ba3756f88
Event: 9.963 Thread 0x0000014bb9222940 flushing  nmethod 0x0000014ba37bdd88
Event: 9.963 Thread 0x0000014bb9222940 flushing  nmethod 0x0000014ba3870408
Event: 9.963 Thread 0x0000014bb9222940 flushing  nmethod 0x0000014ba3875b88
Event: 9.963 Thread 0x0000014bb9222940 flushing  nmethod 0x0000014ba39b8688
Event: 9.963 Thread 0x0000014bb9222940 flushing  nmethod 0x0000014ba3ab0f88

Events (20 events):
Event: 0.054 Thread 0x0000014b97bbb960 Thread added: 0x0000014bb93b9ff0
Event: 0.055 Thread 0x0000014b97bbb960 Thread added: 0x0000014bb93c08e0
Event: 0.084 Thread 0x0000014bb92777d0 Thread added: 0x0000014bb949e530
Event: 0.084 Thread 0x0000014bb92777d0 Thread added: 0x0000014bb949ebf0
Event: 0.215 Thread 0x0000014bb9279ea0 Thread added: 0x0000014bb98f5800
Event: 0.215 Thread 0x0000014bb9279ea0 Thread added: 0x0000014bb98f5ec0
Event: 1.410 Thread 0x0000014bb98f5800 Thread added: 0x0000014b8a21d3b0
Event: 1.685 Thread 0x0000014b97bbb960 Thread added: 0x0000014b8aee39d0
Event: 1.686 Thread 0x0000014b8aee39d0 Thread exited: 0x0000014b8aee39d0
Event: 1.899 Thread 0x0000014b97bbb960 Thread added: 0x0000014b8b243840
Event: 1.900 Thread 0x0000014b97bbb960 Thread exited: 0x0000014b97bbb960
Event: 1.900 Thread 0x0000014b97bbb960 Thread added: 0x0000014b97bbb960
Event: 1.956 Thread 0x0000014b8b243840 Thread added: 0x0000014b89b53a00
Event: 2.286 Thread 0x0000014b89b53a00 Thread added: 0x0000014b8bddd460
Event: 2.463 Thread 0x0000014b89b53a00 Thread added: 0x0000014b8bddcdd0
Event: 2.498 Thread 0x0000014b8b243840 Thread added: 0x0000014b8bdd9fe0
Event: 4.491 Thread 0x0000014b8a21d3b0 Thread exited: 0x0000014b8a21d3b0
Event: 4.876 Thread 0x0000014b8bdd9fe0 Thread added: 0x0000014b8ca8d020
Event: 6.894 Thread 0x0000014bb949ebf0 Thread exited: 0x0000014bb949ebf0
Event: 7.848 Thread 0x0000014bb93527b0 Thread added: 0x0000014b8d600b70


Dynamic libraries:
0x00007ff78c480000 - 0x00007ff78c490000 	C:\Program Files\Java\jdk-23\bin\java.exe
0x00007ffa6a2f0000 - 0x00007ffa6a4e8000 	C:\Windows\SYSTEM32\ntdll.dll
0x00007ffa6a180000 - 0x00007ffa6a242000 	C:\Windows\System32\KERNEL32.DLL
0x00007ffa68010000 - 0x00007ffa68307000 	C:\Windows\System32\KERNELBASE.dll
0x00007ffa67a00000 - 0x00007ffa67b00000 	C:\Windows\System32\ucrtbase.dll
0x00007ffa454e0000 - 0x00007ffa454f7000 	C:\Program Files\Java\jdk-23\bin\jli.dll
0x00007ffa42f70000 - 0x00007ffa42f8b000 	C:\Program Files\Java\jdk-23\bin\VCRUNTIME140.dll
0x00007ffa68e20000 - 0x00007ffa68fbd000 	C:\Windows\System32\USER32.dll
0x00007ffa54ca0000 - 0x00007ffa54f3a000 	C:\Windows\WinSxS\amd64_microsoft.windows.common-controls_6595b64144ccf1df_6.0.19041.5915_none_60b4b9d171f9c7c7\COMCTL32.dll
0x00007ffa67fe0000 - 0x00007ffa68002000 	C:\Windows\System32\win32u.dll
0x00007ffa69340000 - 0x00007ffa693de000 	C:\Windows\System32\msvcrt.dll
0x00007ffa69230000 - 0x00007ffa6925b000 	C:\Windows\System32\GDI32.dll
0x00007ffa67ec0000 - 0x00007ffa67fd9000 	C:\Windows\System32\gdi32full.dll
0x00007ffa67ce0000 - 0x00007ffa67d7d000 	C:\Windows\System32\msvcp_win.dll
0x00007ffa68fc0000 - 0x00007ffa68fef000 	C:\Windows\System32\IMM32.DLL
0x00007ffa49110000 - 0x00007ffa4911c000 	C:\Program Files\Java\jdk-23\bin\vcruntime140_1.dll
0x00007ff9f4420000 - 0x00007ff9f44ae000 	C:\Program Files\Java\jdk-23\bin\msvcp140.dll
0x00007ff9b88c0000 - 0x00007ff9b960f000 	C:\Program Files\Java\jdk-23\bin\server\jvm.dll
0x00007ffa69260000 - 0x00007ffa69311000 	C:\Windows\System32\ADVAPI32.dll
0x00007ffa68310000 - 0x00007ffa683af000 	C:\Windows\System32\sechost.dll
0x00007ffa68ad0000 - 0x00007ffa68bf6000 	C:\Windows\System32\RPCRT4.dll
0x00007ffa679d0000 - 0x00007ffa679f7000 	C:\Windows\System32\bcrypt.dll
0x00007ffa691c0000 - 0x00007ffa6922b000 	C:\Windows\System32\WS2_32.dll
0x00007ffa67730000 - 0x00007ffa6777b000 	C:\Windows\SYSTEM32\POWRPROF.dll
0x00007ffa590d0000 - 0x00007ffa590f7000 	C:\Windows\SYSTEM32\WINMM.dll
0x00007ffa5e720000 - 0x00007ffa5e72a000 	C:\Windows\SYSTEM32\VERSION.dll
0x00007ffa67710000 - 0x00007ffa67722000 	C:\Windows\SYSTEM32\UMPDC.dll
0x00007ffa661a0000 - 0x00007ffa661b2000 	C:\Windows\SYSTEM32\kernel.appcore.dll
0x00007ffa48f10000 - 0x00007ffa48f1a000 	C:\Program Files\Java\jdk-23\bin\jimage.dll
0x00007ffa65960000 - 0x00007ffa65b61000 	C:\Windows\SYSTEM32\DBGHELP.DLL
0x00007ffa50780000 - 0x00007ffa507b4000 	C:\Windows\SYSTEM32\dbgcore.DLL
0x00007ffa67e30000 - 0x00007ffa67eb2000 	C:\Windows\System32\bcryptPrimitives.dll
0x00007ffa42330000 - 0x00007ffa4234e000 	C:\Program Files\Java\jdk-23\bin\java.dll
0x00007ffa68cf0000 - 0x00007ffa68e1b000 	C:\Windows\System32\ole32.dll
0x00007ffa69520000 - 0x00007ffa69873000 	C:\Windows\System32\combase.dll
0x00007ffa69a00000 - 0x00007ffa6a16e000 	C:\Windows\System32\SHELL32.dll
0x00007ffa651b0000 - 0x00007ffa65954000 	C:\Windows\SYSTEM32\windows.storage.dll
0x00007ffa67330000 - 0x00007ffa6735b000 	C:\Windows\SYSTEM32\Wldp.dll
0x00007ffa69930000 - 0x00007ffa699fd000 	C:\Windows\System32\OLEAUT32.dll
0x00007ffa68ff0000 - 0x00007ffa6909d000 	C:\Windows\System32\SHCORE.dll
0x00007ffa68c00000 - 0x00007ffa68c5b000 	C:\Windows\System32\shlwapi.dll
0x00007ffa678b0000 - 0x00007ffa678d4000 	C:\Windows\SYSTEM32\profapi.dll
0x00007ff9f44f0000 - 0x00007ff9f45c7000 	C:\Program Files\Java\jdk-23\bin\jsvml.dll
0x00007ffa48e30000 - 0x00007ffa48e40000 	C:\Program Files\Java\jdk-23\bin\net.dll
0x00007ffa670a0000 - 0x00007ffa6710a000 	C:\Windows\system32\mswsock.dll
0x00007ffa42b40000 - 0x00007ffa42b56000 	C:\Program Files\Java\jdk-23\bin\nio.dll
0x00007ffa42b20000 - 0x00007ffa42b37000 	C:\Program Files\Java\jdk-23\bin\zip.dll
0x00007ffa67290000 - 0x00007ffa672a8000 	C:\Windows\SYSTEM32\CRYPTSP.dll
0x00007ffa66960000 - 0x00007ffa66998000 	C:\Windows\system32\rsaenh.dll
0x00007ffa67830000 - 0x00007ffa6785e000 	C:\Windows\SYSTEM32\USERENV.dll
0x00007ffa676d0000 - 0x00007ffa676dc000 	C:\Windows\SYSTEM32\CRYPTBASE.dll
0x00007ffa66d20000 - 0x00007ffa66d5b000 	C:\Windows\SYSTEM32\IPHLPAPI.DLL
0x00007ffa6a170000 - 0x00007ffa6a178000 	C:\Windows\System32\NSI.dll
0x00007ffa48820000 - 0x00007ffa48830000 	C:\Program Files\Java\jdk-23\bin\verify.dll
0x00007ff9f1ea0000 - 0x00007ff9f1f89000 	C:\Users\Haqii\AppData\Local\Temp\sqlite-3.41.2.1-7c1d3c31-cefa-4325-9ccf-71302a661f3d-sqlitejdbc.dll

dbghelp: loaded successfully - version: 4.0.5 - missing functions: none
symbol engine: initialized successfully - sym options: 0x614 - pdb path: .;C:\Program Files\Java\jdk-23\bin;C:\Windows\SYSTEM32;C:\Windows\WinSxS\amd64_microsoft.windows.common-controls_6595b64144ccf1df_6.0.19041.5915_none_60b4b9d171f9c7c7;C:\Program Files\Java\jdk-23\bin\server;C:\Users\Haqii\AppData\Local\Temp

VM Arguments:
jvm_args: -DkotlinLanguageServer.version=1.3.13 
java_command: org.javacs.kt.MainKt
java_class_path (initial): c:\Users\Haqii\AppData\Roaming\Code\User\globalStorage\fwcd.kotlin\langServerInstall\server\lib\server-1.3.13.jar;c:\Users\Haqii\AppData\Roaming\Code\User\globalStorage\fwcd.kotlin\langServerInstall\server\lib\shared-1.3.13.jar;c:\Users\Haqii\AppData\Roaming\Code\User\globalStorage\fwcd.kotlin\langServerInstall\server\lib\kotlin-scripting-jvm-host-unshaded-2.1.0.jar;c:\Users\Haqii\AppData\Roaming\Code\User\globalStorage\fwcd.kotlin\langServerInstall\server\lib\kotlin-scripting-compiler-2.1.0.jar;c:\Users\Haqii\AppData\Roaming\Code\User\globalStorage\fwcd.kotlin\langServerInstall\server\lib\ktfmt-b5d31d1.jar;c:\Users\Haqii\AppData\Roaming\Code\User\globalStorage\fwcd.kotlin\langServerInstall\server\lib\kotlin-compiler-2.1.0.jar;c:\Users\Haqii\AppData\Roaming\Code\User\globalStorage\fwcd.kotlin\langServerInstall\server\lib\exposed-dao-0.37.3.jar;c:\Users\Haqii\AppData\Roaming\Code\User\globalStorage\fwcd.kotlin\langServerInstall\server\lib\exposed-jdbc-0.37.3.jar;c:\Users\Haqii\AppData\Roaming\Code\User\globalStorage\fwcd.kotlin\langServerInstall\server\lib\exposed-core-0.37.3.jar;c:\Users\Haqii\AppData\Roaming\Code\User\globalStorage\fwcd.kotlin\langServerInstall\server\lib\kotlin-scripting-compiler-impl-2.1.0.jar;c:\Users\Haqii\AppData\Roaming\Code\User\globalStorage\fwcd.kotlin\langServerInstall\server\lib\kotlin-reflect-2.1.0.jar;c:\Users\Haqii\AppData\Roaming\Code\User\globalStorage\fwcd.kotlin\langServerInstall\server\lib\kotlin-scripting-jvm-2.1.0.jar;c:\Users\Haqii\AppData\Roaming\Code\User\globalStorage\fwcd.kotlin\langServerInstall\server\lib\kotlin-scripting-common-2.1.0.jar;c:\Users\Haqii\AppData\Roaming\Code\User\globalStorage\fwcd.kotlin\langServerInstall\server\lib\kotlinx-coroutines-core-jvm-1.6.4.jar;c:\Users\Haqii\AppData\Roaming\Code\User\globalStorage\fwcd.kotlin\langServerInstall\server\lib\kotlin-stdlib-jdk8-2.1.0.jar;c:\Users\Haqii\AppData\Roaming\Code\User\globalStorage\fwcd.kotlin\langServerInstall\server\lib\kotlin-stdlib-jdk7-2.1.0.jar;c:\Users\Haqii\AppData\Roaming\Code\User\globalStorage\fwcd.kotlin\langServerInstall\server\lib\kotlin-stdlib-2.1.0.jar;c:\Users\Haqii\AppData\Roaming\Code\User\globalStorage\fwcd.kotlin\langServerInstall\server\lib\org.eclipse.lsp4j-0.21.2.jar;c:\Users\Haqii\AppData\Roaming\Code\User\globalStorage\fwcd.kotlin\langServerInstall\server\lib\org.eclipse.lsp4j.jsonrpc-0.21.2.jar;c:\Users\Haqii\AppData\Roaming\Code\User\globalStorage\fwcd.kotlin\langServerInstall\server\lib\kotlin-sam-with-receiver-compiler-plugin-2.1.0.jar;c:\Users\Haqii\AppData\Roaming\Code\User\globalStorage\fwcd.kotlin\langServerInstall\server\lib\fernflower-1.0.jar;c:\Users\Haqii\AppData\Roaming\Code\User\globalStorage\fwcd.kotlin\langServerInstall\server\lib\h2-1.4.200.jar;c:\Users\Haqii\AppData\Roaming\Code\User\globalStorage\fwcd.kotlin\langServerInstall\server\lib\jcommander-1.78.jar;c:\Users\Haqii\AppData\Roaming\Code\User\globalStorage\fwcd.kotlin\langServerInstall\server\lib\sqlite-jdbc-3.41.2.1.jar;c:\Users\Haqii\AppData\Roaming\Code\User\globalStorage\fwcd.kotlin\langServerInstall\server\lib\google-java-format-1.8.jar;c:\Users\Haqii\AppData\Roaming\Code\User\globalStorage\fwcd.kotlin\langServerInstall\server\lib\guava-33.3.0-jre.jar;c:\Users\Haqii\AppData\Roaming\Code\User\globalStorage\fwcd.kotlin\langServerInstall\server\lib\annotations-13.0.jar;c:\Users\Haqii\AppData\Roaming\Code\User\globalStorage\fwcd.kotlin\langServerInstall\server\lib\gson-2.10.1.jar;c:\Users\Haqii\AppData\Roaming\Code\User\globalStorage\fwcd.kotlin\langServerInstall\server\lib\kotlin-script-runtime-2.1.0.jar;c:\Users\Haqii\AppData\Roaming\Code\User\globalStorage\fwcd.kotlin\langServerInstall\server\lib\trove4j-1.0.20200330.jar;c:\Users\Haqii\AppData\Roaming\Code\User\globalStorage\fwcd.kotlin\langServerInstall\server\lib\jline-3.24.1.jar;c:\Users\Haqii\AppData\Roaming\Code\User\globalStorage\fwcd.kotlin\langServerInstall\server\lib\slf4j-api-1.7.25.jar;c:\Users\Haqii\AppData\Roaming\Code\User\globalStorage\fwcd.kotlin\langServerInstall\server\lib\jna-4.2.2.jar;c:\Users\Haqii\AppData\Roaming\Code\User\globalStorage\fwcd.kotlin\langServerInstall\server\lib\failureaccess-1.0.2.jar;c:\Users\Haqii\AppData\Roaming\Code\User\globalStorage\fwcd.kotlin\langServerInstall\server\lib\listenablefuture-9999.0-empty-to-avoid-conflict-with-guava.jar;c:\Users\Haqii\AppData\Roaming\Code\User\globalStorage\fwcd.kotlin\langServerInstall\server\lib\jsr305-3.0.2.jar;c:\Users\Haqii\AppData\Roaming\Code\User\globalStorage\fwcd.kotlin\langServerInstall\server\lib\checker-qual-3.43.0.jar;c:\Users\Haqii\AppData\Roaming\Code\User\globalStorage\fwcd.kotlin\langServerInstall\server\lib\error_prone_annotations-2.28.0.jar
Launcher Type: SUN_STANDARD

[Global flags]
     intx CICompilerCount                          = 12                                        {product} {ergonomic}
     uint ConcGCThreads                            = 3                                         {product} {ergonomic}
     uint G1ConcRefinementThreads                  = 13                                        {product} {ergonomic}
   size_t G1HeapRegionSize                         = 2097152                                   {product} {ergonomic}
   size_t InitialHeapSize                          = 230686720                                 {product} {ergonomic}
   size_t MarkStackSize                            = 4194304                                   {product} {ergonomic}
   size_t MarkStackSizeMax                         = 536870912                                 {product} {ergonomic}
   size_t MaxHeapSize                              = 3690987520                                {product} {ergonomic}
   size_t MaxNewSize                               = 2214592512                                {product} {ergonomic}
   size_t MinHeapDeltaBytes                        = 2097152                                   {product} {ergonomic}
   size_t MinHeapSize                              = 8388608                                   {product} {ergonomic}
    uintx NonNMethodCodeHeapSize                   = 7602176                                {pd product} {ergonomic}
    uintx NonProfiledCodeHeapSize                  = 122093568                              {pd product} {ergonomic}
    uintx ProfiledCodeHeapSize                     = 121962496                              {pd product} {ergonomic}
    uintx ReservedCodeCacheSize                    = 251658240                              {pd product} {ergonomic}
     bool SegmentedCodeCache                       = true                                      {product} {ergonomic}
   size_t SoftMaxHeapSize                          = 3690987520                             {manageable} {ergonomic}
     bool UseCompressedOops                        = true                           {product lp64_product} {ergonomic}
     bool UseG1GC                                  = true                                      {product} {ergonomic}
     bool UseLargePagesIndividualAllocation        = false                                  {pd product} {ergonomic}

Logging:
Log output configuration:
 #0: stdout all=warning uptime,level,tags foldmultilines=false
 #1: stderr all=off uptime,level,tags foldmultilines=false

Environment Variables:
CLASSPATH=c:\Users\Haqii\AppData\Roaming\Code\User\globalStorage\fwcd.kotlin\langServerInstall\server\lib\server-1.3.13.jar;c:\Users\Haqii\AppData\Roaming\Code\User\globalStorage\fwcd.kotlin\langServerInstall\server\lib\shared-1.3.13.jar;c:\Users\Haqii\AppData\Roaming\Code\User\globalStorage\fwcd.kotlin\langServerInstall\server\lib\kotlin-scripting-jvm-host-unshaded-2.1.0.jar;c:\Users\Haqii\AppData\Roaming\Code\User\globalStorage\fwcd.kotlin\langServerInstall\server\lib\kotlin-scripting-compiler-2.1.0.jar;c:\Users\Haqii\AppData\Roaming\Code\User\globalStorage\fwcd.kotlin\langServerInstall\server\lib\ktfmt-b5d31d1.jar;c:\Users\Haqii\AppData\Roaming\Code\User\globalStorage\fwcd.kotlin\langServerInstall\server\lib\kotlin-compiler-2.1.0.jar;c:\Users\Haqii\AppData\Roaming\Code\User\globalStorage\fwcd.kotlin\langServerInstall\server\lib\exposed-dao-0.37.3.jar;c:\Users\Haqii\AppData\Roaming\Code\User\globalStorage\fwcd.kotlin\langServerInstall\server\lib\exposed-jdbc-0.37.3.jar;c:\Users\Haqii\AppData\Roaming\Code\User\globalStorage\fwcd.kotlin\langServerInstall\server\lib\exposed-core-0.37.3.jar;c:\Users\Haqii\AppData\Roaming\Code\User\globalStorage\fwcd.kotlin\langServerInstall\server\lib\kotlin-scripting-compiler-impl-2.1.0.jar;c:\Users\Haqii\AppData\Roaming\Code\User\globalStorage\fwcd.kotlin\langServerInstall\server\lib\kotlin-reflect-2.1.0.jar;c:\Users\Haqii\AppData\Roaming\Code\User\globalStorage\fwcd.kotlin\langServerInstall\server\lib\kotlin-scripting-jvm-2.1.0.jar;c:\Users\Haqii\AppData\Roaming\Code\User\globalStorage\fwcd.kotlin\langServerInstall\server\lib\kotlin-scripting-common-2.1.0.jar;c:\Users\Haqii\AppData\Roaming\Code\User\globalStorage\fwcd.kotlin\langServerInstall\server\lib\kotlinx-coroutines-core-jvm-1.6.4.jar;c:\Users\Haqii\AppData\Roaming\Code\User\globalStorage\fwcd.kotlin\langServerInstall\server\lib\kotlin-stdlib-jdk8-2.1.0.jar;c:\Users\Haqii\AppData\Roaming\Code\User\globalStorage\fwcd.kotlin\langServerInstall\server\lib\kotlin-stdlib-jdk7-2.1.0.jar;c:\Users\Haqii\AppData\Roaming\Code\User\globalStorage\fwcd.kotlin\langServerInstall\server\lib\kotlin-stdlib-2.1.0.jar;c:\Users\Haqii\AppData\Roaming\Code\User\globalStorage\fwcd.kotlin\langServerInstall\server\lib\org.eclipse.lsp4j-0.21.2.jar;c:\Users\Haqii\AppData\Roaming\Code\User\globalStorage\fwcd.kotlin\langServerInstall\server\lib\org.eclipse.lsp4j.jsonrpc-0.21.2.jar;c:\Users\Haqii\AppData\Roaming\Code\User\globalStorage\fwcd.kotlin\langServerInstall\server\lib\kotlin-sam-with-receiver-compiler-plugin-2.1.0.jar;c:\Users\Haqii\AppData\Roaming\Code\User\globalStorage\fwcd.kotlin\langServerInstall\server\lib\fernflower-1.0.jar;c:\Users\Haqii\AppData\Roaming\Code\User\globalStorage\fwcd.kotlin\langServerInstall\server\lib\h2-1.4.200.jar;c:\Users\Haqii\AppData\Roaming\Code\User\globalStorage\fwcd.kotlin\langServerInstall\server\lib\jcommander-1.78.jar;c:\Users\Haqii\AppData\Roaming\Code\User\globalStorage\fwcd.kotlin\langServerInstall\server\lib\sqlite-jdbc-3.41.2.1.jar;c:\Users\Haqii\AppData\Roaming\Code\User\globalStorage\fwcd.kotlin\langServerInstall\server\lib\google-java-format-1.8.jar;c:\Users\Haqii\AppData\Roaming\Code\User\globalStorage\fwcd.kotlin\langServerInstall\server\lib\guava-33.3.0-jre.jar;c:\Users\Haqii\AppData\Roaming\Code\User\globalStorage\fwcd.kotlin\langServerInstall\server\lib\annotations-13.0.jar;c:\Users\Haqii\AppData\Roaming\Code\User\globalStorage\fwcd.kotlin\langServerInstall\server\lib\gson-2.10.1.jar;c:\Users\Haqii\AppData\Roaming\Code\User\globalStorage\fwcd.kotlin\langServerInstall\server\lib\kotlin-script-runtime-2.1.0.jar;c:\Users\Haqii\AppData\Roaming\Code\User\globalStorage\fwcd.kotlin\langServerInstall\server\lib\trove4j-1.0.20200330.jar;c:\Users\Haqii\AppData\Roaming\Code\User\globalStorage\fwcd.kotlin\langServerInstall\server\lib\jline-3.24.1.jar;c:\Users\Haqii\AppData\Roaming\Code\User\globalStorage\fwcd.kotlin\langServerInstall\server\lib\slf4j-api-1.7.25.jar;c:\Users\Haqii\AppData\Roaming\Code\User\globalStorage\fwcd.kotlin\langServerInstall\server\lib\jna-4.2.2.jar;c:\Users\Haqii\AppData\Roaming\Code\User\globalStorage\fwcd.kotlin\langServerInstall\server\lib\failureaccess-1.0.2.jar;c:\Users\Haqii\AppData\Roaming\Code\User\globalStorage\fwcd.kotlin\langServerInstall\server\lib\listenablefuture-9999.0-empty-to-avoid-conflict-with-guava.jar;c:\Users\Haqii\AppData\Roaming\Code\User\globalStorage\fwcd.kotlin\langServerInstall\server\lib\jsr305-3.0.2.jar;c:\Users\Haqii\AppData\Roaming\Code\User\globalStorage\fwcd.kotlin\langServerInstall\server\lib\checker-qual-3.43.0.jar;c:\Users\Haqii\AppData\Roaming\Code\User\globalStorage\fwcd.kotlin\langServerInstall\server\lib\error_prone_annotations-2.28.0.jar
PATH=C:\Program Files\Common Files\Oracle\Java\javapath;C:\Windows\system32;C:\Windows;C:\Windows\System32\Wbem;C:\Windows\System32\WindowsPowerShell\v1.0\;C:\Windows\System32\OpenSSH\;C:\xampp\php;C:\ProgramData\ComposerSetup\bin;C:\Program Files\nodejs\;C:\Program Files\Git\cmd;C:\Program Files\dotnet\;C:\ProgramData\chocolatey\bin;c:\Users\Haqii\AppData\Local\Programs\cursor\resources\app\codeBin;C:\Users\Haqii\AppData\Local\Programs\Python\Launcher\;c:\Users\Haqii\AppData\Local\Programs\Trae\bin;C:\Users\Haqii\AppData\Local\Microsoft\WindowsApps;C:\Users\Haqii\AppData\Local\Programs\Microsoft VS Code\bin;C:\Users\Haqii\AppData\Roaming\Composer\vendor\bin;C:\Users\Haqii\AppData\Roaming\npm;C:\msys64\ucrt64\bin;C:\Users\Haqii\AppData\Local\spicetify;C:\xampp\php;C:\Users\Haqii\.deno\bin;C:\Users\Haqii\AppData\Local\Programs\cursor\resources\app\bin
USERNAME=Haqii
OS=Windows_NT
PROCESSOR_IDENTIFIER=AMD64 Family 25 Model 68 Stepping 1, AuthenticAMD
TMP=C:\Users\Haqii\AppData\Local\Temp
TEMP=C:\Users\Haqii\AppData\Local\Temp




Periodic native trim disabled

---------------  S Y S T E M  ---------------

OS:
 Windows 10 , 64 bit Build 19041 (10.0.19041.5915)
OS uptime: 0 days 5:04 hours

CPU: total 16 (initial active 16) (16 cores per cpu, 2 threads per core) family 25 model 68 stepping 1 microcode 0x0, cx8, cmov, fxsr, ht, mmx, 3dnowpref, sse, sse2, sse3, ssse3, sse4a, sse4.1, sse4.2, popcnt, lzcnt, tsc, tscinvbit, avx, avx2, aes, erms, clmul, bmi1, bmi2, adx, sha, fma, vzeroupper, clflush, clflushopt, rdtscp, rdpid, fsrm, f16c, pku, cet_ss
Processor Information for processor 0
  Max Mhz: 3201, Current Mhz: 3201, Mhz Limit: 3201
Processor Information for processor 1
  Max Mhz: 3201, Current Mhz: 3201, Mhz Limit: 3201
Processor Information for processor 2
  Max Mhz: 3201, Current Mhz: 3201, Mhz Limit: 3201
Processor Information for processor 3
  Max Mhz: 3201, Current Mhz: 3201, Mhz Limit: 3201
Processor Information for processor 4
  Max Mhz: 3201, Current Mhz: 3201, Mhz Limit: 3201
Processor Information for processor 5
  Max Mhz: 3201, Current Mhz: 3201, Mhz Limit: 3201
Processor Information for processor 6
  Max Mhz: 3201, Current Mhz: 3201, Mhz Limit: 3201
Processor Information for processor 7
  Max Mhz: 3201, Current Mhz: 3201, Mhz Limit: 3201
Processor Information for processor 8
  Max Mhz: 3201, Current Mhz: 3201, Mhz Limit: 3201
Processor Information for processor 9
  Max Mhz: 3201, Current Mhz: 3201, Mhz Limit: 3201
Processor Information for processor 10
  Max Mhz: 3201, Current Mhz: 3201, Mhz Limit: 3201
Processor Information for processor 11
  Max Mhz: 3201, Current Mhz: 3201, Mhz Limit: 3201
Processor Information for processor 12
  Max Mhz: 3201, Current Mhz: 3201, Mhz Limit: 3201
Processor Information for processor 13
  Max Mhz: 3201, Current Mhz: 2560, Mhz Limit: 3201
Processor Information for processor 14
  Max Mhz: 3201, Current Mhz: 3201, Mhz Limit: 3201
Processor Information for processor 15
  Max Mhz: 3201, Current Mhz: 3201, Mhz Limit: 3201

Memory: 4k page, system-wide physical 14077M (483M free)
TotalPageFile size 27389M (AvailPageFile size 6M)
current process WorkingSet (physical memory assigned to process): 472M, peak: 473M
current process commit charge ("private bytes"): 521M, peak: 522M

vm_info: Java HotSpot(TM) 64-Bit Server VM (23.0.1+11-39) for windows-amd64 JRE (23.0.1+11-39), built on 2024-09-30T07:20:43Z with MS VC++ 17.6 (VS2022)

END.
