#
# There is insufficient memory for the Java Runtime Environment to continue.
# Native memory allocation (malloc) failed to allocate 1292016 bytes. Error detail: Chunk::new
# Possible reasons:
#   The system is out of physical RAM or swap space
#   This process is running with CompressedOops enabled, and the Java Heap may be blocking the growth of the native heap
# Possible solutions:
#   Reduce memory load on the system
#   Increase physical memory or swap space
#   Check if swap backing store is full
#   Decrease Java heap size (-Xmx/-Xms)
#   Decrease number of Java threads
#   Decrease Java thread stack sizes (-Xss)
#   Set larger code cache with -XX:ReservedCodeCacheSize=
#   JVM is running with Unscaled Compressed Oops mode in which the Java heap is
#     placed in the first 4GB address space. The Java Heap base address is the
#     maximum limit for the native heap growth. Please use -XX:HeapBaseMinAddress
#     to set the Java Heap base and to place the Java Heap above 4GB virtual address.
# This output file may be truncated or incomplete.
#
#  Out of Memory Error (arena.cpp:168), pid=11036, tid=4604
#
# JRE version: OpenJDK Runtime Environment Temurin-21.0.8+9 (21.0.8+9) (build 21.0.8+9-LTS)
# Java VM: OpenJDK 64-Bit Server VM Temurin-21.0.8+9 (21.0.8+9-LTS, mixed mode, sharing, tiered, compressed oops, compressed class ptrs, parallel gc, windows-amd64)
# No core dump will be written. Minidumps are not enabled by default on client versions of Windows
#

---------------  S U M M A R Y ------------

Command Line: --add-modules=ALL-SYSTEM --add-opens=java.base/java.util=ALL-UNNAMED --add-opens=java.base/java.lang=ALL-UNNAMED --add-opens=java.base/sun.nio.fs=ALL-UNNAMED -Declipse.application=org.eclipse.jdt.ls.core.id1 -Dosgi.bundles.defaultStartLevel=4 -Declipse.product=org.eclipse.jdt.ls.core.product -Djava.import.generatesMetadataFilesAtProjectRoot=false -DDetectVMInstallationsJob.disabled=true -Dfile.encoding=utf8 -XX:+UseParallelGC -XX:GCTimeRatio=4 -XX:AdaptiveSizePolicyWeight=90 -Dsun.zip.disableMemoryMapping=true -Xmx2G -Xms100m -Xlog:disable -javaagent:c:\Users\Haqii\.vscode\extensions\redhat.java-1.44.0-win32-x64\lombok\lombok-1.18.39-4050.jar -XX:+HeapDumpOnOutOfMemoryError -XX:HeapDumpPath=c:\Users\Haqii\AppData\Roaming\Code\User\workspaceStorage\74e908b18a45d55618d2345d63f9b1de\redhat.java -Daether.dependencyCollector.impl=bf c:\Users\Haqii\.vscode\extensions\redhat.java-1.44.0-win32-x64\server\plugins\org.eclipse.equinox.launcher_1.7.0.v20250519-0528.jar -configuration c:\Users\Haqii\AppData\Roaming\Code\User\globalStorage\redhat.java\1.44.0\config_win -data c:\Users\Haqii\AppData\Roaming\Code\User\workspaceStorage\74e908b18a45d55618d2345d63f9b1de\redhat.java\jdt_ws --pipe=\\.\pipe\lsp-647e82aaead863b96ff1247be69ac98d-sock

Host: AMD Ryzen 7 7735HS with Radeon Graphics        , 16 cores, 13G,  Windows 10 , 64 bit Build 19041 (10.0.19041.5915)
Time: Mon Sep  1 14:04:18 2025 SE Asia Standard Time elapsed time: 25.420076 seconds (0d 0h 0m 25s)

---------------  T H R E A D  ---------------

Current thread (0x00000213e7107400):  JavaThread "C2 CompilerThread0" daemon [_thread_in_native, id=4604, stack(0x0000003079700000,0x0000003079800000) (1024K)]


Current CompileTask:
C2:25420 7849       4       org.eclipse.jdt.internal.core.search.indexing.AbstractIndexer::addMethodDeclaration (105 bytes)

Stack: [0x0000003079700000,0x0000003079800000]
Native frames: (J=compiled Java code, j=interpreted, Vv=VM code, C=native code)
V  [jvm.dll+0x6d2449]
V  [jvm.dll+0x8ae341]
V  [jvm.dll+0x8b08be]
V  [jvm.dll+0x8b0fa3]
V  [jvm.dll+0x280c96]
V  [jvm.dll+0xc581d]
V  [jvm.dll+0xc5d53]
V  [jvm.dll+0x3b9162]
V  [jvm.dll+0x1e1409]
V  [jvm.dll+0x249022]
V  [jvm.dll+0x2484af]
V  [jvm.dll+0x1c89ee]
V  [jvm.dll+0x257d4d]
V  [jvm.dll+0x2562ea]
V  [jvm.dll+0x3f2d16]
V  [jvm.dll+0x857e6b]
V  [jvm.dll+0x6d0b0d]
C  [ucrtbase.dll+0x21bb2]
C  [KERNEL32.DLL+0x17374]
C  [ntdll.dll+0x4cc91]


---------------  P R O C E S S  ---------------

Threads class SMR info:
_java_thread_list=0x00000213d316fbd0, length=53, elements={
0x00000213e7195f90, 0x00000213e70f78c0, 0x00000213e70f8fc0, 0x00000213e70fab40,
0x00000213e70fba50, 0x00000213e7102210, 0x00000213e71065d0, 0x00000213e7107400,
0x00000213fecd2e80, 0x00000213fedd44d0, 0x00000213fef9b7b0, 0x00000213c6ae4c80,
0x00000213c6cc9010, 0x00000213fed6f650, 0x00000213feded320, 0x00000213c6d71980,
0x00000213c6e9bf00, 0x00000213c6b1e1c0, 0x00000213feed8270, 0x00000213feed5480,
0x00000213feed6ec0, 0x00000213feed4df0, 0x00000213feed5b10, 0x00000213feed7550,
0x00000213feed7be0, 0x00000213c6f150c0, 0x00000213c6f16470, 0x00000213c6f17820,
0x00000213c6f15de0, 0x00000213c6f16b00, 0x00000213c6f17190, 0x00000213c6f15750,
0x00000213c6f17eb0, 0x00000213c6f14a30, 0x00000213c82fc0b0, 0x00000213c82f9950,
0x00000213c82fad00, 0x00000213c82feea0, 0x00000213c82fe180, 0x00000213c82fe810,
0x00000213c82ff530, 0x00000213c82f9fe0, 0x00000213c82fa670, 0x00000213c82fba20,
0x00000213c82f85a0, 0x00000213c82fb390, 0x00000213c82fdaf0, 0x00000213c82f8c30,
0x00000213c82ffbc0, 0x00000213c82f92c0, 0x00000213c82fc740, 0x00000213feed61a0,
0x00000213d2aa8930
}

Java Threads: ( => current thread )
  0x00000213e7195f90 JavaThread "main"                              [_thread_blocked, id=18500, stack(0x0000003078d00000,0x0000003078e00000) (1024K)]
  0x00000213e70f78c0 JavaThread "Reference Handler"          daemon [_thread_blocked, id=12964, stack(0x0000003079100000,0x0000003079200000) (1024K)]
  0x00000213e70f8fc0 JavaThread "Finalizer"                  daemon [_thread_blocked, id=16600, stack(0x0000003079200000,0x0000003079300000) (1024K)]
  0x00000213e70fab40 JavaThread "Signal Dispatcher"          daemon [_thread_blocked, id=16168, stack(0x0000003079300000,0x0000003079400000) (1024K)]
  0x00000213e70fba50 JavaThread "Attach Listener"            daemon [_thread_blocked, id=3228, stack(0x0000003079400000,0x0000003079500000) (1024K)]
  0x00000213e7102210 JavaThread "Service Thread"             daemon [_thread_blocked, id=14328, stack(0x0000003079500000,0x0000003079600000) (1024K)]
  0x00000213e71065d0 JavaThread "Monitor Deflation Thread"   daemon [_thread_blocked, id=10388, stack(0x0000003079600000,0x0000003079700000) (1024K)]
=>0x00000213e7107400 JavaThread "C2 CompilerThread0"         daemon [_thread_in_native, id=4604, stack(0x0000003079700000,0x0000003079800000) (1024K)]
  0x00000213fecd2e80 JavaThread "C1 CompilerThread0"         daemon [_thread_blocked, id=16608, stack(0x0000003079800000,0x0000003079900000) (1024K)]
  0x00000213fedd44d0 JavaThread "Common-Cleaner"             daemon [_thread_blocked, id=1692, stack(0x0000003079900000,0x0000003079a00000) (1024K)]
  0x00000213fef9b7b0 JavaThread "Notification Thread"        daemon [_thread_blocked, id=15304, stack(0x0000003079d00000,0x0000003079e00000) (1024K)]
  0x00000213c6ae4c80 JavaThread "Active Thread: Equinox Container: 767fb1d2-7f4f-46a2-bb26-ea8c0b4b5b07"        [_thread_blocked, id=6148, stack(0x000000307a600000,0x000000307a700000) (1024K)]
  0x00000213c6cc9010 JavaThread "Refresh Thread: Equinox Container: 767fb1d2-7f4f-46a2-bb26-ea8c0b4b5b07" daemon [_thread_blocked, id=10480, stack(0x0000003079b00000,0x0000003079c00000) (1024K)]
  0x00000213fed6f650 JavaThread "Framework Event Dispatcher: Equinox Container: 767fb1d2-7f4f-46a2-bb26-ea8c0b4b5b07" daemon [_thread_blocked, id=20412, stack(0x0000003079c00000,0x0000003079d00000) (1024K)]
  0x00000213feded320 JavaThread "Start Level: Equinox Container: 767fb1d2-7f4f-46a2-bb26-ea8c0b4b5b07" daemon [_thread_blocked, id=20976, stack(0x0000003079e00000,0x0000003079f00000) (1024K)]
  0x00000213c6d71980 JavaThread "Bundle File Closer"         daemon [_thread_blocked, id=13456, stack(0x000000307a900000,0x000000307aa00000) (1024K)]
  0x00000213c6e9bf00 JavaThread "SCR Component Actor"        daemon [_thread_blocked, id=12756, stack(0x000000307aa00000,0x000000307ab00000) (1024K)]
  0x00000213c6b1e1c0 JavaThread "C1 CompilerThread1"         daemon [_thread_blocked, id=11128, stack(0x000000307ac00000,0x000000307ad00000) (1024K)]
  0x00000213feed8270 JavaThread "Worker-JM"                         [_thread_blocked, id=9304, stack(0x000000307ae00000,0x000000307af00000) (1024K)]
  0x00000213feed5480 JavaThread "JNA Cleaner"                daemon [_thread_blocked, id=11204, stack(0x000000307b000000,0x000000307b100000) (1024K)]
  0x00000213feed6ec0 JavaThread "Worker-0"                          [_thread_blocked, id=14616, stack(0x000000307b100000,0x000000307b200000) (1024K)]
  0x00000213feed4df0 JavaThread "Worker-1: Initialize Workspace"        [_thread_blocked, id=19980, stack(0x000000307b200000,0x000000307b300000) (1024K)]
  0x00000213feed5b10 JavaThread "Java indexing"              daemon [_thread_blocked, id=18780, stack(0x000000307b300000,0x000000307b400000) (1024K)]
  0x00000213feed7550 JavaThread "Worker-2"                          [_thread_blocked, id=6620, stack(0x000000307b400000,0x000000307b500000) (1024K)]
  0x00000213feed7be0 JavaThread "Worker-3: Java indexing... "        [_thread_blocked, id=15056, stack(0x000000307b500000,0x000000307b600000) (1024K)]
  0x00000213c6f150c0 JavaThread "Worker-4"                          [_thread_blocked, id=10176, stack(0x000000307b600000,0x000000307b700000) (1024K)]
  0x00000213c6f16470 JavaThread "Worker-5"                          [_thread_blocked, id=18012, stack(0x000000307b700000,0x000000307b800000) (1024K)]
  0x00000213c6f17820 JavaThread "Thread-2"                   daemon [_thread_in_native, id=15888, stack(0x000000307b800000,0x000000307b900000) (1024K)]
  0x00000213c6f15de0 JavaThread "Thread-3"                   daemon [_thread_in_native, id=16524, stack(0x000000307b900000,0x000000307ba00000) (1024K)]
  0x00000213c6f16b00 JavaThread "Thread-4"                   daemon [_thread_in_native, id=9964, stack(0x000000307ba00000,0x000000307bb00000) (1024K)]
  0x00000213c6f17190 JavaThread "Thread-5"                   daemon [_thread_in_native, id=10392, stack(0x000000307bb00000,0x000000307bc00000) (1024K)]
  0x00000213c6f15750 JavaThread "Thread-6"                   daemon [_thread_in_native, id=8904, stack(0x000000307bc00000,0x000000307bd00000) (1024K)]
  0x00000213c6f17eb0 JavaThread "Thread-7"                   daemon [_thread_in_native, id=16712, stack(0x000000307bd00000,0x000000307be00000) (1024K)]
  0x00000213c6f14a30 JavaThread "Thread-8"                   daemon [_thread_in_native, id=13540, stack(0x000000307be00000,0x000000307bf00000) (1024K)]
  0x00000213c82fc0b0 JavaThread "Thread-9"                   daemon [_thread_in_native, id=18264, stack(0x000000307bf00000,0x000000307c000000) (1024K)]
  0x00000213c82f9950 JavaThread "Thread-10"                  daemon [_thread_in_native, id=6892, stack(0x000000307c000000,0x000000307c100000) (1024K)]
  0x00000213c82fad00 JavaThread "Thread-11"                  daemon [_thread_in_native, id=10508, stack(0x000000307c100000,0x000000307c200000) (1024K)]
  0x00000213c82feea0 JavaThread "Thread-12"                  daemon [_thread_in_native, id=3364, stack(0x000000307c200000,0x000000307c300000) (1024K)]
  0x00000213c82fe180 JavaThread "Thread-13"                  daemon [_thread_in_native, id=19496, stack(0x000000307c300000,0x000000307c400000) (1024K)]
  0x00000213c82fe810 JavaThread "Thread-14"                  daemon [_thread_in_native, id=16996, stack(0x000000307c400000,0x000000307c500000) (1024K)]
  0x00000213c82ff530 JavaThread "Thread-15"                  daemon [_thread_in_native, id=17216, stack(0x000000307c500000,0x000000307c600000) (1024K)]
  0x00000213c82f9fe0 JavaThread "Thread-16"                  daemon [_thread_in_native, id=16136, stack(0x000000307c600000,0x000000307c700000) (1024K)]
  0x00000213c82fa670 JavaThread "Thread-17"                  daemon [_thread_in_native, id=16348, stack(0x000000307c700000,0x000000307c800000) (1024K)]
  0x00000213c82fba20 JavaThread "Thread-18"                  daemon [_thread_in_native, id=15976, stack(0x000000307c800000,0x000000307c900000) (1024K)]
  0x00000213c82f85a0 JavaThread "pool-2-thread-1"                   [_thread_blocked, id=6916, stack(0x000000307c900000,0x000000307ca00000) (1024K)]
  0x00000213c82fb390 JavaThread "WorkspaceEventsHandler"            [_thread_blocked, id=18896, stack(0x000000307ca00000,0x000000307cb00000) (1024K)]
  0x00000213c82fdaf0 JavaThread "pool-1-thread-1"                   [_thread_blocked, id=16368, stack(0x000000307cb00000,0x000000307cc00000) (1024K)]
  0x00000213c82f8c30 JavaThread "Timer-0"                           [_thread_blocked, id=19872, stack(0x000000307cc00000,0x000000307cd00000) (1024K)]
  0x00000213c82ffbc0 JavaThread "Timer-1"                           [_thread_blocked, id=20344, stack(0x000000307ab00000,0x000000307ac00000) (1024K)]
  0x00000213c82f92c0 JavaThread "Timer-2"                           [_thread_blocked, id=15576, stack(0x000000307cd00000,0x000000307ce00000) (1024K)]
  0x00000213c82fc740 JavaThread "Timer-3"                           [_thread_blocked, id=17036, stack(0x000000307ce00000,0x000000307cf00000) (1024K)]
  0x00000213feed61a0 JavaThread "Timer-4"                           [_thread_blocked, id=15736, stack(0x000000307cf00000,0x000000307d000000) (1024K)]
  0x00000213d2aa8930 JavaThread "Connection worker"                 [_thread_blocked, id=19748, stack(0x000000307d000000,0x000000307d100000) (1024K)]
Total: 53

Other Threads:
  0x00000213fecb5620 VMThread "VM Thread"                           [id=14140, stack(0x0000003079000000,0x0000003079100000) (1024K)]
  0x00000213e71fe810 WatcherThread "VM Periodic Task Thread"        [id=1208, stack(0x0000003078f00000,0x0000003079000000) (1024K)]
  0x00000213e71b1da0 WorkerThread "GC Thread#0"                     [id=19076, stack(0x0000003078e00000,0x0000003078f00000) (1024K)]
  0x00000213c64a86b0 WorkerThread "GC Thread#1"                     [id=4980, stack(0x0000003079f00000,0x000000307a000000) (1024K)]
  0x00000213c65d38a0 WorkerThread "GC Thread#2"                     [id=15760, stack(0x000000307a000000,0x000000307a100000) (1024K)]
  0x00000213c64deb70 WorkerThread "GC Thread#3"                     [id=20596, stack(0x000000307a100000,0x000000307a200000) (1024K)]
  0x00000213c67599c0 WorkerThread "GC Thread#4"                     [id=13764, stack(0x000000307a200000,0x000000307a300000) (1024K)]
  0x00000213c6759d60 WorkerThread "GC Thread#5"                     [id=19760, stack(0x000000307a300000,0x000000307a400000) (1024K)]
  0x00000213c675a100 WorkerThread "GC Thread#6"                     [id=19500, stack(0x000000307a400000,0x000000307a500000) (1024K)]
  0x00000213c641c9f0 WorkerThread "GC Thread#7"                     [id=18084, stack(0x000000307a800000,0x000000307a900000) (1024K)]
  0x00000213c641bf10 WorkerThread "GC Thread#8"                     [id=20368, stack(0x0000003079a00000,0x0000003079b00000) (1024K)]
  0x00000213c641c650 WorkerThread "GC Thread#9"                     [id=15708, stack(0x000000307a500000,0x000000307a600000) (1024K)]
  0x00000213c641cd90 WorkerThread "GC Thread#10"                    [id=13832, stack(0x000000307a700000,0x000000307a800000) (1024K)]
  0x00000213c641d130 WorkerThread "GC Thread#11"                    [id=16848, stack(0x000000307ad00000,0x000000307ae00000) (1024K)]
  0x00000213c641bb70 WorkerThread "GC Thread#12"                    [id=15984, stack(0x000000307af00000,0x000000307b000000) (1024K)]
Total: 15

Threads with active compile tasks:
C2 CompilerThread0  25438 7849       4       org.eclipse.jdt.internal.core.search.indexing.AbstractIndexer::addMethodDeclaration (105 bytes)
Total: 1

VM state: at safepoint (normal execution)

VM Mutex/Monitor currently owned by a thread:  ([mutex/lock_event])
[0x00007ff9b2dd5358] CodeCache_lock - owner thread: 0x0000000000000000
[0x00007ff9b2dd5458] Threads_lock - owner thread: 0x00000213fecb5620
[0x00007ff9b2dd5558] Heap_lock - owner thread: 0x00000213d2aa8930

Heap address: 0x0000000080000000, size: 2048 MB, Compressed Oops mode: 32-bit

CDS archive(s) mapped at: [0x0000021380000000-0x0000021380ba0000-0x0000021380ba0000), size 12189696, SharedBaseAddress: 0x0000021380000000, ArchiveRelocationMode: 1.
Compressed class space mapped at: 0x0000021381000000-0x00000213c1000000, reserved size: 1073741824
Narrow klass base: 0x0000021380000000, Narrow klass shift: 0, Narrow klass range: 0x100000000

GC Precious Log:
 CardTable entry size: 512
 CPUs: 16 total, 16 available
 Memory: 14077M
 Large Page Support: Disabled
 NUMA Support: Disabled
 Compressed Oops: Enabled (32-bit)
 Alignments: Space 512K, Generation 512K, Heap 2M
 Heap Min Capacity: 100M
 Heap Initial Capacity: 100M
 Heap Max Capacity: 2G
 Pre-touch: Disabled
 Parallel Workers: 13

Heap:
 PSYoungGen      total 3584K, used 3132K [0x00000000d5580000, 0x00000000d5a00000, 0x0000000100000000)
  eden space 2560K, 100% used [0x00000000d5580000,0x00000000d5800000,0x00000000d5800000)
  from space 1024K, 55% used [0x00000000d5900000,0x00000000d598f188,0x00000000d5a00000)
  to   space 1024K, 64% used [0x00000000d5800000,0x00000000d58a42f0,0x00000000d5900000)
 ParOldGen       total 299008K, used 298583K [0x0000000080000000, 0x0000000092400000, 0x00000000d5580000)
  object space 299008K, 99% used [0x0000000080000000,0x0000000092395fa8,0x0000000092400000)
 Metaspace       used 64174K, committed 65536K, reserved 1114112K
  class space    used 7881K, committed 8448K, reserved 1048576K

Card table byte_map: [0x00000213e6b00000,0x00000213e6f10000] _byte_map_base: 0x00000213e6700000

Marking Bits: (ParMarkBitMap*) 0x00007ff9b2dda340
 Begin Bits: [0x00000213f9600000, 0x00000213fb600000)
 End Bits:   [0x00000213fb600000, 0x00000213fd600000)

Polling page: 0x00000213e4fe0000

Metaspace:

Usage:
  Non-class:     54.97 MB used.
      Class:      7.70 MB used.
       Both:     62.67 MB used.

Virtual space:
  Non-class space:       64.00 MB reserved,      55.75 MB ( 87%) committed,  1 nodes.
      Class space:        1.00 GB reserved,       8.25 MB ( <1%) committed,  1 nodes.
             Both:        1.06 GB reserved,      64.00 MB (  6%) committed. 

Chunk freelists:
   Non-Class:  7.99 MB
       Class:  7.74 MB
        Both:  15.73 MB

MaxMetaspaceSize: unlimited
CompressedClassSpaceSize: 1.00 GB
Initial GC threshold: 21.00 MB
Current GC threshold: 97.31 MB
CDS: on
 - commit_granule_bytes: 65536.
 - commit_granule_words: 8192.
 - virtual_space_node_default_size: 8388608.
 - enlarge_chunks_in_place: 1.
 - use_allocation_guard: 0.


Internal statistics:

num_allocs_failed_limit: 9.
num_arena_births: 1054.
num_arena_deaths: 14.
num_vsnodes_births: 2.
num_vsnodes_deaths: 0.
num_space_committed: 1024.
num_space_uncommitted: 0.
num_chunks_returned_to_freelist: 23.
num_chunks_taken_from_freelist: 3810.
num_chunk_merges: 14.
num_chunk_splits: 2520.
num_chunks_enlarged: 1620.
num_inconsistent_stats: 0.

CodeHeap 'non-profiled nmethods': size=119168Kb used=2502Kb max_used=2649Kb free=116665Kb
 bounds [0x00000213f1ef0000, 0x00000213f2190000, 0x00000213f9350000]
CodeHeap 'profiled nmethods': size=119104Kb used=14522Kb max_used=16866Kb free=104581Kb
 bounds [0x00000213ea350000, 0x00000213eb3d0000, 0x00000213f17a0000]
CodeHeap 'non-nmethods': size=7488Kb used=1963Kb max_used=2928Kb free=5524Kb
 bounds [0x00000213f17a0000, 0x00000213f1a90000, 0x00000213f1ef0000]
CodeCache: size=245760Kb, used=18987Kb, max_used=22443Kb, free=226770Kb
 total_blobs=7927, nmethods=7219, adapters=613, full_count=0
Compilation: enabled, stopped_count=0, restarted_count=0

Compilation events (20 events):
Event: 24.825 Thread 0x00000213e7107400 nmethod 7847 0x00000213f1fab890 code [0x00000213f1faba40, 0x00000213f1fabed0]
Event: 24.825 Thread 0x00000213e7107400 7799  s    4       org.eclipse.jdt.internal.compiler.classfmt.MethodInfo::readModifierRelatedAttributes (213 bytes)
Event: 24.834 Thread 0x00000213e7107400 nmethod 7799 0x00000213f203a590 code [0x00000213f203a780, 0x00000213f203b5c0]
Event: 24.834 Thread 0x00000213e7107400 8882       4       org.eclipse.jdt.core.compiler.CharOperation::concatWith (127 bytes)
Event: 24.840 Thread 0x00000213e7107400 nmethod 8882 0x00000213f2036790 code [0x00000213f2036940, 0x00000213f2036d98]
Event: 24.840 Thread 0x00000213e7107400 7839       4       java.util.regex.Matcher::reset (128 bytes)
Event: 24.846 Thread 0x00000213c6b1e1c0 8885       2       org.objectweb.asm.ClassReader::readBootstrapMethodsAttribute (131 bytes)
Event: 24.847 Thread 0x00000213c6b1e1c0 nmethod 8885 0x00000213eb3c0c90 code [0x00000213eb3c0ec0, 0x00000213eb3c14a8]
Event: 24.847 Thread 0x00000213e7107400 nmethod 7839 0x00000213f1f81010 code [0x00000213f1f811c0, 0x00000213f1f814a8]
Event: 24.848 Thread 0x00000213e7107400 7771       4       org.eclipse.jdt.internal.core.search.indexing.BinaryIndexer::decodeReturnType (407 bytes)
Event: 24.849 Thread 0x00000213c6b1e1c0 8886 %     3       org.objectweb.asm.ClassReader::getFirstAttributeOffset @ 105 (136 bytes)
Event: 24.850 Thread 0x00000213c6b1e1c0 nmethod 8886% 0x00000213eb3c1810 code [0x00000213eb3c1a60, 0x00000213eb3c21c0]
Event: 24.859 Thread 0x00000213e7107400 nmethod 7771 0x00000213f1f8b990 code [0x00000213f1f8bc00, 0x00000213f1f8c678]
Event: 24.859 Thread 0x00000213e7107400 7846       4       java.util.regex.Matcher::match (154 bytes)
Event: 24.864 Thread 0x00000213e7107400 nmethod 7846 0x00000213f1f8b310 code [0x00000213f1f8b4c0, 0x00000213f1f8b7b8]
Event: 24.864 Thread 0x00000213e7107400 7849       4       org.eclipse.jdt.internal.core.search.indexing.AbstractIndexer::addMethodDeclaration (105 bytes)
Event: 24.918 Thread 0x00000213c6b1e1c0 8889       3       org.eclipse.jdt.internal.core.search.indexing.BinaryIndexer::addBinaryStandardAnnotations (238 bytes)
Event: 24.922 Thread 0x00000213c6b1e1c0 nmethod 8889 0x00000213eb3c2490 code [0x00000213eb3c2b40, 0x00000213eb3c6f90]
Event: 24.942 Thread 0x00000213c6b1e1c0 8890       2       java.io.ObjectStreamClass::requireInitialized (19 bytes)
Event: 24.942 Thread 0x00000213c6b1e1c0 nmethod 8890 0x00000213eb3c8410 code [0x00000213eb3c85c0, 0x00000213eb3c8790]

GC Heap History (20 events):
Event: 25.326 GC heap after
{Heap after GC invocations=377 (full 3):
 PSYoungGen      total 3584K, used 789K [0x00000000d5580000, 0x00000000d5a00000, 0x0000000100000000)
  eden space 2560K, 0% used [0x00000000d5580000,0x00000000d5580000,0x00000000d5800000)
  from space 1024K, 77% used [0x00000000d5900000,0x00000000d59c55d8,0x00000000d5a00000)
  to   space 1024K, 0% used [0x00000000d5800000,0x00000000d5800000,0x00000000d5900000)
 ParOldGen       total 294400K, used 293898K [0x0000000080000000, 0x0000000091f80000, 0x00000000d5580000)
  object space 294400K, 99% used [0x0000000080000000,0x0000000091f02ad0,0x0000000091f80000)
 Metaspace       used 64174K, committed 65536K, reserved 1114112K
  class space    used 7881K, committed 8448K, reserved 1048576K
}
Event: 25.332 GC heap before
{Heap before GC invocations=378 (full 3):
 PSYoungGen      total 3584K, used 3349K [0x00000000d5580000, 0x00000000d5a00000, 0x0000000100000000)
  eden space 2560K, 100% used [0x00000000d5580000,0x00000000d5800000,0x00000000d5800000)
  from space 1024K, 77% used [0x00000000d5900000,0x00000000d59c55d8,0x00000000d5a00000)
  to   space 1024K, 0% used [0x00000000d5800000,0x00000000d5800000,0x00000000d5900000)
 ParOldGen       total 294400K, used 293898K [0x0000000080000000, 0x0000000091f80000, 0x00000000d5580000)
  object space 294400K, 99% used [0x0000000080000000,0x0000000091f02ad0,0x0000000091f80000)
 Metaspace       used 64174K, committed 65536K, reserved 1114112K
  class space    used 7881K, committed 8448K, reserved 1048576K
}
Event: 25.334 GC heap after
{Heap after GC invocations=378 (full 3):
 PSYoungGen      total 3584K, used 878K [0x00000000d5580000, 0x00000000d5a00000, 0x0000000100000000)
  eden space 2560K, 0% used [0x00000000d5580000,0x00000000d5580000,0x00000000d5800000)
  from space 1024K, 85% used [0x00000000d5800000,0x00000000d58dbba0,0x00000000d5900000)
  to   space 1024K, 0% used [0x00000000d5900000,0x00000000d5900000,0x00000000d5a00000)
 ParOldGen       total 294912K, used 294484K [0x0000000080000000, 0x0000000092000000, 0x00000000d5580000)
  object space 294912K, 99% used [0x0000000080000000,0x0000000091f95050,0x0000000092000000)
 Metaspace       used 64174K, committed 65536K, reserved 1114112K
  class space    used 7881K, committed 8448K, reserved 1048576K
}
Event: 25.339 GC heap before
{Heap before GC invocations=379 (full 3):
 PSYoungGen      total 3584K, used 3438K [0x00000000d5580000, 0x00000000d5a00000, 0x0000000100000000)
  eden space 2560K, 100% used [0x00000000d5580000,0x00000000d5800000,0x00000000d5800000)
  from space 1024K, 85% used [0x00000000d5800000,0x00000000d58dbba0,0x00000000d5900000)
  to   space 1024K, 0% used [0x00000000d5900000,0x00000000d5900000,0x00000000d5a00000)
 ParOldGen       total 294912K, used 294484K [0x0000000080000000, 0x0000000092000000, 0x00000000d5580000)
  object space 294912K, 99% used [0x0000000080000000,0x0000000091f95050,0x0000000092000000)
 Metaspace       used 64174K, committed 65536K, reserved 1114112K
  class space    used 7881K, committed 8448K, reserved 1048576K
}
Event: 25.340 GC heap after
{Heap after GC invocations=379 (full 3):
 PSYoungGen      total 3584K, used 555K [0x00000000d5580000, 0x00000000d5a00000, 0x0000000100000000)
  eden space 2560K, 0% used [0x00000000d5580000,0x00000000d5580000,0x00000000d5800000)
  from space 1024K, 54% used [0x00000000d5900000,0x00000000d598af60,0x00000000d5a00000)
  to   space 1024K, 0% used [0x00000000d5800000,0x00000000d5800000,0x00000000d5900000)
 ParOldGen       total 295424K, used 295205K [0x0000000080000000, 0x0000000092080000, 0x00000000d5580000)
  object space 295424K, 99% used [0x0000000080000000,0x0000000092049758,0x0000000092080000)
 Metaspace       used 64174K, committed 65536K, reserved 1114112K
  class space    used 7881K, committed 8448K, reserved 1048576K
}
Event: 25.346 GC heap before
{Heap before GC invocations=380 (full 3):
 PSYoungGen      total 3584K, used 3115K [0x00000000d5580000, 0x00000000d5a00000, 0x0000000100000000)
  eden space 2560K, 100% used [0x00000000d5580000,0x00000000d5800000,0x00000000d5800000)
  from space 1024K, 54% used [0x00000000d5900000,0x00000000d598af60,0x00000000d5a00000)
  to   space 1024K, 0% used [0x00000000d5800000,0x00000000d5800000,0x00000000d5900000)
 ParOldGen       total 295424K, used 295205K [0x0000000080000000, 0x0000000092080000, 0x00000000d5580000)
  object space 295424K, 99% used [0x0000000080000000,0x0000000092049758,0x0000000092080000)
 Metaspace       used 64174K, committed 65536K, reserved 1114112K
  class space    used 7881K, committed 8448K, reserved 1048576K
}
Event: 25.347 GC heap after
{Heap after GC invocations=380 (full 3):
 PSYoungGen      total 3584K, used 796K [0x00000000d5580000, 0x00000000d5a00000, 0x0000000100000000)
  eden space 2560K, 0% used [0x00000000d5580000,0x00000000d5580000,0x00000000d5800000)
  from space 1024K, 77% used [0x00000000d5800000,0x00000000d58c70e0,0x00000000d5900000)
  to   space 1024K, 0% used [0x00000000d5900000,0x00000000d5900000,0x00000000d5a00000)
 ParOldGen       total 295936K, used 295635K [0x0000000080000000, 0x0000000092100000, 0x00000000d5580000)
  object space 295936K, 99% used [0x0000000080000000,0x00000000920b4e48,0x0000000092100000)
 Metaspace       used 64174K, committed 65536K, reserved 1114112K
  class space    used 7881K, committed 8448K, reserved 1048576K
}
Event: 25.352 GC heap before
{Heap before GC invocations=381 (full 3):
 PSYoungGen      total 3584K, used 3356K [0x00000000d5580000, 0x00000000d5a00000, 0x0000000100000000)
  eden space 2560K, 100% used [0x00000000d5580000,0x00000000d5800000,0x00000000d5800000)
  from space 1024K, 77% used [0x00000000d5800000,0x00000000d58c70e0,0x00000000d5900000)
  to   space 1024K, 0% used [0x00000000d5900000,0x00000000d5900000,0x00000000d5a00000)
 ParOldGen       total 295936K, used 295635K [0x0000000080000000, 0x0000000092100000, 0x00000000d5580000)
  object space 295936K, 99% used [0x0000000080000000,0x00000000920b4e48,0x0000000092100000)
 Metaspace       used 64174K, committed 65536K, reserved 1114112K
  class space    used 7881K, committed 8448K, reserved 1048576K
}
Event: 25.354 GC heap after
{Heap after GC invocations=381 (full 3):
 PSYoungGen      total 3584K, used 639K [0x00000000d5580000, 0x00000000d5a00000, 0x0000000100000000)
  eden space 2560K, 0% used [0x00000000d5580000,0x00000000d5580000,0x00000000d5800000)
  from space 1024K, 62% used [0x00000000d5900000,0x00000000d599ffc0,0x00000000d5a00000)
  to   space 1024K, 0% used [0x00000000d5800000,0x00000000d5800000,0x00000000d5900000)
 ParOldGen       total 296448K, used 296105K [0x0000000080000000, 0x0000000092180000, 0x00000000d5580000)
  object space 296448K, 99% used [0x0000000080000000,0x000000009212a7e8,0x0000000092180000)
 Metaspace       used 64174K, committed 65536K, reserved 1114112K
  class space    used 7881K, committed 8448K, reserved 1048576K
}
Event: 25.359 GC heap before
{Heap before GC invocations=382 (full 3):
 PSYoungGen      total 3584K, used 3199K [0x00000000d5580000, 0x00000000d5a00000, 0x0000000100000000)
  eden space 2560K, 100% used [0x00000000d5580000,0x00000000d5800000,0x00000000d5800000)
  from space 1024K, 62% used [0x00000000d5900000,0x00000000d599ffc0,0x00000000d5a00000)
  to   space 1024K, 0% used [0x00000000d5800000,0x00000000d5800000,0x00000000d5900000)
 ParOldGen       total 296448K, used 296105K [0x0000000080000000, 0x0000000092180000, 0x00000000d5580000)
  object space 296448K, 99% used [0x0000000080000000,0x000000009212a7e8,0x0000000092180000)
 Metaspace       used 64174K, committed 65536K, reserved 1114112K
  class space    used 7881K, committed 8448K, reserved 1048576K
}
Event: 25.360 GC heap after
{Heap after GC invocations=382 (full 3):
 PSYoungGen      total 3584K, used 761K [0x00000000d5580000, 0x00000000d5a00000, 0x0000000100000000)
  eden space 2560K, 0% used [0x00000000d5580000,0x00000000d5580000,0x00000000d5800000)
  from space 1024K, 74% used [0x00000000d5800000,0x00000000d58be4e8,0x00000000d5900000)
  to   space 1024K, 0% used [0x00000000d5900000,0x00000000d5900000,0x00000000d5a00000)
 ParOldGen       total 296960K, used 296626K [0x0000000080000000, 0x0000000092200000, 0x00000000d5580000)
  object space 296960K, 99% used [0x0000000080000000,0x00000000921acaa8,0x0000000092200000)
 Metaspace       used 64174K, committed 65536K, reserved 1114112K
  class space    used 7881K, committed 8448K, reserved 1048576K
}
Event: 25.365 GC heap before
{Heap before GC invocations=383 (full 3):
 PSYoungGen      total 3584K, used 3318K [0x00000000d5580000, 0x00000000d5a00000, 0x0000000100000000)
  eden space 2560K, 99% used [0x00000000d5580000,0x00000000d57ff390,0x00000000d5800000)
  from space 1024K, 74% used [0x00000000d5800000,0x00000000d58be4e8,0x00000000d5900000)
  to   space 1024K, 0% used [0x00000000d5900000,0x00000000d5900000,0x00000000d5a00000)
 ParOldGen       total 296960K, used 296626K [0x0000000080000000, 0x0000000092200000, 0x00000000d5580000)
  object space 296960K, 99% used [0x0000000080000000,0x00000000921acaa8,0x0000000092200000)
 Metaspace       used 64174K, committed 65536K, reserved 1114112K
  class space    used 7881K, committed 8448K, reserved 1048576K
}
Event: 25.367 GC heap after
{Heap after GC invocations=383 (full 3):
 PSYoungGen      total 3584K, used 975K [0x00000000d5580000, 0x00000000d5a00000, 0x0000000100000000)
  eden space 2560K, 0% used [0x00000000d5580000,0x00000000d5580000,0x00000000d5800000)
  from space 1024K, 95% used [0x00000000d5900000,0x00000000d59f3eb0,0x00000000d5a00000)
  to   space 1024K, 0% used [0x00000000d5800000,0x00000000d5800000,0x00000000d5900000)
 ParOldGen       total 297472K, used 297190K [0x0000000080000000, 0x0000000092280000, 0x00000000d5580000)
  object space 297472K, 99% used [0x0000000080000000,0x00000000922398d0,0x0000000092280000)
 Metaspace       used 64174K, committed 65536K, reserved 1114112K
  class space    used 7881K, committed 8448K, reserved 1048576K
}
Event: 25.372 GC heap before
{Heap before GC invocations=384 (full 3):
 PSYoungGen      total 3584K, used 3535K [0x00000000d5580000, 0x00000000d5a00000, 0x0000000100000000)
  eden space 2560K, 100% used [0x00000000d5580000,0x00000000d5800000,0x00000000d5800000)
  from space 1024K, 95% used [0x00000000d5900000,0x00000000d59f3eb0,0x00000000d5a00000)
  to   space 1024K, 0% used [0x00000000d5800000,0x00000000d5800000,0x00000000d5900000)
 ParOldGen       total 297472K, used 297190K [0x0000000080000000, 0x0000000092280000, 0x00000000d5580000)
  object space 297472K, 99% used [0x0000000080000000,0x00000000922398d0,0x0000000092280000)
 Metaspace       used 64174K, committed 65536K, reserved 1114112K
  class space    used 7881K, committed 8448K, reserved 1048576K
}
Event: 25.374 GC heap after
{Heap after GC invocations=384 (full 3):
 PSYoungGen      total 3584K, used 565K [0x00000000d5580000, 0x00000000d5a00000, 0x0000000100000000)
  eden space 2560K, 0% used [0x00000000d5580000,0x00000000d5580000,0x00000000d5800000)
  from space 1024K, 55% used [0x00000000d5800000,0x00000000d588d5e0,0x00000000d5900000)
  to   space 1024K, 0% used [0x00000000d5900000,0x00000000d5900000,0x00000000d5a00000)
 ParOldGen       total 297984K, used 297829K [0x0000000080000000, 0x0000000092300000, 0x00000000d5580000)
  object space 297984K, 99% used [0x0000000080000000,0x00000000922d9628,0x0000000092300000)
 Metaspace       used 64174K, committed 65536K, reserved 1114112K
  class space    used 7881K, committed 8448K, reserved 1048576K
}
Event: 25.379 GC heap before
{Heap before GC invocations=385 (full 3):
 PSYoungGen      total 3584K, used 3125K [0x00000000d5580000, 0x00000000d5a00000, 0x0000000100000000)
  eden space 2560K, 100% used [0x00000000d5580000,0x00000000d5800000,0x00000000d5800000)
  from space 1024K, 55% used [0x00000000d5800000,0x00000000d588d5e0,0x00000000d5900000)
  to   space 1024K, 0% used [0x00000000d5900000,0x00000000d5900000,0x00000000d5a00000)
 ParOldGen       total 297984K, used 297829K [0x0000000080000000, 0x0000000092300000, 0x00000000d5580000)
  object space 297984K, 99% used [0x0000000080000000,0x00000000922d9628,0x0000000092300000)
 Metaspace       used 64174K, committed 65536K, reserved 1114112K
  class space    used 7881K, committed 8448K, reserved 1048576K
}
Event: 25.381 GC heap after
{Heap after GC invocations=385 (full 3):
 PSYoungGen      total 3584K, used 572K [0x00000000d5580000, 0x00000000d5a00000, 0x0000000100000000)
  eden space 2560K, 0% used [0x00000000d5580000,0x00000000d5580000,0x00000000d5800000)
  from space 1024K, 55% used [0x00000000d5900000,0x00000000d598f188,0x00000000d5a00000)
  to   space 1024K, 0% used [0x00000000d5800000,0x00000000d5800000,0x00000000d5900000)
 ParOldGen       total 298496K, used 298214K [0x0000000080000000, 0x0000000092380000, 0x00000000d5580000)
  object space 298496K, 99% used [0x0000000080000000,0x0000000092339920,0x0000000092380000)
 Metaspace       used 64174K, committed 65536K, reserved 1114112K
  class space    used 7881K, committed 8448K, reserved 1048576K
}
Event: 25.386 GC heap before
{Heap before GC invocations=386 (full 3):
 PSYoungGen      total 3584K, used 3132K [0x00000000d5580000, 0x00000000d5a00000, 0x0000000100000000)
  eden space 2560K, 100% used [0x00000000d5580000,0x00000000d5800000,0x00000000d5800000)
  from space 1024K, 55% used [0x00000000d5900000,0x00000000d598f188,0x00000000d5a00000)
  to   space 1024K, 0% used [0x00000000d5800000,0x00000000d5800000,0x00000000d5900000)
 ParOldGen       total 298496K, used 298214K [0x0000000080000000, 0x0000000092380000, 0x00000000d5580000)
  object space 298496K, 99% used [0x0000000080000000,0x0000000092339920,0x0000000092380000)
 Metaspace       used 64174K, committed 65536K, reserved 1114112K
  class space    used 7881K, committed 8448K, reserved 1048576K
}
Event: 25.387 GC heap after
{Heap after GC invocations=386 (full 3):
 PSYoungGen      total 3584K, used 3132K [0x00000000d5580000, 0x00000000d5a00000, 0x0000000100000000)
  eden space 2560K, 100% used [0x00000000d5580000,0x00000000d5800000,0x00000000d5800000)
  from space 1024K, 55% used [0x00000000d5900000,0x00000000d598f188,0x00000000d5a00000)
  to   space 1024K, 64% used [0x00000000d5800000,0x00000000d58a42f0,0x00000000d5900000)
 ParOldGen       total 299008K, used 298583K [0x0000000080000000, 0x0000000092400000, 0x00000000d5580000)
  object space 299008K, 99% used [0x0000000080000000,0x0000000092395fa8,0x0000000092400000)
 Metaspace       used 64174K, committed 65536K, reserved 1114112K
  class space    used 7881K, committed 8448K, reserved 1048576K
}
Event: 25.387 GC heap before
{Heap before GC invocations=387 (full 4):
 PSYoungGen      total 3584K, used 3132K [0x00000000d5580000, 0x00000000d5a00000, 0x0000000100000000)
  eden space 2560K, 100% used [0x00000000d5580000,0x00000000d5800000,0x00000000d5800000)
  from space 1024K, 55% used [0x00000000d5900000,0x00000000d598f188,0x00000000d5a00000)
  to   space 1024K, 64% used [0x00000000d5800000,0x00000000d58a42f0,0x00000000d5900000)
 ParOldGen       total 299008K, used 298583K [0x0000000080000000, 0x0000000092400000, 0x00000000d5580000)
  object space 299008K, 99% used [0x0000000080000000,0x0000000092395fa8,0x0000000092400000)
 Metaspace       used 64174K, committed 65536K, reserved 1114112K
  class space    used 7881K, committed 8448K, reserved 1048576K
}

Dll operation events (13 events):
Event: 0.007 Loaded shared library c:\Users\Haqii\.vscode\extensions\redhat.java-1.44.0-win32-x64\jre\21.0.8-win32-x86_64\bin\java.dll
Event: 0.085 Loaded shared library c:\Users\Haqii\.vscode\extensions\redhat.java-1.44.0-win32-x64\jre\21.0.8-win32-x86_64\bin\zip.dll
Event: 0.104 Loaded shared library C:\Users\Haqii\.vscode\extensions\redhat.java-1.44.0-win32-x64\jre\21.0.8-win32-x86_64\bin\instrument.dll
Event: 0.109 Loaded shared library C:\Users\Haqii\.vscode\extensions\redhat.java-1.44.0-win32-x64\jre\21.0.8-win32-x86_64\bin\net.dll
Event: 0.112 Loaded shared library C:\Users\Haqii\.vscode\extensions\redhat.java-1.44.0-win32-x64\jre\21.0.8-win32-x86_64\bin\nio.dll
Event: 0.116 Loaded shared library C:\Users\Haqii\.vscode\extensions\redhat.java-1.44.0-win32-x64\jre\21.0.8-win32-x86_64\bin\zip.dll
Event: 0.136 Loaded shared library C:\Users\Haqii\.vscode\extensions\redhat.java-1.44.0-win32-x64\jre\21.0.8-win32-x86_64\bin\jimage.dll
Event: 0.214 Loaded shared library c:\Users\Haqii\.vscode\extensions\redhat.java-1.44.0-win32-x64\jre\21.0.8-win32-x86_64\bin\verify.dll
Event: 7.479 Loaded shared library C:\Users\Haqii\AppData\Roaming\Code\User\globalStorage\redhat.java\1.44.0\config_win\org.eclipse.equinox.launcher\org.eclipse.equinox.launcher.win32.win32.x86_64_1.2.1400.v20250730-1736\eclipse_11913.dll
Event: 16.552 Loaded shared library C:\Users\Haqii\AppData\Local\Temp\jna-69495192\jna302410134793756483.dll
Event: 21.108 Loaded shared library C:\Users\Haqii\.gradle\native\1def1411415f61bf3af743bc5b6707747c0891f09f0c88961ee8f79bc544acac\windows-amd64\native-platform.dll
Event: 22.191 Loaded shared library C:\Users\Haqii\.vscode\extensions\redhat.java-1.44.0-win32-x64\jre\21.0.8-win32-x86_64\bin\management.dll
Event: 22.196 Loaded shared library C:\Users\Haqii\.vscode\extensions\redhat.java-1.44.0-win32-x64\jre\21.0.8-win32-x86_64\bin\management_ext.dll

Deoptimization events (20 events):
Event: 24.573 Thread 0x00000213feed5b10 DEOPT PACKING pc=0x00000213eb030aa2 sp=0x000000307b3fea20
Event: 24.573 Thread 0x00000213feed5b10 DEOPT UNPACKING pc=0x00000213f17f4242 sp=0x000000307b3fdf98 mode 0
Event: 24.584 Thread 0x00000213feed5b10 DEOPT PACKING pc=0x00000213eb030aa2 sp=0x000000307b3fea20
Event: 24.584 Thread 0x00000213feed5b10 DEOPT UNPACKING pc=0x00000213f17f4242 sp=0x000000307b3fdf98 mode 0
Event: 24.593 Thread 0x00000213feed5b10 DEOPT PACKING pc=0x00000213eb030aa2 sp=0x000000307b3fe980
Event: 24.593 Thread 0x00000213feed5b10 DEOPT UNPACKING pc=0x00000213f17f4242 sp=0x000000307b3fdef8 mode 0
Event: 24.605 Thread 0x00000213feed5b10 DEOPT PACKING pc=0x00000213eb030aa2 sp=0x000000307b3fe980
Event: 24.605 Thread 0x00000213feed5b10 DEOPT UNPACKING pc=0x00000213f17f4242 sp=0x000000307b3fdef8 mode 0
Event: 24.616 Thread 0x00000213feed5b10 DEOPT PACKING pc=0x00000213eb030aa2 sp=0x000000307b3fe980
Event: 24.616 Thread 0x00000213feed5b10 DEOPT UNPACKING pc=0x00000213f17f4242 sp=0x000000307b3fdef8 mode 0
Event: 24.625 Thread 0x00000213feed5b10 DEOPT PACKING pc=0x00000213eb030aa2 sp=0x000000307b3fe980
Event: 24.625 Thread 0x00000213feed5b10 DEOPT UNPACKING pc=0x00000213f17f4242 sp=0x000000307b3fdef8 mode 0
Event: 24.633 Thread 0x00000213feed5b10 DEOPT PACKING pc=0x00000213eb030aa2 sp=0x000000307b3fe980
Event: 24.633 Thread 0x00000213feed5b10 DEOPT UNPACKING pc=0x00000213f17f4242 sp=0x000000307b3fdef8 mode 0
Event: 24.825 Thread 0x00000213feed5b10 Uncommon trap: trap_request=0xffffff6e fr.pc=0x00000213f1fabd6c relative=0x000000000000032c
Event: 24.825 Thread 0x00000213feed5b10 Uncommon trap: reason=loop_limit_check action=maybe_recompile pc=0x00000213f1fabd6c method=org.eclipse.jdt.core.compiler.CharOperation.concatWith([[CC)[C @ 121 c2
Event: 24.825 Thread 0x00000213feed5b10 DEOPT PACKING pc=0x00000213f1fabd6c sp=0x000000307b3fe7d0
Event: 24.825 Thread 0x00000213feed5b10 DEOPT UNPACKING pc=0x00000213f17f3aa2 sp=0x000000307b3fe780 mode 2
Event: 24.918 Thread 0x00000213feed5b10 DEOPT PACKING pc=0x00000213eb1d7435 sp=0x000000307b3fe970
Event: 24.918 Thread 0x00000213feed5b10 DEOPT UNPACKING pc=0x00000213f17f4242 sp=0x000000307b3fde18 mode 0

Classes loaded (20 events):
Event: 23.856 Loading class java/util/PrimitiveIterator done
Event: 23.856 Loading class java/util/PrimitiveIterator$OfDouble done
Event: 23.857 Loading class java/util/PrimitiveIterator$OfLong
Event: 23.857 Loading class java/util/PrimitiveIterator$OfLong done
Event: 23.858 Loading class java/util/PrimitiveIterator$OfInt
Event: 23.858 Loading class java/util/PrimitiveIterator$OfInt done
Event: 23.859 Loading class java/util/stream/LongStream
Event: 23.859 Loading class java/util/stream/LongStream done
Event: 23.859 Loading class java/util/stream/DoubleStream
Event: 23.860 Loading class java/util/stream/DoubleStream done
Event: 24.003 Loading class java/util/concurrent/atomic/AtomicIntegerFieldUpdater
Event: 24.003 Loading class java/util/concurrent/atomic/AtomicIntegerFieldUpdater done
Event: 24.029 Loading class java/util/concurrent/LinkedBlockingDeque
Event: 24.029 Loading class java/util/concurrent/BlockingDeque
Event: 24.029 Loading class java/util/concurrent/BlockingDeque done
Event: 24.030 Loading class java/util/concurrent/LinkedBlockingDeque done
Event: 24.030 Loading class java/util/concurrent/PriorityBlockingQueue
Event: 24.030 Loading class java/util/concurrent/PriorityBlockingQueue done
Event: 24.246 Loading class java/io/ObjectStreamClass$ExceptionInfo
Event: 24.246 Loading class java/io/ObjectStreamClass$ExceptionInfo done

Classes unloaded (7 events):
Event: 17.132 Thread 0x00000213fecb5620 Unloading class 0x00000213811aa000 'java/lang/invoke/LambdaForm$MH+0x00000213811aa000'
Event: 17.132 Thread 0x00000213fecb5620 Unloading class 0x00000213811a9c00 'java/lang/invoke/LambdaForm$MH+0x00000213811a9c00'
Event: 17.132 Thread 0x00000213fecb5620 Unloading class 0x00000213811a9800 'java/lang/invoke/LambdaForm$MH+0x00000213811a9800'
Event: 17.132 Thread 0x00000213fecb5620 Unloading class 0x00000213811a9400 'java/lang/invoke/LambdaForm$MH+0x00000213811a9400'
Event: 17.132 Thread 0x00000213fecb5620 Unloading class 0x00000213811a9000 'java/lang/invoke/LambdaForm$BMH+0x00000213811a9000'
Event: 17.132 Thread 0x00000213fecb5620 Unloading class 0x00000213811a8c00 'java/lang/invoke/LambdaForm$DMH+0x00000213811a8c00'
Event: 17.132 Thread 0x00000213fecb5620 Unloading class 0x00000213811a3800 'java/lang/invoke/LambdaForm$DMH+0x00000213811a3800'

Classes redefined (0 events):
No events

Internal exceptions (20 events):
Event: 20.394 Thread 0x00000213feed4df0 Exception <a 'java/io/FileNotFoundException'{0x00000000d56e4490}> (0x00000000d56e4490) 
thrown [s\src\hotspot\share\prims\jni.cpp, line 520]
Event: 20.394 Thread 0x00000213feed4df0 Exception <a 'java/io/FileNotFoundException'{0x00000000d56e5488}> (0x00000000d56e5488) 
thrown [s\src\hotspot\share\prims\jni.cpp, line 520]
Event: 20.395 Thread 0x00000213feed4df0 Exception <a 'java/io/FileNotFoundException'{0x00000000d56e6c30}> (0x00000000d56e6c30) 
thrown [s\src\hotspot\share\prims\jni.cpp, line 520]
Event: 20.395 Thread 0x00000213feed4df0 Exception <a 'java/io/FileNotFoundException'{0x00000000d56e7ef8}> (0x00000000d56e7ef8) 
thrown [s\src\hotspot\share\prims\jni.cpp, line 520]
Event: 20.395 Thread 0x00000213feed4df0 Exception <a 'java/io/FileNotFoundException'{0x00000000d56e8f10}> (0x00000000d56e8f10) 
thrown [s\src\hotspot\share\prims\jni.cpp, line 520]
Event: 20.492 Thread 0x00000213c82fdaf0 Exception <a 'java/lang/IncompatibleClassChangeError'{0x00000000d6152c48}: Found class java.lang.Object, but interface was expected> (0x00000000d6152c48) 
thrown [s\src\hotspot\share\interpreter\linkResolver.cpp, line 840]
Event: 20.615 Thread 0x00000213feed4df0 Exception <a 'java/lang/NoSuchMethodError'{0x00000000d6246078}: 'int java.lang.invoke.DirectMethodHandle$Holder.invokeSpecialIFC(java.lang.Object, java.lang.Object, java.lang.Object, java.lang.Object)'> (0x00000000d6246078) 
thrown [s\src\hotspot\share\interpreter\linkResolver.cpp, line 773]
Event: 20.621 Thread 0x00000213feed4df0 Exception <a 'sun/nio/fs/WindowsException'{0x00000000d62e0990}> (0x00000000d62e0990) 
thrown [s\src\hotspot\share\prims\jni.cpp, line 520]
Event: 20.621 Thread 0x00000213feed4df0 Exception <a 'sun/nio/fs/WindowsException'{0x00000000d62e0fc0}> (0x00000000d62e0fc0) 
thrown [s\src\hotspot\share\prims\jni.cpp, line 520]
Event: 20.665 Thread 0x00000213feed4df0 Exception <a 'java/lang/NoSuchMethodError'{0x00000000d5a5b6d0}: 'int java.lang.invoke.DirectMethodHandle$Holder.invokeInterface(java.lang.Object, java.lang.Object)'> (0x00000000d5a5b6d0) 
thrown [s\src\hotspot\share\interpreter\linkResolver.cpp, line 773]
Event: 20.666 Thread 0x00000213feed4df0 Exception <a 'java/lang/IncompatibleClassChangeError'{0x00000000d5a5e6e0}: Found class java.lang.Object, but interface was expected> (0x00000000d5a5e6e0) 
thrown [s\src\hotspot\share\interpreter\linkResolver.cpp, line 840]
Event: 20.701 Thread 0x00000213feed4df0 Exception <a 'java/lang/NoSuchMethodError'{0x00000000d5ed9db8}: method resolution failed> (0x00000000d5ed9db8) 
thrown [s\src\hotspot\share\prims\methodHandles.cpp, line 1144]
Event: 20.709 Thread 0x00000213feed4df0 Exception <a 'sun/nio/fs/WindowsException'{0x00000000d5fdab90}> (0x00000000d5fdab90) 
thrown [s\src\hotspot\share\prims\jni.cpp, line 520]
Event: 20.709 Thread 0x00000213feed4df0 Exception <a 'sun/nio/fs/WindowsException'{0x00000000d5fdb190}> (0x00000000d5fdb190) 
thrown [s\src\hotspot\share\prims\jni.cpp, line 520]
Event: 20.795 Thread 0x00000213feed4df0 Exception <a 'java/lang/NoSuchMethodError'{0x00000000d59fa500}: 'java.lang.Object java.lang.invoke.DirectMethodHandle$Holder.invokeVirtual(java.lang.Object, java.lang.Object, java.lang.Object, java.lang.Object)'> (0x00000000d59fa500) 
thrown [s\src\hotspot\share\interpreter\linkResolver.cpp, line 773]
Event: 20.798 Thread 0x00000213feed4df0 Exception <a 'java/lang/NoSuchMethodError'{0x00000000d5a764d0}: 'java.lang.Object java.lang.invoke.DirectMethodHandle$Holder.invokeVirtual(java.lang.Object, java.lang.Object, java.lang.Object, java.lang.Object, java.lang.Object)'> (0x00000000d5a764d0) 
thrown [s\src\hotspot\share\interpreter\linkResolver.cpp, line 773]
Event: 22.018 Thread 0x00000213c82fc740 Exception <a 'java/lang/NoSuchMethodError'{0x00000000d5987440}: 'java.lang.Object java.lang.invoke.DirectMethodHandle$Holder.invokeVirtual(java.lang.Object, java.lang.Object, java.lang.Object, java.lang.Object, java.lang.Object, java.lang.Object)'> (0x00000000d5987440) 
thrown [s\src\hotspot\share\interpreter\linkResolver.cpp, line 773]
Event: 22.093 Thread 0x00000213c82fc740 Exception <a 'java/lang/NoSuchMethodError'{0x00000000d55815e8}: 'java.lang.Object java.lang.invoke.DirectMethodHandle$Holder.invokeVirtual(java.lang.Object, java.lang.Object, java.lang.Object, java.lang.Object, java.lang.Object, java.lang.Object, java.lang.Object)'> (0x00000000d55815e8) 
thrown [s\src\hotspot\share\interpreter\linkResolver.cpp, line 773]
Event: 22.126 Thread 0x00000213c82fc740 Exception <a 'java/lang/NoSuchMethodError'{0x00000000d5ce7490}: 'java.lang.Object java.lang.invoke.DirectMethodHandle$Holder.invokeVirtual(java.lang.Object, java.lang.Object, java.lang.Object, java.lang.Object, java.lang.Object, java.lang.Object, java.lang.Object, java.lang.Object, java.lang.Object, java.lang.Object, java.lang.Object)'> (0x00000000d5ce7490) 
thrown [s\src\hotspot\share\interpreter\linkResolver.cpp, line 773]
Event: 22.132 Thread 0x00000213c82fc740 Exception <a 'java/lang/NoSuchMethodError'{0x00000000d5df9300}: 'java.lang.Object java.lang.invoke.DirectMethodHandle$Holder.invokeStatic(java.lang.Object, java.lang.Object, java.lang.Object, java.lang.Object, java.lang.Object, java.lang.Object, java.lang.Object, java.lang.Object, java.lang.Object, java.lang.Object, java.lang.Object, java.lang.Object, java.lang.Object)'> (0x00000000d5df9300) 
thrown [s\src\hotspot\share\interpreter\linkResolver.cpp, line 773]

ZGC Phase Switch (0 events):
No events

VM Operations (20 events):
Event: 25.318 Executing VM operation: ParallelGCFailedAllocation (Allocation Failure) done
Event: 25.325 Executing VM operation: ParallelGCFailedAllocation (Allocation Failure)
Event: 25.326 Executing VM operation: ParallelGCFailedAllocation (Allocation Failure) done
Event: 25.332 Executing VM operation: ParallelGCFailedAllocation (Allocation Failure)
Event: 25.334 Executing VM operation: ParallelGCFailedAllocation (Allocation Failure) done
Event: 25.339 Executing VM operation: ParallelGCFailedAllocation (Allocation Failure)
Event: 25.340 Executing VM operation: ParallelGCFailedAllocation (Allocation Failure) done
Event: 25.346 Executing VM operation: ParallelGCFailedAllocation (Allocation Failure)
Event: 25.347 Executing VM operation: ParallelGCFailedAllocation (Allocation Failure) done
Event: 25.352 Executing VM operation: ParallelGCFailedAllocation (Allocation Failure)
Event: 25.354 Executing VM operation: ParallelGCFailedAllocation (Allocation Failure) done
Event: 25.359 Executing VM operation: ParallelGCFailedAllocation (Allocation Failure)
Event: 25.360 Executing VM operation: ParallelGCFailedAllocation (Allocation Failure) done
Event: 25.365 Executing VM operation: ParallelGCFailedAllocation (Allocation Failure)
Event: 25.367 Executing VM operation: ParallelGCFailedAllocation (Allocation Failure) done
Event: 25.372 Executing VM operation: ParallelGCFailedAllocation (Allocation Failure)
Event: 25.374 Executing VM operation: ParallelGCFailedAllocation (Allocation Failure) done
Event: 25.379 Executing VM operation: ParallelGCFailedAllocation (Allocation Failure)
Event: 25.381 Executing VM operation: ParallelGCFailedAllocation (Allocation Failure) done
Event: 25.386 Executing VM operation: ParallelGCFailedAllocation (Allocation Failure)

Memory protections (0 events):
No events

Nmethod flushes (20 events):
Event: 23.336 Thread 0x00000213fecb5620 flushing  nmethod 0x00000213eab6e510
Event: 23.336 Thread 0x00000213fecb5620 flushing  nmethod 0x00000213eab9d790
Event: 23.336 Thread 0x00000213fecb5620 flushing  nmethod 0x00000213eabcef90
Event: 23.336 Thread 0x00000213fecb5620 flushing  nmethod 0x00000213eabd1690
Event: 23.336 Thread 0x00000213fecb5620 flushing  nmethod 0x00000213eabd5e10
Event: 23.336 Thread 0x00000213fecb5620 flushing  nmethod 0x00000213eabe2210
Event: 23.336 Thread 0x00000213fecb5620 flushing  nmethod 0x00000213eabe5790
Event: 23.336 Thread 0x00000213fecb5620 flushing  nmethod 0x00000213eabe7910
Event: 23.336 Thread 0x00000213fecb5620 flushing  nmethod 0x00000213eabe9290
Event: 23.336 Thread 0x00000213fecb5620 flushing  nmethod 0x00000213eac26b10
Event: 23.336 Thread 0x00000213fecb5620 flushing  nmethod 0x00000213eac8f210
Event: 23.336 Thread 0x00000213fecb5620 flushing  nmethod 0x00000213eaca3e90
Event: 23.336 Thread 0x00000213fecb5620 flushing  nmethod 0x00000213eacafb90
Event: 23.336 Thread 0x00000213fecb5620 flushing  nmethod 0x00000213eacb2410
Event: 23.336 Thread 0x00000213fecb5620 flushing  nmethod 0x00000213eacc2e10
Event: 23.336 Thread 0x00000213fecb5620 flushing  nmethod 0x00000213eacc8490
Event: 23.336 Thread 0x00000213fecb5620 flushing  nmethod 0x00000213eace2e90
Event: 23.336 Thread 0x00000213fecb5620 flushing  nmethod 0x00000213eacef790
Event: 23.336 Thread 0x00000213fecb5620 flushing  nmethod 0x00000213eacfc510
Event: 23.336 Thread 0x00000213fecb5620 flushing  nmethod 0x00000213ead6a810

Events (20 events):
Event: 18.195 Thread 0x00000213e7195f90 Thread added: 0x00000213c82ff530
Event: 18.195 Thread 0x00000213e7195f90 Thread added: 0x00000213c82f9fe0
Event: 18.195 Thread 0x00000213e7195f90 Thread added: 0x00000213c82fa670
Event: 18.195 Thread 0x00000213e7195f90 Thread added: 0x00000213c82fba20
Event: 18.229 Thread 0x00000213e7195f90 Thread added: 0x00000213c82f85a0
Event: 18.374 Thread 0x00000213e7195f90 Thread added: 0x00000213c82fb390
Event: 18.374 Thread 0x00000213e7195f90 Thread added: 0x00000213c82fdaf0
Event: 20.760 Thread 0x00000213feed4df0 Thread added: 0x00000213c82f8c30
Event: 20.853 Thread 0x00000213feed4df0 Thread added: 0x00000213c82fc740
Event: 22.120 Thread 0x00000213feed61a0 Thread exited: 0x00000213feed61a0
Event: 22.322 Thread 0x00000213c82fc740 Thread exited: 0x00000213c82fc740
Event: 22.339 Thread 0x00000213feed4df0 Thread added: 0x00000213c82ffbc0
Event: 22.340 Thread 0x00000213feed4df0 Thread added: 0x00000213c82f92c0
Event: 22.364 Thread 0x00000213c82f92c0 Thread exited: 0x00000213c82f92c0
Event: 22.369 Thread 0x00000213feed4df0 Thread added: 0x00000213c82f92c0
Event: 23.195 Thread 0x00000213feed4df0 Thread added: 0x00000213c82fc740
Event: 23.202 Thread 0x00000213feed4df0 Thread added: 0x00000213feed61a0
Event: 23.226 Thread 0x00000213feed61a0 Thread exited: 0x00000213feed61a0
Event: 23.226 Thread 0x00000213feed4df0 Thread added: 0x00000213feed61a0
Event: 23.230 Thread 0x00000213feed4df0 Thread added: 0x00000213d2aa8930


Dynamic libraries:
0x00007ff64d080000 - 0x00007ff64d08e000 	c:\Users\Haqii\.vscode\extensions\redhat.java-1.44.0-win32-x64\jre\21.0.8-win32-x86_64\bin\java.exe
0x00007ffa6a2f0000 - 0x00007ffa6a4e8000 	C:\Windows\SYSTEM32\ntdll.dll
0x00007ffa6a180000 - 0x00007ffa6a242000 	C:\Windows\System32\KERNEL32.DLL
0x00007ffa68010000 - 0x00007ffa68307000 	C:\Windows\System32\KERNELBASE.dll
0x00007ffa67a00000 - 0x00007ffa67b00000 	C:\Windows\System32\ucrtbase.dll
0x00007ffa48920000 - 0x00007ffa4893e000 	c:\Users\Haqii\.vscode\extensions\redhat.java-1.44.0-win32-x64\jre\21.0.8-win32-x86_64\bin\VCRUNTIME140.dll
0x00007ffa48870000 - 0x00007ffa48888000 	c:\Users\Haqii\.vscode\extensions\redhat.java-1.44.0-win32-x64\jre\21.0.8-win32-x86_64\bin\jli.dll
0x00007ffa68e20000 - 0x00007ffa68fbd000 	C:\Windows\System32\USER32.dll
0x00007ffa54ca0000 - 0x00007ffa54f3a000 	C:\Windows\WinSxS\amd64_microsoft.windows.common-controls_6595b64144ccf1df_6.0.19041.5915_none_60b4b9d171f9c7c7\COMCTL32.dll
0x00007ffa67fe0000 - 0x00007ffa68002000 	C:\Windows\System32\win32u.dll
0x00007ffa69230000 - 0x00007ffa6925b000 	C:\Windows\System32\GDI32.dll
0x00007ffa69340000 - 0x00007ffa693de000 	C:\Windows\System32\msvcrt.dll
0x00007ffa67ec0000 - 0x00007ffa67fd9000 	C:\Windows\System32\gdi32full.dll
0x00007ffa67ce0000 - 0x00007ffa67d7d000 	C:\Windows\System32\msvcp_win.dll
0x00007ffa68fc0000 - 0x00007ffa68fef000 	C:\Windows\System32\IMM32.DLL
0x00007ffa58850000 - 0x00007ffa5885c000 	c:\Users\Haqii\.vscode\extensions\redhat.java-1.44.0-win32-x64\jre\21.0.8-win32-x86_64\bin\vcruntime140_1.dll
0x00007ff9eca30000 - 0x00007ff9ecabd000 	c:\Users\Haqii\.vscode\extensions\redhat.java-1.44.0-win32-x64\jre\21.0.8-win32-x86_64\bin\msvcp140.dll
0x00007ff9b2120000 - 0x00007ff9b2eb7000 	c:\Users\Haqii\.vscode\extensions\redhat.java-1.44.0-win32-x64\jre\21.0.8-win32-x86_64\bin\server\jvm.dll
0x00007ffa69260000 - 0x00007ffa69311000 	C:\Windows\System32\ADVAPI32.dll
0x00007ffa68310000 - 0x00007ffa683af000 	C:\Windows\System32\sechost.dll
0x00007ffa68ad0000 - 0x00007ffa68bf6000 	C:\Windows\System32\RPCRT4.dll
0x00007ffa679d0000 - 0x00007ffa679f7000 	C:\Windows\System32\bcrypt.dll
0x00007ffa691c0000 - 0x00007ffa6922b000 	C:\Windows\System32\WS2_32.dll
0x00007ffa67730000 - 0x00007ffa6777b000 	C:\Windows\SYSTEM32\POWRPROF.dll
0x00007ffa590d0000 - 0x00007ffa590f7000 	C:\Windows\SYSTEM32\WINMM.dll
0x00007ffa5e720000 - 0x00007ffa5e72a000 	C:\Windows\SYSTEM32\VERSION.dll
0x00007ffa67710000 - 0x00007ffa67722000 	C:\Windows\SYSTEM32\UMPDC.dll
0x00007ffa661a0000 - 0x00007ffa661b2000 	C:\Windows\SYSTEM32\kernel.appcore.dll
0x00007ffa45f30000 - 0x00007ffa45f3a000 	c:\Users\Haqii\.vscode\extensions\redhat.java-1.44.0-win32-x64\jre\21.0.8-win32-x86_64\bin\jimage.dll
0x00007ffa65960000 - 0x00007ffa65b61000 	C:\Windows\SYSTEM32\DBGHELP.DLL
0x00007ffa50780000 - 0x00007ffa507b4000 	C:\Windows\SYSTEM32\dbgcore.DLL
0x00007ffa67e30000 - 0x00007ffa67eb2000 	C:\Windows\System32\bcryptPrimitives.dll
0x00007ffa42350000 - 0x00007ffa4235f000 	c:\Users\Haqii\.vscode\extensions\redhat.java-1.44.0-win32-x64\jre\21.0.8-win32-x86_64\bin\instrument.dll
0x00007ffa41990000 - 0x00007ffa419af000 	c:\Users\Haqii\.vscode\extensions\redhat.java-1.44.0-win32-x64\jre\21.0.8-win32-x86_64\bin\java.dll
0x00007ffa69a00000 - 0x00007ffa6a16e000 	C:\Windows\System32\SHELL32.dll
0x00007ffa651b0000 - 0x00007ffa65954000 	C:\Windows\SYSTEM32\windows.storage.dll
0x00007ffa69520000 - 0x00007ffa69873000 	C:\Windows\System32\combase.dll
0x00007ffa67330000 - 0x00007ffa6735b000 	C:\Windows\SYSTEM32\Wldp.dll
0x00007ffa69930000 - 0x00007ffa699fd000 	C:\Windows\System32\OLEAUT32.dll
0x00007ffa68ff0000 - 0x00007ffa6909d000 	C:\Windows\System32\SHCORE.dll
0x00007ffa68c00000 - 0x00007ffa68c5b000 	C:\Windows\System32\shlwapi.dll
0x00007ffa678b0000 - 0x00007ffa678d4000 	C:\Windows\SYSTEM32\profapi.dll
0x00007ffa415e0000 - 0x00007ffa415f8000 	c:\Users\Haqii\.vscode\extensions\redhat.java-1.44.0-win32-x64\jre\21.0.8-win32-x86_64\bin\zip.dll
0x00007ffa45f20000 - 0x00007ffa45f30000 	C:\Users\Haqii\.vscode\extensions\redhat.java-1.44.0-win32-x64\jre\21.0.8-win32-x86_64\bin\net.dll
0x00007ffa5eab0000 - 0x00007ffa5ebba000 	C:\Windows\SYSTEM32\WINHTTP.dll
0x00007ffa670a0000 - 0x00007ffa6710a000 	C:\Windows\system32\mswsock.dll
0x00007ffa3f950000 - 0x00007ffa3f966000 	C:\Users\Haqii\.vscode\extensions\redhat.java-1.44.0-win32-x64\jre\21.0.8-win32-x86_64\bin\nio.dll
0x00007ffa42b60000 - 0x00007ffa42b70000 	c:\Users\Haqii\.vscode\extensions\redhat.java-1.44.0-win32-x64\jre\21.0.8-win32-x86_64\bin\verify.dll
0x00007ff9f45d0000 - 0x00007ff9f4615000 	C:\Users\Haqii\AppData\Roaming\Code\User\globalStorage\redhat.java\1.44.0\config_win\org.eclipse.equinox.launcher\org.eclipse.equinox.launcher.win32.win32.x86_64_1.2.1400.v20250730-1736\eclipse_11913.dll
0x00007ffa68cf0000 - 0x00007ffa68e1b000 	C:\Windows\System32\ole32.dll
0x00007ffa67290000 - 0x00007ffa672a8000 	C:\Windows\SYSTEM32\CRYPTSP.dll
0x00007ffa66960000 - 0x00007ffa66998000 	C:\Windows\system32\rsaenh.dll
0x00007ffa67830000 - 0x00007ffa6785e000 	C:\Windows\SYSTEM32\USERENV.dll
0x00007ffa676d0000 - 0x00007ffa676dc000 	C:\Windows\SYSTEM32\CRYPTBASE.dll
0x00007ffa66d20000 - 0x00007ffa66d5b000 	C:\Windows\SYSTEM32\IPHLPAPI.DLL
0x00007ffa6a170000 - 0x00007ffa6a178000 	C:\Windows\System32\NSI.dll
0x00007ff9f02b0000 - 0x00007ff9f02f9000 	C:\Users\Haqii\AppData\Local\Temp\jna-69495192\jna302410134793756483.dll
0x00007ffa685f0000 - 0x00007ffa685f8000 	C:\Windows\System32\PSAPI.DLL
0x00007ffa61720000 - 0x00007ffa61737000 	C:\Windows\SYSTEM32\dhcpcsvc6.DLL
0x00007ffa61e00000 - 0x00007ffa61e1d000 	C:\Windows\SYSTEM32\dhcpcsvc.DLL
0x00007ffa42af0000 - 0x00007ffa42b17000 	C:\Users\Haqii\.gradle\native\1def1411415f61bf3af743bc5b6707747c0891f09f0c88961ee8f79bc544acac\windows-amd64\native-platform.dll
0x00007ffa459b0000 - 0x00007ffa459ba000 	C:\Users\Haqii\.vscode\extensions\redhat.java-1.44.0-win32-x64\jre\21.0.8-win32-x86_64\bin\management.dll
0x00007ffa45650000 - 0x00007ffa4565b000 	C:\Users\Haqii\.vscode\extensions\redhat.java-1.44.0-win32-x64\jre\21.0.8-win32-x86_64\bin\management_ext.dll

JVMTI agents:
c:\Users\Haqii\.vscode\extensions\redhat.java-1.44.0-win32-x64\lombok\lombok-1.18.39-4050.jar path:c:\Users\Haqii\.vscode\extensions\redhat.java-1.44.0-win32-x64\jre\21.0.8-win32-x86_64\bin\instrument.dll, loaded, initialized, instrumentlib options:none

dbghelp: loaded successfully - version: 4.0.5 - missing functions: none
symbol engine: initialized successfully - sym options: 0x614 - pdb path: .;c:\Users\Haqii\.vscode\extensions\redhat.java-1.44.0-win32-x64\jre\21.0.8-win32-x86_64\bin;C:\Windows\SYSTEM32;C:\Windows\WinSxS\amd64_microsoft.windows.common-controls_6595b64144ccf1df_6.0.19041.5915_none_60b4b9d171f9c7c7;c:\Users\Haqii\.vscode\extensions\redhat.java-1.44.0-win32-x64\jre\21.0.8-win32-x86_64\bin\server;C:\Users\Haqii\AppData\Roaming\Code\User\globalStorage\redhat.java\1.44.0\config_win\org.eclipse.equinox.launcher\org.eclipse.equinox.launcher.win32.win32.x86_64_1.2.1400.v20250730-1736;C:\Users\Haqii\AppData\Local\Temp\jna-69495192;C:\Users\Haqii\.gradle\native\1def1411415f61bf3af743bc5b6707747c0891f09f0c88961ee8f79bc544acac\windows-amd64

VM Arguments:
jvm_args: --add-modules=ALL-SYSTEM --add-opens=java.base/java.util=ALL-UNNAMED --add-opens=java.base/java.lang=ALL-UNNAMED --add-opens=java.base/sun.nio.fs=ALL-UNNAMED -Declipse.application=org.eclipse.jdt.ls.core.id1 -Dosgi.bundles.defaultStartLevel=4 -Declipse.product=org.eclipse.jdt.ls.core.product -Djava.import.generatesMetadataFilesAtProjectRoot=false -DDetectVMInstallationsJob.disabled=true -Dfile.encoding=utf8 -XX:+UseParallelGC -XX:GCTimeRatio=4 -XX:AdaptiveSizePolicyWeight=90 -Dsun.zip.disableMemoryMapping=true -Xmx2G -Xms100m -Xlog:disable -javaagent:c:\Users\Haqii\.vscode\extensions\redhat.java-1.44.0-win32-x64\lombok\lombok-1.18.39-4050.jar -XX:+HeapDumpOnOutOfMemoryError -XX:HeapDumpPath=c:\Users\Haqii\AppData\Roaming\Code\User\workspaceStorage\74e908b18a45d55618d2345d63f9b1de\redhat.java -Daether.dependencyCollector.impl=bf 
java_command: c:\Users\Haqii\.vscode\extensions\redhat.java-1.44.0-win32-x64\server\plugins\org.eclipse.equinox.launcher_1.7.0.v20250519-0528.jar -configuration c:\Users\Haqii\AppData\Roaming\Code\User\globalStorage\redhat.java\1.44.0\config_win -data c:\Users\Haqii\AppData\Roaming\Code\User\workspaceStorage\74e908b18a45d55618d2345d63f9b1de\redhat.java\jdt_ws --pipe=\\.\pipe\lsp-647e82aaead863b96ff1247be69ac98d-sock
java_class_path (initial): c:\Users\Haqii\.vscode\extensions\redhat.java-1.44.0-win32-x64\server\plugins\org.eclipse.equinox.launcher_1.7.0.v20250519-0528.jar
Launcher Type: SUN_STANDARD

[Global flags]
    uintx AdaptiveSizePolicyWeight                 = 90                                        {product} {command line}
     intx CICompilerCount                          = 12                                        {product} {ergonomic}
    uintx GCTimeRatio                              = 4                                         {product} {command line}
     bool HeapDumpOnOutOfMemoryError               = true                                   {manageable} {command line}
    ccstr HeapDumpPath                             = c:\Users\Haqii\AppData\Roaming\Code\User\workspaceStorage\74e908b18a45d55618d2345d63f9b1de\redhat.java         {manageable} {command line}
   size_t InitialHeapSize                          = 104857600                                 {product} {command line}
   size_t MaxHeapSize                              = 2147483648                                {product} {command line}
   size_t MaxNewSize                               = 715653120                                 {product} {ergonomic}
   size_t MinHeapDeltaBytes                        = 524288                                    {product} {ergonomic}
   size_t MinHeapSize                              = 104857600                                 {product} {command line}
   size_t NewSize                                  = 34603008                                  {product} {ergonomic}
    uintx NonNMethodCodeHeapSize                   = 7602480                                {pd product} {ergonomic}
    uintx NonProfiledCodeHeapSize                  = 122027880                              {pd product} {ergonomic}
   size_t OldSize                                  = 70254592                                  {product} {ergonomic}
    uintx ProfiledCodeHeapSize                     = 122027880                              {pd product} {ergonomic}
    uintx ReservedCodeCacheSize                    = 251658240                              {pd product} {ergonomic}
     bool SegmentedCodeCache                       = true                                      {product} {ergonomic}
   size_t SoftMaxHeapSize                          = 2147483648                             {manageable} {ergonomic}
     bool UseCompressedOops                        = true                           {product lp64_product} {ergonomic}
     bool UseLargePagesIndividualAllocation        = false                                  {pd product} {ergonomic}
     bool UseParallelGC                            = true                                      {product} {command line}

Logging:
Log output configuration:
 #0: stdout all=off uptime,level,tags foldmultilines=false
 #1: stderr all=off uptime,level,tags foldmultilines=false

Environment Variables:
PATH=C:\Program Files\Common Files\Oracle\Java\javapath;C:\Windows\system32;C:\Windows;C:\Windows\System32\Wbem;C:\Windows\System32\WindowsPowerShell\v1.0\;C:\Windows\System32\OpenSSH\;C:\xampp\php;C:\ProgramData\ComposerSetup\bin;C:\Program Files\nodejs\;C:\Program Files\Git\cmd;C:\Program Files\dotnet\;C:\ProgramData\chocolatey\bin;c:\Users\Haqii\AppData\Local\Programs\cursor\resources\app\codeBin;C:\Users\Haqii\AppData\Local\Programs\Python\Launcher\;c:\Users\Haqii\AppData\Local\Programs\Trae\bin;C:\Users\Haqii\AppData\Local\Microsoft\WindowsApps;C:\Users\Haqii\AppData\Local\Programs\Microsoft VS Code\bin;C:\Users\Haqii\AppData\Roaming\Composer\vendor\bin;C:\Users\Haqii\AppData\Roaming\npm;C:\msys64\ucrt64\bin;C:\Users\Haqii\AppData\Local\spicetify;C:\xampp\php;C:\Users\Haqii\.deno\bin;C:\Users\Haqii\AppData\Local\Programs\cursor\resources\app\bin
USERNAME=Haqii
OS=Windows_NT
PROCESSOR_IDENTIFIER=AMD64 Family 25 Model 68 Stepping 1, AuthenticAMD
TMP=C:\Users\Haqii\AppData\Local\Temp
TEMP=C:\Users\Haqii\AppData\Local\Temp




Periodic native trim disabled

---------------  S Y S T E M  ---------------

OS:
 Windows 10 , 64 bit Build 19041 (10.0.19041.5915)
OS uptime: 0 days 5:05 hours

CPU: total 16 (initial active 16) (16 cores per cpu, 2 threads per core) family 25 model 68 stepping 1 microcode 0x0, cx8, cmov, fxsr, ht, mmx, 3dnowpref, sse, sse2, sse3, ssse3, sse4a, sse4.1, sse4.2, popcnt, lzcnt, tsc, tscinvbit, avx, avx2, aes, erms, clmul, bmi1, bmi2, adx, sha, fma, vzeroupper, clflush, clflushopt, rdtscp, rdpid, fsrm, f16c, pku, cet_ss
Processor Information for the first 16 processors :
  Max Mhz: 3201, Current Mhz: 3201, Mhz Limit: 3201

Memory: 4k page, system-wide physical 14077M (112M free)
TotalPageFile size 27389M (AvailPageFile size 8M)
current process WorkingSet (physical memory assigned to process): 605M, peak: 607M
current process commit charge ("private bytes"): 601M, peak: 1677M

vm_info: OpenJDK 64-Bit Server VM (21.0.8+9-LTS) for windows-amd64 JRE (21.0.8+9-LTS), built on 2025-07-15T00:00:00Z by "admin" with MS VC++ 17.7 (VS2022)

END.
