#
# There is insufficient memory for the Java Runtime Environment to continue.
# Native memory allocation (malloc) failed to allocate 1172528 bytes. Error detail: Chunk::new
# Possible reasons:
#   The system is out of physical RAM or swap space
#   This process is running with CompressedOops enabled, and the Java Heap may be blocking the growth of the native heap
# Possible solutions:
#   Reduce memory load on the system
#   Increase physical memory or swap space
#   Check if swap backing store is full
#   Decrease Java heap size (-Xmx/-Xms)
#   Decrease number of Java threads
#   Decrease Java thread stack sizes (-Xss)
#   Set larger code cache with -XX:ReservedCodeCacheSize=
#   JVM is running with Zero Based Compressed Oops mode in which the Java heap is
#     placed in the first 32GB address space. The Java Heap base address is the
#     maximum limit for the native heap growth. Please use -XX:HeapBaseMinAddress
#     to set the Java Heap base and to place the Java Heap above 32GB virtual address.
# This output file may be truncated or incomplete.
#
#  Out of Memory Error (arena.cpp:149), pid=14520, tid=13420
#
# JRE version: Java(TM) SE Runtime Environment (23.0.1+11) (build 23.0.1+11-39)
# Java VM: Java HotSpot(TM) 64-Bit Server VM (23.0.1+11-39, mixed mode, sharing, tiered, compressed oops, compressed class ptrs, g1 gc, windows-amd64)
# No core dump will be written. Minidumps are not enabled by default on client versions of Windows
#

---------------  S U M M A R Y ------------

Command Line: -DkotlinLanguageServer.version=1.3.13 org.javacs.kt.MainKt

Host: AMD Ryzen 7 7735HS with Radeon Graphics        , 16 cores, 13G,  Windows 10 , 64 bit Build 19041 (10.0.19041.5915)
Time: Mon Sep  1 14:02:33 2025 SE Asia Standard Time elapsed time: 13.148280 seconds (0d 0h 0m 13s)

---------------  T H R E A D  ---------------

Current thread (0x00000209ad959180):  JavaThread "C2 CompilerThread0" daemon [_thread_in_native, id=13420, stack(0x00000045c9700000,0x00000045c9800000) (1024K)]


Current CompileTask:
C2:13148 16197       4       com.intellij.psi.impl.compiled.StubBuildingVisitor::visitInnerClass (224 bytes)

Stack: [0x00000045c9700000,0x00000045c9800000]
Native frames: (J=compiled Java code, j=interpreted, Vv=VM code, C=native code)
V  [jvm.dll+0x6e08b9]  (no source info available)
V  [jvm.dll+0x87dc83]  (no source info available)
V  [jvm.dll+0x88010e]  (no source info available)
V  [jvm.dll+0x8807e3]  (no source info available)
V  [jvm.dll+0x27aee6]  (no source info available)
V  [jvm.dll+0xbc06f]  (no source info available)
V  [jvm.dll+0xbc2cb]  (no source info available)
V  [jvm.dll+0x3b3a9c]  (no source info available)
V  [jvm.dll+0x38a42b]  (no source info available)
V  [jvm.dll+0x38989a]  (no source info available)
V  [jvm.dll+0x244aa1]  (no source info available)
V  [jvm.dll+0x243dff]  (no source info available)
V  [jvm.dll+0x1c33a0]  (no source info available)
V  [jvm.dll+0x253cf1]  (no source info available)
V  [jvm.dll+0x251faa]  (no source info available)
V  [jvm.dll+0x3ee036]  (no source info available)
V  [jvm.dll+0x824f8b]  (no source info available)
V  [jvm.dll+0x6df065]  (no source info available)
C  [ucrtbase.dll+0x21bb2]  (no source info available)
C  [KERNEL32.DLL+0x17374]  (no source info available)
C  [ntdll.dll+0x4cc91]  (no source info available)

Lock stack of current Java thread (top to bottom):


---------------  P R O C E S S  ---------------

Threads class SMR info:
_java_thread_list=0x0000020981289200, length=23, elements={
0x00000209ad945f70, 0x00000209ad946e90, 0x00000209ad948c60, 0x00000209ad94ba20,
0x00000209ad94c480, 0x00000209ad94cee0, 0x00000209ad959180, 0x00000209ad97bc50,
0x00000209ada6d690, 0x00000209adacd510, 0x00000209adad2de0, 0x00000209f3157560,
0x00000209f3157c20, 0x00000209f334a9a0, 0x00000209f4a03fc0, 0x000002098c2bc320,
0x00000209f452c1f0, 0x00000209ff22a6e0, 0x00000209804a4f20, 0x00000209804a55b0,
0x00000209feab8cc0, 0x00000209ff041500, 0x00000209fe9da7c0
}

Java Threads: ( => current thread )
  0x00000209ad945f70 JavaThread "Reference Handler"          daemon [_thread_blocked, id=14060, stack(0x00000045c9100000,0x00000045c9200000) (1024K)]
  0x00000209ad946e90 JavaThread "Finalizer"                  daemon [_thread_blocked, id=19528, stack(0x00000045c9200000,0x00000045c9300000) (1024K)]
  0x00000209ad948c60 JavaThread "Signal Dispatcher"          daemon [_thread_blocked, id=8652, stack(0x00000045c9300000,0x00000045c9400000) (1024K)]
  0x00000209ad94ba20 JavaThread "Attach Listener"            daemon [_thread_blocked, id=12032, stack(0x00000045c9400000,0x00000045c9500000) (1024K)]
  0x00000209ad94c480 JavaThread "Service Thread"             daemon [_thread_blocked, id=5148, stack(0x00000045c9500000,0x00000045c9600000) (1024K)]
  0x00000209ad94cee0 JavaThread "Monitor Deflation Thread"   daemon [_thread_blocked, id=8164, stack(0x00000045c9600000,0x00000045c9700000) (1024K)]
=>0x00000209ad959180 JavaThread "C2 CompilerThread0"         daemon [_thread_in_native, id=13420, stack(0x00000045c9700000,0x00000045c9800000) (1024K)]
  0x00000209ad97bc50 JavaThread "C1 CompilerThread0"         daemon [_thread_blocked, id=14188, stack(0x00000045c9800000,0x00000045c9900000) (1024K)]
  0x00000209ada6d690 JavaThread "C1 CompilerThread1"         daemon [_thread_blocked, id=16212, stack(0x00000045c9900000,0x00000045c9a00000) (1024K)]
  0x00000209adacd510 JavaThread "Notification Thread"        daemon [_thread_blocked, id=19856, stack(0x00000045c9a00000,0x00000045c9b00000) (1024K)]
  0x00000209adad2de0 JavaThread "Common-Cleaner"             daemon [_thread_blocked, id=16812, stack(0x00000045c9b00000,0x00000045c9c00000) (1024K)]
  0x00000209f3157560 JavaThread "C1 CompilerThread2"         daemon [_thread_blocked, id=3716, stack(0x00000045c9c00000,0x00000045c9d00000) (1024K)]
  0x00000209f3157c20 JavaThread "C1 CompilerThread3"         daemon [_thread_blocked, id=17676, stack(0x00000045c9d00000,0x00000045c9e00000) (1024K)]
  0x00000209f334a9a0 JavaThread "C2 CompilerThread1"         daemon [_thread_in_native, id=18684, stack(0x00000045c9e00000,0x00000045c9f00000) (1024K)]
  0x00000209f4a03fc0 JavaThread "client"                            [_thread_in_native, id=2256, stack(0x00000045cae00000,0x00000045caf00000) (1024K)]
  0x000002098c2bc320 JavaThread "DestroyJavaVM"                     [_thread_blocked, id=19480, stack(0x00000045c8900000,0x00000045c8a00000) (1024K)]
  0x00000209f452c1f0 JavaThread "async0"                            [_thread_blocked, id=17720, stack(0x00000045caf00000,0x00000045cb000000) (1024K)]
  0x00000209ff22a6e0 JavaThread "async1"                            [_thread_blocked, id=21096, stack(0x00000045cb000000,0x00000045cb100000) (1024K)]
  0x00000209804a4f20 JavaThread "debounce0"                         [_thread_blocked, id=12192, stack(0x00000045cb100000,0x00000045cb200000) (1024K)]
  0x00000209804a55b0 JavaThread "async2"                            [_thread_blocked, id=14856, stack(0x00000045cb200000,0x00000045cb300000) (1024K)]
  0x00000209feab8cc0 JavaThread "async3"                            [_thread_blocked, id=19544, stack(0x00000045cad00000,0x00000045cae00000) (1024K)]
  0x00000209ff041500 JavaThread "C2 CompilerThread2"         daemon [_thread_in_native, id=20424, stack(0x00000045cb300000,0x00000045cb400000) (1024K)]
  0x00000209fe9da7c0 JavaThread "ForkJoinPool.commonPool-worker-1" daemon [_thread_in_Java, id=5488, stack(0x00000045cb400000,0x00000045cb500000) (1024K)]
Total: 23

Other Threads:
  0x00000209ad92cec0 VMThread "VM Thread"                           [id=15816, stack(0x00000045c9000000,0x00000045c9100000) (1024K)]
  0x00000209ad91c4e0 WatcherThread "VM Periodic Task Thread"        [id=17780, stack(0x00000045c8f00000,0x00000045c9000000) (1024K)]
  0x000002098e58b380 WorkerThread "GC Thread#0"                     [id=17772, stack(0x00000045c8a00000,0x00000045c8b00000) (1024K)]
  0x00000209f371cb10 WorkerThread "GC Thread#1"                     [id=3200, stack(0x00000045c9f00000,0x00000045ca000000) (1024K)]
  0x00000209f371c760 WorkerThread "GC Thread#2"                     [id=16560, stack(0x00000045ca000000,0x00000045ca100000) (1024K)]
  0x00000209f371c3b0 WorkerThread "GC Thread#3"                     [id=10220, stack(0x00000045ca100000,0x00000045ca200000) (1024K)]
  0x00000209f371d270 WorkerThread "GC Thread#4"                     [id=18792, stack(0x00000045ca200000,0x00000045ca300000) (1024K)]
  0x00000209f371cec0 WorkerThread "GC Thread#5"                     [id=8596, stack(0x00000045ca300000,0x00000045ca400000) (1024K)]
  0x00000209f371d620 WorkerThread "GC Thread#6"                     [id=13108, stack(0x00000045ca400000,0x00000045ca500000) (1024K)]
  0x00000209f371bc50 WorkerThread "GC Thread#7"                     [id=10364, stack(0x00000045ca500000,0x00000045ca600000) (1024K)]
  0x00000209f3e53a40 WorkerThread "GC Thread#8"                     [id=3244, stack(0x00000045ca600000,0x00000045ca700000) (1024K)]
  0x00000209f3e527d0 WorkerThread "GC Thread#9"                     [id=18032, stack(0x00000045ca700000,0x00000045ca800000) (1024K)]
  0x00000209f3e52420 WorkerThread "GC Thread#10"                    [id=20652, stack(0x00000045ca800000,0x00000045ca900000) (1024K)]
  0x00000209f3e53690 WorkerThread "GC Thread#11"                    [id=18904, stack(0x00000045ca900000,0x00000045caa00000) (1024K)]
  0x00000209f3e52f30 WorkerThread "GC Thread#12"                    [id=7968, stack(0x00000045caa00000,0x00000045cab00000) (1024K)]
  0x000002098e59d880 ConcurrentGCThread "G1 Main Marker"            [id=4140, stack(0x00000045c8b00000,0x00000045c8c00000) (1024K)]
  0x000002098e59eb30 WorkerThread "G1 Conc#0"                       [id=6756, stack(0x00000045c8c00000,0x00000045c8d00000) (1024K)]
  0x00000209f3e532e0 WorkerThread "G1 Conc#1"                       [id=19712, stack(0x00000045cab00000,0x00000045cac00000) (1024K)]
  0x00000209fd34e290 WorkerThread "G1 Conc#2"                       [id=4124, stack(0x00000045cac00000,0x00000045cad00000) (1024K)]
  0x00000209ad7ec5b0 ConcurrentGCThread "G1 Refine#0"               [id=17992, stack(0x00000045c8d00000,0x00000045c8e00000) (1024K)]
  0x00000209ad7ee350 ConcurrentGCThread "G1 Service"                [id=6148, stack(0x00000045c8e00000,0x00000045c8f00000) (1024K)]
Total: 21

Threads with active compile tasks:
C2 CompilerThread0  13211 16197       4       com.intellij.psi.impl.compiled.StubBuildingVisitor::visitInnerClass (224 bytes)
C2 CompilerThread1  13211 16223       4       jdk.internal.jrtfs.JrtFileSystem::newByteChannel (44 bytes)
C2 CompilerThread2  13211 16240   !   4       com.intellij.psi.ClassFileViewProvider::detectInnerClass (145 bytes)
Total: 3

VM state: not at safepoint (normal execution)

VM Mutex/Monitor currently owned by a thread: None

Heap address: 0x0000000724000000, size: 3520 MB, Compressed Oops mode: Zero based, Oop shift amount: 3

CDS archive(s) mapped at: [0x00000209ae000000-0x00000209aed70000-0x00000209aed70000), size 14090240, SharedBaseAddress: 0x00000209ae000000, ArchiveRelocationMode: 1.
Compressed class space mapped at: 0x00000209af000000-0x00000209ef000000, reserved size: 1073741824
Narrow klass base: 0x00000209ae000000, Narrow klass shift: 0, Narrow klass range: 0x41000000

GC Precious Log:
 CardTable entry size: 512
 Card Set container configuration: InlinePtr #cards 4 size 8 Array Of Cards #cards 16 size 48 Howl #buckets 8 coarsen threshold 3686 Howl Bitmap #cards 512 size 80 coarsen threshold 460 Card regions per heap region 1 cards per card region 4096
 CPUs: 16 total, 16 available
 Memory: 14077M
 Large Page Support: Disabled
 NUMA Support: Disabled
 Compressed Oops: Enabled (Zero based)
 Heap Region Size: 2M
 Heap Min Capacity: 8M
 Heap Initial Capacity: 220M
 Heap Max Capacity: 3520M
 Pre-touch: Disabled
 Parallel Workers: 13
 Concurrent Workers: 3
 Concurrent Refinement Workers: 13
 Periodic GC: Disabled

Heap:
 garbage-first heap   total reserved 3604480K, committed 327680K, used 269916K [0x0000000724000000, 0x0000000800000000)
  region size 2048K, 47 young (96256K), 7 survivors (14336K)
 Metaspace       used 78001K, committed 79040K, reserved 1179648K
  class space    used 9108K, committed 9600K, reserved 1048576K

Heap Regions: E=young(eden), S=young(survivor), O=old, HS=humongous(starts), HC=humongous(continues), CS=collection set, F=free, TAMS=top-at-mark-start, PB=parsable bottom
|   0|0x0000000724000000, 0x0000000724200000, 0x0000000724200000|100%|HS|  |TAMS 0x0000000724000000| PB 0x0000000724000000| Complete |  0
|   1|0x0000000724200000, 0x0000000724400000, 0x0000000724400000|100%|HC|  |TAMS 0x0000000724200000| PB 0x0000000724200000| Complete |  0
|   2|0x0000000724400000, 0x0000000724600000, 0x0000000724600000|100%| O|  |TAMS 0x0000000724400000| PB 0x0000000724400000| Untracked |  0
|   3|0x0000000724600000, 0x0000000724800000, 0x0000000724800000|100%| O|  |TAMS 0x0000000724600000| PB 0x0000000724600000| Untracked |  0
|   4|0x0000000724800000, 0x0000000724a00000, 0x0000000724a00000|100%| O|  |TAMS 0x0000000724800000| PB 0x0000000724800000| Untracked |  0
|   5|0x0000000724a00000, 0x0000000724c00000, 0x0000000724c00000|100%| O|  |TAMS 0x0000000724a00000| PB 0x0000000724a00000| Untracked |  0
|   6|0x0000000724c00000, 0x0000000724e00000, 0x0000000724e00000|100%| O|  |TAMS 0x0000000724c00000| PB 0x0000000724c00000| Untracked |  0
|   7|0x0000000724e00000, 0x0000000725000000, 0x0000000725000000|100%| O|  |TAMS 0x0000000724e00000| PB 0x0000000724e00000| Untracked |  0
|   8|0x0000000725000000, 0x0000000725200000, 0x0000000725200000|100%| O|  |TAMS 0x0000000725000000| PB 0x0000000725000000| Untracked |  0
|   9|0x0000000725200000, 0x0000000725400000, 0x0000000725400000|100%| O|  |TAMS 0x0000000725200000| PB 0x0000000725200000| Untracked |  0
|  10|0x0000000725400000, 0x0000000725600000, 0x0000000725600000|100%| O|  |TAMS 0x0000000725400000| PB 0x0000000725400000| Untracked |  0
|  11|0x0000000725600000, 0x0000000725800000, 0x0000000725800000|100%| O|  |TAMS 0x0000000725600000| PB 0x0000000725600000| Untracked |  0
|  12|0x0000000725800000, 0x0000000725a00000, 0x0000000725a00000|100%| O|  |TAMS 0x0000000725800000| PB 0x0000000725800000| Untracked |  0
|  13|0x0000000725a00000, 0x0000000725c00000, 0x0000000725c00000|100%| O|  |TAMS 0x0000000725a00000| PB 0x0000000725a00000| Untracked |  0
|  14|0x0000000725c00000, 0x0000000725e00000, 0x0000000725e00000|100%| O|  |TAMS 0x0000000725c00000| PB 0x0000000725c00000| Untracked |  0
|  15|0x0000000725e00000, 0x0000000726000000, 0x0000000726000000|100%| O|  |TAMS 0x0000000725e00000| PB 0x0000000725e00000| Untracked |  0
|  16|0x0000000726000000, 0x0000000726200000, 0x0000000726200000|100%| O|  |TAMS 0x0000000726000000| PB 0x0000000726000000| Untracked |  0
|  17|0x0000000726200000, 0x0000000726400000, 0x0000000726400000|100%| O|  |TAMS 0x0000000726200000| PB 0x0000000726200000| Untracked |  0
|  18|0x0000000726400000, 0x0000000726600000, 0x0000000726600000|100%| O|  |TAMS 0x0000000726400000| PB 0x0000000726400000| Untracked |  0
|  19|0x0000000726600000, 0x0000000726800000, 0x0000000726800000|100%| O|  |TAMS 0x0000000726600000| PB 0x0000000726600000| Untracked |  0
|  20|0x0000000726800000, 0x0000000726a00000, 0x0000000726a00000|100%| O|  |TAMS 0x0000000726800000| PB 0x0000000726800000| Untracked |  0
|  21|0x0000000726a00000, 0x0000000726c00000, 0x0000000726c00000|100%| O|  |TAMS 0x0000000726a00000| PB 0x0000000726a00000| Untracked |  0
|  22|0x0000000726c00000, 0x0000000726e00000, 0x0000000726e00000|100%| O|  |TAMS 0x0000000726c00000| PB 0x0000000726c00000| Untracked |  0
|  23|0x0000000726e00000, 0x0000000727000000, 0x0000000727000000|100%| O|  |TAMS 0x0000000726e00000| PB 0x0000000726e00000| Untracked |  0
|  24|0x0000000727000000, 0x0000000727200000, 0x0000000727200000|100%| O|  |TAMS 0x0000000727000000| PB 0x0000000727000000| Untracked |  0
|  25|0x0000000727200000, 0x0000000727400000, 0x0000000727400000|100%| O|  |TAMS 0x0000000727200000| PB 0x0000000727200000| Untracked |  0
|  26|0x0000000727400000, 0x0000000727600000, 0x0000000727600000|100%| O|  |TAMS 0x0000000727400000| PB 0x0000000727400000| Untracked |  0
|  27|0x0000000727600000, 0x0000000727800000, 0x0000000727800000|100%| O|  |TAMS 0x0000000727600000| PB 0x0000000727600000| Untracked |  0
|  28|0x0000000727800000, 0x0000000727a00000, 0x0000000727a00000|100%| O|  |TAMS 0x0000000727800000| PB 0x0000000727800000| Untracked |  0
|  29|0x0000000727a00000, 0x0000000727c00000, 0x0000000727c00000|100%| O|  |TAMS 0x0000000727a00000| PB 0x0000000727a00000| Untracked |  0
|  30|0x0000000727c00000, 0x0000000727e00000, 0x0000000727e00000|100%| O|  |TAMS 0x0000000727c00000| PB 0x0000000727c00000| Untracked |  0
|  31|0x0000000727e00000, 0x0000000728000000, 0x0000000728000000|100%| O|  |TAMS 0x0000000727e00000| PB 0x0000000727e00000| Untracked |  0
|  32|0x0000000728000000, 0x0000000728200000, 0x0000000728200000|100%| O|  |TAMS 0x0000000728000000| PB 0x0000000728000000| Untracked |  0
|  33|0x0000000728200000, 0x0000000728400000, 0x0000000728400000|100%| O|  |TAMS 0x0000000728200000| PB 0x0000000728200000| Untracked |  0
|  34|0x0000000728400000, 0x0000000728600000, 0x0000000728600000|100%| O|  |TAMS 0x0000000728400000| PB 0x0000000728400000| Untracked |  0
|  35|0x0000000728600000, 0x0000000728800000, 0x0000000728800000|100%| O|  |TAMS 0x0000000728600000| PB 0x0000000728600000| Untracked |  0
|  36|0x0000000728800000, 0x0000000728a00000, 0x0000000728a00000|100%| O|  |TAMS 0x0000000728800000| PB 0x0000000728800000| Untracked |  0
|  37|0x0000000728a00000, 0x0000000728c00000, 0x0000000728c00000|100%| O|  |TAMS 0x0000000728a00000| PB 0x0000000728a00000| Untracked |  0
|  38|0x0000000728c00000, 0x0000000728e00000, 0x0000000728e00000|100%| O|  |TAMS 0x0000000728c00000| PB 0x0000000728c00000| Untracked |  0
|  39|0x0000000728e00000, 0x0000000729000000, 0x0000000729000000|100%| O|  |TAMS 0x0000000728e00000| PB 0x0000000728e00000| Untracked |  0
|  40|0x0000000729000000, 0x0000000729200000, 0x0000000729200000|100%| O|  |TAMS 0x0000000729000000| PB 0x0000000729000000| Untracked |  0
|  41|0x0000000729200000, 0x0000000729400000, 0x0000000729400000|100%| O|  |TAMS 0x0000000729200000| PB 0x0000000729200000| Untracked |  0
|  42|0x0000000729400000, 0x0000000729600000, 0x0000000729600000|100%| O|  |TAMS 0x0000000729400000| PB 0x0000000729400000| Untracked |  0
|  43|0x0000000729600000, 0x0000000729800000, 0x0000000729800000|100%| O|  |TAMS 0x0000000729600000| PB 0x0000000729600000| Untracked |  0
|  44|0x0000000729800000, 0x0000000729a00000, 0x0000000729a00000|100%| O|  |TAMS 0x0000000729800000| PB 0x0000000729800000| Untracked |  0
|  45|0x0000000729a00000, 0x0000000729c00000, 0x0000000729c00000|100%| O|  |TAMS 0x0000000729a00000| PB 0x0000000729a00000| Untracked |  0
|  46|0x0000000729c00000, 0x0000000729e00000, 0x0000000729e00000|100%| O|  |TAMS 0x0000000729c00000| PB 0x0000000729c00000| Untracked |  0
|  47|0x0000000729e00000, 0x000000072a000000, 0x000000072a000000|100%| O|  |TAMS 0x0000000729e00000| PB 0x0000000729e00000| Untracked |  0
|  48|0x000000072a000000, 0x000000072a200000, 0x000000072a200000|100%| O|  |TAMS 0x000000072a000000| PB 0x000000072a000000| Untracked |  0
|  49|0x000000072a200000, 0x000000072a400000, 0x000000072a400000|100%| O|  |TAMS 0x000000072a200000| PB 0x000000072a200000| Untracked |  0
|  50|0x000000072a400000, 0x000000072a600000, 0x000000072a600000|100%| O|  |TAMS 0x000000072a400000| PB 0x000000072a400000| Untracked |  0
|  51|0x000000072a600000, 0x000000072a800000, 0x000000072a800000|100%| O|  |TAMS 0x000000072a600000| PB 0x000000072a600000| Untracked |  0
|  52|0x000000072a800000, 0x000000072aa00000, 0x000000072aa00000|100%| O|  |TAMS 0x000000072a800000| PB 0x000000072a800000| Untracked |  0
|  53|0x000000072aa00000, 0x000000072ac00000, 0x000000072ac00000|100%| O|  |TAMS 0x000000072aa00000| PB 0x000000072aa00000| Untracked |  0
|  54|0x000000072ac00000, 0x000000072ae00000, 0x000000072ae00000|100%| O|  |TAMS 0x000000072ac00000| PB 0x000000072ac00000| Untracked |  0
|  55|0x000000072ae00000, 0x000000072b000000, 0x000000072b000000|100%| O|  |TAMS 0x000000072ae00000| PB 0x000000072ae00000| Untracked |  0
|  56|0x000000072b000000, 0x000000072b200000, 0x000000072b200000|100%| O|  |TAMS 0x000000072b000000| PB 0x000000072b000000| Untracked |  0
|  57|0x000000072b200000, 0x000000072b400000, 0x000000072b400000|100%| O|  |TAMS 0x000000072b200000| PB 0x000000072b200000| Untracked |  0
|  58|0x000000072b400000, 0x000000072b600000, 0x000000072b600000|100%| O|  |TAMS 0x000000072b400000| PB 0x000000072b400000| Untracked |  0
|  59|0x000000072b600000, 0x000000072b800000, 0x000000072b800000|100%| O|  |TAMS 0x000000072b600000| PB 0x000000072b600000| Untracked |  0
|  60|0x000000072b800000, 0x000000072ba00000, 0x000000072ba00000|100%| O|  |TAMS 0x000000072b800000| PB 0x000000072b800000| Untracked |  0
|  61|0x000000072ba00000, 0x000000072bc00000, 0x000000072bc00000|100%| O|  |TAMS 0x000000072ba00000| PB 0x000000072ba00000| Untracked |  0
|  62|0x000000072bc00000, 0x000000072be00000, 0x000000072be00000|100%| O|  |TAMS 0x000000072bc00000| PB 0x000000072bc00000| Untracked |  0
|  63|0x000000072be00000, 0x000000072c000000, 0x000000072c000000|100%| O|  |TAMS 0x000000072be00000| PB 0x000000072be00000| Untracked |  0
|  64|0x000000072c000000, 0x000000072c200000, 0x000000072c200000|100%| O|  |TAMS 0x000000072c000000| PB 0x000000072c000000| Untracked |  0
|  65|0x000000072c200000, 0x000000072c400000, 0x000000072c400000|100%| O|  |TAMS 0x000000072c200000| PB 0x000000072c200000| Untracked |  0
|  66|0x000000072c400000, 0x000000072c600000, 0x000000072c600000|100%| O|  |TAMS 0x000000072c400000| PB 0x000000072c400000| Untracked |  0
|  67|0x000000072c600000, 0x000000072c800000, 0x000000072c800000|100%| O|  |TAMS 0x000000072c600000| PB 0x000000072c600000| Untracked |  0
|  68|0x000000072c800000, 0x000000072ca00000, 0x000000072ca00000|100%| O|  |TAMS 0x000000072c800000| PB 0x000000072c800000| Untracked |  0
|  69|0x000000072ca00000, 0x000000072cc00000, 0x000000072cc00000|100%| O|  |TAMS 0x000000072ca00000| PB 0x000000072ca00000| Untracked |  0
|  70|0x000000072cc00000, 0x000000072ce00000, 0x000000072ce00000|100%| O|  |TAMS 0x000000072cc00000| PB 0x000000072cc00000| Untracked |  0
|  71|0x000000072ce00000, 0x000000072d000000, 0x000000072d000000|100%| O|  |TAMS 0x000000072ce00000| PB 0x000000072ce00000| Untracked |  0
|  72|0x000000072d000000, 0x000000072d200000, 0x000000072d200000|100%| O|  |TAMS 0x000000072d000000| PB 0x000000072d000000| Untracked |  0
|  73|0x000000072d200000, 0x000000072d400000, 0x000000072d400000|100%| O|  |TAMS 0x000000072d200000| PB 0x000000072d200000| Untracked |  0
|  74|0x000000072d400000, 0x000000072d600000, 0x000000072d600000|100%| O|Cm|TAMS 0x000000072d400000| PB 0x000000072d400000| Complete |  0
|  75|0x000000072d600000, 0x000000072d800000, 0x000000072d800000|100%| O|  |TAMS 0x000000072d600000| PB 0x000000072d600000| Untracked |  0
|  76|0x000000072d800000, 0x000000072da00000, 0x000000072da00000|100%| O|  |TAMS 0x000000072d800000| PB 0x000000072d800000| Untracked |  0
|  77|0x000000072da00000, 0x000000072dc00000, 0x000000072dc00000|100%| O|  |TAMS 0x000000072da00000| PB 0x000000072da00000| Untracked |  0
|  78|0x000000072dc00000, 0x000000072de00000, 0x000000072de00000|100%| O|  |TAMS 0x000000072dc00000| PB 0x000000072dc00000| Untracked |  0
|  79|0x000000072de00000, 0x000000072e000000, 0x000000072e000000|100%| O|Cm|TAMS 0x000000072de00000| PB 0x000000072de00000| Complete |  0
|  80|0x000000072e000000, 0x000000072e200000, 0x000000072e200000|100%| O|Cm|TAMS 0x000000072e000000| PB 0x000000072e000000| Complete |  0
|  81|0x000000072e200000, 0x000000072e400000, 0x000000072e400000|100%| O|  |TAMS 0x000000072e200000| PB 0x000000072e200000| Untracked |  0
|  82|0x000000072e400000, 0x000000072e600000, 0x000000072e600000|100%| O|  |TAMS 0x000000072e400000| PB 0x000000072e400000| Untracked |  0
|  83|0x000000072e600000, 0x000000072e800000, 0x000000072e800000|100%| O|  |TAMS 0x000000072e600000| PB 0x000000072e600000| Untracked |  0
|  84|0x000000072e800000, 0x000000072ea00000, 0x000000072ea00000|100%| O|  |TAMS 0x000000072e800000| PB 0x000000072e800000| Untracked |  0
|  85|0x000000072ea00000, 0x000000072eb97160, 0x000000072ec00000| 79%| O|  |TAMS 0x000000072ea00000| PB 0x000000072ea00000| Untracked |  0
|  86|0x000000072ec00000, 0x000000072ec00000, 0x000000072ee00000|  0%| F|  |TAMS 0x000000072ec00000| PB 0x000000072ec00000| Untracked |  0
|  87|0x000000072ee00000, 0x000000072ee00000, 0x000000072f000000|  0%| F|  |TAMS 0x000000072ee00000| PB 0x000000072ee00000| Untracked |  0
|  88|0x000000072f000000, 0x000000072f000000, 0x000000072f200000|  0%| F|  |TAMS 0x000000072f000000| PB 0x000000072f000000| Untracked |  0
|  89|0x000000072f200000, 0x000000072f200000, 0x000000072f400000|  0%| F|  |TAMS 0x000000072f200000| PB 0x000000072f200000| Untracked |  0
|  90|0x000000072f400000, 0x000000072f400000, 0x000000072f600000|  0%| F|  |TAMS 0x000000072f400000| PB 0x000000072f400000| Untracked |  0
|  91|0x000000072f600000, 0x000000072f600000, 0x000000072f800000|  0%| F|  |TAMS 0x000000072f600000| PB 0x000000072f600000| Untracked |  0
|  92|0x000000072f800000, 0x000000072f800000, 0x000000072fa00000|  0%| F|  |TAMS 0x000000072f800000| PB 0x000000072f800000| Untracked |  0
|  93|0x000000072fa00000, 0x000000072fa00000, 0x000000072fc00000|  0%| F|  |TAMS 0x000000072fa00000| PB 0x000000072fa00000| Untracked |  0
|  94|0x000000072fc00000, 0x000000072fc00000, 0x000000072fe00000|  0%| F|  |TAMS 0x000000072fc00000| PB 0x000000072fc00000| Untracked |  0
|  95|0x000000072fe00000, 0x000000072fe00000, 0x0000000730000000|  0%| F|  |TAMS 0x000000072fe00000| PB 0x000000072fe00000| Untracked |  0
|  96|0x0000000730000000, 0x0000000730000000, 0x0000000730200000|  0%| F|  |TAMS 0x0000000730000000| PB 0x0000000730000000| Untracked |  0
|  97|0x0000000730200000, 0x0000000730200000, 0x0000000730400000|  0%| F|  |TAMS 0x0000000730200000| PB 0x0000000730200000| Untracked |  0
|  98|0x0000000730400000, 0x0000000730400000, 0x0000000730600000|  0%| F|  |TAMS 0x0000000730400000| PB 0x0000000730400000| Untracked |  0
|  99|0x0000000730600000, 0x0000000730600000, 0x0000000730800000|  0%| F|  |TAMS 0x0000000730600000| PB 0x0000000730600000| Untracked |  0
| 100|0x0000000730800000, 0x0000000730800000, 0x0000000730a00000|  0%| F|  |TAMS 0x0000000730800000| PB 0x0000000730800000| Untracked |  0
| 101|0x0000000730a00000, 0x0000000730a00000, 0x0000000730c00000|  0%| F|  |TAMS 0x0000000730a00000| PB 0x0000000730a00000| Untracked |  0
| 102|0x0000000730c00000, 0x0000000730c00000, 0x0000000730e00000|  0%| F|  |TAMS 0x0000000730c00000| PB 0x0000000730c00000| Untracked |  0
| 103|0x0000000730e00000, 0x0000000730e00000, 0x0000000731000000|  0%| F|  |TAMS 0x0000000730e00000| PB 0x0000000730e00000| Untracked |  0
| 104|0x0000000731000000, 0x0000000731200000, 0x0000000731200000|100%| S|CS|TAMS 0x0000000731000000| PB 0x0000000731000000| Complete |  0
| 105|0x0000000731200000, 0x0000000731400000, 0x0000000731400000|100%| S|CS|TAMS 0x0000000731200000| PB 0x0000000731200000| Complete |  0
| 106|0x0000000731400000, 0x0000000731600000, 0x0000000731600000|100%| S|CS|TAMS 0x0000000731400000| PB 0x0000000731400000| Complete |  0
| 107|0x0000000731600000, 0x0000000731800000, 0x0000000731800000|100%| S|CS|TAMS 0x0000000731600000| PB 0x0000000731600000| Complete |  0
| 108|0x0000000731800000, 0x0000000731a00000, 0x0000000731a00000|100%| S|CS|TAMS 0x0000000731800000| PB 0x0000000731800000| Complete |  0
| 109|0x0000000731a00000, 0x0000000731c00000, 0x0000000731c00000|100%| S|CS|TAMS 0x0000000731a00000| PB 0x0000000731a00000| Complete |  0
| 110|0x0000000731c00000, 0x0000000731e00000, 0x0000000731e00000|100%| S|CS|TAMS 0x0000000731c00000| PB 0x0000000731c00000| Complete |  0
| 111|0x0000000731e00000, 0x0000000731e00000, 0x0000000732000000|  0%| F|  |TAMS 0x0000000731e00000| PB 0x0000000731e00000| Untracked |  0
| 112|0x0000000732000000, 0x0000000732000000, 0x0000000732200000|  0%| F|  |TAMS 0x0000000732000000| PB 0x0000000732000000| Untracked |  0
| 113|0x0000000732200000, 0x0000000732200000, 0x0000000732400000|  0%| F|  |TAMS 0x0000000732200000| PB 0x0000000732200000| Untracked |  0
| 114|0x0000000732400000, 0x0000000732400000, 0x0000000732600000|  0%| F|  |TAMS 0x0000000732400000| PB 0x0000000732400000| Untracked |  0
| 115|0x0000000732600000, 0x0000000732600000, 0x0000000732800000|  0%| F|  |TAMS 0x0000000732600000| PB 0x0000000732600000| Untracked |  0
| 116|0x0000000732800000, 0x0000000732800000, 0x0000000732a00000|  0%| F|  |TAMS 0x0000000732800000| PB 0x0000000732800000| Untracked |  0
| 117|0x0000000732a00000, 0x0000000732a00000, 0x0000000732c00000|  0%| F|  |TAMS 0x0000000732a00000| PB 0x0000000732a00000| Untracked |  0
| 118|0x0000000732c00000, 0x0000000732c00000, 0x0000000732e00000|  0%| F|  |TAMS 0x0000000732c00000| PB 0x0000000732c00000| Untracked |  0
| 119|0x0000000732e00000, 0x0000000732f00000, 0x0000000733000000| 50%| E|  |TAMS 0x0000000732e00000| PB 0x0000000732e00000| Complete |  0
| 120|0x0000000733000000, 0x0000000733200000, 0x0000000733200000|100%| E|CS|TAMS 0x0000000733000000| PB 0x0000000733000000| Complete |  0
| 121|0x0000000733200000, 0x0000000733400000, 0x0000000733400000|100%| E|CS|TAMS 0x0000000733200000| PB 0x0000000733200000| Complete |  0
| 122|0x0000000733400000, 0x0000000733600000, 0x0000000733600000|100%| E|CS|TAMS 0x0000000733400000| PB 0x0000000733400000| Complete |  0
| 123|0x0000000733600000, 0x0000000733800000, 0x0000000733800000|100%| E|CS|TAMS 0x0000000733600000| PB 0x0000000733600000| Complete |  0
| 124|0x0000000733800000, 0x0000000733a00000, 0x0000000733a00000|100%| E|CS|TAMS 0x0000000733800000| PB 0x0000000733800000| Complete |  0
| 125|0x0000000733a00000, 0x0000000733c00000, 0x0000000733c00000|100%| E|CS|TAMS 0x0000000733a00000| PB 0x0000000733a00000| Complete |  0
| 126|0x0000000733c00000, 0x0000000733e00000, 0x0000000733e00000|100%| E|CS|TAMS 0x0000000733c00000| PB 0x0000000733c00000| Complete |  0
| 127|0x0000000733e00000, 0x0000000734000000, 0x0000000734000000|100%| E|CS|TAMS 0x0000000733e00000| PB 0x0000000733e00000| Complete |  0
| 128|0x0000000734000000, 0x0000000734200000, 0x0000000734200000|100%| E|CS|TAMS 0x0000000734000000| PB 0x0000000734000000| Complete |  0
| 129|0x0000000734200000, 0x0000000734400000, 0x0000000734400000|100%| E|CS|TAMS 0x0000000734200000| PB 0x0000000734200000| Complete |  0
| 130|0x0000000734400000, 0x0000000734600000, 0x0000000734600000|100%| E|CS|TAMS 0x0000000734400000| PB 0x0000000734400000| Complete |  0
| 131|0x0000000734600000, 0x0000000734800000, 0x0000000734800000|100%| E|CS|TAMS 0x0000000734600000| PB 0x0000000734600000| Complete |  0
| 132|0x0000000734800000, 0x0000000734a00000, 0x0000000734a00000|100%| E|CS|TAMS 0x0000000734800000| PB 0x0000000734800000| Complete |  0
| 133|0x0000000734a00000, 0x0000000734c00000, 0x0000000734c00000|100%| E|CS|TAMS 0x0000000734a00000| PB 0x0000000734a00000| Complete |  0
| 134|0x0000000734c00000, 0x0000000734e00000, 0x0000000734e00000|100%| E|CS|TAMS 0x0000000734c00000| PB 0x0000000734c00000| Complete |  0
| 135|0x0000000734e00000, 0x0000000735000000, 0x0000000735000000|100%| E|CS|TAMS 0x0000000734e00000| PB 0x0000000734e00000| Complete |  0
| 136|0x0000000735000000, 0x0000000735200000, 0x0000000735200000|100%| E|CS|TAMS 0x0000000735000000| PB 0x0000000735000000| Complete |  0
| 137|0x0000000735200000, 0x0000000735400000, 0x0000000735400000|100%| E|CS|TAMS 0x0000000735200000| PB 0x0000000735200000| Complete |  0
| 138|0x0000000735400000, 0x0000000735600000, 0x0000000735600000|100%| E|CS|TAMS 0x0000000735400000| PB 0x0000000735400000| Complete |  0
| 139|0x0000000735600000, 0x0000000735800000, 0x0000000735800000|100%| E|CS|TAMS 0x0000000735600000| PB 0x0000000735600000| Complete |  0
| 140|0x0000000735800000, 0x0000000735a00000, 0x0000000735a00000|100%| E|CS|TAMS 0x0000000735800000| PB 0x0000000735800000| Complete |  0
| 141|0x0000000735a00000, 0x0000000735c00000, 0x0000000735c00000|100%| E|CS|TAMS 0x0000000735a00000| PB 0x0000000735a00000| Complete |  0
| 142|0x0000000735c00000, 0x0000000735e00000, 0x0000000735e00000|100%| E|CS|TAMS 0x0000000735c00000| PB 0x0000000735c00000| Complete |  0
| 143|0x0000000735e00000, 0x0000000736000000, 0x0000000736000000|100%| E|CS|TAMS 0x0000000735e00000| PB 0x0000000735e00000| Complete |  0
| 144|0x0000000736000000, 0x0000000736200000, 0x0000000736200000|100%| E|CS|TAMS 0x0000000736000000| PB 0x0000000736000000| Complete |  0
| 145|0x0000000736200000, 0x0000000736400000, 0x0000000736400000|100%| E|CS|TAMS 0x0000000736200000| PB 0x0000000736200000| Complete |  0
| 146|0x0000000736400000, 0x0000000736600000, 0x0000000736600000|100%| E|CS|TAMS 0x0000000736400000| PB 0x0000000736400000| Complete |  0
| 147|0x0000000736600000, 0x0000000736800000, 0x0000000736800000|100%| E|CS|TAMS 0x0000000736600000| PB 0x0000000736600000| Complete |  0
| 148|0x0000000736800000, 0x0000000736a00000, 0x0000000736a00000|100%| E|CS|TAMS 0x0000000736800000| PB 0x0000000736800000| Complete |  0
| 149|0x0000000736a00000, 0x0000000736c00000, 0x0000000736c00000|100%| E|CS|TAMS 0x0000000736a00000| PB 0x0000000736a00000| Complete |  0
| 150|0x0000000736c00000, 0x0000000736e00000, 0x0000000736e00000|100%| E|CS|TAMS 0x0000000736c00000| PB 0x0000000736c00000| Complete |  0
| 151|0x0000000736e00000, 0x0000000737000000, 0x0000000737000000|100%| E|CS|TAMS 0x0000000736e00000| PB 0x0000000736e00000| Complete |  0
| 152|0x0000000737000000, 0x0000000737200000, 0x0000000737200000|100%| E|CS|TAMS 0x0000000737000000| PB 0x0000000737000000| Complete |  0
| 153|0x0000000737200000, 0x0000000737400000, 0x0000000737400000|100%| E|CS|TAMS 0x0000000737200000| PB 0x0000000737200000| Complete |  0
| 154|0x0000000737400000, 0x0000000737600000, 0x0000000737600000|100%| E|CS|TAMS 0x0000000737400000| PB 0x0000000737400000| Complete |  0
| 155|0x0000000737600000, 0x0000000737800000, 0x0000000737800000|100%| E|CS|TAMS 0x0000000737600000| PB 0x0000000737600000| Complete |  0
| 156|0x0000000737800000, 0x0000000737a00000, 0x0000000737a00000|100%| E|CS|TAMS 0x0000000737800000| PB 0x0000000737800000| Complete |  0
| 157|0x0000000737a00000, 0x0000000737c00000, 0x0000000737c00000|100%| E|CS|TAMS 0x0000000737a00000| PB 0x0000000737a00000| Complete |  0
| 158|0x0000000737c00000, 0x0000000737e00000, 0x0000000737e00000|100%| E|CS|TAMS 0x0000000737c00000| PB 0x0000000737c00000| Complete |  0
| 159|0x0000000737e00000, 0x0000000738000000, 0x0000000738000000|100%| E|CS|TAMS 0x0000000737e00000| PB 0x0000000737e00000| Complete |  0

Card table byte_map: [0x00000209a6bd0000,0x00000209a72b0000] _byte_map_base: 0x00000209a32b0000

Marking Bits: (CMBitMap*) 0x000002098e58ba90
 Bits: [0x00000209a72b0000, 0x00000209aa9b0000)

Polling page: 0x000002098c510000

Metaspace:

Usage:
  Non-class:     67.28 MB used.
      Class:      8.89 MB used.
       Both:     76.17 MB used.

Virtual space:
  Non-class space:      128.00 MB reserved,      67.81 MB ( 53%) committed,  2 nodes.
      Class space:        1.00 GB reserved,       9.38 MB ( <1%) committed,  1 nodes.
             Both:        1.12 GB reserved,      77.19 MB (  7%) committed. 

Chunk freelists:
   Non-Class:  11.97 MB
       Class:  6.48 MB
        Both:  18.45 MB

MaxMetaspaceSize: unlimited
CompressedClassSpaceSize: 1.00 GB
Initial GC threshold: 21.00 MB
Current GC threshold: 128.38 MB
CDS: on
 - commit_granule_bytes: 65536.
 - commit_granule_words: 8192.
 - virtual_space_node_default_size: 8388608.
 - enlarge_chunks_in_place: 1.
 - use_allocation_guard: 0.


Internal statistics:

num_allocs_failed_limit: 6.
num_arena_births: 1606.
num_arena_deaths: 0.
num_vsnodes_births: 3.
num_vsnodes_deaths: 0.
num_space_committed: 1233.
num_space_uncommitted: 0.
num_chunks_returned_to_freelist: 6.
num_chunks_taken_from_freelist: 4575.
num_chunk_merges: 3.
num_chunk_splits: 3331.
num_chunks_enlarged: 2495.
num_inconsistent_stats: 0.

CodeHeap 'non-profiled nmethods': size=119232Kb used=6909Kb max_used=6909Kb free=112322Kb
 bounds [0x000002099e7f0000, 0x000002099eeb0000, 0x00000209a5c60000]
CodeHeap 'profiled nmethods': size=119104Kb used=29524Kb max_used=30036Kb free=89579Kb
 bounds [0x0000020996c60000, 0x00000209989c0000, 0x000002099e0b0000]
CodeHeap 'non-nmethods': size=7424Kb used=3435Kb max_used=3542Kb free=3988Kb
 bounds [0x000002099e0b0000, 0x000002099e440000, 0x000002099e7f0000]
CodeCache: size=245760Kb, used=39868Kb, max_used=40487Kb, free=205889Kb
 total_blobs=14432, nmethods=13655, adapters=677, full_count=0
Compilation: enabled, stopped_count=0, restarted_count=0

Compilation events (20 events):
Event: 13.126 Thread 0x00000209ff041500 16179       4       org.jetbrains.kotlin.load.kotlin.FileBasedKotlinClass$1::visitEnd (8 bytes)
Event: 13.126 Thread 0x00000209ff041500 nmethod 16179 0x000002099eea1a88 code [0x000002099eea1b80, 0x000002099eea1c10]
Event: 13.126 Thread 0x00000209ff041500 16184       4       org.jetbrains.kotlin.storage.LockBasedStorageManager::<init> (45 bytes)
Event: 13.128 Thread 0x00000209ff041500 nmethod 16184 0x000002099eea1d88 code [0x000002099eea1ea0, 0x000002099eea2250]
Event: 13.128 Thread 0x00000209ff041500 16185       4       org.jetbrains.kotlin.storage.SimpleLock$Companion::simpleLock (34 bytes)
Event: 13.128 Thread 0x00000209f334a9a0 nmethod 16178 0x000002099eea2288 code [0x000002099eea23a0, 0x000002099eea2700]
Event: 13.128 Thread 0x00000209f334a9a0 16188       4       org.jetbrains.kotlin.load.java.lazy.LazyJavaResolverContext::<init> (59 bytes)
Event: 13.133 Thread 0x00000209ff041500 nmethod 16185 0x000002099eea2788 code [0x000002099eea2920, 0x000002099eea31b8]
Event: 13.133 Thread 0x00000209ff041500 16088       4       java.io.ByteArrayInputStream::close (1 bytes)
Event: 13.133 Thread 0x00000209ff041500 nmethod 16088 0x000002099eea3288 code [0x000002099eea3380, 0x000002099eea33f8]
Event: 13.133 Thread 0x00000209ff041500 16199       4       org.jetbrains.org.objectweb.asm.ClassReader::readByte (11 bytes)
Event: 13.134 Thread 0x00000209ff041500 nmethod 16199 0x000002099eea3588 code [0x000002099eea3680, 0x000002099eea3740]
Event: 13.135 Thread 0x00000209ff041500 16215       4       com.intellij.psi.impl.compiled.FirstPassData::lambda$createTypes$0 (7 bytes)
Event: 13.135 Thread 0x00000209ff041500 nmethod 16215 0x000002099eea3888 code [0x000002099eea39a0, 0x000002099eea3a48]
Event: 13.135 Thread 0x00000209ff041500 16216       4       java.nio.file.Files::newByteChannel (11 bytes)
Event: 13.136 Thread 0x00000209f3157560 16224       3       org.javacs.kt.index.SymbolIndex::allPackages (29 bytes)
Event: 13.137 Thread 0x00000209f3157560 nmethod 16224 0x0000020996cc5908 code [0x0000020996cc5b60, 0x0000020996cc6a58]
Event: 13.146 Thread 0x00000209f3157560 16230       3       org.javacs.kt.index.SymbolIndex$$Lambda/0x00000209af975f60::invoke (16 bytes)
Event: 13.146 Thread 0x00000209ada6d690 16231       3       org.javacs.kt.index.SymbolIndex::allPackages$lambda$20 (30 bytes)
Event: 13.146 Thread 0x00000209f3157560 nmethod 16230 0x000002099733d688 code [0x000002099733d7c0, 0x000002099733d9e8]

GC Heap History (20 events):
Event: 10.855 GC heap before
{Heap before GC invocations=47 (full 0):
 garbage-first heap   total reserved 3604480K, committed 192512K, used 151848K [0x0000000724000000, 0x0000000800000000)
  region size 2048K, 22 young (45056K), 3 survivors (6144K)
 Metaspace       used 76229K, committed 77184K, reserved 1179648K
  class space    used 8960K, committed 9408K, reserved 1048576K
}
Event: 10.859 GC heap after
{Heap after GC invocations=48 (full 0):
 garbage-first heap   total reserved 3604480K, committed 192512K, used 118879K [0x0000000724000000, 0x0000000800000000)
  region size 2048K, 3 young (6144K), 3 survivors (6144K)
 Metaspace       used 76229K, committed 77184K, reserved 1179648K
  class space    used 8960K, committed 9408K, reserved 1048576K
}
Event: 11.164 GC heap before
{Heap before GC invocations=48 (full 0):
 garbage-first heap   total reserved 3604480K, committed 192512K, used 168031K [0x0000000724000000, 0x0000000800000000)
  region size 2048K, 27 young (55296K), 3 survivors (6144K)
 Metaspace       used 76687K, committed 77696K, reserved 1179648K
  class space    used 8982K, committed 9472K, reserved 1048576K
}
Event: 11.167 GC heap after
{Heap after GC invocations=49 (full 0):
 garbage-first heap   total reserved 3604480K, committed 192512K, used 123514K [0x0000000724000000, 0x0000000800000000)
  region size 2048K, 4 young (8192K), 4 survivors (8192K)
 Metaspace       used 76687K, committed 77696K, reserved 1179648K
  class space    used 8982K, committed 9472K, reserved 1048576K
}
Event: 11.498 GC heap before
{Heap before GC invocations=49 (full 0):
 garbage-first heap   total reserved 3604480K, committed 192512K, used 170618K [0x0000000724000000, 0x0000000800000000)
  region size 2048K, 27 young (55296K), 4 survivors (8192K)
 Metaspace       used 76951K, committed 78016K, reserved 1179648K
  class space    used 8994K, committed 9472K, reserved 1048576K
}
Event: 11.502 GC heap after
{Heap after GC invocations=50 (full 0):
 garbage-first heap   total reserved 3604480K, committed 231424K, used 131472K [0x0000000724000000, 0x0000000800000000)
  region size 2048K, 4 young (8192K), 4 survivors (8192K)
 Metaspace       used 76951K, committed 78016K, reserved 1179648K
  class space    used 8994K, committed 9472K, reserved 1048576K
}
Event: 11.634 GC heap before
{Heap before GC invocations=51 (full 0):
 garbage-first heap   total reserved 3604480K, committed 231424K, used 194960K [0x0000000724000000, 0x0000000800000000)
  region size 2048K, 35 young (71680K), 4 survivors (8192K)
 Metaspace       used 76991K, committed 78016K, reserved 1179648K
  class space    used 8994K, committed 9472K, reserved 1048576K
}
Event: 11.637 GC heap after
{Heap after GC invocations=52 (full 0):
 garbage-first heap   total reserved 3604480K, committed 231424K, used 134901K [0x0000000724000000, 0x0000000800000000)
  region size 2048K, 3 young (6144K), 3 survivors (6144K)
 Metaspace       used 76991K, committed 78016K, reserved 1179648K
  class space    used 8994K, committed 9472K, reserved 1048576K
}
Event: 11.781 GC heap before
{Heap before GC invocations=52 (full 0):
 garbage-first heap   total reserved 3604480K, committed 231424K, used 194293K [0x0000000724000000, 0x0000000800000000)
  region size 2048K, 32 young (65536K), 3 survivors (6144K)
 Metaspace       used 77746K, committed 78720K, reserved 1179648K
  class space    used 9097K, committed 9536K, reserved 1048576K
}
Event: 11.785 GC heap after
{Heap after GC invocations=53 (full 0):
 garbage-first heap   total reserved 3604480K, committed 231424K, used 140933K [0x0000000724000000, 0x0000000800000000)
  region size 2048K, 4 young (8192K), 4 survivors (8192K)
 Metaspace       used 77746K, committed 78720K, reserved 1179648K
  class space    used 9097K, committed 9536K, reserved 1048576K
}
Event: 12.096 GC heap before
{Heap before GC invocations=53 (full 0):
 garbage-first heap   total reserved 3604480K, committed 231424K, used 200325K [0x0000000724000000, 0x0000000800000000)
  region size 2048K, 33 young (67584K), 4 survivors (8192K)
 Metaspace       used 77892K, committed 78848K, reserved 1179648K
  class space    used 9103K, committed 9536K, reserved 1048576K
}
Event: 12.101 GC heap after
{Heap after GC invocations=54 (full 0):
 garbage-first heap   total reserved 3604480K, committed 231424K, used 151211K [0x0000000724000000, 0x0000000800000000)
  region size 2048K, 5 young (10240K), 5 survivors (10240K)
 Metaspace       used 77892K, committed 78848K, reserved 1179648K
  class space    used 9103K, committed 9536K, reserved 1048576K
}
Event: 12.412 GC heap before
{Heap before GC invocations=55 (full 0):
 garbage-first heap   total reserved 3604480K, committed 253952K, used 206507K [0x0000000724000000, 0x0000000800000000)
  region size 2048K, 32 young (65536K), 5 survivors (10240K)
 Metaspace       used 77926K, committed 78976K, reserved 1179648K
  class space    used 9104K, committed 9600K, reserved 1048576K
}
Event: 12.417 GC heap after
{Heap after GC invocations=56 (full 0):
 garbage-first heap   total reserved 3604480K, committed 253952K, used 160250K [0x0000000724000000, 0x0000000800000000)
  region size 2048K, 4 young (8192K), 4 survivors (8192K)
 Metaspace       used 77926K, committed 78976K, reserved 1179648K
  class space    used 9104K, committed 9600K, reserved 1048576K
}
Event: 12.648 GC heap before
{Heap before GC invocations=56 (full 0):
 garbage-first heap   total reserved 3604480K, committed 253952K, used 221690K [0x0000000724000000, 0x0000000800000000)
  region size 2048K, 34 young (69632K), 4 survivors (8192K)
 Metaspace       used 77936K, committed 78976K, reserved 1179648K
  class space    used 9104K, committed 9600K, reserved 1048576K
}
Event: 12.655 GC heap after
{Heap after GC invocations=57 (full 0):
 garbage-first heap   total reserved 3604480K, committed 253952K, used 171073K [0x0000000724000000, 0x0000000800000000)
  region size 2048K, 5 young (10240K), 5 survivors (10240K)
 Metaspace       used 77936K, committed 78976K, reserved 1179648K
  class space    used 9104K, committed 9600K, reserved 1048576K
}
Event: 12.765 GC heap before
{Heap before GC invocations=57 (full 0):
 garbage-first heap   total reserved 3604480K, committed 253952K, used 224321K [0x0000000724000000, 0x0000000800000000)
  region size 2048K, 32 young (65536K), 5 survivors (10240K)
 Metaspace       used 77973K, committed 78976K, reserved 1179648K
  class space    used 9108K, committed 9600K, reserved 1048576K
}
Event: 12.770 GC heap after
{Heap after GC invocations=58 (full 0):
 garbage-first heap   total reserved 3604480K, committed 327680K, used 178061K [0x0000000724000000, 0x0000000800000000)
  region size 2048K, 4 young (8192K), 4 survivors (8192K)
 Metaspace       used 77973K, committed 78976K, reserved 1179648K
  class space    used 9108K, committed 9600K, reserved 1048576K
}
Event: 13.014 GC heap before
{Heap before GC invocations=59 (full 0):
 garbage-first heap   total reserved 3604480K, committed 327680K, used 276365K [0x0000000724000000, 0x0000000800000000)
  region size 2048K, 53 young (108544K), 4 survivors (8192K)
 Metaspace       used 78001K, committed 79040K, reserved 1179648K
  class space    used 9108K, committed 9600K, reserved 1048576K
}
Event: 13.019 GC heap after
{Heap after GC invocations=60 (full 0):
 garbage-first heap   total reserved 3604480K, committed 327680K, used 190044K [0x0000000724000000, 0x0000000800000000)
  region size 2048K, 7 young (14336K), 7 survivors (14336K)
 Metaspace       used 78001K, committed 79040K, reserved 1179648K
  class space    used 9108K, committed 9600K, reserved 1048576K
}

Dll operation events (8 events):
Event: 0.011 Loaded shared library C:\Program Files\Java\jdk-23\bin\java.dll
Event: 0.047 Loaded shared library C:\Program Files\Java\jdk-23\bin\jsvml.dll
Event: 0.101 Loaded shared library C:\Program Files\Java\jdk-23\bin\net.dll
Event: 0.105 Loaded shared library C:\Program Files\Java\jdk-23\bin\nio.dll
Event: 0.116 Loaded shared library C:\Program Files\Java\jdk-23\bin\zip.dll
Event: 0.266 Loaded shared library C:\Program Files\Java\jdk-23\bin\jimage.dll
Event: 1.306 Loaded shared library C:\Program Files\Java\jdk-23\bin\verify.dll
Event: 2.418 Loaded shared library C:\Users\Haqii\AppData\Local\Temp\sqlite-3.41.2.1-a6adbb83-205d-4f68-a09e-17c58ed8ac2b-sqlitejdbc.dll

Deoptimization events (20 events):
Event: 12.688 Thread 0x00000209fe9da7c0 DEOPT PACKING pc=0x000002099ee5e5c0 sp=0x00000045cb4fc340
Event: 12.688 Thread 0x00000209fe9da7c0 DEOPT UNPACKING pc=0x000002099e104402 sp=0x00000045cb4fc268 mode 2
Event: 12.688 Thread 0x00000209fe9da7c0 Uncommon trap: trap_request=0xffffffde fr.pc=0x000002099ee0ed94 relative=0x0000000000000074
Event: 12.688 Thread 0x00000209fe9da7c0 Uncommon trap: reason=class_check action=maybe_recompile pc=0x000002099ee0ed94 method=com.intellij.psi.impl.compiled.FirstPassData.isSyntheticRecordMethod(Ljava/lang/String;Ljava/lang/String;)Z @ 20 c2
Event: 12.688 Thread 0x00000209fe9da7c0 DEOPT PACKING pc=0x000002099ee0ed94 sp=0x00000045cb4fc2b0
Event: 12.688 Thread 0x00000209fe9da7c0 DEOPT UNPACKING pc=0x000002099e104402 sp=0x00000045cb4fc260 mode 2
Event: 12.749 Thread 0x00000209fe9da7c0 Uncommon trap: trap_request=0xffffff45 fr.pc=0x000002099ec624a4 relative=0x00000000000004c4
Event: 12.749 Thread 0x00000209fe9da7c0 Uncommon trap: reason=unstable_if action=reinterpret pc=0x000002099ec624a4 method=com.intellij.psi.impl.compiled.SignatureParsing.parseTypeWithoutVarianceToTypeInfo(Lcom/intellij/psi/impl/compiled/SignatureParsing$CharIterator;Lcom/intellij/psi/impl/compi
Event: 12.749 Thread 0x00000209fe9da7c0 DEOPT PACKING pc=0x000002099ec624a4 sp=0x00000045cb4fc8e0
Event: 12.749 Thread 0x00000209fe9da7c0 DEOPT UNPACKING pc=0x000002099e104402 sp=0x00000045cb4fc880 mode 2
Event: 13.012 Thread 0x00000209fe9da7c0 DEOPT PACKING pc=0x0000020997d1db68 sp=0x00000045cb4fd7a0
Event: 13.012 Thread 0x00000209fe9da7c0 DEOPT UNPACKING pc=0x000002099e104b22 sp=0x00000045cb4fcbc8 mode 0
Event: 13.106 Thread 0x00000209fe9da7c0 Uncommon trap: trap_request=0xffffffde fr.pc=0x000002099ed945ac relative=0x0000000000002a8c
Event: 13.106 Thread 0x00000209fe9da7c0 Uncommon trap: reason=class_check action=maybe_recompile pc=0x000002099ed945ac method=com.intellij.psi.impl.compiled.StubBuildingVisitor.visitMethod(ILjava/lang/String;Ljava/lang/String;Ljava/lang/String;[Ljava/lang/String;)Lorg/jetbrains/org/objectweb/as
Event: 13.106 Thread 0x00000209fe9da7c0 DEOPT PACKING pc=0x000002099ed945ac sp=0x00000045cb4fce60
Event: 13.106 Thread 0x00000209fe9da7c0 DEOPT UNPACKING pc=0x000002099e104402 sp=0x00000045cb4fcdc8 mode 2
Event: 13.108 Thread 0x00000209fe9da7c0 Uncommon trap: trap_request=0xffffffde fr.pc=0x000002099ed945ac relative=0x0000000000002a8c
Event: 13.108 Thread 0x00000209fe9da7c0 Uncommon trap: reason=class_check action=maybe_recompile pc=0x000002099ed945ac method=com.intellij.psi.impl.compiled.StubBuildingVisitor.visitMethod(ILjava/lang/String;Ljava/lang/String;Ljava/lang/String;[Ljava/lang/String;)Lorg/jetbrains/org/objectweb/as
Event: 13.108 Thread 0x00000209fe9da7c0 DEOPT PACKING pc=0x000002099ed945ac sp=0x00000045cb4fce60
Event: 13.108 Thread 0x00000209fe9da7c0 DEOPT UNPACKING pc=0x000002099e104402 sp=0x00000045cb4fcdc8 mode 2

Classes loaded (20 events):
Event: 11.762 Loading class java/text/MessageFormat$FormatStyle
Event: 11.762 Loading class java/text/MessageFormat$FormatStyle done
Event: 11.763 Loading class java/text/ChoiceFormat
Event: 11.763 Loading class java/text/ChoiceFormat done
Event: 11.764 Loading class java/util/stream/ReferencePipeline$6
Event: 11.764 Loading class java/util/stream/DoublePipeline$StatelessOp
Event: 11.764 Loading class java/util/stream/DoublePipeline
Event: 11.766 Loading class java/util/stream/DoublePipeline done
Event: 11.766 Loading class java/util/stream/DoublePipeline$StatelessOp done
Event: 11.766 Loading class java/util/stream/ReferencePipeline$6 done
Event: 11.766 Loading class java/util/stream/Nodes$DoubleFixedNodeBuilder
Event: 11.766 Loading class java/util/stream/Node$Builder$OfDouble
Event: 11.766 Loading class java/util/stream/Sink$OfDouble
Event: 11.766 Loading class java/util/stream/Sink$OfDouble done
Event: 11.766 Loading class java/util/stream/Node$Builder$OfDouble done
Event: 11.766 Loading class java/util/stream/Nodes$DoubleArrayNode
Event: 11.767 Loading class java/util/stream/Nodes$DoubleArrayNode done
Event: 11.767 Loading class java/util/stream/Nodes$DoubleFixedNodeBuilder done
Event: 11.767 Loading class java/util/stream/ReferencePipeline$6$1
Event: 11.767 Loading class java/util/stream/ReferencePipeline$6$1 done

Classes unloaded (0 events):
No events

Classes redefined (0 events):
No events

Internal exceptions (20 events):
Event: 7.479 Thread 0x00000209804a4f20 Exception <a 'java/lang/NoSuchMethodError'{0x0000000729d8f458}: 'java.lang.Object java.lang.invoke.Invokers$Holder.linkToTargetMethod(java.lang.Object, java.lang.Object, java.lang.Object, java.lang.Object, int, java.lang.Object, java.lang.Object)'> (0x0000000729d8f458) 
thrown [s\open\src\hotspot\share\interpreter\linkResolver.cpp, line 796]
Event: 8.306 Thread 0x00000209804a4f20 Exception <a 'java/lang/NoSuchMethodError'{0x000000072fe7f0d8}: 'java.lang.Object java.lang.invoke.DirectMethodHandle$Holder.invokeStatic(java.lang.Object, java.lang.Object, int, java.lang.Object)'> (0x000000072fe7f0d8) 
thrown [s\open\src\hotspot\share\interpreter\linkResolver.cpp, line 796]
Event: 8.307 Thread 0x00000209804a4f20 Exception <a 'java/lang/NoSuchMethodError'{0x000000072fe85f88}: 'java.lang.Object java.lang.invoke.DirectMethodHandle$Holder.newInvokeSpecial(java.lang.Object, java.lang.Object, int, java.lang.Object)'> (0x000000072fe85f88) 
thrown [s\open\src\hotspot\share\interpreter\linkResolver.cpp, line 796]
Event: 8.307 Thread 0x00000209804a4f20 Exception <a 'java/lang/NoSuchMethodError'{0x000000072fe89e50}: 'java.lang.Object java.lang.invoke.DirectMethodHandle$Holder.invokeSpecial(java.lang.Object, java.lang.Object, java.lang.Object, int, java.lang.Object)'> (0x000000072fe89e50) 
thrown [s\open\src\hotspot\share\interpreter\linkResolver.cpp, line 796]
Event: 8.307 Thread 0x00000209804a4f20 Exception <a 'java/lang/NoSuchMethodError'{0x000000072fe8d828}: 'java.lang.Object java.lang.invoke.Invokers$Holder.linkToTargetMethod(java.lang.Object, int, java.lang.Object, java.lang.Object)'> (0x000000072fe8d828) 
thrown [s\open\src\hotspot\share\interpreter\linkResolver.cpp, line 796]
Event: 8.413 Thread 0x00000209804a4f20 Exception <a 'java/lang/NoSuchMethodError'{0x00000007297e7aa0}: 'java.lang.Object java.lang.invoke.DirectMethodHandle$Holder.invokeStatic(java.lang.Object, int, java.lang.Object)'> (0x00000007297e7aa0) 
thrown [s\open\src\hotspot\share\interpreter\linkResolver.cpp, line 796]
Event: 8.538 Thread 0x00000209804a4f20 Implicit null exception at 0x000002099ebc1900 to 0x000002099ebc1c0c
Event: 8.619 Thread 0x00000209804a4f20 Implicit null exception at 0x000002099eb8c538 to 0x000002099eb8ca8c
Event: 8.682 Thread 0x00000209804a4f20 Implicit null exception at 0x000002099ebcb37a to 0x000002099ebcbaf1
Event: 8.696 Thread 0x00000209804a4f20 Exception <a 'java/lang/NoSuchMethodError'{0x0000000731adf048}: 'java.lang.Object java.lang.invoke.DirectMethodHandle$Holder.newInvokeSpecial(java.lang.Object, java.lang.Object, java.lang.Object, java.lang.Object, int, int)'> (0x0000000731adf048) 
thrown [s\open\src\hotspot\share\interpreter\linkResolver.cpp, line 796]
Event: 8.992 Thread 0x00000209804a4f20 Exception <a 'java/lang/NoSuchMethodError'{0x000000072a9c8368}: 'java.lang.Object java.lang.invoke.DirectMethodHandle$Holder.newInvokeSpecial(java.lang.Object, int, java.lang.Object, java.lang.Object)'> (0x000000072a9c8368) 
thrown [s\open\src\hotspot\share\interpreter\linkResolver.cpp, line 796]
Event: 8.992 Thread 0x00000209804a4f20 Exception <a 'java/lang/NoSuchMethodError'{0x000000072a9ccf68}: 'java.lang.Object java.lang.invoke.DirectMethodHandle$Holder.invokeSpecial(java.lang.Object, java.lang.Object, int, java.lang.Object, java.lang.Object)'> (0x000000072a9ccf68) 
thrown [s\open\src\hotspot\share\interpreter\linkResolver.cpp, line 796]
Event: 9.004 Thread 0x00000209804a4f20 Implicit null exception at 0x000002099ec313e0 to 0x000002099ec3193c
Event: 9.453 Thread 0x00000209804a4f20 Exception <a 'java/lang/NoSuchMethodError'{0x000000072a7c4658}: 'int java.lang.invoke.DirectMethodHandle$Holder.invokeStatic(java.lang.Object, java.lang.Object, int, java.lang.Object)'> (0x000000072a7c4658) 
thrown [s\open\src\hotspot\share\interpreter\linkResolver.cpp, line 796]
Event: 9.455 Thread 0x00000209804a4f20 Exception <a 'java/lang/IncompatibleClassChangeError'{0x000000072a7dc7a0}: Found class java.lang.Object, but interface was expected> (0x000000072a7dc7a0) 
thrown [s\open\src\hotspot\share\interpreter\linkResolver.cpp, line 863]
Event: 9.455 Thread 0x00000209804a4f20 Exception <a 'java/lang/NoSuchMethodError'{0x000000072a7df5b8}: 'int java.lang.invoke.DirectMethodHandle$Holder.invokeSpecialIFC(java.lang.Object, java.lang.Object, java.lang.Object)'> (0x000000072a7df5b8) 
thrown [s\open\src\hotspot\share\interpreter\linkResolver.cpp, line 796]
Event: 9.488 Thread 0x00000209804a4f20 Exception <a 'java/lang/NoSuchMethodError'{0x0000000729e2bab0}: 'java.lang.Object java.lang.invoke.DirectMethodHandle$Holder.invokeStatic(java.lang.Object, int, int, java.lang.Object)'> (0x0000000729e2bab0) 
thrown [s\open\src\hotspot\share\interpreter\linkResolver.cpp, line 796]
Event: 11.719 Thread 0x00000209804a4f20 Exception <a 'java/lang/NoSuchMethodError'{0x000000072f89a8b0}: 'long java.lang.invoke.DirectMethodHandle$Holder.invokeStatic(java.lang.Object, java.lang.Object)'> (0x000000072f89a8b0) 
thrown [s\open\src\hotspot\share\interpreter\linkResolver.cpp, line 796]
Event: 11.763 Thread 0x00000209804a4f20 Exception <a 'java/lang/NoSuchMethodError'{0x000000072f2d17a0}: 'double java.lang.invoke.DirectMethodHandle$Holder.invokeStatic(java.lang.Object, java.lang.Object)'> (0x000000072f2d17a0) 
thrown [s\open\src\hotspot\share\interpreter\linkResolver.cpp, line 796]
Event: 12.688 Thread 0x00000209fe9da7c0 Implicit null exception at 0x000002099ebe572a to 0x000002099ebe57cc

VM Operations (20 events):
Event: 11.781 Executing VM operation: G1CollectForAllocation (G1 Evacuation Pause)
Event: 11.785 Executing VM operation: G1CollectForAllocation (G1 Evacuation Pause) done
Event: 12.096 Executing VM operation: G1CollectForAllocation (G1 Evacuation Pause)
Event: 12.101 Executing VM operation: G1CollectForAllocation (G1 Evacuation Pause) done
Event: 12.184 Executing VM operation: G1PauseRemark
Event: 12.190 Executing VM operation: G1PauseRemark done
Event: 12.211 Executing VM operation: G1PauseCleanup
Event: 12.212 Executing VM operation: G1PauseCleanup done
Event: 12.412 Executing VM operation: G1CollectForAllocation (G1 Evacuation Pause)
Event: 12.418 Executing VM operation: G1CollectForAllocation (G1 Evacuation Pause) done
Event: 12.648 Executing VM operation: G1CollectForAllocation (G1 Evacuation Pause)
Event: 12.655 Executing VM operation: G1CollectForAllocation (G1 Evacuation Pause) done
Event: 12.765 Executing VM operation: G1CollectForAllocation (G1 Evacuation Pause)
Event: 12.770 Executing VM operation: G1CollectForAllocation (G1 Evacuation Pause) done
Event: 12.864 Executing VM operation: G1PauseRemark
Event: 12.868 Executing VM operation: G1PauseRemark done
Event: 12.890 Executing VM operation: G1PauseCleanup
Event: 12.890 Executing VM operation: G1PauseCleanup done
Event: 13.013 Executing VM operation: G1CollectForAllocation (G1 Evacuation Pause)
Event: 13.019 Executing VM operation: G1CollectForAllocation (G1 Evacuation Pause) done

Memory protections (0 events):
No events

Nmethod flushes (20 events):
Event: 12.867 Thread 0x00000209ad92cec0 flushing  nmethod 0x0000020996ed4988
Event: 12.867 Thread 0x00000209ad92cec0 flushing  nmethod 0x000002099752ec88
Event: 12.867 Thread 0x00000209ad92cec0 flushing  nmethod 0x0000020997652108
Event: 12.867 Thread 0x00000209ad92cec0 flushing  nmethod 0x00000209977e1788
Event: 12.867 Thread 0x00000209ad92cec0 flushing  nmethod 0x000002099794d108
Event: 12.867 Thread 0x00000209ad92cec0 flushing  nmethod 0x000002099794df88
Event: 12.867 Thread 0x00000209ad92cec0 flushing  nmethod 0x000002099794e408
Event: 12.867 Thread 0x00000209ad92cec0 flushing  nmethod 0x00000209984d2808
Event: 12.867 Thread 0x00000209ad92cec0 flushing  nmethod 0x00000209987a0388
Event: 12.867 Thread 0x00000209ad92cec0 flushing  nmethod 0x000002099ea19608
Event: 12.867 Thread 0x00000209ad92cec0 flushing  nmethod 0x000002099eb3e288
Event: 12.867 Thread 0x00000209ad92cec0 flushing  nmethod 0x0000020996cf5d88
Event: 12.867 Thread 0x00000209ad92cec0 flushing  nmethod 0x0000020997350988
Event: 12.867 Thread 0x00000209ad92cec0 flushing  nmethod 0x00000209975b9688
Event: 12.867 Thread 0x00000209ad92cec0 flushing  nmethod 0x00000209976a5008
Event: 12.867 Thread 0x00000209ad92cec0 flushing  nmethod 0x00000209978d3608
Event: 12.867 Thread 0x00000209ad92cec0 flushing  nmethod 0x0000020997968e88
Event: 12.867 Thread 0x00000209ad92cec0 flushing  nmethod 0x000002099796ba88
Event: 12.867 Thread 0x00000209ad92cec0 flushing  nmethod 0x0000020997bb0f08
Event: 12.867 Thread 0x00000209ad92cec0 flushing  nmethod 0x000002099891f208

Events (20 events):
Event: 0.085 Thread 0x00000209ad97bc50 Thread added: 0x00000209ada6d690
Event: 0.091 Thread 0x000002098c2bc320 Thread added: 0x00000209adacd510
Event: 0.096 Thread 0x000002098c2bc320 Thread added: 0x00000209adad2de0
Event: 0.496 Thread 0x00000209ad97bc50 Thread added: 0x00000209f3157560
Event: 0.496 Thread 0x00000209ad97bc50 Thread added: 0x00000209f3157c20
Event: 0.595 Thread 0x00000209ada6d690 Thread added: 0x00000209f334a9a0
Event: 1.693 Thread 0x00000209ad97bc50 Thread added: 0x00000209fdcd6010
Event: 2.005 Thread 0x000002098c2bc320 Thread added: 0x00000209fec5a810
Event: 2.006 Thread 0x00000209fec5a810 Thread exited: 0x00000209fec5a810
Event: 2.247 Thread 0x000002098c2bc320 Thread added: 0x00000209f4a03fc0
Event: 2.248 Thread 0x000002098c2bc320 Thread exited: 0x000002098c2bc320
Event: 2.248 Thread 0x000002098c2bc320 Thread added: 0x000002098c2bc320
Event: 2.300 Thread 0x00000209f4a03fc0 Thread added: 0x00000209f452c1f0
Event: 2.680 Thread 0x00000209f452c1f0 Thread added: 0x00000209ff22a6e0
Event: 2.894 Thread 0x00000209f452c1f0 Thread added: 0x00000209804a4f20
Event: 2.938 Thread 0x00000209f4a03fc0 Thread added: 0x00000209804a55b0
Event: 5.534 Thread 0x00000209fdcd6010 Thread exited: 0x00000209fdcd6010
Event: 6.285 Thread 0x00000209804a55b0 Thread added: 0x00000209feab8cc0
Event: 6.471 Thread 0x00000209ad97bc50 Thread added: 0x00000209ff041500
Event: 11.740 Thread 0x00000209f4a03fc0 Thread added: 0x00000209fe9da7c0


Dynamic libraries:
0x00007ff78c480000 - 0x00007ff78c490000 	C:\Program Files\Java\jdk-23\bin\java.exe
0x00007ffa6a2f0000 - 0x00007ffa6a4e8000 	C:\Windows\SYSTEM32\ntdll.dll
0x00007ffa6a180000 - 0x00007ffa6a242000 	C:\Windows\System32\KERNEL32.DLL
0x00007ffa68010000 - 0x00007ffa68307000 	C:\Windows\System32\KERNELBASE.dll
0x00007ffa67a00000 - 0x00007ffa67b00000 	C:\Windows\System32\ucrtbase.dll
0x00007ffa454e0000 - 0x00007ffa454f7000 	C:\Program Files\Java\jdk-23\bin\jli.dll
0x00007ffa68e20000 - 0x00007ffa68fbd000 	C:\Windows\System32\USER32.dll
0x00007ffa67fe0000 - 0x00007ffa68002000 	C:\Windows\System32\win32u.dll
0x00007ffa69230000 - 0x00007ffa6925b000 	C:\Windows\System32\GDI32.dll
0x00007ffa67ec0000 - 0x00007ffa67fd9000 	C:\Windows\System32\gdi32full.dll
0x00007ffa67ce0000 - 0x00007ffa67d7d000 	C:\Windows\System32\msvcp_win.dll
0x00007ffa42f70000 - 0x00007ffa42f8b000 	C:\Program Files\Java\jdk-23\bin\VCRUNTIME140.dll
0x00007ffa54ca0000 - 0x00007ffa54f3a000 	C:\Windows\WinSxS\amd64_microsoft.windows.common-controls_6595b64144ccf1df_6.0.19041.5915_none_60b4b9d171f9c7c7\COMCTL32.dll
0x00007ffa69340000 - 0x00007ffa693de000 	C:\Windows\System32\msvcrt.dll
0x00007ffa68fc0000 - 0x00007ffa68fef000 	C:\Windows\System32\IMM32.DLL
0x00007ffa49110000 - 0x00007ffa4911c000 	C:\Program Files\Java\jdk-23\bin\vcruntime140_1.dll
0x00007ff9f4420000 - 0x00007ff9f44ae000 	C:\Program Files\Java\jdk-23\bin\msvcp140.dll
0x00007ff9b88c0000 - 0x00007ff9b960f000 	C:\Program Files\Java\jdk-23\bin\server\jvm.dll
0x00007ffa69260000 - 0x00007ffa69311000 	C:\Windows\System32\ADVAPI32.dll
0x00007ffa68310000 - 0x00007ffa683af000 	C:\Windows\System32\sechost.dll
0x00007ffa68ad0000 - 0x00007ffa68bf6000 	C:\Windows\System32\RPCRT4.dll
0x00007ffa679d0000 - 0x00007ffa679f7000 	C:\Windows\System32\bcrypt.dll
0x00007ffa691c0000 - 0x00007ffa6922b000 	C:\Windows\System32\WS2_32.dll
0x00007ffa67730000 - 0x00007ffa6777b000 	C:\Windows\SYSTEM32\POWRPROF.dll
0x00007ffa590d0000 - 0x00007ffa590f7000 	C:\Windows\SYSTEM32\WINMM.dll
0x00007ffa5e720000 - 0x00007ffa5e72a000 	C:\Windows\SYSTEM32\VERSION.dll
0x00007ffa67710000 - 0x00007ffa67722000 	C:\Windows\SYSTEM32\UMPDC.dll
0x00007ffa661a0000 - 0x00007ffa661b2000 	C:\Windows\SYSTEM32\kernel.appcore.dll
0x00007ffa48f10000 - 0x00007ffa48f1a000 	C:\Program Files\Java\jdk-23\bin\jimage.dll
0x00007ffa65960000 - 0x00007ffa65b61000 	C:\Windows\SYSTEM32\DBGHELP.DLL
0x00007ffa50780000 - 0x00007ffa507b4000 	C:\Windows\SYSTEM32\dbgcore.DLL
0x00007ffa67e30000 - 0x00007ffa67eb2000 	C:\Windows\System32\bcryptPrimitives.dll
0x00007ffa42330000 - 0x00007ffa4234e000 	C:\Program Files\Java\jdk-23\bin\java.dll
0x00007ffa68cf0000 - 0x00007ffa68e1b000 	C:\Windows\System32\ole32.dll
0x00007ffa69520000 - 0x00007ffa69873000 	C:\Windows\System32\combase.dll
0x00007ffa69a00000 - 0x00007ffa6a16e000 	C:\Windows\System32\SHELL32.dll
0x00007ffa651b0000 - 0x00007ffa65954000 	C:\Windows\SYSTEM32\windows.storage.dll
0x00007ffa67330000 - 0x00007ffa6735b000 	C:\Windows\SYSTEM32\Wldp.dll
0x00007ffa69930000 - 0x00007ffa699fd000 	C:\Windows\System32\OLEAUT32.dll
0x00007ffa68ff0000 - 0x00007ffa6909d000 	C:\Windows\System32\SHCORE.dll
0x00007ffa68c00000 - 0x00007ffa68c5b000 	C:\Windows\System32\shlwapi.dll
0x00007ffa678b0000 - 0x00007ffa678d4000 	C:\Windows\SYSTEM32\profapi.dll
0x00007ff9f44f0000 - 0x00007ff9f45c7000 	C:\Program Files\Java\jdk-23\bin\jsvml.dll
0x00007ffa48e30000 - 0x00007ffa48e40000 	C:\Program Files\Java\jdk-23\bin\net.dll
0x00007ffa670a0000 - 0x00007ffa6710a000 	C:\Windows\system32\mswsock.dll
0x00007ffa42b40000 - 0x00007ffa42b56000 	C:\Program Files\Java\jdk-23\bin\nio.dll
0x00007ffa42b20000 - 0x00007ffa42b37000 	C:\Program Files\Java\jdk-23\bin\zip.dll
0x00007ffa67290000 - 0x00007ffa672a8000 	C:\Windows\SYSTEM32\CRYPTSP.dll
0x00007ffa66960000 - 0x00007ffa66998000 	C:\Windows\system32\rsaenh.dll
0x00007ffa67830000 - 0x00007ffa6785e000 	C:\Windows\SYSTEM32\USERENV.dll
0x00007ffa676d0000 - 0x00007ffa676dc000 	C:\Windows\SYSTEM32\CRYPTBASE.dll
0x00007ffa66d20000 - 0x00007ffa66d5b000 	C:\Windows\SYSTEM32\IPHLPAPI.DLL
0x00007ffa6a170000 - 0x00007ffa6a178000 	C:\Windows\System32\NSI.dll
0x00007ffa48820000 - 0x00007ffa48830000 	C:\Program Files\Java\jdk-23\bin\verify.dll
0x00007ff9f1ea0000 - 0x00007ff9f1f89000 	C:\Users\Haqii\AppData\Local\Temp\sqlite-3.41.2.1-a6adbb83-205d-4f68-a09e-17c58ed8ac2b-sqlitejdbc.dll

dbghelp: loaded successfully - version: 4.0.5 - missing functions: none
symbol engine: initialized successfully - sym options: 0x614 - pdb path: .;C:\Program Files\Java\jdk-23\bin;C:\Windows\SYSTEM32;C:\Windows\WinSxS\amd64_microsoft.windows.common-controls_6595b64144ccf1df_6.0.19041.5915_none_60b4b9d171f9c7c7;C:\Program Files\Java\jdk-23\bin\server;C:\Users\Haqii\AppData\Local\Temp

VM Arguments:
jvm_args: -DkotlinLanguageServer.version=1.3.13 
java_command: org.javacs.kt.MainKt
java_class_path (initial): c:\Users\Haqii\AppData\Roaming\Code\User\globalStorage\fwcd.kotlin\langServerInstall\server\lib\server-1.3.13.jar;c:\Users\Haqii\AppData\Roaming\Code\User\globalStorage\fwcd.kotlin\langServerInstall\server\lib\shared-1.3.13.jar;c:\Users\Haqii\AppData\Roaming\Code\User\globalStorage\fwcd.kotlin\langServerInstall\server\lib\kotlin-scripting-jvm-host-unshaded-2.1.0.jar;c:\Users\Haqii\AppData\Roaming\Code\User\globalStorage\fwcd.kotlin\langServerInstall\server\lib\kotlin-scripting-compiler-2.1.0.jar;c:\Users\Haqii\AppData\Roaming\Code\User\globalStorage\fwcd.kotlin\langServerInstall\server\lib\ktfmt-b5d31d1.jar;c:\Users\Haqii\AppData\Roaming\Code\User\globalStorage\fwcd.kotlin\langServerInstall\server\lib\kotlin-compiler-2.1.0.jar;c:\Users\Haqii\AppData\Roaming\Code\User\globalStorage\fwcd.kotlin\langServerInstall\server\lib\exposed-dao-0.37.3.jar;c:\Users\Haqii\AppData\Roaming\Code\User\globalStorage\fwcd.kotlin\langServerInstall\server\lib\exposed-jdbc-0.37.3.jar;c:\Users\Haqii\AppData\Roaming\Code\User\globalStorage\fwcd.kotlin\langServerInstall\server\lib\exposed-core-0.37.3.jar;c:\Users\Haqii\AppData\Roaming\Code\User\globalStorage\fwcd.kotlin\langServerInstall\server\lib\kotlin-scripting-compiler-impl-2.1.0.jar;c:\Users\Haqii\AppData\Roaming\Code\User\globalStorage\fwcd.kotlin\langServerInstall\server\lib\kotlin-reflect-2.1.0.jar;c:\Users\Haqii\AppData\Roaming\Code\User\globalStorage\fwcd.kotlin\langServerInstall\server\lib\kotlin-scripting-jvm-2.1.0.jar;c:\Users\Haqii\AppData\Roaming\Code\User\globalStorage\fwcd.kotlin\langServerInstall\server\lib\kotlin-scripting-common-2.1.0.jar;c:\Users\Haqii\AppData\Roaming\Code\User\globalStorage\fwcd.kotlin\langServerInstall\server\lib\kotlinx-coroutines-core-jvm-1.6.4.jar;c:\Users\Haqii\AppData\Roaming\Code\User\globalStorage\fwcd.kotlin\langServerInstall\server\lib\kotlin-stdlib-jdk8-2.1.0.jar;c:\Users\Haqii\AppData\Roaming\Code\User\globalStorage\fwcd.kotlin\langServerInstall\server\lib\kotlin-stdlib-jdk7-2.1.0.jar;c:\Users\Haqii\AppData\Roaming\Code\User\globalStorage\fwcd.kotlin\langServerInstall\server\lib\kotlin-stdlib-2.1.0.jar;c:\Users\Haqii\AppData\Roaming\Code\User\globalStorage\fwcd.kotlin\langServerInstall\server\lib\org.eclipse.lsp4j-0.21.2.jar;c:\Users\Haqii\AppData\Roaming\Code\User\globalStorage\fwcd.kotlin\langServerInstall\server\lib\org.eclipse.lsp4j.jsonrpc-0.21.2.jar;c:\Users\Haqii\AppData\Roaming\Code\User\globalStorage\fwcd.kotlin\langServerInstall\server\lib\kotlin-sam-with-receiver-compiler-plugin-2.1.0.jar;c:\Users\Haqii\AppData\Roaming\Code\User\globalStorage\fwcd.kotlin\langServerInstall\server\lib\fernflower-1.0.jar;c:\Users\Haqii\AppData\Roaming\Code\User\globalStorage\fwcd.kotlin\langServerInstall\server\lib\h2-1.4.200.jar;c:\Users\Haqii\AppData\Roaming\Code\User\globalStorage\fwcd.kotlin\langServerInstall\server\lib\jcommander-1.78.jar;c:\Users\Haqii\AppData\Roaming\Code\User\globalStorage\fwcd.kotlin\langServerInstall\server\lib\sqlite-jdbc-3.41.2.1.jar;c:\Users\Haqii\AppData\Roaming\Code\User\globalStorage\fwcd.kotlin\langServerInstall\server\lib\google-java-format-1.8.jar;c:\Users\Haqii\AppData\Roaming\Code\User\globalStorage\fwcd.kotlin\langServerInstall\server\lib\guava-33.3.0-jre.jar;c:\Users\Haqii\AppData\Roaming\Code\User\globalStorage\fwcd.kotlin\langServerInstall\server\lib\annotations-13.0.jar;c:\Users\Haqii\AppData\Roaming\Code\User\globalStorage\fwcd.kotlin\langServerInstall\server\lib\gson-2.10.1.jar;c:\Users\Haqii\AppData\Roaming\Code\User\globalStorage\fwcd.kotlin\langServerInstall\server\lib\kotlin-script-runtime-2.1.0.jar;c:\Users\Haqii\AppData\Roaming\Code\User\globalStorage\fwcd.kotlin\langServerInstall\server\lib\trove4j-1.0.20200330.jar;c:\Users\Haqii\AppData\Roaming\Code\User\globalStorage\fwcd.kotlin\langServerInstall\server\lib\jline-3.24.1.jar;c:\Users\Haqii\AppData\Roaming\Code\User\globalStorage\fwcd.kotlin\langServerInstall\server\lib\slf4j-api-1.7.25.jar;c:\Users\Haqii\AppData\Roaming\Code\User\globalStorage\fwcd.kotlin\langServerInstall\server\lib\jna-4.2.2.jar;c:\Users\Haqii\AppData\Roaming\Code\User\globalStorage\fwcd.kotlin\langServerInstall\server\lib\failureaccess-1.0.2.jar;c:\Users\Haqii\AppData\Roaming\Code\User\globalStorage\fwcd.kotlin\langServerInstall\server\lib\listenablefuture-9999.0-empty-to-avoid-conflict-with-guava.jar;c:\Users\Haqii\AppData\Roaming\Code\User\globalStorage\fwcd.kotlin\langServerInstall\server\lib\jsr305-3.0.2.jar;c:\Users\Haqii\AppData\Roaming\Code\User\globalStorage\fwcd.kotlin\langServerInstall\server\lib\checker-qual-3.43.0.jar;c:\Users\Haqii\AppData\Roaming\Code\User\globalStorage\fwcd.kotlin\langServerInstall\server\lib\error_prone_annotations-2.28.0.jar
Launcher Type: SUN_STANDARD

[Global flags]
     intx CICompilerCount                          = 12                                        {product} {ergonomic}
     uint ConcGCThreads                            = 3                                         {product} {ergonomic}
     uint G1ConcRefinementThreads                  = 13                                        {product} {ergonomic}
   size_t G1HeapRegionSize                         = 2097152                                   {product} {ergonomic}
   size_t InitialHeapSize                          = 230686720                                 {product} {ergonomic}
   size_t MarkStackSize                            = 4194304                                   {product} {ergonomic}
   size_t MarkStackSizeMax                         = 536870912                                 {product} {ergonomic}
   size_t MaxHeapSize                              = 3690987520                                {product} {ergonomic}
   size_t MaxNewSize                               = 2214592512                                {product} {ergonomic}
   size_t MinHeapDeltaBytes                        = 2097152                                   {product} {ergonomic}
   size_t MinHeapSize                              = 8388608                                   {product} {ergonomic}
    uintx NonNMethodCodeHeapSize                   = 7602176                                {pd product} {ergonomic}
    uintx NonProfiledCodeHeapSize                  = 122093568                              {pd product} {ergonomic}
    uintx ProfiledCodeHeapSize                     = 121962496                              {pd product} {ergonomic}
    uintx ReservedCodeCacheSize                    = 251658240                              {pd product} {ergonomic}
     bool SegmentedCodeCache                       = true                                      {product} {ergonomic}
   size_t SoftMaxHeapSize                          = 3690987520                             {manageable} {ergonomic}
     bool UseCompressedOops                        = true                           {product lp64_product} {ergonomic}
     bool UseG1GC                                  = true                                      {product} {ergonomic}
     bool UseLargePagesIndividualAllocation        = false                                  {pd product} {ergonomic}

Logging:
Log output configuration:
 #0: stdout all=warning uptime,level,tags foldmultilines=false
 #1: stderr all=off uptime,level,tags foldmultilines=false

Environment Variables:
CLASSPATH=c:\Users\Haqii\AppData\Roaming\Code\User\globalStorage\fwcd.kotlin\langServerInstall\server\lib\server-1.3.13.jar;c:\Users\Haqii\AppData\Roaming\Code\User\globalStorage\fwcd.kotlin\langServerInstall\server\lib\shared-1.3.13.jar;c:\Users\Haqii\AppData\Roaming\Code\User\globalStorage\fwcd.kotlin\langServerInstall\server\lib\kotlin-scripting-jvm-host-unshaded-2.1.0.jar;c:\Users\Haqii\AppData\Roaming\Code\User\globalStorage\fwcd.kotlin\langServerInstall\server\lib\kotlin-scripting-compiler-2.1.0.jar;c:\Users\Haqii\AppData\Roaming\Code\User\globalStorage\fwcd.kotlin\langServerInstall\server\lib\ktfmt-b5d31d1.jar;c:\Users\Haqii\AppData\Roaming\Code\User\globalStorage\fwcd.kotlin\langServerInstall\server\lib\kotlin-compiler-2.1.0.jar;c:\Users\Haqii\AppData\Roaming\Code\User\globalStorage\fwcd.kotlin\langServerInstall\server\lib\exposed-dao-0.37.3.jar;c:\Users\Haqii\AppData\Roaming\Code\User\globalStorage\fwcd.kotlin\langServerInstall\server\lib\exposed-jdbc-0.37.3.jar;c:\Users\Haqii\AppData\Roaming\Code\User\globalStorage\fwcd.kotlin\langServerInstall\server\lib\exposed-core-0.37.3.jar;c:\Users\Haqii\AppData\Roaming\Code\User\globalStorage\fwcd.kotlin\langServerInstall\server\lib\kotlin-scripting-compiler-impl-2.1.0.jar;c:\Users\Haqii\AppData\Roaming\Code\User\globalStorage\fwcd.kotlin\langServerInstall\server\lib\kotlin-reflect-2.1.0.jar;c:\Users\Haqii\AppData\Roaming\Code\User\globalStorage\fwcd.kotlin\langServerInstall\server\lib\kotlin-scripting-jvm-2.1.0.jar;c:\Users\Haqii\AppData\Roaming\Code\User\globalStorage\fwcd.kotlin\langServerInstall\server\lib\kotlin-scripting-common-2.1.0.jar;c:\Users\Haqii\AppData\Roaming\Code\User\globalStorage\fwcd.kotlin\langServerInstall\server\lib\kotlinx-coroutines-core-jvm-1.6.4.jar;c:\Users\Haqii\AppData\Roaming\Code\User\globalStorage\fwcd.kotlin\langServerInstall\server\lib\kotlin-stdlib-jdk8-2.1.0.jar;c:\Users\Haqii\AppData\Roaming\Code\User\globalStorage\fwcd.kotlin\langServerInstall\server\lib\kotlin-stdlib-jdk7-2.1.0.jar;c:\Users\Haqii\AppData\Roaming\Code\User\globalStorage\fwcd.kotlin\langServerInstall\server\lib\kotlin-stdlib-2.1.0.jar;c:\Users\Haqii\AppData\Roaming\Code\User\globalStorage\fwcd.kotlin\langServerInstall\server\lib\org.eclipse.lsp4j-0.21.2.jar;c:\Users\Haqii\AppData\Roaming\Code\User\globalStorage\fwcd.kotlin\langServerInstall\server\lib\org.eclipse.lsp4j.jsonrpc-0.21.2.jar;c:\Users\Haqii\AppData\Roaming\Code\User\globalStorage\fwcd.kotlin\langServerInstall\server\lib\kotlin-sam-with-receiver-compiler-plugin-2.1.0.jar;c:\Users\Haqii\AppData\Roaming\Code\User\globalStorage\fwcd.kotlin\langServerInstall\server\lib\fernflower-1.0.jar;c:\Users\Haqii\AppData\Roaming\Code\User\globalStorage\fwcd.kotlin\langServerInstall\server\lib\h2-1.4.200.jar;c:\Users\Haqii\AppData\Roaming\Code\User\globalStorage\fwcd.kotlin\langServerInstall\server\lib\jcommander-1.78.jar;c:\Users\Haqii\AppData\Roaming\Code\User\globalStorage\fwcd.kotlin\langServerInstall\server\lib\sqlite-jdbc-3.41.2.1.jar;c:\Users\Haqii\AppData\Roaming\Code\User\globalStorage\fwcd.kotlin\langServerInstall\server\lib\google-java-format-1.8.jar;c:\Users\Haqii\AppData\Roaming\Code\User\globalStorage\fwcd.kotlin\langServerInstall\server\lib\guava-33.3.0-jre.jar;c:\Users\Haqii\AppData\Roaming\Code\User\globalStorage\fwcd.kotlin\langServerInstall\server\lib\annotations-13.0.jar;c:\Users\Haqii\AppData\Roaming\Code\User\globalStorage\fwcd.kotlin\langServerInstall\server\lib\gson-2.10.1.jar;c:\Users\Haqii\AppData\Roaming\Code\User\globalStorage\fwcd.kotlin\langServerInstall\server\lib\kotlin-script-runtime-2.1.0.jar;c:\Users\Haqii\AppData\Roaming\Code\User\globalStorage\fwcd.kotlin\langServerInstall\server\lib\trove4j-1.0.20200330.jar;c:\Users\Haqii\AppData\Roaming\Code\User\globalStorage\fwcd.kotlin\langServerInstall\server\lib\jline-3.24.1.jar;c:\Users\Haqii\AppData\Roaming\Code\User\globalStorage\fwcd.kotlin\langServerInstall\server\lib\slf4j-api-1.7.25.jar;c:\Users\Haqii\AppData\Roaming\Code\User\globalStorage\fwcd.kotlin\langServerInstall\server\lib\jna-4.2.2.jar;c:\Users\Haqii\AppData\Roaming\Code\User\globalStorage\fwcd.kotlin\langServerInstall\server\lib\failureaccess-1.0.2.jar;c:\Users\Haqii\AppData\Roaming\Code\User\globalStorage\fwcd.kotlin\langServerInstall\server\lib\listenablefuture-9999.0-empty-to-avoid-conflict-with-guava.jar;c:\Users\Haqii\AppData\Roaming\Code\User\globalStorage\fwcd.kotlin\langServerInstall\server\lib\jsr305-3.0.2.jar;c:\Users\Haqii\AppData\Roaming\Code\User\globalStorage\fwcd.kotlin\langServerInstall\server\lib\checker-qual-3.43.0.jar;c:\Users\Haqii\AppData\Roaming\Code\User\globalStorage\fwcd.kotlin\langServerInstall\server\lib\error_prone_annotations-2.28.0.jar
PATH=C:\Program Files\Common Files\Oracle\Java\javapath;C:\Windows\system32;C:\Windows;C:\Windows\System32\Wbem;C:\Windows\System32\WindowsPowerShell\v1.0\;C:\Windows\System32\OpenSSH\;C:\xampp\php;C:\ProgramData\ComposerSetup\bin;C:\Program Files\nodejs\;C:\Program Files\Git\cmd;C:\Program Files\dotnet\;C:\ProgramData\chocolatey\bin;c:\Users\Haqii\AppData\Local\Programs\cursor\resources\app\codeBin;C:\Users\Haqii\AppData\Local\Programs\Python\Launcher\;c:\Users\Haqii\AppData\Local\Programs\Trae\bin;C:\Users\Haqii\AppData\Local\Microsoft\WindowsApps;C:\Users\Haqii\AppData\Local\Programs\Microsoft VS Code\bin;C:\Users\Haqii\AppData\Roaming\Composer\vendor\bin;C:\Users\Haqii\AppData\Roaming\npm;C:\msys64\ucrt64\bin;C:\Users\Haqii\AppData\Local\spicetify;C:\xampp\php;C:\Users\Haqii\.deno\bin;C:\Users\Haqii\AppData\Local\Programs\cursor\resources\app\bin
USERNAME=Haqii
OS=Windows_NT
PROCESSOR_IDENTIFIER=AMD64 Family 25 Model 68 Stepping 1, AuthenticAMD
TMP=C:\Users\Haqii\AppData\Local\Temp
TEMP=C:\Users\Haqii\AppData\Local\Temp




Periodic native trim disabled

---------------  S Y S T E M  ---------------

OS:
 Windows 10 , 64 bit Build 19041 (10.0.19041.5915)
OS uptime: 0 days 5:04 hours

CPU: total 16 (initial active 16) (16 cores per cpu, 2 threads per core) family 25 model 68 stepping 1 microcode 0x0, cx8, cmov, fxsr, ht, mmx, 3dnowpref, sse, sse2, sse3, ssse3, sse4a, sse4.1, sse4.2, popcnt, lzcnt, tsc, tscinvbit, avx, avx2, aes, erms, clmul, bmi1, bmi2, adx, sha, fma, vzeroupper, clflush, clflushopt, rdtscp, rdpid, fsrm, f16c, pku, cet_ss
Processor Information for the first 16 processors :
  Max Mhz: 3201, Current Mhz: 3201, Mhz Limit: 3201

Memory: 4k page, system-wide physical 14077M (393M free)
TotalPageFile size 27389M (AvailPageFile size 5M)
current process WorkingSet (physical memory assigned to process): 609M, peak: 609M
current process commit charge ("private bytes"): 643M, peak: 648M

vm_info: Java HotSpot(TM) 64-Bit Server VM (23.0.1+11-39) for windows-amd64 JRE (23.0.1+11-39), built on 2024-09-30T07:20:43Z with MS VC++ 17.6 (VS2022)

END.
